Min X value: -65
Min Y value: -14,1249
Min Z value: -105,0925
Max X value: 66,50088
Max Y value: 14,90855
Max Z value: 105
Key: charpos in X , Y , Z , Time since start capture
0 , 0 , -95 , 12,94
0 , -0,003531575 , -95 , 12,96
0 , -0,0109126 , -95 , 12,98
4,816125E-11 , -0,01818258 , -95 , 13
1,712832E-10 , -0,01963657 , -95 , 13,02
2,663886E-10 , -0,01992738 , -95 , 13,04
3,289422E-10 , -0,0199855 , -95 , 13,06
3,681617E-10 , -0,01999712 , -95 , 13,08
3,92262E-10 , -0,01999944 , -95 , 13,1
4,068762E-10 , -0,01999992 , -95 , 13,12
4,156258E-10 , -0,02000004 , -95 , 13,14
4,207852E-10 , -0,02000004 , -95 , 13,16
4,237673E-10 , -0,02000004 , -95 , 13,18
4,254448E-10 , -0,02000004 , -95 , 13,2
4,263516E-10 , -0,02000004 , -95 , 13,22
4,268116E-10 , -0,02000004 , -95 , 13,24
4,270194E-10 , -0,02000004 , -95 , 13,26
4,2709E-10 , -0,02000004 , -95 , 13,28
4,270903E-10 , -0,02000004 , -95 , 13,3
4,270583E-10 , -0,02000004 , -95 , 13,32
4,270146E-10 , -0,02000004 , -95 , 13,34
4,270146E-10 , -0,02000004 , -95 , 13,36
4,270146E-10 , -0,02000004 , -95 , 13,38
4,270146E-10 , -0,02000004 , -95 , 13,4
4,270146E-10 , -0,02000004 , -95 , 13,42
4,270146E-10 , -0,02000004 , -95 , 13,44
4,270146E-10 , -0,02000004 , -95 , 13,46
4,270146E-10 , -0,02000004 , -95 , 13,48
4,270146E-10 , -0,02000004 , -95 , 13,5
4,270146E-10 , -0,02000004 , -95 , 13,52
4,270146E-10 , -0,02000004 , -95 , 13,54
4,270146E-10 , -0,02000004 , -95 , 13,56
4,270146E-10 , -0,02000004 , -95 , 13,58
4,270146E-10 , -0,02000004 , -95 , 13,6
4,270146E-10 , -0,02000004 , -95 , 13,62
4,270146E-10 , -0,02000004 , -95 , 13,64
4,270146E-10 , -0,02000004 , -95 , 13,66
4,270146E-10 , -0,02000004 , -95 , 13,68
4,270146E-10 , -0,02000004 , -95 , 13,7
4,270146E-10 , -0,02000004 , -95 , 13,72
4,270146E-10 , -0,02000004 , -95 , 13,74
4,270146E-10 , -0,02000004 , -95 , 13,76
4,270146E-10 , -0,02000004 , -95 , 13,78
4,270146E-10 , -0,02000004 , -95 , 13,8
4,270146E-10 , -0,02000004 , -95 , 13,82
4,270146E-10 , -0,02000004 , -95 , 13,84
4,270146E-10 , -0,02000004 , -95 , 13,86
4,270146E-10 , -0,02000004 , -95 , 13,88
4,270146E-10 , -0,02000004 , -95 , 13,9
4,270146E-10 , -0,02000004 , -95 , 13,92
4,270146E-10 , -0,02000004 , -95 , 13,94
4,270146E-10 , -0,02000004 , -95 , 13,96
4,270146E-10 , -0,02000004 , -95 , 13,98
4,270146E-10 , -0,02000004 , -95 , 14
4,270146E-10 , -0,02000004 , -95 , 14,02
4,270146E-10 , -0,02000004 , -95 , 14,04
4,270146E-10 , -0,02000004 , -95 , 14,06
4,270146E-10 , -0,02000004 , -95 , 14,08
4,270146E-10 , -0,02000004 , -95 , 14,1
4,270146E-10 , -0,02000004 , -95 , 14,12
4,270146E-10 , -0,02000004 , -95 , 14,14
4,270146E-10 , -0,02000004 , -95 , 14,16
4,270146E-10 , -0,02000004 , -95 , 14,18
4,270146E-10 , -0,02000004 , -95 , 14,2
4,270146E-10 , -0,02000004 , -95 , 14,22
4,270146E-10 , -0,02000004 , -95 , 14,24
4,270146E-10 , -0,02000004 , -95 , 14,26
4,270146E-10 , -0,02000004 , -95 , 14,28
4,270146E-10 , -0,02000004 , -95 , 14,3
4,270146E-10 , -0,02000004 , -95 , 14,32
4,270146E-10 , -0,02000004 , -95 , 14,34
0,004136341 , -0,02000016 , -94,99043 , 14,36
0,01199751 , -0,0200001 , -94,97226 , 14,38
0,0232185 , -0,02000004 , -94,94633 , 14,4
0,03747579 , -0,02000004 , -94,91345 , 14,42
0,05448189 , -0,02000004 , -94,87431 , 14,44
0,07398145 , -0,02000004 , -94,82954 , 14,46
0,09574697 , -0,02000004 , -94,77972 , 14,48
0,1195761 , -0,02000004 , -94,72536 , 14,5
0,1452883 , -0,02000004 , -94,66693 , 14,52
0,1727221 , -0,02000004 , -94,60486 , 14,54
0,2017331 , -0,02000004 , -94,53951 , 14,56
0,2321916 , -0,02000004 , -94,47124 , 14,58
0,2639811 , -0,02000004 , -94,40035 , 14,6
0,2969964 , -0,02000004 , -94,32712 , 14,62
0,3311042 , -0,01999998 , -94,25176 , 14,64
0,3662228 , -0,01999998 , -94,17452 , 14,66
0,4022784 , -0,01999998 , -94,0956 , 14,68
0,4392036 , -0,01999998 , -94,01516 , 14,7
0,476938 , -0,01999998 , -93,93339 , 14,72
0,515245 , -0,0200001 , -93,85033 , 14,74
0,5539878 , -0,01999992 , -93,76608 , 14,76
0,5928841 , -0,02000004 , -93,68063 , 14,78
0,6316055 , -0,02000004 , -93,59399 , 14,8
0,6697473 , -0,01999998 , -93,50608 , 14,82
0,7069132 , -0,02000016 , -93,41688 , 14,84
0,7424384 , -0,02000016 , -93,32629 , 14,86
0,7761351 , -0,02000016 , -93,23436 , 14,88
0,807503 , -0,02000016 , -93,1411 , 14,9
0,8365017 , -0,02000016 , -93,04659 , 14,92
0,8632113 , -0,0200001 , -92,95094 , 14,94
0,8878179 , -0,0200001 , -92,85426 , 14,96
0,9104348 , -0,02000004 , -92,75665 , 14,98
0,9312091 , -0,02000004 , -92,65818 , 15
0,9501223 , -0,02000004 , -92,55892 , 15,02
0,9671609 , -0,02000004 , -92,45895 , 15,04
0,9822214 , -0,02000004 , -92,3583 , 15,06
0,9954001 , -0,02000004 , -92,25704 , 15,08
1,006735 , -0,01999998 , -92,15524 , 15,1
1,016352 , -0,01999998 , -92,05293 , 15,12
1,024406 , -0,01999998 , -91,95018 , 15,14
1,031037 , -0,01999998 , -91,84702 , 15,16
1,036366 , -0,01999998 , -91,74351 , 15,18
1,040458 , -0,0200001 , -91,63966 , 15,2
1,043414 , -0,02000004 , -91,53552 , 15,22
1,045329 , -0,02000004 , -91,43111 , 15,24
1,046496 , -0,02000004 , -91,32647 , 15,26
1,047103 , -0,02000004 , -91,22161 , 15,28
1,047232 , -0,02000004 , -91,11656 , 15,3
1,047036 , -0,02000004 , -91,01134 , 15,32
1,046616 , -0,02000004 , -90,90598 , 15,34
1,046036 , -0,02000004 , -90,80047 , 15,36
1,045339 , -0,01999998 , -90,69484 , 15,38
1,044552 , -0,0200001 , -90,5891 , 15,4
1,043691 , -0,0200001 , -90,48328 , 15,42
1,04277 , -0,0200001 , -90,37736 , 15,44
1,041797 , -0,0200001 , -90,27136 , 15,46
1,040776 , -0,02000004 , -90,16531 , 15,48
1,040126 , -0,02000004 , -90,0707 , 15,5
1,039712 , -0,02000004 , -89,9864 , 15,52
1,039448 , -0,02000004 , -89,91138 , 15,54
1,039279 , -0,02000004 , -89,84471 , 15,56
1,039172 , -0,02000004 , -89,78555 , 15,58
1,039104 , -0,02000004 , -89,73316 , 15,6
1,03906 , -0,02000004 , -89,68686 , 15,62
1,039032 , -0,02000004 , -89,64603 , 15,64
1,039015 , -0,02000004 , -89,61014 , 15,66
1,039003 , -0,02000004 , -89,57867 , 15,68
1,038996 , -0,02000004 , -89,55121 , 15,7
1,038992 , -0,02000004 , -89,52734 , 15,72
1,038989 , -0,02000004 , -89,5067 , 15,74
1,038205 , -0,02000004 , -89,47749 , 15,76
1,036917 , -0,02000004 , -89,44058 , 15,78
1,035297 , -0,02000004 , -89,39674 , 15,8
1,033454 , -0,02000016 , -89,34665 , 15,82
1,03152 , -0,02000016 , -89,29094 , 15,84
1,029721 , -0,01999998 , -89,23015 , 15,86
1,028144 , -0,01999998 , -89,16477 , 15,88
1,026736 , -0,01999998 , -89,09526 , 15,9
1,0255 , -0,0200001 , -89,02203 , 15,92
1,024366 , -0,02000004 , -88,94546 , 15,94
1,023327 , -0,01999998 , -88,86586 , 15,96
1,022345 , -0,0200001 , -88,78355 , 15,98
1,021429 , -0,02000004 , -88,6988 , 16
1,020546 , -0,02000004 , -88,61185 , 16,02
1,019677 , -0,01999998 , -88,52292 , 16,04
1,018809 , -0,0200001 , -88,43221 , 16,06
1,01793 , -0,02000004 , -88,33989 , 16,08
1,017034 , -0,02000004 , -88,24613 , 16,1
1,01612 , -0,02000004 , -88,15108 , 16,12
1,01519 , -0,02000004 , -88,05486 , 16,14
1,014246 , -0,02000004 , -87,95758 , 16,16
1,013289 , -0,02000004 , -87,85937 , 16,18
1,012322 , -0,02000004 , -87,7603 , 16,2
1,011345 , -0,02000004 , -87,66047 , 16,22
1,010359 , -0,02000004 , -87,55995 , 16,24
1,009364 , -0,02000016 , -87,45881 , 16,26
1,008362 , -0,01999998 , -87,35711 , 16,28
1,007353 , -0,01999998 , -87,25491 , 16,3
1,006337 , -0,01999998 , -87,15226 , 16,32
1,005395 , -0,0200001 , -87,0492 , 16,34
1,00454 , -0,0200001 , -86,94577 , 16,36
1,003995 , -0,0200001 , -86,85353 , 16,38
1,003648 , -0,0200001 , -86,77136 , 16,4
1,003426 , -0,0200001 , -86,69826 , 16,42
1,003285 , -0,0200001 , -86,63331 , 16,44
1,003196 , -0,0200001 , -86,57571 , 16,46
1,003138 , -0,0200001 , -86,52471 , 16,48
1,003102 , -0,0200001 , -86,47966 , 16,5
1,003078 , -0,0200001 , -86,43996 , 16,52
1,003064 , -0,0200001 , -86,40508 , 16,54
1,003054 , -0,0200001 , -86,37454 , 16,56
1,003048 , -0,0200001 , -86,3479 , 16,58
1,003044 , -0,0200001 , -86,32477 , 16,6
1,004092 , -0,0200001 , -86,29337 , 16,62
1,005812 , -0,02000004 , -86,25452 , 16,64
1,008015 , -0,02000004 , -86,20896 , 16,66
1,010656 , -0,02000004 , -86,15738 , 16,68
1,013697 , -0,02000004 , -86,10036 , 16,7
1,017102 , -0,02000004 , -86,03847 , 16,72
1,020842 , -0,02000004 , -85,97218 , 16,74
1,024886 , -0,02000004 , -85,90193 , 16,76
1,02921 , -0,02000004 , -85,82812 , 16,78
1,03379 , -0,02000004 , -85,75111 , 16,8
1,038606 , -0,02000004 , -85,67123 , 16,82
1,043639 , -0,02000004 , -85,58875 , 16,84
1,048872 , -0,01999998 , -85,50393 , 16,86
1,05429 , -0,01999998 , -85,41702 , 16,88
1,059878 , -0,01999998 , -85,32822 , 16,9
1,065624 , -0,01999998 , -85,23772 , 16,92
1,071517 , -0,01999998 , -85,14569 , 16,94
1,077546 , -0,0200001 , -85,05228 , 16,96
1,083701 , -0,02000004 , -84,95764 , 16,98
1,089974 , -0,02000004 , -84,86189 , 17
1,096357 , -0,02000004 , -84,76513 , 17,02
1,102843 , -0,02000022 , -84,66747 , 17,04
1,109425 , -0,02000016 , -84,56901 , 17,06
1,116097 , -0,0200001 , -84,46982 , 17,08
1,122854 , -0,0200001 , -84,36997 , 17,1
1,12969 , -0,02000004 , -84,26954 , 17,12
1,136601 , -0,02000004 , -84,16857 , 17,14
1,143653 , -0,02000004 , -84,06714 , 17,16
1,150894 , -0,02000004 , -83,9653 , 17,18
1,158309 , -0,02000004 , -83,86309 , 17,2
1,166014 , -0,02000004 , -83,76057 , 17,22
1,173982 , -0,02000004 , -83,65778 , 17,24
1,182191 , -0,02000004 , -83,55473 , 17,26
1,19068 , -0,02000022 , -83,45146 , 17,28
1,199422 , -0,02000016 , -83,34801 , 17,3
1,208398 , -0,01999998 , -83,24438 , 17,32
1,217585 , -0,0200001 , -83,14059 , 17,34
1,226968 , -0,0200001 , -83,03667 , 17,36
1,236531 , -0,02000022 , -82,93262 , 17,38
1,246259 , -0,02000016 , -82,82846 , 17,4
1,25614 , -0,01999998 , -82,7242 , 17,42
1,266164 , -0,0200001 , -82,61986 , 17,44
1,27632 , -0,02000022 , -82,51543 , 17,46
1,286598 , -0,02000004 , -82,41093 , 17,48
1,297051 , -0,02000004 , -82,30639 , 17,5
1,307665 , -0,01999998 , -82,20179 , 17,52
1,318428 , -0,01999998 , -82,09715 , 17,54
1,329329 , -0,0200001 , -81,99248 , 17,56
1,340359 , -0,02000004 , -81,88777 , 17,58
1,351509 , -0,02000004 , -81,78304 , 17,6
1,362772 , -0,02000004 , -81,67829 , 17,62
1,37414 , -0,02000004 , -81,57352 , 17,64
1,385607 , -0,02000016 , -81,46872 , 17,66
1,397428 , -0,02000016 , -81,36396 , 17,68
1,410338 , -0,0200001 , -81,25942 , 17,7
1,424747 , -0,0200001 , -81,15524 , 17,72
1,441103 , -0,0200001 , -81,05159 , 17,74
1,459377 , -0,0200001 , -80,94849 , 17,76
1,479462 , -0,0200001 , -80,84592 , 17,78
1,501239 , -0,02000004 , -80,74386 , 17,8
1,524546 , -0,02000016 , -80,64225 , 17,82
1,549244 , -0,01999998 , -80,54106 , 17,84
1,575207 , -0,01999998 , -80,44025 , 17,86
1,602323 , -0,01999998 , -80,33979 , 17,88
1,630494 , -0,02000016 , -80,23965 , 17,9
1,659631 , -0,0200001 , -80,1398 , 17,92
1,689656 , -0,0200001 , -80,04023 , 17,94
1,720632 , -0,02000004 , -79,94098 , 17,96
1,753239 , -0,02000016 , -79,8424 , 17,98
1,787778 , -0,02000016 , -79,7447 , 18
1,824761 , -0,01999998 , -79,64825 , 18,02
1,864318 , -0,02000016 , -79,55323 , 18,04
1,906869 , -0,0200001 , -79,46005 , 18,06
1,952502 , -0,02000004 , -79,36891 , 18,08
2,001327 , -0,02000004 , -79,28004 , 18,1
2,053308 , -0,02000004 , -79,19356 , 18,12
2,108417 , -0,02000004 , -79,10957 , 18,14
2,16658 , -0,02000004 , -79,02817 , 18,16
2,227725 , -0,01999998 , -78,94942 , 18,18
2,291661 , -0,01999998 , -78,87325 , 18,2
2,358182 , -0,0200001 , -78,79948 , 18,22
2,427057 , -0,02000004 , -78,72795 , 18,24
2,498078 , -0,02000004 , -78,65847 , 18,26
2,571077 , -0,02000004 , -78,59091 , 18,28
2,645886 , -0,02000004 , -78,52514 , 18,3
2,722356 , -0,02000004 , -78,46102 , 18,32
2,800351 , -0,02000004 , -78,39845 , 18,34
2,87975 , -0,02000004 , -78,33732 , 18,36
2,96046 , -0,02000004 , -78,27757 , 18,38
3,042465 , -0,02000004 , -78,21929 , 18,4
3,12576 , -0,02000004 , -78,16257 , 18,42
3,210292 , -0,02000004 , -78,10741 , 18,44
3,295965 , -0,02000004 , -78,05372 , 18,46
3,382693 , -0,02000004 , -78,0014 , 18,48
3,47043 , -0,02000004 , -77,95046 , 18,5
3,559113 , -0,02000016 , -77,90084 , 18,52
3,648685 , -0,02000016 , -77,85249 , 18,54
3,739104 , -0,02000016 , -77,8054 , 18,56
3,830318 , -0,02000016 , -77,75953 , 18,58
3,922273 , -0,02000016 , -77,71481 , 18,6
4,014927 , -0,02000016 , -77,6712 , 18,62
4,108232 , -0,02000016 , -77,62867 , 18,64
4,202146 , -0,02000016 , -77,58715 , 18,66
4,296628 , -0,01999998 , -77,54661 , 18,68
4,391642 , -0,01999998 , -77,507 , 18,7
4,487156 , -0,01999998 , -77,46828 , 18,72
4,58314 , -0,01999998 , -77,43042 , 18,74
4,679565 , -0,01999998 , -77,39339 , 18,76
4,776406 , -0,0200001 , -77,35715 , 18,78
4,873639 , -0,0200001 , -77,32169 , 18,8
4,971241 , -0,02000004 , -77,28697 , 18,82
5,069195 , -0,02000004 , -77,25298 , 18,84
5,16748 , -0,02000004 , -77,21968 , 18,86
5,266078 , -0,02000004 , -77,18707 , 18,88
5,364975 , -0,02000004 , -77,15511 , 18,9
5,464156 , -0,02000004 , -77,1238 , 18,92
5,563605 , -0,02000004 , -77,09312 , 18,94
5,66331 , -0,02000004 , -77,06303 , 18,96
5,763259 , -0,02000004 , -77,03355 , 18,98
5,86344 , -0,02000004 , -77,00463 , 19
5,963842 , -0,02000004 , -76,97628 , 19,02
6,064456 , -0,02000004 , -76,94848 , 19,04
6,165272 , -0,02000004 , -76,92121 , 19,06
6,26628 , -0,02000004 , -76,89447 , 19,08
6,367473 , -0,02000004 , -76,86824 , 19,1
6,468843 , -0,02000004 , -76,84251 , 19,12
6,570381 , -0,02000022 , -76,81726 , 19,14
6,672081 , -0,02000016 , -76,79249 , 19,16
6,773937 , -0,01999998 , -76,76818 , 19,18
6,875941 , -0,0200001 , -76,74432 , 19,2
6,978087 , -0,02000004 , -76,72091 , 19,22
7,080371 , -0,02000004 , -76,69793 , 19,24
7,182786 , -0,02000004 , -76,67538 , 19,26
7,285327 , -0,02000004 , -76,65324 , 19,28
7,387989 , -0,02000004 , -76,6315 , 19,3
7,490767 , -0,01999998 , -76,61016 , 19,32
7,593658 , -0,01999998 , -76,58921 , 19,34
7,696656 , -0,01999998 , -76,56863 , 19,36
7,799757 , -0,0200001 , -76,54843 , 19,38
7,902957 , -0,0200001 , -76,52859 , 19,4
8,006254 , -0,0200001 , -76,50909 , 19,42
8,109643 , -0,0200001 , -76,48994 , 19,44
8,21312 , -0,0200001 , -76,47114 , 19,46
8,316683 , -0,02000004 , -76,45266 , 19,48
8,420327 , -0,02000004 , -76,4345 , 19,5
8,524051 , -0,01999998 , -76,41666 , 19,52
8,627851 , -0,0200001 , -76,39912 , 19,54
8,731725 , -0,02000004 , -76,38189 , 19,56
8,83567 , -0,02000004 , -76,36495 , 19,58
8,939683 , -0,02000004 , -76,3483 , 19,6
9,043762 , -0,02000004 , -76,33192 , 19,62
9,147904 , -0,02000004 , -76,31583 , 19,64
9,252109 , -0,02000004 , -76,3 , 19,66
9,356372 , -0,02000004 , -76,28443 , 19,68
9,460692 , -0,02000004 , -76,26912 , 19,7
9,565067 , -0,02000004 , -76,25406 , 19,72
9,6695 , -0,02000004 , -76,23927 , 19,74
9,773989 , -0,02000004 , -76,22475 , 19,76
9,87853 , -0,02000004 , -76,21047 , 19,78
9,983124 , -0,02000004 , -76,19645 , 19,8
10,08777 , -0,02000004 , -76,18266 , 19,82
10,19246 , -0,02000004 , -76,16911 , 19,84
10,29719 , -0,02000004 , -76,15578 , 19,86
10,40197 , -0,02000004 , -76,14268 , 19,88
10,50679 , -0,02000004 , -76,12978 , 19,9
10,61165 , -0,02000004 , -76,1171 , 19,92
10,71655 , -0,02000004 , -76,10461 , 19,94
10,82149 , -0,02000004 , -76,09233 , 19,96
10,92647 , -0,02000004 , -76,08024 , 19,98
11,03148 , -0,02000004 , -76,06834 , 20
11,13652 , -0,02000004 , -76,05661 , 20,02
11,24159 , -0,02000004 , -76,04507 , 20,04
11,3467 , -0,02000004 , -76,03369 , 20,06
11,45184 , -0,01999998 , -76,02248 , 20,08
11,55701 , -0,01999998 , -76,01144 , 20,1
11,6622 , -0,01999998 , -76,00056 , 20,12
11,76742 , -0,01999998 , -75,98984 , 20,14
11,87267 , -0,0200001 , -75,97926 , 20,16
11,97795 , -0,02000004 , -75,96884 , 20,18
12,08325 , -0,01999998 , -75,95856 , 20,2
12,18857 , -0,01999998 , -75,94843 , 20,22
12,29391 , -0,0200001 , -75,93842 , 20,24
12,39928 , -0,02000004 , -75,92856 , 20,26
12,50467 , -0,02000004 , -75,91882 , 20,28
12,61009 , -0,02000004 , -75,90922 , 20,3
12,71552 , -0,02000004 , -75,89973 , 20,32
12,82097 , -0,02000004 , -75,89037 , 20,34
12,92644 , -0,02000004 , -75,88113 , 20,36
13,03193 , -0,02000004 , -75,87201 , 20,38
13,13743 , -0,02000004 , -75,863 , 20,4
13,24296 , -0,02000004 , -75,8541 , 20,42
13,3485 , -0,02000004 , -75,8453 , 20,44
13,45405 , -0,02000004 , -75,83661 , 20,46
13,55962 , -0,02000004 , -75,82802 , 20,48
13,66521 , -0,02000004 , -75,81953 , 20,5
13,77081 , -0,02000004 , -75,81113 , 20,52
13,87643 , -0,02000004 , -75,80283 , 20,54
13,98206 , -0,02000004 , -75,79462 , 20,56
14,0877 , -0,02000004 , -75,78651 , 20,58
14,19336 , -0,02000004 , -75,77848 , 20,6
14,29903 , -0,02000004 , -75,77054 , 20,62
14,40471 , -0,02000004 , -75,76268 , 20,64
14,5104 , -0,02000004 , -75,75491 , 20,66
14,61611 , -0,02000004 , -75,74721 , 20,68
14,72182 , -0,02000004 , -75,73959 , 20,7
14,82755 , -0,01999998 , -75,73204 , 20,72
14,93329 , -0,01999998 , -75,72457 , 20,74
15,03903 , -0,0200001 , -75,71717 , 20,76
15,14479 , -0,0200001 , -75,70984 , 20,78
15,25056 , -0,01999992 , -75,70258 , 20,8
15,35633 , -0,0200001 , -75,69538 , 20,82
15,46212 , -0,0200001 , -75,68826 , 20,84
15,56791 , -0,02000004 , -75,68119 , 20,86
15,67371 , -0,01999998 , -75,67419 , 20,88
15,77952 , -0,01999998 , -75,66724 , 20,9
15,88534 , -0,01999998 , -75,66036 , 20,92
15,99117 , -0,01999998 , -75,65353 , 20,94
16,097 , -0,0200001 , -75,64676 , 20,96
16,20284 , -0,0200001 , -75,64005 , 20,98
16,30869 , -0,02000004 , -75,63338 , 21
16,41455 , -0,02000004 , -75,62677 , 21,02
16,52041 , -0,02000004 , -75,62021 , 21,04
16,62628 , -0,02000004 , -75,61369 , 21,06
16,73215 , -0,02000004 , -75,60723 , 21,08
16,83803 , -0,02000004 , -75,60081 , 21,1
16,94392 , -0,02000004 , -75,59444 , 21,12
17,04981 , -0,02000004 , -75,58812 , 21,14
17,15571 , -0,02000004 , -75,58183 , 21,16
17,26161 , -0,01999998 , -75,57559 , 21,18
17,36752 , -0,01999998 , -75,56939 , 21,2
17,47344 , -0,0200001 , -75,56323 , 21,22
17,57936 , -0,02000004 , -75,55711 , 21,24
17,68528 , -0,02000004 , -75,55103 , 21,26
17,79121 , -0,01999998 , -75,54499 , 21,28
17,89715 , -0,0200001 , -75,53899 , 21,3
18,00308 , -0,02000004 , -75,53301 , 21,32
18,10903 , -0,01999998 , -75,52708 , 21,34
18,21498 , -0,0200001 , -75,52117 , 21,36
18,32093 , -0,0200001 , -75,5153 , 21,38
18,42688 , -0,0200001 , -75,50946 , 21,4
18,53284 , -0,0200001 , -75,50365 , 21,42
18,6388 , -0,02000004 , -75,49788 , 21,44
18,74477 , -0,02000004 , -75,49213 , 21,46
18,85074 , -0,02000004 , -75,48641 , 21,48
18,95671 , -0,02000004 , -75,48072 , 21,5
19,06269 , -0,02000004 , -75,47506 , 21,52
19,16867 , -0,01999998 , -75,46942 , 21,54
19,27466 , -0,01999998 , -75,46381 , 21,56
19,38064 , -0,01999998 , -75,45823 , 21,58
19,48663 , -0,01999998 , -75,45267 , 21,6
19,58118 , -0,01999998 , -75,44851 , 21,62
19,66542 , -0,01999998 , -75,44562 , 21,64
19,74039 , -0,01999998 , -75,44377 , 21,66
19,80701 , -0,01999998 , -75,4426 , 21,68
19,86613 , -0,01999998 , -75,44185 , 21,7
19,91849 , -0,01999998 , -75,44137 , 21,72
19,96476 , -0,01999998 , -75,44106 , 21,74
20,00556 , -0,01999998 , -75,44087 , 21,76
20,04143 , -0,01999998 , -75,44075 , 21,78
20,07286 , -0,01999998 , -75,44067 , 21,8
20,10031 , -0,01999998 , -75,44062 , 21,82
20,12416 , -0,01999998 , -75,44059 , 21,84
20,14478 , -0,01999998 , -75,44057 , 21,86
20,16249 , -0,01999998 , -75,44055 , 21,88
20,17758 , -0,01999998 , -75,44054 , 21,9
20,19032 , -0,01999998 , -75,44054 , 21,92
20,20093 , -0,01999998 , -75,44054 , 21,94
20,20964 , -0,01999998 , -75,44054 , 21,96
20,21663 , -0,01999998 , -75,44054 , 21,98
20,22206 , -0,01999998 , -75,44054 , 22
20,22611 , -0,01999998 , -75,44054 , 22,02
20,22891 , -0,01999998 , -75,44054 , 22,04
20,23069 , -0,01999998 , -75,44054 , 22,06
20,23145 , -0,01999998 , -75,44054 , 22,08
20,23217 , -0,01999998 , -75,44054 , 22,1
20,23242 , -0,01999998 , -75,44054 , 22,12
20,23243 , -0,01999998 , -75,44054 , 22,14
20,23233 , -0,01999998 , -75,44054 , 22,16
20,23219 , -0,01999998 , -75,44054 , 22,18
20,23205 , -0,01999998 , -75,44054 , 22,2
20,23193 , -0,01999998 , -75,44054 , 22,22
20,23182 , -0,01999998 , -75,44054 , 22,24
20,23173 , -0,01999998 , -75,44054 , 22,26
20,23173 , -0,01999998 , -75,44054 , 22,28
20,23173 , -0,01999998 , -75,44054 , 22,3
20,23173 , -0,01999998 , -75,44054 , 22,32
20,23173 , -0,01999998 , -75,44054 , 22,34
20,23173 , -0,01999998 , -75,44054 , 22,36
20,23173 , -0,01999998 , -75,44054 , 22,38
20,23173 , -0,01999998 , -75,44054 , 22,4
20,23173 , -0,01999998 , -75,44054 , 22,42
20,23173 , -0,01999998 , -75,44054 , 22,44
20,23173 , -0,01999998 , -75,44054 , 22,46
20,23173 , -0,01999998 , -75,44054 , 22,48
20,23173 , -0,01999998 , -75,44054 , 22,5
20,23173 , -0,01999998 , -75,44054 , 22,52
20,23173 , -0,01999998 , -75,44054 , 22,54
20,23173 , -0,01999998 , -75,44054 , 22,56
20,23173 , -0,01999998 , -75,44054 , 22,58
20,23173 , -0,01999998 , -75,44054 , 22,6
20,23173 , -0,01999998 , -75,44054 , 22,62
20,23173 , -0,01999998 , -75,44054 , 22,64
20,23173 , -0,01999998 , -75,44054 , 22,66
20,23173 , -0,01999998 , -75,44054 , 22,68
20,23173 , -0,01999998 , -75,44054 , 22,7
20,23173 , -0,01999998 , -75,44054 , 22,72
20,23173 , -0,01999998 , -75,44054 , 22,74
20,23173 , -0,01999998 , -75,44054 , 22,76
20,23173 , -0,01999998 , -75,44054 , 22,78
20,23173 , -0,01999998 , -75,44054 , 22,8
20,23173 , -0,01999998 , -75,44054 , 22,82
20,23173 , -0,01999998 , -75,44054 , 22,84
20,23173 , -0,01999998 , -75,44054 , 22,86
20,23173 , -0,01999998 , -75,44054 , 22,88
20,23173 , -0,01999998 , -75,44054 , 22,9
20,23173 , -0,01999998 , -75,44054 , 22,92
20,23173 , -0,01999998 , -75,44054 , 22,94
20,23173 , -0,01999998 , -75,44054 , 22,96
20,23173 , -0,01999998 , -75,44054 , 22,98
20,23173 , -0,01999998 , -75,44054 , 23
20,23173 , -0,01999998 , -75,44054 , 23,02
20,23173 , -0,01999998 , -75,44054 , 23,04
20,23173 , -0,01999998 , -75,44054 , 23,06
20,23173 , -0,01999998 , -75,44054 , 23,08
20,23173 , -0,01999998 , -75,44054 , 23,1
20,23173 , -0,01999998 , -75,44054 , 23,12
20,23173 , -0,01999998 , -75,44054 , 23,14
20,23173 , -0,01999998 , -75,44054 , 23,16
20,23173 , -0,01999998 , -75,44054 , 23,18
20,23173 , -0,01999998 , -75,44054 , 23,2
20,23173 , -0,01999998 , -75,44054 , 23,22
20,23173 , -0,01999998 , -75,44054 , 23,24
20,23173 , -0,01999998 , -75,44054 , 23,26
20,23173 , -0,01999998 , -75,44054 , 23,28
20,23173 , -0,01999998 , -75,44054 , 23,3
20,23173 , -0,01999998 , -75,44054 , 23,32
20,23173 , -0,01999998 , -75,44054 , 23,34
20,23173 , -0,01999998 , -75,44054 , 23,36
20,23173 , -0,01999998 , -75,44054 , 23,38
20,23173 , -0,01999998 , -75,44054 , 23,4
20,23173 , -0,01999998 , -75,44054 , 23,42
20,23173 , -0,01999998 , -75,44054 , 23,44
20,23173 , -0,01999998 , -75,44054 , 23,46
20,23173 , -0,01999998 , -75,44054 , 23,48
20,23173 , -0,01999998 , -75,44054 , 23,5
20,23173 , -0,01999998 , -75,44054 , 23,52
20,23173 , -0,01999998 , -75,44054 , 23,54
20,23173 , -0,01999998 , -75,44054 , 23,56
20,23173 , -0,01999998 , -75,44054 , 23,58
20,23173 , -0,01999998 , -75,44054 , 23,6
20,23173 , -0,01999998 , -75,44054 , 23,62
20,23173 , -0,01999998 , -75,44054 , 23,64
20,23173 , -0,01999998 , -75,44054 , 23,66
20,23173 , -0,01999998 , -75,44054 , 23,68
20,23173 , -0,01999998 , -75,44054 , 23,7
20,23173 , -0,01999998 , -75,44054 , 23,72
20,23173 , -0,01999998 , -75,44054 , 23,74
20,23173 , -0,01999998 , -75,44054 , 23,76
20,23173 , -0,01999998 , -75,44054 , 23,78
20,23173 , -0,01999998 , -75,44054 , 23,8
20,23173 , -0,01999998 , -75,44054 , 23,82
20,23173 , -0,01999998 , -75,44054 , 23,84
20,23173 , -0,01999998 , -75,44054 , 23,86
20,23173 , -0,01999998 , -75,44054 , 23,88
20,23173 , -0,01999998 , -75,44054 , 23,9
20,23173 , -0,01999998 , -75,44054 , 23,92
20,23173 , -0,01999998 , -75,44054 , 23,94
20,23173 , -0,01999998 , -75,44054 , 23,96
20,23173 , -0,01999998 , -75,44054 , 23,98
20,23173 , -0,01999998 , -75,44054 , 24
20,23173 , -0,01999998 , -75,44054 , 24,02
20,23173 , -0,01999998 , -75,44054 , 24,04
20,23173 , -0,01999998 , -75,44054 , 24,06
20,23173 , -0,01999998 , -75,44054 , 24,08
20,23173 , -0,01999998 , -75,44054 , 24,1
20,23173 , -0,01999998 , -75,44054 , 24,12
20,23173 , -0,01999998 , -75,44054 , 24,14
20,23173 , -0,01999998 , -75,44054 , 24,16
20,23173 , -0,01999998 , -75,44054 , 24,18
20,23173 , -0,01999998 , -75,44054 , 24,2
20,23173 , -0,01999998 , -75,44054 , 24,22
20,23173 , -0,01999998 , -75,44054 , 24,24
20,23173 , -0,01999998 , -75,44054 , 24,26
20,23173 , -0,01999998 , -75,44054 , 24,28
20,23173 , -0,01999998 , -75,44054 , 24,3
20,23173 , -0,01999998 , -75,44054 , 24,32
20,23173 , -0,01999998 , -75,44054 , 24,34
20,23173 , -0,01999998 , -75,44054 , 24,36
20,23173 , -0,01999998 , -75,44054 , 24,38
20,23173 , -0,01999998 , -75,44054 , 24,4
20,23173 , -0,01999998 , -75,44054 , 24,42
20,23173 , -0,01999998 , -75,44054 , 24,44
20,23173 , -0,01999998 , -75,44054 , 24,46
20,23173 , -0,01999998 , -75,44054 , 24,48
20,23173 , -0,01999998 , -75,44054 , 24,5
20,23173 , -0,01999998 , -75,44054 , 24,52
20,23173 , -0,01999998 , -75,44054 , 24,54
20,23173 , -0,01999998 , -75,44054 , 24,56
20,23173 , -0,01999998 , -75,44054 , 24,58
20,23173 , -0,01999998 , -75,44054 , 24,6
20,23173 , -0,01999998 , -75,44054 , 24,62
20,23173 , -0,01999998 , -75,44054 , 24,64
20,23173 , -0,01999998 , -75,44054 , 24,66
20,23173 , -0,01999998 , -75,44054 , 24,68
20,23173 , -0,01999998 , -75,44054 , 24,7
20,23173 , -0,01999998 , -75,44054 , 24,72
20,23173 , -0,01999998 , -75,44054 , 24,74
20,23173 , -0,01999998 , -75,44054 , 24,76
20,23173 , -0,01999998 , -75,44054 , 24,78
20,23173 , -0,01999998 , -75,44054 , 24,8
20,23173 , -0,01999998 , -75,44054 , 24,82
20,23173 , -0,01999998 , -75,44054 , 24,84
20,23173 , -0,01999998 , -75,44054 , 24,86
20,23173 , -0,01999998 , -75,44054 , 24,88
20,23173 , -0,01999998 , -75,44054 , 24,9
20,23173 , -0,01999998 , -75,44054 , 24,92
20,23173 , -0,01999998 , -75,44054 , 24,94
20,23173 , -0,01999998 , -75,44054 , 24,96
20,23173 , -0,01999998 , -75,44054 , 24,98
20,23173 , -0,01999998 , -75,44054 , 25
20,23173 , -0,01999998 , -75,44054 , 25,02
20,23173 , -0,01999998 , -75,44054 , 25,04
20,23173 , -0,01999998 , -75,44054 , 25,06
20,23173 , -0,01999998 , -75,44054 , 25,08
20,23173 , -0,01999998 , -75,44054 , 25,1
20,23173 , -0,01999998 , -75,44054 , 25,12
20,23173 , -0,01999998 , -75,44054 , 25,14
20,23173 , -0,01999998 , -75,44054 , 25,16
20,23173 , -0,01999998 , -75,44054 , 25,18
20,23173 , -0,01999998 , -75,44054 , 25,2
20,23173 , -0,01999998 , -75,44054 , 25,22
20,23173 , -0,01999998 , -75,44054 , 25,24
20,23173 , -0,01999998 , -75,44054 , 25,26
20,23173 , -0,01999998 , -75,44054 , 25,28
20,23173 , -0,01999998 , -75,44054 , 25,3
20,23173 , -0,01999998 , -75,44054 , 25,32
20,23173 , -0,01999998 , -75,44054 , 25,34
20,23173 , -0,01999998 , -75,44054 , 25,36
20,23173 , -0,01999998 , -75,44054 , 25,38
20,23173 , -0,01999998 , -75,44054 , 25,4
20,23173 , -0,01999998 , -75,44054 , 25,42
20,23173 , -0,01999998 , -75,44054 , 25,44
20,23173 , -0,01999998 , -75,44054 , 25,46
20,23173 , -0,01999998 , -75,44054 , 25,48
20,23173 , -0,01999998 , -75,44054 , 25,5
20,23173 , -0,01999998 , -75,44054 , 25,52
20,23173 , -0,01999998 , -75,44054 , 25,54
20,23173 , -0,01999998 , -75,44054 , 25,56
20,23173 , -0,01999998 , -75,44054 , 25,58
20,23173 , -0,01999998 , -75,44054 , 25,6
20,23173 , -0,01999998 , -75,44054 , 25,62
20,24215 , -0,0200001 , -75,44226 , 25,64
20,26195 , -0,02000004 , -75,4454 , 25,66
20,29018 , -0,02000004 , -75,44984 , 25,68
20,32599 , -0,02000004 , -75,45548 , 25,7
20,36862 , -0,02000004 , -75,46226 , 25,72
20,41737 , -0,02000004 , -75,47012 , 25,74
20,47161 , -0,02000004 , -75,47903 , 25,76
20,53076 , -0,02000004 , -75,48896 , 25,78
20,59433 , -0,02000004 , -75,49991 , 25,8
20,66183 , -0,02000004 , -75,51186 , 25,82
20,73285 , -0,02000004 , -75,52483 , 25,84
20,80701 , -0,02000004 , -75,5388 , 25,86
20,88397 , -0,02000004 , -75,55377 , 25,88
20,96341 , -0,02000004 , -75,56976 , 25,9
21,04506 , -0,02000004 , -75,58675 , 25,92
21,12867 , -0,02000004 , -75,60474 , 25,94
21,21401 , -0,02000004 , -75,62372 , 25,96
21,30095 , -0,02000004 , -75,64345 , 25,98
21,3894 , -0,02000016 , -75,66367 , 26
21,4793 , -0,01999998 , -75,68395 , 26,02
21,57057 , -0,01999998 , -75,70403 , 26,04
21,66321 , -0,02000016 , -75,72334 , 26,06
21,75714 , -0,01999998 , -75,74151 , 26,08
21,85232 , -0,0200001 , -75,75792 , 26,1
21,94865 , -0,0200001 , -75,77229 , 26,12
22,04603 , -0,0200001 , -75,78419 , 26,14
22,14433 , -0,0200001 , -75,7936 , 26,16
22,24345 , -0,02000004 , -75,80035 , 26,18
22,34328 , -0,02000004 , -75,80451 , 26,2
22,44374 , -0,02000004 , -75,80627 , 26,22
22,54475 , -0,02000004 , -75,80643 , 26,24
22,64622 , -0,02000004 , -75,80539 , 26,26
22,74809 , -0,02000004 , -75,80352 , 26,28
22,85032 , -0,02000004 , -75,80093 , 26,3
22,95287 , -0,02000004 , -75,79768 , 26,32
23,0557 , -0,02000004 , -75,79383 , 26,34
23,15878 , -0,02000004 , -75,78941 , 26,36
23,26208 , -0,02000004 , -75,7844 , 26,38
23,36555 , -0,02000004 , -75,77873 , 26,4
23,46912 , -0,02000004 , -75,77216 , 26,42
23,57277 , -0,02000004 , -75,76476 , 26,44
23,67649 , -0,02000004 , -75,75661 , 26,46
23,78028 , -0,01999998 , -75,74776 , 26,48
23,88412 , -0,01999998 , -75,73828 , 26,5
23,98801 , -0,0200001 , -75,72827 , 26,52
24,09198 , -0,0200001 , -75,71788 , 26,54
24,19605 , -0,0200001 , -75,70737 , 26,56
24,30028 , -0,0200001 , -75,69714 , 26,58
24,40467 , -0,02000004 , -75,68732 , 26,6
24,50925 , -0,01999998 , -75,67822 , 26,62
24,614 , -0,01999998 , -75,66994 , 26,64
24,71894 , -0,01999998 , -75,66252 , 26,66
24,82403 , -0,0200001 , -75,65596 , 26,68
24,92927 , -0,0200001 , -75,6502 , 26,7
25,03464 , -0,02000004 , -75,64519 , 26,72
25,14014 , -0,02000004 , -75,64088 , 26,74
25,24574 , -0,02000004 , -75,63723 , 26,76
25,35145 , -0,02000004 , -75,6342 , 26,78
25,45725 , -0,02000004 , -75,63176 , 26,8
25,56314 , -0,02000004 , -75,62982 , 26,82
25,6691 , -0,02000004 , -75,62823 , 26,84
25,77514 , -0,02000004 , -75,62687 , 26,86
25,88123 , -0,02000004 , -75,62562 , 26,88
25,98737 , -0,02000004 , -75,6243 , 26,9
26,09353 , -0,02000004 , -75,62275 , 26,92
26,19967 , -0,02000004 , -75,6208 , 26,94
26,30578 , -0,02000004 , -75,61843 , 26,96
26,41185 , -0,02000004 , -75,61557 , 26,98
26,51789 , -0,02000004 , -75,61225 , 27
26,62388 , -0,01999998 , -75,60853 , 27,02
26,72985 , -0,01999998 , -75,60446 , 27,04
26,8358 , -0,0200001 , -75,6001 , 27,06
26,94172 , -0,0200001 , -75,59548 , 27,08
27,04763 , -0,0200001 , -75,59064 , 27,1
27,15352 , -0,0200001 , -75,58553 , 27,12
27,25931 , -0,02000004 , -75,57971 , 27,14
27,36492 , -0,02000004 , -75,57282 , 27,16
27,47018 , -0,02000004 , -75,56419 , 27,18
27,575 , -0,02000004 , -75,55362 , 27,2
27,67929 , -0,02000004 , -75,54095 , 27,22
27,78308 , -0,01999998 , -75,52628 , 27,24
27,8864 , -0,0200001 , -75,50977 , 27,26
27,98929 , -0,0200001 , -75,4916 , 27,28
28,0918 , -0,0200001 , -75,47193 , 27,3
28,19395 , -0,02000004 , -75,45092 , 27,32
28,29579 , -0,02000004 , -75,42869 , 27,34
28,39734 , -0,02000004 , -75,40535 , 27,36
28,49864 , -0,02000004 , -75,381 , 27,38
28,59969 , -0,02000004 , -75,35574 , 27,4
28,70047 , -0,02000004 , -75,32952 , 27,42
28,8009 , -0,02000004 , -75,30217 , 27,44
28,90074 , -0,02000004 , -75,27323 , 27,46
28,98974 , -0,02000004 , -75,24803 , 27,48
29,069 , -0,02000004 , -75,2262 , 27,5
29,13949 , -0,02000004 , -75,2074 , 27,52
29,20208 , -0,02000004 , -75,19132 , 27,54
29,25756 , -0,02000004 , -75,1777 , 27,56
29,30665 , -0,02000004 , -75,1663 , 27,58
29,34998 , -0,02000004 , -75,15688 , 27,6
29,38813 , -0,02000004 , -75,14925 , 27,62
29,42162 , -0,02000004 , -75,14323 , 27,64
29,45091 , -0,02000004 , -75,13866 , 27,66
29,47643 , -0,02000004 , -75,13539 , 27,68
29,49854 , -0,02000004 , -75,1333 , 27,7
29,5176 , -0,02000004 , -75,13197 , 27,72
29,5339 , -0,02000004 , -75,13112 , 27,74
29,54773 , -0,02000004 , -75,13058 , 27,76
29,55932 , -0,02000004 , -75,13023 , 27,78
29,56891 , -0,02000004 , -75,13001 , 27,8
29,57669 , -0,02000004 , -75,12988 , 27,82
29,58285 , -0,02000004 , -75,12978 , 27,84
29,58754 , -0,02000004 , -75,12973 , 27,86
29,59092 , -0,02000004 , -75,12969 , 27,88
29,59311 , -0,02000004 , -75,12967 , 27,9
29,5945 , -0,02000004 , -75,12965 , 27,92
29,59499 , -0,02000004 , -75,12965 , 27,94
29,595 , -0,02000004 , -75,12965 , 27,96
29,59481 , -0,02000004 , -75,12965 , 27,98
29,59455 , -0,02000004 , -75,12965 , 28
29,59427 , -0,02000004 , -75,12965 , 28,02
29,59403 , -0,02000004 , -75,12965 , 28,04
29,59382 , -0,02000004 , -75,12966 , 28,06
29,59365 , -0,02000004 , -75,12966 , 28,08
29,59352 , -0,02000004 , -75,12966 , 28,1
29,59341 , -0,02000004 , -75,12966 , 28,12
29,59333 , -0,02000004 , -75,12966 , 28,14
29,59333 , -0,02000004 , -75,12966 , 28,16
29,59333 , -0,02000004 , -75,12966 , 28,18
29,59333 , -0,02000004 , -75,12966 , 28,2
29,59333 , -0,02000004 , -75,12966 , 28,22
29,59333 , -0,02000004 , -75,12966 , 28,24
29,59333 , -0,02000004 , -75,12966 , 28,26
29,59333 , -0,02000004 , -75,12966 , 28,28
29,59333 , -0,02000004 , -75,12966 , 28,3
29,59333 , -0,02000004 , -75,12966 , 28,32
29,59333 , -0,02000004 , -75,12966 , 28,34
29,59333 , -0,02000004 , -75,12966 , 28,36
29,59333 , -0,02000004 , -75,12966 , 28,38
29,59333 , -0,02000004 , -75,12966 , 28,4
29,59333 , -0,02000004 , -75,12966 , 28,42
29,59333 , -0,02000004 , -75,12966 , 28,44
29,59333 , -0,02000004 , -75,12966 , 28,46
29,59333 , -0,02000004 , -75,12966 , 28,48
29,59333 , -0,02000004 , -75,12966 , 28,5
29,59333 , -0,02000004 , -75,12966 , 28,52
29,59333 , -0,02000004 , -75,12966 , 28,54
29,59333 , -0,02000004 , -75,12966 , 28,56
29,59333 , -0,02000004 , -75,12966 , 28,58
29,60247 , -0,02000004 , -75,1247 , 28,6
29,62006 , -0,02000004 , -75,11571 , 28,62
29,64534 , -0,02000004 , -75,10323 , 28,64
29,67761 , -0,02000004 , -75,0878 , 28,66
29,71622 , -0,01999998 , -75,06977 , 28,68
29,76061 , -0,0200001 , -75,0496 , 28,7
29,81024 , -0,02000004 , -75,02759 , 28,72
29,86466 , -0,02000004 , -75,00406 , 28,74
29,92342 , -0,02000004 , -74,97927 , 28,76
29,98613 , -0,02000004 , -74,95343 , 28,78
30,05242 , -0,02000004 , -74,92673 , 28,8
30,12196 , -0,02000004 , -74,89931 , 28,82
30,19448 , -0,02000004 , -74,87138 , 28,84
30,2697 , -0,02000004 , -74,84306 , 28,86
30,34739 , -0,02000004 , -74,81446 , 28,88
30,42732 , -0,02000004 , -74,7857 , 28,9
30,50928 , -0,02000004 , -74,75684 , 28,92
30,59311 , -0,02000004 , -74,72795 , 28,94
30,67864 , -0,02000004 , -74,69914 , 28,96
30,76573 , -0,02000004 , -74,67047 , 28,98
30,85425 , -0,02000004 , -74,642 , 29
30,94407 , -0,02000004 , -74,61378 , 29,02
31,03507 , -0,02000004 , -74,58582 , 29,04
31,12717 , -0,02000004 , -74,55815 , 29,06
31,22026 , -0,01999998 , -74,53083 , 29,08
31,31427 , -0,01999998 , -74,50388 , 29,1
31,40913 , -0,0200001 , -74,47736 , 29,12
