Min X value: -65
Min Y value: -14,1249
Min Z value: -105,0925
Max X value: 66,50088
Max Y value: 14,90855
Max Z value: 105
Key: charpos in X , Y , Z , Time since start capture
0 , 0 , -95 , 29,16
0 , -0,003531575 , -95 , 29,18
0 , -0,0109126 , -95 , 29,2
4,816125E-11 , -0,01818258 , -95 , 29,22
1,712832E-10 , -0,01963657 , -95 , 29,24
2,663886E-10 , -0,01992738 , -95 , 29,26
3,289422E-10 , -0,0199855 , -95 , 29,28
3,681617E-10 , -0,01999712 , -95 , 29,3
3,92262E-10 , -0,01999944 , -95 , 29,32
4,068762E-10 , -0,01999992 , -95 , 29,34
4,156258E-10 , -0,02000004 , -95 , 29,36
4,207852E-10 , -0,02000004 , -95 , 29,38
4,237673E-10 , -0,02000004 , -95 , 29,4
4,254448E-10 , -0,02000004 , -95 , 29,42
4,263516E-10 , -0,02000004 , -95 , 29,44
4,268116E-10 , -0,02000004 , -95 , 29,46
4,270194E-10 , -0,02000004 , -95 , 29,48
4,2709E-10 , -0,02000004 , -95 , 29,5
4,270903E-10 , -0,02000004 , -95 , 29,52
4,270583E-10 , -0,02000004 , -95 , 29,54
4,270146E-10 , -0,02000004 , -95 , 29,56
4,270146E-10 , -0,02000004 , -95 , 29,58
4,270146E-10 , -0,02000004 , -95 , 29,6
4,270146E-10 , -0,02000004 , -95 , 29,62
4,270146E-10 , -0,02000004 , -95 , 29,64
4,270146E-10 , -0,02000004 , -95 , 29,66
4,270146E-10 , -0,02000004 , -95 , 29,68
4,270146E-10 , -0,02000004 , -95 , 29,7
4,270146E-10 , -0,02000004 , -95 , 29,72
4,270146E-10 , -0,02000004 , -95 , 29,74
4,270146E-10 , -0,02000004 , -95 , 29,76
4,270146E-10 , -0,02000004 , -95 , 29,78
4,270146E-10 , -0,02000004 , -95 , 29,8
4,270146E-10 , -0,02000004 , -95 , 29,82
4,270146E-10 , -0,02000004 , -95 , 29,84
4,270146E-10 , -0,02000004 , -95 , 29,86
4,270146E-10 , -0,02000004 , -95 , 29,88
4,270146E-10 , -0,02000004 , -95 , 29,9
4,270146E-10 , -0,02000004 , -95 , 29,92
4,270146E-10 , -0,02000004 , -95 , 29,94
4,270146E-10 , -0,02000004 , -95 , 29,96
4,270146E-10 , -0,02000004 , -95 , 29,98
4,270146E-10 , -0,02000004 , -95 , 30
4,270146E-10 , -0,02000004 , -95 , 30,02
4,270146E-10 , -0,02000004 , -95 , 30,04
4,270146E-10 , -0,02000004 , -95 , 30,06
4,270146E-10 , -0,02000004 , -95 , 30,08
4,270146E-10 , -0,02000004 , -95 , 30,1
4,270146E-10 , -0,02000004 , -95 , 30,12
4,270146E-10 , -0,02000004 , -95 , 30,14
4,270146E-10 , -0,02000004 , -95 , 30,16
4,270146E-10 , -0,02000004 , -95 , 30,18
4,270146E-10 , -0,02000004 , -95 , 30,2
4,270146E-10 , -0,02000004 , -95 , 30,22
4,270146E-10 , -0,02000004 , -95 , 30,24
4,270146E-10 , -0,02000004 , -95 , 30,26
4,270146E-10 , -0,02000004 , -95 , 30,28
4,270146E-10 , -0,02000004 , -95 , 30,3
4,270146E-10 , -0,02000004 , -95 , 30,32
4,270146E-10 , -0,02000004 , -95 , 30,34
4,270146E-10 , -0,02000004 , -95 , 30,36
4,270146E-10 , -0,02000004 , -95 , 30,38
4,270146E-10 , -0,02000004 , -95 , 30,4
4,270146E-10 , -0,02000004 , -95 , 30,42
4,270146E-10 , -0,02000004 , -95 , 30,44
4,270146E-10 , -0,02000004 , -95 , 30,46
4,270146E-10 , -0,02000004 , -95 , 30,48
4,270146E-10 , -0,02000004 , -95 , 30,5
4,270146E-10 , -0,02000004 , -95 , 30,52
4,270146E-10 , -0,02000004 , -95 , 30,54
4,270146E-10 , -0,02000004 , -95 , 30,56
4,270146E-10 , -0,02000004 , -95 , 30,58
4,270146E-10 , -0,02000004 , -95 , 30,6
4,270146E-10 , -0,02000004 , -95 , 30,62
4,270146E-10 , -0,02000004 , -95 , 30,64
4,270146E-10 , -0,02000004 , -95 , 30,66
4,270146E-10 , -0,02000004 , -95 , 30,68
4,270146E-10 , -0,02000004 , -95 , 30,7
4,270146E-10 , -0,02000004 , -95 , 30,72
4,270146E-10 , -0,02000004 , -95 , 30,74
4,270146E-10 , -0,02000004 , -95 , 30,76
4,270146E-10 , -0,02000004 , -95 , 30,78
4,270146E-10 , -0,02000004 , -95 , 30,8
-0,01065456 , -0,01999998 , -95,0007 , 30,82
-0,03089775 , -0,01999998 , -95,00185 , 30,84
-0,05980137 , -0,0200001 , -95,00298 , 30,86
-0,09651368 , -0,0200001 , -95,00368 , 30,88
-0,1402293 , -0,02000004 , -95,00359 , 30,9
-0,1902216 , -0,02000004 , -95,00276 , 30,92
-0,2457658 , -0,02000004 , -95,00092 , 30,94
-0,306228 , -0,02000004 , -94,99781 , 30,96
-0,3708659 , -0,02000004 , -94,99255 , 30,98
-0,4390304 , -0,02000004 , -94,98465 , 31
-0,5099806 , -0,02000016 , -94,97346 , 31,02
-0,5831805 , -0,01999998 , -94,95879 , 31,04
-0,6578937 , -0,01999998 , -94,94012 , 31,06
-0,7336872 , -0,02000016 , -94,91744 , 31,08
-0,8100423 , -0,0200001 , -94,89062 , 31,1
-0,8865954 , -0,02000004 , -94,8597 , 31,12
-0,9629516 , -0,02000004 , -94,82468 , 31,14
-1,038919 , -0,02000016 , -94,78577 , 31,16
-1,114073 , -0,0200001 , -94,74293 , 31,18
-1,188207 , -0,0200001 , -94,6963 , 31,2
-1,260906 , -0,02000004 , -94,64586 , 31,22
-1,331484 , -0,02000004 , -94,59144 , 31,24
-1,399213 , -0,02000004 , -94,53292 , 31,26
-1,463804 , -0,02000004 , -94,47047 , 31,28
-1,524341 , -0,02000004 , -94,40403 , 31,3
-1,580604 , -0,02000004 , -94,33384 , 31,32
-1,632359 , -0,02000004 , -94,26015 , 31,34
-1,67967 , -0,02000004 , -94,18324 , 31,36
-1,722355 , -0,02000004 , -94,10337 , 31,38
-1,760515 , -0,02000004 , -94,02081 , 31,4
-1,793899 , -0,02000004 , -93,93583 , 31,42
-1,822462 , -0,02000004 , -93,84867 , 31,44
-1,846074 , -0,02000004 , -93,75961 , 31,46
-1,864862 , -0,02000016 , -93,66889 , 31,48
-1,87894 , -0,0200001 , -93,57674 , 31,5
-1,888658 , -0,02000004 , -93,48331 , 31,52
-1,89433 , -0,02000022 , -93,38876 , 31,54
-1,896272 , -0,02000016 , -93,29323 , 31,56
-1,895781 , -0,02000016 , -93,19683 , 31,58
-1,893661 , -0,0200001 , -93,09968 , 31,6
-1,89001 , -0,02000004 , -93,00185 , 31,62
-1,88494 , -0,02000004 , -92,90343 , 31,64
-1,878552 , -0,02000004 , -92,80449 , 31,66
-1,870886 , -0,01999998 , -92,70509 , 31,68
-1,862023 , -0,01999998 , -92,6053 , 31,7
-1,852008 , -0,01999998 , -92,50518 , 31,72
-1,840908 , -0,01999998 , -92,40477 , 31,74
-1,828773 , -0,01999998 , -92,30412 , 31,76
-1,815665 , -0,01999998 , -92,20325 , 31,78
-1,801631 , -0,0200001 , -92,10221 , 31,8
-1,786717 , -0,0200001 , -92,00103 , 31,82
-1,770961 , -0,0200001 , -91,89973 , 31,84
-1,754417 , -0,02000004 , -91,79835 , 31,86
-1,737132 , -0,02000004 , -91,69688 , 31,88
-1,719284 , -0,02000016 , -91,59532 , 31,9
-1,701015 , -0,0200001 , -91,49364 , 31,92
-1,682553 , -0,02000004 , -91,39182 , 31,94
-1,664016 , -0,02000016 , -91,28984 , 31,96
-1,645571 , -0,01999998 , -91,18768 , 31,98
-1,627336 , -0,01999998 , -91,08532 , 32
-1,609374 , -0,01999998 , -90,98277 , 32,02
-1,591694 , -0,01999998 , -90,88004 , 32,04
-1,574337 , -0,01999998 , -90,77714 , 32,06
-1,557269 , -0,0200001 , -90,67408 , 32,08
-1,540503 , -0,01999992 , -90,57087 , 32,1
-1,52409 , -0,01999992 , -90,46751 , 32,12
-1,508062 , -0,01999992 , -90,364 , 32,14
-1,492394 , -0,0200001 , -90,26035 , 32,16
-1,477027 , -0,02000004 , -90,15659 , 32,18
-1,461908 , -0,02000004 , -90,05272 , 32,2
-1,446992 , -0,02000016 , -89,94876 , 32,22
-1,432241 , -0,02000016 , -89,84473 , 32,24
-1,41762 , -0,02000016 , -89,74064 , 32,26
-1,403099 , -0,0200001 , -89,63649 , 32,28
-1,388652 , -0,0200001 , -89,5323 , 32,3
-1,374257 , -0,02000004 , -89,42806 , 32,32
-1,359895 , -0,02000004 , -89,32379 , 32,34
-1,345548 , -0,02000004 , -89,2195 , 32,36
-1,331203 , -0,02000004 , -89,11518 , 32,38
-1,316848 , -0,02000022 , -89,01085 , 32,4
-1,302471 , -0,02000004 , -88,90651 , 32,42
-1,288064 , -0,02000016 , -88,80215 , 32,44
-1,273618 , -0,0200001 , -88,6978 , 32,46
-1,25916 , -0,0200001 , -88,59343 , 32,48
-1,244916 , -0,0200001 , -88,48901 , 32,5
-1,230985 , -0,02000004 , -88,38453 , 32,52
-1,217394 , -0,01999998 , -88,27997 , 32,54
-1,204101 , -0,0200001 , -88,17535 , 32,56
-1,191068 , -0,0200001 , -88,07067 , 32,58
-1,178262 , -0,0200001 , -87,96594 , 32,6
-1,165686 , -0,02000004 , -87,86117 , 32,62
-1,153311 , -0,02000004 , -87,75636 , 32,64
-1,141209 , -0,02000004 , -87,65149 , 32,66
-1,129447 , -0,01999998 , -87,54656 , 32,68
-1,118145 , -0,02000016 , -87,44155 , 32,7
-1,10732 , -0,02000016 , -87,33646 , 32,72
-1,097045 , -0,01999998 , -87,23129 , 32,74
-1,087294 , -0,01999998 , -87,12604 , 32,76
-1,078075 , -0,01999998 , -87,02071 , 32,78
-1,069334 , -0,01999998 , -86,9153 , 32,8
-1,061023 , -0,0200001 , -86,80983 , 32,82
-1,053101 , -0,01999992 , -86,7043 , 32,84
-1,04553 , -0,0200001 , -86,59872 , 32,86
-1,038276 , -0,02000004 , -86,49309 , 32,88
-1,03131 , -0,02000016 , -86,38742 , 32,9
-1,024606 , -0,0200001 , -86,28171 , 32,92
-1,018172 , -0,02000004 , -86,17596 , 32,94
-1,011984 , -0,02000016 , -86,07018 , 32,96
-1,006145 , -0,0200001 , -85,96435 , 32,98
-1,000715 , -0,02000004 , -85,85847 , 33
-0,9957825 , -0,02000016 , -85,75253 , 33,02
-0,991392 , -0,0200001 , -85,64655 , 33,04
-0,9875571 , -0,0200001 , -85,5405 , 33,06
-0,9842577 , -0,02000004 , -85,43441 , 33,08
-0,9814775 , -0,02000004 , -85,32826 , 33,1
-0,9791707 , -0,02000004 , -85,22208 , 33,12
-0,9772466 , -0,02000004 , -85,11584 , 33,14
-0,9755716 , -0,02000004 , -85,00957 , 33,16
-0,9740829 , -0,02000016 , -84,90327 , 33,18
-0,9727183 , -0,01999998 , -84,79694 , 33,2
-0,9714598 , -0,01999998 , -84,69058 , 33,22
-0,9702734 , -0,02000016 , -84,58419 , 33,24
-0,9692042 , -0,02000016 , -84,47777 , 33,26
-0,9682598 , -0,02000016 , -84,37132 , 33,28
-0,967445 , -0,01999998 , -84,26484 , 33,3
-0,9667408 , -0,01999998 , -84,15833 , 33,32
-0,966135 , -0,0200001 , -84,0518 , 33,34
-0,9655966 , -0,02000004 , -83,94525 , 33,36
-0,9651057 , -0,01999998 , -83,83868 , 33,38
-0,9646493 , -0,01999998 , -83,73209 , 33,4
-0,9642195 , -0,01999998 , -83,62548 , 33,42
-0,9638578 , -0,0200001 , -83,51886 , 33,44
-0,9636853 , -0,02000004 , -83,41222 , 33,46
-0,9638036 , -0,02000004 , -83,30557 , 33,48
-0,9645168 , -0,02000004 , -83,19894 , 33,5
-0,9658746 , -0,01999998 , -83,09238 , 33,52
-0,9679494 , -0,0200001 , -82,98591 , 33,54
-0,9708212 , -0,02000004 , -82,87956 , 33,56
-0,9745231 , -0,02000004 , -82,77334 , 33,58
-0,9790123 , -0,02000004 , -82,66724 , 33,6
-0,9842184 , -0,02000004 , -82,56124 , 33,62
-0,9901193 , -0,02000004 , -82,45535 , 33,64
-0,996688 , -0,02000022 , -82,34957 , 33,66
-1,003909 , -0,02000004 , -82,24389 , 33,68
-1,01176 , -0,02000004 , -82,13831 , 33,7
-1,020255 , -0,02000004 , -82,03284 , 33,72
-1,029382 , -0,02000004 , -81,92748 , 33,74
-1,039156 , -0,02000004 , -81,82223 , 33,76
-1,04963 , -0,02000004 , -81,7171 , 33,78
-1,060789 , -0,02000004 , -81,6121 , 33,8
-1,072609 , -0,01999998 , -81,50722 , 33,82
-1,085038 , -0,01999998 , -81,40247 , 33,84
-1,098029 , -0,0200001 , -81,29781 , 33,86
-1,111581 , -0,0200001 , -81,19327 , 33,88
-1,125652 , -0,02000004 , -81,08882 , 33,9
-1,140247 , -0,02000004 , -80,98448 , 33,92
-1,15538 , -0,02000004 , -80,88026 , 33,94
-1,171074 , -0,02000004 , -80,77615 , 33,96
-1,187361 , -0,02000004 , -80,67218 , 33,98
-1,204273 , -0,02000004 , -80,56834 , 34
-1,22171 , -0,02000022 , -80,46463 , 34,02
-1,239594 , -0,02000016 , -80,36102 , 34,04
-1,257806 , -0,02000016 , -80,25747 , 34,06
-1,276347 , -0,01999998 , -80,15399 , 34,08
-1,295318 , -0,01999998 , -80,05061 , 34,1
-1,314776 , -0,0200001 , -79,94735 , 34,12
-1,334951 , -0,02000004 , -79,84428 , 34,14
-1,356019 , -0,01999998 , -79,74146 , 34,16
-1,378458 , -0,01999998 , -79,63908 , 34,18
-1,402598 , -0,01999998 , -79,53729 , 34,2
-1,428801 , -0,01999998 , -79,43631 , 34,22
-1,457248 , -0,01999998 , -79,33625 , 34,24
-1,488263 , -0,0200001 , -79,23737 , 34,26
-1,521903 , -0,02000004 , -79,13974 , 34,28
-1,55858 , -0,02000004 , -79,04375 , 34,3
-1,598477 , -0,02000004 , -78,94966 , 34,32
-1,641884 , -0,02000004 , -78,85787 , 34,34
-1,688765 , -0,02000004 , -78,76849 , 34,36
-1,73919 , -0,02000004 , -78,68179 , 34,38
-1,792952 , -0,02000004 , -78,59769 , 34,4
-1,849789 , -0,02000016 , -78,51603 , 34,42
-1,900095 , -0,02000016 , -78,44337 , 34,44
-1,944523 , -0,02000016 , -78,37884 , 34,46
-1,98366 , -0,02000016 , -78,3216 , 34,48
-2,018036 , -0,02000016 , -78,27094 , 34,5
-2,048127 , -0,02000016 , -78,22618 , 34,52
-2,074361 , -0,02000016 , -78,18675 , 34,54
-2,097124 , -0,02000016 , -78,15211 , 34,56
-2,116763 , -0,02000016 , -78,12179 , 34,58
-2,133591 , -0,02000016 , -78,09534 , 34,6
-2,147888 , -0,02000016 , -78,07238 , 34,62
-2,159908 , -0,02000016 , -78,05257 , 34,64
-2,169878 , -0,02000016 , -78,03558 , 34,66
-2,178004 , -0,02000016 , -78,02115 , 34,68
-2,18447 , -0,02000016 , -78,009 , 34,7
-2,189441 , -0,02000016 , -77,99892 , 34,72
-2,193068 , -0,02000016 , -77,99069 , 34,74
-2,195485 , -0,02000016 , -77,98413 , 34,76
-2,197025 , -0,02000016 , -77,97908 , 34,78
-2,198007 , -0,02000016 , -77,97538 , 34,8
-2,198632 , -0,02000016 , -77,97289 , 34,82
-2,199031 , -0,02000016 , -77,97131 , 34,84
-2,199169 , -0,02000016 , -77,97073 , 34,86
-2,188731 , -0,01999998 , -77,96975 , 34,88
-2,168678 , -0,01999998 , -77,96867 , 34,9
-2,139975 , -0,01999998 , -77,9675 , 34,92
-2,103492 , -0,01999998 , -77,96619 , 34,94
-2,06001 , -0,01999998 , -77,96478 , 34,96
-2,010238 , -0,01999998 , -77,96322 , 34,98
-1,954809 , -0,01999998 , -77,96152 , 35
-1,894295 , -0,01999998 , -77,95969 , 35,02
-1,829204 , -0,01999998 , -77,95778 , 35,04
-1,75999 , -0,0200001 , -77,95585 , 35,06
-1,687054 , -0,0200001 , -77,95399 , 35,08
-1,610761 , -0,02000004 , -77,95226 , 35,1
-1,531439 , -0,02000004 , -77,9507 , 35,12
-1,449386 , -0,02000004 , -77,94933 , 35,14
-1,364869 , -0,02000004 , -77,94814 , 35,16
-1,278133 , -0,01999998 , -77,94712 , 35,18
-1,189399 , -0,01999998 , -77,94624 , 35,2
-1,098865 , -0,0200001 , -77,94548 , 35,22
-1,006712 , -0,0200001 , -77,94476 , 35,24
-0,9131052 , -0,02000004 , -77,94402 , 35,26
-0,8181872 , -0,02000004 , -77,9433 , 35,28
-0,7220868 , -0,02000004 , -77,94267 , 35,3
-0,6249216 , -0,02000004 , -77,94212 , 35,32
-0,5267999 , -0,02000004 , -77,94155 , 35,34
-0,4278217 , -0,01999998 , -77,94089 , 35,36
-0,3281 , -0,01999998 , -77,93983 , 35,38
-0,2277321 , -0,01999998 , -77,93833 , 35,4
-0,1268273 , -0,0200001 , -77,93629 , 35,42
-0,02546016 , -0,0200001 , -77,93362 , 35,44
0,07630718 , -0,0200001 , -77,93028 , 35,46
0,1784399 , -0,0200001 , -77,92635 , 35,48
0,2809001 , -0,0200001 , -77,92191 , 35,5
0,383653 , -0,0200001 , -77,91698 , 35,52
0,4866545 , -0,0200001 , -77,91151 , 35,54
0,5898706 , -0,02000004 , -77,90553 , 35,56
0,6932598 , -0,02000004 , -77,89894 , 35,58
0,7968047 , -0,02000004 , -77,89182 , 35,6
0,9005023 , -0,02000004 , -77,8843 , 35,62
1,004344 , -0,02000004 , -77,87645 , 35,64
1,108327 , -0,02000004 , -77,86837 , 35,66
1,212447 , -0,02000004 , -77,86015 , 35,68
1,3167 , -0,02000004 , -77,85185 , 35,7
1,42108 , -0,02000004 , -77,84356 , 35,72
1,525583 , -0,02000004 , -77,83531 , 35,74
1,630204 , -0,02000004 , -77,82716 , 35,76
1,734937 , -0,02000004 , -77,81915 , 35,78
1,83978 , -0,02000004 , -77,81132 , 35,8
1,944736 , -0,02000004 , -77,80376 , 35,82
2,049804 , -0,02000004 , -77,79656 , 35,84
2,154978 , -0,02000004 , -77,78973 , 35,86
2,260252 , -0,02000004 , -77,78326 , 35,88
2,365623 , -0,02000004 , -77,77718 , 35,9
2,471082 , -0,02000004 , -77,77148 , 35,92
2,576623 , -0,02000004 , -77,76614 , 35,94
2,682236 , -0,02000004 , -77,76111 , 35,96
2,787904 , -0,02000004 , -77,75625 , 35,98
2,893608 , -0,01999998 , -77,75142 , 36
2,999305 , -0,01999998 , -77,74632 , 36,02
3,104958 , -0,01999998 , -77,7407 , 36,04
3,210506 , -0,01999998 , -77,73428 , 36,06
3,315925 , -0,01999998 , -77,72694 , 36,08
3,421203 , -0,0200001 , -77,71869 , 36,1
3,526361 , -0,02000004 , -77,70963 , 36,12
3,631416 , -0,02000004 , -77,69986 , 36,14
3,736382 , -0,02000004 , -77,68948 , 36,16
3,841274 , -0,02000004 , -77,67858 , 36,18
3,946098 , -0,02000004 , -77,66721 , 36,2
4,050889 , -0,02000004 , -77,65554 , 36,22
4,15569 , -0,02000004 , -77,64381 , 36,24
4,260536 , -0,02000004 , -77,63223 , 36,26
4,365444 , -0,02000004 , -77,62093 , 36,28
4,470426 , -0,02000004 , -77,61001 , 36,3
4,575482 , -0,02000004 , -77,59948 , 36,32
4,680614 , -0,02000004 , -77,58937 , 36,34
4,785815 , -0,02000004 , -77,57966 , 36,36
4,891081 , -0,02000004 , -77,5703 , 36,38
4,996407 , -0,02000004 , -77,56129 , 36,4
5,101788 , -0,02000004 , -77,5526 , 36,42
5,207221 , -0,01999998 , -77,54422 , 36,44
5,312701 , -0,01999998 , -77,53612 , 36,46
5,418226 , -0,0200001 , -77,52828 , 36,48
5,523807 , -0,0200001 , -77,52083 , 36,5
5,62945 , -0,0200001 , -77,51384 , 36,52
5,735159 , -0,01999992 , -77,50736 , 36,54
5,840935 , -0,01999992 , -77,50143 , 36,56
5,946777 , -0,02000004 , -77,49607 , 36,58
6,05268 , -0,02000004 , -77,49125 , 36,6
6,15864 , -0,02000004 , -77,48694 , 36,62
6,264652 , -0,02000004 , -77,4831 , 36,64
6,370713 , -0,02000004 , -77,47971 , 36,66
6,476817 , -0,02000004 , -77,47673 , 36,68
6,582961 , -0,02000004 , -77,47411 , 36,7
6,689141 , -0,02000004 , -77,47184 , 36,72
6,795355 , -0,02000004 , -77,46986 , 36,74
6,9016 , -0,02000004 , -77,46808 , 36,76
7,007874 , -0,02000004 , -77,46643 , 36,78
7,114174 , -0,02000004 , -77,46487 , 36,8
7,2205 , -0,02000022 , -77,46339 , 36,82
7,326847 , -0,02000016 , -77,46194 , 36,84
7,433216 , -0,01999998 , -77,46055 , 36,86
7,539605 , -0,0200001 , -77,45918 , 36,88
7,646011 , -0,0200001 , -77,45784 , 36,9
7,752435 , -0,0200001 , -77,45653 , 36,92
7,858875 , -0,0200001 , -77,45524 , 36,94
7,965329 , -0,0200001 , -77,45396 , 36,96
8,071797 , -0,0200001 , -77,45271 , 36,98
8,178278 , -0,0200001 , -77,45148 , 37
8,284771 , -0,0200001 , -77,45026 , 37,02
8,391275 , -0,01999992 , -77,44906 , 37,04
8,49779 , -0,01999992 , -77,44788 , 37,06
8,604315 , -0,02000004 , -77,44671 , 37,08
8,710848 , -0,02000004 , -77,44556 , 37,1
8,817389 , -0,02000004 , -77,44441 , 37,12
8,92394 , -0,02000016 , -77,44328 , 37,14
9,030498 , -0,01999998 , -77,44217 , 37,16
9,137062 , -0,01999998 , -77,44107 , 37,18
9,243633 , -0,0200001 , -77,43998 , 37,2
9,350206 , -0,02000004 , -77,43884 , 37,22
9,456773 , -0,02000004 , -77,43757 , 37,24
9,563326 , -0,02000004 , -77,43615 , 37,26
9,669868 , -0,02000004 , -77,43463 , 37,28
9,776399 , -0,02000004 , -77,43305 , 37,3
9,882921 , -0,02000004 , -77,43144 , 37,32
9,989436 , -0,01999998 , -77,42982 , 37,34
10,09594 , -0,01999998 , -77,42818 , 37,36
10,20245 , -0,01999998 , -77,42654 , 37,38
10,30895 , -0,01999998 , -77,4249 , 37,4
10,41544 , -0,01999998 , -77,42326 , 37,42
10,52193 , -0,01999998 , -77,42162 , 37,44
10,62842 , -0,0200001 , -77,41999 , 37,46
10,7349 , -0,0200001 , -77,41837 , 37,48
10,84139 , -0,01999992 , -77,41675 , 37,5
10,94787 , -0,02000004 , -77,41513 , 37,52
11,05435 , -0,02000004 , -77,41352 , 37,54
11,16083 , -0,02000004 , -77,41192 , 37,56
11,26731 , -0,02000004 , -77,41032 , 37,58
11,37379 , -0,02000004 , -77,40872 , 37,6
11,48027 , -0,02000004 , -77,40714 , 37,62
11,58674 , -0,02000004 , -77,40547 , 37,64
11,69314 , -0,02000004 , -77,40337 , 37,66
11,79945 , -0,02000004 , -77,40052 , 37,68
11,90564 , -0,02000004 , -77,39693 , 37,7
12,01173 , -0,02000004 , -77,39262 , 37,72
12,11773 , -0,01999998 , -77,38769 , 37,74
12,22365 , -0,0200001 , -77,38218 , 37,76
12,32949 , -0,0200001 , -77,37616 , 37,78
12,43527 , -0,02000004 , -77,36967 , 37,8
12,54098 , -0,01999998 , -77,36275 , 37,82
12,64664 , -0,01999998 , -77,35546 , 37,84
12,75224 , -0,01999998 , -77,34782 , 37,86
12,8578 , -0,01999998 , -77,33986 , 37,88
12,96332 , -0,01999998 , -77,33161 , 37,9
13,0688 , -0,01999998 , -77,3231 , 37,92
13,17425 , -0,01999998 , -77,31435 , 37,94
13,27966 , -0,0200001 , -77,30537 , 37,96
13,38504 , -0,02000004 , -77,2962 , 37,98
13,49039 , -0,01999998 , -77,28683 , 38
13,59572 , -0,0200001 , -77,27728 , 38,02
13,70101 , -0,02000004 , -77,26752 , 38,04
13,80626 , -0,02000004 , -77,25748 , 38,06
13,91144 , -0,02000004 , -77,24706 , 38,08
14,01653 , -0,02000004 , -77,23614 , 38,1
14,12149 , -0,02000004 , -77,22457 , 38,12
14,22628 , -0,02000004 , -77,21217 , 38,14
14,33088 , -0,02000004 , -77,19884 , 38,16
14,43528 , -0,02000004 , -77,18465 , 38,18
14,5395 , -0,02000004 , -77,16965 , 38,2
14,64355 , -0,01999998 , -77,15391 , 38,22
14,74745 , -0,0200001 , -77,13747 , 38,24
14,85121 , -0,0200001 , -77,12041 , 38,26
14,95484 , -0,02000004 , -77,10278 , 38,28
15,05835 , -0,02000004 , -77,08463 , 38,3
15,16175 , -0,01999998 , -77,06599 , 38,32
15,26505 , -0,0200001 , -77,0469 , 38,34
15,36825 , -0,02000004 , -77,0274 , 38,36
15,47136 , -0,02000004 , -77,00752 , 38,38
15,57439 , -0,02000004 , -76,98727 , 38,4
15,6773 , -0,02000004 , -76,96658 , 38,42
15,78005 , -0,02000004 , -76,94528 , 38,44
15,88259 , -0,02000004 , -76,92324 , 38,46
15,98489 , -0,02000004 , -76,90039 , 38,48
16,08695 , -0,02000004 , -76,87677 , 38,5
16,1888 , -0,02000004 , -76,85244 , 38,52
16,29046 , -0,01999998 , -76,82746 , 38,54
16,39193 , -0,0200001 , -76,80189 , 38,56
16,49324 , -0,02000004 , -76,77576 , 38,58
16,59439 , -0,02000004 , -76,74914 , 38,6
16,6954 , -0,02000004 , -76,72205 , 38,62
16,79627 , -0,02000004 , -76,69452 , 38,64
16,89702 , -0,02000004 , -76,66659 , 38,66
16,99765 , -0,02000004 , -76,6383 , 38,68
17,09822 , -0,02000004 , -76,60976 , 38,7
17,19875 , -0,02000004 , -76,58112 , 38,72
17,29931 , -0,02000004 , -76,5525 , 38,74
17,39993 , -0,02000004 , -76,52403 , 38,76
17,50066 , -0,02000004 , -76,49589 , 38,78
17,60152 , -0,02000004 , -76,46813 , 38,8
17,70254 , -0,02000016 , -76,44086 , 38,82
17,80372 , -0,01999998 , -76,41409 , 38,84
17,90508 , -0,01999998 , -76,38791 , 38,86
18,0066 , -0,01999998 , -76,36227 , 38,88
18,10829 , -0,0200001 , -76,33719 , 38,9
18,21013 , -0,02000004 , -76,31261 , 38,92
18,31213 , -0,02000004 , -76,28857 , 38,94
18,41428 , -0,02000004 , -76,26502 , 38,96
18,51655 , -0,02000004 , -76,24194 , 38,98
18,61896 , -0,02000004 , -76,21933 , 39
18,7215 , -0,02000004 , -76,1972 , 39,02
18,82418 , -0,02000004 , -76,17554 , 39,04
18,92697 , -0,02000004 , -76,15434 , 39,06
19,02989 , -0,02000004 , -76,13358 , 39,08
19,13292 , -0,02000004 , -76,11324 , 39,1
19,23605 , -0,02000004 , -76,09329 , 39,12
19,33927 , -0,02000004 , -76,0737 , 39,14
19,44258 , -0,02000004 , -76,05443 , 39,16
19,54596 , -0,02000004 , -76,03545 , 39,18
19,64942 , -0,02000004 , -76,01673 , 39,2
19,75294 , -0,02000004 , -75,99826 , 39,22
19,85651 , -0,02000004 , -75,98001 , 39,24
19,96014 , -0,02000004 , -75,96197 , 39,26
20,06383 , -0,02000004 , -75,94415 , 39,28
20,16758 , -0,02000004 , -75,92659 , 39,3
20,27141 , -0,02000004 , -75,90937 , 39,32
20,37533 , -0,02000004 , -75,89258 , 39,34
20,47935 , -0,02000004 , -75,87625 , 39,36
20,58349 , -0,02000004 , -75,8605 , 39,38
20,68776 , -0,02000004 , -75,84539 , 39,4
20,79214 , -0,02000004 , -75,83091 , 39,42
20,89664 , -0,02000004 , -75,81705 , 39,44
21,00126 , -0,02000004 , -75,80379 , 39,46
21,10597 , -0,01999998 , -75,79108 , 39,48
21,21078 , -0,0200001 , -75,7789 , 39,5
21,31568 , -0,02000004 , -75,76721 , 39,52
21,42066 , -0,02000004 , -75,75597 , 39,54
21,52572 , -0,02000004 , -75,74515 , 39,56
21,63084 , -0,02000004 , -75,7347 , 39,58
21,73602 , -0,02000016 , -75,72461 , 39,6
21,84127 , -0,02000016 , -75,71484 , 39,62
21,94656 , -0,01999998 , -75,70536 , 39,64
22,0519 , -0,0200001 , -75,69617 , 39,66
22,15729 , -0,02000004 , -75,68723 , 39,68
22,26271 , -0,02000004 , -75,67852 , 39,7
22,36817 , -0,02000004 , -75,67004 , 39,72
22,47367 , -0,02000004 , -75,66177 , 39,74
22,5792 , -0,02000004 , -75,6537 , 39,76
22,68477 , -0,02000004 , -75,64581 , 39,78
22,79036 , -0,02000004 , -75,63809 , 39,8
22,89597 , -0,02000004 , -75,63054 , 39,82
23,00161 , -0,02000004 , -75,62314 , 39,84
23,10728 , -0,01999998 , -75,61588 , 39,86
23,21296 , -0,01999998 , -75,60876 , 39,88
23,31867 , -0,01999998 , -75,60178 , 39,9
23,42439 , -0,01999998 , -75,59494 , 39,92
23,53014 , -0,0200001 , -75,58823 , 39,94
23,6359 , -0,0200001 , -75,58163 , 39,96
23,74169 , -0,0200001 , -75,57516 , 39,98
23,84749 , -0,02000004 , -75,56882 , 40
23,9533 , -0,02000004 , -75,5626 , 40,02
24,05914 , -0,02000004 , -75,55649 , 40,04
24,16499 , -0,02000004 , -75,55048 , 40,06
24,27085 , -0,02000004 , -75,54459 , 40,08
24,37672 , -0,02000004 , -75,53879 , 40,1
24,48261 , -0,02000004 , -75,53312 , 40,12
24,58853 , -0,01999998 , -75,5276 , 40,14
24,69445 , -0,01999998 , -75,52222 , 40,16
24,8004 , -0,0200001 , -75,51698 , 40,18
24,90636 , -0,02000004 , -75,51185 , 40,2
25,01233 , -0,02000004 , -75,50686 , 40,22
25,11833 , -0,01999998 , -75,50205 , 40,24
25,22436 , -0,0200001 , -75,49758 , 40,26
25,33044 , -0,0200001 , -75,49357 , 40,28
25,43658 , -0,02000004 , -75,49055 , 40,3
25,54279 , -0,02000004 , -75,48875 , 40,32
25,64904 , -0,02000004 , -75,48793 , 40,34
25,75533 , -0,02000004 , -75,48778 , 40,36
25,86165 , -0,02000004 , -75,48807 , 40,38
25,96801 , -0,01999998 , -75,48866 , 40,4
26,07439 , -0,02000016 , -75,48949 , 40,42
26,18079 , -0,01999998 , -75,49046 , 40,44
26,28721 , -0,0200001 , -75,49157 , 40,46
26,39364 , -0,01999992 , -75,49278 , 40,48
26,50007 , -0,01999992 , -75,49412 , 40,5
26,60651 , -0,01999992 , -75,49559 , 40,52
26,71292 , -0,0200001 , -75,49733 , 40,54
26,8193 , -0,0200001 , -75,49938 , 40,56
26,9256 , -0,0200001 , -75,50198 , 40,58
27,03182 , -0,0200001 , -75,50517 , 40,6
27,13798 , -0,02000004 , -75,50886 , 40,62
27,24409 , -0,02000004 , -75,51291 , 40,64
27,35019 , -0,02000004 , -75,51704 , 40,66
27,45631 , -0,02000004 , -75,52099 , 40,68
27,56249 , -0,02000004 , -75,52415 , 40,7
27,66872 , -0,02000004 , -75,52597 , 40,72
27,77496 , -0,02000004 , -75,52632 , 40,74
27,88117 , -0,02000004 , -75,5256 , 40,76
27,98735 , -0,02000004 , -75,52412 , 40,78
28,09349 , -0,02000004 , -75,52213 , 40,8
28,19961 , -0,02000004 , -75,51967 , 40,82
28,30568 , -0,02000004 , -75,51674 , 40,84
28,41174 , -0,02000004 , -75,51345 , 40,86
28,51777 , -0,02000004 , -75,50986 , 40,88
28,62379 , -0,02000004 , -75,50594 , 40,9
28,72978 , -0,02000004 , -75,50174 , 40,92
28,83573 , -0,02000004 , -75,49709 , 40,94
28,9416 , -0,02000004 , -75,49178 , 40,96
29,04726 , -0,02000004 , -75,48518 , 40,98
29,15256 , -0,02000004 , -75,47678 , 41
29,25716 , -0,01999998 , -75,46567 , 41,02
29,36055 , -0,0200001 , -75,4509 , 41,04
29,46115 , -0,02000004 , -75,43052 , 41,06
29,55638 , -0,02000004 , -75,40285 , 41,08
29,64136 , -0,01999998 , -75,36723 , 41,1
29,7148 , -0,01999998 , -75,32468 , 41,12
29,77612 , -0,01999998 , -75,27639 , 41,14
29,82631 , -0,0200001 , -75,22301 , 41,16
29,86625 , -0,0200001 , -75,16513 , 41,18
29,89675 , -0,02000004 , -75,10332 , 41,2
29,91833 , -0,02000004 , -75,03815 , 41,22
29,9312 , -0,02000004 , -74,97033 , 41,24
29,93579 , -0,02000004 , -74,90039 , 41,26
29,93409 , -0,02000004 , -74,82878 , 41,28
29,92651 , -0,02000004 , -74,75591 , 41,3
29,9134 , -0,02000022 , -74,68211 , 41,32
29,89487 , -0,02000016 , -74,60783 , 41,34
29,87112 , -0,02000016 , -74,53342 , 41,36
29,84242 , -0,02000016 , -74,45914 , 41,38
29,80908 , -0,0200001 , -74,38519 , 41,4
29,77134 , -0,0200001 , -74,31176 , 41,42
29,72938 , -0,01999992 , -74,23909 , 41,44
29,68306 , -0,02000004 , -74,16785 , 41,46
29,63221 , -0,01999998 , -74,09882 , 41,48
29,57641 , -0,01999998 , -74,03365 , 41,5
29,51569 , -0,01999998 , -73,97371 , 41,52
29,45032 , -0,01999998 , -73,9204 , 41,54
29,3808 , -0,01999998 , -73,87366 , 41,56
29,30754 , -0,01999998 , -73,83319 , 41,58
29,31722 , -0,01999998 , -73,83785 , 41,6
29,3186 , -0,01999998 , -73,84125 , 41,62
29,31874 , -0,0200001 , -73,84293 , 41,64
29,31788 , -0,0200001 , -73,84615 , 41,66
29,31616 , -0,0200001 , -73,85012 , 41,68
29,31365 , -0,02000004 , -73,85554 , 41,7
29,31 , -0,02000004 , -73,86333 , 41,72
29,30457 , -0,02000016 , -73,87493 , 41,74
29,29852 , -0,02000016 , -73,8906 , 41,76
29,29419 , -0,0200001 , -73,91002 , 41,78
29,29186 , -0,0200001 , -73,93274 , 41,8
29,29152 , -0,0200001 , -73,95832 , 41,82
29,29254 , -0,01999992 , -73,98644 , 41,84
29,29612 , -0,0200001 , -74,02195 , 41,86
29,30201 , -0,0200001 , -74,0641 , 41,88
29,30998 , -0,0200001 , -74,11223 , 41,9
29,31963 , -0,0200001 , -74,1658 , 41,92
29,32834 , -0,0200001 , -74,22472 , 41,94
29,33326 , -0,02000004 , -74,28829 , 41,96
29,33347 , -0,02000004 , -74,35549 , 41,98
29,33025 , -0,02000022 , -74,42593 , 42
29,3282 , -0,02000022 , -74,48849 , 42,02
29,32689 , -0,02000022 , -74,54394 , 42,04
29,32605 , -0,02000022 , -74,59299 , 42,06
29,32552 , -0,02000022 , -74,6363 , 42,08
29,32518 , -0,02000022 , -74,67442 , 42,1
29,32497 , -0,02000022 , -74,70789 , 42,12
29,32483 , -0,02000022 , -74,73716 , 42,14
29,32474 , -0,02000022 , -74,76266 , 42,16
29,32469 , -0,02000022 , -74,78476 , 42,18
29,32465 , -0,02000022 , -74,8038 , 42,2
29,32165 , -0,02000004 , -74,83105 , 42,22
29,31924 , -0,02000004 , -74,86631 , 42,24
29,31982 , -0,02000004 , -74,90837 , 42,26
29,32427 , -0,02000004 , -74,95593 , 42,28
29,33372 , -0,02000004 , -75,0076 , 42,3
29,34788 , -0,02000004 , -75,06281 , 42,32
29,36644 , -0,02000004 , -75,12111 , 42,34
29,38888 , -0,02000004 , -75,18224 , 42,36
29,41473 , -0,02000004 , -75,24595 , 42,38
29,44369 , -0,02000004 , -75,31196 , 42,4
29,47552 , -0,02000004 , -75,38 , 42,42
29,51012 , -0,02000004 , -75,44971 , 42,44
29,54757 , -0,02000004 , -75,52067 , 42,46
29,5877 , -0,02000004 , -75,59265 , 42,48
29,6305 , -0,02000004 , -75,66533 , 42,5
29,67581 , -0,02000004 , -75,73854 , 42,52
29,72339 , -0,01999998 , -75,81223 , 42,54
29,77298 , -0,01999998 , -75,88638 , 42,56
29,82435 , -0,01999998 , -75,96097 , 42,58
29,87727 , -0,0200001 , -76,036 , 42,6
29,93151 , -0,0200001 , -76,11147 , 42,62
29,98688 , -0,02000004 , -76,18741 , 42,64
30,04305 , -0,02000004 , -76,26393 , 42,66
30,09982 , -0,02000004 , -76,34109 , 42,68
30,15703 , -0,02000016 , -76,41888 , 42,7
30,21453 , -0,01999998 , -76,49734 , 42,72
30,27224 , -0,0200001 , -76,57642 , 42,74
30,33006 , -0,02000004 , -76,65613 , 42,76
30,38793 , -0,02000004 , -76,73643 , 42,78
30,44578 , -0,02000004 , -76,81731 , 42,8
30,50375 , -0,02000004 , -76,89861 , 42,82
30,56184 , -0,02000004 , -76,9803 , 42,84
30,6201 , -0,02000004 , -77,06226 , 42,86
30,67859 , -0,02000004 , -77,14443 , 42,88
30,73729 , -0,02000004 , -77,22678 , 42,9
30,79614 , -0,01999998 , -77,30932 , 42,92
30,85503 , -0,01999998 , -77,3921 , 42,94
30,91391 , -0,01999998 , -77,47513 , 42,96
30,97279 , -0,0200001 , -77,55837 , 42,98
31,03163 , -0,0200001 , -77,64185 , 43
31,09017 , -0,0200001 , -77,7257 , 43,02
31,14825 , -0,02000004 , -77,81002 , 43,04
31,20569 , -0,02000004 , -77,8949 , 43,06
31,26246 , -0,02000004 , -77,98034 , 43,08
31,31857 , -0,02000004 , -78,06632 , 43,1
31,37407 , -0,02000004 , -78,1528 , 43,12
31,429 , -0,02000004 , -78,23973 , 43,14
31,48341 , -0,02000004 , -78,32708 , 43,16
31,53751 , -0,02000004 , -78,41471 , 43,18
31,59146 , -0,02000004 , -78,5025 , 43,2
31,64561 , -0,02000004 , -78,59024 , 43,22
31,70012 , -0,02000004 , -78,6778 , 43,24
31,75541 , -0,02000004 , -78,76485 , 43,26
31,81171 , -0,02000004 , -78,85121 , 43,28
31,86955 , -0,01999998 , -78,93637 , 43,3
31,92937 , -0,0200001 , -79,01984 , 43,32
31,99181 , -0,0200001 , -79,10071 , 43,34
32,05727 , -0,02000004 , -79,17818 , 43,36
32,12608 , -0,02000004 , -79,25126 , 43,38
32,19809 , -0,01999998 , -79,31982 , 43,4
32,27312 , -0,01999998 , -79,38392 , 43,42
32,35085 , -0,01999998 , -79,44405 , 43,44
32,43099 , -0,02000016 , -79,50066 , 43,46
32,51328 , -0,02000016 , -79,55415 , 43,48
32,59749 , -0,0200001 , -79,6049 , 43,5
32,68342 , -0,0200001 , -79,65324 , 43,52
32,77087 , -0,0200001 , -79,69944 , 43,54
32,85968 , -0,0200001 , -79,74378 , 43,56
32,94969 , -0,02000004 , -79,78648 , 43,58
33,04078 , -0,01999998 , -79,82774 , 43,6
33,13285 , -0,01999998 , -79,86768 , 43,62
33,22578 , -0,0200001 , -79,90646 , 43,64
33,31953 , -0,02000004 , -79,94412 , 43,66
33,41399 , -0,01999998 , -79,98079 , 43,68
33,50911 , -0,0200001 , -80,01657 , 43,7
33,60478 , -0,01999992 , -80,05161 , 43,72
33,70096 , -0,0200001 , -80,086 , 43,74
33,79757 , -0,02000004 , -80,11985 , 43,76
33,89456 , -0,02000004 , -80,15324 , 43,78
33,99189 , -0,02000004 , -80,18626 , 43,8
34,0895 , -0,02000004 , -80,21898 , 43,82
34,18736 , -0,02000004 , -80,25145 , 43,84
34,28542 , -0,02000004 , -80,28373 , 43,86
34,38367 , -0,02000004 , -80,31587 , 43,88
34,48208 , -0,02000004 , -80,34791 , 43,9
34,58061 , -0,02000004 , -80,37988 , 43,92
34,67925 , -0,01999998 , -80,4118 , 43,94
34,77798 , -0,0200001 , -80,44373 , 43,96
34,87678 , -0,02000004 , -80,47565 , 43,98
34,97563 , -0,02000004 , -80,50762 , 44
35,07453 , -0,02000004 , -80,53963 , 44,02
35,17345 , -0,02000004 , -80,57173 , 44,04
35,27238 , -0,02000004 , -80,60392 , 44,06
35,37132 , -0,02000004 , -80,63622 , 44,08
35,47026 , -0,02000004 , -80,66862 , 44,1
35,56919 , -0,02000004 , -80,70113 , 44,12
35,66811 , -0,02000004 , -80,73376 , 44,14
35,76701 , -0,02000004 , -80,76652 , 44,16
35,86589 , -0,02000004 , -80,79939 , 44,18
35,96474 , -0,02000004 , -80,83239 , 44,2
36,06357 , -0,02000004 , -80,86552 , 44,22
36,16237 , -0,02000004 , -80,89877 , 44,24
36,26114 , -0,02000004 , -80,93214 , 44,26
36,35987 , -0,02000004 , -80,96563 , 44,28
36,45857 , -0,02000004 , -80,99924 , 44,3
36,55724 , -0,02000004 , -81,03297 , 44,32
