Min X value: -65
Min Y value: -14,1249
Min Z value: -105,0925
Max X value: 66,50088
Max Y value: 14,90855
Max Z value: 105
Key: charpos in X , Y , Z , Time since start capture
0 , 0 , -95 , 2,48
0 , -0,003531575 , -95 , 2,5
0 , -0,0109126 , -95 , 2,52
4,816125E-11 , -0,01818258 , -95 , 2,54
1,712832E-10 , -0,01963657 , -95 , 2,56
2,663886E-10 , -0,01992738 , -95 , 2,58
3,289422E-10 , -0,0199855 , -95 , 2,6
3,681617E-10 , -0,01999712 , -95 , 2,62
3,92262E-10 , -0,01999944 , -95 , 2,64
4,068762E-10 , -0,01999992 , -95 , 2,66
4,156258E-10 , -0,02000004 , -95 , 2,68
4,207852E-10 , -0,02000004 , -95 , 2,7
4,237673E-10 , -0,02000004 , -95 , 2,72
4,254448E-10 , -0,02000004 , -95 , 2,74
4,263516E-10 , -0,02000004 , -95 , 2,76
4,268116E-10 , -0,02000004 , -95 , 2,78
4,270194E-10 , -0,02000004 , -95 , 2,8
4,2709E-10 , -0,02000004 , -95 , 2,82
4,270903E-10 , -0,02000004 , -95 , 2,84
4,270583E-10 , -0,02000004 , -95 , 2,86
4,270146E-10 , -0,02000004 , -95 , 2,88
4,270146E-10 , -0,02000004 , -95 , 2,9
4,270146E-10 , -0,02000004 , -95 , 2,92
4,270146E-10 , -0,02000004 , -95 , 2,94
4,270146E-10 , -0,02000004 , -95 , 2,96
4,270146E-10 , -0,02000004 , -95 , 2,98
4,270146E-10 , -0,02000004 , -95 , 3
4,270146E-10 , -0,02000004 , -95 , 3,02
4,270146E-10 , -0,02000004 , -95 , 3,04
4,270146E-10 , -0,02000004 , -95 , 3,06
4,270146E-10 , -0,02000004 , -95 , 3,08
4,270146E-10 , -0,02000004 , -95 , 3,1
4,270146E-10 , -0,02000004 , -95 , 3,12
4,270146E-10 , -0,02000004 , -95 , 3,14
4,270146E-10 , -0,02000004 , -95 , 3,16
4,270146E-10 , -0,02000004 , -95 , 3,18
4,270146E-10 , -0,02000004 , -95 , 3,2
4,270146E-10 , -0,02000004 , -95 , 3,22
4,270146E-10 , -0,02000004 , -95 , 3,24
4,270146E-10 , -0,02000004 , -95 , 3,26
4,270146E-10 , -0,02000004 , -95 , 3,28
4,270146E-10 , -0,02000004 , -95 , 3,3
4,270146E-10 , -0,02000004 , -95 , 3,32
4,270146E-10 , -0,02000004 , -95 , 3,34
4,270146E-10 , -0,02000004 , -95 , 3,36
4,270146E-10 , -0,02000004 , -95 , 3,38
4,270146E-10 , -0,02000004 , -95 , 3,4
4,270146E-10 , -0,02000004 , -95 , 3,42
4,270146E-10 , -0,02000004 , -95 , 3,44
4,270146E-10 , -0,02000004 , -95 , 3,46
4,270146E-10 , -0,02000004 , -95 , 3,48
4,270146E-10 , -0,02000004 , -95 , 3,5
4,270146E-10 , -0,02000004 , -95 , 3,52
4,270146E-10 , -0,02000004 , -95 , 3,54
4,270146E-10 , -0,02000004 , -95 , 3,56
4,270146E-10 , -0,02000004 , -95 , 3,58
4,270146E-10 , -0,02000004 , -95 , 3,6
4,270146E-10 , -0,02000004 , -95 , 3,62
4,270146E-10 , -0,02000004 , -95 , 3,64
4,270146E-10 , -0,02000004 , -95 , 3,66
4,270146E-10 , -0,02000004 , -95 , 3,68
4,270146E-10 , -0,02000004 , -95 , 3,7
4,270146E-10 , -0,02000004 , -95 , 3,72
4,270146E-10 , -0,02000004 , -95 , 3,74
4,270146E-10 , -0,02000004 , -95 , 3,76
4,270146E-10 , -0,02000004 , -95 , 3,78
4,270146E-10 , -0,02000004 , -95 , 3,8
4,270146E-10 , -0,02000004 , -95 , 3,82
4,270146E-10 , -0,02000004 , -95 , 3,84
4,270146E-10 , -0,02000004 , -95 , 3,86
4,270146E-10 , -0,02000004 , -95 , 3,88
4,270146E-10 , -0,02000004 , -95 , 3,9
4,270146E-10 , -0,02000004 , -95 , 3,92
4,270146E-10 , -0,02000004 , -95 , 3,94
4,270146E-10 , -0,02000004 , -95 , 3,96
4,270146E-10 , -0,02000004 , -95 , 3,98
4,270146E-10 , -0,02000004 , -95 , 4
4,270146E-10 , -0,02000004 , -95 , 4,02
4,270146E-10 , -0,02000004 , -95 , 4,04
4,270146E-10 , -0,02000004 , -95 , 4,06
4,270146E-10 , -0,02000004 , -95 , 4,08
4,270146E-10 , -0,02000004 , -95 , 4,1
4,270146E-10 , -0,02000004 , -95 , 4,12
0,0004704839 , -0,02000004 , -94,98933 , 4,14
0,001241114 , -0,02000016 , -94,96907 , 4,16
0,002204041 , -0,02000016 , -94,94016 , 4,18
0,003290857 , -0,02000016 , -94,90348 , 4,2
0,004458039 , -0,02000016 , -94,85979 , 4,22
0,005677854 , -0,01999998 , -94,80981 , 4,24
0,006929439 , -0,01999998 , -94,75417 , 4,26
0,008147446 , -0,01999998 , -94,69341 , 4,28
0,009329941 , -0,01999998 , -94,62806 , 4,3
0,01048585 , -0,01999998 , -94,55857 , 4,32
0,0116139 , -0,0200001 , -94,48536 , 4,34
0,01271807 , -0,0200001 , -94,4088 , 4,36
0,01380302 , -0,02000022 , -94,32922 , 4,38
0,01487174 , -0,02000004 , -94,24693 , 4,4
0,01593015 , -0,02000004 , -94,1622 , 4,42
0,0169799 , -0,02000004 , -94,07527 , 4,44
0,01801997 , -0,02000004 , -93,98637 , 4,46
0,01905174 , -0,02000004 , -93,89568 , 4,48
0,02007602 , -0,02000016 , -93,80338 , 4,5
0,02109522 , -0,02000016 , -93,70965 , 4,52
0,02210894 , -0,01999998 , -93,61462 , 4,54
0,02311691 , -0,01999998 , -93,51842 , 4,56
0,02411712 , -0,02000016 , -93,42117 , 4,58
0,02511016 , -0,0200001 , -93,32297 , 4,6
0,02605762 , -0,02000004 , -93,22392 , 4,62
0,02693608 , -0,02000004 , -93,12409 , 4,64
0,02776767 , -0,02000004 , -93,02357 , 4,66
0,02849414 , -0,02000004 , -92,92243 , 4,68
0,02908041 , -0,02000004 , -92,82072 , 4,7
0,02947313 , -0,02000016 , -92,71851 , 4,72
0,02967592 , -0,01999998 , -92,61583 , 4,74
0,02972434 , -0,01999998 , -92,51274 , 4,76
0,02967411 , -0,0200001 , -92,40928 , 4,78
0,02956053 , -0,0200001 , -92,30548 , 4,8
0,02940597 , -0,02000004 , -92,20139 , 4,82
0,02922462 , -0,02000004 , -92,09702 , 4,84
0,0290255 , -0,02000004 , -91,99241 , 4,86
0,02881437 , -0,02000004 , -91,88758 , 4,88
0,02859488 , -0,02000004 , -91,78255 , 4,9
0,02836941 , -0,02000004 , -91,67735 , 4,92
0,02813947 , -0,02000004 , -91,57199 , 4,94
0,02790608 , -0,02000004 , -91,46648 , 4,96
0,02766987 , -0,02000004 , -91,36085 , 4,98
0,02743131 , -0,02000004 , -91,2551 , 5
0,02719071 , -0,02000004 , -91,14924 , 5,02
0,02694828 , -0,02000004 , -91,04329 , 5,04
0,02670419 , -0,02000004 , -90,93726 , 5,06
0,02645857 , -0,02000004 , -90,83115 , 5,08
0,02621151 , -0,02000004 , -90,72497 , 5,1
0,0259631 , -0,02000004 , -90,61873 , 5,12
0,02571343 , -0,02000004 , -90,51243 , 5,14
0,02546254 , -0,02000004 , -90,40608 , 5,16
0,0252105 , -0,02000004 , -90,29969 , 5,18
0,02495737 , -0,02000004 , -90,19326 , 5,2
0,02470319 , -0,02000016 , -90,08679 , 5,22
0,02444802 , -0,02000016 , -89,98029 , 5,24
0,02419188 , -0,01999998 , -89,87376 , 5,26
0,02393484 , -0,01999998 , -89,7672 , 5,28
0,02358057 , -0,01999998 , -89,66063 , 5,3
0,02296823 , -0,01999998 , -89,55404 , 5,32
0,02202771 , -0,01999998 , -89,44746 , 5,34
0,02029039 , -0,0200001 , -89,34097 , 5,36
0,01724029 , -0,02000004 , -89,23468 , 5,38
0,01192532 , -0,02000004 , -89,12885 , 5,4
0,004027875 , -0,02000004 , -89,02363 , 5,42
-0,00667563 , -0,02000004 , -88,91914 , 5,44
-0,02001769 , -0,02000004 , -88,81535 , 5,46
-0,03574117 , -0,01999998 , -88,71219 , 5,48
-0,05361839 , -0,01999998 , -88,60961 , 5,5
-0,07344728 , -0,0200001 , -88,50756 , 5,52
-0,09504873 , -0,02000004 , -88,40598 , 5,54
-0,1182864 , -0,02000004 , -88,30486 , 5,56
-0,1430396 , -0,02000022 , -88,20416 , 5,58
-0,1692681 , -0,02000004 , -88,10388 , 5,6
-0,1968742 , -0,02000004 , -88,00402 , 5,62
-0,2256331 , -0,02000004 , -87,90449 , 5,64
-0,2553179 , -0,02000004 , -87,80521 , 5,66
-0,2856765 , -0,02000016 , -87,70608 , 5,68
-0,3163673 , -0,02000016 , -87,60697 , 5,7
-0,3470855 , -0,02000016 , -87,50779 , 5,72
-0,3775374 , -0,0200001 , -87,40843 , 5,74
-0,4075531 , -0,0200001 , -87,30886 , 5,76
-0,4369731 , -0,0200001 , -87,20903 , 5,78
-0,4658536 , -0,02000004 , -87,10896 , 5,8
-0,4941665 , -0,02000004 , -87,00867 , 5,82
-0,5219632 , -0,02000016 , -86,90816 , 5,84
-0,5492116 , -0,01999998 , -86,80743 , 5,86
-0,5758943 , -0,01999998 , -86,7065 , 5,88
-0,6019243 , -0,01999998 , -86,60535 , 5,9
-0,6271787 , -0,01999998 , -86,50394 , 5,92
-0,651557 , -0,01999998 , -86,40226 , 5,94
-0,6750048 , -0,01999998 , -86,30031 , 5,96
-0,6974815 , -0,01999998 , -86,19809 , 5,98
-0,7189492 , -0,01999998 , -86,0956 , 6
-0,7394189 , -0,01999998 , -85,99285 , 6,02
-0,7588021 , -0,01999998 , -85,88984 , 6,04
-0,7771613 , -0,01999998 , -85,78658 , 6,06
-0,7945569 , -0,01999998 , -85,6831 , 6,08
-0,8110415 , -0,0200001 , -85,57941 , 6,1
-0,8266201 , -0,02000004 , -85,47551 , 6,12
-0,8412909 , -0,01999998 , -85,37142 , 6,14
-0,8550546 , -0,0200001 , -85,26714 , 6,16
-0,8679985 , -0,0200001 , -85,1627 , 6,18
-0,8801537 , -0,0200001 , -85,0581 , 6,2
-0,8915474 , -0,0200001 , -84,95335 , 6,22
-0,902249 , -0,0200001 , -84,84846 , 6,24
-0,9123204 , -0,0200001 , -84,74346 , 6,26
-0,9218164 , -0,01999992 , -84,63835 , 6,28
-0,9307396 , -0,0200001 , -84,53313 , 6,3
-0,939002 , -0,02000004 , -84,42781 , 6,32
-0,9465267 , -0,02000004 , -84,32237 , 6,34
-0,9529501 , -0,02000022 , -84,21681 , 6,36
-0,9579017 , -0,02000004 , -84,11112 , 6,38
-0,9612944 , -0,01999998 , -84,00533 , 6,4
-0,963127 , -0,0200001 , -83,89944 , 6,42
-0,9637013 , -0,02000004 , -83,79348 , 6,44
-0,9632946 , -0,02000016 , -83,68749 , 6,46
-0,9619849 , -0,0200001 , -83,58151 , 6,48
-0,959797 , -0,02000022 , -83,4756 , 6,5
-0,9565701 , -0,02000004 , -83,36979 , 6,52
-0,9522087 , -0,02000004 , -83,26411 , 6,54
-0,9465011 , -0,02000004 , -83,15861 , 6,56
-0,9394633 , -0,02000004 , -83,05331 , 6,58
-0,931128 , -0,02000004 , -82,9482 , 6,6
-0,921605 , -0,02000004 , -82,84328 , 6,62
-0,9109922 , -0,02000004 , -82,73854 , 6,64
-0,8993766 , -0,01999998 , -82,63396 , 6,66
-0,8868356 , -0,01999998 , -82,52953 , 6,68
-0,8734387 , -0,01999998 , -82,42523 , 6,7
-0,8592477 , -0,01999998 , -82,32108 , 6,72
-0,844318 , -0,0200001 , -82,21705 , 6,74
-0,8286991 , -0,01999992 , -82,11314 , 6,76
-0,8124357 , -0,02000004 , -82,00935 , 6,78
-0,7955682 , -0,01999998 , -81,90567 , 6,8
-0,7781326 , -0,01999998 , -81,80209 , 6,82
-0,7594746 , -0,01999998 , -81,69884 , 6,84
-0,7384305 , -0,01999998 , -81,5964 , 6,86
-0,7147927 , -0,01999998 , -81,49495 , 6,88
-0,6885825 , -0,01999998 , -81,3945 , 6,9
-0,6599864 , -0,01999998 , -81,29501 , 6,92
-0,6291696 , -0,0200001 , -81,19641 , 6,94
-0,5961377 , -0,02000022 , -81,09875 , 6,96
-0,5608565 , -0,02000004 , -81,00211 , 6,98
-0,5233325 , -0,02000004 , -80,90654 , 7
-0,483646 , -0,02000004 , -80,81203 , 7,02
-0,4418642 , -0,01999998 , -80,71857 , 7,04
-0,3981116 , -0,0200001 , -80,62614 , 7,06
-0,3524626 , -0,02000004 , -80,53474 , 7,08
-0,3050002 , -0,02000004 , -80,44433 , 7,1
-0,2558677 , -0,02000004 , -80,35485 , 7,12
-0,2051957 , -0,02000004 , -80,26624 , 7,14
-0,1531014 , -0,02000022 , -80,17844 , 7,16
-0,09968987 , -0,02000016 , -80,09141 , 7,18
-0,0448805 , -0,0200001 , -80,00523 , 7,2
0,01175464 , -0,0200001 , -79,92037 , 7,22
0,07059269 , -0,02000004 , -79,83729 , 7,24
0,1321841 , -0,02000004 , -79,7568 , 7,26
0,1964838 , -0,02000004 , -79,67899 , 7,28
0,263344 , -0,02000004 , -79,6038 , 7,3
0,3325362 , -0,01999998 , -79,531 , 7,32
0,4038706 , -0,01999998 , -79,46042 , 7,34
0,4771625 , -0,01999998 , -79,3919 , 7,36
0,5522469 , -0,01999998 , -79,32528 , 7,38
0,6289752 , -0,01999998 , -79,26042 , 7,4
0,7072144 , -0,01999998 , -79,19721 , 7,42
0,7868448 , -0,01999998 , -79,13554 , 7,44
0,8677588 , -0,01999998 , -79,07529 , 7,46
0,9498593 , -0,0200001 , -79,0164 , 7,48
1,033059 , -0,02000004 , -78,95879 , 7,5
1,117278 , -0,02000004 , -78,90237 , 7,52
1,202445 , -0,02000004 , -78,84711 , 7,54
1,288473 , -0,02000004 , -78,79288 , 7,56
1,375198 , -0,02000004 , -78,73943 , 7,58
1,462449 , -0,02000004 , -78,68652 , 7,6
1,549962 , -0,02000004 , -78,63373 , 7,62
1,637332 , -0,02000004 , -78,58046 , 7,64
1,723623 , -0,02000004 , -78,52557 , 7,66
1,805234 , -0,02000004 , -78,46654 , 7,68
1,878841 , -0,02000004 , -78,40276 , 7,7
1,940978 , -0,02000004 , -78,33516 , 7,72
1,990484 , -0,02000004 , -78,26508 , 7,74
2,027882 , -0,02000022 , -78,19321 , 7,76
2,053675 , -0,02000016 , -78,12024 , 7,78
2,068416 , -0,01999998 , -78,04678 , 7,8
2,072975 , -0,02000016 , -77,97308 , 7,82
2,069821 , -0,02000016 , -77,89941 , 7,84
2,05962 , -0,01999998 , -77,82587 , 7,86
2,043022 , -0,01999998 , -77,75248 , 7,88
2,020608 , -0,01999998 , -77,67931 , 7,9
1,992896 , -0,01999998 , -77,60638 , 7,92
1,960349 , -0,01999998 , -77,53377 , 7,94
1,923382 , -0,0200001 , -77,46149 , 7,96
1,882366 , -0,02000004 , -77,38961 , 7,98
1,837559 , -0,02000004 , -77,31824 , 8
1,789175 , -0,02000004 , -77,24754 , 8,02
1,737165 , -0,02000004 , -77,17796 , 8,04
1,681482 , -0,02000004 , -77,10999 , 8,059999
1,621929 , -0,02000004 , -77,04446 , 8,08
1,558518 , -0,02000004 , -76,98194 , 8,099999
1,491493 , -0,02000004 , -76,9225 , 8,12
1,421109 , -0,02000004 , -76,86613 , 8,139999
1,347661 , -0,02000004 , -76,81264 , 8,16
1,271418 , -0,02000004 , -76,76186 , 8,179999
1,19261 , -0,02000004 , -76,71367 , 8,2
1,111459 , -0,02000004 , -76,66795 , 8,22
1,028151 , -0,02000004 , -76,6246 , 8,24
0,942858 , -0,02000004 , -76,58357 , 8,26
0,8557391 , -0,02000004 , -76,54478 , 8,28
0,7669374 , -0,02000004 , -76,50816 , 8,3
0,6765952 , -0,02000004 , -76,47363 , 8,32
0,5848373 , -0,02000004 , -76,44112 , 8,34
0,4917803 , -0,02000004 , -76,41055 , 8,36
0,3975266 , -0,02000004 , -76,38187 , 8,38
0,3021678 , -0,02000004 , -76,35506 , 8,4
0,2057896 , -0,02000004 , -76,33012 , 8,42
0,1084738 , -0,02000004 , -76,30697 , 8,44
0,01029509 , -0,02000004 , -76,2856 , 8,46
-0,0886765 , -0,02000004 , -76,26598 , 8,48
-0,1883749 , -0,02000004 , -76,24805 , 8,5
-0,2887389 , -0,02000004 , -76,23178 , 8,52
-0,3897108 , -0,02000004 , -76,21711 , 8,54
-0,4912369 , -0,02000004 , -76,20398 , 8,559999
-0,5932676 , -0,02000004 , -76,19233 , 8,58
-0,6957577 , -0,02000004 , -76,1821 , 8,599999
-0,7986654 , -0,02000004 , -76,17324 , 8,62
-0,9019496 , -0,02000004 , -76,16563 , 8,639999
-1,005572 , -0,02000004 , -76,15913 , 8,66
-1,109497 , -0,02000004 , -76,15357 , 8,679999
-1,213695 , -0,02000004 , -76,1489 , 8,7
-1,318138 , -0,02000004 , -76,14499 , 8,72
-1,422799 , -0,02000004 , -76,14172 , 8,74
-1,527658 , -0,02000004 , -76,13907 , 8,76
-1,632695 , -0,02000016 , -76,13696 , 8,78
-1,737894 , -0,02000016 , -76,13525 , 8,8
-1,84324 , -0,02000016 , -76,13379 , 8,82
-1,94872 , -0,01999998 , -76,13254 , 8,84
-2,054323 , -0,0200001 , -76,13146 , 8,86
-2,160038 , -0,02000004 , -76,13055 , 8,88
-2,265857 , -0,02000022 , -76,12978 , 8,9
-2,371771 , -0,02000004 , -76,12915 , 8,92
-2,47777 , -0,02000004 , -76,12865 , 8,94
-2,583846 , -0,02000004 , -76,12829 , 8,96
-2,689993 , -0,02000004 , -76,12804 , 8,98
-2,796202 , -0,02000004 , -76,12791 , 9
-2,902469 , -0,02000004 , -76,12786 , 9,02
-3,008787 , -0,02000022 , -76,12787 , 9,04
-3,11515 , -0,02000004 , -76,12785 , 9,059999
-3,221554 , -0,02000004 , -76,12769 , 9,08
-3,327985 , -0,02000004 , -76,12724 , 9,099999
-3,434406 , -0,02000004 , -76,12623 , 9,12
-3,540772 , -0,02000004 , -76,12455 , 9,139999
-3,647065 , -0,02000004 , -76,12226 , 9,16
-3,753231 , -0,02000004 , -76,11904 , 9,179999
-3,859232 , -0,02000004 , -76,1147 , 9,2
-3,965031 , -0,01999998 , -76,10911 , 9,22
-4,070587 , -0,01999998 , -76,10213 , 9,24
-4,175874 , -0,01999998 , -76,0937 , 9,26
-4,280909 , -0,0200001 , -76,08395 , 9,28
-4,385695 , -0,02000004 , -76,07291 , 9,3
-4,490266 , -0,02000004 , -76,06075 , 9,32
-4,594633 , -0,01999998 , -76,04754 , 9,34
-4,698823 , -0,01999998 , -76,03341 , 9,36
-4,802859 , -0,01999998 , -76,01847 , 9,38
-4,906759 , -0,0200001 , -76,00282 , 9,4
-5,01054 , -0,0200001 , -75,98653 , 9,42
-5,114219 , -0,02000004 , -75,9697 , 9,44
-5,217808 , -0,02000004 , -75,95237 , 9,46
-5,321313 , -0,02000004 , -75,93459 , 9,48
-5,424718 , -0,02000004 , -75,91632 , 9,5
-5,527967 , -0,02000004 , -75,89738 , 9,52
-5,631 , -0,02000004 , -75,87759 , 9,54
-5,733776 , -0,02000004 , -75,85685 , 9,559999
-5,836254 , -0,01999998 , -75,83508 , 9,58
-5,938365 , -0,01999998 , -75,8121 , 9,599999
-6,040019 , -0,01999998 , -75,78774 , 9,62
-6,141141 , -0,01999998 , -75,76186 , 9,639999
-6,241531 , -0,01999998 , -75,7341 , 9,66
-6,341012 , -0,0200001 , -75,70418 , 9,679999
-6,439326 , -0,02000022 , -75,67175 , 9,7
-6,536325 , -0,02000016 , -75,6367 , 9,719999
-6,631804 , -0,0200001 , -75,59882 , 9,74
-6,725763 , -0,02000004 , -75,55821 , 9,76
-6,818219 , -0,02000022 , -75,51499 , 9,78
-6,909262 , -0,02000004 , -75,46935 , 9,8
-6,998971 , -0,01999998 , -75,42146 , 9,82
-7,087464 , -0,01999998 , -75,37154 , 9,84
-7,174841 , -0,0200001 , -75,31975 , 9,86
-7,261195 , -0,0200001 , -75,26626 , 9,88
-7,346605 , -0,0200001 , -75,21122 , 9,9
-7,431142 , -0,02000004 , -75,15476 , 9,92
-7,51487 , -0,02000004 , -75,09699 , 9,94
-7,597986 , -0,02000004 , -75,03818 , 9,96
-7,680793 , -0,02000004 , -74,9787 , 9,98
-7,763592 , -0,02000004 , -74,91897 , 10
-7,846653 , -0,02000004 , -74,85937 , 10,02
-7,930421 , -0,02000004 , -74,80061 , 10,04
-8,01511 , -0,02000004 , -74,74309 , 10,06
-8,100728 , -0,02000004 , -74,68689 , 10,08
-8,187304 , -0,02000016 , -74,63212 , 10,1
-8,274897 , -0,02000016 , -74,57896 , 10,12
-8,363543 , -0,02000016 , -74,52759 , 10,14
-8,453203 , -0,01999998 , -74,47798 , 10,16
-8,543839 , -0,01999998 , -74,43012 , 10,18
-8,635433 , -0,01999998 , -74,38406 , 10,2
-8,727966 , -0,0200001 , -74,33985 , 10,22
-8,8214 , -0,0200001 , -74,29747 , 10,24
-8,915727 , -0,0200001 , -74,25702 , 10,26
-9,010932 , -0,02000004 , -74,21857 , 10,28
-9,10699 , -0,02000004 , -74,18219 , 10,3
-9,20391 , -0,02000004 , -74,14811 , 10,32
-9,301691 , -0,02000004 , -74,11659 , 10,34
-9,400302 , -0,02000004 , -74,08782 , 10,36
-9,499696 , -0,02000004 , -74,0619 , 10,38
-9,599823 , -0,02000004 , -74,03913 , 10,4
-9,700613 , -0,02000004 , -74,01959 , 10,42
-9,801997 , -0,02000004 , -74,00312 , 10,44
-9,903914 , -0,02000004 , -73,9895 , 10,46
-10,00631 , -0,01999998 , -73,97849 , 10,48
-10,10913 , -0,01999998 , -73,96986 , 10,5
-10,21234 , -0,01999998 , -73,96338 , 10,52
-10,3159 , -0,0200001 , -73,95888 , 10,54
-10,41976 , -0,0200001 , -73,9562 , 10,56
-10,5239 , -0,02000022 , -73,95491 , 10,58
-10,62828 , -0,02000016 , -73,95457 , 10,6
-10,73288 , -0,0200001 , -73,95487 , 10,62
-10,83766 , -0,02000004 , -73,95565 , 10,64
-10,94261 , -0,02000004 , -73,95679 , 10,66
-11,04769 , -0,02000004 , -73,95822 , 10,68
-11,15289 , -0,01999998 , -73,9599 , 10,7
-11,2582 , -0,0200001 , -73,96177 , 10,72
-11,36358 , -0,02000004 , -73,96382 , 10,74
-11,46904 , -0,02000004 , -73,96612 , 10,76
-11,57454 , -0,02000004 , -73,96874 , 10,78
-11,68006 , -0,02000004 , -73,9718 , 10,8
-11,78559 , -0,02000004 , -73,97534 , 10,82
-11,89108 , -0,01999998 , -73,97967 , 10,84
-11,99645 , -0,01999998 , -73,98505 , 10,86
-12,10161 , -0,0200001 , -73,99191 , 10,88
-12,20641 , -0,02000004 , -74,00065 , 10,9
-12,3108 , -0,02000004 , -74,0114 , 10,92
-12,41471 , -0,02000004 , -74,02422 , 10,94
-12,51819 , -0,02000004 , -74,03894 , 10,96
-12,62126 , -0,02000004 , -74,0554 , 10,98
-12,72396 , -0,02000004 , -74,07343 , 11
-12,82634 , -0,02000004 , -74,09287 , 11,02
-12,92843 , -0,02000004 , -74,11356 , 11,04
-13,03026 , -0,01999998 , -74,13537 , 11,06
-13,13186 , -0,01999998 , -74,15819 , 11,08
-13,23326 , -0,01999992 , -74,18191 , 11,1
-13,33449 , -0,01999992 , -74,20638 , 11,12
-13,4356 , -0,0200001 , -74,23145 , 11,14
-13,53662 , -0,02000004 , -74,25701 , 11,16
-13,63757 , -0,02000004 , -74,283 , 11,18
-13,73845 , -0,02000016 , -74,30938 , 11,2
-13,83924 , -0,02000016 , -74,33618 , 11,22
-13,93989 , -0,01999998 , -74,36352 , 11,24
-14,04034 , -0,01999998 , -74,39156 , 11,26
-14,1405 , -0,01999998 , -74,42048 , 11,28
-14,24022 , -0,01999998 , -74,45058 , 11,3
-14,33916 , -0,0200001 , -74,48251 , 11,32
-14,43694 , -0,0200001 , -74,51683 , 11,34
-14,53272 , -0,02000022 , -74,55454 , 11,36
-14,62606 , -0,02000004 , -74,59597 , 11,38
-14,71631 , -0,02000004 , -74,64152 , 11,4
-14,80303 , -0,02000004 , -74,69132 , 11,42
-14,88589 , -0,02000004 , -74,74538 , 11,44
-14,96522 , -0,02000016 , -74,80329 , 11,46
-15,04143 , -0,0200001 , -74,86465 , 11,48
-15,115 , -0,0200001 , -74,92899 , 11,5
-15,18037 , -0,0200001 , -74,98606 , 11,52
-15,23835 , -0,0200001 , -75,03658 , 11,54
-15,28969 , -0,0200001 , -75,08119 , 11,56
-15,33505 , -0,0200001 , -75,1205 , 11,58
-15,37502 , -0,0200001 , -75,15502 , 11,6
-15,41015 , -0,0200001 , -75,18525 , 11,62
-15,44092 , -0,0200001 , -75,21161 , 11,64
-15,46776 , -0,0200001 , -75,23448 , 11,66
-15,49107 , -0,0200001 , -75,25422 , 11,68
-15,5112 , -0,0200001 , -75,27113 , 11,7
-15,52848 , -0,0200001 , -75,28551 , 11,72
-15,54317 , -0,0200001 , -75,2976 , 11,74
-15,55555 , -0,0200001 , -75,30763 , 11,76
-15,56585 , -0,0200001 , -75,31582 , 11,78
-15,57426 , -0,0200001 , -75,32233 , 11,8
-15,58099 , -0,0200001 , -75,32735 , 11,82
-15,5862 , -0,0200001 , -75,33102 , 11,84
-15,59004 , -0,0200001 , -75,33348 , 11,86
-15,59265 , -0,0200001 , -75,33504 , 11,88
-15,59431 , -0,0200001 , -75,33604 , 11,9
-15,59496 , -0,0200001 , -75,33639 , 11,92
-15,59563 , -0,0200001 , -75,33679 , 11,94
-15,59587 , -0,0200001 , -75,33693 , 11,96
-15,59588 , -0,0200001 , -75,33694 , 11,98
-15,59578 , -0,0200001 , -75,33688 , 12
-15,59565 , -0,0200001 , -75,33681 , 12,02
-15,59552 , -0,0200001 , -75,33673 , 12,04
-15,5954 , -0,0200001 , -75,33665 , 12,06
-15,5953 , -0,0200001 , -75,33659 , 12,08
-15,59522 , -0,0200001 , -75,33655 , 12,1
-15,59515 , -0,0200001 , -75,33651 , 12,12
-15,59511 , -0,0200001 , -75,33648 , 12,14
-15,59507 , -0,0200001 , -75,33646 , 12,16
-15,59507 , -0,0200001 , -75,33646 , 12,18
-15,59507 , -0,0200001 , -75,33646 , 12,2
-15,59507 , -0,0200001 , -75,33646 , 12,22
-15,59507 , -0,0200001 , -75,33646 , 12,24
-15,59507 , -0,0200001 , -75,33646 , 12,26
-15,59507 , -0,0200001 , -75,33646 , 12,28
-15,59507 , -0,0200001 , -75,33646 , 12,3
-15,59507 , -0,0200001 , -75,33646 , 12,32
-15,59507 , -0,0200001 , -75,33646 , 12,34
-15,60512 , -0,02000004 , -75,33342 , 12,36
-15,62435 , -0,02000004 , -75,32808 , 12,38
-15,65181 , -0,02000004 , -75,3206 , 12,4
-15,68674 , -0,02000004 , -75,31137 , 12,42
-15,72839 , -0,02000004 , -75,30061 , 12,44
-15,7761 , -0,02000004 , -75,28848 , 12,46
-15,82926 , -0,02000004 , -75,27512 , 12,48
-15,88731 , -0,01999998 , -75,26064 , 12,5
-15,94978 , -0,0200001 , -75,24518 , 12,52
-16,01625 , -0,02000004 , -75,2289 , 12,54
-16,08633 , -0,02000004 , -75,21194 , 12,56
-16,15969 , -0,01999998 , -75,19447 , 12,58
-16,23603 , -0,01999998 , -75,17663 , 12,6
-16,31504 , -0,0200001 , -75,15847 , 12,62
-16,3965 , -0,02000004 , -75,14014 , 12,64
-16,48019 , -0,02000004 , -75,1218 , 12,66
-16,56595 , -0,02000004 , -75,10374 , 12,68
-16,65362 , -0,02000004 , -75,08612 , 12,7
-16,74303 , -0,02000004 , -75,06902 , 12,72
-16,83401 , -0,02000004 , -75,05244 , 12,74
-16,92642 , -0,02000004 , -75,03642 , 12,76
-17,02013 , -0,02000004 , -75,02097 , 12,78
-17,11502 , -0,02000004 , -75,00611 , 12,8
-17,21098 , -0,02000004 , -74,99184 , 12,82
-17,30792 , -0,01999998 , -74,97819 , 12,84
-17,40575 , -0,01999998 , -74,96515 , 12,86
-17,49295 , -0,01999998 , -74,95426 , 12,88
-17,57058 , -0,01999998 , -74,94531 , 12,9
