Min X value: -65
Min Y value: -14,1249
Min Z value: -105,0925
Max X value: 66,50088
Max Y value: 14,90855
Max Z value: 105
Key: charpos in X , Y , Z , Time since start capture
0 , 0 , -95 , 3,24
0 , -0,003531575 , -95 , 3,26
0 , -0,0109126 , -95 , 3,28
4,816125E-11 , -0,01818258 , -95 , 3,3
1,712832E-10 , -0,01963657 , -95 , 3,32
2,663886E-10 , -0,01992738 , -95 , 3,34
3,289422E-10 , -0,0199855 , -95 , 3,36
3,681617E-10 , -0,01999712 , -95 , 3,38
3,92262E-10 , -0,01999944 , -95 , 3,4
4,068762E-10 , -0,01999992 , -95 , 3,42
4,156258E-10 , -0,02000004 , -95 , 3,44
4,207852E-10 , -0,02000004 , -95 , 3,46
4,237673E-10 , -0,02000004 , -95 , 3,48
4,254448E-10 , -0,02000004 , -95 , 3,5
4,263516E-10 , -0,02000004 , -95 , 3,52
4,268116E-10 , -0,02000004 , -95 , 3,54
4,270194E-10 , -0,02000004 , -95 , 3,56
4,2709E-10 , -0,02000004 , -95 , 3,58
4,270903E-10 , -0,02000004 , -95 , 3,6
4,270583E-10 , -0,02000004 , -95 , 3,62
4,270146E-10 , -0,02000004 , -95 , 3,64
4,270146E-10 , -0,02000004 , -95 , 3,66
4,270146E-10 , -0,02000004 , -95 , 3,68
4,270146E-10 , -0,02000004 , -95 , 3,7
4,270146E-10 , -0,02000004 , -95 , 3,72
4,270146E-10 , -0,02000004 , -95 , 3,74
4,270146E-10 , -0,02000004 , -95 , 3,76
4,270146E-10 , -0,02000004 , -95 , 3,78
4,270146E-10 , -0,02000004 , -95 , 3,8
4,270146E-10 , -0,02000004 , -95 , 3,82
4,270146E-10 , -0,02000004 , -95 , 3,84
4,270146E-10 , -0,02000004 , -95 , 3,86
4,270146E-10 , -0,02000004 , -95 , 3,88
4,270146E-10 , -0,02000004 , -95 , 3,9
4,270146E-10 , -0,02000004 , -95 , 3,92
4,270146E-10 , -0,02000004 , -95 , 3,94
4,270146E-10 , -0,02000004 , -95 , 3,96
4,270146E-10 , -0,02000004 , -95 , 3,98
4,270146E-10 , -0,02000004 , -95 , 4
4,270146E-10 , -0,02000004 , -95 , 4,02
4,270146E-10 , -0,02000004 , -95 , 4,04
4,270146E-10 , -0,02000004 , -95 , 4,06
4,270146E-10 , -0,02000004 , -95 , 4,08
4,270146E-10 , -0,02000004 , -95 , 4,1
4,270146E-10 , -0,02000004 , -95 , 4,12
4,270146E-10 , -0,02000004 , -95 , 4,14
4,270146E-10 , -0,02000004 , -95 , 4,16
4,270146E-10 , -0,02000004 , -95 , 4,18
4,270146E-10 , -0,02000004 , -95 , 4,2
4,270146E-10 , -0,02000004 , -95 , 4,22
4,270146E-10 , -0,02000004 , -95 , 4,24
4,270146E-10 , -0,02000004 , -95 , 4,26
4,270146E-10 , -0,02000004 , -95 , 4,28
4,270146E-10 , -0,02000004 , -95 , 4,3
4,270146E-10 , -0,02000004 , -95 , 4,32
4,270146E-10 , -0,02000004 , -95 , 4,34
4,270146E-10 , -0,02000004 , -95 , 4,36
4,270146E-10 , -0,02000004 , -95 , 4,38
4,270146E-10 , -0,02000004 , -95 , 4,4
4,270146E-10 , -0,02000004 , -95 , 4,42
4,270146E-10 , -0,02000004 , -95 , 4,44
4,270146E-10 , -0,02000004 , -95 , 4,46
4,270146E-10 , -0,02000004 , -95 , 4,48
4,270146E-10 , -0,02000004 , -95 , 4,5
4,270146E-10 , -0,02000004 , -95 , 4,52
4,270146E-10 , -0,02000004 , -95 , 4,54
4,270146E-10 , -0,02000004 , -95 , 4,56
4,270146E-10 , -0,02000004 , -95 , 4,58
4,270146E-10 , -0,02000004 , -95 , 4,6
4,270146E-10 , -0,02000004 , -95 , 4,62
4,270146E-10 , -0,02000004 , -95 , 4,64
4,270146E-10 , -0,02000004 , -95 , 4,66
4,270146E-10 , -0,02000004 , -95 , 4,68
4,270146E-10 , -0,02000004 , -95 , 4,7
4,270146E-10 , -0,02000004 , -95 , 4,72
4,270146E-10 , -0,02000004 , -95 , 4,74
4,270146E-10 , -0,02000004 , -95 , 4,76
4,270146E-10 , -0,02000004 , -95 , 4,78
4,270146E-10 , -0,02000004 , -95 , 4,8
4,270146E-10 , -0,02000004 , -95 , 4,82
4,270146E-10 , -0,02000004 , -95 , 4,84
4,270146E-10 , -0,02000004 , -95 , 4,86
4,270146E-10 , -0,02000004 , -95 , 4,88
4,270146E-10 , -0,02000004 , -95 , 4,9
4,270146E-10 , -0,02000004 , -95 , 4,92
4,270146E-10 , -0,02000004 , -95 , 4,94
0,002592102 , -0,02000004 , -94,98984 , 4,96
0,007518714 , -0,02000004 , -94,97053 , 4,98
0,01448444 , -0,02000004 , -94,94297 , 5
0,0230176 , -0,02000016 , -94,90791 , 5,02
0,03216564 , -0,02000016 , -94,8659 , 5,04
0,04108034 , -0,02000016 , -94,8175 , 5,06
0,04914525 , -0,0200001 , -94,7633 , 5,08
0,05628891 , -0,02000004 , -94,70384 , 5,1
0,06261867 , -0,02000004 , -94,63967 , 5,12
0,06822788 , -0,02000016 , -94,57125 , 5,14
0,07319791 , -0,02000016 , -94,49901 , 5,16
0,07759959 , -0,01999998 , -94,42333 , 5,18
0,08149477 , -0,01999998 , -94,34456 , 5,2
0,08493723 , -0,01999998 , -94,263 , 5,22
0,087974 , -0,01999998 , -94,17894 , 5,24
0,09064619 , -0,0200001 , -94,09262 , 5,26
0,09298965 , -0,0200001 , -94,00427 , 5,28
0,09503588 , -0,0200001 , -93,9141 , 5,3
0,09688356 , -0,01999992 , -93,82228 , 5,32
0,09873411 , -0,0200001 , -93,729 , 5,34
0,1005835 , -0,02000004 , -93,63439 , 5,36
0,1024291 , -0,02000004 , -93,5386 , 5,38
0,1042696 , -0,01999998 , -93,44173 , 5,4
0,1061041 , -0,01999998 , -93,34391 , 5,42
0,1079967 , -0,01999998 , -93,24522 , 5,44
0,1100563 , -0,0200001 , -93,14578 , 5,46
0,1125549 , -0,0200001 , -93,04569 , 5,48
0,1155474 , -0,0200001 , -92,94504 , 5,5
0,1189313 , -0,0200001 , -92,84386 , 5,52
0,1224968 , -0,0200001 , -92,7422 , 5,54
0,1262237 , -0,0200001 , -92,64011 , 5,56
0,1300943 , -0,0200001 , -92,53761 , 5,58
0,1340928 , -0,02000004 , -92,43477 , 5,6
0,1382053 , -0,02000004 , -92,3316 , 5,62
0,1424196 , -0,02000004 , -92,22815 , 5,64
0,1467248 , -0,02000004 , -92,12444 , 5,66
0,1510344 , -0,02000004 , -92,02048 , 5,68
0,1552618 , -0,02000004 , -91,91629 , 5,7
0,1594157 , -0,02000004 , -91,8119 , 5,72
0,1635034 , -0,01999998 , -91,70734 , 5,74
0,1673789 , -0,0200001 , -91,60258 , 5,76
0,1705995 , -0,0200001 , -91,49764 , 5,78
0,1723469 , -0,02000004 , -91,39252 , 5,8
0,1724351 , -0,02000004 , -91,28731 , 5,82
0,1712307 , -0,02000016 , -91,18208 , 5,84
0,169203 , -0,01999998 , -91,07682 , 5,86
0,166432 , -0,01999998 , -90,97155 , 5,88
0,1629886 , -0,0200001 , -90,86626 , 5,9
0,1589352 , -0,02000004 , -90,76095 , 5,92
0,1543274 , -0,02000004 , -90,65563 , 5,94
0,1492144 , -0,02000004 , -90,5503 , 5,96
0,1436397 , -0,02000004 , -90,44496 , 5,98
0,1376421 , -0,02000022 , -90,33962 , 6
0,1312564 , -0,02000016 , -90,23428 , 6,02
0,1245131 , -0,02000016 , -90,12893 , 6,04
0,1174397 , -0,0200001 , -90,02358 , 6,06
0,1100609 , -0,0200001 , -89,91824 , 6,08
0,1023985 , -0,0200001 , -89,81289 , 6,1
0,09445693 , -0,0200001 , -89,70755 , 6,12
0,08647218 , -0,0200001 , -89,60218 , 6,14
0,07913002 , -0,02000004 , -89,4967 , 6,16
0,07307857 , -0,02000004 , -89,3911 , 6,18
0,0688526 , -0,02000022 , -89,28538 , 6,2
0,06691656 , -0,02000004 , -89,17959 , 6,22
0,06668279 , -0,02000004 , -89,07378 , 6,24
0,06785402 , -0,02000004 , -88,96803 , 6,26
0,0703574 , -0,02000004 , -88,86239 , 6,28
0,07424828 , -0,02000016 , -88,7569 , 6,3
0,07963708 , -0,0200001 , -88,6516 , 6,32
0,08656607 , -0,02000004 , -88,54652 , 6,34
0,09496678 , -0,02000004 , -88,44166 , 6,36
0,1046984 , -0,02000016 , -88,337 , 6,38
0,1156361 , -0,02000016 , -88,23252 , 6,4
0,1276691 , -0,02000016 , -88,12821 , 6,42
0,1406996 , -0,0200001 , -88,02406 , 6,44
0,1546404 , -0,02000004 , -87,92004 , 6,46
0,1694146 , -0,02000022 , -87,81615 , 6,48
0,1849529 , -0,02000004 , -87,71238 , 6,5
0,2011946 , -0,02000004 , -87,60873 , 6,52
0,218085 , -0,01999998 , -87,50518 , 6,54
0,2355754 , -0,01999998 , -87,40174 , 6,56
0,2536223 , -0,0200001 , -87,29839 , 6,58
0,2720245 , -0,01999992 , -87,19509 , 6,6
0,2905998 , -0,02000004 , -87,0918 , 6,62
0,3087422 , -0,02000004 , -86,98837 , 6,64
0,3259727 , -0,02000022 , -86,88473 , 6,66
0,341964 , -0,02000004 , -86,78085 , 6,68
0,3568584 , -0,01999998 , -86,67674 , 6,7
0,3706957 , -0,01999998 , -86,57243 , 6,72
0,3835948 , -0,01999998 , -86,46794 , 6,74
0,3954816 , -0,01999998 , -86,36327 , 6,76
0,4062113 , -0,01999998 , -86,25841 , 6,78
0,4158226 , -0,01999998 , -86,15338 , 6,8
0,4244333 , -0,01999998 , -86,04819 , 6,82
0,4321475 , -0,01999998 , -85,94287 , 6,84
0,4390571 , -0,0200001 , -85,83743 , 6,86
0,4452433 , -0,0200001 , -85,73186 , 6,88
0,4507776 , -0,01999992 , -85,62621 , 6,9
0,4557238 , -0,01999992 , -85,52045 , 6,92
0,4601377 , -0,0200001 , -85,41462 , 6,94
0,464069 , -0,0200001 , -85,30872 , 6,96
0,4675617 , -0,02000004 , -85,20274 , 6,98
0,4706548 , -0,02000004 , -85,09671 , 7
0,473383 , -0,02000004 , -84,99062 , 7,02
0,4757769 , -0,02000004 , -84,88448 , 7,04
0,4778639 , -0,02000004 , -84,7783 , 7,06
0,4797298 , -0,02000004 , -84,67207 , 7,08
0,48145 , -0,02000004 , -84,56581 , 7,1
0,4830724 , -0,02000004 , -84,45952 , 7,12
0,4846275 , -0,02000004 , -84,35319 , 7,14
0,4861349 , -0,02000004 , -84,24683 , 7,16
0,487607 , -0,02000004 , -84,14045 , 7,18
0,489052 , -0,02000016 , -84,03404 , 7,2
0,4904751 , -0,0200001 , -83,92761 , 7,22
0,49188 , -0,02000004 , -83,82117 , 7,24
0,4932689 , -0,02000004 , -83,7147 , 7,26
0,4946436 , -0,02000004 , -83,60822 , 7,28
0,4960053 , -0,02000004 , -83,50172 , 7,3
0,4973549 , -0,01999998 , -83,3952 , 7,32
0,4986932 , -0,01999998 , -83,28867 , 7,34
0,499961 , -0,01999998 , -83,18213 , 7,36
0,5011207 , -0,01999998 , -83,07557 , 7,38
0,501969 , -0,0200001 , -82,96898 , 7,4
0,5023218 , -0,02000004 , -82,86237 , 7,42
0,5021217 , -0,02000004 , -82,75574 , 7,44
0,5013331 , -0,02000004 , -82,64914 , 7,46
0,5000501 , -0,02000004 , -82,54256 , 7,48
0,4983906 , -0,01999998 , -82,43603 , 7,5
0,496487 , -0,01999998 , -82,32952 , 7,52
0,4944081 , -0,0200001 , -82,22305 , 7,54
0,4921648 , -0,0200001 , -82,11659 , 7,56
0,4897669 , -0,0200001 , -82,01017 , 7,58
0,4871415 , -0,0200001 , -81,90378 , 7,6
0,4843048 , -0,0200001 , -81,79742 , 7,62
0,4812717 , -0,02000004 , -81,69108 , 7,64
0,4780549 , -0,01999998 , -81,58477 , 7,66
0,4746663 , -0,01999998 , -81,47849 , 7,68
0,4711164 , -0,01999998 , -81,37222 , 7,7
0,4674147 , -0,01999998 , -81,26598 , 7,72
0,4635699 , -0,01999998 , -81,15976 , 7,74
0,4599159 , -0,0200001 , -81,05352 , 7,76
0,4570826 , -0,0200001 , -80,94723 , 7,78
0,455479 , -0,02000004 , -80,84088 , 7,8
0,4548983 , -0,02000004 , -80,7345 , 7,82
0,4550262 , -0,02000004 , -80,6281 , 7,84
0,4556034 , -0,02000004 , -80,52167 , 7,86
0,4564658 , -0,02000004 , -80,41522 , 7,88
0,4575098 , -0,02000004 , -80,30875 , 7,9
0,4586697 , -0,02000004 , -80,20227 , 7,92
0,4599037 , -0,02000004 , -80,09577 , 7,94
0,4611858 , -0,01999998 , -79,98926 , 7,96
0,462499 , -0,01999998 , -79,88274 , 7,98
0,4634074 , -0,01999998 , -79,77618 , 8
0,4633304 , -0,0200001 , -79,66964 , 8,02
0,4616831 , -0,02000004 , -79,56329 , 8,04
0,4577945 , -0,02000004 , -79,45734 , 8,059999
0,451 , -0,02000004 , -79,35208 , 8,08
0,441021 , -0,02000016 , -79,24766 , 8,099999
0,4273999 , -0,0200001 , -79,14438 , 8,12
0,4094306 , -0,0200001 , -79,04278 , 8,139999
0,3865166 , -0,0200001 , -78,9435 , 8,16
0,3582217 , -0,02000004 , -78,84721 , 8,179999
0,32439 , -0,02000016 , -78,75446 , 8,2
0,2850957 , -0,01999998 , -78,66558 , 8,22
0,2407578 , -0,01999998 , -78,58038 , 8,24
0,191525 , -0,0200001 , -78,49912 , 8,26
0,1378035 , -0,0200001 , -78,42156 , 8,28
0,07981245 , -0,0200001 , -78,34781 , 8,3
0,01790339 , -0,0200001 , -78,27765 , 8,32
-0,04775082 , -0,0200001 , -78,21127 , 8,34
-0,1168325 , -0,02000004 , -78,14844 , 8,36
-0,1890963 , -0,02000004 , -78,08909 , 8,38
-0,2643033 , -0,02000004 , -78,03311 , 8,4
-0,3422197 , -0,02000004 , -77,98038 , 8,42
-0,4226061 , -0,02000004 , -77,93069 , 8,44
-0,5052372 , -0,02000004 , -77,8838 , 8,46
-0,5899102 , -0,02000004 , -77,83952 , 8,48
-0,6764422 , -0,02000004 , -77,79767 , 8,5
-0,7646686 , -0,02000004 , -77,75809 , 8,52
-0,8544406 , -0,02000004 , -77,72063 , 8,54
-0,9456235 , -0,02000004 , -77,68519 , 8,559999
-1,038096 , -0,02000004 , -77,65163 , 8,58
-1,131748 , -0,02000004 , -77,61986 , 8,599999
-1,226479 , -0,02000004 , -77,58978 , 8,62
-1,322199 , -0,02000004 , -77,56132 , 8,639999
-1,418826 , -0,02000004 , -77,53439 , 8,66
-1,516285 , -0,02000004 , -77,50892 , 8,679999
-1,614508 , -0,02000004 , -77,48486 , 8,7
-1,713432 , -0,02000004 , -77,46214 , 8,72
-1,813001 , -0,02000004 , -77,44073 , 8,74
-1,913164 , -0,02000004 , -77,42056 , 8,76
-2,013873 , -0,02000004 , -77,40159 , 8,78
-2,115084 , -0,02000004 , -77,38379 , 8,8
-2,216758 , -0,02000004 , -77,36711 , 8,82
-2,318859 , -0,02000004 , -77,35152 , 8,84
-2,421353 , -0,02000004 , -77,33699 , 8,86
-2,524209 , -0,02000004 , -77,32349 , 8,88
-2,627399 , -0,02000004 , -77,31098 , 8,9
-2,730897 , -0,02000004 , -77,29945 , 8,92
-2,834678 , -0,02000004 , -77,28885 , 8,94
-2,938721 , -0,02000004 , -77,27917 , 8,96
-3,043005 , -0,02000004 , -77,27039 , 8,98
-3,147511 , -0,02000004 , -77,26247 , 9
-3,252221 , -0,02000004 , -77,25541 , 9,02
-3,357119 , -0,02000004 , -77,24917 , 9,04
-3,46219 , -0,02000004 , -77,24374 , 9,059999
-3,567421 , -0,02000004 , -77,2391 , 9,08
-3,672797 , -0,02000004 , -77,23522 , 9,099999
-3,778307 , -0,02000004 , -77,23208 , 9,12
-3,883938 , -0,02000004 , -77,22962 , 9,139999
-3,989668 , -0,02000004 , -77,22758 , 9,16
-4,095477 , -0,02000004 , -77,22568 , 9,179999
-4,2013 , -0,02000004 , -77,22338 , 9,2
-4,307042 , -0,02000004 , -77,22009 , 9,22
-4,412536 , -0,02000004 , -77,21511 , 9,24
-4,517306 , -0,02000004 , -77,20709 , 9,26
-4,620322 , -0,01999998 , -77,19427 , 9,28
-4,720162 , -0,02000016 , -77,17522 , 9,3
-4,815868 , -0,02000016 , -77,14954 , 9,32
-4,906733 , -0,02000016 , -77,11716 , 9,34
-4,992464 , -0,01999998 , -77,07838 , 9,36
-5,072566 , -0,02000016 , -77,03343 , 9,38
-5,146815 , -0,0200001 , -76,98269 , 9,4
-5,215271 , -0,0200001 , -76,9266 , 9,42
-5,278361 , -0,0200001 , -76,86567 , 9,44
-5,33659 , -0,0200001 , -76,80038 , 9,46
-5,390404 , -0,0200001 , -76,73115 , 9,48
-5,440193 , -0,0200001 , -76,65837 , 9,5
-5,486302 , -0,0200001 , -76,58239 , 9,52
-5,529036 , -0,02000004 , -76,50351 , 9,54
-5,568665 , -0,01999998 , -76,422 , 9,559999
-5,605426 , -0,0200001 , -76,33813 , 9,58
-5,639531 , -0,01999992 , -76,25211 , 9,599999
-5,671168 , -0,0200001 , -76,16414 , 9,62
-5,700734 , -0,0200001 , -76,07445 , 9,639999
-5,729271 , -0,0200001 , -75,98338 , 9,66
-5,758272 , -0,0200001 , -75,89152 , 9,679999
-5,788789 , -0,02000004 , -75,79942 , 9,7
-5,821695 , -0,02000004 , -75,70772 , 9,719999
-5,857276 , -0,02000022 , -75,61672 , 9,74
-5,895473 , -0,02000016 , -75,52653 , 9,76
-5,936244 , -0,0200001 , -75,43723 , 9,78
-5,979635 , -0,02000004 , -75,34898 , 9,8
-6,025764 , -0,02000004 , -75,26202 , 9,82
-6,074697 , -0,02000016 , -75,17657 , 9,84
-6,126482 , -0,0200001 , -75,09283 , 9,86
-6,18097 , -0,0200001 , -75,01077 , 9,88
-6,237973 , -0,0200001 , -74,93034 , 9,9
-6,297273 , -0,0200001 , -74,85139 , 9,92
-6,358631 , -0,02000004 , -74,77379 , 9,94
-6,421832 , -0,02000004 , -74,69737 , 9,96
-6,486687 , -0,02000004 , -74,62202 , 9,98
-6,553029 , -0,02000004 , -74,54763 , 10
-6,620708 , -0,02000004 , -74,4741 , 10,02
-6,689592 , -0,02000004 , -74,40134 , 10,04
-6,759565 , -0,02000004 , -74,32929 , 10,06
-6,830521 , -0,02000004 , -74,25787 , 10,08
-6,902367 , -0,02000004 , -74,18703 , 10,1
-6,975021 , -0,02000004 , -74,11673 , 10,12
-7,048434 , -0,02000004 , -74,04694 , 10,14
-7,122537 , -0,02000004 , -73,97762 , 10,16
-7,197292 , -0,02000004 , -73,90876 , 10,18
-7,272645 , -0,02000004 , -73,84033 , 10,2
-7,348543 , -0,02000004 , -73,7723 , 10,22
-7,424942 , -0,02000004 , -73,70464 , 10,24
-7,501801 , -0,01999998 , -73,63731 , 10,26
-7,579085 , -0,01999998 , -73,57032 , 10,28
-7,656761 , -0,01999998 , -73,50362 , 10,3
-7,734845 , -0,0200001 , -73,43727 , 10,32
-7,813442 , -0,02000004 , -73,37141 , 10,34
-7,892739 , -0,02000004 , -73,30631 , 10,36
-7,973064 , -0,02000004 , -73,24251 , 10,38
-8,05482 , -0,02000004 , -73,18077 , 10,4
-8,13823 , -0,02000004 , -73,1217 , 10,42
-8,22344 , -0,02000004 , -73,06589 , 10,44
-8,310595 , -0,02000004 , -73,01427 , 10,46
-8,399642 , -0,02000004 , -72,96735 , 10,48
-8,490416 , -0,02000004 , -72,92489 , 10,5
-8,582788 , -0,02000004 , -72,8871 , 10,52
-8,676602 , -0,02000004 , -72,85376 , 10,54
-8,771717 , -0,02000004 , -72,82446 , 10,56
-8,868002 , -0,02000004 , -72,79882 , 10,58
-8,965341 , -0,01999998 , -72,77653 , 10,6
-9,054633 , -0,0200001 , -72,77557 , 10,62
-9,140384 , -0,0200001 , -72,77516 , 10,64
-9,222923 , -0,0200001 , -72,77498 , 10,66
-9,30257 , -0,02000004 , -72,7749 , 10,68
-9,379596 , -0,02000004 , -72,77489 , 10,7
-9,45426 , -0,02000016 , -72,77495 , 10,72
-9,526797 , -0,01999998 , -72,77504 , 10,74
-9,597422 , -0,01999998 , -72,77517 , 10,76
-9,666324 , -0,01999998 , -72,77533 , 10,78
-9,733675 , -0,01999998 , -72,77551 , 10,8
-9,799631 , -0,01999998 , -72,77572 , 10,82
-9,864331 , -0,01999998 , -72,77594 , 10,84
-9,927901 , -0,0200001 , -72,77618 , 10,86
-9,990453 , -0,02000004 , -72,77646 , 10,88
-10,05208 , -0,02000004 , -72,7768 , 10,9
-10,11289 , -0,02000004 , -72,77725 , 10,92
-10,17294 , -0,02000004 , -72,77777 , 10,94
-10,23232 , -0,02000004 , -72,77833 , 10,96
-10,29109 , -0,02000004 , -72,77892 , 10,98
-10,34932 , -0,02000004 , -72,77952 , 11
-10,40705 , -0,02000004 , -72,78013 , 11,02
-10,46435 , -0,02000004 , -72,78074 , 11,04
-10,52125 , -0,01999998 , -72,78135 , 11,06
-10,57779 , -0,01999998 , -72,78196 , 11,08
-10,63401 , -0,0200001 , -72,78256 , 11,1
-10,68994 , -0,02000004 , -72,78316 , 11,12
-10,75095 , -0,02000004 , -72,78397 , 11,14
-10,81652 , -0,01999998 , -72,7849 , 11,16
-10,8862 , -0,01999998 , -72,7859 , 11,18
-10,95958 , -0,01999998 , -72,78697 , 11,2
-11,03111 , -0,01999998 , -72,79457 , 11,22
-11,09672 , -0,0200001 , -72,80671 , 11,24
-11,15987 , -0,0200001 , -72,81917 , 11,26
-11,22121 , -0,02000004 , -72,83142 , 11,28
-11,28123 , -0,02000004 , -72,84344 , 11,3
-11,34031 , -0,02000004 , -72,85529 , 11,32
-11,39826 , -0,02000004 , -72,86782 , 11,34
-11,45472 , -0,02000004 , -72,88197 , 11,36
-11,50922 , -0,02000004 , -72,89832 , 11,38
-11,56146 , -0,02000004 , -72,91711 , 11,4
-11,61128 , -0,02000004 , -72,93837 , 11,42
-11,65878 , -0,02000004 , -72,96194 , 11,44
-11,7068 , -0,02000004 , -72,9921 , 11,46
-11,75525 , -0,02000004 , -73,02818 , 11,48
-11,80411 , -0,02000004 , -73,06957 , 11,5
-11,85336 , -0,02000004 , -73,11575 , 11,52
-11,90329 , -0,02000004 , -73,16602 , 11,54
-11,9542 , -0,02000004 , -73,21971 , 11,56
-12,00642 , -0,02000004 , -73,27615 , 11,58
-12,06029 , -0,02000004 , -73,33466 , 11,6
-12,1162 , -0,02000004 , -73,39449 , 11,62
-12,17452 , -0,01999998 , -73,4549 , 11,64
-12,23555 , -0,01999998 , -73,5151 , 11,66
-12,29944 , -0,01999998 , -73,57449 , 11,68
-12,36623 , -0,01999998 , -73,63257 , 11,7
-12,43586 , -0,0200001 , -73,68904 , 11,72
-12,50812 , -0,0200001 , -73,74393 , 11,74
-12,58279 , -0,0200001 , -73,79727 , 11,76
-12,65963 , -0,02000004 , -73,84921 , 11,78
-12,73841 , -0,02000016 , -73,89994 , 11,8
-12,81891 , -0,0200001 , -73,94962 , 11,82
-12,90095 , -0,02000004 , -73,99839 , 11,84
-12,98434 , -0,02000004 , -74,0464 , 11,86
-13,06893 , -0,02000004 , -74,09377 , 11,88
-13,15457 , -0,02000004 , -74,14061 , 11,9
-13,24114 , -0,01999998 , -74,18701 , 11,92
-13,32853 , -0,01999998 , -74,23308 , 11,94
-13,41662 , -0,01999998 , -74,27888 , 11,96
-13,50532 , -0,01999998 , -74,32449 , 11,98
-13,59456 , -0,01999998 , -74,36996 , 12
-13,68425 , -0,0200001 , -74,41537 , 12,02
-13,77432 , -0,0200001 , -74,46076 , 12,04
-13,86473 , -0,02000004 , -74,50616 , 12,06
-13,95541 , -0,02000004 , -74,55163 , 12,08
-14,04631 , -0,02000004 , -74,59718 , 12,1
-14,13739 , -0,02000004 , -74,64286 , 12,12
-14,22862 , -0,02000004 , -74,68868 , 12,14
-14,31995 , -0,02000004 , -74,73467 , 12,16
-14,41136 , -0,02000004 , -74,78085 , 12,18
-14,50283 , -0,02000004 , -74,82722 , 12,2
-14,59432 , -0,02000004 , -74,8738 , 12,22
-14,68588 , -0,02000004 , -74,92052 , 12,24
-14,77754 , -0,02000004 , -74,96725 , 12,26
-14,8693 , -0,02000004 , -75,01401 , 12,28
-14,96112 , -0,02000004 , -75,06081 , 12,3
-15,053 , -0,02000004 , -75,10767 , 12,32
-15,14491 , -0,02000004 , -75,15463 , 12,34
-15,23683 , -0,02000004 , -75,20169 , 12,36
-15,32875 , -0,02000004 , -75,24887 , 12,38
-15,42065 , -0,02000004 , -75,29618 , 12,4
-15,50251 , -0,02000004 , -75,33791 , 12,42
-15,57534 , -0,02000004 , -75,37463 , 12,44
-15,64004 , -0,02000004 , -75,40682 , 12,46
-15,69742 , -0,02000004 , -75,43495 , 12,48
-15,74821 , -0,02000004 , -75,45942 , 12,5
-15,79308 , -0,02000004 , -75,48059 , 12,52
-15,83262 , -0,02000004 , -75,49879 , 12,54
-15,86735 , -0,02000004 , -75,51434 , 12,56
-15,89776 , -0,02000004 , -75,52747 , 12,58
-15,92428 , -0,02000004 , -75,53845 , 12,6
-15,94731 , -0,02000004 , -75,54749 , 12,62
-15,96718 , -0,02000004 , -75,55476 , 12,64
-15,98422 , -0,02000004 , -75,56047 , 12,66
-15,99871 , -0,02000004 , -75,56476 , 12,68
-16,0109 , -0,02000004 , -75,56777 , 12,7
-16,02102 , -0,02000004 , -75,56969 , 12,72
-16,02929 , -0,02000004 , -75,57091 , 12,74
-16,03588 , -0,02000004 , -75,57169 , 12,76
-16,04096 , -0,02000004 , -75,57218 , 12,78
-16,04469 , -0,02000004 , -75,57249 , 12,8
-16,04719 , -0,02000004 , -75,57269 , 12,82
-16,04879 , -0,02000004 , -75,57282 , 12,84
-16,04938 , -0,02000004 , -75,57287 , 12,86
-16,05003 , -0,02000004 , -75,57292 , 12,88
-16,05026 , -0,02000004 , -75,57294 , 12,9
-16,05027 , -0,02000004 , -75,57294 , 12,92
-16,05018 , -0,02000004 , -75,57293 , 12,94
-16,05005 , -0,02000004 , -75,57292 , 12,96
-16,04992 , -0,02000004 , -75,57291 , 12,98
-16,04981 , -0,02000004 , -75,57291 , 13
-16,04971 , -0,02000004 , -75,5729 , 13,02
-16,04963 , -0,02000004 , -75,57289 , 13,04
-16,04957 , -0,02000004 , -75,57288 , 13,06
-16,04957 , -0,02000004 , -75,57288 , 13,08
-16,04957 , -0,02000004 , -75,57288 , 13,1
-16,04957 , -0,02000004 , -75,57288 , 13,12
-16,04957 , -0,02000004 , -75,57288 , 13,14
-16,04957 , -0,02000004 , -75,57288 , 13,16
-16,04957 , -0,02000004 , -75,57288 , 13,18
-16,04957 , -0,02000004 , -75,57288 , 13,2
-16,04957 , -0,02000004 , -75,57288 , 13,22
-16,04957 , -0,02000004 , -75,57288 , 13,24
-16,04957 , -0,02000004 , -75,57288 , 13,26
-16,04957 , -0,02000004 , -75,57288 , 13,28
-16,04957 , -0,02000004 , -75,57288 , 13,3
-16,04957 , -0,02000004 , -75,57288 , 13,32
-16,0395 , -0,02000004 , -75,56998 , 13,34
-16,02036 , -0,02000004 , -75,56449 , 13,36
-15,99304 , -0,02000004 , -75,55673 , 13,38
-15,95833 , -0,02000004 , -75,547 , 13,4
-15,91694 , -0,01999998 , -75,53555 , 13,42
-15,86949 , -0,0200001 , -75,5228 , 13,44
-15,8165 , -0,02000004 , -75,50912 , 13,46
-15,75855 , -0,02000004 , -75,49457 , 13,48
