Min X value: -65
Min Y value: -14,1249
Min Z value: -105,0925
Max X value: 66,50088
Max Y value: 14,90855
Max Z value: 105
Key: charpos in X , Y , Z , Time since start capture
0 , 0 , -95 , 1,9
0 , -0,003531575 , -95 , 1,92
0 , -0,0109126 , -95 , 1,94
4,816125E-11 , -0,01818258 , -95 , 1,96
1,712832E-10 , -0,01963657 , -95 , 1,98
2,663886E-10 , -0,01992738 , -95 , 2
3,289422E-10 , -0,0199855 , -95 , 2,02
3,681617E-10 , -0,01999712 , -95 , 2,04
3,92262E-10 , -0,01999944 , -95 , 2,06
4,068762E-10 , -0,01999992 , -95 , 2,08
4,156258E-10 , -0,02000004 , -95 , 2,1
4,207852E-10 , -0,02000004 , -95 , 2,12
4,237673E-10 , -0,02000004 , -95 , 2,14
4,254448E-10 , -0,02000004 , -95 , 2,16
4,263516E-10 , -0,02000004 , -95 , 2,18
4,268116E-10 , -0,02000004 , -95 , 2,2
4,270194E-10 , -0,02000004 , -95 , 2,22
4,2709E-10 , -0,02000004 , -95 , 2,24
4,270903E-10 , -0,02000004 , -95 , 2,26
4,270583E-10 , -0,02000004 , -95 , 2,28
4,270146E-10 , -0,02000004 , -95 , 2,3
4,270146E-10 , -0,02000004 , -95 , 2,32
4,270146E-10 , -0,02000004 , -95 , 2,34
4,270146E-10 , -0,02000004 , -95 , 2,36
4,270146E-10 , -0,02000004 , -95 , 2,38
4,270146E-10 , -0,02000004 , -95 , 2,4
4,270146E-10 , -0,02000004 , -95 , 2,42
4,270146E-10 , -0,02000004 , -95 , 2,44
4,270146E-10 , -0,02000004 , -95 , 2,46
4,270146E-10 , -0,02000004 , -95 , 2,48
4,270146E-10 , -0,02000004 , -95 , 2,5
4,270146E-10 , -0,02000004 , -95 , 2,52
4,270146E-10 , -0,02000004 , -95 , 2,54
4,270146E-10 , -0,02000004 , -95 , 2,56
4,270146E-10 , -0,02000004 , -95 , 2,58
4,270146E-10 , -0,02000004 , -95 , 2,6
4,270146E-10 , -0,02000004 , -95 , 2,62
4,270146E-10 , -0,02000004 , -95 , 2,64
4,270146E-10 , -0,02000004 , -95 , 2,66
4,270146E-10 , -0,02000004 , -95 , 2,68
4,270146E-10 , -0,02000004 , -95 , 2,7
4,270146E-10 , -0,02000004 , -95 , 2,72
4,270146E-10 , -0,02000004 , -95 , 2,74
4,270146E-10 , -0,02000004 , -95 , 2,76
4,270146E-10 , -0,02000004 , -95 , 2,78
4,270146E-10 , -0,02000004 , -95 , 2,8
4,270146E-10 , -0,02000004 , -95 , 2,82
4,270146E-10 , -0,02000004 , -95 , 2,84
4,270146E-10 , -0,02000004 , -95 , 2,86
4,270146E-10 , -0,02000004 , -95 , 2,88
4,270146E-10 , -0,02000004 , -95 , 2,9
4,270146E-10 , -0,02000004 , -95 , 2,92
4,270146E-10 , -0,02000004 , -95 , 2,94
4,270146E-10 , -0,02000004 , -95 , 2,96
4,270146E-10 , -0,02000004 , -95 , 2,98
4,270146E-10 , -0,02000004 , -95 , 3
4,270146E-10 , -0,02000004 , -95 , 3,02
4,270146E-10 , -0,02000004 , -95 , 3,04
4,270146E-10 , -0,02000004 , -95 , 3,06
4,270146E-10 , -0,02000004 , -95 , 3,08
4,270146E-10 , -0,02000004 , -95 , 3,1
4,270146E-10 , -0,02000004 , -95 , 3,12
4,270146E-10 , -0,02000004 , -95 , 3,14
4,270146E-10 , -0,02000004 , -95 , 3,16
4,270146E-10 , -0,02000004 , -95 , 3,18
4,270146E-10 , -0,02000004 , -95 , 3,2
4,270146E-10 , -0,02000004 , -95 , 3,22
4,270146E-10 , -0,02000004 , -95 , 3,24
4,270146E-10 , -0,02000004 , -95 , 3,26
4,270146E-10 , -0,02000004 , -95 , 3,28
4,270146E-10 , -0,02000004 , -95 , 3,3
4,270146E-10 , -0,02000004 , -95 , 3,32
4,270146E-10 , -0,02000004 , -95 , 3,34
4,270146E-10 , -0,02000004 , -95 , 3,36
4,270146E-10 , -0,02000004 , -95 , 3,38
4,270146E-10 , -0,02000004 , -95 , 3,4
4,270146E-10 , -0,02000004 , -95 , 3,42
4,270146E-10 , -0,02000004 , -95 , 3,44
4,270146E-10 , -0,02000004 , -95 , 3,46
4,270146E-10 , -0,02000004 , -95 , 3,48
4,270146E-10 , -0,02000004 , -95 , 3,5
4,270146E-10 , -0,02000004 , -95 , 3,52
4,270146E-10 , -0,02000004 , -95 , 3,54
4,270146E-10 , -0,02000004 , -95 , 3,56
4,270146E-10 , -0,02000004 , -95 , 3,58
4,270146E-10 , -0,02000004 , -95 , 3,6
4,270146E-10 , -0,02000004 , -95 , 3,62
4,270146E-10 , -0,02000004 , -95 , 3,64
4,270146E-10 , -0,02000004 , -95 , 3,66
4,270146E-10 , -0,02000004 , -95 , 3,68
4,270146E-10 , -0,02000004 , -95 , 3,7
4,270146E-10 , -0,02000004 , -95 , 3,72
4,270146E-10 , -0,02000004 , -95 , 3,74
4,270146E-10 , -0,02000004 , -95 , 3,76
4,270146E-10 , -0,02000004 , -95 , 3,78
4,270146E-10 , -0,02000004 , -95 , 3,8
4,270146E-10 , -0,02000004 , -95 , 3,82
4,270146E-10 , -0,02000004 , -95 , 3,84
4,270146E-10 , -0,02000004 , -95 , 3,86
4,270146E-10 , -0,02000004 , -95 , 3,88
4,270146E-10 , -0,02000004 , -95 , 3,9
4,270146E-10 , -0,02000004 , -95 , 3,92
4,270146E-10 , -0,02000004 , -95 , 3,94
4,270146E-10 , -0,02000004 , -95 , 3,96
4,270146E-10 , -0,02000004 , -95 , 3,98
4,270146E-10 , -0,02000004 , -95 , 4
4,270146E-10 , -0,02000004 , -95 , 4,02
4,270146E-10 , -0,02000004 , -95 , 4,04
4,270146E-10 , -0,02000004 , -95 , 4,06
4,270146E-10 , -0,02000004 , -95 , 4,08
0,0006001012 , -0,02000004 , -94,98935 , 4,1
0,001582885 , -0,02000004 , -94,96912 , 4,12
0,002810516 , -0,02000004 , -94,94026 , 4,14
0,004195485 , -0,02000004 , -94,90364 , 4,16
0,005682156 , -0,02000022 , -94,86003 , 4,18
0,007235051 , -0,02000022 , -94,81013 , 4,2
0,008831428 , -0,02000004 , -94,75459 , 4,22
0,01045667 , -0,02000004 , -94,69394 , 4,24
0,01210126 , -0,02000004 , -94,62872 , 4,26
0,01375899 , -0,01999998 , -94,55936 , 4,28
0,01542571 , -0,0200001 , -94,4863 , 4,3
0,01709862 , -0,0200001 , -94,4099 , 4,32
0,0187758 , -0,02000004 , -94,33048 , 4,34
0,02045584 , -0,02000022 , -94,24837 , 4,36
0,02213777 , -0,02000016 , -94,16382 , 4,38
0,02382086 , -0,02000016 , -94,07707 , 4,4
0,02550453 , -0,01999998 , -93,98836 , 4,42
0,02718835 , -0,0200001 , -93,89787 , 4,44
0,02887194 , -0,02000022 , -93,80578 , 4,46
0,03055505 , -0,02000016 , -93,71225 , 4,48
0,03223742 , -0,0200001 , -93,61743 , 4,5
0,03391883 , -0,02000004 , -93,52145 , 4,52
0,03559913 , -0,02000004 , -93,42442 , 4,54
0,03727821 , -0,02000004 , -93,32644 , 4,56
0,03895594 , -0,02000004 , -93,22762 , 4,58
0,04063223 , -0,02000004 , -93,12802 , 4,6
0,04230701 , -0,02000004 , -93,02774 , 4,62
0,04398021 , -0,02000004 , -92,92684 , 4,64
0,0456518 , -0,02000004 , -92,82539 , 4,66
0,04732175 , -0,02000004 , -92,72343 , 4,68
0,04899004 , -0,02000016 , -92,62102 , 4,7
0,05065665 , -0,02000016 , -92,5182 , 4,72
0,05232159 , -0,02000016 , -92,41502 , 4,74
0,05398485 , -0,02000016 , -92,31152 , 4,76
0,05564644 , -0,02000016 , -92,20771 , 4,78
0,05730637 , -0,02000016 , -92,10364 , 4,8
0,05896468 , -0,01999998 , -91,99933 , 4,82
0,06062138 , -0,01999998 , -91,8948 , 4,84
0,06227647 , -0,01999998 , -91,79008 , 4,86
0,06393 , -0,01999998 , -91,68518 , 4,88
0,06558201 , -0,01999998 , -91,58012 , 4,9
0,06723252 , -0,0200001 , -91,47493 , 4,92
0,06888156 , -0,02000004 , -91,36961 , 4,94
0,07052916 , -0,02000004 , -91,26417 , 4,96
0,07217535 , -0,01999998 , -91,15862 , 4,98
0,07382019 , -0,0200001 , -91,05299 , 5
0,07546369 , -0,0200001 , -90,94727 , 5,02
0,07710591 , -0,02000022 , -90,84147 , 5,04
0,07874689 , -0,02000022 , -90,7356 , 5,06
0,08038664 , -0,02000004 , -90,62968 , 5,08
0,08202521 , -0,02000004 , -90,5237 , 5,1
0,08366261 , -0,02000004 , -90,41766 , 5,12
0,0852989 , -0,02000004 , -90,31159 , 5,14
0,08693412 , -0,02000004 , -90,20547 , 5,16
0,0885683 , -0,02000004 , -90,09933 , 5,18
0,09020146 , -0,02000004 , -89,99314 , 5,2
0,09183364 , -0,02000016 , -89,88692 , 5,22
0,09346487 , -0,02000016 , -89,78069 , 5,24
0,09509518 , -0,01999998 , -89,67442 , 5,26
0,0967246 , -0,01999998 , -89,56814 , 5,28
0,09835317 , -0,01999998 , -89,46183 , 5,3
0,09998091 , -0,01999998 , -89,35551 , 5,32
0,1016079 , -0,01999998 , -89,24917 , 5,34
0,103234 , -0,01999998 , -89,14281 , 5,36
0,1048595 , -0,01999998 , -89,03645 , 5,38
0,1064842 , -0,01999998 , -88,93008 , 5,4
0,1081082 , -0,01999998 , -88,82369 , 5,42
0,1097315 , -0,01999998 , -88,7173 , 5,44
0,1113542 , -0,0200001 , -88,61089 , 5,46
0,1129763 , -0,0200001 , -88,50448 , 5,48
0,1145977 , -0,0200001 , -88,39806 , 5,5
0,1162186 , -0,02000004 , -88,29164 , 5,52
0,1178389 , -0,02000004 , -88,18521 , 5,54
0,1194586 , -0,02000004 , -88,07877 , 5,56
0,1210779 , -0,02000004 , -87,97234 , 5,58
0,1226966 , -0,02000016 , -87,86589 , 5,6
0,1243149 , -0,0200001 , -87,75945 , 5,62
0,1259326 , -0,02000004 , -87,65299 , 5,64
0,12755 , -0,02000004 , -87,54654 , 5,66
0,129169 , -0,01999998 , -87,44009 , 5,68
0,1307888 , -0,0200001 , -87,33363 , 5,7
0,1324091 , -0,02000004 , -87,22717 , 5,72
0,1340295 , -0,02000004 , -87,1207 , 5,74
0,135627 , -0,02000004 , -87,01424 , 5,76
0,1371399 , -0,01999998 , -86,90776 , 5,78
0,1384539 , -0,0200001 , -86,80126 , 5,8
0,1394891 , -0,02000004 , -86,69474 , 5,82
0,1401867 , -0,02000004 , -86,58819 , 5,84
0,1405855 , -0,02000004 , -86,48161 , 5,86
0,1406784 , -0,02000004 , -86,37502 , 5,88
0,1405453 , -0,01999998 , -86,26842 , 5,9
0,1402363 , -0,0200001 , -86,1618 , 5,92
0,139785 , -0,0200001 , -86,05516 , 5,94
0,1392404 , -0,0200001 , -85,94852 , 5,96
0,1386045 , -0,0200001 , -85,84187 , 5,98
0,1379088 , -0,02000004 , -85,73521 , 6
0,1371732 , -0,02000004 , -85,62854 , 6,02
0,1364107 , -0,02000004 , -85,52187 , 6,04
0,1356293 , -0,02000004 , -85,4152 , 6,06
0,1348342 , -0,02000004 , -85,30853 , 6,08
0,1340289 , -0,02000004 , -85,20184 , 6,1
0,1332154 , -0,02000016 , -85,09516 , 6,12
0,1323954 , -0,0200001 , -84,98847 , 6,14
0,1315697 , -0,0200001 , -84,88178 , 6,16
0,1307391 , -0,0200001 , -84,77509 , 6,18
0,1299039 , -0,02000004 , -84,6684 , 6,2
0,1290646 , -0,02000004 , -84,5617 , 6,22
0,1282215 , -0,02000004 , -84,455 , 6,24
0,1273747 , -0,02000004 , -84,3483 , 6,26
0,1265244 , -0,02000016 , -84,24161 , 6,28
0,1256709 , -0,02000016 , -84,13491 , 6,3
0,1248142 , -0,02000016 , -84,02821 , 6,32
0,1239544 , -0,02000016 , -83,92152 , 6,34
0,1230918 , -0,02000016 , -83,81482 , 6,36
0,1222263 , -0,02000016 , -83,70811 , 6,38
0,1213582 , -0,0200001 , -83,60141 , 6,4
0,1204875 , -0,02000004 , -83,49471 , 6,42
0,1196143 , -0,02000004 , -83,388 , 6,44
0,1187387 , -0,02000004 , -83,2813 , 6,46
0,1178608 , -0,02000004 , -83,17459 , 6,48
0,1169806 , -0,01999998 , -83,06789 , 6,5
0,1160984 , -0,01999998 , -82,96118 , 6,52
0,1152141 , -0,01999998 , -82,85448 , 6,54
0,1143278 , -0,01999998 , -82,74777 , 6,56
0,1134397 , -0,01999998 , -82,64107 , 6,58
0,1125496 , -0,01999998 , -82,53436 , 6,6
0,1116579 , -0,01999998 , -82,42767 , 6,62
0,1107644 , -0,0200001 , -82,32097 , 6,64
0,1098693 , -0,02000004 , -82,21427 , 6,66
0,1089726 , -0,02000004 , -82,10757 , 6,68
0,1080744 , -0,02000004 , -82,00088 , 6,7
0,1071747 , -0,02000004 , -81,89418 , 6,72
0,1062737 , -0,02000004 , -81,78748 , 6,74
0,1053713 , -0,01999998 , -81,68079 , 6,76
0,1044676 , -0,01999998 , -81,57409 , 6,78
0,1034472 , -0,01999998 , -81,4674 , 6,8
0,1022107 , -0,01999998 , -81,36073 , 6,82
0,1005231 , -0,01999998 , -81,25411 , 6,84
0,09825641 , -0,0200001 , -81,14759 , 6,86
0,09499757 , -0,0200001 , -81,04123 , 6,88
0,0906425 , -0,0200001 , -80,93505 , 6,9
0,08498222 , -0,0200001 , -80,8291 , 6,92
0,07801928 , -0,0200001 , -80,7234 , 6,94
0,06975427 , -0,02000022 , -80,61794 , 6,96
0,0602736 , -0,02000016 , -80,51271 , 6,98
0,04960378 , -0,02000016 , -80,40771 , 7
0,03781727 , -0,02000016 , -80,30295 , 7,02
0,02492795 , -0,02000016 , -80,19841 , 7,04
0,01096018 , -0,01999998 , -80,0941 , 7,06
-0,004101584 , -0,01999998 , -79,99004 , 7,08
-0,02027109 , -0,01999998 , -79,88623 , 7,1
-0,03773991 , -0,0200001 , -79,78275 , 7,12
-0,05656896 , -0,02000004 , -79,67964 , 7,14
-0,07698275 , -0,02000004 , -79,577 , 7,16
-0,09903682 , -0,02000004 , -79,47488 , 7,18
-0,1228989 , -0,02000004 , -79,37335 , 7,2
-0,1486618 , -0,02000022 , -79,27251 , 7,22
-0,1766131 , -0,02000004 , -79,17252 , 7,24
-0,2069034 , -0,02000004 , -79,07353 , 7,26
-0,2398873 , -0,02000016 , -78,97581 , 7,28
-0,2756968 , -0,01999998 , -78,87954 , 7,3
-0,3146477 , -0,0200001 , -78,78504 , 7,32
-0,3569059 , -0,02000004 , -78,6926 , 7,34
-0,4027285 , -0,02000004 , -78,60261 , 7,36
-0,4520679 , -0,02000004 , -78,5152 , 7,38
-0,5049249 , -0,02000004 , -78,43056 , 7,4
-0,5611082 , -0,02000004 , -78,34866 , 7,42
-0,6203889 , -0,02000004 , -78,26935 , 7,44
-0,6825356 , -0,01999998 , -78,1925 , 7,46
-0,7473498 , -0,0200001 , -78,11801 , 7,48
-0,814643 , -0,02000004 , -78,04576 , 7,5
-0,884276 , -0,02000004 , -77,97571 , 7,52
-0,9561129 , -0,02000004 , -77,9078 , 7,54
-1,030084 , -0,02000004 , -77,84209 , 7,56
-1,106068 , -0,02000004 , -77,77855 , 7,58
-1,183983 , -0,01999998 , -77,71719 , 7,6
-1,263709 , -0,01999998 , -77,65796 , 7,62
-1,345172 , -0,01999998 , -77,60087 , 7,64
-1,428255 , -0,01999998 , -77,54584 , 7,66
-1,512862 , -0,01999998 , -77,49282 , 7,68
-1,598888 , -0,01999998 , -77,44173 , 7,7
-1,686229 , -0,01999998 , -77,39249 , 7,72
-1,774779 , -0,01999998 , -77,34496 , 7,74
-1,864441 , -0,01999998 , -77,29904 , 7,76
-1,955131 , -0,0200001 , -77,25465 , 7,78
-2,046769 , -0,02000004 , -77,21169 , 7,8
-2,139284 , -0,02000004 , -77,1701 , 7,82
-2,232613 , -0,02000004 , -77,1298 , 7,84
-2,326696 , -0,02000004 , -77,09073 , 7,86
-2,421479 , -0,02000004 , -77,05283 , 7,88
-2,516916 , -0,02000004 , -77,01607 , 7,9
-2,612959 , -0,02000004 , -76,98038 , 7,92
-2,709583 , -0,02000004 , -76,94576 , 7,94
-2,806747 , -0,02000004 , -76,91218 , 7,96
-2,904436 , -0,02000004 , -76,87965 , 7,98
-3,002641 , -0,02000004 , -76,84824 , 8
-3,101365 , -0,02000004 , -76,81805 , 8,02
-3,20059 , -0,02000004 , -76,78908 , 8,04
-3,300305 , -0,02000004 , -76,76139 , 8,059999
-3,400491 , -0,02000004 , -76,735 , 8,08
-3,501126 , -0,02000004 , -76,7099 , 8,099999
-3,602191 , -0,02000004 , -76,6861 , 8,12
-3,703661 , -0,02000004 , -76,66357 , 8,139999
-3,805512 , -0,02000004 , -76,64229 , 8,16
-3,907721 , -0,02000004 , -76,62222 , 8,179999
-4,010264 , -0,01999998 , -76,60332 , 8,2
-4,113122 , -0,01999998 , -76,58557 , 8,22
-4,21627 , -0,01999998 , -76,56892 , 8,24
-4,319692 , -0,01999998 , -76,55333 , 8,26
-4,423366 , -0,0200001 , -76,53876 , 8,28
-4,527273 , -0,0200001 , -76,52517 , 8,3
-4,631401 , -0,0200001 , -76,51253 , 8,32
-4,735731 , -0,0200001 , -76,5008 , 8,34
-4,840251 , -0,02000004 , -76,48997 , 8,36
-4,944948 , -0,02000004 , -76,47999 , 8,38
-5,049808 , -0,02000004 , -76,47083 , 8,4
-5,154818 , -0,02000004 , -76,46246 , 8,42
-5,259968 , -0,02000004 , -76,45483 , 8,44
-5,365246 , -0,02000004 , -76,44793 , 8,46
-5,470645 , -0,02000004 , -76,44173 , 8,48
-5,576155 , -0,02000004 , -76,4362 , 8,5
-5,681768 , -0,02000004 , -76,43133 , 8,52
-5,787477 , -0,02000004 , -76,42708 , 8,54
-5,893273 , -0,01999998 , -76,42344 , 8,559999
-5,999151 , -0,01999998 , -76,42038 , 8,58
-6,105104 , -0,01999998 , -76,41789 , 8,599999
-6,211127 , -0,01999998 , -76,41592 , 8,62
-6,317215 , -0,0200001 , -76,4143 , 8,639999
-6,423362 , -0,0200001 , -76,41293 , 8,66
-6,529565 , -0,02000004 , -76,41176 , 8,679999
-6,635819 , -0,02000004 , -76,41074 , 8,7
-6,742122 , -0,02000022 , -76,40988 , 8,72
-6,848469 , -0,02000004 , -76,40916 , 8,74
-6,954858 , -0,02000004 , -76,40854 , 8,76
-7,061285 , -0,02000004 , -76,408 , 8,78
-7,167746 , -0,01999998 , -76,40757 , 8,8
-7,274239 , -0,0200001 , -76,40723 , 8,82
-7,38076 , -0,02000004 , -76,40695 , 8,84
-7,487308 , -0,02000004 , -76,40675 , 8,86
-7,593878 , -0,02000004 , -76,4066 , 8,88
-7,70047 , -0,02000004 , -76,40651 , 8,9
-7,807081 , -0,02000004 , -76,40647 , 8,92
-7,913708 , -0,02000004 , -76,40649 , 8,94
-7,979255 , -0,02000004 , -76,40172 , 8,96
-8,020596 , -0,02000004 , -76,39998 , 8,98
-8,058645 , -0,02000004 , -76,39893 , 9
-8,097684 , -0,02000004 , -76,39811 , 9,02
-8,136725 , -0,02000004 , -76,39753 , 9,04
-8,175453 , -0,02000004 , -76,39722 , 9,059999
-8,213678 , -0,02000004 , -76,39706 , 9,08
-8,251959 , -0,02000004 , -76,39693 , 9,099999
-8,289447 , -0,02000004 , -76,39682 , 9,12
-8,326678 , -0,02000016 , -76,39667 , 9,139999
-8,364072 , -0,02000016 , -76,39644 , 9,16
-8,401423 , -0,01999998 , -76,39613 , 9,179999
-8,438739 , -0,01999998 , -76,39575 , 9,2
-8,476118 , -0,01999998 , -76,39529 , 9,22
-8,512509 , -0,01999998 , -76,39475 , 9,24
-8,545801 , -0,0200001 , -76,39411 , 9,26
-8,579138 , -0,0200001 , -76,39339 , 9,28
-8,612768 , -0,0200001 , -76,3926 , 9,3
-8,646306 , -0,02000004 , -76,39172 , 9,32
-8,679809 , -0,02000004 , -76,39075 , 9,34
-8,713387 , -0,02000004 , -76,3897 , 9,36
-8,746835 , -0,02000004 , -76,38857 , 9,38
-8,780052 , -0,02000004 , -76,3873 , 9,4
-8,813143 , -0,02000004 , -76,38585 , 9,42
-8,846216 , -0,02000004 , -76,38422 , 9,44
-8,878962 , -0,02000004 , -76,38239 , 9,46
-8,911288 , -0,02000004 , -76,3803 , 9,48
-8,943206 , -0,02000004 , -76,37796 , 9,5
-8,974761 , -0,02000016 , -76,37536 , 9,52
-9,006 , -0,0200001 , -76,37249 , 9,54
-9,036955 , -0,02000004 , -76,36935 , 9,559999
-9,067641 , -0,02000004 , -76,36591 , 9,58
-9,098104 , -0,01999998 , -76,36227 , 9,599999
-9,128403 , -0,0200001 , -76,35861 , 9,62
-9,158553 , -0,0200001 , -76,35489 , 9,639999
-9,188578 , -0,02000004 , -76,35113 , 9,66
-9,218493 , -0,02000004 , -76,34737 , 9,679999
-9,248322 , -0,02000004 , -76,34361 , 9,7
-9,27807 , -0,02000004 , -76,33987 , 9,719999
-9,307747 , -0,02000004 , -76,33614 , 9,74
-9,337357 , -0,02000004 , -76,33239 , 9,76
-9,366904 , -0,02000004 , -76,32864 , 9,78
-9,396395 , -0,02000004 , -76,32486 , 9,8
-9,425834 , -0,02000004 , -76,32105 , 9,82
-9,455225 , -0,02000004 , -76,31722 , 9,84
-9,484573 , -0,02000004 , -76,31333 , 9,86
-9,513882 , -0,02000004 , -76,3094 , 9,88
-9,543156 , -0,02000004 , -76,30542 , 9,9
-9,572397 , -0,02000004 , -76,30138 , 9,92
-9,601611 , -0,02000004 , -76,29729 , 9,94
-9,630799 , -0,01999998 , -76,29313 , 9,96
-9,659965 , -0,01999998 , -76,2889 , 9,98
-9,689111 , -0,01999998 , -76,28461 , 10
-9,718241 , -0,01999998 , -76,28024 , 10,02
-9,747355 , -0,01999998 , -76,27579 , 10,04
-9,776459 , -0,01999998 , -76,27126 , 10,06
-9,805552 , -0,01999998 , -76,26666 , 10,08
-9,834638 , -0,01999998 , -76,26196 , 10,1
-9,863719 , -0,01999998 , -76,25719 , 10,12
-9,892796 , -0,01999998 , -76,25233 , 10,14
-9,921871 , -0,01999998 , -76,24739 , 10,16
-9,950947 , -0,01999998 , -76,24236 , 10,18
-9,980025 , -0,01999998 , -76,23725 , 10,2
-10,00911 , -0,02000016 , -76,23205 , 10,22
-10,03819 , -0,02000016 , -76,22676 , 10,24
-10,06729 , -0,02000016 , -76,22138 , 10,26
-10,09639 , -0,01999998 , -76,21591 , 10,28
-10,1255 , -0,01999998 , -76,21036 , 10,3
-10,15463 , -0,01999998 , -76,20471 , 10,32
-10,18376 , -0,0200001 , -76,19898 , 10,34
-10,21291 , -0,02000004 , -76,19316 , 10,36
-10,24208 , -0,02000004 , -76,18726 , 10,38
-10,27127 , -0,02000004 , -76,18126 , 10,4
-10,30047 , -0,02000004 , -76,17518 , 10,42
-10,32969 , -0,02000004 , -76,16901 , 10,44
-10,35894 , -0,02000004 , -76,16275 , 10,46
-10,38821 , -0,02000004 , -76,15641 , 10,48
-10,4175 , -0,01999998 , -76,14999 , 10,5
-10,44682 , -0,01999998 , -76,14348 , 10,52
-10,47616 , -0,01999998 , -76,13688 , 10,54
-10,50554 , -0,01999998 , -76,1302 , 10,56
-10,53494 , -0,01999998 , -76,12344 , 10,58
-10,56437 , -0,0200001 , -76,1166 , 10,6
-10,59384 , -0,02000004 , -76,10967 , 10,62
-10,62334 , -0,02000004 , -76,10267 , 10,64
-10,65288 , -0,02000004 , -76,09558 , 10,66
-10,68246 , -0,02000004 , -76,08842 , 10,68
-10,71207 , -0,02000004 , -76,08117 , 10,7
-10,74173 , -0,02000004 , -76,07384 , 10,72
-10,77143 , -0,02000004 , -76,06644 , 10,74
-10,80117 , -0,02000004 , -76,05897 , 10,76
-10,83096 , -0,02000016 , -76,05141 , 10,78
-10,86079 , -0,01999998 , -76,04379 , 10,8
-10,89067 , -0,0200001 , -76,03607 , 10,82
-10,92061 , -0,02000004 , -76,02828 , 10,84
-10,95059 , -0,02000004 , -76,02042 , 10,86
-10,98063 , -0,02000004 , -76,01247 , 10,88
-11,01072 , -0,02000004 , -76,00446 , 10,9
-11,04087 , -0,02000004 , -75,99637 , 10,92
-11,07109 , -0,02000004 , -75,98821 , 10,94
-11,10136 , -0,02000004 , -75,97999 , 10,96
-11,1317 , -0,02000004 , -75,97169 , 10,98
-11,16211 , -0,02000004 , -75,96333 , 11
-11,19258 , -0,02000004 , -75,95491 , 11,02
-11,22313 , -0,02000004 , -75,94642 , 11,04
-11,25375 , -0,01999998 , -75,93787 , 11,06
-11,28445 , -0,01999998 , -75,92925 , 11,08
-11,31522 , -0,01999998 , -75,92058 , 11,1
-11,34608 , -0,01999998 , -75,91184 , 11,12
-11,37702 , -0,01999998 , -75,90305 , 11,14
-11,40804 , -0,01999998 , -75,89419 , 11,16
-11,43916 , -0,0200001 , -75,88528 , 11,18
-11,47036 , -0,02000004 , -75,8763 , 11,2
-11,50167 , -0,02000004 , -75,86728 , 11,22
-11,53307 , -0,02000004 , -75,8582 , 11,24
-11,56455 , -0,02000004 , -75,84908 , 11,26
-11,59514 , -0,02000004 , -75,84027 , 11,28
-11,62578 , -0,02000004 , -75,83184 , 11,3
-11,65593 , -0,01999998 , -75,82365 , 11,32
-11,68576 , -0,01999998 , -75,81564 , 11,34
-11,71526 , -0,01999998 , -75,80777 , 11,36
-11,74443 , -0,01999998 , -75,80003 , 11,38
-11,77331 , -0,0200001 , -75,79237 , 11,4
-11,80193 , -0,02000004 , -75,78478 , 11,42
-11,83025 , -0,02000004 , -75,77746 , 11,44
-11,85832 , -0,02000004 , -75,77055 , 11,46
-11,8861 , -0,02000004 , -75,76405 , 11,48
-11,9136 , -0,02000004 , -75,75801 , 11,5
-11,94082 , -0,02000004 , -75,75249 , 11,52
-11,96776 , -0,01999998 , -75,7477 , 11,54
-11,99442 , -0,0200001 , -75,74368 , 11,56
-12,02054 , -0,0200001 , -75,74032 , 11,58
-12,04597 , -0,02000004 , -75,73743 , 11,6
-12,07108 , -0,02000004 , -75,73538 , 11,62
-12,09562 , -0,02000004 , -75,73429 , 11,64
-12,11961 , -0,02000004 , -75,73402 , 11,66
-12,14305 , -0,02000004 , -75,73436 , 11,68
-12,16605 , -0,02000004 , -75,73531 , 11,7
-12,18871 , -0,02000004 , -75,7367 , 11,72
-12,2111 , -0,02000004 , -75,73835 , 11,74
-12,23345 , -0,01999986 , -75,74023 , 11,76
-12,25563 , -0,01999998 , -75,74209 , 11,78
-12,27783 , -0,0200001 , -75,74386 , 11,8
-12,30007 , -0,02000004 , -75,74538 , 11,82
-12,32241 , -0,02000004 , -75,74661 , 11,84
-12,34485 , -0,02000004 , -75,74758 , 11,86
-12,36742 , -0,02000004 , -75,74824 , 11,88
-12,39004 , -0,02000004 , -75,74866 , 11,9
-12,41285 , -0,02000004 , -75,74855 , 11,92
-12,43585 , -0,02000004 , -75,74687 , 11,94
-12,45594 , -0,01999998 , -75,74183 , 11,96
-12,47162 , -0,01999998 , -75,73436 , 11,98
-12,48294 , -0,01999998 , -75,72502 , 12
-12,49008 , -0,01999998 , -75,71423 , 12,02
-12,49178 , -0,0200001 , -75,70112 , 12,04
-12,48533 , -0,02000004 , -75,6827 , 12,06
-12,47141 , -0,02000004 , -75,65968 , 12,08
-12,4507 , -0,02000004 , -75,63262 , 12,1
-12,42383 , -0,02000004 , -75,60197 , 12,12
-12,39143 , -0,02000004 , -75,56807 , 12,14
-12,354 , -0,02000004 , -75,53132 , 12,16
-12,31214 , -0,02000004 , -75,49188 , 12,18
-12,26687 , -0,02000004 , -75,44934 , 12,2
-12,22698 , -0,02000004 , -75,4119 , 12,22
-12,19192 , -0,02000004 , -75,37906 , 12,24
-12,16122 , -0,02000004 , -75,35034 , 12,26
-12,13443 , -0,02000004 , -75,32535 , 12,28
-12,11118 , -0,02000004 , -75,3037 , 12,3
-12,09109 , -0,02000004 , -75,28506 , 12,32
-12,07386 , -0,02000004 , -75,26913 , 12,34
-12,0592 , -0,02000004 , -75,25565 , 12,36
-12,04686 , -0,02000004 , -75,24435 , 12,38
-12,03659 , -0,02000004 , -75,23504 , 12,4
-12,0282 , -0,02000004 , -75,22751 , 12,42
-12,0215 , -0,02000004 , -75,22157 , 12,44
-12,01632 , -0,02000004 , -75,21708 , 12,46
-12,0125 , -0,02000004 , -75,21388 , 12,48
-12,00991 , -0,02000004 , -75,21185 , 12,5
-12,00826 , -0,02000004 , -75,21055 , 12,52
-12,00762 , -0,02000004 , -75,2101 , 12,54
-12,00695 , -0,02000004 , -75,20957 , 12,56
-12,00672 , -0,02000004 , -75,20939 , 12,58
-12,00671 , -0,02000004 , -75,20938 , 12,6
-12,0068 , -0,02000004 , -75,20946 , 12,62
-12,00693 , -0,02000004 , -75,20956 , 12,64
-12,00706 , -0,02000004 , -75,20966 , 12,66
-12,00718 , -0,02000004 , -75,20975 , 12,68
-12,00728 , -0,02000004 , -75,20982 , 12,7
-12,00736 , -0,02000004 , -75,20989 , 12,72
-12,00742 , -0,02000004 , -75,20995 , 12,74
-12,00747 , -0,02000004 , -75,20998 , 12,76
-12,00751 , -0,02000004 , -75,21001 , 12,78
-12,00754 , -0,02000004 , -75,21004 , 12,8
-12,00756 , -0,02000004 , -75,21005 , 12,82
-12,00758 , -0,02000004 , -75,21007 , 12,84
-12,00759 , -0,02000004 , -75,21008 , 12,86
-12,0076 , -0,02000004 , -75,21008 , 12,88
-12,0076 , -0,02000004 , -75,21009 , 12,9
-12,0076 , -0,02000004 , -75,21009 , 12,92
-12,0076 , -0,02000004 , -75,21009 , 12,94
-12,0076 , -0,02000004 , -75,21009 , 12,96
-12,0076 , -0,02000004 , -75,21009 , 12,98
-12,0076 , -0,02000004 , -75,21009 , 13
-12,0076 , -0,02000004 , -75,21009 , 13,02
-12,0076 , -0,02000004 , -75,21009 , 13,04
-12,0076 , -0,02000004 , -75,21009 , 13,06
-12,0076 , -0,02000004 , -75,21009 , 13,08
-12,0076 , -0,02000004 , -75,21009 , 13,1
-12,0076 , -0,02000004 , -75,21009 , 13,12
-12,0076 , -0,02000004 , -75,21009 , 13,14
-12,0076 , -0,02000004 , -75,21009 , 13,16
-12,0076 , -0,02000004 , -75,21009 , 13,18
-12,0076 , -0,02000004 , -75,21009 , 13,2
-12,0076 , -0,02000004 , -75,21009 , 13,22
-12,0076 , -0,02000004 , -75,21009 , 13,24
-12,0076 , -0,02000004 , -75,21009 , 13,26
-12,0076 , -0,02000004 , -75,21009 , 13,28
-12,0076 , -0,02000004 , -75,21009 , 13,3
-12,0076 , -0,02000004 , -75,21009 , 13,32
-12,0076 , -0,02000004 , -75,21009 , 13,34
-12,0076 , -0,02000004 , -75,21009 , 13,36
-12,0076 , -0,02000004 , -75,21009 , 13,38
-12,0076 , -0,02000004 , -75,21009 , 13,4
-12,0076 , -0,02000004 , -75,21009 , 13,42
-12,0076 , -0,02000004 , -75,21009 , 13,44
-12,0076 , -0,02000004 , -75,21009 , 13,46
-12,0076 , -0,02000004 , -75,21009 , 13,48
-12,0076 , -0,02000004 , -75,21009 , 13,5
-12,0076 , -0,02000004 , -75,21009 , 13,52
-12,0076 , -0,02000004 , -75,21009 , 13,54
-12,0076 , -0,02000004 , -75,21009 , 13,56
-12,0076 , -0,02000004 , -75,21009 , 13,58
-12,0076 , -0,02000004 , -75,21009 , 13,6
-12,0076 , -0,02000004 , -75,21009 , 13,62
-12,0076 , -0,02000004 , -75,21009 , 13,64
-12,0076 , -0,02000004 , -75,21009 , 13,66
-12,0076 , -0,02000004 , -75,21009 , 13,68
-12,0076 , -0,02000004 , -75,21009 , 13,7
-12,0076 , -0,02000004 , -75,21009 , 13,72
-12,0076 , -0,02000004 , -75,21009 , 13,74
-12,0076 , -0,02000004 , -75,21009 , 13,76
-12,0076 , -0,02000004 , -75,21009 , 13,78
-12,0076 , -0,02000004 , -75,21009 , 13,8
-12,0076 , -0,02000004 , -75,21009 , 13,82
-12,0076 , -0,02000004 , -75,21009 , 13,84
-12,0076 , -0,02000004 , -75,21009 , 13,86
-12,0076 , -0,02000004 , -75,21009 , 13,88
-12,0076 , -0,02000004 , -75,21009 , 13,9
-12,0076 , -0,02000004 , -75,21009 , 13,92
-12,0076 , -0,02000004 , -75,21009 , 13,94
-12,0076 , -0,02000004 , -75,21009 , 13,96
-12,0076 , -0,02000004 , -75,21009 , 13,98
-12,0076 , -0,02000004 , -75,21009 , 14
-12,0076 , -0,02000004 , -75,21009 , 14,02
-12,0076 , -0,02000004 , -75,21009 , 14,04
-12,0076 , -0,02000004 , -75,21009 , 14,06
-12,0076 , -0,02000004 , -75,21009 , 14,08
-12,0076 , -0,02000004 , -75,21009 , 14,1
-11,99734 , -0,02000004 , -75,2123 , 14,12
-11,97783 , -0,02000004 , -75,21647 , 14,14
-11,94998 , -0,02000004 , -75,22236 , 14,16
-11,91465 , -0,02000016 , -75,22984 , 14,18
-11,87257 , -0,02000016 , -75,23875 , 14,2
-11,82443 , -0,01999998 , -75,24899 , 14,22
-11,77084 , -0,01999998 , -75,26038 , 14,24
-11,71234 , -0,0200001 , -75,27285 , 14,26
-11,64942 , -0,02000004 , -75,28629 , 14,28
-11,58256 , -0,02000004 , -75,30068 , 14,3
-11,51216 , -0,02000004 , -75,31602 , 14,32
-11,43862 , -0,02000004 , -75,33231 , 14,34
-11,36228 , -0,02000004 , -75,34957 , 14,36
-11,28345 , -0,01999986 , -75,3678 , 14,38
-11,20241 , -0,01999998 , -75,38701 , 14,4
-11,11943 , -0,01999998 , -75,40721 , 14,42
-11,03474 , -0,01999998 , -75,42841 , 14,44
-10,94853 , -0,01999998 , -75,45058 , 14,46
-10,86101 , -0,01999992 , -75,47379 , 14,48
-10,77236 , -0,0200001 , -75,49802 , 14,5
-10,68274 , -0,0200001 , -75,52332 , 14,52
-10,59227 , -0,02000004 , -75,54965 , 14,54
-10,5011 , -0,02000004 , -75,57703 , 14,56
-10,40933 , -0,02000004 , -75,60543 , 14,58
-10,31706 , -0,02000004 , -75,63485 , 14,6
-10,22437 , -0,02000004 , -75,66525 , 14,62
-10,13125 , -0,01999998 , -75,69641 , 14,64
-10,03755 , -0,01999998 , -75,72779 , 14,66
-9,954059 , -0,01999998 , -75,75519 , 14,68
-9,879767 , -0,01999998 , -75,779 , 14,7
-9,813753 , -0,01999998 , -75,79958 , 14,72
-9,755188 , -0,01999998 , -75,81726 , 14,74
-9,703327 , -0,01999998 , -75,83232 , 14,76
-9,6575 , -0,01999998 , -75,84502 , 14,78
-9,617104 , -0,01999998 , -75,85561 , 14,8
-9,581594 , -0,01999998 , -75,8643 , 14,82
-9,550483 , -0,01999998 , -75,87126 , 14,84
-9,523331 , -0,01999998 , -75,87669 , 14,86
-9,499741 , -0,01999998 , -75,88071 , 14,88
-9,479358 , -0,01999998 , -75,8835 , 14,9
-9,461861 , -0,01999998 , -75,88527 , 14,92
-9,44696 , -0,01999998 , -75,8864 , 14,94
-9,434398 , -0,01999998 , -75,88712 , 14,96
-9,423939 , -0,01999998 , -75,88757 , 14,98
-9,415374 , -0,01999998 , -75,88786 , 15
-9,408513 , -0,01999998 , -75,88805 , 15,02
-9,403186 , -0,01999998 , -75,88817 , 15,04
-9,399239 , -0,01999998 , -75,88824 , 15,06
-9,396534 , -0,01999998 , -75,88829 , 15,08
-9,390409 , -0,0200001 , -75,87851 , 15,1
-9,381282 , -0,02000004 , -75,85986 , 15,12
-9,369524 , -0,02000004 , -75,83318 , 15,14
-9,355466 , -0,02000004 , -75,79927 , 15,16
-9,339401 , -0,02000004 , -75,75881 , 15,18
-9,32159 , -0,02000004 , -75,71244 , 15,2
-9,302264 , -0,01999998 , -75,66072 , 15,22
-9,281625 , -0,01999998 , -75,60417 , 15,24
-9,260719 , -0,01999998 , -75,54298 , 15,26
-9,240858 , -0,02000016 , -75,47734 , 15,28
-9,2241 , -0,02000016 , -75,40755 , 15,3
-9,21265 , -0,01999998 , -75,3344 , 15,32
-9,206832 , -0,0200001 , -75,25845 , 15,34
-9,206412 , -0,02000004 , -75,1804 , 15,36
-9,210293 , -0,01999998 , -75,10064 , 15,38
-9,218625 , -0,0200001 , -75,01967 , 15,4
-9,231304 , -0,02000004 , -74,93781 , 15,42
-9,248354 , -0,02000004 , -74,85545 , 15,44
-9,269628 , -0,02000004 , -74,77285 , 15,46
-9,295403 , -0,02000004 , -74,69058 , 15,48
-9,325736 , -0,02000004 , -74,60908 , 15,5
-9,36076 , -0,02000004 , -74,52887 , 15,52
-9,400349 , -0,02000004 , -74,45023 , 15,54
-9,444299 , -0,02000004 , -74,37331 , 15,56
-9,49229 , -0,02000004 , -74,29811 , 15,58
-9,544005 , -0,02000004 , -74,22457 , 15,6
-9,599156 , -0,02000004 , -74,15264 , 15,62
-9,657508 , -0,02000016 , -74,08233 , 15,64
-9,718865 , -0,0200001 , -74,01366 , 15,66
-9,783047 , -0,02000004 , -73,94665 , 15,68
-9,849885 , -0,02000004 , -73,88132 , 15,7
-9,91927 , -0,02000004 , -73,81779 , 15,72
-9,991063 , -0,01999998 , -73,75609 , 15,74
-10,06514 , -0,0200001 , -73,69625 , 15,76
-10,14136 , -0,02000004 , -73,63828 , 15,78
-10,21957 , -0,02000004 , -73,58212 , 15,8
-10,29964 , -0,02000004 , -73,52774 , 15,82
-10,38147 , -0,02000004 , -73,47516 , 15,84
-10,46495 , -0,02000004 , -73,42435 , 15,86
-10,55 , -0,02000004 , -73,37537 , 15,88
-10,63655 , -0,02000016 , -73,32825 , 15,9
-10,72451 , -0,02000016 , -73,28298 , 15,92
-10,8138 , -0,02000016 , -73,23958 , 15,94
-10,90434 , -0,02000016 , -73,19799 , 15,96
-10,99603 , -0,02000016 , -73,15816 , 15,98
-11,08879 , -0,0200001 , -73,12001 , 16
-11,18253 , -0,01999992 , -73,08346 , 16,02
-11,27719 , -0,0200001 , -73,04845 , 16,04
-11,3727 , -0,01999992 , -73,0149 , 16,06
-11,469 , -0,02000004 , -72,98281 , 16,08
-11,56604 , -0,02000004 , -72,95216 , 16,1
-11,6638 , -0,01999998 , -72,92302 , 16,12
-11,73189 , -0,01999998 , -72,93404 , 16,14
-11,79528 , -0,01999998 , -72,94656 , 16,16
-11,85586 , -0,01999998 , -72,95866 , 16,18
-11,91398 , -0,01999998 , -72,97031 , 16,2
-11,96991 , -0,01999998 , -72,98152 , 16,22
-12,02391 , -0,01999992 , -72,99235 , 16,24
-12,07616 , -0,01999992 , -73,00282 , 16,26
-12,12685 , -0,01999992 , -73,01299 , 16,28
-12,17615 , -0,01999992 , -73,02287 , 16,3
-12,22421 , -0,0200001 , -73,03251 , 16,32
-12,27115 , -0,02000004 , -73,04192 , 16,34
-12,31709 , -0,02000004 , -73,05112 , 16,36
-12,36212 , -0,02000004 , -73,06016 , 16,38
-12,40636 , -0,02000004 , -73,06903 , 16,4
-12,44988 , -0,02000004 , -73,07775 , 16,42
-12,49275 , -0,02000004 , -73,08635 , 16,44
-12,53505 , -0,02000004 , -73,09483 , 16,46
-12,57683 , -0,02000016 , -73,1032 , 16,48
-12,61815 , -0,02000016 , -73,11149 , 16,5
-12,65905 , -0,02000016 , -73,11969 , 16,52
-12,69958 , -0,02000016 , -73,12782 , 16,54
-12,73977 , -0,0200001 , -73,13587 , 16,56
-12,77966 , -0,0200001 , -73,14388 , 16,58
-12,81928 , -0,01999992 , -73,15182 , 16,6
-12,85866 , -0,0200001 , -73,15971 , 16,62
-12,89781 , -0,02000004 , -73,16756 , 16,64
-12,93677 , -0,02000004 , -73,17537 , 16,66
-12,97554 , -0,01999998 , -73,18314 , 16,68
-13,01415 , -0,01999998 , -73,19089 , 16,7
-13,05261 , -0,01999998 , -73,19859 , 16,72
-13,09093 , -0,01999998 , -73,20628 , 16,74
-13,12913 , -0,01999998 , -73,21394 , 16,76
-13,16722 , -0,01999998 , -73,22157 , 16,78
-13,20521 , -0,01999998 , -73,22919 , 16,8
-13,2431 , -0,01999998 , -73,23679 , 16,82
-13,2809 , -0,01999998 , -73,24437 , 16,84
-13,31862 , -0,01999998 , -73,25193 , 16,86
-13,35626 , -0,01999998 , -73,25948 , 16,88
-13,39383 , -0,01999998 , -73,26701 , 16,9
-13,43133 , -0,0200001 , -73,27453 , 16,92
-13,46877 , -0,02000004 , -73,28204 , 16,94
-13,50617 , -0,02000004 , -73,28954 , 16,96
-13,54352 , -0,02000004 , -73,29702 , 16,98
-13,58083 , -0,02000004 , -73,3045 , 17
-13,6181 , -0,02000016 , -73,31197 , 17,02
-13,65534 , -0,01999998 , -73,31944 , 17,04
-13,69256 , -0,0200001 , -73,3269 , 17,06
-13,72977 , -0,02000004 , -73,33437 , 17,08
-13,76699 , -0,02000004 , -73,34183 , 17,1
-13,8042 , -0,02000004 , -73,34929 , 17,12
-13,84141 , -0,02000004 , -73,35675 , 17,14
-13,87862 , -0,02000004 , -73,36421 , 17,16
-13,91584 , -0,02000004 , -73,37167 , 17,18
-13,95305 , -0,02000004 , -73,37914 , 17,2
-13,99027 , -0,02000004 , -73,3866 , 17,22
-14,02748 , -0,02000004 , -73,39405 , 17,24
-14,06468 , -0,02000004 , -73,40151 , 17,26
-14,10187 , -0,02000004 , -73,40897 , 17,28
-14,13906 , -0,02000004 , -73,41643 , 17,3
-14,17624 , -0,01999998 , -73,42388 , 17,32
-14,21341 , -0,01999998 , -73,43134 , 17,34
-14,25057 , -0,01999998 , -73,43878 , 17,36
-14,28772 , -0,01999998 , -73,44623 , 17,38
-14,32486 , -0,01999998 , -73,45367 , 17,4
-14,36199 , -0,0200001 , -73,46112 , 17,42
-14,39911 , -0,02000004 , -73,46857 , 17,44
-14,43622 , -0,02000004 , -73,47601 , 17,46
-14,47331 , -0,02000004 , -73,48344 , 17,48
-14,5104 , -0,02000004 , -73,49088 , 17,5
-14,54748 , -0,02000004 , -73,49831 , 17,52
-14,58454 , -0,02000004 , -73,50574 , 17,54
-14,6216 , -0,02000004 , -73,51318 , 17,56
-14,65865 , -0,02000004 , -73,5206 , 17,58
-14,69568 , -0,02000004 , -73,52802 , 17,6
-14,73269 , -0,02000004 , -73,53545 , 17,62
-14,76969 , -0,02000004 , -73,54286 , 17,64
-14,80667 , -0,02000004 , -73,55028 , 17,66
-14,84363 , -0,02000004 , -73,55769 , 17,68
-14,88058 , -0,02000004 , -73,56509 , 17,7
-14,91751 , -0,02000004 , -73,5725 , 17,72
-14,95443 , -0,02000004 , -73,5799 , 17,74
-14,99133 , -0,02000004 , -73,5873 , 17,76
-15,02819 , -0,02000004 , -73,5947 , 17,78
-15,06504 , -0,02000004 , -73,60208 , 17,8
-15,10186 , -0,02000004 , -73,60947 , 17,82
-15,13867 , -0,02000004 , -73,61684 , 17,84
-15,17545 , -0,02000004 , -73,62421 , 17,86
-15,21221 , -0,02000004 , -73,63158 , 17,88
-15,24896 , -0,02000004 , -73,63895 , 17,9
-15,28569 , -0,02000004 , -73,64632 , 17,92
-15,32316 , -0,02000004 , -73,65273 , 17,94
-15,362 , -0,02000004 , -73,65729 , 17,96
-15,40221 , -0,02000004 , -73,66003 , 17,98
-15,44366 , -0,02000004 , -73,66111 , 18
-15,48622 , -0,02000004 , -73,66112 , 18,02
-15,52979 , -0,02000004 , -73,66045 , 18,04
-15,57951 , -0,02000004 , -73,65865 , 18,06
-15,63477 , -0,02000004 , -73,65596 , 18,08
-15,69503 , -0,02000004 , -73,65247 , 18,1
-15,75978 , -0,02000004 , -73,6483 , 18,12
-15,82858 , -0,02000004 , -73,64355 , 18,14
-15,90104 , -0,02000004 , -73,63831 , 18,16
-15,97679 , -0,02000004 , -73,63268 , 18,18
-16,05552 , -0,02000004 , -73,62673 , 18,2
-16,13691 , -0,02000004 , -73,62048 , 18,22
-16,2207 , -0,02000004 , -73,61388 , 18,24
-16,30663 , -0,02000004 , -73,60687 , 18,26
-16,39446 , -0,01999998 , -73,59938 , 18,28
-16,48398 , -0,01999998 , -73,59135 , 18,3
-16,575 , -0,0200001 , -73,5827 , 18,32
-16,66736 , -0,0200001 , -73,57341 , 18,34
-16,76089 , -0,0200001 , -73,56345 , 18,36
-16,85546 , -0,02000004 , -73,55276 , 18,38
-16,95095 , -0,02000004 , -73,54138 , 18,4
-17,04725 , -0,01999998 , -73,5293 , 18,42
-17,14424 , -0,01999998 , -73,51643 , 18,44
-17,24178 , -0,01999998 , -73,50258 , 18,46
-17,33976 , -0,0200001 , -73,48766 , 18,48
-17,43806 , -0,0200001 , -73,47155 , 18,5
-17,53653 , -0,0200001 , -73,45397 , 18,52
-17,63502 , -0,0200001 , -73,43477 , 18,54
-17,73339 , -0,02000004 , -73,41374 , 18,56
-17,8315 , -0,02000004 , -73,39075 , 18,58
-17,92931 , -0,02000004 , -73,36587 , 18,6
-18,02678 , -0,02000016 , -73,33911 , 18,62
-18,12386 , -0,0200001 , -73,31051 , 18,64
-18,22055 , -0,0200001 , -73,28019 , 18,66
-18,31684 , -0,0200001 , -73,24823 , 18,68
-18,41273 , -0,0200001 , -73,21469 , 18,7
-18,50819 , -0,0200001 , -73,17966 , 18,72
-18,60321 , -0,0200001 , -73,14315 , 18,74
-18,69763 , -0,02000004 , -73,105 , 18,76
-18,79128 , -0,02000004 , -73,06499 , 18,78
-18,88368 , -0,02000004 , -73,02258 , 18,8
-18,97444 , -0,02000004 , -72,97742 , 18,82
-19,06264 , -0,02000004 , -72,92873 , 18,84
-19,14777 , -0,02000004 , -72,87629 , 18,86
-19,22951 , -0,02000004 , -72,82008 , 18,88
-19,3081 , -0,02000022 , -72,76041 , 18,9
-19,38386 , -0,02000022 , -72,69762 , 18,92
-19,45705 , -0,02000016 , -72,63201 , 18,94
-19,52777 , -0,02000016 , -72,56378 , 18,96
-19,59606 , -0,01999998 , -72,49308 , 18,98
-19,66186 , -0,01999998 , -72,41999 , 19
-19,72519 , -0,01999998 , -72,34464 , 19,02
-19,78599 , -0,0200001 , -72,26712 , 19,04
-19,84427 , -0,0200001 , -72,18755 , 19,06
-19,90013 , -0,02000004 , -72,10606 , 19,08
-19,9537 , -0,02000004 , -72,0228 , 19,1
-20,00514 , -0,02000004 , -71,93793 , 19,12
-20,05459 , -0,02000004 , -71,85157 , 19,14
-20,10217 , -0,02000004 , -71,76386 , 19,16
-20,14802 , -0,02000004 , -71,6749 , 19,18
-20,19226 , -0,01999998 , -71,5848 , 19,2
-20,235 , -0,01999998 , -71,49367 , 19,22
-20,27628 , -0,01999998 , -71,40156 , 19,24
-20,31618 , -0,01999998 , -71,30856 , 19,26
-20,35474 , -0,01999998 , -71,21471 , 19,28
-20,39203 , -0,0200001 , -71,12009 , 19,3
-20,42813 , -0,0200001 , -71,02475 , 19,32
-20,46311 , -0,02000004 , -70,92876 , 19,34
-20,49701 , -0,02000004 , -70,83215 , 19,36
-20,5299 , -0,02000004 , -70,73499 , 19,38
-20,56182 , -0,02000004 , -70,6373 , 19,4
-20,59282 , -0,02000004 , -70,53912 , 19,42
-20,62294 , -0,02000004 , -70,4405 , 19,44
-20,65216 , -0,02000004 , -70,34145 , 19,46
-20,68054 , -0,02000004 , -70,24199 , 19,48
-20,708 , -0,02000004 , -70,14214 , 19,5
-20,73418 , -0,02000004 , -70,04182 , 19,52
-20,75867 , -0,02000004 , -69,94099 , 19,54
-20,78104 , -0,02000004 , -69,83961 , 19,56
-20,80119 , -0,02000004 , -69,73773 , 19,58
-20,81919 , -0,02000016 , -69,63538 , 19,6
-20,83522 , -0,0200001 , -69,5326 , 19,62
-20,84942 , -0,02000004 , -69,42944 , 19,64
-20,86194 , -0,02000016 , -69,32592 , 19,66
-20,87283 , -0,0200001 , -69,22208 , 19,68
-20,88218 , -0,02000004 , -69,11796 , 19,7
-20,89003 , -0,02000004 , -69,01357 , 19,72
-20,89645 , -0,01999998 , -68,90894 , 19,74
-20,90153 , -0,01999998 , -68,80409 , 19,76
-20,90535 , -0,0200001 , -68,69905 , 19,78
-20,908 , -0,0200001 , -68,59383 , 19,8
-20,90969 , -0,0200001 , -68,48846 , 19,82
-20,91075 , -0,0200001 , -68,38293 , 19,84
-20,91137 , -0,01999992 , -68,27729 , 19,86
-20,91167 , -0,01999992 , -68,17153 , 19,88
-20,91175 , -0,0200001 , -68,06567 , 19,9
-20,91165 , -0,0200001 , -67,95971 , 19,92
-20,91141 , -0,0200001 , -67,85368 , 19,94
-20,91106 , -0,0200001 , -67,74757 , 19,96
-20,91061 , -0,01999992 , -67,6414 , 19,98
-20,91006 , -0,02000004 , -67,53516 , 20
-20,90943 , -0,02000022 , -67,42889 , 20,02
-20,90872 , -0,02000004 , -67,32256 , 20,04
-20,9079 , -0,02000004 , -67,2162 , 20,06
-20,90693 , -0,02000004 , -67,10982 , 20,08
-20,90568 , -0,02000016 , -67,00343 , 20,1
-20,90393 , -0,0200001 , -66,89707 , 20,12
-20,90159 , -0,01999992 , -66,79079 , 20,14
-20,89849 , -0,0200001 , -66,68459 , 20,16
-20,89452 , -0,02000004 , -66,57852 , 20,18
-20,88969 , -0,02000004 , -66,47257 , 20,2
-20,884 , -0,02000016 , -66,36674 , 20,22
-20,87749 , -0,02000016 , -66,26104 , 20,24
-20,87014 , -0,02000016 , -66,15546 , 20,26
-20,86201 , -0,02000016 , -66,05 , 20,28
-20,85317 , -0,0200001 , -65,94466 , 20,3
-20,84364 , -0,01999992 , -65,83942 , 20,32
-20,83348 , -0,01999992 , -65,73429 , 20,34
-20,82272 , -0,0200001 , -65,62926 , 20,36
-20,8114 , -0,02000004 , -65,52431 , 20,38
-20,79953 , -0,02000004 , -65,41946 , 20,4
-20,78717 , -0,02000004 , -65,3147 , 20,42
-20,77432 , -0,02000004 , -65,21003 , 20,44
-20,76101 , -0,02000004 , -65,10543 , 20,46
-20,74726 , -0,02000022 , -65,00092 , 20,48
-20,73298 , -0,02000004 , -64,89651 , 20,5
-20,71667 , -0,02000004 , -64,79269 , 20,52
-20,69702 , -0,02000004 , -64,69014 , 20,54
-20,67203 , -0,02000004 , -64,59055 , 20,56
-20,64145 , -0,02000004 , -64,49449 , 20,58
-20,6056 , -0,02000004 , -64,40191 , 20,6
-20,56499 , -0,02000004 , -64,31248 , 20,62
-20,52008 , -0,02000004 , -64,22591 , 20,64
-20,47134 , -0,02000004 , -64,14185 , 20,66
-20,41924 , -0,01999998 , -64,05997 , 20,68
-20,36411 , -0,02000016 , -63,98001 , 20,7
-20,30626 , -0,01999998 , -63,9018 , 20,72
-20,24594 , -0,01999998 , -63,82519 , 20,74
-20,18347 , -0,01999998 , -63,74993 , 20,76
-20,11917 , -0,0200001 , -63,67574 , 20,78
-20,05353 , -0,0200001 , -63,60217 , 20,8
-19,98685 , -0,0200001 , -63,52895 , 20,82
-19,91957 , -0,02000004 , -63,45573 , 20,84
-19,85203 , -0,01999998 , -63,38222 , 20,86
-19,78488 , -0,01999998 , -63,30791 , 20,88
-19,71827 , -0,01999998 , -63,23275 , 20,9
-19,65238 , -0,01999998 , -63,15663 , 20,92
-19,58722 , -0,01999998 , -63,07959 , 20,94
-19,52288 , -0,01999998 , -63,00163 , 20,96
-19,45931 , -0,01999998 , -62,92279 , 20,98
-19,39654 , -0,01999998 , -62,8431 , 21
-19,33446 , -0,01999998 , -62,76266 , 21,02
-19,273 , -0,01999998 , -62,68155 , 21,04
-19,21206 , -0,01999998 , -62,59986 , 21,06
-19,1516 , -0,0200001 , -62,51765 , 21,08
-19,09152 , -0,0200001 , -62,43499 , 21,1
-19,03176 , -0,0200001 , -62,35194 , 21,12
-18,97227 , -0,02000004 , -62,26857 , 21,14
-18,91299 , -0,02000004 , -62,18493 , 21,16
-18,85388 , -0,02000004 , -62,10104 , 21,18
-18,7949 , -0,02000004 , -62,01696 , 21,2
-18,73603 , -0,01999998 , -61,93272 , 21,22
-18,67731 , -0,02000016 , -61,84829 , 21,24
-18,6189 , -0,01999998 , -61,76357 , 21,26
-18,5614 , -0,01999998 , -61,67818 , 21,28
-18,5053 , -0,01999998 , -61,5919 , 21,3
-18,45097 , -0,01999998 , -61,50457 , 21,32
-18,39839 , -0,0200001 , -61,41621 , 21,34
-18,34745 , -0,01999992 , -61,32691 , 21,36
-18,29806 , -0,0200001 , -61,23674 , 21,38
-18,25013 , -0,0200001 , -61,14574 , 21,4
-18,20361 , -0,0200001 , -61,05397 , 21,42
-18,1588 , -0,02000004 , -60,96133 , 21,44
-18,11607 , -0,02000004 , -60,86776 , 21,46
-18,0762 , -0,02000022 , -60,77308 , 21,48
-18,03959 , -0,02000004 , -60,6773 , 21,5
-18,00638 , -0,02000004 , -60,58047 , 21,52
-17,97629 , -0,02000004 , -60,4827 , 21,54
-17,94904 , -0,02000004 , -60,38408 , 21,56
-17,92435 , -0,02000004 , -60,28468 , 21,58
-17,90201 , -0,02000004 , -60,18459 , 21,6
-17,8818 , -0,02000004 , -60,08386 , 21,62
-17,86353 , -0,02000004 , -59,98257 , 21,64
-17,84706 , -0,02000004 , -59,88076 , 21,66
-17,83225 , -0,02000004 , -59,77849 , 21,68
-17,81901 , -0,02000004 , -59,67579 , 21,7
-17,80722 , -0,02000016 , -59,57271 , 21,72
-17,79677 , -0,0200001 , -59,46928 , 21,74
-17,78756 , -0,0200001 , -59,36553 , 21,76
-17,7795 , -0,02000004 , -59,2615 , 21,78
-17,77256 , -0,02000004 , -59,1572 , 21,8
-17,76677 , -0,02000004 , -59,05267 , 21,82
-17,76252 , -0,02000004 , -58,94791 , 21,84
-17,76019 , -0,02000004 , -58,84297 , 21,86
-17,7596 , -0,02000004 , -58,73792 , 21,88
-17,7604 , -0,02000004 , -58,63281 , 21,9
-17,76265 , -0,02000004 , -58,52779 , 21,92
-17,76655 , -0,02000004 , -58,42292 , 21,94
-17,77222 , -0,02000004 , -58,31826 , 21,96
-17,77959 , -0,02000004 , -58,21381 , 21,98
-17,78852 , -0,02000004 , -58,10957 , 22
-17,79891 , -0,01999998 , -58,00553 , 22,02
-17,81069 , -0,01999998 , -57,9017 , 22,04
-17,8238 , -0,0200001 , -57,79806 , 22,06
-17,83818 , -0,02000004 , -57,69464 , 22,08
-17,85378 , -0,02000004 , -57,59143 , 22,1
-17,87063 , -0,02000004 , -57,48845 , 22,12
-17,88871 , -0,02000004 , -57,38573 , 22,14
-17,90813 , -0,02000004 , -57,28332 , 22,16
-17,92891 , -0,02000004 , -57,18124 , 22,18
-17,95106 , -0,02000004 , -57,07952 , 22,2
-17,97451 , -0,02000004 , -56,97816 , 22,22
-17,99892 , -0,02000004 , -56,87703 , 22,24
-18,02389 , -0,02000004 , -56,77599 , 22,26
-18,04857 , -0,02000022 , -56,67478 , 22,28
-18,07225 , -0,02000004 , -56,57326 , 22,3
-18,09373 , -0,01999998 , -56,47125 , 22,32
-18,11192 , -0,01999998 , -56,36877 , 22,34
-18,12536 , -0,01999998 , -56,26605 , 22,36
-18,13359 , -0,01999998 , -56,16333 , 22,38
-18,13565 , -0,01999998 , -56,06111 , 22,4
-18,13322 , -0,02000016 , -55,95964 , 22,42
-18,12624 , -0,02000016 , -55,85912 , 22,44
-18,11507 , -0,02000016 , -55,75949 , 22,46
-18,10006 , -0,01999998 , -55,66071 , 22,48
-18,08154 , -0,01999998 , -55,56273 , 22,5
-18,05956 , -0,01999998 , -55,46565 , 22,52
-18,03416 , -0,01999998 , -55,36958 , 22,54
-18,00499 , -0,02000016 , -55,27493 , 22,56
-17,97186 , -0,0200001 , -55,18203 , 22,58
-17,93416 , -0,02000004 , -55,09174 , 22,6
-17,89174 , -0,02000004 , -55,00456 , 22,62
-17,84442 , -0,02000004 , -54,9212 , 22,64
-17,79235 , -0,02000004 , -54,84192 , 22,66
-17,73587 , -0,02000004 , -54,76657 , 22,68
-17,67541 , -0,02000004 , -54,69481 , 22,7
-17,61133 , -0,02000004 , -54,62635 , 22,72
-17,54396 , -0,02000004 , -54,56091 , 22,74
-17,47361 , -0,02000004 , -54,49826 , 22,76
-17,40055 , -0,02000004 , -54,43819 , 22,78
-17,32501 , -0,02000004 , -54,38051 , 22,8
-17,24722 , -0,02000004 , -54,32505 , 22,82
-17,16737 , -0,02000004 , -54,27168 , 22,84
-17,08564 , -0,02000004 , -54,22024 , 22,86
-17,00217 , -0,02000004 , -54,17063 , 22,88
-16,91713 , -0,02000004 , -54,12274 , 22,9
-16,83063 , -0,02000004 , -54,07647 , 22,92
-16,74279 , -0,02000004 , -54,03175 , 22,94
-16,65372 , -0,02000004 , -53,9885 , 22,96
-16,56352 , -0,02000004 , -53,94664 , 22,98
-16,47227 , -0,02000004 , -53,90612 , 23
-16,38004 , -0,01999998 , -53,86688 , 23,02
-16,28692 , -0,0200001 , -53,82887 , 23,04
-16,19297 , -0,02000004 , -53,79203 , 23,06
-16,09824 , -0,02000004 , -53,75634 , 23,08
-16,00279 , -0,01999998 , -53,72177 , 23,1
-15,90665 , -0,01999998 , -53,68831 , 23,12
-15,80985 , -0,0200001 , -53,65605 , 23,14
-15,71241 , -0,0200001 , -53,62501 , 23,16
-15,61437 , -0,02000004 , -53,59515 , 23,18
-15,51578 , -0,02000004 , -53,56643 , 23,2
-15,41666 , -0,02000004 , -53,53883 , 23,22
-15,31706 , -0,02000004 , -53,5123 , 23,24
-15,21702 , -0,02000004 , -53,4868 , 23,26
-15,11655 , -0,02000004 , -53,46229 , 23,28
-15,01569 , -0,02000004 , -53,43874 , 23,3
-14,91447 , -0,02000004 , -53,41611 , 23,32
-14,8129 , -0,02000004 , -53,39439 , 23,34
-14,71102 , -0,02000004 , -53,37353 , 23,36
-14,60884 , -0,02000004 , -53,35351 , 23,38
-14,50638 , -0,02000004 , -53,33431 , 23,4
-14,40366 , -0,02000004 , -53,31591 , 23,42
-14,30071 , -0,02000004 , -53,29816 , 23,44
-14,19761 , -0,02000004 , -53,28074 , 23,46
-14,09452 , -0,02000004 , -53,26296 , 23,48
-13,99158 , -0,02000004 , -53,24439 , 23,5
-13,88897 , -0,02000004 , -53,22456 , 23,52
-13,78668 , -0,02000004 , -53,20348 , 23,54
-13,68472 , -0,02000004 , -53,18119 , 23,56
-13,58305 , -0,02000004 , -53,15781 , 23,58
-13,48164 , -0,02000004 , -53,13346 , 23,6
-13,38046 , -0,02000004 , -53,10829 , 23,62
-13,27946 , -0,02000004 , -53,08239 , 23,64
-13,17862 , -0,02000004 , -53,05589 , 23,66
-13,07791 , -0,02000004 , -53,02887 , 23,68
-12,97727 , -0,02000004 , -53,00148 , 23,7
-12,87658 , -0,02000004 , -52,97412 , 23,72
-12,77573 , -0,02000004 , -52,94714 , 23,74
-12,67463 , -0,02000004 , -52,92095 , 23,76
-12,57323 , -0,02000004 , -52,89572 , 23,78
-12,47153 , -0,02000004 , -52,87156 , 23,8
-12,36953 , -0,02000004 , -52,84845 , 23,82
-12,26724 , -0,02000004 , -52,82645 , 23,84
-12,16465 , -0,02000004 , -52,8056 , 23,86
-12,06179 , -0,02000004 , -52,78588 , 23,88
-11,95867 , -0,02000004 , -52,76723 , 23,9
-11,85532 , -0,02000004 , -52,74957 , 23,92
-11,75174 , -0,02000004 , -52,73283 , 23,94
-11,64797 , -0,02000004 , -52,71696 , 23,96
-11,54401 , -0,02000004 , -52,70186 , 23,98
-11,43991 , -0,02000004 , -52,68737 , 24
-11,33568 , -0,02000004 , -52,67341 , 24,02
-11,23132 , -0,02000004 , -52,65993 , 24,04
-11,12686 , -0,02000004 , -52,6469 , 24,06
-11,0223 , -0,02000004 , -52,63429 , 24,08
-10,91764 , -0,02000004 , -52,6221 , 24,1
-10,81289 , -0,02000004 , -52,61029 , 24,12
-10,70806 , -0,02000004 , -52,59887 , 24,14
-10,60315 , -0,02000004 , -52,5878 , 24,16
-10,49816 , -0,02000004 , -52,57708 , 24,18
-10,39311 , -0,01999998 , -52,5667 , 24,2
-10,28799 , -0,02000016 , -52,55664 , 24,22
-10,18282 , -0,01999998 , -52,54681 , 24,24
-10,07764 , -0,01999998 , -52,53697 , 24,26
-9,972502 , -0,0200001 , -52,52678 , 24,28
-9,867437 , -0,01999992 , -52,51614 , 24,3
-9,762444 , -0,0200001 , -52,50506 , 24,32
-9,657512 , -0,02000004 , -52,49359 , 24,34
-9,552638 , -0,02000004 , -52,48177 , 24,36
-9,447833 , -0,02000004 , -52,46954 , 24,38
-9,343092 , -0,02000004 , -52,45693 , 24,4
-9,238413 , -0,02000004 , -52,44397 , 24,42
-9,133775 , -0,02000004 , -52,43076 , 24,44
-9,02916 , -0,02000004 , -52,41738 , 24,46
-8,924541 , -0,02000004 , -52,40398 , 24,48
-8,819893 , -0,02000004 , -52,3907 , 24,5
-8,715195 , -0,02000004 , -52,37765 , 24,52
-8,610456 , -0,02000004 , -52,36478 , 24,54
-8,505743 , -0,01999998 , -52,35175 , 24,56
-8,401153 , -0,0200001 , -52,33813 , 24,58
-8,296943 , -0,02000004 , -52,32304 , 24,6
-8,193454 , -0,02000004 , -52,30565 , 24,62
-8,091541 , -0,01999998 , -52,2845 , 24,64
-7,991897 , -0,0200001 , -52,25882 , 24,66
-7,895246 , -0,0200001 , -52,22808 , 24,68
-7,801602 , -0,02000004 , -52,19251 , 24,7
-7,710749 , -0,02000004 , -52,15252 , 24,72
-7,622422 , -0,02000004 , -52,10854 , 24,74
-7,536388 , -0,02000004 , -52,06096 , 24,76
-7,452442 , -0,02000004 , -52,01011 , 24,78
-7,370402 , -0,02000004 , -51,9563 , 24,8
-7,289919 , -0,02000004 , -51,89995 , 24,82
-7,210382 , -0,02000004 , -51,84174 , 24,84
-7,131155 , -0,02000004 , -51,7824 , 24,86
-7,051902 , -0,02000004 , -51,72239 , 24,88
-6,972462 , -0,02000004 , -51,66197 , 24,9
-6,892705 , -0,02000004 , -51,60137 , 24,92
-6,812616 , -0,02000004 , -51,54068 , 24,94
-6,73222 , -0,02000004 , -51,47991 , 24,96
-6,651573 , -0,02000004 , -51,41904 , 24,98
-6,570726 , -0,02000004 , -51,35804 , 25
-6,489721 , -0,02000004 , -51,29691 , 25,02
-6,408622 , -0,02000004 , -51,23558 , 25,04
-6,327508 , -0,01999998 , -51,17399 , 25,06
-6,246463 , -0,0200001 , -51,11208 , 25,08
-6,165681 , -0,0200001 , -51,04963 , 25,1
-6,085648 , -0,02000004 , -50,98614 , 25,12
-6,006807 , -0,02000004 , -50,92124 , 25,14
-5,930256 , -0,02000004 , -50,85411 , 25,16
-5,856338 , -0,02000016 , -50,78463 , 25,18
-5,784873 , -0,0200001 , -50,71297 , 25,2
-5,715643 , -0,01999992 , -50,63935 , 25,22
-5,648248 , -0,01999992 , -50,56405 , 25,24
-5,58184 , -0,01999992 , -50,48768 , 25,26
-5,515828 , -0,01999992 , -50,41071 , 25,28
-5,449737 , -0,0200001 , -50,33355 , 25,3
-5,383334 , -0,02000004 , -50,25644 , 25,32
-5,316479 , -0,02000004 , -50,17953 , 25,34
-5,248732 , -0,02000004 , -50,10329 , 25,36
-5,179852 , -0,02000004 , -50,02802 , 25,38
-5,109274 , -0,02000004 , -49,9545 , 25,4
-5,03651 , -0,02000004 , -49,8836 , 25,42
-4,961474 , -0,02000004 , -49,81565 , 25,44
-4,884141 , -0,02000004 , -49,75092 , 25,46
-4,804562 , -0,02000004 , -49,68955 , 25,48
-4,72286 , -0,02000004 , -49,63149 , 25,5
-4,63922 , -0,02000004 , -49,57649 , 25,52
-4,553807 , -0,02000004 , -49,52435 , 25,54
-4,466734 , -0,02000004 , -49,47496 , 25,56
-4,378141 , -0,02000004 , -49,42817 , 25,58
-4,288126 , -0,02000004 , -49,38389 , 25,6
-4,196776 , -0,02000004 , -49,34209 , 25,62
-4,104193 , -0,02000004 , -49,30265 , 25,64
-4,010471 , -0,02000004 , -49,26546 , 25,66
-3,915681 , -0,02000004 , -49,2305 , 25,68
-3,819916 , -0,02000004 , -49,1976 , 25,7
-3,723254 , -0,02000004 , -49,16666 , 25,72
-3,625767 , -0,02000004 , -49,13759 , 25,74
-3,52753 , -0,02000004 , -49,11024 , 25,76
-3,428612 , -0,02000004 , -49,08447 , 25,78
-3,329075 , -0,02000004 , -49,06015 , 25,8
-3,228976 , -0,02000004 , -49,03716 , 25,82
-3,128366 , -0,02000004 , -49,01542 , 25,84
-3,02729 , -0,02000004 , -48,99482 , 25,86
-2,925786 , -0,02000004 , -48,97531 , 25,88
-2,823891 , -0,02000004 , -48,95681 , 25,9
-2,721629 , -0,02000004 , -48,93933 , 25,92
-2,619031 , -0,02000004 , -48,92279 , 25,94
-2,516124 , -0,02000004 , -48,90717 , 25,96
-2,412932 , -0,02000004 , -48,8924 , 25,98
-2,309481 , -0,01999998 , -48,87843 , 26
-2,205792 , -0,0200001 , -48,86521 , 26,02
-2,101884 , -0,02000004 , -48,85271 , 26,04
-1,997775 , -0,02000004 , -48,84088 , 26,06
-1,89353 , -0,02000004 , -48,82933 , 26,08
-1,78928 , -0,01999998 , -48,81739 , 26,1
-1,685309 , -0,01999998 , -48,80402 , 26,12
-1,581826 , -0,01999998 , -48,78868 , 26,14
-1,479077 , -0,0200001 , -48,77087 , 26,16
-1,377051 , -0,02000004 , -48,75072 , 26,18
-1,275677 , -0,02000004 , -48,72845 , 26,2
-1,174881 , -0,02000004 , -48,70429 , 26,22
-1,074597 , -0,02000004 , -48,67845 , 26,24
-0,9747671 , -0,02000004 , -48,65111 , 26,26
-0,8753276 , -0,02000004 , -48,62246 , 26,28
-0,7761746 , -0,01999998 , -48,59277 , 26,3
-0,6769953 , -0,01999998 , -48,56283 , 26,32
-0,5775936 , -0,0200001 , -48,53324 , 26,34
-0,4778755 , -0,02000004 , -48,50436 , 26,36
-0,377804 , -0,02000004 , -48,47638 , 26,38
-0,2773151 , -0,01999998 , -48,44962 , 26,4
-0,1763763 , -0,01999998 , -48,42435 , 26,42
-0,07501709 , -0,01999998 , -48,40051 , 26,44
0,02672163 , -0,01999998 , -48,37796 , 26,46
0,1288006 , -0,0200001 , -48,35656 , 26,48
0,2310788 , -0,02000004 , -48,33565 , 26,5
0,3328563 , -0,02000004 , -48,31308 , 26,52
0,4337527 , -0,02000004 , -48,28813 , 26,54
0,5321287 , -0,02000004 , -48,25863 , 26,56
0,6224364 , -0,02000004 , -48,22167 , 26,58
0,7017807 , -0,02000004 , -48,17775 , 26,6
0,7668447 , -0,02000004 , -48,12893 , 26,62
0,8131171 , -0,02000004 , -48,08569 , 26,64
0,8437818 , -0,02000004 , -48,05293 , 26,66
0,8622152 , -0,02000016 , -48,03217 , 26,68
0,8705089 , -0,02000016 , -48,02305 , 26,7
0,8709155 , -0,01999998 , -48,02378 , 26,72
0,8654446 , -0,01999998 , -48,03303 , 26,74
0,8550106 , -0,0200001 , -48,05017 , 26,76
0,8404651 , -0,02000004 , -48,07463 , 26,78
0,8229917 , -0,02000004 , -48,10611 , 26,8
0,8033659 , -0,02000004 , -48,14412 , 26,82
0,7823936 , -0,02000004 , -48,18826 , 26,84
0,760508 , -0,02000004 , -48,238 , 26,86
0,7381322 , -0,02000004 , -48,29291 , 26,88
0,7154973 , -0,02000004 , -48,35252 , 26,9
0,6927392 , -0,02000004 , -48,41639 , 26,92
0,6699333 , -0,02000004 , -48,48412 , 26,94
0,6471798 , -0,02000016 , -48,55534 , 26,96
0,624567 , -0,02000016 , -48,62973 , 26,98
0,6021719 , -0,0200001 , -48,70701 , 27
0,5800615 , -0,01999992 , -48,7869 , 27,02
0,558294 , -0,01999992 , -48,86916 , 27,04
0,5369195 , -0,02000004 , -48,95357 , 27,06
0,5159809 , -0,02000016 , -49,03995 , 27,08
0,4954754 , -0,0200001 , -49,12809 , 27,1
0,4750408 , -0,0200001 , -49,21776 , 27,12
0,4542535 , -0,02000004 , -49,30868 , 27,14
0,4329271 , -0,02000004 , -49,40067 , 27,16
0,4110928 , -0,02000004 , -49,4936 , 27,18
0,3888733 , -0,02000016 , -49,58741 , 27,2
0,3663786 , -0,02000016 , -49,68203 , 27,22
0,3437074 , -0,0200001 , -49,7774 , 27,24
0,3209391 , -0,0200001 , -49,87346 , 27,26
0,298111 , -0,0200001 , -49,97016 , 27,28
0,2752524 , -0,0200001 , -50,06744 , 27,3
0,2521926 , -0,02000004 , -50,16518 , 27,32
0,2283401 , -0,02000004 , -50,26315 , 27,34
0,202862 , -0,02000004 , -50,36094 , 27,36
0,1746193 , -0,02000004 , -50,45787 , 27,38
0,1420461 , -0,02000004 , -50,55261 , 27,4
0,1047443 , -0,02000004 , -50,64448 , 27,42
0,06215857 , -0,02000004 , -50,73235 , 27,44
0,01464524 , -0,02000016 , -50,81635 , 27,46
-0,03728876 , -0,02000016 , -50,89687 , 27,48
-0,09312149 , -0,02000016 , -50,97441 , 27,5
-0,1523804 , -0,02000016 , -51,04939 , 27,52
-0,2146376 , -0,02000016 , -51,12222 , 27,54
-0,2796406 , -0,0200001 , -51,19304 , 27,56
-0,3471304 , -0,02000004 , -51,26201 , 27,58
-0,4170645 , -0,02000004 , -51,32899 , 27,6
-0,4896071 , -0,02000004 , -51,39339 , 27,62
-0,5648593 , -0,02000004 , -51,45465 , 27,64
-0,6428418 , -0,02000016 , -51,5122 , 27,66
-0,7233331 , -0,0200001 , -51,56623 , 27,68
-0,8060844 , -0,02000004 , -51,61709 , 27,7
-0,8908229 , -0,02000004 , -51,66526 , 27,72
-0,9773026 , -0,02000004 , -51,71116 , 27,74
-1,065302 , -0,02000004 , -51,75518 , 27,76
-1,154625 , -0,02000004 , -51,79765 , 27,78
-1,245091 , -0,02000004 , -51,83884 , 27,8
-1,336544 , -0,02000004 , -51,87902 , 27,82
-1,42884 , -0,02000004 , -51,9184 , 27,84
-1,521854 , -0,02000004 , -51,95718 , 27,86
-1,615472 , -0,02000004 , -51,99551 , 27,88
-1,709597 , -0,02000004 , -52,03355 , 27,9
-1,804138 , -0,02000004 , -52,0714 , 27,92
-1,899091 , -0,02000004 , -52,109 , 27,94
-1,99438 , -0,02000004 , -52,14647 , 27,96
-2,090011 , -0,02000004 , -52,18371 , 27,98
-2,186057 , -0,02000004 , -52,22047 , 28
-2,282698 , -0,02000004 , -52,25616 , 28,02
-2,380052 , -0,02000004 , -52,29023 , 28,04
-2,478188 , -0,02000004 , -52,32221 , 28,06
-2,577169 , -0,02000004 , -52,3513 , 28,08
-2,676954 , -0,02000004 , -52,37717 , 28,1
-2,777468 , -0,02000004 , -52,39987 , 28,12
-2,878641 , -0,02000004 , -52,41964 , 28,14
-2,980407 , -0,02000004 , -52,43666 , 28,16
-3,082707 , -0,02000004 , -52,45129 , 28,18
-3,185488 , -0,02000004 , -52,46363 , 28,2
-3,288699 , -0,02000004 , -52,47382 , 28,22
-3,392264 , -0,02000004 , -52,48127 , 28,24
-3,496066 , -0,02000004 , -52,48553 , 28,26
-3,59939 , -0,02000004 , -52,48523 , 28,28
-3,701111 , -0,02000004 , -52,47931 , 28,3
-3,799448 , -0,02000004 , -52,46615 , 28,32
-3,8935 , -0,02000004 , -52,44553 , 28,34
-3,982616 , -0,02000004 , -52,41756 , 28,36
-4,066608 , -0,02000004 , -52,38268 , 28,38
-4,145748 , -0,02000016 , -52,34145 , 28,4
-4,220224 , -0,0200001 , -52,29441 , 28,42
-4,290349 , -0,0200001 , -52,24208 , 28,44
-4,356456 , -0,02000004 , -52,18495 , 28,46
-4,418839 , -0,02000004 , -52,12347 , 28,48
-4,47781 , -0,02000004 , -52,05804 , 28,5
-4,533643 , -0,02000004 , -51,98906 , 28,52
-4,58658 , -0,02000004 , -51,91683 , 28,54
-4,636834 , -0,02000004 , -51,84167 , 28,56
-4,684541 , -0,02000004 , -51,76384 , 28,58
-4,729769 , -0,02000004 , -51,68353 , 28,6
-4,772585 , -0,02000004 , -51,60095 , 28,62
-4,813018 , -0,02000016 , -51,51628 , 28,64
-4,851142 , -0,0200001 , -51,42969 , 28,66
-4,887 , -0,0200001 , -51,34132 , 28,68
-4,920669 , -0,0200001 , -51,25133 , 28,7
-4,95216 , -0,02000004 , -51,15984 , 28,72
-4,981503 , -0,02000004 , -51,06696 , 28,74
-5,008717 , -0,02000016 , -50,97281 , 28,76
-5,033869 , -0,02000016 , -50,8775 , 28,78
-5,057028 , -0,01999998 , -50,78112 , 28,8
-5,078237 , -0,01999998 , -50,68376 , 28,82
-5,097529 , -0,02000016 , -50,58551 , 28,84
-5,114975 , -0,0200001 , -50,48644 , 28,86
-5,130613 , -0,0200001 , -50,38663 , 28,88
-5,144468 , -0,02000004 , -50,28614 , 28,9
-5,156527 , -0,02000004 , -50,18503 , 28,92
-5,166811 , -0,02000004 , -50,08335 , 28,94
-5,17537 , -0,02000016 , -49,98117 , 28,96
-5,182185 , -0,01999998 , -49,87853 , 28,98
-5,187182 , -0,01999998 , -49,77548 , 29
-5,190299 , -0,01999998 , -49,67207 , 29,02
-5,191731 , -0,01999998 , -49,56835 , 29,04
-5,192022 , -0,01999998 , -49,46436 , 29,06
-5,191539 , -0,02000016 , -49,36013 , 29,08
-5,190516 , -0,01999998 , -49,25569 , 29,1
-5,189104 , -0,01999998 , -49,15107 , 29,12
-5,1874 , -0,01999998 , -49,04628 , 29,14
-5,185469 , -0,01999998 , -48,94136 , 29,16
-5,183323 , -0,01999998 , -48,83633 , 29,18
-5,180932 , -0,01999998 , -48,7312 , 29,2
-5,178266 , -0,01999998 , -48,62598 , 29,22
-5,175305 , -0,01999998 , -48,52069 , 29,24
-5,172038 , -0,01999998 , -48,41535 , 29,26
-5,168415 , -0,01999998 , -48,30997 , 29,28
-5,164422 , -0,01999998 , -48,20455 , 29,3
-5,160036 , -0,01999998 , -48,09912 , 29,32
-5,15523 , -0,01999998 , -47,99368 , 29,34
-5,150028 , -0,0200001 , -47,88824 , 29,36
-5,144413 , -0,0200001 , -47,7828 , 29,38
-5,138389 , -0,0200001 , -47,67737 , 29,4
-5,131961 , -0,02000004 , -47,57196 , 29,42
-5,125135 , -0,02000004 , -47,46657 , 29,44
-5,117918 , -0,02000016 , -47,3612 , 29,46
-5,110317 , -0,02000016 , -47,25586 , 29,48
-5,102337 , -0,02000016 , -47,15055 , 29,5
-5,093987 , -0,0200001 , -47,04527 , 29,52
-5,085274 , -0,0200001 , -46,94003 , 29,54
-5,076205 , -0,0200001 , -46,83482 , 29,56
-5,066786 , -0,0200001 , -46,72965 , 29,58
-5,057027 , -0,0200001 , -46,62452 , 29,6
-5,046933 , -0,02000022 , -46,51942 , 29,62
-5,036513 , -0,02000004 , -46,41437 , 29,64
