Min X value: -65
Min Y value: -14,1249
Min Z value: -105,0925
Max X value: 66,50088
Max Y value: 14,90855
Max Z value: 105
Key: charpos in X , Y , Z , Time since start capture
0 , 0 , -95 , 44,08
0 , -0,003531575 , -95 , 44,1
0 , -0,0109126 , -95 , 44,12
4,816125E-11 , -0,01818258 , -95 , 44,14
1,712832E-10 , -0,01963657 , -95 , 44,16
2,663886E-10 , -0,01992738 , -95 , 44,18
3,289422E-10 , -0,0199855 , -95 , 44,2
3,681617E-10 , -0,01999712 , -95 , 44,22
3,92262E-10 , -0,01999944 , -95 , 44,24
4,068762E-10 , -0,01999992 , -95 , 44,26
4,156258E-10 , -0,02000004 , -95 , 44,28
4,207852E-10 , -0,02000004 , -95 , 44,3
4,237673E-10 , -0,02000004 , -95 , 44,32
4,254448E-10 , -0,02000004 , -95 , 44,34
4,263516E-10 , -0,02000004 , -95 , 44,36
4,268116E-10 , -0,02000004 , -95 , 44,38
4,270194E-10 , -0,02000004 , -95 , 44,4
4,2709E-10 , -0,02000004 , -95 , 44,42
4,270903E-10 , -0,02000004 , -95 , 44,44
4,270583E-10 , -0,02000004 , -95 , 44,46
4,270146E-10 , -0,02000004 , -95 , 44,48
4,270146E-10 , -0,02000004 , -95 , 44,5
4,270146E-10 , -0,02000004 , -95 , 44,52
4,270146E-10 , -0,02000004 , -95 , 44,54
4,270146E-10 , -0,02000004 , -95 , 44,56
4,270146E-10 , -0,02000004 , -95 , 44,58
4,270146E-10 , -0,02000004 , -95 , 44,6
4,270146E-10 , -0,02000004 , -95 , 44,62
4,270146E-10 , -0,02000004 , -95 , 44,64
4,270146E-10 , -0,02000004 , -95 , 44,66
4,270146E-10 , -0,02000004 , -95 , 44,68
4,270146E-10 , -0,02000004 , -95 , 44,7
4,270146E-10 , -0,02000004 , -95 , 44,72
4,270146E-10 , -0,02000004 , -95 , 44,74
4,270146E-10 , -0,02000004 , -95 , 44,76
4,270146E-10 , -0,02000004 , -95 , 44,78
4,270146E-10 , -0,02000004 , -95 , 44,8
4,270146E-10 , -0,02000004 , -95 , 44,82
4,270146E-10 , -0,02000004 , -95 , 44,84
4,270146E-10 , -0,02000004 , -95 , 44,86
4,270146E-10 , -0,02000004 , -95 , 44,88
4,270146E-10 , -0,02000004 , -95 , 44,9
4,270146E-10 , -0,02000004 , -95 , 44,92
4,270146E-10 , -0,02000004 , -95 , 44,94
4,270146E-10 , -0,02000004 , -95 , 44,96
4,270146E-10 , -0,02000004 , -95 , 44,98
4,270146E-10 , -0,02000004 , -95 , 45
4,270146E-10 , -0,02000004 , -95 , 45,02
4,270146E-10 , -0,02000004 , -95 , 45,04
4,270146E-10 , -0,02000004 , -95 , 45,06
4,270146E-10 , -0,02000004 , -95 , 45,08
4,270146E-10 , -0,02000004 , -95 , 45,1
4,270146E-10 , -0,02000004 , -95 , 45,12
4,270146E-10 , -0,02000004 , -95 , 45,14
4,270146E-10 , -0,02000004 , -95 , 45,16
4,270146E-10 , -0,02000004 , -95 , 45,18
4,270146E-10 , -0,02000004 , -95 , 45,2
4,270146E-10 , -0,02000004 , -95 , 45,22
4,270146E-10 , -0,02000004 , -95 , 45,24
4,270146E-10 , -0,02000004 , -95 , 45,26
4,270146E-10 , -0,02000004 , -95 , 45,28
4,270146E-10 , -0,02000004 , -95 , 45,3
4,270146E-10 , -0,02000004 , -95 , 45,32
4,270146E-10 , -0,02000004 , -95 , 45,34
4,270146E-10 , -0,02000004 , -95 , 45,36
4,270146E-10 , -0,02000004 , -95 , 45,38
4,270146E-10 , -0,02000004 , -95 , 45,4
4,270146E-10 , -0,02000004 , -95 , 45,42
4,270146E-10 , -0,02000004 , -95 , 45,44
0,006187414 , -0,02000022 , -94,99169 , 45,46
0,01794457 , -0,02000004 , -94,97591 , 45,48
0,03472339 , -0,02000004 , -94,95339 , 45,5
0,05603858 , -0,02000004 , -94,92484 , 45,52
0,08145785 , -0,02000004 , -94,89088 , 45,54
0,1105972 , -0,02000016 , -94,85205 , 45,56
0,143115 , -0,0200001 , -94,80888 , 45,58
0,1787069 , -0,0200001 , -94,76183 , 45,6
0,217101 , -0,02000004 , -94,7113 , 45,62
0,2580546 , -0,02000022 , -94,65769 , 45,64
0,3013495 , -0,02000004 , -94,60133 , 45,66
0,3467909 , -0,02000004 , -94,54252 , 45,68
0,3942038 , -0,02000004 , -94,48154 , 45,7
0,4434304 , -0,01999998 , -94,41865 , 45,72
0,494328 , -0,01999998 , -94,35406 , 45,74
0,546768 , -0,01999998 , -94,28798 , 45,76
0,6006345 , -0,02000016 , -94,22059 , 45,78
0,6555562 , -0,02000016 , -94,15183 , 45,8
0,7111673 , -0,01999998 , -94,08164 , 45,82
0,7671158 , -0,02000016 , -94,00996 , 45,84
0,8228502 , -0,0200001 , -93,93657 , 45,86
0,8781813 , -0,0200001 , -93,86153 , 45,88
0,9325857 , -0,02000004 , -93,78467 , 45,9
0,9857965 , -0,02000004 , -93,70599 , 45,92
1,037702 , -0,02000004 , -93,62558 , 45,94
1,08838 , -0,02000004 , -93,54357 , 45,96
1,137704 , -0,02000004 , -93,46001 , 45,98
1,185574 , -0,02000004 , -93,37497 , 46
1,230895 , -0,02000016 , -93,28816 , 46,02
1,272548 , -0,01999998 , -93,19949 , 46,04
1,309026 , -0,01999998 , -93,10899 , 46,06
1,340012 , -0,01999998 , -93,01691 , 46,08
1,364991 , -0,01999998 , -92,92355 , 46,1
1,384297 , -0,01999998 , -92,82909 , 46,12
1,398415 , -0,01999998 , -92,73364 , 46,14
1,407849 , -0,0200001 , -92,63732 , 46,16
1,413046 , -0,0200001 , -92,54021 , 46,18
1,416876 , -0,0200001 , -92,45367 , 46,2
1,419475 , -0,0200001 , -92,37663 , 46,22
1,421131 , -0,0200001 , -92,30814 , 46,24
1,422187 , -0,0200001 , -92,24734 , 46,26
1,42286 , -0,0200001 , -92,19347 , 46,28
1,423288 , -0,0200001 , -92,14584 , 46,3
1,423562 , -0,0200001 , -92,10381 , 46,32
1,423736 , -0,0200001 , -92,06684 , 46,34
1,423847 , -0,0200001 , -92,03442 , 46,36
1,423917 , -0,0200001 , -92,00608 , 46,38
1,423962 , -0,0200001 , -91,98142 , 46,4
1,423991 , -0,0200001 , -91,96008 , 46,42
1,42401 , -0,0200001 , -91,94172 , 46,44
1,424021 , -0,0200001 , -91,92604 , 46,46
1,424029 , -0,0200001 , -91,91278 , 46,48
1,424033 , -0,0200001 , -91,9017 , 46,5
1,423089 , -0,02000004 , -91,88111 , 46,52
1,42202 , -0,02000004 , -91,85192 , 46,54
1,421314 , -0,02000004 , -91,81497 , 46,56
1,421808 , -0,02000004 , -91,77111 , 46,58
1,424042 , -0,02000004 , -91,72125 , 46,6
1,4298 , -0,02000004 , -91,66664 , 46,62
1,434135 , -0,02000004 , -91,61834 , 46,64
1,437189 , -0,02000004 , -91,57571 , 46,66
1,439135 , -0,02000004 , -91,5382 , 46,68
1,440375 , -0,02000004 , -91,50529 , 46,7
1,441165 , -0,02000004 , -91,47651 , 46,72
1,441669 , -0,02000004 , -91,45145 , 46,74
1,44199 , -0,02000004 , -91,42976 , 46,76
1,442195 , -0,02000004 , -91,41107 , 46,78
1,442325 , -0,02000004 , -91,3951 , 46,8
1,442408 , -0,02000004 , -91,38158 , 46,82
1,442461 , -0,02000004 , -91,37026 , 46,84
1,442495 , -0,02000004 , -91,36092 , 46,86
1,442517 , -0,02000004 , -91,35336 , 46,88
1,44253 , -0,02000004 , -91,3474 , 46,9
1,442539 , -0,02000004 , -91,34289 , 46,92
1,442545 , -0,02000004 , -91,33968 , 46,94
1,442548 , -0,02000004 , -91,33762 , 46,96
1,442549 , -0,02000004 , -91,33662 , 46,98
1,442551 , -0,02000004 , -91,33579 , 47
1,442551 , -0,02000004 , -91,3355 , 47,02
1,442551 , -0,02000004 , -91,3355 , 47,04
1,442551 , -0,02000004 , -91,33561 , 47,06
1,442551 , -0,02000004 , -91,33577 , 47,08
1,442551 , -0,02000004 , -91,33593 , 47,1
1,44255 , -0,02000004 , -91,33607 , 47,12
1,44255 , -0,02000004 , -91,3362 , 47,14
1,44255 , -0,02000004 , -91,3363 , 47,16
1,44255 , -0,02000004 , -91,33638 , 47,18
1,44255 , -0,02000004 , -91,33644 , 47,2
1,44255 , -0,02000004 , -91,33649 , 47,22
1,442549 , -0,02000004 , -91,33652 , 47,24
1,442549 , -0,02000004 , -91,33655 , 47,26
1,442549 , -0,02000004 , -91,33657 , 47,28
1,442549 , -0,02000004 , -91,33657 , 47,3
1,442549 , -0,02000004 , -91,33657 , 47,32
1,442549 , -0,02000004 , -91,33657 , 47,34
1,442549 , -0,02000004 , -91,33657 , 47,36
1,442549 , -0,02000004 , -91,33657 , 47,38
1,442549 , -0,02000004 , -91,33657 , 47,4
1,442549 , -0,02000004 , -91,33657 , 47,42
1,442549 , -0,02000004 , -91,33657 , 47,44
1,442549 , -0,02000004 , -91,33657 , 47,46
1,442549 , -0,02000004 , -91,33657 , 47,48
1,442549 , -0,02000004 , -91,33657 , 47,5
1,442549 , -0,02000004 , -91,33657 , 47,52
1,442549 , -0,02000004 , -91,33657 , 47,54
1,442549 , -0,02000004 , -91,33657 , 47,56
1,442549 , -0,02000004 , -91,33657 , 47,58
1,442549 , -0,02000004 , -91,33657 , 47,6
1,442549 , -0,02000004 , -91,33657 , 47,62
1,442549 , -0,02000004 , -91,33657 , 47,64
1,442549 , -0,02000004 , -91,33657 , 47,66
1,442549 , -0,02000004 , -91,33657 , 47,68
1,442549 , -0,02000004 , -91,33657 , 47,7
1,442549 , -0,02000004 , -91,33657 , 47,72
1,442549 , -0,02000004 , -91,33657 , 47,74
1,442549 , -0,02000004 , -91,33657 , 47,76
1,442549 , -0,02000004 , -91,33657 , 47,78
1,442549 , -0,02000004 , -91,33657 , 47,8
1,442549 , -0,02000004 , -91,33657 , 47,82
1,442549 , -0,02000004 , -91,33657 , 47,84
1,442549 , -0,02000004 , -91,33657 , 47,86
1,442549 , -0,02000004 , -91,33657 , 47,88
1,442549 , -0,02000004 , -91,33657 , 47,9
1,437768 , -0,02000004 , -91,32726 , 47,92
1,429296 , -0,02000004 , -91,30925 , 47,94
1,418407 , -0,02000004 , -91,283 , 47,96
1,408636 , -0,02000004 , -91,24863 , 47,98
1,404182 , -0,02000016 , -91,20748 , 48
1,407948 , -0,01999998 , -91,16342 , 48,02
1,420706 , -0,0200001 , -91,11898 , 48,04
1,442049 , -0,0200001 , -91,07526 , 48,06
1,471085 , -0,01999992 , -91,03209 , 48,08
1,507022 , -0,01999992 , -90,98937 , 48,1
1,549158 , -0,02000004 , -90,94703 , 48,12
1,596866 , -0,02000004 , -90,90501 , 48,14
1,649593 , -0,02000004 , -90,86328 , 48,16
1,706848 , -0,02000004 , -90,82185 , 48,18
1,768194 , -0,02000004 , -90,7807 , 48,2
1,833239 , -0,02000004 , -90,73987 , 48,22
1,901634 , -0,02000004 , -90,69936 , 48,24
1,973069 , -0,02000004 , -90,65919 , 48,26
2,047266 , -0,02000004 , -90,61942 , 48,28
2,123974 , -0,02000004 , -90,58003 , 48,3
2,202972 , -0,02000004 , -90,54109 , 48,32
2,28406 , -0,02000004 , -90,50262 , 48,34
2,366794 , -0,02000004 , -90,464 , 48,36
2,450082 , -0,02000004 , -90,42356 , 48,38
2,532204 , -0,02000004 , -90,37951 , 48,4
2,61143 , -0,02000004 , -90,33079 , 48,42
2,687171 , -0,02000004 , -90,27737 , 48,44
2,759526 , -0,02000004 , -90,21961 , 48,46
2,829033 , -0,01999998 , -90,15804 , 48,48
2,895499 , -0,01999998 , -90,09281 , 48,5
2,958771 , -0,0200001 , -90,02412 , 48,52
3,016354 , -0,0200001 , -89,95161 , 48,54
3,067171 , -0,02000004 , -89,87561 , 48,56
3,110823 , -0,02000004 , -89,79655 , 48,58
3,147846 , -0,02000022 , -89,71475 , 48,6
3,178352 , -0,02000016 , -89,63059 , 48,62
3,202781 , -0,01999998 , -89,54435 , 48,64
3,221733 , -0,01999998 , -89,45623 , 48,66
3,23565 , -0,01999998 , -89,36645 , 48,68
3,245032 , -0,01999998 , -89,27516 , 48,7
3,250318 , -0,0200001 , -89,18253 , 48,72
3,251999 , -0,0200001 , -89,0887 , 48,74
3,251359 , -0,0200001 , -88,99379 , 48,76
3,249118 , -0,0200001 , -88,89792 , 48,78
3,245377 , -0,02000004 , -88,8012 , 48,8
3,240229 , -0,02000004 , -88,70374 , 48,82
3,233758 , -0,02000016 , -88,60561 , 48,84
3,226038 , -0,01999998 , -88,50689 , 48,86
3,217139 , -0,01999998 , -88,40767 , 48,88
3,206566 , -0,01999998 , -88,30816 , 48,9
3,193435 , -0,01999998 , -88,20877 , 48,92
3,176664 , -0,02000016 , -88,11017 , 48,94
3,156174 , -0,01999998 , -88,01255 , 48,96
3,132293 , -0,01999998 , -87,91584 , 48,98
3,105321 , -0,02000016 , -87,81998 , 49
3,075527 , -0,01999998 , -87,7249 , 49,02
3,043148 , -0,01999998 , -87,63056 , 49,04
3,008395 , -0,0200001 , -87,53692 , 49,06
2,971456 , -0,02000004 , -87,44394 , 49,08
2,932498 , -0,02000004 , -87,35159 , 49,1
2,891674 , -0,02000004 , -87,25983 , 49,12
2,849116 , -0,02000004 , -87,16866 , 49,14
2,804946 , -0,02000004 , -87,07805 , 49,16
2,760044 , -0,02000004 , -86,98746 , 49,18
2,715132 , -0,02000004 , -86,89651 , 49,2
2,670966 , -0,02000004 , -86,80489 , 49,22
2,627975 , -0,02000004 , -86,71246 , 49,24
2,586793 , -0,02000004 , -86,61903 , 49,26
2,547827 , -0,02000004 , -86,52456 , 49,28
2,511533 , -0,02000004 , -86,42899 , 49,3
2,477784 , -0,02000004 , -86,33241 , 49,32
2,446252 , -0,02000004 , -86,23493 , 49,34
2,41665 , -0,02000004 , -86,13667 , 49,36
2,389152 , -0,02000004 , -86,03762 , 49,38
2,364927 , -0,02000004 , -85,93776 , 49,4
2,344906 , -0,02000004 , -85,8372 , 49,42
2,328599 , -0,01999998 , -85,73602 , 49,44
2,316147 , -0,0200001 , -85,63431 , 49,46
2,307114 , -0,0200001 , -85,53213 , 49,48
2,30112 , -0,02000004 , -85,42951 , 49,5
2,297834 , -0,02000022 , -85,32651 , 49,52
2,29666 , -0,02000016 , -85,22315 , 49,54
2,296828 , -0,02000016 , -85,11948 , 49,56
2,297855 , -0,02000016 , -85,01552 , 49,58
2,299438 , -0,02000016 , -84,9113 , 49,6
2,301402 , -0,0200001 , -84,80685 , 49,62
2,303725 , -0,0200001 , -84,70221 , 49,64
2,306444 , -0,02000004 , -84,59739 , 49,66
2,309535 , -0,02000016 , -84,49241 , 49,68
2,31298 , -0,02000016 , -84,38729 , 49,7
2,316762 , -0,0200001 , -84,28205 , 49,72
2,320865 , -0,0200001 , -84,1767 , 49,74
2,325273 , -0,02000022 , -84,07127 , 49,76
2,329974 , -0,02000004 , -83,96574 , 49,78
2,334956 , -0,02000004 , -83,86015 , 49,8
2,340208 , -0,02000004 , -83,75449 , 49,82
2,34572 , -0,02000004 , -83,64878 , 49,84
2,351482 , -0,02000004 , -83,54302 , 49,86
2,357486 , -0,02000004 , -83,43723 , 49,88
2,363723 , -0,02000004 , -83,3314 , 49,9
2,370186 , -0,02000004 , -83,22554 , 49,92
2,376868 , -0,02000004 , -83,11967 , 49,94
2,383761 , -0,02000004 , -83,01377 , 49,96
2,390861 , -0,02000004 , -82,90786 , 49,98
2,39816 , -0,02000004 , -82,80194 , 50
2,405653 , -0,02000004 , -82,69601 , 50,02
2,413335 , -0,02000004 , -82,59009 , 50,04
2,4212 , -0,02000016 , -82,48416 , 50,06
2,429244 , -0,01999998 , -82,37823 , 50,08
2,437462 , -0,02000016 , -82,27231 , 50,1
2,44585 , -0,02000016 , -82,16639 , 50,12
2,454403 , -0,02000016 , -82,06047 , 50,14
2,463118 , -0,02000016 , -81,95456 , 50,16
2,47199 , -0,0200001 , -81,84866 , 50,18
2,481015 , -0,02000004 , -81,74278 , 50,2
2,490191 , -0,02000022 , -81,63689 , 50,22
2,499512 , -0,02000022 , -81,53103 , 50,24
2,508976 , -0,02000004 , -81,42518 , 50,26
2,51858 , -0,02000004 , -81,31934 , 50,28
2,528321 , -0,02000004 , -81,21351 , 50,3
2,538194 , -0,02000004 , -81,1077 , 50,32
2,548198 , -0,02000004 , -81,0019 , 50,34
2,558329 , -0,02000004 , -80,89612 , 50,36
2,568584 , -0,02000022 , -80,79035 , 50,38
2,578961 , -0,02000016 , -80,6846 , 50,4
2,589458 , -0,0200001 , -80,57887 , 50,42
2,60007 , -0,02000004 , -80,47314 , 50,44
2,610796 , -0,02000004 , -80,36744 , 50,46
2,621634 , -0,01999998 , -80,26175 , 50,48
2,632581 , -0,0200001 , -80,15607 , 50,5
2,643635 , -0,0200001 , -80,05042 , 50,52
2,654793 , -0,02000004 , -79,94477 , 50,54
2,666568 , -0,02000004 , -79,83924 , 50,56
2,682135 , -0,02000004 , -79,73508 , 50,58
2,702144 , -0,02000004 , -79,63283 , 50,6
2,726119 , -0,02000004 , -79,53226 , 50,62
2,753642 , -0,01999998 , -79,4332 , 50,64
2,784347 , -0,01999998 , -79,3355 , 50,66
2,817914 , -0,0200001 , -79,23899 , 50,68
2,85406 , -0,02000004 , -79,14358 , 50,7
2,892538 , -0,02000004 , -79,04916 , 50,72
2,93313 , -0,02000016 , -78,95564 , 50,74
2,975824 , -0,01999998 , -78,86308 , 50,76
3,021798 , -0,01999998 , -78,77264 , 50,78
3,071128 , -0,01999998 , -78,68453 , 50,8
3,124039 , -0,01999998 , -78,59925 , 50,82
3,180689 , -0,01999998 , -78,51729 , 50,84
3,241023 , -0,01999998 , -78,43887 , 50,86
3,304944 , -0,01999998 , -78,36418 , 50,88
3,372409 , -0,0200001 , -78,29359 , 50,9
3,443107 , -0,02000004 , -78,22681 , 50,92
3,516726 , -0,02000004 , -78,16349 , 50,94
3,592992 , -0,02000004 , -78,10332 , 50,96
3,671658 , -0,02000004 , -78,04605 , 50,98
3,752503 , -0,01999998 , -77,99143 , 51
3,835333 , -0,01999998 , -77,93927 , 51,02
3,919971 , -0,01999998 , -77,88937 , 51,04
4,006258 , -0,01999998 , -77,84159 , 51,06
4,094055 , -0,02000016 , -77,79578 , 51,08
4,183234 , -0,02000016 , -77,75182 , 51,1
4,27368 , -0,0200001 , -77,7096 , 51,12
4,36529 , -0,02000004 , -77,66902 , 51,14
4,457919 , -0,02000004 , -77,62981 , 51,16
4,551096 , -0,02000004 , -77,59084 , 51,18
4,644369 , -0,02000004 , -77,55121 , 51,2
4,737344 , -0,02000004 , -77,51031 , 51,22
4,830112 , -0,02000004 , -77,46838 , 51,24
4,922748 , -0,02000004 , -77,42561 , 51,26
5,015314 , -0,02000004 , -77,38215 , 51,28
5,107864 , -0,02000004 , -77,33817 , 51,3
5,200442 , -0,02000016 , -77,29379 , 51,32
5,293085 , -0,01999998 , -77,24913 , 51,34
5,385823 , -0,01999998 , -77,20428 , 51,36
5,478681 , -0,01999998 , -77,15932 , 51,38
5,571679 , -0,0200001 , -77,11433 , 51,4
5,664834 , -0,02000004 , -77,06937 , 51,42
5,758158 , -0,02000004 , -77,02448 , 51,44
5,851662 , -0,02000004 , -76,97973 , 51,46
5,945354 , -0,02000004 , -76,93514 , 51,48
6,039239 , -0,02000004 , -76,89075 , 51,5
6,133321 , -0,01999998 , -76,8466 , 51,52
6,227602 , -0,01999998 , -76,80269 , 51,54
6,322084 , -0,0200001 , -76,75905 , 51,56
6,416767 , -0,02000004 , -76,71569 , 51,58
6,511649 , -0,02000004 , -76,67264 , 51,6
6,60673 , -0,01999998 , -76,62989 , 51,62
6,702006 , -0,01999998 , -76,58746 , 51,64
6,797476 , -0,01999998 , -76,54536 , 51,66
6,893136 , -0,0200001 , -76,50358 , 51,68
6,988985 , -0,02000022 , -76,46213 , 51,7
7,085017 , -0,02000004 , -76,42101 , 51,72
7,181231 , -0,02000004 , -76,38023 , 51,74
7,277621 , -0,02000004 , -76,33979 , 51,76
7,374185 , -0,02000004 , -76,29968 , 51,78
7,470918 , -0,02000004 , -76,2599 , 51,8
7,567817 , -0,02000004 , -76,22044 , 51,82
7,664876 , -0,02000004 , -76,18132 , 51,84
7,762093 , -0,02000004 , -76,14252 , 51,86
7,859463 , -0,02000004 , -76,10403 , 51,88
7,956983 , -0,02000004 , -76,06586 , 51,9
8,054811 , -0,01999998 , -76,02845 , 51,92
8,153568 , -0,01999998 , -75,99551 , 51,94
8,253025 , -0,02000016 , -75,96841 , 51,96
8,352961 , -0,01999998 , -75,94736 , 51,98
8,453322 , -0,01999998 , -75,93175 , 52
8,554028 , -0,02000016 , -75,92122 , 52,02
8,655033 , -0,02000016 , -75,9153 , 52,04
8,756301 , -0,02000016 , -75,91348 , 52,06
8,857798 , -0,02000016 , -75,9143 , 52,08
8,959486 , -0,01999998 , -75,91706 , 52,1
9,06136 , -0,02000016 , -75,92151 , 52,12
9,163532 , -0,0200001 , -75,92688 , 52,14
9,266069 , -0,02000004 , -75,93247 , 52,16
9,369017 , -0,02000004 , -75,93747 , 52,18
9,472354 , -0,02000004 , -75,94145 , 52,2
9,576043 , -0,02000004 , -75,94405 , 52,22
9,680047 , -0,02000004 , -75,94553 , 52,24
9,784328 , -0,02000004 , -75,94619 , 52,26
9,888855 , -0,02000004 , -75,94626 , 52,28
9,993601 , -0,02000004 , -75,94593 , 52,3
10,09854 , -0,02000004 , -75,94533 , 52,32
10,20366 , -0,02000004 , -75,94453 , 52,34
10,30893 , -0,02000004 , -75,94362 , 52,36
10,41434 , -0,02000004 , -75,9426 , 52,38
10,51987 , -0,02000004 , -75,94154 , 52,4
10,62552 , -0,02000004 , -75,94047 , 52,42
10,73127 , -0,02000004 , -75,93939 , 52,44
10,83712 , -0,02000004 , -75,93836 , 52,46
10,94305 , -0,02000004 , -75,93739 , 52,48
11,04906 , -0,02000004 , -75,93649 , 52,5
11,15514 , -0,02000004 , -75,93564 , 52,52
11,26128 , -0,02000004 , -75,93479 , 52,54
11,36747 , -0,02000004 , -75,93392 , 52,56
11,47372 , -0,02000004 , -75,93302 , 52,58
11,58 , -0,02000004 , -75,93211 , 52,6
11,68633 , -0,02000004 , -75,93122 , 52,62
11,79269 , -0,02000004 , -75,93035 , 52,64
11,89909 , -0,02000004 , -75,92951 , 52,66
12,00552 , -0,02000004 , -75,9287 , 52,68
12,11197 , -0,02000004 , -75,92793 , 52,7
12,21845 , -0,02000004 , -75,92719 , 52,72
12,32496 , -0,02000004 , -75,92649 , 52,74
12,43149 , -0,02000004 , -75,92582 , 52,76
12,53804 , -0,02000004 , -75,92518 , 52,78
12,64461 , -0,02000004 , -75,92457 , 52,8
12,75119 , -0,02000004 , -75,924 , 52,82
12,8578 , -0,02000004 , -75,92345 , 52,84
12,96441 , -0,02000004 , -75,92293 , 52,86
13,07104 , -0,02000004 , -75,92244 , 52,88
13,17768 , -0,02000004 , -75,92198 , 52,9
13,28434 , -0,02000004 , -75,92155 , 52,92
13,391 , -0,02000004 , -75,92113 , 52,94
13,49767 , -0,02000004 , -75,92075 , 52,96
13,60435 , -0,02000004 , -75,92039 , 52,98
13,71105 , -0,02000004 , -75,92006 , 53
13,81774 , -0,02000004 , -75,91974 , 53,02
13,92445 , -0,02000004 , -75,91944 , 53,04
14,03116 , -0,02000004 , -75,91917 , 53,06
14,13787 , -0,02000004 , -75,91891 , 53,08
14,24459 , -0,02000004 , -75,9187 , 53,1
14,35132 , -0,02000016 , -75,91867 , 53,12
14,45801 , -0,0200001 , -75,91937 , 53,14
14,5646 , -0,0200001 , -75,92089 , 53,16
14,67096 , -0,0200001 , -75,92386 , 53,18
14,77697 , -0,02000004 , -75,92866 , 53,2
14,88253 , -0,02000004 , -75,93556 , 53,22
14,98766 , -0,02000004 , -75,9445 , 53,24
15,09231 , -0,02000004 , -75,95548 , 53,26
15,19653 , -0,02000004 , -75,96836 , 53,28
15,30034 , -0,02000004 , -75,98294 , 53,3
15,4038 , -0,02000004 , -75,99906 , 53,32
15,50692 , -0,02000004 , -76,01658 , 53,34
15,60975 , -0,02000004 , -76,03536 , 53,36
15,71231 , -0,02000004 , -76,0553 , 53,38
15,81462 , -0,02000004 , -76,07628 , 53,4
15,9167 , -0,02000004 , -76,09821 , 53,42
16,01858 , -0,02000004 , -76,12099 , 53,44
16,12027 , -0,02000004 , -76,14457 , 53,46
16,22178 , -0,02000004 , -76,16886 , 53,48
16,32313 , -0,02000004 , -76,19382 , 53,5
16,42433 , -0,02000004 , -76,21937 , 53,52
16,52539 , -0,02000004 , -76,24547 , 53,54
16,62633 , -0,02000004 , -76,27208 , 53,56
16,72715 , -0,01999998 , -76,29916 , 53,58
16,82786 , -0,01999998 , -76,32666 , 53,6
16,92847 , -0,01999998 , -76,35455 , 53,62
17,02898 , -0,01999998 , -76,38281 , 53,64
17,1294 , -0,0200001 , -76,41141 , 53,66
17,22974 , -0,01999992 , -76,44032 , 53,68
17,33001 , -0,02000004 , -76,46951 , 53,7
17,43019 , -0,02000004 , -76,49899 , 53,72
17,53031 , -0,02000004 , -76,52871 , 53,74
17,63036 , -0,02000004 , -76,55866 , 53,76
17,73035 , -0,02000004 , -76,58884 , 53,78
17,83028 , -0,02000004 , -76,61922 , 53,8
17,93015 , -0,01999998 , -76,64979 , 53,82
18,02998 , -0,0200001 , -76,68054 , 53,84
18,12984 , -0,02000004 , -76,7112 , 53,86
18,22989 , -0,02000004 , -76,74136 , 53,88
18,33027 , -0,02000004 , -76,77042 , 53,9
18,43107 , -0,01999998 , -76,79801 , 53,92
18,53237 , -0,01999998 , -76,82353 , 53,94
18,63415 , -0,01999998 , -76,84687 , 53,96
18,7364 , -0,01999998 , -76,86776 , 53,98
18,83911 , -0,01999998 , -76,8862 , 54
18,94221 , -0,01999998 , -76,90226 , 54,02
19,04568 , -0,01999998 , -76,91618 , 54,04
19,14948 , -0,01999998 , -76,92817 , 54,06
19,25357 , -0,01999998 , -76,93843 , 54,08
19,35793 , -0,01999998 , -76,94714 , 54,1
19,46252 , -0,0200001 , -76,95443 , 54,12
19,56734 , -0,02000004 , -76,96045 , 54,14
19,67234 , -0,02000004 , -76,96532 , 54,16
19,77752 , -0,02000004 , -76,96916 , 54,18
19,88286 , -0,01999998 , -76,97205 , 54,2
19,98833 , -0,01999998 , -76,97409 , 54,22
20,09394 , -0,01999998 , -76,97558 , 54,24
20,19966 , -0,0200001 , -76,9767 , 54,26
20,30549 , -0,02000004 , -76,97758 , 54,28
20,41141 , -0,01999998 , -76,97829 , 54,3
20,51741 , -0,0200001 , -76,97888 , 54,32
20,62349 , -0,02000004 , -76,97939 , 54,34
20,72964 , -0,02000004 , -76,97983 , 54,36
20,83585 , -0,02000004 , -76,98025 , 54,38
20,94212 , -0,01999998 , -76,98065 , 54,4
21,04844 , -0,01999998 , -76,98103 , 54,42
21,1548 , -0,01999998 , -76,98139 , 54,44
21,26121 , -0,01999998 , -76,98174 , 54,46
21,36765 , -0,01999998 , -76,98206 , 54,48
21,47412 , -0,01999998 , -76,98237 , 54,5
21,58063 , -0,01999998 , -76,98266 , 54,52
21,68716 , -0,01999998 , -76,98293 , 54,54
21,79372 , -0,01999998 , -76,9832 , 54,56
21,9003 , -0,01999998 , -76,9835 , 54,58
22,0069 , -0,0200001 , -76,98383 , 54,6
22,11351 , -0,0200001 , -76,9843 , 54,62
22,22013 , -0,02000004 , -76,98487 , 54,64
22,32676 , -0,01999998 , -76,98561 , 54,66
22,43339 , -0,01999998 , -76,98649 , 54,68
22,54001 , -0,01999998 , -76,98759 , 54,7
22,6466 , -0,01999998 , -76,98901 , 54,72
22,75315 , -0,01999998 , -76,99073 , 54,74
22,85965 , -0,0200001 , -76,9928 , 54,76
22,96604 , -0,0200001 , -76,99561 , 54,78
23,07228 , -0,02000004 , -76,99939 , 54,8
23,17825 , -0,02000004 , -77,00469 , 54,82
23,28383 , -0,02000004 , -77,01186 , 54,84
23,38885 , -0,02000004 , -77,0214 , 54,86
23,49321 , -0,02000004 , -77,03347 , 54,88
23,59679 , -0,02000004 , -77,04823 , 54,9
23,69963 , -0,02000004 , -77,06552 , 54,92
23,80178 , -0,02000004 , -77,08514 , 54,94
23,90329 , -0,02000004 , -77,10686 , 54,96
24,00425 , -0,02000004 , -77,13047 , 54,98
24,1047 , -0,02000004 , -77,15578 , 55
24,20469 , -0,02000004 , -77,18262 , 55,02
24,30427 , -0,02000004 , -77,21084 , 55,04
24,40347 , -0,02000004 , -77,24031 , 55,06
24,50233 , -0,02000004 , -77,2709 , 55,08
24,60089 , -0,02000004 , -77,30252 , 55,1
24,69917 , -0,02000004 , -77,33506 , 55,12
24,7972 , -0,02000004 , -77,36844 , 55,14
24,895 , -0,02000004 , -77,40257 , 55,16
24,99258 , -0,02000004 , -77,43739 , 55,18
25,08998 , -0,02000004 , -77,47284 , 55,2
25,1872 , -0,02000004 , -77,50885 , 55,22
25,28426 , -0,02000004 , -77,54538 , 55,24
25,38118 , -0,02000004 , -77,58237 , 55,26
25,47795 , -0,02000004 , -77,6198 , 55,28
25,57461 , -0,01999998 , -77,65762 , 55,3
25,67115 , -0,0200001 , -77,6958 , 55,32
25,76758 , -0,02000004 , -77,73431 , 55,34
25,86392 , -0,02000004 , -77,77311 , 55,36
25,96016 , -0,02000004 , -77,81219 , 55,38
26,05633 , -0,02000004 , -77,85153 , 55,4
26,15241 , -0,02000004 , -77,89111 , 55,42
26,24842 , -0,02000004 , -77,93089 , 55,44
26,34436 , -0,02000016 , -77,97088 , 55,46
26,44024 , -0,02000016 , -78,01105 , 55,48
26,53605 , -0,01999998 , -78,05139 , 55,5
26,63181 , -0,0200001 , -78,0919 , 55,52
26,72752 , -0,02000004 , -78,13255 , 55,54
26,82318 , -0,02000004 , -78,17333 , 55,56
26,91879 , -0,02000004 , -78,21425 , 55,58
27,01436 , -0,02000004 , -78,25528 , 55,6
27,10989 , -0,02000004 , -78,29642 , 55,62
27,20537 , -0,02000004 , -78,33768 , 55,64
27,30086 , -0,02000004 , -78,37894 , 55,66
27,39642 , -0,02000004 , -78,42007 , 55,68
27,4921 , -0,02000004 , -78,46097 , 55,7
27,58787 , -0,02000004 , -78,50168 , 55,72
27,68373 , -0,01999998 , -78,54221 , 55,74
27,77967 , -0,02000016 , -78,5826 , 55,76
27,87567 , -0,01999998 , -78,62286 , 55,78
27,97173 , -0,0200001 , -78,66301 , 55,8
28,06784 , -0,0200001 , -78,70306 , 55,82
28,16399 , -0,02000004 , -78,74302 , 55,84
28,26018 , -0,02000004 , -78,78291 , 55,86
28,35641 , -0,02000004 , -78,82273 , 55,88
28,45266 , -0,02000004 , -78,8625 , 55,9
28,54894 , -0,01999998 , -78,90223 , 55,92
28,64524 , -0,0200001 , -78,94192 , 55,94
28,74155 , -0,0200001 , -78,98158 , 55,96
28,83788 , -0,0200001 , -79,0212 , 55,98
28,93423 , -0,0200001 , -79,06081 , 56
29,03058 , -0,02000004 , -79,1004 , 56,02
29,12694 , -0,02000004 , -79,13998 , 56,04
29,2233 , -0,02000004 , -79,17955 , 56,06
29,31967 , -0,02000004 , -79,21912 , 56,08
29,41605 , -0,02000004 , -79,25867 , 56,1
29,51242 , -0,02000004 , -79,29823 , 56,12
29,6088 , -0,02000004 , -79,33779 , 56,14
29,70518 , -0,02000004 , -79,37735 , 56,16
29,80155 , -0,02000004 , -79,41691 , 56,18
29,89793 , -0,02000004 , -79,45647 , 56,2
29,9943 , -0,02000004 , -79,49605 , 56,22
30,09067 , -0,02000004 , -79,53563 , 56,24
30,18703 , -0,02000004 , -79,57522 , 56,26
30,2834 , -0,02000004 , -79,61481 , 56,28
30,37976 , -0,02000004 , -79,65442 , 56,3
30,47611 , -0,01999998 , -79,69403 , 56,32
30,57247 , -0,01999998 , -79,73365 , 56,34
30,66882 , -0,01999998 , -79,77328 , 56,36
30,76516 , -0,01999998 , -79,81292 , 56,38
30,8615 , -0,01999998 , -79,85257 , 56,4
30,95784 , -0,01999998 , -79,89223 , 56,42
31,05417 , -0,01999998 , -79,93189 , 56,44
31,1505 , -0,01999992 , -79,97157 , 56,46
31,24689 , -0,01999992 , -80,01112 , 56,48
31,34362 , -0,02000004 , -80,04983 , 56,5
31,4409 , -0,02000004 , -80,0871 , 56,52
31,53896 , -0,02000004 , -80,12177 , 56,54
31,63787 , -0,02000004 , -80,15313 , 56,56
31,73757 , -0,02000004 , -80,18073 , 56,58
31,83799 , -0,02000004 , -80,20491 , 56,6
31,93906 , -0,02000004 , -80,22603 , 56,62
32,02917 , -0,02000004 , -80,24419 , 56,64
32,10943 , -0,02000004 , -80,25968 , 56,66
32,18081 , -0,02000004 , -80,27278 , 56,68
32,24421 , -0,02000004 , -80,28372 , 56,7
32,30042 , -0,02000004 , -80,29272 , 56,72
32,35015 , -0,02000004 , -80,29997 , 56,74
32,39407 , -0,02000004 , -80,30565 , 56,76
32,43275 , -0,02000004 , -80,30991 , 56,78
32,46671 , -0,02000004 , -80,3129 , 56,8
32,49643 , -0,02000004 , -80,31481 , 56,82
32,52234 , -0,02000004 , -80,31602 , 56,84
32,5448 , -0,02000004 , -80,3168 , 56,86
32,56416 , -0,02000004 , -80,31729 , 56,88
32,58075 , -0,02000004 , -80,3176 , 56,9
32,59483 , -0,02000004 , -80,3178 , 56,92
32,60665 , -0,02000004 , -80,31793 , 56,94
32,61644 , -0,02000004 , -80,31802 , 56,96
32,6244 , -0,02000004 , -80,31807 , 56,98
32,63073 , -0,02000004 , -80,3181 , 57
32,63557 , -0,02000004 , -80,31812 , 57,02
32,63908 , -0,02000004 , -80,31814 , 57,04
32,64139 , -0,02000004 , -80,31815 , 57,06
32,64286 , -0,02000004 , -80,31815 , 57,08
32,64337 , -0,02000004 , -80,31815 , 57,1
32,64339 , -0,02000004 , -80,31815 , 57,12
32,64318 , -0,02000004 , -80,31815 , 57,14
32,6429 , -0,02000004 , -80,31815 , 57,16
32,64262 , -0,02000004 , -80,31815 , 57,18
32,64236 , -0,02000004 , -80,31815 , 57,2
32,64214 , -0,02000004 , -80,31815 , 57,22
32,64196 , -0,02000004 , -80,31815 , 57,24
32,64182 , -0,02000004 , -80,31815 , 57,26
32,64171 , -0,02000004 , -80,31815 , 57,28
32,64171 , -0,02000004 , -80,31815 , 57,3
32,64171 , -0,02000004 , -80,31815 , 57,32
32,64171 , -0,02000004 , -80,31815 , 57,34
32,64171 , -0,02000004 , -80,31815 , 57,36
32,64171 , -0,02000004 , -80,31815 , 57,38
32,64171 , -0,02000004 , -80,31815 , 57,4
32,64171 , -0,02000004 , -80,31815 , 57,42
32,64171 , -0,02000004 , -80,31815 , 57,44
32,64171 , -0,02000004 , -80,31815 , 57,46
32,64171 , -0,02000004 , -80,31815 , 57,48
32,64171 , -0,02000004 , -80,31815 , 57,5
32,64171 , -0,02000004 , -80,31815 , 57,52
32,64171 , -0,02000004 , -80,31815 , 57,54
32,64171 , -0,02000004 , -80,31815 , 57,56
32,64171 , -0,02000004 , -80,31815 , 57,58
32,64171 , -0,02000004 , -80,31815 , 57,6
32,64171 , -0,02000004 , -80,31815 , 57,62
32,64171 , -0,02000004 , -80,31815 , 57,64
32,64171 , -0,02000004 , -80,31815 , 57,66
32,64171 , -0,02000004 , -80,31815 , 57,68
32,64171 , -0,02000004 , -80,31815 , 57,7
32,64171 , -0,02000004 , -80,31815 , 57,72
32,64171 , -0,02000004 , -80,31815 , 57,74
32,64171 , -0,02000004 , -80,31815 , 57,76
32,64171 , -0,02000004 , -80,31815 , 57,78
32,64171 , -0,02000004 , -80,31815 , 57,8
32,64171 , -0,02000004 , -80,31815 , 57,82
32,64171 , -0,02000004 , -80,31815 , 57,84
32,64171 , -0,02000004 , -80,31815 , 57,86
32,64171 , -0,02000004 , -80,31815 , 57,88
32,64171 , -0,02000004 , -80,31815 , 57,9
32,64171 , -0,02000004 , -80,31815 , 57,92
32,64171 , -0,02000004 , -80,31815 , 57,94
32,64171 , -0,02000004 , -80,31815 , 57,96
32,64171 , -0,02000004 , -80,31815 , 57,98
32,64171 , -0,02000004 , -80,31815 , 58
32,64171 , -0,02000004 , -80,31815 , 58,02
32,64171 , -0,02000004 , -80,31815 , 58,04
32,64171 , -0,02000004 , -80,31815 , 58,06
32,64171 , -0,02000004 , -80,31815 , 58,08
32,64171 , -0,02000004 , -80,31815 , 58,1
32,64171 , -0,02000004 , -80,31815 , 58,12
32,64171 , -0,02000004 , -80,31815 , 58,14
32,64171 , -0,02000004 , -80,31815 , 58,16
32,64171 , -0,02000004 , -80,31815 , 58,18
32,64171 , -0,02000004 , -80,31815 , 58,2
32,64171 , -0,02000004 , -80,31815 , 58,22
32,64171 , -0,02000004 , -80,31815 , 58,24
32,64171 , -0,02000004 , -80,31815 , 58,26
32,64171 , -0,02000004 , -80,31815 , 58,28
32,64171 , -0,02000004 , -80,31815 , 58,3
32,64171 , -0,02000004 , -80,31815 , 58,32
32,64171 , -0,02000004 , -80,31815 , 58,34
32,64171 , -0,02000004 , -80,31815 , 58,36
32,64171 , -0,02000004 , -80,31815 , 58,38
32,64171 , -0,02000004 , -80,31815 , 58,4
32,64171 , -0,02000004 , -80,31815 , 58,42
32,64171 , -0,02000004 , -80,31815 , 58,44
32,64171 , -0,02000004 , -80,31815 , 58,46
32,64171 , -0,02000004 , -80,31815 , 58,48
32,64171 , -0,02000004 , -80,31815 , 58,5
32,64171 , -0,02000004 , -80,31815 , 58,52
32,64171 , -0,02000004 , -80,31815 , 58,54
32,64171 , -0,02000004 , -80,31815 , 58,56
32,64171 , -0,02000004 , -80,31815 , 58,58
32,64171 , -0,02000004 , -80,31815 , 58,6
32,64171 , -0,02000004 , -80,31815 , 58,62
32,64171 , -0,02000004 , -80,31815 , 58,64
32,64171 , -0,02000004 , -80,31815 , 58,66
32,64171 , -0,02000004 , -80,31815 , 58,68
32,64171 , -0,02000004 , -80,31815 , 58,7
32,64171 , -0,02000004 , -80,31815 , 58,72
32,64171 , -0,02000004 , -80,31815 , 58,74
32,64171 , -0,02000004 , -80,31815 , 58,76
32,64171 , -0,02000004 , -80,31815 , 58,78
32,64171 , -0,02000004 , -80,31815 , 58,8
32,64171 , -0,02000004 , -80,31815 , 58,82
32,64171 , -0,02000004 , -80,31815 , 58,84
32,64171 , -0,02000004 , -80,31815 , 58,86
32,64171 , -0,02000004 , -80,31815 , 58,88
32,64171 , -0,02000004 , -80,31815 , 58,9
32,63952 , -0,02000004 , -80,30787 , 58,92
32,63528 , -0,02000004 , -80,28835 , 58,94
32,62918 , -0,02000004 , -80,26051 , 58,96
32,62142 , -0,02000004 , -80,2252 , 58,98
32,61213 , -0,02000004 , -80,18317 , 59
32,60146 , -0,02000004 , -80,13509 , 59,02
32,58953 , -0,01999998 , -80,08157 , 59,04
32,57645 , -0,01999998 , -80,02316 , 59,06
32,56233 , -0,01999998 , -79,96035 , 59,08
32,54724 , -0,0200001 , -79,89359 , 59,1
32,53127 , -0,0200001 , -79,82327 , 59,12
32,51449 , -0,02000004 , -79,74976 , 59,14
32,49696 , -0,02000004 , -79,67339 , 59,16
32,47874 , -0,02000004 , -79,59444 , 59,18
32,45989 , -0,02000004 , -79,51317 , 59,2
32,44045 , -0,02000004 , -79,42982 , 59,22
32,42046 , -0,02000004 , -79,34462 , 59,24
32,39996 , -0,02000004 , -79,25774 , 59,26
32,379 , -0,02000004 , -79,16936 , 59,28
32,35759 , -0,02000004 , -79,07963 , 59,3
32,33578 , -0,02000004 , -78,98869 , 59,32
32,31358 , -0,02000022 , -78,89668 , 59,34
32,29102 , -0,02000004 , -78,80369 , 59,36
32,26814 , -0,02000004 , -78,70983 , 59,38
32,24507 , -0,02000004 , -78,61515 , 59,4
32,22258 , -0,02000004 , -78,51954 , 59,42
32,2017 , -0,02000004 , -78,4229 , 59,44
32,18281 , -0,01999998 , -78,32526 , 59,46
32,16666 , -0,01999998 , -78,23824 , 59,48
32,15297 , -0,01999998 , -78,16077 , 59,5
32,14149 , -0,01999998 , -78,0919 , 59,52
32,13201 , -0,01999998 , -78,03075 , 59,54
32,12433 , -0,01999998 , -77,97658 , 59,56
32,11826 , -0,01999998 , -77,92867 , 59,58
32,11365 , -0,01999998 , -77,88639 , 59,6
32,11034 , -0,01999998 , -77,84919 , 59,62
32,10822 , -0,01999998 , -77,81656 , 59,64
32,10686 , -0,01999998 , -77,78804 , 59,66
32,106 , -0,01999998 , -77,76322 , 59,68
32,10545 , -0,01999998 , -77,74173 , 59,7
32,1051 , -0,01999998 , -77,72324 , 59,72
32,10488 , -0,01999998 , -77,70744 , 59,74
32,10474 , -0,01999998 , -77,69407 , 59,76
32,10464 , -0,01999998 , -77,68288 , 59,78
32,10008 , -0,0200001 , -77,66343 , 59,8
32,09115 , -0,0200001 , -77,63673 , 59,82
32,07777 , -0,0200001 , -77,60381 , 59,84
32,05994 , -0,0200001 , -77,5656 , 59,86
32,0377 , -0,02000004 , -77,52293 , 59,88
32,01085 , -0,02000004 , -77,47675 , 59,9
31,97967 , -0,02000004 , -77,42762 , 59,92
31,9444 , -0,02000004 , -77,376 , 59,94
31,90538 , -0,02000004 , -77,3222 , 59,96
31,86296 , -0,02000004 , -77,26648 , 59,98
31,81745 , -0,02000004 , -77,20905 , 60
31,76914 , -0,02000004 , -77,1501 , 60,02
31,71826 , -0,02000004 , -77,08984 , 60,04
31,66505 , -0,02000004 , -77,02841 , 60,06
31,6097 , -0,02000016 , -76,96598 , 60,08
31,55238 , -0,02000016 , -76,90268 , 60,1
31,49327 , -0,01999998 , -76,83864 , 60,12
31,4325 , -0,01999998 , -76,77396 , 60,14
31,37018 , -0,01999998 , -76,70879 , 60,16
31,3064 , -0,02000016 , -76,64323 , 60,18
31,2412 , -0,02000016 , -76,57745 , 60,2
31,17465 , -0,02000016 , -76,51154 , 60,22
31,10683 , -0,02000028 , -76,44559 , 60,24
31,03785 , -0,01999998 , -76,37963 , 60,26
30,96776 , -0,01999998 , -76,31373 , 60,28
30,89658 , -0,01999998 , -76,24798 , 60,3
30,82433 , -0,01999998 , -76,1825 , 60,32
30,75094 , -0,01999998 , -76,11748 , 60,34
30,67639 , -0,01999998 , -76,05306 , 60,36
30,6006 , -0,01999998 , -75,98945 , 60,38
30,5236 , -0,0200001 , -75,92672 , 60,4
30,44539 , -0,02000004 , -75,86497 , 60,42
30,36604 , -0,02000004 , -75,80418 , 60,44
30,28561 , -0,02000016 , -75,74434 , 60,46
30,20419 , -0,01999998 , -75,68538 , 60,48
