Min X value: -65
Min Y value: -14,1249
Min Z value: -105,0925
Max X value: 66,50088
Max Y value: 14,90855
Max Z value: 105
Key: charpos in X , Y , Z , Time since start capture
0 , 0 , -95 , 29,72
0 , -0,003531575 , -95 , 29,74
0 , -0,0109126 , -95 , 29,76
4,816125E-11 , -0,01818258 , -95 , 29,78
1,712832E-10 , -0,01963657 , -95 , 29,8
2,663886E-10 , -0,01992738 , -95 , 29,82
3,289422E-10 , -0,0199855 , -95 , 29,84
3,681617E-10 , -0,01999712 , -95 , 29,86
3,92262E-10 , -0,01999944 , -95 , 29,88
4,068762E-10 , -0,01999992 , -95 , 29,9
4,156258E-10 , -0,02000004 , -95 , 29,92
4,207852E-10 , -0,02000004 , -95 , 29,94
4,237673E-10 , -0,02000004 , -95 , 29,96
4,254448E-10 , -0,02000004 , -95 , 29,98
4,263516E-10 , -0,02000004 , -95 , 30
4,268116E-10 , -0,02000004 , -95 , 30,02
4,270194E-10 , -0,02000004 , -95 , 30,04
4,2709E-10 , -0,02000004 , -95 , 30,06
4,270903E-10 , -0,02000004 , -95 , 30,08
4,270583E-10 , -0,02000004 , -95 , 30,1
4,270146E-10 , -0,02000004 , -95 , 30,12
4,270146E-10 , -0,02000004 , -95 , 30,14
4,270146E-10 , -0,02000004 , -95 , 30,16
4,270146E-10 , -0,02000004 , -95 , 30,18
4,270146E-10 , -0,02000004 , -95 , 30,2
4,270146E-10 , -0,02000004 , -95 , 30,22
4,270146E-10 , -0,02000004 , -95 , 30,24
4,270146E-10 , -0,02000004 , -95 , 30,26
4,270146E-10 , -0,02000004 , -95 , 30,28
4,270146E-10 , -0,02000004 , -95 , 30,3
4,270146E-10 , -0,02000004 , -95 , 30,32
4,270146E-10 , -0,02000004 , -95 , 30,34
4,270146E-10 , -0,02000004 , -95 , 30,36
4,270146E-10 , -0,02000004 , -95 , 30,38
4,270146E-10 , -0,02000004 , -95 , 30,4
4,270146E-10 , -0,02000004 , -95 , 30,42
4,270146E-10 , -0,02000004 , -95 , 30,44
4,270146E-10 , -0,02000004 , -95 , 30,46
4,270146E-10 , -0,02000004 , -95 , 30,48
4,270146E-10 , -0,02000004 , -95 , 30,5
4,270146E-10 , -0,02000004 , -95 , 30,52
4,270146E-10 , -0,02000004 , -95 , 30,54
4,270146E-10 , -0,02000004 , -95 , 30,56
4,270146E-10 , -0,02000004 , -95 , 30,58
4,270146E-10 , -0,02000004 , -95 , 30,6
4,270146E-10 , -0,02000004 , -95 , 30,62
4,270146E-10 , -0,02000004 , -95 , 30,64
4,270146E-10 , -0,02000004 , -95 , 30,66
4,270146E-10 , -0,02000004 , -95 , 30,68
4,270146E-10 , -0,02000004 , -95 , 30,7
4,270146E-10 , -0,02000004 , -95 , 30,72
4,270146E-10 , -0,02000004 , -95 , 30,74
4,270146E-10 , -0,02000004 , -95 , 30,76
4,270146E-10 , -0,02000004 , -95 , 30,78
4,270146E-10 , -0,02000004 , -95 , 30,8
4,270146E-10 , -0,02000004 , -95 , 30,82
4,270146E-10 , -0,02000004 , -95 , 30,84
4,270146E-10 , -0,02000004 , -95 , 30,86
4,270146E-10 , -0,02000004 , -95 , 30,88
4,270146E-10 , -0,02000004 , -95 , 30,9
4,270146E-10 , -0,02000004 , -95 , 30,92
4,270146E-10 , -0,02000004 , -95 , 30,94
4,270146E-10 , -0,02000004 , -95 , 30,96
4,270146E-10 , -0,02000004 , -95 , 30,98
4,270146E-10 , -0,02000004 , -95 , 31
4,270146E-10 , -0,02000004 , -95 , 31,02
4,270146E-10 , -0,02000004 , -95 , 31,04
4,270146E-10 , -0,02000004 , -95 , 31,06
4,270146E-10 , -0,02000004 , -95 , 31,08
4,270146E-10 , -0,02000004 , -95 , 31,1
4,270146E-10 , -0,02000004 , -95 , 31,12
4,270146E-10 , -0,02000004 , -95 , 31,14
4,270146E-10 , -0,02000004 , -95 , 31,16
4,270146E-10 , -0,02000004 , -95 , 31,18
4,270146E-10 , -0,02000004 , -95 , 31,2
4,270146E-10 , -0,02000004 , -95 , 31,22
4,270146E-10 , -0,02000004 , -95 , 31,24
4,270146E-10 , -0,02000004 , -95 , 31,26
4,270146E-10 , -0,02000004 , -95 , 31,28
4,270146E-10 , -0,02000004 , -95 , 31,3
4,270146E-10 , -0,02000004 , -95 , 31,32
4,270146E-10 , -0,02000004 , -95 , 31,34
4,270146E-10 , -0,02000004 , -95 , 31,36
4,270146E-10 , -0,02000004 , -95 , 31,38
4,270146E-10 , -0,02000004 , -95 , 31,4
4,270146E-10 , -0,02000004 , -95 , 31,42
4,270146E-10 , -0,02000004 , -95 , 31,44
4,270146E-10 , -0,02000004 , -95 , 31,46
4,270146E-10 , -0,02000004 , -95 , 31,48
4,270146E-10 , -0,02000004 , -95 , 31,5
4,270146E-10 , -0,02000004 , -95 , 31,52
4,270146E-10 , -0,02000004 , -95 , 31,54
4,270146E-10 , -0,02000004 , -95 , 31,56
-0,00106908 , -0,02000004 , -94,98942 , 31,58
-0,002819887 , -0,02000004 , -94,96931 , 31,6
-0,005068135 , -0,02000004 , -94,94064 , 31,62
-0,007767289 , -0,02000004 , -94,90426 , 31,64
-0,01087563 , -0,02000004 , -94,86093 , 31,66
-0,01435594 , -0,02000004 , -94,81136 , 31,68
-0,01817468 , -0,02000004 , -94,75617 , 31,7
-0,02230183 , -0,01999998 , -94,69592 , 31,72
-0,02671032 , -0,01999998 , -94,63112 , 31,74
-0,0313758 , -0,02000016 , -94,56222 , 31,76
-0,03627612 , -0,01999998 , -94,48963 , 31,78
-0,04139152 , -0,0200001 , -94,41373 , 31,8
-0,0467039 , -0,0200001 , -94,33484 , 31,82
-0,05219701 , -0,0200001 , -94,25327 , 31,84
-0,05785598 , -0,02000022 , -94,16927 , 31,86
-0,0636673 , -0,02000016 , -94,08311 , 31,88
-0,06961873 , -0,01999998 , -93,99499 , 31,9
-0,0756992 , -0,01999998 , -93,90511 , 31,92
-0,08189842 , -0,0200001 , -93,81364 , 31,94
-0,08820708 , -0,0200001 , -93,72076 , 31,96
-0,09461666 , -0,02000004 , -93,62659 , 31,98
-0,1011565 , -0,02000004 , -93,53127 , 32
-0,1078156 , -0,02000016 , -93,43491 , 32,02
-0,1145841 , -0,02000016 , -93,33763 , 32,04
-0,1214529 , -0,01999998 , -93,23951 , 32,06
-0,1284141 , -0,0200001 , -93,14064 , 32,08
-0,1354602 , -0,0200001 , -93,04109 , 32,1
-0,1425846 , -0,0200001 , -92,94093 , 32,12
-0,1497813 , -0,0200001 , -92,84023 , 32,14
-0,1570446 , -0,02000022 , -92,73903 , 32,16
-0,1643696 , -0,02000004 , -92,63739 , 32,18
-0,1717517 , -0,02000004 , -92,53535 , 32,2
-0,1791867 , -0,01999998 , -92,43295 , 32,22
-0,1866709 , -0,0200001 , -92,33022 , 32,24
-0,1942007 , -0,02000004 , -92,22721 , 32,26
-0,2017731 , -0,02000004 , -92,12394 , 32,28
-0,209385 , -0,02000004 , -92,02043 , 32,3
-0,2170338 , -0,02000004 , -91,91672 , 32,32
-0,2247172 , -0,02000004 , -91,81281 , 32,34
-0,2324328 , -0,02000004 , -91,70874 , 32,36
-0,2401786 , -0,02000004 , -91,60452 , 32,38
-0,2479527 , -0,02000004 , -91,50014 , 32,4
-0,2557533 , -0,02000004 , -91,39565 , 32,42
-0,263579 , -0,02000004 , -91,29105 , 32,44
-0,2714281 , -0,02000004 , -91,18636 , 32,46
-0,2792994 , -0,02000004 , -91,08157 , 32,48
-0,2871916 , -0,02000004 , -90,97669 , 32,5
-0,2951035 , -0,02000004 , -90,87175 , 32,52
-0,3030341 , -0,02000004 , -90,76674 , 32,54
-0,3109823 , -0,01999998 , -90,66167 , 32,56
-0,3189473 , -0,0200001 , -90,55656 , 32,58
-0,3269283 , -0,0200001 , -90,45139 , 32,6
-0,3349243 , -0,02000004 , -90,34618 , 32,62
-0,3429347 , -0,02000004 , -90,24094 , 32,64
-0,3509588 , -0,02000004 , -90,13566 , 32,66
-0,3589959 , -0,02000004 , -90,03035 , 32,68
-0,3670456 , -0,02000004 , -89,92501 , 32,7
-0,3751071 , -0,02000004 , -89,81965 , 32,72
-0,3831801 , -0,02000004 , -89,71426 , 32,74
-0,3912639 , -0,02000004 , -89,60886 , 32,76
-0,3993583 , -0,02000016 , -89,50344 , 32,78
-0,4074627 , -0,02000016 , -89,398 , 32,8
-0,4155766 , -0,01999998 , -89,29255 , 32,82
-0,4236998 , -0,01999998 , -89,18709 , 32,84
-0,4318319 , -0,01999998 , -89,08161 , 32,86
-0,4399726 , -0,0200001 , -88,97613 , 32,88
-0,4481215 , -0,02000004 , -88,87064 , 32,9
-0,4562783 , -0,02000004 , -88,76514 , 32,92
-0,4644428 , -0,02000004 , -88,65963 , 32,94
-0,4726147 , -0,02000004 , -88,55412 , 32,96
-0,4807937 , -0,02000004 , -88,44859 , 32,98
-0,4889797 , -0,02000016 , -88,34307 , 33
-0,4971724 , -0,0200001 , -88,23754 , 33,02
-0,5053714 , -0,02000004 , -88,13201 , 33,04
-0,5135767 , -0,02000004 , -88,02647 , 33,06
-0,5217882 , -0,02000016 , -87,92094 , 33,08
-0,5300055 , -0,02000016 , -87,8154 , 33,1
-0,5382284 , -0,01999998 , -87,70985 , 33,12
-0,5464569 , -0,01999998 , -87,60431 , 33,14
-0,5546907 , -0,01999998 , -87,49876 , 33,16
-0,5629297 , -0,01999998 , -87,39322 , 33,18
-0,5711738 , -0,01999998 , -87,28767 , 33,2
-0,5794228 , -0,01999998 , -87,18211 , 33,22
-0,5876766 , -0,0200001 , -87,07656 , 33,24
-0,5959349 , -0,02000004 , -86,97101 , 33,26
-0,6041978 , -0,02000004 , -86,86546 , 33,28
-0,612465 , -0,02000004 , -86,7599 , 33,3
-0,6207366 , -0,02000004 , -86,65435 , 33,32
-0,6290123 , -0,02000004 , -86,5488 , 33,34
-0,6372921 , -0,02000004 , -86,44324 , 33,36
-0,6455759 , -0,02000004 , -86,33769 , 33,38
-0,6538634 , -0,01999998 , -86,23214 , 33,4
-0,6621547 , -0,01999998 , -86,12659 , 33,42
-0,6704497 , -0,0200001 , -86,02103 , 33,44
-0,6787481 , -0,02000022 , -85,91548 , 33,46
-0,68705 , -0,02000016 , -85,80993 , 33,48
-0,6953553 , -0,01999998 , -85,70438 , 33,5
-0,7036638 , -0,01999998 , -85,59882 , 33,52
-0,7119756 , -0,01999998 , -85,49327 , 33,54
-0,7202905 , -0,01999998 , -85,38772 , 33,56
-0,7286084 , -0,01999998 , -85,28217 , 33,58
-0,7369294 , -0,01999998 , -85,17661 , 33,6
-0,7452532 , -0,01999998 , -85,07106 , 33,62
-0,7535799 , -0,0200001 , -84,96551 , 33,64
-0,7619092 , -0,02000004 , -84,85995 , 33,66
-0,7702413 , -0,02000004 , -84,7544 , 33,68
-0,7785761 , -0,02000016 , -84,64885 , 33,7
-0,7869133 , -0,0200001 , -84,5433 , 33,72
-0,7952532 , -0,0200001 , -84,43774 , 33,74
-0,8035954 , -0,0200001 , -84,33219 , 33,76
-0,81194 , -0,02000004 , -84,22664 , 33,78
-0,820287 , -0,02000004 , -84,12109 , 33,8
-0,8286362 , -0,02000004 , -84,01553 , 33,82
-0,8369877 , -0,02000004 , -83,90998 , 33,84
-0,8453413 , -0,01999998 , -83,80443 , 33,86
-0,8536971 , -0,01999998 , -83,69888 , 33,88
-0,8619002 , -0,01999998 , -83,59331 , 33,9
-0,8694274 , -0,01999998 , -83,48766 , 33,92
-0,8759039 , -0,01999998 , -83,3819 , 33,94
-0,8809669 , -0,0200001 , -83,27605 , 33,96
-0,8845538 , -0,0200001 , -83,1701 , 33,98
-0,8866422 , -0,02000004 , -83,06407 , 34
-0,88773 , -0,01999998 , -82,95797 , 34,02
-0,8881447 , -0,0200001 , -82,85181 , 34,04
-0,8880958 , -0,0200001 , -82,74559 , 34,06
-0,887714 , -0,02000004 , -82,63933 , 34,08
-0,8870845 , -0,02000004 , -82,53303 , 34,1
-0,8862273 , -0,02000004 , -82,4267 , 34,12
-0,8851246 , -0,02000004 , -82,32034 , 34,14
-0,8836295 , -0,02000004 , -82,214 , 34,16
-0,8817695 , -0,02000022 , -82,10769 , 34,18
-0,8793227 , -0,02000016 , -82,00144 , 34,2
-0,8761834 , -0,02000016 , -81,89527 , 34,22
-0,8722193 , -0,02000016 , -81,78922 , 34,24
-0,8675034 , -0,0200001 , -81,68326 , 34,26
-0,8620574 , -0,0200001 , -81,57739 , 34,28
-0,8559004 , -0,0200001 , -81,47163 , 34,3
-0,8489522 , -0,0200001 , -81,36598 , 34,32
-0,8407611 , -0,02000004 , -81,26056 , 34,34
-0,8307537 , -0,02000004 , -81,15553 , 34,36
-0,818625 , -0,01999998 , -81,05103 , 34,38
-0,8039669 , -0,01999998 , -80,94726 , 34,4
-0,7866455 , -0,01999998 , -80,84431 , 34,42
-0,7665248 , -0,02000016 , -80,74229 , 34,44
-0,743188 , -0,01999998 , -80,64153 , 34,46
-0,7162673 , -0,01999998 , -80,54236 , 34,48
-0,6857533 , -0,0200001 , -80,44489 , 34,5
-0,65162 , -0,02000004 , -80,34927 , 34,52
-0,6138036 , -0,02000016 , -80,25569 , 34,54
-0,5724417 , -0,01999998 , -80,16419 , 34,56
-0,5276347 , -0,0200001 , -80,07482 , 34,58
-0,4795212 , -0,02000004 , -79,98759 , 34,6
-0,4282556 , -0,02000004 , -79,90249 , 34,62
-0,3739435 , -0,02000004 , -79,81956 , 34,64
-0,3168097 , -0,02000004 , -79,73869 , 34,66
-0,2571007 , -0,02000004 , -79,65971 , 34,68
-0,1950373 , -0,02000004 , -79,5825 , 34,7
-0,1308168 , -0,02000022 , -79,5069 , 34,72
-0,06461629 , -0,02000004 , -79,43284 , 34,74
0,003405764 , -0,02000004 , -79,36019 , 34,76
0,07310657 , -0,02000004 , -79,28887 , 34,78
0,1443581 , -0,02000004 , -79,21881 , 34,8
0,2170447 , -0,02000004 , -79,14993 , 34,82
0,2910627 , -0,02000016 , -79,08218 , 34,84
0,3663179 , -0,02000016 , -79,01549 , 34,86
0,4427255 , -0,02000016 , -78,94981 , 34,88
0,5202083 , -0,01999998 , -78,88511 , 34,9
0,5986968 , -0,01999998 , -78,82133 , 34,92
0,6781275 , -0,01999998 , -78,75845 , 34,94
0,7584426 , -0,01999998 , -78,69643 , 34,96
0,8395894 , -0,02000016 , -78,63524 , 34,98
0,9215196 , -0,0200001 , -78,57484 , 35
1,004189 , -0,0200001 , -78,51523 , 35,02
1,087558 , -0,0200001 , -78,45636 , 35,04
1,171589 , -0,02000004 , -78,39822 , 35,06
1,256247 , -0,02000016 , -78,3408 , 35,08
1,341501 , -0,02000016 , -78,28407 , 35,1
1,427321 , -0,0200001 , -78,228 , 35,12
1,513682 , -0,0200001 , -78,1726 , 35,14
1,600556 , -0,02000004 , -78,11784 , 35,16
1,687922 , -0,02000004 , -78,0637 , 35,18
1,775756 , -0,02000004 , -78,01017 , 35,2
1,86404 , -0,01999998 , -77,95724 , 35,22
1,952753 , -0,01999998 , -77,90489 , 35,24
2,041892 , -0,01999998 , -77,85314 , 35,26
2,131438 , -0,0200001 , -77,80198 , 35,28
2,221376 , -0,01999992 , -77,75138 , 35,3
2,311687 , -0,01999992 , -77,70134 , 35,32
2,402359 , -0,0200001 , -77,65184 , 35,34
2,493375 , -0,02000004 , -77,60287 , 35,36
2,584722 , -0,02000004 , -77,55443 , 35,38
2,676388 , -0,02000004 , -77,50649 , 35,4
2,768361 , -0,02000004 , -77,45905 , 35,42
2,86063 , -0,02000004 , -77,41209 , 35,44
2,953183 , -0,02000004 , -77,36562 , 35,46
3,046011 , -0,02000004 , -77,3196 , 35,48
3,139104 , -0,02000004 , -77,27404 , 35,5
3,232452 , -0,02000004 , -77,22893 , 35,52
3,326047 , -0,02000004 , -77,18425 , 35,54
3,419881 , -0,02000004 , -77,14 , 35,56
3,513944 , -0,01999998 , -77,09617 , 35,58
3,60823 , -0,01999998 , -77,05275 , 35,6
3,702732 , -0,01999998 , -77,00974 , 35,62
3,797441 , -0,01999998 , -76,96711 , 35,64
3,892352 , -0,01999998 , -76,92487 , 35,66
3,987457 , -0,0200001 , -76,88301 , 35,68
4,082751 , -0,0200001 , -76,84151 , 35,7
4,178228 , -0,0200001 , -76,80038 , 35,72
4,273881 , -0,0200001 , -76,75961 , 35,74
4,369707 , -0,0200001 , -76,71918 , 35,76
4,465698 , -0,0200001 , -76,67908 , 35,78
4,56185 , -0,02000004 , -76,63933 , 35,8
4,658158 , -0,02000004 , -76,59989 , 35,82
4,754617 , -0,02000004 , -76,56078 , 35,84
4,8513 , -0,02000004 , -76,52216 , 35,86
4,94843 , -0,01999998 , -76,48468 , 35,88
5,046134 , -0,01999998 , -76,4488 , 35,9
5,144482 , -0,01999998 , -76,41487 , 35,92
5,243547 , -0,0200001 , -76,38346 , 35,94
5,343342 , -0,02000004 , -76,35501 , 35,96
5,44382 , -0,02000004 , -76,32958 , 35,98
5,544921 , -0,02000004 , -76,30708 , 36
5,646588 , -0,02000004 , -76,2873 , 36,02
5,748764 , -0,01999998 , -76,26999 , 36,04
5,851398 , -0,01999998 , -76,25494 , 36,06
5,954448 , -0,01999998 , -76,24194 , 36,08
6,05787 , -0,01999998 , -76,23085 , 36,1
6,16163 , -0,0200001 , -76,22149 , 36,12
6,265694 , -0,0200001 , -76,21373 , 36,14
6,370031 , -0,02000004 , -76,20745 , 36,16
6,474615 , -0,02000004 , -76,20254 , 36,18
6,579422 , -0,02000004 , -76,19889 , 36,2
6,684429 , -0,02000004 , -76,19643 , 36,22
6,789617 , -0,02000004 , -76,19486 , 36,24
6,894967 , -0,01999998 , -76,1939 , 36,26
7,000463 , -0,01999998 , -76,19335 , 36,28
7,10609 , -0,0200001 , -76,19309 , 36,3
7,211834 , -0,02000004 , -76,19304 , 36,32
7,317684 , -0,02000016 , -76,19315 , 36,34
7,423627 , -0,0200001 , -76,19338 , 36,36
7,529654 , -0,02000004 , -76,19372 , 36,38
7,635756 , -0,02000004 , -76,19415 , 36,4
7,741923 , -0,02000004 , -76,19466 , 36,42
7,84815 , -0,02000004 , -76,19524 , 36,44
7,954428 , -0,01999998 , -76,1959 , 36,46
8,060752 , -0,0200001 , -76,19662 , 36,48
8,167116 , -0,0200001 , -76,1974 , 36,5
8,273515 , -0,02000004 , -76,19823 , 36,52
8,379944 , -0,02000004 , -76,19913 , 36,54
8,486399 , -0,02000004 , -76,20007 , 36,56
8,592875 , -0,02000004 , -76,20107 , 36,58
8,699371 , -0,02000004 , -76,20213 , 36,6
8,805882 , -0,02000004 , -76,20322 , 36,62
8,912407 , -0,01999998 , -76,20437 , 36,64
9,018942 , -0,01999998 , -76,20556 , 36,66
9,125484 , -0,01999998 , -76,20679 , 36,68
9,232034 , -0,01999998 , -76,20808 , 36,7
9,338586 , -0,01999998 , -76,2094 , 36,72
9,445141 , -0,02000016 , -76,21078 , 36,74
9,551696 , -0,02000016 , -76,2122 , 36,76
9,65825 , -0,02000016 , -76,21365 , 36,78
9,764802 , -0,01999998 , -76,21515 , 36,8
9,871352 , -0,01999998 , -76,21667 , 36,82
9,977912 , -0,01999998 , -76,21808 , 36,84
10,08449 , -0,01999998 , -76,21925 , 36,86
10,19109 , -0,01999998 , -76,22021 , 36,88
10,2977 , -0,01999998 , -76,22103 , 36,9
10,40433 , -0,01999998 , -76,22174 , 36,92
10,51098 , -0,01999998 , -76,22238 , 36,94
10,61763 , -0,0200001 , -76,22299 , 36,96
10,7243 , -0,0200001 , -76,22359 , 36,98
10,83098 , -0,02000004 , -76,2242 , 37
10,93767 , -0,02000004 , -76,22481 , 37,02
11,04436 , -0,02000004 , -76,22543 , 37,04
11,15106 , -0,02000022 , -76,22607 , 37,06
11,25776 , -0,02000004 , -76,22673 , 37,08
11,36447 , -0,02000004 , -76,2274 , 37,1
11,47119 , -0,02000004 , -76,22809 , 37,12
11,5779 , -0,02000004 , -76,22879 , 37,14
11,68462 , -0,02000004 , -76,22952 , 37,16
11,79134 , -0,01999998 , -76,23026 , 37,18
11,89807 , -0,01999998 , -76,23101 , 37,2
12,00479 , -0,01999998 , -76,23178 , 37,22
12,11151 , -0,0200001 , -76,23257 , 37,24
12,21824 , -0,0200001 , -76,23334 , 37,26
12,32497 , -0,0200001 , -76,23412 , 37,28
12,4317 , -0,02000004 , -76,23486 , 37,3
12,53843 , -0,02000004 , -76,23537 , 37,32
12,64518 , -0,02000004 , -76,23567 , 37,34
12,75192 , -0,02000004 , -76,23566 , 37,36
12,85866 , -0,02000004 , -76,23537 , 37,38
12,9654 , -0,02000004 , -76,2348 , 37,4
13,07213 , -0,02000004 , -76,23406 , 37,42
13,17886 , -0,02000004 , -76,23322 , 37,44
13,28558 , -0,02000004 , -76,23232 , 37,46
13,39229 , -0,01999998 , -76,23137 , 37,48
13,499 , -0,01999998 , -76,2304 , 37,5
13,60571 , -0,01999998 , -76,22942 , 37,52
13,71242 , -0,01999998 , -76,22843 , 37,54
13,81913 , -0,0200001 , -76,22744 , 37,56
13,92583 , -0,0200001 , -76,22645 , 37,58
14,03253 , -0,0200001 , -76,22546 , 37,6
14,13923 , -0,02000004 , -76,22448 , 37,62
14,24593 , -0,02000004 , -76,2235 , 37,64
14,35262 , -0,02000004 , -76,22252 , 37,66
14,45932 , -0,02000004 , -76,22154 , 37,68
14,56602 , -0,02000004 , -76,22057 , 37,7
14,67271 , -0,02000004 , -76,2196 , 37,72
14,77941 , -0,02000004 , -76,21864 , 37,74
14,8861 , -0,02000004 , -76,21768 , 37,76
14,9928 , -0,02000004 , -76,21673 , 37,78
15,09949 , -0,02000004 , -76,21577 , 37,8
15,20619 , -0,01999998 , -76,21483 , 37,82
15,31288 , -0,0200001 , -76,21388 , 37,84
15,41958 , -0,0200001 , -76,21294 , 37,86
15,52627 , -0,02000004 , -76,212 , 37,88
15,63297 , -0,01999998 , -76,21106 , 37,9
15,73967 , -0,01999998 , -76,21012 , 37,92
15,84636 , -0,01999998 , -76,20919 , 37,94
15,95306 , -0,01999998 , -76,20826 , 37,96
16,05976 , -0,01999998 , -76,20733 , 37,98
16,16645 , -0,0200001 , -76,20641 , 38
16,27315 , -0,02000004 , -76,20548 , 38,02
16,37985 , -0,02000004 , -76,20456 , 38,04
16,48654 , -0,02000004 , -76,20364 , 38,06
16,59324 , -0,02000004 , -76,20266 , 38,08
16,69991 , -0,02000004 , -76,20145 , 38,1
16,80652 , -0,02000022 , -76,19971 , 38,12
16,91302 , -0,02000004 , -76,19727 , 38,14
17,01938 , -0,02000004 , -76,19398 , 38,16
17,12558 , -0,02000004 , -76,18968 , 38,18
17,23158 , -0,02000004 , -76,18426 , 38,2
17,33738 , -0,02000004 , -76,17764 , 38,22
17,44297 , -0,02000004 , -76,16988 , 38,24
17,54833 , -0,02000004 , -76,16093 , 38,26
17,65348 , -0,01999998 , -76,15089 , 38,28
17,75844 , -0,0200001 , -76,13984 , 38,3
17,86323 , -0,0200001 , -76,12789 , 38,32
17,96786 , -0,0200001 , -76,11513 , 38,34
18,07234 , -0,0200001 , -76,10162 , 38,36
18,17669 , -0,02000004 , -76,08743 , 38,38
18,28093 , -0,02000004 , -76,07261 , 38,4
18,38504 , -0,02000004 , -76,05722 , 38,42
18,48906 , -0,02000004 , -76,04131 , 38,44
18,59298 , -0,02000004 , -76,02491 , 38,46
18,6968 , -0,02000004 , -76,00806 , 38,48
18,80055 , -0,02000004 , -75,99081 , 38,5
18,90421 , -0,02000004 , -75,97317 , 38,52
19,0078 , -0,02000004 , -75,95517 , 38,54
19,11133 , -0,02000004 , -75,93686 , 38,56
19,21485 , -0,02000004 , -75,91843 , 38,58
19,31842 , -0,02000004 , -75,90024 , 38,6
19,42208 , -0,02000004 , -75,88233 , 38,62
19,5258 , -0,02000004 , -75,86472 , 38,64
19,6296 , -0,02000004 , -75,8474 , 38,66
19,73347 , -0,02000004 , -75,83034 , 38,68
19,83739 , -0,02000004 , -75,8135 , 38,7
19,94136 , -0,02000004 , -75,79686 , 38,72
20,04539 , -0,02000004 , -75,78045 , 38,74
20,14948 , -0,02000004 , -75,76434 , 38,76
20,25367 , -0,02000004 , -75,74865 , 38,78
20,35795 , -0,02000004 , -75,73341 , 38,8
20,46233 , -0,02000004 , -75,71867 , 38,82
20,56681 , -0,02000004 , -75,70448 , 38,84
20,67142 , -0,02000004 , -75,69102 , 38,86
20,77617 , -0,02000004 , -75,67841 , 38,88
20,88106 , -0,01999998 , -75,6666 , 38,9
20,98607 , -0,01999998 , -75,65565 , 38,92
21,09123 , -0,01999998 , -75,64568 , 38,94
21,19653 , -0,0200001 , -75,63691 , 38,96
21,30197 , -0,02000004 , -75,62945 , 38,98
21,40755 , -0,02000004 , -75,62367 , 39
21,5132 , -0,02000004 , -75,62035 , 39,02
21,61876 , -0,02000004 , -75,61976 , 39,04
21,72407 , -0,02000004 , -75,62144 , 39,06
21,82891 , -0,02000004 , -75,62585 , 39,08
21,92241 , -0,02000004 , -75,62896 , 39,1
22,00572 , -0,02000004 , -75,63094 , 39,12
22,07985 , -0,02000004 , -75,63221 , 39,14
22,14572 , -0,02000004 , -75,63302 , 39,16
22,20416 , -0,02000004 , -75,63353 , 39,18
22,2559 , -0,02000004 , -75,63386 , 39,2
22,30162 , -0,02000004 , -75,63406 , 39,22
22,34192 , -0,02000004 , -75,63419 , 39,24
22,37735 , -0,02000004 , -75,63428 , 39,26
22,40838 , -0,02000004 , -75,63433 , 39,28
22,43547 , -0,02000004 , -75,63437 , 39,3
22,45899 , -0,02000004 , -75,63439 , 39,32
22,47932 , -0,02000004 , -75,63441 , 39,34
22,49677 , -0,02000004 , -75,63441 , 39,36
22,51162 , -0,02000004 , -75,63442 , 39,38
22,52414 , -0,02000004 , -75,63442 , 39,4
22,53456 , -0,02000004 , -75,63442 , 39,42
22,5431 , -0,02000004 , -75,63442 , 39,44
22,54993 , -0,02000004 , -75,63442 , 39,46
22,55523 , -0,02000004 , -75,63442 , 39,48
22,55915 , -0,02000004 , -75,63442 , 39,5
22,56184 , -0,02000004 , -75,63442 , 39,52
22,56355 , -0,02000004 , -75,63442 , 39,54
22,56424 , -0,02000004 , -75,63442 , 39,56
22,56493 , -0,02000004 , -75,63442 , 39,58
22,56517 , -0,02000004 , -75,63442 , 39,6
22,56518 , -0,02000004 , -75,63442 , 39,62
22,56508 , -0,02000004 , -75,63442 , 39,64
22,56495 , -0,02000004 , -75,63442 , 39,66
22,56482 , -0,02000004 , -75,63442 , 39,68
22,56469 , -0,02000004 , -75,63442 , 39,7
22,56459 , -0,02000004 , -75,63442 , 39,72
22,5645 , -0,02000004 , -75,63442 , 39,74
22,5645 , -0,02000004 , -75,63442 , 39,76
22,5645 , -0,02000004 , -75,63442 , 39,78
22,5645 , -0,02000004 , -75,63442 , 39,8
22,5645 , -0,02000004 , -75,63442 , 39,82
22,5645 , -0,02000004 , -75,63442 , 39,84
22,5645 , -0,02000004 , -75,63442 , 39,86
22,5645 , -0,02000004 , -75,63442 , 39,88
22,5645 , -0,02000004 , -75,63442 , 39,9
22,5645 , -0,02000004 , -75,63442 , 39,92
22,5645 , -0,02000004 , -75,63442 , 39,94
22,5645 , -0,02000004 , -75,63442 , 39,96
22,5645 , -0,02000004 , -75,63442 , 39,98
22,5645 , -0,02000004 , -75,63442 , 40
22,5645 , -0,02000004 , -75,63442 , 40,02
22,5645 , -0,02000004 , -75,63442 , 40,04
22,5645 , -0,02000004 , -75,63442 , 40,06
22,5645 , -0,02000004 , -75,63442 , 40,08
22,5645 , -0,02000004 , -75,63442 , 40,1
22,5645 , -0,02000004 , -75,63442 , 40,12
22,5645 , -0,02000004 , -75,63442 , 40,14
22,5645 , -0,02000004 , -75,63442 , 40,16
22,5645 , -0,02000004 , -75,63442 , 40,18
22,5645 , -0,02000004 , -75,63442 , 40,2
22,5645 , -0,02000004 , -75,63442 , 40,22
22,5645 , -0,02000004 , -75,63442 , 40,24
22,5645 , -0,02000004 , -75,63442 , 40,26
22,5645 , -0,02000004 , -75,63442 , 40,28
22,5645 , -0,02000004 , -75,63442 , 40,3
22,5645 , -0,02000004 , -75,63442 , 40,32
22,5645 , -0,02000004 , -75,63442 , 40,34
22,5645 , -0,02000004 , -75,63442 , 40,36
22,5645 , -0,02000004 , -75,63442 , 40,38
22,5645 , -0,02000004 , -75,63442 , 40,4
22,5645 , -0,02000004 , -75,63442 , 40,42
22,5645 , -0,02000004 , -75,63442 , 40,44
22,5645 , -0,02000004 , -75,63442 , 40,46
22,5645 , -0,02000004 , -75,63442 , 40,48
22,5645 , -0,02000004 , -75,63442 , 40,5
22,5645 , -0,02000004 , -75,63442 , 40,52
22,5645 , -0,02000004 , -75,63442 , 40,54
22,5645 , -0,02000004 , -75,63442 , 40,56
22,5645 , -0,02000004 , -75,63442 , 40,58
22,5645 , -0,02000004 , -75,63442 , 40,6
22,5645 , -0,02000004 , -75,63442 , 40,62
22,5645 , -0,02000004 , -75,63442 , 40,64
22,5645 , -0,02000004 , -75,63442 , 40,66
22,5645 , -0,02000004 , -75,63442 , 40,68
22,5645 , -0,02000004 , -75,63442 , 40,7
22,5645 , -0,02000004 , -75,63442 , 40,72
22,5645 , -0,02000004 , -75,63442 , 40,74
22,5645 , -0,02000004 , -75,63442 , 40,76
22,5725 , -0,02000004 , -75,64098 , 40,78
22,58769 , -0,01999998 , -75,65342 , 40,8
22,60936 , -0,0200001 , -75,67117 , 40,82
22,63685 , -0,02000004 , -75,6937 , 40,84
22,66955 , -0,02000004 , -75,72057 , 40,86
22,70692 , -0,02000004 , -75,75137 , 40,88
22,74847 , -0,02000004 , -75,78574 , 40,9
22,79373 , -0,02000004 , -75,82337 , 40,92
22,84235 , -0,02000004 , -75,86392 , 40,94
22,89415 , -0,02000004 , -75,90691 , 40,96
22,94897 , -0,02000004 , -75,9519 , 40,98
23,00678 , -0,02000004 , -75,99832 , 41
23,06779 , -0,02000004 , -76,04529 , 41,02
23,13213 , -0,02000004 , -76,09192 , 41,04
23,1997 , -0,02000004 , -76,13779 , 41,06
23,27045 , -0,02000004 , -76,18228 , 41,08
23,34419 , -0,02000004 , -76,22518 , 41,1
23,42076 , -0,01999998 , -76,26624 , 41,12
23,4999 , -0,0200001 , -76,30555 , 41,14
23,58136 , -0,0200001 , -76,34328 , 41,16
23,66486 , -0,02000004 , -76,37968 , 41,18
23,75018 , -0,02000004 , -76,41502 , 41,2
23,83709 , -0,01999998 , -76,44949 , 41,22
23,92541 , -0,01999998 , -76,48328 , 41,24
24,01496 , -0,01999998 , -76,51658 , 41,26
24,10559 , -0,01999998 , -76,54951 , 41,28
24,19714 , -0,01999998 , -76,58224 , 41,3
24,28949 , -0,01999998 , -76,61486 , 41,32
24,38253 , -0,01999992 , -76,64748 , 41,34
24,47616 , -0,02000004 , -76,6802 , 41,36
24,57027 , -0,02000004 , -76,71308 , 41,38
24,66478 , -0,02000004 , -76,74622 , 41,4
24,75963 , -0,02000004 , -76,77965 , 41,42
24,85475 , -0,02000004 , -76,81342 , 41,44
24,95005 , -0,02000004 , -76,84763 , 41,46
25,04544 , -0,02000004 , -76,88241 , 41,48
25,14078 , -0,02000004 , -76,91795 , 41,5
25,23597 , -0,02000004 , -76,95441 , 41,52
25,33097 , -0,02000004 , -76,99179 , 41,54
25,42578 , -0,01999998 , -77,03004 , 41,56
25,52037 , -0,01999998 , -77,06915 , 41,58
25,61475 , -0,01999998 , -77,10909 , 41,6
25,7089 , -0,01999998 , -77,14981 , 41,62
25,80282 , -0,0200001 , -77,1913 , 41,64
25,8965 , -0,0200001 , -77,23352 , 41,66
25,98994 , -0,0200001 , -77,27646 , 41,68
26,08313 , -0,01999992 , -77,32008 , 41,7
26,17608 , -0,02000004 , -77,36436 , 41,72
26,26879 , -0,02000004 , -77,40927 , 41,74
26,36125 , -0,02000004 , -77,4548 , 41,76
26,45347 , -0,02000004 , -77,50091 , 41,78
26,54545 , -0,02000004 , -77,54759 , 41,8
26,6372 , -0,02000004 , -77,59482 , 41,82
26,7287 , -0,02000004 , -77,64258 , 41,84
26,82 , -0,02000004 , -77,69079 , 41,86
26,91117 , -0,01999998 , -77,73932 , 41,88
27,00224 , -0,01999998 , -77,78812 , 41,9
27,09324 , -0,01999998 , -77,83714 , 41,92
27,18415 , -0,01999998 , -77,88639 , 41,94
27,27497 , -0,01999998 , -77,93587 , 41,96
27,36568 , -0,01999998 , -77,98558 , 41,98
27,45629 , -0,01999998 , -78,03553 , 42
27,54678 , -0,01999998 , -78,08572 , 42,02
27,63716 , -0,01999998 , -78,13614 , 42,04
27,72743 , -0,0200001 , -78,18679 , 42,06
27,81758 , -0,02000004 , -78,23768 , 42,08
27,9076 , -0,02000004 , -78,2888 , 42,1
27,99751 , -0,02000004 , -78,34013 , 42,12
28,0873 , -0,02000004 , -78,39169 , 42,14
28,17698 , -0,01999998 , -78,44347 , 42,16
28,26653 , -0,0200001 , -78,49547 , 42,18
28,35597 , -0,02000004 , -78,54767 , 42,2
28,44529 , -0,02000004 , -78,60007 , 42,22
28,5345 , -0,02000004 , -78,65266 , 42,24
28,6236 , -0,02000004 , -78,70545 , 42,26
28,71259 , -0,02000004 , -78,75843 , 42,28
28,80147 , -0,02000004 , -78,81158 , 42,3
28,89025 , -0,02000016 , -78,86491 , 42,32
28,97892 , -0,02000016 , -78,91842 , 42,34
29,0675 , -0,0200001 , -78,97208 , 42,36
29,156 , -0,02000004 , -79,02588 , 42,38
29,24444 , -0,02000004 , -79,07979 , 42,4
29,33278 , -0,01999998 , -79,13386 , 42,42
29,42091 , -0,01999998 , -79,18825 , 42,44
29,50879 , -0,01999998 , -79,24303 , 42,46
29,59631 , -0,01999998 , -79,29834 , 42,48
29,68346 , -0,01999998 , -79,35419 , 42,5
29,77026 , -0,01999998 , -79,41055 , 42,52
29,85675 , -0,01999998 , -79,46737 , 42,54
29,94291 , -0,01999998 , -79,52466 , 42,56
30,02874 , -0,01999998 , -79,58243 , 42,58
30,1141 , -0,01999998 , -79,64082 , 42,6
30,19899 , -0,0200001 , -79,69985 , 42,62
30,2834 , -0,0200001 , -79,75952 , 42,64
30,36735 , -0,01999992 , -79,81979 , 42,66
30,4509 , -0,0200001 , -79,88058 , 42,68
30,53413 , -0,0200001 , -79,9418 , 42,7
30,61715 , -0,02000004 , -80,00332 , 42,72
30,70005 , -0,02000004 , -80,065 , 42,74
30,78301 , -0,02000004 , -80,12663 , 42,76
30,86612 , -0,02000004 , -80,18806 , 42,78
30,94943 , -0,02000004 , -80,24924 , 42,8
31,03305 , -0,02000004 , -80,31001 , 42,82
31,11713 , -0,02000004 , -80,37013 , 42,84
31,20184 , -0,02000004 , -80,42934 , 42,86
31,28752 , -0,02000004 , -80,48697 , 42,88
31,3744 , -0,02000016 , -80,54247 , 42,9
31,46277 , -0,02000016 , -80,59499 , 42,92
31,55265 , -0,02000016 , -80,64414 , 42,94
31,64412 , -0,0200001 , -80,68908 , 42,96
31,73709 , -0,02000004 , -80,72953 , 42,98
31,83143 , -0,02000004 , -80,76534 , 43
31,92702 , -0,02000004 , -80,79633 , 43,02
32,02371 , -0,02000004 , -80,82274 , 43,04
32,12139 , -0,01999998 , -80,84496 , 43,06
32,21995 , -0,01999998 , -80,8634 , 43,08
32,31932 , -0,0200001 , -80,87841 , 43,1
32,4194 , -0,0200001 , -80,89034 , 43,12
32,52013 , -0,02000004 , -80,89948 , 43,14
32,62144 , -0,02000004 , -80,90609 , 43,16
32,72327 , -0,02000004 , -80,91042 , 43,18
32,82557 , -0,02000004 , -80,91268 , 43,2
32,92828 , -0,02000004 , -80,91355 , 43,22
33,03138 , -0,02000004 , -80,91351 , 43,24
33,13482 , -0,02000004 , -80,91289 , 43,26
33,23855 , -0,02000004 , -80,91188 , 43,28
33,34256 , -0,02000004 , -80,91061 , 43,3
33,44681 , -0,02000004 , -80,90919 , 43,32
33,55129 , -0,02000004 , -80,90769 , 43,34
33,64447 , -0,02000004 , -80,90674 , 43,36
33,72749 , -0,02000004 , -80,90614 , 43,38
33,80135 , -0,02000004 , -80,90575 , 43,4
33,86699 , -0,02000004 , -80,9055 , 43,42
33,93642 , -0,02000004 , -80,90724 , 43,44
34,00917 , -0,01999998 , -80,91103 , 43,46
34,08475 , -0,0200001 , -80,91718 , 43,48
34,16281 , -0,02000004 , -80,9257 , 43,5
34,24298 , -0,02000004 , -80,93662 , 43,52
34,32499 , -0,02000004 , -80,94987 , 43,54
34,40858 , -0,02000004 , -80,96542 , 43,56
34,4935 , -0,02000004 , -80,98325 , 43,58
34,57944 , -0,02000004 , -81,00349 , 43,6
34,66617 , -0,02000004 , -81,02618 , 43,62
34,7532 , -0,02000004 , -81,0518 , 43,64
34,84019 , -0,02000016 , -81,08052 , 43,66
34,92671 , -0,01999998 , -81,11263 , 43,68
35,01262 , -0,01999998 , -81,14801 , 43,7
35,09785 , -0,01999998 , -81,18651 , 43,72
35,18246 , -0,01999998 , -81,22783 , 43,74
35,26646 , -0,01999998 , -81,27172 , 43,76
35,34991 , -0,01999998 , -81,31796 , 43,78
35,43279 , -0,01999998 , -81,36638 , 43,8
35,51493 , -0,01999998 , -81,417 , 43,82
35,59587 , -0,01999998 , -81,47016 , 43,84
35,67524 , -0,01999998 , -81,52602 , 43,86
35,75223 , -0,01999998 , -81,58504 , 43,88
35,82558 , -0,0200001 , -81,64774 , 43,9
35,89478 , -0,02000004 , -81,71413 , 43,92
35,96004 , -0,02000004 , -81,78391 , 43,94
36,02177 , -0,02000004 , -81,85674 , 43,96
36,08035 , -0,01999998 , -81,93231 , 43,98
36,13611 , -0,0200001 , -82,01033 , 44
36,18937 , -0,02000004 , -82,09055 , 44,02
36,24041 , -0,02000004 , -82,17273 , 44,04
