Min X value: -65
Min Y value: -14,1249
Min Z value: -105,0925
Max X value: 66,50088
Max Y value: 14,90855
Max Z value: 105
Key: charpos in X , Y , Z , Time since start capture
0 , 0 , -95 , 332,2
0 , -0,003531575 , -95 , 332,22
0 , -0,0109126 , -95 , 332,24
4,816125E-11 , -0,01818258 , -95 , 332,26
1,712832E-10 , -0,01963657 , -95 , 332,28
2,663886E-10 , -0,01992738 , -95 , 332,3
3,289422E-10 , -0,0199855 , -95 , 332,32
3,681617E-10 , -0,01999712 , -95 , 332,34
3,92262E-10 , -0,01999944 , -95 , 332,36
4,068762E-10 , -0,01999992 , -95 , 332,38
4,156258E-10 , -0,02000004 , -95 , 332,4
4,207852E-10 , -0,02000004 , -95 , 332,42
4,237673E-10 , -0,02000004 , -95 , 332,44
4,254448E-10 , -0,02000004 , -95 , 332,46
4,263516E-10 , -0,02000004 , -95 , 332,48
4,268116E-10 , -0,02000004 , -95 , 332,5
4,270194E-10 , -0,02000004 , -95 , 332,52
4,2709E-10 , -0,02000004 , -95 , 332,54
4,270903E-10 , -0,02000004 , -95 , 332,56
4,270583E-10 , -0,02000004 , -95 , 332,58
4,270146E-10 , -0,02000004 , -95 , 332,6
4,270146E-10 , -0,02000004 , -95 , 332,62
4,270146E-10 , -0,02000004 , -95 , 332,64
4,270146E-10 , -0,02000004 , -95 , 332,66
4,270146E-10 , -0,02000004 , -95 , 332,68
4,270146E-10 , -0,02000004 , -95 , 332,7
4,270146E-10 , -0,02000004 , -95 , 332,72
4,270146E-10 , -0,02000004 , -95 , 332,74
4,270146E-10 , -0,02000004 , -95 , 332,76
4,270146E-10 , -0,02000004 , -95 , 332,78
4,270146E-10 , -0,02000004 , -95 , 332,8
4,270146E-10 , -0,02000004 , -95 , 332,82
4,270146E-10 , -0,02000004 , -95 , 332,84
4,270146E-10 , -0,02000004 , -95 , 332,86
4,270146E-10 , -0,02000004 , -95 , 332,88
4,270146E-10 , -0,02000004 , -95 , 332,9
4,270146E-10 , -0,02000004 , -95 , 332,92
4,270146E-10 , -0,02000004 , -95 , 332,94
4,270146E-10 , -0,02000004 , -95 , 332,96
4,270146E-10 , -0,02000004 , -95 , 332,98
4,270146E-10 , -0,02000004 , -95 , 333
4,270146E-10 , -0,02000004 , -95 , 333,02
4,270146E-10 , -0,02000004 , -95 , 333,04
4,270146E-10 , -0,02000004 , -95 , 333,06
4,270146E-10 , -0,02000004 , -95 , 333,08
4,270146E-10 , -0,02000004 , -95 , 333,1
4,270146E-10 , -0,02000004 , -95 , 333,12
0,001387572 , -0,02000016 , -94,98948 , 333,14
0,003762934 , -0,01999998 , -94,9695 , 333,16
0,007031484 , -0,01999998 , -94,94099 , 333,18
0,01117065 , -0,0200001 , -94,90484 , 333,2
0,01616019 , -0,0200001 , -94,86181 , 333,22
0,0220303 , -0,01999992 , -94,81261 , 333,24
0,0288063 , -0,02000004 , -94,75788 , 333,26
0,03650933 , -0,02000004 , -94,6982 , 333,28
0,04505363 , -0,02000004 , -94,63407 , 333,3
0,0543629 , -0,02000022 , -94,56593 , 333,32
0,06436868 , -0,02000004 , -94,49419 , 333,34
0,07501019 , -0,02000004 , -94,4192 , 333,36
0,08623277 , -0,01999998 , -94,34129 , 333,38
0,09798744 , -0,0200001 , -94,26077 , 333,4
0,1102301 , -0,0200001 , -94,17788 , 333,42
0,1229211 , -0,0200001 , -94,09287 , 333,44
0,1360247 , -0,0200001 , -94,00597 , 333,46
0,1495088 , -0,0200001 , -93,91734 , 333,48
0,1633441 , -0,02000004 , -93,82718 , 333,5
0,1775042 , -0,01999998 , -93,73563 , 333,52
0,1919515 , -0,01999998 , -93,64285 , 333,54
0,2066381 , -0,01999998 , -93,54893 , 333,56
0,2215087 , -0,0200001 , -93,45399 , 333,58
0,2364354 , -0,02000004 , -93,35811 , 333,6
0,2513095 , -0,01999998 , -93,26136 , 333,62
0,2658876 , -0,01999998 , -93,16379 , 333,64
0,2801052 , -0,01999998 , -93,06545 , 333,66
0,2937849 , -0,0200001 , -92,9664 , 333,68
0,3068888 , -0,02000004 , -92,86669 , 333,7
0,3193012 , -0,02000004 , -92,76637 , 333,72
0,3310329 , -0,02000004 , -92,66547 , 333,74
0,3420568 , -0,02000016 , -92,56406 , 333,76
0,3524421 , -0,01999998 , -92,46219 , 333,78
0,3622501 , -0,01999998 , -92,35989 , 333,8
0,3715388 , -0,01999998 , -92,25722 , 333,82
0,3803596 , -0,01999998 , -92,15422 , 333,84
0,3887576 , -0,0200001 , -92,05091 , 333,86
0,3967729 , -0,02000004 , -91,94732 , 333,88
0,4044409 , -0,02000004 , -91,84348 , 333,9
0,411793 , -0,02000004 , -91,73943 , 333,92
0,4188568 , -0,01999998 , -91,63516 , 333,94
0,4256571 , -0,01999998 , -91,53072 , 333,96
0,4322158 , -0,01999998 , -91,42611 , 333,98
0,4385523 , -0,01999998 , -91,32136 , 334
0,4446839 , -0,01999998 , -91,21647 , 334,02
0,4506262 , -0,0200001 , -91,11146 , 334,04
0,456393 , -0,02000004 , -91,00634 , 334,06
0,4619966 , -0,02000004 , -90,90112 , 334,08
0,4674482 , -0,02000004 , -90,79581 , 334,1
0,4727577 , -0,02000004 , -90,69042 , 334,12
0,477934 , -0,02000004 , -90,58496 , 334,14
0,4829853 , -0,02000004 , -90,47943 , 334,16
0,4879188 , -0,02000004 , -90,37384 , 334,18
0,4927412 , -0,02000004 , -90,2682 , 334,2
0,4974584 , -0,02000004 , -90,1625 , 334,22
0,5020759 , -0,02000004 , -90,05676 , 334,24
0,5065987 , -0,02000004 , -89,95097 , 334,26
0,5110312 , -0,02000004 , -89,84515 , 334,28
0,5153776 , -0,02000004 , -89,7393 , 334,3
0,5196419 , -0,02000004 , -89,63341 , 334,32
0,5238274 , -0,02000022 , -89,52749 , 334,34
0,5279375 , -0,02000004 , -89,42155 , 334,36
0,5319751 , -0,02000004 , -89,31558 , 334,38
0,535943 , -0,02000016 , -89,20959 , 334,4
0,5398438 , -0,01999998 , -89,10358 , 334,42
0,5436799 , -0,01999998 , -88,99755 , 334,44
0,5474536 , -0,01999998 , -88,8915 , 334,46
0,5511671 , -0,02000016 , -88,78544 , 334,48
0,5548222 , -0,0200001 , -88,67936 , 334,5
0,558421 , -0,02000004 , -88,57327 , 334,52
0,5619652 , -0,02000016 , -88,46716 , 334,54
0,5654563 , -0,01999998 , -88,36105 , 334,56
0,5688962 , -0,01999998 , -88,25492 , 334,58
0,5722863 , -0,01999998 , -88,14878 , 334,6
0,575628 , -0,0200001 , -88,04263 , 334,62
0,5789227 , -0,02000004 , -87,93648 , 334,64
0,5821718 , -0,02000016 , -87,83031 , 334,66
0,5853763 , -0,01999998 , -87,72414 , 334,68
0,5885376 , -0,0200001 , -87,61797 , 334,7
0,5916569 , -0,0200001 , -87,51178 , 334,72
0,5947351 , -0,02000004 , -87,40559 , 334,74
0,5977736 , -0,02000004 , -87,29939 , 334,76
0,6007732 , -0,02000004 , -87,19318 , 334,78
0,6037349 , -0,02000004 , -87,08697 , 334,8
0,6066597 , -0,02000004 , -86,98075 , 334,82
0,6095485 , -0,02000004 , -86,87453 , 334,84
0,6124023 , -0,02000004 , -86,7683 , 334,86
0,6152218 , -0,02000004 , -86,66207 , 334,88
0,618008 , -0,01999998 , -86,55584 , 334,9
0,6207617 , -0,02000016 , -86,4496 , 334,92
0,6234836 , -0,02000016 , -86,34335 , 334,94
0,6261745 , -0,01999998 , -86,23711 , 334,96
0,6288352 , -0,01999998 , -86,13085 , 334,98
0,6314664 , -0,01999998 , -86,0246 , 335
0,6340688 , -0,01999998 , -85,91834 , 335,02
0,6366431 , -0,01999998 , -85,81208 , 335,04
0,6391899 , -0,0200001 , -85,70582 , 335,06
0,6417099 , -0,0200001 , -85,59955 , 335,08
0,6442038 , -0,02000004 , -85,49328 , 335,1
0,6466721 , -0,02000004 , -85,38701 , 335,12
0,6491154 , -0,01999998 , -85,28073 , 335,14
0,6515344 , -0,02000016 , -85,17445 , 335,16
0,6539296 , -0,01999998 , -85,06818 , 335,18
0,6563015 , -0,01999998 , -84,96189 , 335,2
0,6586507 , -0,01999998 , -84,85561 , 335,22
0,6609778 , -0,0200001 , -84,74932 , 335,24
0,6632831 , -0,02000004 , -84,64303 , 335,26
0,6655673 , -0,02000004 , -84,53674 , 335,28
0,6678309 , -0,02000004 , -84,43044 , 335,3
0,6700742 , -0,01999998 , -84,32415 , 335,32
0,6722978 , -0,02000016 , -84,21785 , 335,34
0,6745021 , -0,02000016 , -84,11155 , 335,36
0,6766875 , -0,02000016 , -84,00525 , 335,38
0,6788546 , -0,01999998 , -83,89895 , 335,4
0,6810037 , -0,01999998 , -83,79264 , 335,42
0,6831353 , -0,0200001 , -83,68633 , 335,44
0,6852496 , -0,02000004 , -83,58002 , 335,46
0,6873472 , -0,02000004 , -83,47372 , 335,48
0,6894283 , -0,01999998 , -83,36741 , 335,5
0,6914935 , -0,0200001 , -83,26109 , 335,52
0,693543 , -0,02000004 , -83,15478 , 335,54
0,6955791 , -0,02000004 , -83,04846 , 335,56
0,6976057 , -0,02000004 , -82,94215 , 335,58
0,6996254 , -0,02000004 , -82,83583 , 335,6
0,7014073 , -0,02000004 , -82,72948 , 335,62
0,7018159 , -0,02000016 , -82,62315 , 335,64
0,7004745 , -0,02000016 , -82,51698 , 335,66
0,6971342 , -0,02000016 , -82,41115 , 335,68
0,6918621 , -0,02000016 , -82,30565 , 335,7
0,684816 , -0,02000016 , -82,20046 , 335,72
0,6761652 , -0,01999998 , -82,09556 , 335,74
0,6660597 , -0,01999998 , -81,99091 , 335,76
0,654633 , -0,01999998 , -81,88649 , 335,78
0,6420035 , -0,01999998 , -81,78229 , 335,8
0,628247 , -0,01999998 , -81,67829 , 335,82
0,6132137 , -0,01999998 , -81,57456 , 335,84
0,5967766 , -0,0200001 , -81,47115 , 335,86
0,5784721 , -0,0200001 , -81,36826 , 335,88
0,5580915 , -0,02000004 , -81,26601 , 335,9
0,5351769 , -0,02000016 , -81,16465 , 335,92
0,5094791 , -0,02000016 , -81,06438 , 335,94
0,4804894 , -0,02000016 , -80,96562 , 335,96
0,4480058 , -0,01999998 , -80,86861 , 335,98
0,4117587 , -0,0200001 , -80,77372 , 336
0,3718432 , -0,0200001 , -80,681 , 336,02
0,3282207 , -0,02000004 , -80,59066 , 336,04
0,2810349 , -0,02000004 , -80,50272 , 336,06
0,230372 , -0,02000016 , -80,41727 , 336,08
0,1764674 , -0,01999998 , -80,33421 , 336,1
0,1195137 , -0,0200001 , -80,25348 , 336,12
0,05976979 , -0,02000004 , -80,1749 , 336,14
-0,002519861 , -0,02000004 , -80,0983 , 336,16
-0,06713643 , -0,02000004 , -80,02354 , 336,18
-0,133884 , -0,02000004 , -79,95049 , 336,2
-0,2025868 , -0,02000004 , -79,87902 , 336,22
-0,2730874 , -0,02000004 , -79,80904 , 336,24
-0,345244 , -0,02000016 , -79,74046 , 336,26
-0,4189288 , -0,01999998 , -79,67318 , 336,28
-0,4940151 , -0,0200001 , -79,60712 , 336,3
-0,5702583 , -0,0200001 , -79,542 , 336,32
-0,647433 , -0,02000004 , -79,47757 , 336,34
-0,7251022 , -0,02000004 , -79,4133 , 336,36
-0,8029936 , -0,02000016 , -79,3489 , 336,38
-0,8806792 , -0,01999998 , -79,28392 , 336,4
-0,9579485 , -0,02000016 , -79,21819 , 336,42
-1,03446 , -0,01999998 , -79,1514 , 336,44
-1,110126 , -0,0200001 , -79,08351 , 336,46
-1,18474 , -0,02000004 , -79,01439 , 336,48
-1,258242 , -0,02000004 , -78,94402 , 336,5
-1,330558 , -0,02000004 , -78,87239 , 336,52
-1,401718 , -0,02000004 , -78,79955 , 336,54
-1,471634 , -0,02000004 , -78,72548 , 336,56
-1,540364 , -0,02000016 , -78,65025 , 336,58
-1,607864 , -0,02000016 , -78,57385 , 336,6
-1,674198 , -0,02000016 , -78,49638 , 336,62
-1,739409 , -0,02000016 , -78,41789 , 336,64
-1,803604 , -0,0200001 , -78,33848 , 336,66
-1,866886 , -0,0200001 , -78,25823 , 336,68
-1,929363 , -0,02000004 , -78,17725 , 336,7
-1,991128 , -0,02000004 , -78,09562 , 336,72
-2,052264 , -0,02000004 , -78,0134 , 336,74
-2,112843 , -0,02000004 , -77,93068 , 336,76
-2,172929 , -0,02000004 , -77,8475 , 336,78
-2,232579 , -0,02000004 , -77,7639 , 336,8
-2,291842 , -0,02000022 , -77,67995 , 336,82
-2,350906 , -0,02000004 , -77,59576 , 336,84
-2,410192 , -0,02000022 , -77,51167 , 336,86
-2,470572 , -0,02000016 , -77,42841 , 336,88
-2,532581 , -0,01999998 , -77,34657 , 336,9
-2,596637 , -0,01999998 , -77,26667 , 336,92
-2,662884 , -0,01999998 , -77,189 , 336,94
-2,731634 , -0,01999998 , -77,11418 , 336,96
-2,802977 , -0,0200001 , -77,04255 , 336,98
-2,877063 , -0,0200001 , -76,9747 , 337
-2,953834 , -0,0200001 , -76,91087 , 337,02
-3,033235 , -0,0200001 , -76,85136 , 337,04
-3,115091 , -0,02000004 , -76,79612 , 337,06
-3,199253 , -0,02000004 , -76,74519 , 337,08
-3,285535 , -0,02000004 , -76,69841 , 337,1
-3,373764 , -0,02000004 , -76,65561 , 337,12
-3,463763 , -0,02000004 , -76,61655 , 337,14
-3,555371 , -0,02000004 , -76,58099 , 337,16
-3,648432 , -0,02000004 , -76,54861 , 337,18
-3,742805 , -0,02000004 , -76,51916 , 337,2
-3,838366 , -0,02000004 , -76,4924 , 337,22
-3,934999 , -0,02000004 , -76,4681 , 337,24
-4,032603 , -0,02000004 , -76,44608 , 337,26
-4,131087 , -0,02000004 , -76,4262 , 337,28
-4,230369 , -0,01999998 , -76,40829 , 337,3
-4,330372 , -0,0200001 , -76,39223 , 337,32
-4,431029 , -0,02000004 , -76,37788 , 337,34
-4,532277 , -0,02000016 , -76,36513 , 337,36
-4,634061 , -0,02000016 , -76,35387 , 337,38
-4,73633 , -0,02000016 , -76,34402 , 337,4
-4,839038 , -0,02000016 , -76,3355 , 337,42
-4,942144 , -0,02000016 , -76,32823 , 337,44
-5,04561 , -0,0200001 , -76,32214 , 337,46
-5,149403 , -0,0200001 , -76,3172 , 337,48
-5,25349 , -0,02000004 , -76,31332 , 337,5
-5,357842 , -0,02000016 , -76,31039 , 337,52
-5,462433 , -0,01999998 , -76,30828 , 337,54
-5,56723 , -0,01999998 , -76,30656 , 337,56
-5,672201 , -0,01999998 , -76,30494 , 337,58
-5,777292 , -0,01999998 , -76,30307 , 337,6
-5,882443 , -0,01999998 , -76,30065 , 337,62
-5,987537 , -0,01999998 , -76,29707 , 337,64
-6,092429 , -0,01999998 , -76,29179 , 337,66
-6,197007 , -0,01999998 , -76,28452 , 337,68
-6,301164 , -0,01999998 , -76,27503 , 337,7
-6,404754 , -0,01999998 , -76,26304 , 337,72
-6,50767 , -0,01999998 , -76,24841 , 337,74
-6,609918 , -0,01999998 , -76,23126 , 337,76
-6,711496 , -0,0200001 , -76,21172 , 337,78
-6,812413 , -0,01999992 , -76,18989 , 337,8
-6,912694 , -0,01999992 , -76,16592 , 337,82
-7,012349 , -0,02000004 , -76,13992 , 337,84
-7,111385 , -0,01999998 , -76,11198 , 337,86
-7,209686 , -0,0200001 , -76,08199 , 337,88
-7,307074 , -0,0200001 , -76,04971 , 337,9
-7,403093 , -0,02000004 , -76,01459 , 337,92
-7,497375 , -0,02000004 , -75,97627 , 337,94
-7,589231 , -0,02000004 , -75,9342 , 337,96
-7,677928 , -0,02000004 , -75,88792 , 337,98
-7,763181 , -0,02000004 , -75,83746 , 338
-7,821179 , -0,02000004 , -75,78752 , 338,02
-7,873252 , -0,02000016 , -75,73913 , 338,04
-7,920788 , -0,01999998 , -75,69089 , 338,06
-7,963692 , -0,01999998 , -75,64277 , 338,08
-7,992201 , -0,01999998 , -75,59663 , 338,1
-8,020383 , -0,0200001 , -75,55131 , 338,12
-8,04648 , -0,0200001 , -75,5071 , 338,14
-8,070671 , -0,02000022 , -75,46387 , 338,16
-8,093117 , -0,02000004 , -75,42154 , 338,18
-8,114285 , -0,02000004 , -75,37827 , 338,2
-8,135182 , -0,01999998 , -75,32896 , 338,22
-8,15575 , -0,0200001 , -75,27422 , 338,24
-8,175936 , -0,0200001 , -75,21455 , 338,26
-8,195868 , -0,0200001 , -75,15047 , 338,28
-8,21636 , -0,0200001 , -75,08263 , 338,3
-8,238355 , -0,0200001 , -75,01176 , 338,32
-8,262609 , -0,0200001 , -74,93861 , 338,34
-8,290354 , -0,02000004 , -74,86428 , 338,36
-8,322038 , -0,02000004 , -74,78954 , 338,38
-8,357953 , -0,02000004 , -74,71506 , 338,4
-8,397953 , -0,02000004 , -74,64114 , 338,42
-8,442035 , -0,02000004 , -74,56816 , 338,44
-8,489978 , -0,02000004 , -74,49628 , 338,46
-8,541742 , -0,02000004 , -74,42587 , 338,48
-8,597188 , -0,02000004 , -74,35712 , 338,5
-8,656292 , -0,02000004 , -74,29047 , 338,52
-8,718891 , -0,02000004 , -74,22606 , 338,54
-8,784998 , -0,02000004 , -74,16445 , 338,56
-8,85451 , -0,02000004 , -74,10601 , 338,58
-8,927412 , -0,02000004 , -74,0515 , 338,6
-9,003565 , -0,02000004 , -74,00153 , 338,62
-9,082772 , -0,02000004 , -73,95702 , 338,64
-9,164731 , -0,02000004 , -73,91811 , 338,66
-9,249086 , -0,02000004 , -73,88533 , 338,68
-9,335492 , -0,02000016 , -73,85876 , 338,7
-9,423553 , -0,02000016 , -73,83862 , 338,72
-9,512966 , -0,01999998 , -73,82475 , 338,74
-9,603428 , -0,01999998 , -73,81704 , 338,76
-9,694759 , -0,01999998 , -73,81504 , 338,78
-9,786826 , -0,01999998 , -73,81676 , 338,8
-9,879536 , -0,0200001 , -73,82176 , 338,82
-9,972803 , -0,0200001 , -73,82975 , 338,84
-10,06655 , -0,0200001 , -73,84048 , 338,86
-10,16071 , -0,02000004 , -73,85376 , 338,88
-10,25521 , -0,02000004 , -73,86937 , 338,9
-10,35 , -0,01999998 , -73,88713 , 338,92
-10,44502 , -0,0200001 , -73,90688 , 338,94
-10,54024 , -0,0200001 , -73,92846 , 338,96
-10,63561 , -0,02000004 , -73,95174 , 338,98
-10,73109 , -0,02000004 , -73,97661 , 339
-10,82664 , -0,02000004 , -74,00297 , 339,02
-10,92221 , -0,02000004 , -74,03077 , 339,04
-11,01775 , -0,02000004 , -74,05997 , 339,06
-11,11318 , -0,02000004 , -74,09059 , 339,08
-11,20846 , -0,02000004 , -74,12258 , 339,1
-11,30354 , -0,02000004 , -74,15595 , 339,12
-11,39837 , -0,02000004 , -74,19067 , 339,14
-11,49293 , -0,02000004 , -74,22669 , 339,16
-11,58721 , -0,02000004 , -74,26396 , 339,18
-11,68121 , -0,02000004 , -74,30241 , 339,2
-11,77491 , -0,01999998 , -74,34196 , 339,22
-11,86832 , -0,01999998 , -74,38258 , 339,24
-11,96141 , -0,02000016 , -74,42425 , 339,26
-12,05417 , -0,01999998 , -74,46691 , 339,28
-12,14663 , -0,01999998 , -74,51051 , 339,3
-12,23878 , -0,0200001 , -74,55498 , 339,32
-12,33063 , -0,0200001 , -74,60029 , 339,34
-12,4222 , -0,02000004 , -74,64636 , 339,36
-12,51349 , -0,02000004 , -74,69317 , 339,38
-12,60451 , -0,02000004 , -74,74065 , 339,4
-12,69528 , -0,02000004 , -74,78878 , 339,42
-12,7858 , -0,02000004 , -74,83751 , 339,44
-12,87608 , -0,02000016 , -74,88681 , 339,46
-12,96612 , -0,0200001 , -74,93665 , 339,48
-13,05594 , -0,0200001 , -74,98699 , 339,5
-13,14556 , -0,02000004 , -75,03779 , 339,52
-13,23502 , -0,02000004 , -75,08897 , 339,54
-13,32435 , -0,02000004 , -75,14046 , 339,56
-13,4136 , -0,02000004 , -75,19218 , 339,58
-13,50283 , -0,02000004 , -75,24401 , 339,6
-13,59215 , -0,02000004 , -75,2958 , 339,62
-13,68161 , -0,02000004 , -75,34743 , 339,64
-13,77127 , -0,02000004 , -75,39878 , 339,66
-13,86125 , -0,02000022 , -75,44965 , 339,68
-13,95157 , -0,02000016 , -75,49998 , 339,7
-14,04235 , -0,02000016 , -75,54953 , 339,72
-14,13362 , -0,01999998 , -75,59821 , 339,74
-14,22548 , -0,0200001 , -75,64577 , 339,76
-14,31805 , -0,0200001 , -75,69194 , 339,78
-14,41134 , -0,0200001 , -75,73659 , 339,8
-14,50537 , -0,0200001 , -75,7796 , 339,82
-14,6002 , -0,0200001 , -75,82076 , 339,84
-14,69581 , -0,0200001 , -75,86004 , 339,86
-14,79219 , -0,0200001 , -75,89735 , 339,88
-14,88932 , -0,02000004 , -75,93268 , 339,9
-14,98714 , -0,02000004 , -75,96612 , 339,92
-15,08562 , -0,02000004 , -75,99772 , 339,94
-15,18472 , -0,02000004 , -76,02745 , 339,96
-15,28444 , -0,02000004 , -76,05528 , 339,98
-15,38476 , -0,02000004 , -76,08106 , 340
-15,48564 , -0,01999998 , -76,10477 , 340,02
-15,58709 , -0,0200001 , -76,12599 , 340,04
-15,68908 , -0,02000004 , -76,14443 , 340,06
-15,79152 , -0,02000004 , -76,1594 , 340,08
-15,8943 , -0,02000004 , -76,17046 , 340,1
-15,99712 , -0,02000004 , -76,17673 , 340,12
-16,09976 , -0,02000004 , -76,17818 , 340,14
-16,20186 , -0,02000004 , -76,1757 , 340,16
-16,30322 , -0,02000004 , -76,16917 , 340,18
-16,40387 , -0,02000004 , -76,15889 , 340,2
-16,50385 , -0,02000004 , -76,14519 , 340,22
-16,60322 , -0,02000004 , -76,12838 , 340,24
-16,70203 , -0,01999998 , -76,10876 , 340,26
-16,80032 , -0,01999998 , -76,08659 , 340,28
-16,89813 , -0,01999998 , -76,0621 , 340,3
-16,99546 , -0,0200001 , -76,03541 , 340,32
-17,09223 , -0,0200001 , -76,00653 , 340,34
-17,18787 , -0,02000004 , -75,97469 , 340,36
-17,2816 , -0,02000004 , -75,93909 , 340,38
-17,37129 , -0,02000004 , -75,89814 , 340,4
-17,45116 , -0,02000004 , -75,86214 , 340,42
-17,52219 , -0,02000004 , -75,83058 , 340,44
-17,58528 , -0,02000004 , -75,80302 , 340,46
-17,6412 , -0,02000004 , -75,77908 , 340,48
-17,69069 , -0,02000004 , -75,75837 , 340,5
-17,73438 , -0,02000004 , -75,74058 , 340,52
-17,77286 , -0,02000004 , -75,72541 , 340,54
-17,80664 , -0,02000004 , -75,71261 , 340,56
-17,83732 , -0,02000004 , -75,69045 , 340,58
-17,86512 , -0,02000004 , -75,65987 , 340,6
-17,89016 , -0,02000004 , -75,6217 , 340,62
-17,91261 , -0,02000004 , -75,57668 , 340,64
-17,93235 , -0,02000004 , -75,52547 , 340,66
-17,94909 , -0,02000004 , -75,46871 , 340,68
-17,96239 , -0,02000004 , -75,40697 , 340,7
-17,97095 , -0,02000022 , -75,34103 , 340,72
-17,9733 , -0,02000004 , -75,27191 , 340,74
-17,97067 , -0,02000004 , -75,20046 , 340,76
-17,96296 , -0,02000016 , -75,12729 , 340,78
-17,95022 , -0,02000016 , -75,05286 , 340,8
-17,93282 , -0,02000016 , -74,9774 , 340,82
-17,91113 , -0,02000016 , -74,90108 , 340,84
-17,88548 , -0,02000016 , -74,82406 , 340,86
-17,85614 , -0,01999998 , -74,74651 , 340,88
-17,82316 , -0,01999998 , -74,66874 , 340,9
-17,78633 , -0,01999998 , -74,59129 , 340,92
-17,74555 , -0,0200001 , -74,51463 , 340,94
-17,70065 , -0,0200001 , -74,43932 , 340,96
-17,65187 , -0,02000004 , -74,36547 , 340,98
-17,59952 , -0,02000004 , -74,29304 , 341
-17,54392 , -0,02000004 , -74,22192 , 341,02
-17,48558 , -0,02000004 , -74,15176 , 341,04
-17,42489 , -0,02000004 , -74,08229 , 341,06
-17,36207 , -0,02000004 , -74,01347 , 341,08
-17,29745 , -0,02000004 , -73,94508 , 341,1
-17,23131 , -0,02000004 , -73,87698 , 341,12
-17,164 , -0,02000004 , -73,80889 , 341,14
-17,096 , -0,02000004 , -73,74043 , 341,16
-17,02761 , -0,02000004 , -73,67139 , 341,18
-16,95945 , -0,02000016 , -73,60132 , 341,2
-16,89201 , -0,02000016 , -73,52991 , 341,22
-16,82584 , -0,0200001 , -73,45684 , 341,24
-16,76103 , -0,0200001 , -73,38216 , 341,26
-16,69776 , -0,02000022 , -73,30582 , 341,28
-16,63607 , -0,02000004 , -73,22788 , 341,3
-16,57633 , -0,02000004 , -73,14824 , 341,32
-16,51879 , -0,02000004 , -73,06685 , 341,34
-16,46404 , -0,02000004 , -72,98357 , 341,36
-16,41224 , -0,02000004 , -72,89844 , 341,38
-16,36382 , -0,02000004 , -72,81145 , 341,4
-16,31885 , -0,02000004 , -72,72272 , 341,42
-16,27763 , -0,02000004 , -72,63229 , 341,44
-16,24029 , -0,02000004 , -72,54028 , 341,46
-16,20712 , -0,02000004 , -72,44679 , 341,48
-16,1781 , -0,02000016 , -72,35198 , 341,5
-16,15342 , -0,01999998 , -72,256 , 341,52
-16,13312 , -0,01999998 , -72,15898 , 341,54
-16,11708 , -0,0200001 , -72,06107 , 341,56
-16,10519 , -0,02000004 , -71,96241 , 341,58
-16,1177 , -0,02000016 , -71,87964 , 341,6
-16,13274 , -0,02000016 , -71,80225 , 341,62
-16,14758 , -0,01999998 , -71,72776 , 341,64
-16,16205 , -0,01999998 , -71,65572 , 341,66
-16,17624 , -0,01999998 , -71,58588 , 341,68
-16,19019 , -0,01999998 , -71,51799 , 341,7
-16,20397 , -0,0200001 , -71,45181 , 341,72
-16,21765 , -0,02000004 , -71,38718 , 341,74
-16,23137 , -0,02000004 , -71,32396 , 341,76
-16,24515 , -0,02000004 , -71,26204 , 341,78
-16,25904 , -0,02000004 , -71,20129 , 341,8
-16,27305 , -0,02000004 , -71,14162 , 341,82
-16,28718 , -0,02000004 , -71,08291 , 341,84
-16,30146 , -0,02000004 , -71,02509 , 341,86
-16,3159 , -0,02000004 , -70,96807 , 341,88
-16,3305 , -0,02000004 , -70,91179 , 341,9
-16,3453 , -0,02000004 , -70,85619 , 341,92
-16,36031 , -0,02000004 , -70,8012 , 341,94
-16,37723 , -0,02000004 , -70,74186 , 341,96
-16,39592 , -0,02000004 , -70,6786 , 341,98
-16,41622 , -0,02000004 , -70,61185 , 342
-16,43801 , -0,02000004 , -70,54195 , 342,02
-16,46117 , -0,02000004 , -70,46923 , 342,04
-16,48559 , -0,02000016 , -70,39399 , 342,06
-16,51118 , -0,02000016 , -70,3165 , 342,08
-16,53787 , -0,02000016 , -70,23699 , 342,1
-16,56556 , -0,02000016 , -70,15569 , 342,12
-16,59419 , -0,01999998 , -70,07277 , 342,14
-16,62371 , -0,0200001 , -69,98842 , 342,16
-16,65405 , -0,0200001 , -69,90279 , 342,18
-16,68516 , -0,0200001 , -69,81604 , 342,2
-16,717 , -0,0200001 , -69,72828 , 342,22
-16,74952 , -0,02000004 , -69,63963 , 342,24
