Min X value: -65
Min Y value: -14,1249
Min Z value: -105,0925
Max X value: 66,50088
Max Y value: 14,90855
Max Z value: 105
Key: charpos in X , Y , Z , Time since start capture
0 , 0 , -95 , 266,98
0 , -0,003531575 , -95 , 267
0 , -0,0109126 , -95 , 267,02
4,816125E-11 , -0,01818258 , -95 , 267,04
1,712832E-10 , -0,01963657 , -95 , 267,06
2,663886E-10 , -0,01992738 , -95 , 267,08
3,289422E-10 , -0,0199855 , -95 , 267,1
3,681617E-10 , -0,01999712 , -95 , 267,12
3,92262E-10 , -0,01999944 , -95 , 267,14
4,068762E-10 , -0,01999992 , -95 , 267,16
4,156258E-10 , -0,02000004 , -95 , 267,18
4,207852E-10 , -0,02000004 , -95 , 267,2
4,237673E-10 , -0,02000004 , -95 , 267,22
4,254448E-10 , -0,02000004 , -95 , 267,24
4,263516E-10 , -0,02000004 , -95 , 267,26
4,268116E-10 , -0,02000004 , -95 , 267,28
4,270194E-10 , -0,02000004 , -95 , 267,3
4,2709E-10 , -0,02000004 , -95 , 267,32
4,270903E-10 , -0,02000004 , -95 , 267,34
4,270583E-10 , -0,02000004 , -95 , 267,36
4,270146E-10 , -0,02000004 , -95 , 267,38
4,270146E-10 , -0,02000004 , -95 , 267,4
4,270146E-10 , -0,02000004 , -95 , 267,42
4,270146E-10 , -0,02000004 , -95 , 267,44
4,270146E-10 , -0,02000004 , -95 , 267,46
4,270146E-10 , -0,02000004 , -95 , 267,48
4,270146E-10 , -0,02000004 , -95 , 267,5
4,270146E-10 , -0,02000004 , -95 , 267,52
4,270146E-10 , -0,02000004 , -95 , 267,54
4,270146E-10 , -0,02000004 , -95 , 267,56
4,270146E-10 , -0,02000004 , -95 , 267,58
4,270146E-10 , -0,02000004 , -95 , 267,6
4,270146E-10 , -0,02000004 , -95 , 267,62
4,270146E-10 , -0,02000004 , -95 , 267,64
4,270146E-10 , -0,02000004 , -95 , 267,66
4,270146E-10 , -0,02000004 , -95 , 267,68
4,270146E-10 , -0,02000004 , -95 , 267,7
4,270146E-10 , -0,02000004 , -95 , 267,72
4,270146E-10 , -0,02000004 , -95 , 267,74
4,270146E-10 , -0,02000004 , -95 , 267,76
4,270146E-10 , -0,02000004 , -95 , 267,78
4,270146E-10 , -0,02000004 , -95 , 267,8
4,270146E-10 , -0,02000004 , -95 , 267,82
4,270146E-10 , -0,02000004 , -95 , 267,84
4,270146E-10 , -0,02000004 , -95 , 267,86
4,270146E-10 , -0,02000004 , -95 , 267,88
4,270146E-10 , -0,02000004 , -95 , 267,9
4,270146E-10 , -0,02000004 , -95 , 267,92
4,270146E-10 , -0,02000004 , -95 , 267,94
4,270146E-10 , -0,02000004 , -95 , 267,96
4,270146E-10 , -0,02000004 , -95 , 267,98
4,270146E-10 , -0,02000004 , -95 , 268
4,270146E-10 , -0,02000004 , -95 , 268,02
4,270146E-10 , -0,02000004 , -95 , 268,04
4,270146E-10 , -0,02000004 , -95 , 268,06
4,270146E-10 , -0,02000004 , -95 , 268,08
4,270146E-10 , -0,02000004 , -95 , 268,1
4,270146E-10 , -0,02000004 , -95 , 268,12
4,270146E-10 , -0,02000004 , -95 , 268,14
4,270146E-10 , -0,02000004 , -95 , 268,16
4,270146E-10 , -0,02000004 , -95 , 268,18
4,270146E-10 , -0,02000004 , -95 , 268,2
4,270146E-10 , -0,02000004 , -95 , 268,22
4,270146E-10 , -0,02000004 , -95 , 268,24
4,270146E-10 , -0,02000004 , -95 , 268,26
4,270146E-10 , -0,02000004 , -95 , 268,28
4,270146E-10 , -0,02000004 , -95 , 268,3
4,270146E-10 , -0,02000004 , -95 , 268,32
4,270146E-10 , -0,02000004 , -95 , 268,34
4,270146E-10 , -0,02000004 , -95 , 268,36
4,270146E-10 , -0,02000004 , -95 , 268,38
4,270146E-10 , -0,02000004 , -95 , 268,4
4,270146E-10 , -0,02000004 , -95 , 268,42
4,270146E-10 , -0,02000004 , -95 , 268,44
4,270146E-10 , -0,02000004 , -95 , 268,46
4,270146E-10 , -0,02000004 , -95 , 268,48
4,270146E-10 , -0,02000004 , -95 , 268,5
4,270146E-10 , -0,02000004 , -95 , 268,52
4,270146E-10 , -0,02000004 , -95 , 268,54
4,270146E-10 , -0,02000004 , -95 , 268,56
4,270146E-10 , -0,02000004 , -95 , 268,58
4,270146E-10 , -0,02000004 , -95 , 268,6
4,270146E-10 , -0,02000004 , -95 , 268,62
4,270146E-10 , -0,02000004 , -95 , 268,64
4,270146E-10 , -0,02000004 , -95 , 268,66
4,270146E-10 , -0,02000004 , -95 , 268,68
4,270146E-10 , -0,02000004 , -95 , 268,7
4,270146E-10 , -0,02000004 , -95 , 268,72
0,0101376 , -0,02000004 , -94,99731 , 268,74
0,02939892 , -0,02000004 , -94,99219 , 268,76
0,0568768 , -0,02000004 , -94,9849 , 268,78
0,0917602 , -0,02000004 , -94,9757 , 268,8
0,1333231 , -0,02000004 , -94,96482 , 268,82
0,1809157 , -0,02000004 , -94,95249 , 268,84
0,2339558 , -0,02000004 , -94,93893 , 268,86
0,2919209 , -0,02000004 , -94,92432 , 268,88
0,3543424 , -0,02000004 , -94,90886 , 268,9
0,420799 , -0,02000004 , -94,89272 , 268,92
0,4909125 , -0,02000004 , -94,87607 , 268,94
0,5643422 , -0,02000004 , -94,85904 , 268,96
0,6407812 , -0,02000004 , -94,84177 , 268,98
0,7199275 , -0,02000004 , -94,8243 , 269
0,8012626 , -0,02000004 , -94,80576 , 269,02
0,8842486 , -0,02000004 , -94,78543 , 269,04
0,9676455 , -0,02000004 , -94,76151 , 269,06
1,050743 , -0,02000004 , -94,73344 , 269,08
1,132663 , -0,02000004 , -94,7007 , 269,1
1,213116 , -0,02000004 , -94,66336 , 269,12
1,292001 , -0,02000004 , -94,62168 , 269,14
1,369398 , -0,02000004 , -94,57603 , 269,16
1,445018 , -0,02000004 , -94,52647 , 269,18
1,518264 , -0,02000004 , -94,47287 , 269,2
1,587946 , -0,02000016 , -94,4149 , 269,22
1,652834 , -0,0200001 , -94,35244 , 269,24
1,712565 , -0,0200001 , -94,28574 , 269,26
1,767129 , -0,0200001 , -94,21515 , 269,28
1,816199 , -0,02000004 , -94,14095 , 269,3
1,85997 , -0,02000004 , -94,0635 , 269,32
1,898369 , -0,02000004 , -93,98311 , 269,34
1,931601 , -0,02000004 , -93,90008 , 269,36
1,959798 , -0,02000004 , -93,8147 , 269,38
1,983053 , -0,02000004 , -93,72725 , 269,4
2,001321 , -0,02000004 , -93,63801 , 269,42
2,014844 , -0,02000004 , -93,5472 , 269,44
2,023792 , -0,02000016 , -93,45503 , 269,46
2,028479 , -0,0200001 , -93,36168 , 269,48
2,029656 , -0,02000004 , -93,26727 , 269,5
2,028555 , -0,02000004 , -93,17191 , 269,52
2,02573 , -0,02000004 , -93,07573 , 269,54
2,02129 , -0,02000004 , -92,97881 , 269,56
2,015336 , -0,02000004 , -92,88124 , 269,58
2,007959 , -0,02000004 , -92,7831 , 269,6
1,999241 , -0,01999998 , -92,68448 , 269,62
1,989259 , -0,01999998 , -92,58542 , 269,64
1,978081 , -0,0200001 , -92,48599 , 269,66
1,965769 , -0,02000004 , -92,38625 , 269,68
1,952382 , -0,02000004 , -92,28623 , 269,7
1,937994 , -0,02000004 , -92,18598 , 269,72
1,922652 , -0,02000016 , -92,08553 , 269,74
1,9064 , -0,0200001 , -91,98492 , 269,76
1,889277 , -0,02000004 , -91,88419 , 269,78
1,871321 , -0,02000016 , -91,78336 , 269,8
1,852567 , -0,01999998 , -91,68244 , 269,82
1,833047 , -0,0200001 , -91,58147 , 269,84
1,812793 , -0,02000004 , -91,48048 , 269,86
1,791833 , -0,02000004 , -91,37946 , 269,88
1,770194 , -0,02000004 , -91,27845 , 269,9
1,747901 , -0,02000004 , -91,17745 , 269,92
1,724978 , -0,01999998 , -91,07648 , 269,94
1,701448 , -0,01999998 , -90,97556 , 269,96
1,677332 , -0,01999998 , -90,87467 , 269,98
1,652651 , -0,01999998 , -90,77384 , 270
1,627423 , -0,0200001 , -90,67308 , 270,02
1,601667 , -0,02000004 , -90,57239 , 270,04
1,5754 , -0,02000004 , -90,47177 , 270,06
1,548638 , -0,02000004 , -90,37124 , 270,08
1,521398 , -0,02000004 , -90,27079 , 270,1
1,493695 , -0,02000004 , -90,17043 , 270,12
1,465543 , -0,02000004 , -90,07017 , 270,14
1,436955 , -0,02000004 , -89,96999 , 270,16
1,407945 , -0,02000004 , -89,86992 , 270,18
1,378526 , -0,02000004 , -89,76994 , 270,2
1,34871 , -0,02000004 , -89,67007 , 270,22
1,318507 , -0,02000004 , -89,57029 , 270,24
1,292173 , -0,02000004 , -89,48134 , 270,26
1,269319 , -0,02000004 , -89,40213 , 270,28
1,249598 , -0,02000004 , -89,33169 , 270,3
1,232697 , -0,02000004 , -89,26914 , 270,32
1,218334 , -0,02000004 , -89,2137 , 270,34
1,206255 , -0,02000004 , -89,16464 , 270,36
1,196231 , -0,02000004 , -89,12135 , 270,38
1,188057 , -0,02000004 , -89,08322 , 270,4
1,181548 , -0,02000004 , -89,04976 , 270,42
1,176537 , -0,02000004 , -89,02049 , 270,44
1,172875 , -0,02000004 , -88,995 , 270,46
1,170427 , -0,02000004 , -88,9729 , 270,48
1,168867 , -0,02000004 , -88,95386 , 270,5
1,167873 , -0,02000004 , -88,93757 , 270,52
1,167239 , -0,02000004 , -88,92376 , 270,54
1,166835 , -0,02000004 , -88,91218 , 270,56
1,166578 , -0,02000004 , -88,9026 , 270,58
1,166414 , -0,02000004 , -88,89483 , 270,6
1,166309 , -0,02000004 , -88,88868 , 270,62
1,166243 , -0,02000004 , -88,884 , 270,64
1,1662 , -0,02000004 , -88,88062 , 270,66
1,166173 , -0,02000004 , -88,87844 , 270,68
1,166156 , -0,02000004 , -88,87705 , 270,7
1,16615 , -0,02000004 , -88,87657 , 270,72
1,16615 , -0,02000004 , -88,87655 , 270,74
1,166152 , -0,02000004 , -88,87674 , 270,76
1,166155 , -0,02000004 , -88,87701 , 270,78
1,166159 , -0,02000004 , -88,87728 , 270,8
1,166162 , -0,02000004 , -88,87753 , 270,82
1,166164 , -0,02000004 , -88,87773 , 270,84
1,166166 , -0,02000004 , -88,8779 , 270,86
1,166168 , -0,02000004 , -88,87804 , 270,88
1,166169 , -0,02000004 , -88,87814 , 270,9
1,166169 , -0,02000004 , -88,87814 , 270,92
1,166169 , -0,02000004 , -88,87814 , 270,94
1,166169 , -0,02000004 , -88,87814 , 270,96
1,166169 , -0,02000004 , -88,87814 , 270,98
1,166169 , -0,02000004 , -88,87814 , 271
1,166169 , -0,02000004 , -88,87814 , 271,02
1,166169 , -0,02000004 , -88,87814 , 271,04
1,166169 , -0,02000004 , -88,87814 , 271,06
1,166169 , -0,02000004 , -88,87814 , 271,08
1,166169 , -0,02000004 , -88,87814 , 271,1
1,166169 , -0,02000004 , -88,87814 , 271,12
1,166169 , -0,02000004 , -88,87814 , 271,14
1,166169 , -0,02000004 , -88,87814 , 271,16
1,166169 , -0,02000004 , -88,87814 , 271,18
1,166169 , -0,02000004 , -88,87814 , 271,2
1,166169 , -0,02000004 , -88,87814 , 271,22
1,166169 , -0,02000004 , -88,87814 , 271,24
1,166169 , -0,02000004 , -88,87814 , 271,26
1,166169 , -0,02000004 , -88,87814 , 271,28
1,166169 , -0,02000004 , -88,87814 , 271,3
1,166169 , -0,02000004 , -88,87814 , 271,32
1,166169 , -0,02000004 , -88,87814 , 271,34
1,166169 , -0,02000004 , -88,87814 , 271,36
1,166169 , -0,02000004 , -88,87814 , 271,38
1,166169 , -0,02000004 , -88,87814 , 271,4
1,166169 , -0,02000004 , -88,87814 , 271,42
1,166169 , -0,02000004 , -88,87814 , 271,44
1,166169 , -0,02000004 , -88,87814 , 271,46
1,166169 , -0,02000004 , -88,87814 , 271,48
1,166169 , -0,02000004 , -88,87814 , 271,5
1,166169 , -0,02000004 , -88,87814 , 271,52
1,166169 , -0,02000004 , -88,87814 , 271,54
1,166169 , -0,02000004 , -88,87814 , 271,56
1,166169 , -0,02000004 , -88,87814 , 271,58
1,166169 , -0,02000004 , -88,87814 , 271,6
1,166169 , -0,02000004 , -88,87814 , 271,62
1,166169 , -0,02000004 , -88,87814 , 271,64
1,166169 , -0,02000004 , -88,87814 , 271,66
1,166169 , -0,02000004 , -88,87814 , 271,68
1,166169 , -0,02000004 , -88,87814 , 271,7
1,166169 , -0,02000004 , -88,87814 , 271,72
1,166169 , -0,02000004 , -88,87814 , 271,74
1,166169 , -0,02000004 , -88,87814 , 271,76
1,166169 , -0,02000004 , -88,87814 , 271,78
1,166169 , -0,02000004 , -88,87814 , 271,8
1,166169 , -0,02000004 , -88,87814 , 271,82
1,166169 , -0,02000004 , -88,87814 , 271,84
1,166169 , -0,02000004 , -88,87814 , 271,86
1,166169 , -0,02000004 , -88,87814 , 271,88
1,166169 , -0,02000004 , -88,87814 , 271,9
1,166169 , -0,02000004 , -88,87814 , 271,92
1,166169 , -0,02000004 , -88,87814 , 271,94
1,166169 , -0,02000004 , -88,87814 , 271,96
1,166169 , -0,02000004 , -88,87814 , 271,98
1,166169 , -0,02000004 , -88,87814 , 272
1,166169 , -0,02000004 , -88,87814 , 272,02
1,166169 , -0,02000004 , -88,87814 , 272,04
1,162729 , -0,02000004 , -88,86828 , 272,06
1,156191 , -0,01999998 , -88,84954 , 272,08
1,146861 , -0,01999998 , -88,82282 , 272,1
1,135007 , -0,0200001 , -88,78892 , 272,12
1,12087 , -0,02000004 , -88,74856 , 272,14
1,104662 , -0,01999998 , -88,70239 , 272,16
1,086573 , -0,02000016 , -88,65101 , 272,18
1,066771 , -0,01999998 , -88,59493 , 272,2
1,045408 , -0,02000016 , -88,53465 , 272,22
1,022617 , -0,02000016 , -88,47057 , 272,24
0,9985192 , -0,02000016 , -88,40311 , 272,26
0,9732229 , -0,0200001 , -88,3326 , 272,28
0,9468248 , -0,02000004 , -88,25936 , 272,3
0,9194126 , -0,02000004 , -88,18368 , 272,32
0,8910648 , -0,02000004 , -88,1058 , 272,34
0,8618526 , -0,02000016 , -88,02595 , 272,36
0,8318406 , -0,01999998 , -87,94434 , 272,38
0,8010872 , -0,01999998 , -87,86117 , 272,4
0,7696453 , -0,01999998 , -87,77658 , 272,42
0,737563 , -0,0200001 , -87,69074 , 272,44
0,7048844 , -0,0200001 , -87,60378 , 272,46
0,6716495 , -0,02000004 , -87,51581 , 272,48
0,6378948 , -0,02000004 , -87,42695 , 272,5
0,6036538 , -0,02000016 , -87,3373 , 272,52
0,5689572 , -0,0200001 , -87,24693 , 272,54
0,5338332 , -0,0200001 , -87,15594 , 272,56
0,4983078 , -0,02000004 , -87,0644 , 272,58
0,4624046 , -0,02000004 , -86,97236 , 272,6
0,4261457 , -0,02000004 , -86,87988 , 272,62
0,3895512 , -0,02000004 , -86,787 , 272,64
0,3526398 , -0,02000004 , -86,69379 , 272,66
0,3154288 , -0,02000004 , -86,60028 , 272,68
0,2779342 , -0,02000004 , -86,50651 , 272,7
0,2401707 , -0,02000004 , -86,4125 , 272,72
0,2021519 , -0,02000004 , -86,31829 , 272,74
0,1638909 , -0,02000004 , -86,22391 , 272,76
0,1253993 , -0,02000016 , -86,12937 , 272,78
0,08668829 , -0,0200001 , -86,0347 , 272,8
0,04776814 , -0,0200001 , -85,93992 , 272,82
0,008648445 , -0,0200001 , -85,84504 , 272,84
-0,03066183 , -0,0200001 , -85,75008 , 272,86
-0,07015435 , -0,02000004 , -85,65505 , 272,88
-0,1095686 , -0,02000004 , -85,55985 , 272,9
-0,1483073 , -0,02000004 , -85,46424 , 272,92
-0,1853598 , -0,02000004 , -85,36791 , 272,94
-0,2206851 , -0,02000004 , -85,27088 , 272,96
-0,2538396 , -0,02000004 , -85,17308 , 272,98
-0,284164 , -0,02000004 , -85,07445 , 273
-0,310697 , -0,02000004 , -84,975 , 273,02
-0,3333169 , -0,02000004 , -84,87482 , 273,04
-0,3517288 , -0,02000004 , -84,77402 , 273,06
-0,3656411 , -0,02000004 , -84,67276 , 273,08
-0,3750329 , -0,02000004 , -84,57117 , 273,1
-0,3795507 , -0,01999998 , -84,46947 , 273,12
-0,3798267 , -0,01999998 , -84,36787 , 273,14
-0,3768194 , -0,02000016 , -84,26648 , 273,16
-0,3703227 , -0,02000016 , -84,16551 , 273,18
-0,3604392 , -0,02000016 , -84,06504 , 273,2
-0,3471074 , -0,01999998 , -83,9652 , 273,22
-0,3304178 , -0,0200001 , -83,86607 , 273,24
-0,3104259 , -0,0200001 , -83,76774 , 273,26
-0,2873716 , -0,02000004 , -83,67017 , 273,28
-0,2614687 , -0,02000016 , -83,57336 , 273,3
-0,2329585 , -0,01999998 , -83,47724 , 273,32
-0,2020562 , -0,0200001 , -83,38178 , 273,34
-0,168954 , -0,0200001 , -83,28695 , 273,36
-0,1338234 , -0,02000004 , -83,1927 , 273,38
-0,09681786 , -0,02000022 , -83,09902 , 273,4
-0,05807477 , -0,02000022 , -83,00587 , 273,42
-0,01771753 , -0,02000016 , -82,91325 , 273,44
0,02414267 , -0,01999998 , -82,82112 , 273,46
0,06740618 , -0,0200001 , -82,72948 , 273,48
0,1119828 , -0,02000004 , -82,6383 , 273,5
0,1577911 , -0,02000004 , -82,54758 , 273,52
0,2047571 , -0,02000004 , -82,4573 , 273,54
0,2528137 , -0,02000004 , -82,36745 , 273,56
0,3019001 , -0,02000004 , -82,27804 , 273,58
0,3519606 , -0,02000004 , -82,18903 , 273,6
0,4029449 , -0,02000004 , -82,10044 , 273,62
0,4548061 , -0,02000004 , -82,01225 , 273,64
0,5075018 , -0,02000004 , -81,92445 , 273,66
0,5609928 , -0,01999998 , -81,83704 , 273,68
0,6152428 , -0,01999998 , -81,75001 , 273,7
0,6702186 , -0,01999998 , -81,66335 , 273,72
0,725889 , -0,0200001 , -81,57706 , 273,74
0,7822253 , -0,02000004 , -81,49114 , 273,76
0,8392009 , -0,02000004 , -81,40558 , 273,78
0,8967906 , -0,02000004 , -81,32037 , 273,8
0,9549713 , -0,02000004 , -81,2355 , 273,82
1,013721 , -0,02000004 , -81,15099 , 273,84
1,073018 , -0,02000004 , -81,0668 , 273,86
1,132845 , -0,02000004 , -80,98296 , 273,88
1,193228 , -0,02000004 , -80,89948 , 273,9
1,254356 , -0,02000022 , -80,81654 , 273,92
1,316594 , -0,02000016 , -80,73449 , 273,94
1,379977 , -0,0200001 , -80,65339 , 273,96
1,444493 , -0,02000004 , -80,57325 , 273,98
1,510056 , -0,02000004 , -80,494 , 274
1,576702 , -0,02000004 , -80,41571 , 274,02
1,644487 , -0,02000004 , -80,33846 , 274,04
1,713492 , -0,02000004 , -80,26237 , 274,06
1,783811 , -0,02000004 , -80,1876 , 274,08
1,855394 , -0,02000004 , -80,11411 , 274,1
1,928169 , -0,02000004 , -80,04185 , 274,12
2,002043 , -0,02000004 , -79,97074 , 274,14
2,07696 , -0,02000004 , -79,90073 , 274,16
2,15284 , -0,02000004 , -79,83173 , 274,18
2,229614 , -0,02000004 , -79,7637 , 274,2
2,307218 , -0,02000004 , -79,69656 , 274,22
2,385596 , -0,02000004 , -79,63027 , 274,24
2,46469 , -0,02000004 , -79,56477 , 274,26
2,544455 , -0,02000004 , -79,50001 , 274,28
2,624874 , -0,02000004 , -79,436 , 274,3
2,705907 , -0,02000004 , -79,3727 , 274,32
2,787544 , -0,02000016 , -79,3101 , 274,34
2,869747 , -0,01999998 , -79,24818 , 274,36
2,952478 , -0,01999998 , -79,1869 , 274,38
3,035732 , -0,02000016 , -79,12625 , 274,4
3,119449 , -0,01999998 , -79,06617 , 274,42
3,193946 , -0,01999998 , -79,01295 , 274,44
3,260146 , -0,01999998 , -78,9659 , 274,46
3,318879 , -0,01999998 , -78,92439 , 274,48
3,370891 , -0,01999998 , -78,88789 , 274,5
3,416853 , -0,01999998 , -78,85589 , 274,52
3,457372 , -0,01999998 , -78,82793 , 274,54
3,492992 , -0,01999998 , -78,80362 , 274,56
3,524202 , -0,01999998 , -78,78259 , 274,58
3,551443 , -0,01999998 , -78,7645 , 274,6
3,575113 , -0,01999998 , -78,74908 , 274,62
3,595568 , -0,01999998 , -78,73604 , 274,64
3,61313 , -0,01999998 , -78,72515 , 274,66
3,628089 , -0,01999998 , -78,7162 , 274,68
3,640704 , -0,01999998 , -78,70899 , 274,7
3,660903 , -0,01999998 , -78,6971 , 274,72
3,68791 , -0,0200001 , -78,68095 , 274,74
3,721032 , -0,02000004 , -78,66096 , 274,76
3,75965 , -0,02000004 , -78,63751 , 274,78
3,803209 , -0,02000004 , -78,61093 , 274,8
3,851218 , -0,02000004 , -78,58153 , 274,82
3,903233 , -0,02000004 , -78,5496 , 274,84
3,958861 , -0,02000004 , -78,5154 , 274,86
4,01775 , -0,02000004 , -78,47919 , 274,88
4,079586 , -0,02000004 , -78,44116 , 274,9
4,144085 , -0,02000004 , -78,40154 , 274,92
4,210996 , -0,02000004 , -78,36048 , 274,94
4,280094 , -0,02000004 , -78,31818 , 274,96
4,351175 , -0,02000004 , -78,27476 , 274,98
4,424105 , -0,02000004 , -78,23045 , 275
4,498779 , -0,02000004 , -78,18548 , 275,02
4,575137 , -0,02000004 , -78,14009 , 275,04
4,653123 , -0,02000004 , -78,09454 , 275,06
4,732664 , -0,02000004 , -78,04901 , 275,08
4,813704 , -0,02000004 , -78,00369 , 275,1
4,896141 , -0,02000004 , -77,95866 , 275,12
4,979904 , -0,01999998 , -77,91404 , 275,14
5,064918 , -0,01999998 , -77,8699 , 275,16
5,151108 , -0,0200001 , -77,82632 , 275,18
5,238383 , -0,0200001 , -77,7833 , 275,2
5,326695 , -0,02000004 , -77,74092 , 275,22
5,415973 , -0,01999998 , -77,6992 , 275,24
5,506156 , -0,01999998 , -77,65815 , 275,26
5,597189 , -0,0200001 , -77,6178 , 275,28
5,689018 , -0,02000004 , -77,57816 , 275,3
5,781581 , -0,02000004 , -77,5392 , 275,32
5,874828 , -0,02000004 , -77,50092 , 275,34
5,968732 , -0,02000004 , -77,46336 , 275,36
6,063249 , -0,02000004 , -77,42652 , 275,38
6,158345 , -0,02000004 , -77,39039 , 275,4
6,253989 , -0,01999998 , -77,35498 , 275,42
6,350162 , -0,01999998 , -77,32033 , 275,44
6,44683 , -0,01999998 , -77,28642 , 275,46
6,543968 , -0,0200001 , -77,25326 , 275,48
6,641557 , -0,02000004 , -77,22085 , 275,5
6,739563 , -0,02000004 , -77,18916 , 275,52
6,83797 , -0,02000004 , -77,1582 , 275,54
6,936762 , -0,02000004 , -77,12798 , 275,56
7,035926 , -0,02000004 , -77,09852 , 275,58
7,135443 , -0,02000004 , -77,06981 , 275,6
7,235287 , -0,01999998 , -77,04181 , 275,62
7,335438 , -0,01999998 , -77,01449 , 275,64
7,435874 , -0,01999998 , -76,98782 , 275,66
7,536577 , -0,0200001 , -76,96178 , 275,68
7,637526 , -0,0200001 , -76,93632 , 275,7
7,738706 , -0,02000004 , -76,91142 , 275,72
7,840102 , -0,02000004 , -76,88706 , 275,74
7,9417 , -0,02000004 , -76,86322 , 275,76
8,043488 , -0,02000004 , -76,83987 , 275,78
8,145453 , -0,02000004 , -76,817 , 275,8
8,247586 , -0,02000004 , -76,79459 , 275,82
8,349876 , -0,02000004 , -76,77261 , 275,84
8,452318 , -0,02000004 , -76,75108 , 275,86
8,554903 , -0,02000004 , -76,72997 , 275,88
8,657622 , -0,02000004 , -76,70927 , 275,9
8,760469 , -0,02000004 , -76,68897 , 275,92
8,863437 , -0,02000004 , -76,66905 , 275,94
8,966518 , -0,02000004 , -76,64951 , 275,96
9,069709 , -0,02000004 , -76,63031 , 275,98
9,173002 , -0,02000016 , -76,61147 , 276
9,276393 , -0,02000016 , -76,59296 , 276,02
9,379877 , -0,02000016 , -76,57478 , 276,04
9,48345 , -0,01999998 , -76,55692 , 276,06
9,587107 , -0,01999998 , -76,53936 , 276,08
9,690845 , -0,01999998 , -76,5221 , 276,1
9,794659 , -0,0200001 , -76,50514 , 276,12
9,898546 , -0,01999992 , -76,48846 , 276,14
10,0025 , -0,02000004 , -76,47206 , 276,16
10,10653 , -0,02000004 , -76,45592 , 276,18
10,21062 , -0,02000004 , -76,44006 , 276,2
10,31477 , -0,02000004 , -76,42445 , 276,22
10,41899 , -0,02000004 , -76,40911 , 276,24
10,52326 , -0,02000004 , -76,39404 , 276,26
10,6276 , -0,02000004 , -76,37922 , 276,28
10,73199 , -0,02000004 , -76,36465 , 276,3
10,83644 , -0,01999998 , -76,35033 , 276,32
10,94094 , -0,01999998 , -76,33625 , 276,34
11,04548 , -0,01999998 , -76,3224 , 276,36
11,15007 , -0,0200001 , -76,30876 , 276,38
11,25471 , -0,02000004 , -76,29534 , 276,4
11,35939 , -0,02000004 , -76,28213 , 276,42
11,46412 , -0,02000004 , -76,26912 , 276,44
11,56888 , -0,02000004 , -76,25631 , 276,46
11,67368 , -0,02000004 , -76,24369 , 276,48
11,77852 , -0,02000004 , -76,23126 , 276,5
11,88339 , -0,02000004 , -76,21902 , 276,52
11,9883 , -0,02000004 , -76,20695 , 276,54
12,09324 , -0,01999998 , -76,19505 , 276,56
12,19821 , -0,01999998 , -76,18331 , 276,58
12,30322 , -0,0200001 , -76,17175 , 276,6
12,40825 , -0,02000004 , -76,16033 , 276,62
12,51331 , -0,02000004 , -76,14908 , 276,64
12,6184 , -0,01999998 , -76,13797 , 276,66
12,72351 , -0,01999998 , -76,12701 , 276,68
12,82865 , -0,0200001 , -76,1162 , 276,7
12,93382 , -0,02000004 , -76,10553 , 276,72
13,03901 , -0,02000004 , -76,09499 , 276,74
13,14422 , -0,02000004 , -76,08459 , 276,76
13,24945 , -0,02000004 , -76,07431 , 276,78
13,35471 , -0,02000004 , -76,06417 , 276,8
13,45999 , -0,02000004 , -76,05417 , 276,82
13,56529 , -0,02000004 , -76,0443 , 276,84
13,67062 , -0,02000004 , -76,03455 , 276,86
13,77596 , -0,02000004 , -76,02493 , 276,88
13,88132 , -0,02000004 , -76,01543 , 276,9
13,9867 , -0,02000004 , -76,00603 , 276,92
14,0921 , -0,02000004 , -75,99676 , 276,94
14,19752 , -0,02000004 , -75,98759 , 276,96
14,30295 , -0,02000004 , -75,97852 , 276,98
14,4084 , -0,02000004 , -75,96957 , 277
14,51387 , -0,02000004 , -75,96071 , 277,02
14,61935 , -0,02000004 , -75,95195 , 277,04
14,72484 , -0,02000004 , -75,94328 , 277,06
14,83035 , -0,02000004 , -75,93471 , 277,08
14,93587 , -0,02000004 , -75,92622 , 277,1
15,04141 , -0,02000004 , -75,91782 , 277,12
15,14697 , -0,02000004 , -75,90959 , 277,14
15,25256 , -0,02000004 , -75,90155 , 277,16
15,35819 , -0,01999998 , -75,89384 , 277,18
15,46387 , -0,01999998 , -75,88655 , 277,2
15,56962 , -0,0200001 , -75,87988 , 277,22
15,67546 , -0,01999992 , -75,87401 , 277,24
15,78138 , -0,01999992 , -75,86922 , 277,26
15,88739 , -0,0200001 , -75,86558 , 277,28
15,99347 , -0,02000004 , -75,86327 , 277,3
16,09962 , -0,02000004 , -75,86201 , 277,32
16,20582 , -0,02000004 , -75,86156 , 277,34
16,31207 , -0,02000004 , -75,86175 , 277,36
16,41832 , -0,02000004 , -75,86253 , 277,38
16,52457 , -0,02000004 , -75,86385 , 277,4
16,63076 , -0,02000004 , -75,86582 , 277,42
16,73683 , -0,02000016 , -75,86881 , 277,44
16,84265 , -0,01999998 , -75,87334 , 277,46
16,94812 , -0,01999998 , -75,87976 , 277,48
17,05306 , -0,01999998 , -75,88855 , 277,5
17,15732 , -0,01999998 , -75,89999 , 277,52
17,26084 , -0,01999998 , -75,91412 , 277,54
17,36356 , -0,01999998 , -75,93096 , 277,56
17,46541 , -0,0200001 , -75,95055 , 277,58
17,5664 , -0,0200001 , -75,97276 , 277,6
17,66651 , -0,02000004 , -75,99751 , 277,62
17,76578 , -0,02000004 , -76,02464 , 277,64
17,86426 , -0,02000004 , -76,05399 , 277,66
17,96199 , -0,01999998 , -76,08537 , 277,68
18,05902 , -0,01999998 , -76,11864 , 277,7
18,15539 , -0,01999998 , -76,15366 , 277,72
18,25114 , -0,01999998 , -76,1903 , 277,74
18,3463 , -0,0200001 , -76,22844 , 277,76
18,44089 , -0,0200001 , -76,26801 , 277,78
18,5349 , -0,0200001 , -76,30896 , 277,8
18,62829 , -0,01999992 , -76,3513 , 277,82
18,72104 , -0,01999992 , -76,39502 , 277,84
18,81307 , -0,02000004 , -76,4402 , 277,86
18,9043 , -0,02000004 , -76,4869 , 277,88
18,99459 , -0,02000004 , -76,53524 , 277,9
19,08389 , -0,02000004 , -76,58524 , 277,92
19,17208 , -0,02000004 , -76,637 , 277,94
19,25914 , -0,02000004 , -76,69048 , 277,96
19,34498 , -0,02000004 , -76,74574 , 277,98
19,4295 , -0,02000004 , -76,8028 , 278
19,51269 , -0,02000004 , -76,86166 , 278,02
19,59455 , -0,02000004 , -76,92223 , 278,04
19,675 , -0,02000004 , -76,98454 , 278,06
19,75393 , -0,02000004 , -77,04864 , 278,08
19,83135 , -0,02000004 , -77,11446 , 278,1
19,90725 , -0,02000004 , -77,18196 , 278,12
19,98159 , -0,02000004 , -77,25111 , 278,14
20,05445 , -0,02000004 , -77,32182 , 278,16
20,12588 , -0,02000004 , -77,39397 , 278,18
20,19603 , -0,02000004 , -77,46745 , 278,2
20,26501 , -0,02000004 , -77,54211 , 278,22
20,33296 , -0,02000004 , -77,61783 , 278,24
20,39999 , -0,02000004 , -77,6945 , 278,26
20,4662 , -0,02000004 , -77,77201 , 278,28
20,53168 , -0,02000004 , -77,85028 , 278,3
20,5965 , -0,02000004 , -77,92922 , 278,32
20,66072 , -0,02000004 , -78,0088 , 278,34
20,7244 , -0,01999998 , -78,08892 , 278,36
20,78762 , -0,01999998 , -78,16953 , 278,38
20,85043 , -0,01999998 , -78,25057 , 278,4
20,91288 , -0,01999998 , -78,33199 , 278,42
20,97504 , -0,01999998 , -78,41373 , 278,44
21,03694 , -0,0200001 , -78,49575 , 278,46
21,09863 , -0,0200001 , -78,57802 , 278,48
21,16013 , -0,02000004 , -78,6605 , 278,5
21,22148 , -0,02000004 , -78,74316 , 278,52
21,28271 , -0,01999998 , -78,82597 , 278,54
21,34385 , -0,02000016 , -78,9089 , 278,56
21,40491 , -0,0200001 , -78,99194 , 278,58
21,46592 , -0,0200001 , -79,07506 , 278,6
21,5269 , -0,02000004 , -79,15825 , 278,62
21,58785 , -0,02000004 , -79,24149 , 278,64
21,64879 , -0,01999998 , -79,32478 , 278,66
21,70974 , -0,01999998 , -79,40808 , 278,68
21,7707 , -0,01999998 , -79,4914 , 278,7
21,83168 , -0,01999998 , -79,57473 , 278,72
21,89269 , -0,01999998 , -79,65806 , 278,74
21,95374 , -0,01999998 , -79,74138 , 278,76
22,01483 , -0,01999998 , -79,82468 , 278,78
22,07596 , -0,0200001 , -79,90797 , 278,8
22,13714 , -0,02000004 , -79,99124 , 278,82
22,19838 , -0,02000004 , -80,07448 , 278,84
22,25967 , -0,02000004 , -80,15768 , 278,86
22,32101 , -0,02000004 , -80,24086 , 278,88
22,38243 , -0,02000004 , -80,32399 , 278,9
22,44392 , -0,01999998 , -80,40707 , 278,92
22,50548 , -0,01999998 , -80,4901 , 278,94
22,56712 , -0,0200001 , -80,57308 , 278,96
22,62892 , -0,0200001 , -80,65594 , 278,98
22,69092 , -0,02000004 , -80,73865 , 279
22,75331 , -0,02000004 , -80,82105 , 279,02
22,81611 , -0,02000004 , -80,90311 , 279,04
22,87954 , -0,02000004 , -80,98466 , 279,06
22,94388 , -0,02000004 , -81,06541 , 279,08
23,00934 , -0,02000004 , -81,14513 , 279,1
23,07624 , -0,02000004 , -81,22345 , 279,12
23,14469 , -0,02000004 , -81,30017 , 279,14
23,21488 , -0,02000004 , -81,37501 , 279,16
23,287 , -0,02000016 , -81,44758 , 279,18
23,3612 , -0,01999998 , -81,51755 , 279,2
23,43745 , -0,02000016 , -81,58481 , 279,22
23,51577 , -0,01999998 , -81,64915 , 279,24
23,59607 , -0,01999998 , -81,71062 , 279,26
23,67823 , -0,01999998 , -81,76926 , 279,28
23,76218 , -0,01999998 , -81,8251 , 279,3
23,84779 , -0,01999998 , -81,87826 , 279,32
23,93498 , -0,0200001 , -81,92873 , 279,34
24,02363 , -0,0200001 , -81,97667 , 279,36
24,1137 , -0,02000004 , -82,02196 , 279,38
24,20509 , -0,02000004 , -82,0647 , 279,4
24,2977 , -0,02000004 , -82,10499 , 279,42
24,39145 , -0,02000004 , -82,14297 , 279,44
24,48621 , -0,02000004 , -82,17886 , 279,46
24,58188 , -0,02000004 , -82,21289 , 279,48
24,67837 , -0,02000016 , -82,24525 , 279,5
24,7756 , -0,01999998 , -82,27609 , 279,52
24,87351 , -0,01999998 , -82,30555 , 279,54
24,97203 , -0,0200001 , -82,3337 , 279,56
25,07113 , -0,02000004 , -82,36053 , 279,58
25,1708 , -0,02000016 , -82,38602 , 279,6
25,27101 , -0,01999998 , -82,41006 , 279,62
25,37175 , -0,0200001 , -82,43252 , 279,64
25,47301 , -0,02000004 , -82,45338 , 279,66
25,57474 , -0,02000004 , -82,47258 , 279,68
25,67691 , -0,02000004 , -82,49022 , 279,7
25,77949 , -0,02000004 , -82,50632 , 279,72
25,88244 , -0,02000004 , -82,52103 , 279,74
25,98573 , -0,02000004 , -82,53442 , 279,76
26,08932 , -0,02000016 , -82,54665 , 279,78
26,19319 , -0,01999998 , -82,55783 , 279,8
26,2973 , -0,0200001 , -82,56806 , 279,82
26,40163 , -0,02000004 , -82,57744 , 279,84
26,50616 , -0,01999998 , -82,58598 , 279,86
26,6109 , -0,01999998 , -82,59355 , 279,88
26,71584 , -0,01999998 , -82,59962 , 279,9
26,82095 , -0,0200001 , -82,60377 , 279,92
26,9262 , -0,0200001 , -82,60584 , 279,94
27,03153 , -0,0200001 , -82,60631 , 279,96
27,13689 , -0,01999992 , -82,60542 , 279,98
27,2422 , -0,01999992 , -82,60339 , 280
27,34733 , -0,0200001 , -82,59969 , 280,02
27,45218 , -0,02000004 , -82,59401 , 280,04
27,55657 , -0,02000004 , -82,58595 , 280,06
27,66039 , -0,02000004 , -82,57528 , 280,08
27,76349 , -0,02000004 , -82,56178 , 280,1
27,86566 , -0,02000004 , -82,54518 , 280,12
27,96679 , -0,02000004 , -82,52539 , 280,14
28,06665 , -0,02000004 , -82,50219 , 280,16
28,16513 , -0,02000004 , -82,47556 , 280,18
28,26195 , -0,02000016 , -82,44528 , 280,2
28,35712 , -0,02000016 , -82,41153 , 280,22
28,45067 , -0,01999998 , -82,3745 , 280,24
28,54264 , -0,0200001 , -82,33435 , 280,26
28,63309 , -0,02000004 , -82,29132 , 280,28
28,72207 , -0,02000004 , -82,24557 , 280,3
28,80966 , -0,02000004 , -82,1973 , 280,32
28,89597 , -0,02000004 , -82,14672 , 280,34
28,98108 , -0,02000004 , -82,09405 , 280,36
29,06512 , -0,02000004 , -82,03946 , 280,38
29,1482 , -0,02000016 , -81,98318 , 280,4
29,23043 , -0,01999998 , -81,92538 , 280,42
29,31193 , -0,01999998 , -81,86623 , 280,44
29,39289 , -0,01999998 , -81,80602 , 280,46
29,47345 , -0,01999998 , -81,74495 , 280,48
29,55382 , -0,0200001 , -81,68327 , 280,5
29,63411 , -0,02000004 , -81,62118 , 280,52
29,71448 , -0,02000004 , -81,55888 , 280,54
29,79501 , -0,02000004 , -81,49651 , 280,56
29,87582 , -0,02000004 , -81,43424 , 280,58
29,95689 , -0,02000004 , -81,37209 , 280,6
30,03831 , -0,02000004 , -81,3102 , 280,62
30,12014 , -0,02000004 , -81,24866 , 280,64
30,20241 , -0,02000004 , -81,18756 , 280,66
30,28512 , -0,02000004 , -81,1269 , 280,68
30,3682 , -0,02000004 , -81,0666 , 280,7
30,45161 , -0,02000004 , -81,00663 , 280,72
30,53528 , -0,02000004 , -80,94691 , 280,74
30,61918 , -0,02000004 , -80,88738 , 280,76
30,70327 , -0,02000004 , -80,82802 , 280,78
30,7875 , -0,02000004 , -80,76878 , 280,8
30,87187 , -0,02000004 , -80,70963 , 280,82
30,95626 , -0,02000022 , -80,65045 , 280,84
31,04012 , -0,02000004 , -80,59053 , 280,86
31,12286 , -0,02000004 , -80,52926 , 280,88
31,20338 , -0,02000004 , -80,46574 , 280,9
31,27993 , -0,02000004 , -80,39899 , 280,92
31,35149 , -0,02000004 , -80,32879 , 280,94
31,41672 , -0,02000004 , -80,25505 , 280,96
31,47384 , -0,02000004 , -80,17803 , 280,98
31,52179 , -0,02000004 , -80,09834 , 281
31,56075 , -0,02000004 , -80,01644 , 281,02
31,59133 , -0,02000004 , -79,93265 , 281,04
31,61421 , -0,02000004 , -79,84721 , 281,06
31,63008 , -0,02000004 , -79,7603 , 281,08
31,63957 , -0,02000022 , -79,67211 , 281,1
31,64321 , -0,02000004 , -79,5828 , 281,12
31,64259 , -0,02000022 , -79,49252 , 281,14
31,63864 , -0,02000016 , -79,4014 , 281,16
31,63157 , -0,02000016 , -79,30957 , 281,18
31,62161 , -0,01999998 , -79,21714 , 281,2
31,60894 , -0,01999998 , -79,12421 , 281,22
31,59373 , -0,01999998 , -79,03089 , 281,24
31,57613 , -0,01999998 , -78,93725 , 281,26
31,55634 , -0,0200001 , -78,84334 , 281,28
31,53465 , -0,0200001 , -78,74915 , 281,3
31,5113 , -0,0200001 , -78,65471 , 281,32
31,48655 , -0,0200001 , -78,55998 , 281,34
31,46061 , -0,02000004 , -78,46497 , 281,36
31,43379 , -0,02000004 , -78,36962 , 281,38
31,40642 , -0,02000016 , -78,27388 , 281,4
31,37874 , -0,02000016 , -78,17771 , 281,42
31,35107 , -0,0200001 , -78,08106 , 281,44
31,32393 , -0,0200001 , -77,98382 , 281,46
31,29776 , -0,02000004 , -77,88592 , 281,48
31,27282 , -0,02000004 , -77,78735 , 281,5
31,24922 , -0,02000004 , -77,68813 , 281,52
31,22725 , -0,01999998 , -77,58826 , 281,54
31,20683 , -0,01999998 , -77,48781 , 281,56
31,18791 , -0,01999998 , -77,3868 , 281,58
31,1704 , -0,01999998 , -77,28529 , 281,6
31,15412 , -0,01999998 , -77,18334 , 281,62
31,13889 , -0,01999998 , -77,08099 , 281,64
31,12456 , -0,0200001 , -76,97829 , 281,66
31,111 , -0,0200001 , -76,87529 , 281,68
31,0981 , -0,0200001 , -76,77201 , 281,7
31,08573 , -0,02000004 , -76,6685 , 281,72
31,07545 , -0,02000004 , -76,57618 , 281,74
31,06704 , -0,02000004 , -76,49394 , 281,76
31,06032 , -0,02000004 , -76,42078 , 281,78
31,05512 , -0,02000004 , -76,35577 , 281,8
31,05128 , -0,02000004 , -76,29812 , 281,82
31,04868 , -0,02000004 , -76,24708 , 281,84
31,04702 , -0,02000004 , -76,20199 , 281,86
31,0423 , -0,02000004 , -76,15147 , 281,88
31,03386 , -0,02000004 , -76,09648 , 281,9
31,02122 , -0,02000004 , -76,03793 , 281,92
31,0035 , -0,02000004 , -75,97707 , 281,94
30,97982 , -0,02000004 , -75,91542 , 281,96
30,95003 , -0,02000004 , -75,854 , 281,98
30,91394 , -0,02000004 , -75,79404 , 282
30,87147 , -0,02000004 , -75,73697 , 282,02
30,82298 , -0,02000004 , -75,6834 , 282,04
30,76886 , -0,02000004 , -75,63379 , 282,06
30,70962 , -0,02000004 , -75,58813 , 282,08
30,64575 , -0,02000004 , -75,5462 , 282,1
30,57768 , -0,02000004 , -75,50772 , 282,12
30,50586 , -0,02000004 , -75,47226 , 282,14
30,43068 , -0,02000004 , -75,43938 , 282,16
30,35248 , -0,02000004 , -75,40884 , 282,18
30,27157 , -0,02000004 , -75,38039 , 282,2
30,18818 , -0,02000004 , -75,35394 , 282,22
30,10255 , -0,02000016 , -75,32951 , 282,24
30,01487 , -0,0200001 , -75,30717 , 282,26
29,92531 , -0,0200001 , -75,28703 , 282,28
29,83403 , -0,02000004 , -75,26948 , 282,3
29,7412 , -0,02000004 , -75,25482 , 282,32
29,64703 , -0,02000004 , -75,24363 , 282,34
29,55176 , -0,02000004 , -75,23628 , 282,36
29,45579 , -0,02000004 , -75,23374 , 282,38
29,3595 , -0,02000004 , -75,23502 , 282,4
29,26396 , -0,02000004 , -75,24152 , 282,42
29,17089 , -0,01999998 , -75,25491 , 282,44
29,08353 , -0,02000016 , -75,27675 , 282,46
29,00364 , -0,02000016 , -75,30689 , 282,48
28,93284 , -0,0200001 , -75,3447 , 282,5
28,87124 , -0,0200001 , -75,38934 , 282,52
28,81833 , -0,02000004 , -75,44006 , 282,54
28,77377 , -0,02000004 , -75,49619 , 282,56
28,73706 , -0,02000004 , -75,55708 , 282,58
28,70769 , -0,02000016 , -75,62222 , 282,6
28,68506 , -0,02000016 , -75,69114 , 282,62
28,66861 , -0,02000016 , -75,76343 , 282,64
28,65784 , -0,0200001 , -75,83871 , 282,66
28,65212 , -0,0200001 , -75,91672 , 282,68
28,65068 , -0,02000004 , -75,99718 , 282,7
28,65193 , -0,02000004 , -76,07986 , 282,72
28,65523 , -0,02000004 , -76,16454 , 282,74
28,66031 , -0,02000004 , -76,25106 , 282,76
28,66695 , -0,02000004 , -76,33923 , 282,78
28,67493 , -0,02000004 , -76,42892 , 282,8
28,68405 , -0,02000004 , -76,51997 , 282,82
28,69417 , -0,02000004 , -76,61226 , 282,84
28,70513 , -0,02000004 , -76,70569 , 282,86
28,71677 , -0,02000004 , -76,80016 , 282,88
28,72871 , -0,02000004 , -76,89562 , 282,9
28,74036 , -0,02000004 , -76,99209 , 282,92
28,7505 , -0,01999998 , -77,08958 , 282,94
28,75791 , -0,01999998 , -77,18797 , 282,96
28,76212 , -0,01999998 , -77,28709 , 282,98
28,76339 , -0,0200001 , -77,38681 , 283
28,76274 , -0,0200001 , -77,48705 , 283,02
28,76085 , -0,02000004 , -77,58776 , 283,04
28,75786 , -0,02000004 , -77,68888 , 283,06
28,75385 , -0,02000004 , -77,79037 , 283,08
28,7489 , -0,02000004 , -77,89218 , 283,1
28,74311 , -0,02000004 , -77,99429 , 283,12
28,73718 , -0,02000004 , -78,09676 , 283,14
28,73185 , -0,02000004 , -78,19963 , 283,16
28,72754 , -0,02000004 , -78,30289 , 283,18
28,72447 , -0,02000004 , -78,40652 , 283,2
28,72299 , -0,02000004 , -78,51044 , 283,22
28,72286 , -0,02000004 , -78,61459 , 283,24
28,72418 , -0,02000004 , -78,71883 , 283,26
28,72714 , -0,02000004 , -78,82304 , 283,28
28,73254 , -0,02000004 , -78,92693 , 283,3
28,74089 , -0,02000004 , -79,03027 , 283,32
28,7522 , -0,02000004 , -79,13299 , 283,34
28,76639 , -0,02000004 , -79,23504 , 283,36
28,78317 , -0,02000004 , -79,33649 , 283,38
28,80223 , -0,02000004 , -79,43744 , 283,4
28,82327 , -0,02000004 , -79,53796 , 283,42
28,84603 , -0,02000004 , -79,63811 , 283,44
28,87029 , -0,02000004 , -79,73798 , 283,46
28,89583 , -0,01999998 , -79,83759 , 283,48
28,92244 , -0,0200001 , -79,93703 , 283,5
28,94995 , -0,02000004 , -80,03633 , 283,52
28,97802 , -0,02000004 , -80,13561 , 283,54
29,00626 , -0,02000004 , -80,23499 , 283,56
29,03402 , -0,02000004 , -80,33467 , 283,58
29,0609 , -0,01999998 , -80,43473 , 283,6
29,08662 , -0,01999998 , -80,53522 , 283,62
29,1111 , -0,01999998 , -80,63613 , 283,64
29,13438 , -0,01999998 , -80,73744 , 283,66
29,15652 , -0,0200001 , -80,83913 , 283,68
29,17758 , -0,0200001 , -80,94115 , 283,7
29,19763 , -0,0200001 , -81,0435 , 283,72
29,21673 , -0,01999992 , -81,14613 , 283,74
29,23494 , -0,02000004 , -81,24902 , 283,76
29,25251 , -0,02000004 , -81,35213 , 283,78
29,26991 , -0,02000004 , -81,45535 , 283,8
29,28784 , -0,02000004 , -81,5585 , 283,82
29,30682 , -0,02000004 , -81,66142 , 283,84
29,32777 , -0,02000004 , -81,76371 , 283,86
29,35116 , -0,02000004 , -81,86513 , 283,88
29,37852 , -0,02000004 , -81,9646 , 283,9
29,41114 , -0,02000004 , -82,06067 , 283,92
29,44933 , -0,01999998 , -82,15256 , 283,94
29,49324 , -0,01999998 , -82,2394 , 283,96
29,54255 , -0,0200001 , -82,32117 , 283,98
29,59683 , -0,0200001 , -82,39806 , 284
29,65575 , -0,02000004 , -82,47015 , 284,02
29,71886 , -0,02000004 , -82,53784 , 284,04
29,78572 , -0,02000004 , -82,60163 , 284,06
29,85592 , -0,02000004 , -82,66203 , 284,08
29,92907 , -0,02000004 , -82,7195 , 284,1
30,00485 , -0,02000004 , -82,77445 , 284,12
30,08293 , -0,02000004 , -82,82726 , 284,14
30,16305 , -0,01999998 , -82,87827 , 284,16
30,24495 , -0,01999998 , -82,92776 , 284,18
30,32839 , -0,01999998 , -82,97601 , 284,2
30,41319 , -0,0200001 , -83,02324 , 284,22
30,49918 , -0,02000004 , -83,06963 , 284,24
30,58625 , -0,02000004 , -83,11523 , 284,26
30,67432 , -0,02000004 , -83,16006 , 284,28
30,7634 , -0,02000004 , -83,2039 , 284,3
30,85354 , -0,02000004 , -83,24653 , 284,32
30,94468 , -0,02000004 , -83,28791 , 284,34
31,03681 , -0,02000004 , -83,3279 , 284,36
31,12988 , -0,02000004 , -83,36648 , 284,38
31,2238 , -0,02000004 , -83,40376 , 284,4
31,31851 , -0,02000004 , -83,43982 , 284,42
31,41394 , -0,02000004 , -83,47476 , 284,44
31,51 , -0,02000004 , -83,50873 , 284,46
31,60662 , -0,01999998 , -83,54185 , 284,48
31,70374 , -0,01999998 , -83,5742 , 284,5
31,80134 , -0,0200001 , -83,60581 , 284,52
31,89938 , -0,0200001 , -83,63669 , 284,54
31,99782 , -0,02000004 , -83,66688 , 284,56
32,09668 , -0,02000004 , -83,6963 , 284,58
32,19596 , -0,02000004 , -83,72484 , 284,6
32,29565 , -0,02000004 , -83,75243 , 284,62
32,39575 , -0,02000004 , -83,77903 , 284,64
32,49627 , -0,02000004 , -83,80451 , 284,66
32,59719 , -0,02000004 , -83,82883 , 284,68
32,69849 , -0,02000004 , -83,85206 , 284,7
32,80013 , -0,02000004 , -83,87428 , 284,72
32,9021 , -0,02000004 , -83,89555 , 284,74
33,00436 , -0,02000004 , -83,91589 , 284,76
33,10689 , -0,02000004 , -83,93537 , 284,78
33,20967 , -0,02000004 , -83,95407 , 284,8
33,31268 , -0,02000004 , -83,97201 , 284,82
33,4159 , -0,02000004 , -83,98924 , 284,84
33,51933 , -0,01999998 , -84,00581 , 284,86
33,62292 , -0,01999998 , -84,02179 , 284,88
33,72668 , -0,0200001 , -84,0372 , 284,9
33,83059 , -0,0200001 , -84,05209 , 284,92
33,93463 , -0,02000004 , -84,06652 , 284,94
34,03879 , -0,02000004 , -84,08054 , 284,96
34,14306 , -0,02000004 , -84,0942 , 284,98
34,24742 , -0,02000004 , -84,10756 , 285
34,35186 , -0,02000004 , -84,12066 , 285,02
34,45636 , -0,02000004 , -84,13354 , 285,04
34,56093 , -0,01999998 , -84,14622 , 285,06
