Min X value: -65
Min Y value: -14,1249
Min Z value: -105,0925
Max X value: 66,50088
Max Y value: 14,90855
Max Z value: 105
Key: charpos in X , Y , Z , Time since start capture
0 , 0 , -95 , 3,48
0 , -0,003531575 , -95 , 3,5
0 , -0,0109126 , -95 , 3,52
4,816125E-11 , -0,01818258 , -95 , 3,54
1,712832E-10 , -0,01963657 , -95 , 3,56
2,663886E-10 , -0,01992738 , -95 , 3,58
3,289422E-10 , -0,0199855 , -95 , 3,6
3,681617E-10 , -0,01999712 , -95 , 3,62
3,92262E-10 , -0,01999944 , -95 , 3,64
4,068762E-10 , -0,01999992 , -95 , 3,66
4,156258E-10 , -0,02000004 , -95 , 3,68
4,207852E-10 , -0,02000004 , -95 , 3,7
4,237673E-10 , -0,02000004 , -95 , 3,72
4,254448E-10 , -0,02000004 , -95 , 3,74
4,263516E-10 , -0,02000004 , -95 , 3,76
4,268116E-10 , -0,02000004 , -95 , 3,78
4,270194E-10 , -0,02000004 , -95 , 3,8
4,2709E-10 , -0,02000004 , -95 , 3,82
4,270903E-10 , -0,02000004 , -95 , 3,84
4,270583E-10 , -0,02000004 , -95 , 3,86
4,270146E-10 , -0,02000004 , -95 , 3,88
4,270146E-10 , -0,02000004 , -95 , 3,9
4,270146E-10 , -0,02000004 , -95 , 3,92
4,270146E-10 , -0,02000004 , -95 , 3,94
4,270146E-10 , -0,02000004 , -95 , 3,96
4,270146E-10 , -0,02000004 , -95 , 3,98
4,270146E-10 , -0,02000004 , -95 , 4
4,270146E-10 , -0,02000004 , -95 , 4,02
4,270146E-10 , -0,02000004 , -95 , 4,04
4,270146E-10 , -0,02000004 , -95 , 4,06
4,270146E-10 , -0,02000004 , -95 , 4,08
4,270146E-10 , -0,02000004 , -95 , 4,1
4,270146E-10 , -0,02000004 , -95 , 4,12
4,270146E-10 , -0,02000004 , -95 , 4,14
4,270146E-10 , -0,02000004 , -95 , 4,16
4,270146E-10 , -0,02000004 , -95 , 4,18
4,270146E-10 , -0,02000004 , -95 , 4,2
4,270146E-10 , -0,02000004 , -95 , 4,22
4,270146E-10 , -0,02000004 , -95 , 4,24
4,270146E-10 , -0,02000004 , -95 , 4,26
4,270146E-10 , -0,02000004 , -95 , 4,28
4,270146E-10 , -0,02000004 , -95 , 4,3
4,270146E-10 , -0,02000004 , -95 , 4,32
4,270146E-10 , -0,02000004 , -95 , 4,34
4,270146E-10 , -0,02000004 , -95 , 4,36
4,270146E-10 , -0,02000004 , -95 , 4,38
4,270146E-10 , -0,02000004 , -95 , 4,4
4,270146E-10 , -0,02000004 , -95 , 4,42
4,270146E-10 , -0,02000004 , -95 , 4,44
4,270146E-10 , -0,02000004 , -95 , 4,46
4,270146E-10 , -0,02000004 , -95 , 4,48
4,270146E-10 , -0,02000004 , -95 , 4,5
4,270146E-10 , -0,02000004 , -95 , 4,52
4,270146E-10 , -0,02000004 , -95 , 4,54
4,270146E-10 , -0,02000004 , -95 , 4,56
4,270146E-10 , -0,02000004 , -95 , 4,58
4,270146E-10 , -0,02000004 , -95 , 4,6
4,270146E-10 , -0,02000004 , -95 , 4,62
4,270146E-10 , -0,02000004 , -95 , 4,64
4,270146E-10 , -0,02000004 , -95 , 4,66
4,270146E-10 , -0,02000004 , -95 , 4,68
4,270146E-10 , -0,02000004 , -95 , 4,7
4,270146E-10 , -0,02000004 , -95 , 4,72
4,270146E-10 , -0,02000004 , -95 , 4,74
4,270146E-10 , -0,02000004 , -95 , 4,76
4,270146E-10 , -0,02000004 , -95 , 4,78
4,270146E-10 , -0,02000004 , -95 , 4,8
4,270146E-10 , -0,02000004 , -95 , 4,82
4,270146E-10 , -0,02000004 , -95 , 4,84
4,270146E-10 , -0,02000004 , -95 , 4,86
4,270146E-10 , -0,02000004 , -95 , 4,88
4,270146E-10 , -0,02000004 , -95 , 4,9
4,270146E-10 , -0,02000004 , -95 , 4,92
4,270146E-10 , -0,02000004 , -95 , 4,94
4,270146E-10 , -0,02000004 , -95 , 4,96
4,270146E-10 , -0,02000004 , -95 , 4,98
4,270146E-10 , -0,02000004 , -95 , 5
4,270146E-10 , -0,02000004 , -95 , 5,02
4,270146E-10 , -0,02000004 , -95 , 5,04
4,270146E-10 , -0,02000004 , -95 , 5,06
4,270146E-10 , -0,02000004 , -95 , 5,08
4,270146E-10 , -0,02000004 , -95 , 5,1
4,270146E-10 , -0,02000004 , -95 , 5,12
4,270146E-10 , -0,02000004 , -95 , 5,14
4,270146E-10 , -0,02000004 , -95 , 5,16
4,270146E-10 , -0,02000004 , -95 , 5,18
4,270146E-10 , -0,02000004 , -95 , 5,2
4,270146E-10 , -0,02000004 , -95 , 5,22
4,270146E-10 , -0,02000004 , -95 , 5,24
4,270146E-10 , -0,02000004 , -95 , 5,26
4,270146E-10 , -0,02000004 , -95 , 5,28
4,270146E-10 , -0,02000004 , -95 , 5,3
4,270146E-10 , -0,02000004 , -95 , 5,32
4,270146E-10 , -0,02000004 , -95 , 5,34
4,270146E-10 , -0,02000004 , -95 , 5,36
4,270146E-10 , -0,02000004 , -95 , 5,38
4,270146E-10 , -0,02000004 , -95 , 5,4
4,270146E-10 , -0,02000004 , -95 , 5,42
4,270146E-10 , -0,02000004 , -95 , 5,44
4,270146E-10 , -0,02000004 , -95 , 5,46
4,270146E-10 , -0,02000004 , -95 , 5,48
4,270146E-10 , -0,02000004 , -95 , 5,5
4,270146E-10 , -0,02000004 , -95 , 5,52
4,270146E-10 , -0,02000004 , -95 , 5,54
4,270146E-10 , -0,02000004 , -95 , 5,56
4,270146E-10 , -0,02000004 , -95 , 5,58
4,270146E-10 , -0,02000004 , -95 , 5,6
4,270146E-10 , -0,02000004 , -95 , 5,62
4,270146E-10 , -0,02000004 , -95 , 5,64
4,270146E-10 , -0,02000004 , -95 , 5,66
4,270146E-10 , -0,02000004 , -95 , 5,68
4,270146E-10 , -0,02000004 , -95 , 5,7
4,270146E-10 , -0,02000004 , -95 , 5,72
4,270146E-10 , -0,02000004 , -95 , 5,74
4,270146E-10 , -0,02000004 , -95 , 5,76
4,270146E-10 , -0,02000004 , -95 , 5,78
4,270146E-10 , -0,02000004 , -95 , 5,8
4,270146E-10 , -0,02000004 , -95 , 5,82
4,270146E-10 , -0,02000004 , -95 , 5,84
4,270146E-10 , -0,02000004 , -95 , 5,86
4,270146E-10 , -0,02000004 , -95 , 5,88
4,270146E-10 , -0,02000004 , -95 , 5,9
4,270146E-10 , -0,02000004 , -95 , 5,92
4,270146E-10 , -0,02000004 , -95 , 5,94
4,270146E-10 , -0,02000004 , -95 , 5,96
4,270146E-10 , -0,02000004 , -95 , 5,98
4,270146E-10 , -0,02000004 , -95 , 6
4,270146E-10 , -0,02000004 , -95 , 6,02
4,270146E-10 , -0,02000004 , -95 , 6,04
4,270146E-10 , -0,02000004 , -95 , 6,06
4,270146E-10 , -0,02000004 , -95 , 6,08
4,270146E-10 , -0,02000004 , -95 , 6,1
4,270146E-10 , -0,02000004 , -95 , 6,12
4,270146E-10 , -0,02000004 , -95 , 6,14
4,270146E-10 , -0,02000004 , -95 , 6,16
4,270146E-10 , -0,02000004 , -95 , 6,18
4,270146E-10 , -0,02000004 , -95 , 6,2
0,001321732 , -0,02000004 , -94,98946 , 6,22
0,003546726 , -0,02000004 , -94,96944 , 6,24
0,006588596 , -0,02000004 , -94,9409 , 6,26
0,01037032 , -0,02000004 , -94,90466 , 6,28
0,01482332 , -0,02000004 , -94,86153 , 6,3
0,01988599 , -0,02000004 , -94,81217 , 6,32
0,02550346 , -0,02000016 , -94,75722 , 6,34
0,03162642 , -0,02000016 , -94,69723 , 6,36
0,03821066 , -0,0200001 , -94,63271 , 6,38
0,04521646 , -0,0200001 , -94,56412 , 6,4
0,05260817 , -0,0200001 , -94,49186 , 6,42
0,06035341 , -0,02000004 , -94,4163 , 6,44
0,0684231 , -0,02000004 , -94,33777 , 6,46
0,0767908 , -0,01999998 , -94,25657 , 6,48
0,08543275 , -0,02000016 , -94,17297 , 6,5
0,09432718 , -0,0200001 , -94,0872 , 6,52
0,1034544 , -0,02000004 , -93,9995 , 6,54
0,1127966 , -0,02000004 , -93,91004 , 6,56
0,1223374 , -0,02000004 , -93,81902 , 6,58
0,132062 , -0,02000004 , -93,72658 , 6,6
0,1419568 , -0,01999998 , -93,63287 , 6,62
0,1520091 , -0,01999998 , -93,53801 , 6,64
0,1622079 , -0,01999998 , -93,44212 , 6,66
0,1725426 , -0,0200001 , -93,34531 , 6,68
0,1830035 , -0,02000004 , -93,24767 , 6,7
0,193582 , -0,02000004 , -93,14928 , 6,72
0,20427 , -0,02000004 , -93,05022 , 6,74
0,2150602 , -0,02000004 , -92,95056 , 6,76
0,2259457 , -0,02000004 , -92,85036 , 6,78
0,2369203 , -0,02000016 , -92,74966 , 6,8
0,2479782 , -0,02000016 , -92,64853 , 6,82
0,2591141 , -0,02000016 , -92,547 , 6,84
0,270323 , -0,02000016 , -92,44511 , 6,86
0,2816006 , -0,02000016 , -92,34291 , 6,88
0,2929425 , -0,0200001 , -92,24043 , 6,9
0,304345 , -0,0200001 , -92,13768 , 6,92
0,3158045 , -0,0200001 , -92,03471 , 6,94
0,3273176 , -0,02000004 , -91,93153 , 6,96
0,3388816 , -0,02000004 , -91,82816 , 6,98
0,3504933 , -0,02000004 , -91,72462 , 7
0,3621503 , -0,02000004 , -91,62094 , 7,02
0,37385 , -0,02000016 , -91,51712 , 7,04
0,3855903 , -0,02000016 , -91,41319 , 7,06
0,397369 , -0,0200001 , -91,30914 , 7,08
0,4091841 , -0,02000004 , -91,20499 , 7,1
0,4210339 , -0,01999998 , -91,10076 , 7,12
0,4329168 , -0,01999998 , -90,99645 , 7,14
0,444831 , -0,02000016 , -90,89207 , 7,16
0,4567752 , -0,02000016 , -90,78764 , 7,18
0,468748 , -0,01999998 , -90,68314 , 7,2
0,480748 , -0,01999998 , -90,5786 , 7,22
0,492774 , -0,0200001 , -90,47401 , 7,24
0,504825 , -0,0200001 , -90,36938 , 7,26
0,5168998 , -0,0200001 , -90,26471 , 7,28
0,5289975 , -0,02000004 , -90,16001 , 7,3
0,5411171 , -0,02000004 , -90,05528 , 7,32
0,5532578 , -0,02000004 , -89,95053 , 7,34
0,5654188 , -0,02000004 , -89,84576 , 7,36
0,5775993 , -0,02000004 , -89,74097 , 7,38
0,5897985 , -0,02000004 , -89,63615 , 7,4
0,6020158 , -0,02000004 , -89,53133 , 7,42
0,6142505 , -0,02000004 , -89,42648 , 7,44
0,6265019 , -0,01999998 , -89,32163 , 7,46
0,6387696 , -0,01999998 , -89,21677 , 7,48
0,651053 , -0,01999998 , -89,11189 , 7,5
0,6633515 , -0,0200001 , -89,00701 , 7,52
0,6756647 , -0,01999992 , -88,90212 , 7,54
0,6879922 , -0,01999992 , -88,79723 , 7,56
0,7003334 , -0,0200001 , -88,69233 , 7,58
0,7126878 , -0,02000004 , -88,58743 , 7,6
0,7249373 , -0,02000004 , -88,4825 , 7,62
0,7366428 , -0,02000004 , -88,37748 , 7,64
0,7471231 , -0,02000004 , -88,2723 , 7,66
0,7560987 , -0,02000004 , -88,16696 , 7,68
0,7633868 , -0,02000004 , -88,06147 , 7,7
0,768633 , -0,02000016 , -87,95586 , 7,72
0,7717787 , -0,01999998 , -87,85014 , 7,74
0,7731249 , -0,0200001 , -87,74435 , 7,76
0,7733198 , -0,02000004 , -87,6385 , 7,78
0,7727739 , -0,02000004 , -87,53258 , 7,8
0,7717472 , -0,02000004 , -87,42661 , 7,82
0,7704047 , -0,02000004 , -87,32059 , 7,84
0,7688054 , -0,02000004 , -87,21454 , 7,86
0,7670328 , -0,02000016 , -87,10846 , 7,88
0,76514 , -0,02000016 , -87,00235 , 7,9
0,7631609 , -0,02000016 , -86,89622 , 7,92
0,7611111 , -0,02000016 , -86,79008 , 7,94
0,7589847 , -0,0200001 , -86,68391 , 7,96
0,7567224 , -0,02000004 , -86,57774 , 7,98
0,7542624 , -0,02000004 , -86,47157 , 8
0,7515601 , -0,02000004 , -86,36542 , 8,02
0,7485765 , -0,02000004 , -86,25928 , 8,04
0,7451541 , -0,02000004 , -86,15318 , 8,059999
0,741228 , -0,02000004 , -86,04712 , 8,08
0,7367306 , -0,02000004 , -85,94113 , 8,099999
0,7316619 , -0,02000004 , -85,83521 , 8,12
0,7260091 , -0,02000004 , -85,72935 , 8,139999
0,7198199 , -0,02000004 , -85,62357 , 8,16
0,7131364 , -0,02000004 , -85,51784 , 8,179999
0,7059966 , -0,02000004 , -85,41217 , 8,2
0,698434 , -0,02000004 , -85,30656 , 8,22
0,6904789 , -0,02000004 , -85,201 , 8,24
0,6821582 , -0,02000004 , -85,09548 , 8,26
0,6734961 , -0,02000004 , -84,99001 , 8,28
0,6645144 , -0,02000004 , -84,88458 , 8,3
0,6552326 , -0,02000004 , -84,7792 , 8,32
0,6456684 , -0,02000004 , -84,67385 , 8,34
0,6358509 , -0,02000004 , -84,56853 , 8,36
0,625856 , -0,02000004 , -84,46324 , 8,38
0,6157813 , -0,02000004 , -84,35796 , 8,4
0,6056888 , -0,02000016 , -84,25267 , 8,42
0,5956431 , -0,01999998 , -84,14737 , 8,44
0,5857106 , -0,01999998 , -84,04205 , 8,46
0,5758969 , -0,01999998 , -83,93671 , 8,48
0,5662664 , -0,01999998 , -83,83134 , 8,5
0,5568323 , -0,01999998 , -83,72594 , 8,52
0,5476459 , -0,01999998 , -83,62051 , 8,54
0,538681 , -0,0200001 , -83,51503 , 8,559999
0,5299146 , -0,02000004 , -83,40952 , 8,58
0,5213193 , -0,02000004 , -83,30399 , 8,599999
0,5128786 , -0,02000004 , -83,19844 , 8,62
0,5045705 , -0,02000004 , -83,09286 , 8,639999
0,4963833 , -0,02000004 , -82,98727 , 8,66
0,4882994 , -0,02000004 , -82,88166 , 8,679999
0,4803035 , -0,02000004 , -82,77604 , 8,7
0,4723821 , -0,02000004 , -82,6704 , 8,72
0,4645236 , -0,02000004 , -82,56476 , 8,74
0,4567175 , -0,02000016 , -82,45911 , 8,76
0,4489549 , -0,02000016 , -82,35345 , 8,78
0,441228 , -0,02000016 , -82,24778 , 8,8
0,4335298 , -0,02000016 , -82,14211 , 8,82
0,4258544 , -0,02000016 , -82,03643 , 8,84
0,4181965 , -0,02000016 , -81,93076 , 8,86
0,4105516 , -0,02000016 , -81,82507 , 8,88
0,4029158 , -0,01999998 , -81,71939 , 8,9
0,3950228 , -0,0200001 , -81,61375 , 8,92
0,3852434 , -0,0200001 , -81,50854 , 8,94
0,3731346 , -0,02000004 , -81,40394 , 8,96
0,3586473 , -0,02000004 , -81,3 , 8,98
0,341871 , -0,02000004 , -81,19672 , 9
0,3229072 , -0,02000004 , -81,09409 , 9,02
0,3019657 , -0,02000004 , -80,99204 , 9,04
0,2792329 , -0,02000004 , -80,89053 , 9,059999
0,2548736 , -0,02000004 , -80,78951 , 9,08
0,2290344 , -0,02000004 , -80,68893 , 9,099999
0,2018454 , -0,02000022 , -80,58877 , 9,12
0,1734224 , -0,02000016 , -80,48898 , 9,139999
0,1438685 , -0,01999998 , -80,38953 , 9,16
0,1132754 , -0,01999998 , -80,29041 , 9,179999
0,08172482 , -0,0200001 , -80,1916 , 9,2
0,04928986 , -0,02000004 , -80,09306 , 9,22
0,01603569 , -0,02000004 , -79,9948 , 9,24
-0,01797935 , -0,02000016 , -79,89677 , 9,26
-0,05282257 , -0,0200001 , -79,79905 , 9,28
-0,08869987 , -0,02000004 , -79,70174 , 9,3
-0,1258417 , -0,02000004 , -79,60497 , 9,32
-0,1645256 , -0,02000016 , -79,50894 , 9,34
-0,2051199 , -0,0200001 , -79,41393 , 9,36
-0,2477876 , -0,02000022 , -79,32007 , 9,38
-0,2925265 , -0,02000004 , -79,22742 , 9,4
-0,3393269 , -0,02000004 , -79,13603 , 9,42
-0,3880425 , -0,02000004 , -79,04581 , 9,44
-0,4385073 , -0,02000022 , -78,95667 , 9,46
-0,4906088 , -0,02000004 , -78,86855 , 9,48
-0,5443133 , -0,02000004 , -78,78147 , 9,5
-0,5995567 , -0,02000004 , -78,6954 , 9,52
-0,6564417 , -0,02000004 , -78,6105 , 9,54
-0,7149904 , -0,02000004 , -78,52682 , 9,559999
-0,7753053 , -0,02000022 , -78,44452 , 9,58
-0,8374381 , -0,02000022 , -78,36372 , 9,599999
-0,9014251 , -0,02000016 , -78,28453 , 9,62
-0,9671881 , -0,0200001 , -78,20692 , 9,639999
-1,034678 , -0,0200001 , -78,13089 , 9,66
-1,103774 , -0,0200001 , -78,05636 , 9,679999
-1,174344 , -0,0200001 , -77,98322 , 9,7
-1,246271 , -0,0200001 , -77,91135 , 9,719999
-1,319447 , -0,0200001 , -77,84069 , 9,74
-1,39378 , -0,02000004 , -77,77115 , 9,76
-1,469182 , -0,02000004 , -77,70265 , 9,78
-1,545578 , -0,02000004 , -77,63515 , 9,8
-1,622899 , -0,02000004 , -77,56857 , 9,82
-1,701082 , -0,02000004 , -77,50287 , 9,84
-1,78007 , -0,02000004 , -77,438 , 9,86
-1,859812 , -0,02000004 , -77,37393 , 9,88
-1,940291 , -0,02000022 , -77,31065 , 9,9
-2,021481 , -0,02000022 , -77,24817 , 9,92
-2,103405 , -0,02000004 , -77,18654 , 9,94
-2,186039 , -0,02000004 , -77,12576 , 9,96
-2,269444 , -0,02000016 , -77,06595 , 9,98
-2,353623 , -0,0200001 , -77,00716 , 10
-2,438607 , -0,0200001 , -76,94947 , 10,02
-2,524464 , -0,0200001 , -76,89305 , 10,04
-2,611212 , -0,02000004 , -76,83798 , 10,06
-2,698845 , -0,02000004 , -76,78429 , 10,08
-2,787389 , -0,02000004 , -76,7321 , 10,1
-2,876816 , -0,02000004 , -76,68139 , 10,12
-2,96714 , -0,02000016 , -76,63226 , 10,14
-3,058338 , -0,0200001 , -76,58473 , 10,16
-3,150397 , -0,02000004 , -76,53883 , 10,18
-3,243314 , -0,02000004 , -76,49463 , 10,2
-3,337106 , -0,02000004 , -76,45228 , 10,22
-3,431733 , -0,02000004 , -76,41175 , 10,24
-3,527179 , -0,02000004 , -76,37311 , 10,26
-3,623432 , -0,02000004 , -76,33643 , 10,28
-3,720484 , -0,02000004 , -76,30183 , 10,3
-3,818277 , -0,02000004 , -76,2692 , 10,32
-3,91678 , -0,02000004 , -76,23859 , 10,34
-4,015934 , -0,02000004 , -76,20984 , 10,36
-4,115695 , -0,02000004 , -76,18289 , 10,38
-4,216015 , -0,02000004 , -76,15765 , 10,4
-4,316856 , -0,02000004 , -76,13406 , 10,42
-4,418182 , -0,02000004 , -76,11205 , 10,44
-4,519954 , -0,01999998 , -76,09155 , 10,46
-4,622136 , -0,01999998 , -76,07245 , 10,48
-4,724701 , -0,0200001 , -76,05476 , 10,5
-4,827622 , -0,02000004 , -76,0384 , 10,52
-4,930882 , -0,02000004 , -76,02343 , 10,54
-5,034462 , -0,01999998 , -76,00992 , 10,56
-5,13835 , -0,0200001 , -75,99797 , 10,58
-5,242519 , -0,02000004 , -75,98755 , 10,6
-5,346948 , -0,02000004 , -75,97869 , 10,62
-5,451615 , -0,02000004 , -75,97142 , 10,64
-5,556496 , -0,02000004 , -75,96573 , 10,66
-5,66157 , -0,02000004 , -75,96158 , 10,68
-5,766811 , -0,02000004 , -75,95908 , 10,7
-5,87219 , -0,02000004 , -75,95796 , 10,72
-5,977658 , -0,02000004 , -75,95804 , 10,74
-6,083182 , -0,02000004 , -75,95905 , 10,76
-6,1887 , -0,02000004 , -75,96093 , 10,78
-6,294174 , -0,02000004 , -75,96378 , 10,8
-6,399546 , -0,02000004 , -75,96783 , 10,82
-6,504764 , -0,02000016 , -75,97324 , 10,84
-6,609742 , -0,01999998 , -75,98029 , 10,86
-6,714399 , -0,01999998 , -75,98916 , 10,88
-6,81867 , -0,01999998 , -75,99998 , 10,9
-6,922401 , -0,01999998 , -76,01308 , 10,92
-7,02545 , -0,01999998 , -76,02872 , 10,94
-7,127751 , -0,0200001 , -76,04691 , 10,96
-7,229239 , -0,0200001 , -76,0677 , 10,98
-7,329914 , -0,02000004 , -76,09098 , 11
-7,429728 , -0,02000004 , -76,11673 , 11,02
-7,528707 , -0,02000004 , -76,14481 , 11,04
-7,626819 , -0,02000004 , -76,17519 , 11,06
-7,724061 , -0,01999998 , -76,20779 , 11,08
-7,820426 , -0,01999998 , -76,24253 , 11,1
-7,915962 , -0,01999998 , -76,27926 , 11,12
-7,966645 , -0,0200001 , -76,31059 , 11,14
-8,003933 , -0,0200001 , -76,34032 , 11,16
-8,041953 , -0,02000004 , -76,36875 , 11,18
-8,07917 , -0,02000004 , -76,39623 , 11,2
-8,114601 , -0,02000004 , -76,42279 , 11,22
-8,148513 , -0,02000004 , -76,44848 , 11,24
-8,181214 , -0,01999998 , -76,47334 , 11,26
-8,212804 , -0,01999998 , -76,49743 , 11,28
-8,24338 , -0,01999998 , -76,52081 , 11,3
-8,27304 , -0,01999998 , -76,54354 , 11,32
-8,301879 , -0,01999998 , -76,56564 , 11,34
-8,329989 , -0,01999998 , -76,58717 , 11,36
-8,357445 , -0,01999998 , -76,60814 , 11,38
-8,384294 , -0,0200001 , -76,6286 , 11,4
-8,410598 , -0,02000004 , -76,64857 , 11,42
-8,434546 , -0,02000004 , -76,66817 , 11,44
-8,457281 , -0,02000004 , -76,6873 , 11,46
-8,479848 , -0,02000004 , -76,70599 , 11,48
-8,502077 , -0,02000004 , -76,72425 , 11,5
-8,524005 , -0,02000004 , -76,7421 , 11,52
-8,545543 , -0,02000004 , -76,75957 , 11,54
-8,56686 , -0,02000016 , -76,77667 , 11,56
-8,587857 , -0,02000016 , -76,79343 , 11,58
-8,60875 , -0,02000016 , -76,80986 , 11,6
-8,629544 , -0,02000016 , -76,82597 , 11,62
-8,650241 , -0,02000016 , -76,84177 , 11,64
-8,670836 , -0,0200001 , -76,85727 , 11,66
-8,691334 , -0,02000004 , -76,87249 , 11,68
-8,71174 , -0,02000004 , -76,88744 , 11,7
-8,73176 , -0,02000004 , -76,90193 , 11,72
-8,751169 , -0,02000004 , -76,91565 , 11,74
-8,770326 , -0,02000004 , -76,92881 , 11,76
-8,789371 , -0,02000004 , -76,94157 , 11,78
-8,808289 , -0,02000022 , -76,95402 , 11,8
-8,827085 , -0,02000016 , -76,9662 , 11,82
-8,84579 , -0,0200001 , -76,97808 , 11,84
-8,86443 , -0,0200001 , -76,98965 , 11,86
-8,883016 , -0,0200001 , -77,00092 , 11,88
-8,90155 , -0,0200001 , -77,0119 , 11,9
-8,920036 , -0,0200001 , -77,02259 , 11,92
-8,93848 , -0,02000004 , -77,033 , 11,94
-8,956884 , -0,02000004 , -77,04316 , 11,96
-8,975253 , -0,02000016 , -77,05306 , 11,98
-8,993582 , -0,0200001 , -77,06272 , 12
-9,011887 , -0,0200001 , -77,07214 , 12,02
-9,030169 , -0,0200001 , -77,08134 , 12,04
-9,048429 , -0,02000004 , -77,09032 , 12,06
-9,066671 , -0,02000004 , -77,0991 , 12,08
-9,084899 , -0,02000004 , -77,10768 , 12,1
-9,103113 , -0,02000004 , -77,11607 , 12,12
-9,121317 , -0,02000004 , -77,12428 , 12,14
-9,13951 , -0,02000004 , -77,13231 , 12,16
-9,157698 , -0,02000004 , -77,14017 , 12,18
-9,175881 , -0,02000004 , -77,14786 , 12,2
-9,194059 , -0,02000004 , -77,15539 , 12,22
-9,212234 , -0,02000004 , -77,16276 , 12,24
-9,230411 , -0,02000004 , -77,16998 , 12,26
-9,248583 , -0,02000004 , -77,17707 , 12,28
-9,266721 , -0,02000004 , -77,18407 , 12,3
-9,284872 , -0,02000004 , -77,19098 , 12,32
-9,303035 , -0,02000004 , -77,1978 , 12,34
-9,321302 , -0,02000004 , -77,20459 , 12,36
-9,339535 , -0,02000004 , -77,21135 , 12,38
-9,357772 , -0,02000004 , -77,21806 , 12,4
-9,376025 , -0,02000004 , -77,22471 , 12,42
-9,394297 , -0,02000004 , -77,23131 , 12,44
-9,412588 , -0,02000004 , -77,23785 , 12,46
-9,430853 , -0,02000004 , -77,24432 , 12,48
-9,449203 , -0,02000004 , -77,25074 , 12,5
-9,467585 , -0,02000004 , -77,25713 , 12,52
-9,485987 , -0,02000004 , -77,26349 , 12,54
-9,504403 , -0,02000016 , -77,26984 , 12,56
-9,522834 , -0,0200001 , -77,27617 , 12,58
-9,5413 , -0,01999992 , -77,28247 , 12,6
-9,559713 , -0,02000004 , -77,28876 , 12,62
-9,578135 , -0,02000004 , -77,29507 , 12,64
-9,596564 , -0,02000004 , -77,30138 , 12,66
-9,615005 , -0,02000004 , -77,30769 , 12,68
-9,633454 , -0,02000004 , -77,31399 , 12,7
-9,651914 , -0,02000004 , -77,32028 , 12,72
-9,67038 , -0,02000004 , -77,32657 , 12,74
-9,688854 , -0,02000004 , -77,33285 , 12,76
-9,70734 , -0,02000004 , -77,33913 , 12,78
-9,725832 , -0,02000004 , -77,34539 , 12,8
-9,744334 , -0,02000004 , -77,35165 , 12,82
-9,762844 , -0,02000004 , -77,35789 , 12,84
-9,781363 , -0,01999998 , -77,36414 , 12,86
-9,79989 , -0,0200001 , -77,37037 , 12,88
-9,818424 , -0,02000004 , -77,37659 , 12,9
-9,836967 , -0,02000004 , -77,38281 , 12,92
-9,855516 , -0,02000004 , -77,38902 , 12,94
-9,874074 , -0,02000004 , -77,39523 , 12,96
-9,892639 , -0,02000004 , -77,40144 , 12,98
-9,911214 , -0,02000016 , -77,40763 , 13
-9,929795 , -0,0200001 , -77,41382 , 13,02
-9,948381 , -0,02000004 , -77,42001 , 13,04
-9,966976 , -0,02000004 , -77,42619 , 13,06
-9,985578 , -0,02000004 , -77,43236 , 13,08
-10,00419 , -0,02000004 , -77,43853 , 13,1
-10,0228 , -0,01999998 , -77,44469 , 13,12
-10,04142 , -0,01999998 , -77,45086 , 13,14
-10,06005 , -0,01999998 , -77,45702 , 13,16
-10,07868 , -0,01999998 , -77,46317 , 13,18
-10,09733 , -0,01999998 , -77,46933 , 13,2
-10,11597 , -0,01999998 , -77,47549 , 13,22
-10,13462 , -0,0200001 , -77,48164 , 13,24
-10,15328 , -0,02000004 , -77,48779 , 13,26
-10,17194 , -0,02000004 , -77,49392 , 13,28
-10,19063 , -0,02000004 , -77,49992 , 13,3
-10,20933 , -0,02000004 , -77,50563 , 13,32
-10,22807 , -0,01999998 , -77,51084 , 13,34
-10,24684 , -0,0200001 , -77,51543 , 13,36
-10,26564 , -0,0200001 , -77,51933 , 13,38
-10,28438 , -0,02000004 , -77,52214 , 13,4
-10,3032 , -0,01999998 , -77,52354 , 13,42
-10,32189 , -0,01999998 , -77,52365 , 13,44
-10,34036 , -0,01999998 , -77,52286 , 13,46
-10,35851 , -0,01999998 , -77,52103 , 13,48
-10,37608 , -0,0200001 , -77,51775 , 13,5
-10,39276 , -0,0200001 , -77,51259 , 13,52
-10,40844 , -0,02000004 , -77,50536 , 13,54
-10,42323 , -0,01999998 , -77,4961 , 13,56
-10,43713 , -0,01999998 , -77,48494 , 13,58
-10,45021 , -0,01999998 , -77,47205 , 13,6
-10,46256 , -0,01999998 , -77,45631 , 13,62
-10,47371 , -0,01999998 , -77,43829 , 13,64
-10,4839 , -0,01999998 , -77,41814 , 13,66
-10,49328 , -0,0200001 , -77,39607 , 13,68
-10,50193 , -0,0200001 , -77,3723 , 13,7
-10,50991 , -0,02000004 , -77,34701 , 13,72
-10,51725 , -0,02000004 , -77,32036 , 13,74
-10,524 , -0,02000004 , -77,29249 , 13,76
-10,53021 , -0,02000004 , -77,26353 , 13,78
-10,5359 , -0,02000004 , -77,23358 , 13,8
-10,54109 , -0,02000004 , -77,20274 , 13,82
-10,54581 , -0,02000004 , -77,17107 , 13,84
-10,55001 , -0,01999998 , -77,13859 , 13,86
-10,55365 , -0,01999998 , -77,10527 , 13,88
-10,55658 , -0,01999998 , -77,07101 , 13,9
-10,55875 , -0,01999998 , -77,03571 , 13,92
-10,56002 , -0,0200001 , -76,99926 , 13,94
-10,56058 , -0,0200001 , -76,96169 , 13,96
-10,56043 , -0,02000004 , -76,92314 , 13,98
-10,55972 , -0,01999998 , -76,8838 , 14
-10,55845 , -0,01999998 , -76,84384 , 14,02
-10,55655 , -0,01999998 , -76,80338 , 14,04
-10,5541 , -0,0200001 , -76,76244 , 14,06
-10,55112 , -0,0200001 , -76,72107 , 14,08
-10,54766 , -0,0200001 , -76,67931 , 14,1
-10,54376 , -0,0200001 , -76,63721 , 14,12
-10,53944 , -0,0200001 , -76,5948 , 14,14
-10,53472 , -0,0200001 , -76,55212 , 14,16
-10,52961 , -0,01999992 , -76,50922 , 14,18
-10,52414 , -0,01999992 , -76,4661 , 14,2
-10,51832 , -0,02000004 , -76,42282 , 14,22
-10,51216 , -0,02000004 , -76,37939 , 14,24
-10,50567 , -0,02000004 , -76,33584 , 14,26
-10,49887 , -0,02000004 , -76,29218 , 14,28
-10,4918 , -0,02000004 , -76,24843 , 14,3
-10,48459 , -0,02000016 , -76,20453 , 14,32
-10,47717 , -0,01999998 , -76,16054 , 14,34
-10,46959 , -0,01999998 , -76,11647 , 14,36
-10,46203 , -0,01999998 , -76,07229 , 14,38
-10,45442 , -0,0200001 , -76,02804 , 14,4
-10,44682 , -0,0200001 , -75,98371 , 14,42
-10,43925 , -0,02000004 , -75,93932 , 14,44
-10,43186 , -0,02000004 , -75,89478 , 14,46
-10,42453 , -0,01999998 , -75,85021 , 14,48
-10,41742 , -0,01999998 , -75,80569 , 14,5
-10,41066 , -0,01999998 , -75,76121 , 14,52
-10,40441 , -0,0200001 , -75,7168 , 14,54
-10,39873 , -0,0200001 , -75,67252 , 14,56
-10,39456 , -0,0200001 , -75,62797 , 14,58
-10,39253 , -0,0200001 , -75,58286 , 14,6
-10,39266 , -0,02000004 , -75,53727 , 14,62
-10,3946 , -0,02000004 , -75,49135 , 14,64
-10,39843 , -0,02000004 , -75,4453 , 14,66
-10,40423 , -0,02000004 , -75,39923 , 14,68
-10,41192 , -0,02000004 , -75,3532 , 14,7
-10,4214 , -0,02000004 , -75,30727 , 14,72
-10,43509 , -0,02000004 , -75,25694 , 14,74
-10,4527 , -0,02000004 , -75,20272 , 14,76
-10,47391 , -0,01999998 , -75,14507 , 14,78
-10,49841 , -0,01999998 , -75,08434 , 14,8
-10,52596 , -0,01999998 , -75,0209 , 14,82
-10,55637 , -0,01999998 , -74,95512 , 14,84
-10,58958 , -0,01999998 , -74,88737 , 14,86
-10,62546 , -0,02000016 , -74,81796 , 14,88
-10,66403 , -0,01999998 , -74,74728 , 14,9
-10,70524 , -0,01999998 , -74,67562 , 14,92
-10,74907 , -0,0200001 , -74,60331 , 14,94
-10,79542 , -0,0200001 , -74,53054 , 14,96
-10,84423 , -0,02000004 , -74,45754 , 14,98
-10,89534 , -0,02000004 , -74,38443 , 15
-10,94866 , -0,02000004 , -74,31134 , 15,02
-11,00408 , -0,02000004 , -74,23838 , 15,04
-11,06157 , -0,02000004 , -74,16573 , 15,06
-11,12105 , -0,02000004 , -74,09351 , 15,08
-11,18242 , -0,02000004 , -74,02177 , 15,1
-11,24566 , -0,02000004 , -73,95068 , 15,12
-11,31073 , -0,01999998 , -73,88034 , 15,14
-11,37757 , -0,01999998 , -73,81084 , 15,16
-11,44622 , -0,01999998 , -73,74239 , 15,18
-11,51671 , -0,01999998 , -73,67516 , 15,2
-11,58927 , -0,0200001 , -73,60973 , 15,22
-11,6641 , -0,02000004 , -73,54662 , 15,24
-11,74193 , -0,02000004 , -73,48853 , 15,26
-11,82164 , -0,02000004 , -73,44186 , 15,28
-11,88896 , -0,02000004 , -73,41162 , 15,3
-11,94243 , -0,02000004 , -73,39488 , 15,32
-11,98195 , -0,02000004 , -73,38917 , 15,34
-12,00847 , -0,02000004 , -73,39127 , 15,36
-12,0231 , -0,02000004 , -73,4002 , 15,38
-12,02697 , -0,02000004 , -73,41522 , 15,4
-12,02286 , -0,02000004 , -73,43575 , 15,42
-12,01157 , -0,02000004 , -73,46124 , 15,44
-11,99384 , -0,02000004 , -73,4912 , 15,46
-11,97025 , -0,02000004 , -73,52515 , 15,48
-11,94127 , -0,02000004 , -73,56253 , 15,5
-11,90733 , -0,02000016 , -73,60289 , 15,52
-11,86884 , -0,0200001 , -73,64583 , 15,54
-11,82614 , -0,0200001 , -73,69094 , 15,56
-11,7796 , -0,02000004 , -73,73795 , 15,58
-11,72958 , -0,02000004 , -73,78664 , 15,6
-11,67644 , -0,02000004 , -73,83687 , 15,62
-11,62053 , -0,02000004 , -73,88851 , 15,64
-11,56219 , -0,02000004 , -73,94151 , 15,66
-11,50173 , -0,02000004 , -73,99581 , 15,68
-11,43944 , -0,02000004 , -74,05136 , 15,7
-11,37556 , -0,02000004 , -74,10812 , 15,72
