Min X value: -65
Min Y value: -14,1249
Min Z value: -105,0925
Max X value: 66,50088
Max Y value: 14,90855
Max Z value: 105
Key: charpos in X , Y , Z , Time since start capture
0 , 0 , -95 , 91,46
0 , -0,003531575 , -95 , 91,48
0 , -0,0109126 , -95 , 91,5
4,816125E-11 , -0,01818258 , -95 , 91,52
1,712832E-10 , -0,01963657 , -95 , 91,54
2,663886E-10 , -0,01992738 , -95 , 91,56
3,289422E-10 , -0,0199855 , -95 , 91,57999
3,681617E-10 , -0,01999712 , -95 , 91,6
3,92262E-10 , -0,01999944 , -95 , 91,62
4,068762E-10 , -0,01999992 , -95 , 91,64
4,156258E-10 , -0,02000004 , -95 , 91,66
4,207852E-10 , -0,02000004 , -95 , 91,68
4,237673E-10 , -0,02000004 , -95 , 91,7
4,254448E-10 , -0,02000004 , -95 , 91,72
4,263516E-10 , -0,02000004 , -95 , 91,74
4,268116E-10 , -0,02000004 , -95 , 91,75999
4,270194E-10 , -0,02000004 , -95 , 91,78
4,2709E-10 , -0,02000004 , -95 , 91,8
4,270903E-10 , -0,02000004 , -95 , 91,82
4,270583E-10 , -0,02000004 , -95 , 91,84
4,270146E-10 , -0,02000004 , -95 , 91,86
4,270146E-10 , -0,02000004 , -95 , 91,88
4,270146E-10 , -0,02000004 , -95 , 91,9
4,270146E-10 , -0,02000004 , -95 , 91,92
4,270146E-10 , -0,02000004 , -95 , 91,93999
4,270146E-10 , -0,02000004 , -95 , 91,96
4,270146E-10 , -0,02000004 , -95 , 91,98
4,270146E-10 , -0,02000004 , -95 , 92
4,270146E-10 , -0,02000004 , -95 , 92,02
4,270146E-10 , -0,02000004 , -95 , 92,04
4,270146E-10 , -0,02000004 , -95 , 92,06
4,270146E-10 , -0,02000004 , -95 , 92,07999
4,270146E-10 , -0,02000004 , -95 , 92,1
4,270146E-10 , -0,02000004 , -95 , 92,12
4,270146E-10 , -0,02000004 , -95 , 92,14
4,270146E-10 , -0,02000004 , -95 , 92,16
4,270146E-10 , -0,02000004 , -95 , 92,18
4,270146E-10 , -0,02000004 , -95 , 92,2
4,270146E-10 , -0,02000004 , -95 , 92,22
4,270146E-10 , -0,02000004 , -95 , 92,24
4,270146E-10 , -0,02000004 , -95 , 92,25999
4,270146E-10 , -0,02000004 , -95 , 92,28
4,270146E-10 , -0,02000004 , -95 , 92,3
4,270146E-10 , -0,02000004 , -95 , 92,32
0,005784834 , -0,02000004 , -94,9914 , 92,34
0,01659727 , -0,02000004 , -94,97494 , 92,36
0,03194124 , -0,01999998 , -94,9514 , 92,38
0,05127852 , -0,01999998 , -94,92144 , 92,4
0,07379477 , -0,0200001 , -94,88544 , 92,42
0,09889624 , -0,01999992 , -94,84386 , 92,43999
0,1260862 , -0,02000004 , -94,7971 , 92,46
0,1549544 , -0,02000004 , -94,7456 , 92,48
0,1852984 , -0,02000004 , -94,6898 , 92,5
0,2169742 , -0,02000004 , -94,63014 , 92,52
0,249883 , -0,02000004 , -94,56702 , 92,54
0,2839048 , -0,02000016 , -94,50079 , 92,56
0,3189611 , -0,02000016 , -94,43179 , 92,57999
0,3549801 , -0,02000016 , -94,36029 , 92,6
0,3918668 , -0,02000016 , -94,28655 , 92,62
0,429535 , -0,0200001 , -94,2108 , 92,64
0,4678497 , -0,0200001 , -94,13321 , 92,66
0,5067191 , -0,02000004 , -94,05395 , 92,68
0,5460607 , -0,01999998 , -93,97317 , 92,7
0,5857745 , -0,01999998 , -93,891 , 92,72
0,6257977 , -0,01999998 , -93,80756 , 92,74
0,6660734 , -0,01999998 , -93,72298 , 92,75999
0,7065507 , -0,01999998 , -93,63734 , 92,78
0,7471834 , -0,01999998 , -93,55075 , 92,8
0,7879534 , -0,01999998 , -93,4633 , 92,82
0,8287706 , -0,01999998 , -93,37503 , 92,84
0,869549 , -0,0200001 , -93,286 , 92,86
0,910216 , -0,01999992 , -93,19624 , 92,88
0,950577 , -0,0200001 , -93,10573 , 92,9
0,9903638 , -0,0200001 , -93,01442 , 92,92
1,02923 , -0,02000004 , -92,92224 , 92,93999
1,066945 , -0,02000016 , -92,82917 , 92,96
1,103253 , -0,02000016 , -92,73518 , 92,98
1,137845 , -0,01999998 , -92,64024 , 93
1,170563 , -0,01999998 , -92,54438 , 93,02
1,201429 , -0,01999998 , -92,44765 , 93,04
1,230578 , -0,01999998 , -92,35011 , 93,06
1,258174 , -0,0200001 , -92,25187 , 93,07999
1,284316 , -0,0200001 , -92,15297 , 93,1
1,308972 , -0,02000004 , -92,05345 , 93,12
1,331998 , -0,02000004 , -91,95332 , 93,14
1,353201 , -0,02000004 , -91,85261 , 93,16
1,372464 , -0,02000004 , -91,75133 , 93,18
1,389734 , -0,02000004 , -91,64952 , 93,2
1,404903 , -0,02000004 , -91,54722 , 93,22
1,417814 , -0,01999998 , -91,44447 , 93,24
1,428208 , -0,01999998 , -91,34132 , 93,25999
1,4358 , -0,01999998 , -91,23784 , 93,28
1,440327 , -0,01999998 , -91,13412 , 93,3
1,441921 , -0,01999998 , -91,03024 , 93,32
1,441435 , -0,0200001 , -90,92627 , 93,34
1,439489 , -0,0200001 , -90,82224 , 93,36
1,436234 , -0,0200001 , -90,71819 , 93,38
1,431772 , -0,02000004 , -90,6141 , 93,4
1,426189 , -0,01999998 , -90,50999 , 93,42
1,419566 , -0,01999998 , -90,40588 , 93,43999
1,411974 , -0,01999998 , -90,30177 , 93,46
1,403477 , -0,01999998 , -90,19766 , 93,48
1,394133 , -0,0200001 , -90,09357 , 93,5
1,383994 , -0,02000004 , -89,98949 , 93,52
1,373108 , -0,02000004 , -89,88544 , 93,54
1,364158 , -0,02000004 , -89,79265 , 93,56
1,356951 , -0,02000004 , -89,70998 , 93,57999
1,351312 , -0,02000004 , -89,63642 , 93,6
1,347084 , -0,02000004 , -89,57107 , 93,62
1,344127 , -0,02000004 , -89,5131 , 93,64
1,342242 , -0,02000004 , -89,46178 , 93,66
1,338605 , -0,01999998 , -89,40524 , 93,68
1,333373 , -0,0200001 , -89,34403 , 93,7
1,326686 , -0,0200001 , -89,27861 , 93,72
1,31867 , -0,02000004 , -89,2094 , 93,74
1,309438 , -0,01999998 , -89,1368 , 93,75999
1,299087 , -0,01999998 , -89,06114 , 93,78
1,287709 , -0,01999998 , -88,98274 , 93,8
1,275381 , -0,02000016 , -88,90188 , 93,82
1,262178 , -0,0200001 , -88,8188 , 93,84
1,248161 , -0,0200001 , -88,73375 , 93,86
1,23339 , -0,0200001 , -88,64692 , 93,88
1,217916 , -0,0200001 , -88,55849 , 93,9
1,201786 , -0,0200001 , -88,46864 , 93,92
1,185043 , -0,0200001 , -88,3775 , 93,93999
1,167724 , -0,0200001 , -88,28522 , 93,96
1,149865 , -0,02000004 , -88,19192 , 93,98
1,131497 , -0,02000004 , -88,09771 , 94
1,112649 , -0,02000022 , -88,00267 , 94,02
1,093348 , -0,02000004 , -87,90691 , 94,04
1,073616 , -0,02000004 , -87,81049 , 94,06
1,053478 , -0,02000004 , -87,7135 , 94,07999
1,032952 , -0,02000004 , -87,61599 , 94,1
1,012057 , -0,02000016 , -87,51802 , 94,12
0,9908113 , -0,01999998 , -87,41965 , 94,14
0,9692296 , -0,01999998 , -87,32092 , 94,16
0,9473272 , -0,01999998 , -87,22186 , 94,18
0,9251176 , -0,01999998 , -87,12253 , 94,2
0,9026136 , -0,0200001 , -87,02295 , 94,22
0,8798271 , -0,02000004 , -86,92315 , 94,24
0,8567691 , -0,02000004 , -86,82316 , 94,25999
0,83345 , -0,02000004 , -86,72301 , 94,28
0,8098795 , -0,02000004 , -86,62271 , 94,3
0,7860314 , -0,02000004 , -86,5223 , 94,32
0,7618636 , -0,02000004 , -86,42181 , 94,34
0,737393 , -0,02000004 , -86,32125 , 94,36
0,7126349 , -0,02000004 , -86,22063 , 94,38
0,6876034 , -0,02000004 , -86,11997 , 94,4
0,6623114 , -0,01999998 , -86,01928 , 94,42
0,636771 , -0,01999998 , -85,91856 , 94,43999
0,610993 , -0,01999998 , -85,81781 , 94,46
0,5849876 , -0,01999998 , -85,71705 , 94,48
0,5587642 , -0,01999998 , -85,61628 , 94,5
0,5323315 , -0,0200001 , -85,51551 , 94,52
0,5056977 , -0,02000004 , -85,41474 , 94,54
0,4788702 , -0,02000022 , -85,31398 , 94,56
0,4518563 , -0,02000016 , -85,21323 , 94,57999
0,4246626 , -0,01999998 , -85,11249 , 94,6
0,397295 , -0,01999998 , -85,01176 , 94,62
0,3697596 , -0,0200001 , -84,91106 , 94,64
0,3420619 , -0,02000004 , -84,81037 , 94,66
0,314207 , -0,02000004 , -84,70971 , 94,68
0,2861998 , -0,02000004 , -84,60907 , 94,7
0,258045 , -0,02000004 , -84,50845 , 94,72
0,2297472 , -0,02000004 , -84,40786 , 94,74
0,2013104 , -0,02000004 , -84,3073 , 94,75999
0,1727388 , -0,02000004 , -84,20676 , 94,78
0,1440362 , -0,02000004 , -84,10625 , 94,8
0,1152062 , -0,02000004 , -84,00577 , 94,82
0,08625237 , -0,02000016 , -83,90532 , 94,84
0,05717815 , -0,0200001 , -83,8049 , 94,86
0,02798675 , -0,0200001 , -83,70451 , 94,88
-0,001318699 , -0,02000004 , -83,60414 , 94,9
-0,03073524 , -0,02000004 , -83,50381 , 94,92
-0,06025993 , -0,02000004 , -83,4035 , 94,93999
-0,08989005 , -0,02000016 , -83,30323 , 94,96
-0,1196228 , -0,0200001 , -83,20299 , 94,98
-0,1494556 , -0,02000004 , -83,10278 , 95
-0,179386 , -0,02000004 , -83,00259 , 95,02
-0,2094115 , -0,02000004 , -82,90244 , 95,04
-0,2395298 , -0,02000004 , -82,80231 , 95,06
-0,2697385 , -0,02000016 , -82,70221 , 95,07999
-0,3000353 , -0,01999998 , -82,60213 , 95,1
-0,3304182 , -0,01999998 , -82,50209 , 95,12
-0,3608852 , -0,01999998 , -82,40208 , 95,14
-0,3914343 , -0,0200001 , -82,30209 , 95,16
-0,4220633 , -0,02000004 , -82,20213 , 95,18
-0,4527185 , -0,02000004 , -82,10217 , 95,2
-0,4834033 , -0,02000004 , -82,00223 , 95,22
-0,5140685 , -0,02000022 , -81,90227 , 95,24
-0,5445111 , -0,02000016 , -81,80223 , 95,25999
-0,5745451 , -0,01999998 , -81,70206 , 95,28
-0,6041089 , -0,01999998 , -81,60172 , 95,3
-0,6332 , -0,01999998 , -81,50123 , 95,32
-0,66187 , -0,0200001 , -81,4006 , 95,34
-0,6901641 , -0,0200001 , -81,29984 , 95,36
-0,718068 , -0,0200001 , -81,19896 , 95,38
-0,7455677 , -0,0200001 , -81,09795 , 95,4
-0,7725267 , -0,02000022 , -80,99677 , 95,42
-0,7988217 , -0,02000004 , -80,89539 , 95,43999
-0,8243532 , -0,02000004 , -80,79379 , 95,46
-0,8490191 , -0,02000004 , -80,69195 , 95,48
-0,8727927 , -0,02000004 , -80,58987 , 95,5
-0,8957046 , -0,02000004 , -80,48756 , 95,52
-0,9176524 , -0,02000004 , -80,385 , 95,54
-0,9384969 , -0,02000004 , -80,28219 , 95,56
-0,9579965 , -0,02000004 , -80,17908 , 95,57999
-0,9758283 , -0,02000022 , -80,07567 , 95,6
-0,9914824 , -0,02000004 , -79,97192 , 95,62
-1,004588 , -0,02000004 , -79,86787 , 95,64
-1,01482 , -0,01999998 , -79,76357 , 95,66
-1,022048 , -0,02000016 , -79,65908 , 95,68
-1,026212 , -0,01999998 , -79,55445 , 95,7
-1,027578 , -0,0200001 , -79,44975 , 95,72
-1,027015 , -0,02000004 , -79,34502 , 95,74
-1,0251 , -0,02000016 , -79,2403 , 95,75999
-1,0218 , -0,02000016 , -79,13563 , 95,78
-1,016877 , -0,0200001 , -79,03109 , 95,8
-1,010123 , -0,0200001 , -78,92677 , 95,82
-1,001355 , -0,02000004 , -78,82275 , 95,84
-0,9905912 , -0,02000004 , -78,71908 , 95,86
-0,9779558 , -0,02000004 , -78,61573 , 95,88
-0,9635161 , -0,02000004 , -78,51273 , 95,9
-0,9472248 , -0,02000004 , -78,41011 , 95,92
-0,9290647 , -0,02000004 , -78,30792 , 95,93999
-0,9135681 , -0,02000004 , -78,2168 , 95,96
-0,9004688 , -0,02000004 , -78,13564 , 95,98
-0,889527 , -0,02000004 , -78,06345 , 96
-0,880527 , -0,02000004 , -77,99931 , 96,02
-0,8732746 , -0,02000004 , -77,94244 , 96,04
-0,867595 , -0,02000004 , -77,89211 , 96,06
-0,8633309 , -0,02000004 , -77,84766 , 96,07999
-0,8603408 , -0,02000004 , -77,80849 , 96,1
-0,8584352 , -0,02000004 , -77,7741 , 96,12
-0,8572207 , -0,02000004 , -77,744 , 96,14
-0,8564467 , -0,02000004 , -77,71774 , 96,16
-0,8559533 , -0,02000004 , -77,69496 , 96,18
-0,8556389 , -0,02000004 , -77,67531 , 96,2
-0,8554385 , -0,02000004 , -77,65847 , 96,22
-0,8553108 , -0,02000004 , -77,64416 , 96,24
-0,8552294 , -0,02000004 , -77,63213 , 96,25999
-0,8551775 , -0,02000004 , -77,62215 , 96,28
-0,8551444 , -0,02000004 , -77,61402 , 96,3
-0,8551233 , -0,02000004 , -77,60755 , 96,32
-0,8551099 , -0,02000004 , -77,60258 , 96,34
-0,8551013 , -0,02000004 , -77,59895 , 96,36
-0,8550959 , -0,02000004 , -77,59653 , 96,38
-0,8550924 , -0,02000004 , -77,59499 , 96,4
-0,8550912 , -0,02000004 , -77,59444 , 96,42
-0,8550898 , -0,02000004 , -77,59382 , 96,43999
-0,8550893 , -0,02000004 , -77,5936 , 96,46
-0,8550893 , -0,02000004 , -77,5936 , 96,48
-0,8550895 , -0,02000004 , -77,59368 , 96,5
-0,8550897 , -0,02000004 , -77,5938 , 96,52
-0,85509 , -0,02000004 , -77,59393 , 96,54
-0,8550903 , -0,02000004 , -77,59403 , 96,56
-0,8550905 , -0,02000004 , -77,59412 , 96,57999
-0,8550907 , -0,02000004 , -77,5942 , 96,6
-0,8550907 , -0,02000004 , -77,5942 , 96,62
-0,8550907 , -0,02000004 , -77,5942 , 96,64
-0,8550907 , -0,02000004 , -77,5942 , 96,66
-0,8550907 , -0,02000004 , -77,5942 , 96,68
-0,8550907 , -0,02000004 , -77,5942 , 96,7
-0,8550907 , -0,02000004 , -77,5942 , 96,72
-0,8550907 , -0,02000004 , -77,5942 , 96,74
-0,8550907 , -0,02000004 , -77,5942 , 96,75999
-0,8550907 , -0,02000004 , -77,5942 , 96,78
-0,8550907 , -0,02000004 , -77,5942 , 96,8
-0,8550907 , -0,02000004 , -77,5942 , 96,82
-0,8654376 , -0,02000016 , -77,59225 , 96,84
-0,8850968 , -0,0200001 , -77,5886 , 96,86
-0,9131418 , -0,02000004 , -77,58343 , 96,88
-0,948742 , -0,02000004 , -77,57692 , 96,9
-0,9911529 , -0,02000004 , -77,56926 , 96,92
-1,039703 , -0,02000004 , -77,5606 , 96,93999
-1,09379 , -0,01999998 , -77,55109 , 96,96
-1,152873 , -0,01999998 , -77,54089 , 96,98
-1,216467 , -0,01999998 , -77,53011 , 97
-1,284133 , -0,0200001 , -77,51887 , 97,02
-1,35548 , -0,02000004 , -77,50729 , 97,04
-1,430151 , -0,02000004 , -77,49548 , 97,06
-1,50782 , -0,02000004 , -77,48347 , 97,07999
-1,588172 , -0,02000004 , -77,47123 , 97,1
-1,670931 , -0,02000004 , -77,45872 , 97,12
-1,75583 , -0,02000004 , -77,44585 , 97,14
-1,842585 , -0,02000004 , -77,43237 , 97,16
-1,930923 , -0,02000004 , -77,41798 , 97,18
-2,02058 , -0,02000004 , -77,40243 , 97,2
-2,111289 , -0,02000004 , -77,38543 , 97,22
-2,202874 , -0,02000004 , -77,36693 , 97,24
-2,295191 , -0,02000004 , -77,34693 , 97,25999
-2,388135 , -0,02000004 , -77,32551 , 97,28
-2,481649 , -0,02000004 , -77,30281 , 97,3
-2,575694 , -0,02000004 , -77,27901 , 97,32
-2,670246 , -0,02000004 , -77,25431 , 97,34
-2,765282 , -0,02000004 , -77,22886 , 97,36
-2,860781 , -0,02000004 , -77,2028 , 97,38
-2,956721 , -0,02000004 , -77,17628 , 97,4
-3,053082 , -0,02000016 , -77,14939 , 97,42
-3,149844 , -0,0200001 , -77,12225 , 97,43999
-3,246986 , -0,02000004 , -77,09492 , 97,46
-3,344492 , -0,02000004 , -77,0675 , 97,48
-3,442343 , -0,02000004 , -77,04005 , 97,5
-3,54053 , -0,02000004 , -77,01263 , 97,52
-3,638971 , -0,02000004 , -76,98512 , 97,54
-3,737541 , -0,01999998 , -76,95723 , 97,56
-3,836058 , -0,01999998 , -76,92857 , 97,57999
-3,934254 , -0,0200001 , -76,8986 , 97,6
-4,03188 , -0,02000004 , -76,86691 , 97,62
-4,128759 , -0,02000004 , -76,83327 , 97,64
-4,224696 , -0,02000004 , -76,79745 , 97,66
-4,319628 , -0,02000004 , -76,75944 , 97,68
-4,413605 , -0,02000004 , -76,71938 , 97,7
-4,506719 , -0,02000004 , -76,67747 , 97,72
-4,59907 , -0,02000004 , -76,63392 , 97,74
-4,690746 , -0,02000004 , -76,58891 , 97,75999
-4,781823 , -0,02000004 , -76,5426 , 97,78
-4,872369 , -0,02000004 , -76,49513 , 97,8
-4,962443 , -0,02000004 , -76,44662 , 97,82
-5,052098 , -0,02000016 , -76,39719 , 97,84
-5,141377 , -0,02000016 , -76,34693 , 97,86
-5,230377 , -0,02000016 , -76,29601 , 97,88
-5,319199 , -0,02000016 , -76,24459 , 97,9
-5,407944 , -0,01999998 , -76,19287 , 97,92
-5,496639 , -0,01999998 , -76,14089 , 97,93999
-5,585287 , -0,0200001 , -76,08868 , 97,96
-5,673894 , -0,0200001 , -76,03627 , 97,98
-5,762463 , -0,02000004 , -75,98367 , 98
-5,850998 , -0,02000004 , -75,93091 , 98,02
-5,939502 , -0,01999998 , -75,87799 , 98,04
-6,027977 , -0,0200001 , -75,82494 , 98,06
-6,116426 , -0,02000004 , -75,77176 , 98,07999
-6,204851 , -0,01999998 , -75,71847 , 98,1
-6,293252 , -0,01999998 , -75,66508 , 98,12
-6,381633 , -0,01999998 , -75,6116 , 98,14
-6,469994 , -0,01999998 , -75,55803 , 98,16
-6,558336 , -0,0200001 , -75,50438 , 98,18
-6,646661 , -0,0200001 , -75,45066 , 98,2
-6,734969 , -0,0200001 , -75,39687 , 98,22
-6,823261 , -0,0200001 , -75,34303 , 98,24
-6,911538 , -0,02000004 , -75,28912 , 98,25999
-6,9998 , -0,02000004 , -75,23517 , 98,28
-7,088048 , -0,02000004 , -75,18117 , 98,3
-7,176283 , -0,02000004 , -75,12712 , 98,32
-7,264505 , -0,02000004 , -75,07304 , 98,34
-7,352714 , -0,02000004 , -75,01891 , 98,36
-7,440911 , -0,02000004 , -74,96475 , 98,38
-7,529097 , -0,02000004 , -74,91056 , 98,4
-7,61727 , -0,01999998 , -74,85634 , 98,42
-7,705433 , -0,01999998 , -74,80209 , 98,43999
-7,793584 , -0,01999998 , -74,7478 , 98,46
-7,88166 , -0,02000016 , -74,6934 , 98,48
-7,969634 , -0,0200001 , -74,63882 , 98,5
-8,057498 , -0,02000004 , -74,58408 , 98,52
-8,145247 , -0,02000004 , -74,52916 , 98,54
-8,232875 , -0,02000004 , -74,47405 , 98,56
-8,320392 , -0,02000004 , -74,41877 , 98,57999
-8,407808 , -0,02000016 , -74,36333 , 98,6
-8,495132 , -0,01999998 , -74,30775 , 98,62
-8,582373 , -0,01999998 , -74,25204 , 98,64
-8,669535 , -0,0200001 , -74,19622 , 98,66
-8,756626 , -0,02000004 , -74,14028 , 98,68
-8,843652 , -0,02000016 , -74,08424 , 98,7
-8,930616 , -0,0200001 , -74,02811 , 98,72
-9,017525 , -0,02000004 , -73,9719 , 98,74
-9,104381 , -0,02000022 , -73,9156 , 98,75999
-9,191255 , -0,02000022 , -73,85933 , 98,78
-9,278271 , -0,02000016 , -73,80327 , 98,8
-9,365489 , -0,01999998 , -73,74751 , 98,82
-9,45293 , -0,01999998 , -73,6921 , 98,84
-9,540627 , -0,01999998 , -73,63708 , 98,86
-9,628622 , -0,01999998 , -73,58254 , 98,88
-9,716951 , -0,0200001 , -73,52853 , 98,9
-9,805739 , -0,0200001 , -73,4753 , 98,92
-9,895068 , -0,0200001 , -73,42299 , 98,93999
-9,985111 , -0,02000004 , -73,37199 , 98,96
-10,07598 , -0,01999998 , -73,32261 , 98,98
-10,16774 , -0,01999998 , -73,27504 , 99
-10,26041 , -0,01999998 , -73,22945 , 99,02
-10,354 , -0,01999998 , -73,1859 , 99,04
-10,44848 , -0,01999998 , -73,14445 , 99,06
-10,5439 , -0,0200001 , -73,10542 , 99,07999
-10,64027 , -0,02000004 , -73,06905 , 99,1
-10,73756 , -0,02000004 , -73,0355 , 99,12
-10,83575 , -0,02000004 , -73,00509 , 99,14
-10,93478 , -0,02000004 , -72,97797 , 99,16
-11,03459 , -0,02000004 , -72,95428 , 99,18
-11,1351 , -0,02000004 , -72,93404 , 99,2
-11,23622 , -0,02000004 , -72,91711 , 99,22
-11,33789 , -0,02000004 , -72,90346 , 99,24
-11,44004 , -0,01999998 , -72,89285 , 99,25999
-11,53244 , -0,01999998 , -72,89699 , 99,28
-11,61347 , -0,01999998 , -72,91069 , 99,3
-11,68997 , -0,0200001 , -72,92552 , 99,32
-11,76336 , -0,02000004 , -72,94014 , 99,34
-11,83419 , -0,02000004 , -72,95432 , 99,36
-11,90279 , -0,02000004 , -72,96806 , 99,38
-11,96944 , -0,02000004 , -72,98143 , 99,4
-12,03438 , -0,01999998 , -72,99445 , 99,42
-12,09779 , -0,01999998 , -73,00716 , 99,43999
-12,15985 , -0,01999998 , -73,01961 , 99,46
-12,22073 , -0,01999998 , -73,03181 , 99,48
-12,28053 , -0,01999998 , -73,0438 , 99,5
-12,33937 , -0,0200001 , -73,05561 , 99,52
-12,39736 , -0,0200001 , -73,06729 , 99,54
-12,45457 , -0,02000004 , -73,07887 , 99,56
-12,51112 , -0,02000004 , -73,09033 , 99,57999
-12,56707 , -0,02000004 , -73,10167 , 99,6
-12,62249 , -0,02000004 , -73,11288 , 99,62
-12,67743 , -0,02000004 , -73,12399 , 99,64
-12,73197 , -0,02000004 , -73,13495 , 99,66
-12,78615 , -0,02000004 , -73,14577 , 99,68
-12,83999 , -0,02000004 , -73,15648 , 99,7
-12,8935 , -0,02000004 , -73,1671 , 99,72
-12,94666 , -0,02000004 , -73,17767 , 99,74
-12,99952 , -0,01999998 , -73,18819 , 99,75999
-13,05209 , -0,0200001 , -73,19865 , 99,78
-13,10442 , -0,02000004 , -73,20903 , 99,8
-13,15642 , -0,01999998 , -73,21942 , 99,82
-13,20815 , -0,01999998 , -73,22978 , 99,84
-13,25964 , -0,0200001 , -73,2401 , 99,86
-13,3109 , -0,0200001 , -73,25038 , 99,88
-13,36195 , -0,02000004 , -73,26062 , 99,9
-13,4128 , -0,02000004 , -73,27081 , 99,92
-13,46345 , -0,02000004 , -73,28097 , 99,93999
-13,5139 , -0,02000004 , -73,29108 , 99,96
-13,56411 , -0,02000004 , -73,30116 , 99,98
-13,61404 , -0,02000004 , -73,31116 , 100
-13,66362 , -0,02000004 , -73,32111 , 100,02
-13,71276 , -0,02000004 , -73,33096 , 100,04
-13,76132 , -0,02000004 , -73,34069 , 100,06
-13,80925 , -0,02000004 , -73,3503 , 100,08
-13,85647 , -0,02000004 , -73,35977 , 100,1
-13,90293 , -0,02000004 , -73,36909 , 100,12
-13,94867 , -0,01999998 , -73,37826 , 100,14
-13,99372 , -0,0200001 , -73,38729 , 100,16
-14,03815 , -0,0200001 , -73,39619 , 100,18
-14,08196 , -0,0200001 , -73,40498 , 100,2
-14,12514 , -0,02000004 , -73,41364 , 100,22
-14,16768 , -0,02000004 , -73,42216 , 100,24
-14,2095 , -0,02000004 , -73,43055 , 100,26
-14,25057 , -0,02000016 , -73,43878 , 100,28
-14,29085 , -0,0200001 , -73,44686 , 100,3
-14,33033 , -0,02000004 , -73,45477 , 100,32
-14,36894 , -0,02000004 , -73,46252 , 100,34
-14,4066 , -0,02000004 , -73,47007 , 100,36
-14,44315 , -0,02000004 , -73,47739 , 100,38
-14,47846 , -0,01999998 , -73,48447 , 100,4
-14,51218 , -0,01999998 , -73,49123 , 100,42
-14,54397 , -0,01999998 , -73,4976 , 100,44
-14,57361 , -0,02000016 , -73,50356 , 100,46
-14,60094 , -0,02000016 , -73,50903 , 100,48
-14,62588 , -0,0200001 , -73,51403 , 100,5
-14,6485 , -0,0200001 , -73,51857 , 100,52
-14,66895 , -0,0200001 , -73,52267 , 100,54
-14,68743 , -0,02000004 , -73,52637 , 100,56
-14,7041 , -0,02000004 , -73,52972 , 100,58
-14,71912 , -0,02000004 , -73,53272 , 100,6
-14,73262 , -0,02000016 , -73,53543 , 100,62
-14,74474 , -0,02000016 , -73,53786 , 100,64
-14,75557 , -0,02000016 , -73,54003 , 100,66
-14,76522 , -0,02000016 , -73,54197 , 100,68
-14,77376 , -0,02000016 , -73,54368 , 100,7
-14,78119 , -0,01999998 , -73,54517 , 100,72
-14,78748 , -0,02000016 , -73,54643 , 100,74
-14,79264 , -0,01999998 , -73,54746 , 100,76
-14,79681 , -0,02000016 , -73,54836 , 100,78
-14,80051 , -0,0200001 , -73,54913 , 100,8
-14,80391 , -0,02000004 , -73,54984 , 100,82
-14,80709 , -0,02000016 , -73,55049 , 100,84
-14,81014 , -0,02000016 , -73,55111 , 100,86
-14,81309 , -0,01999998 , -73,55171 , 100,88
-14,81603 , -0,02000016 , -73,55231 , 100,9
-14,819 , -0,01999998 , -73,5529 , 100,92
-14,82201 , -0,01999998 , -73,5535 , 100,94
-14,82505 , -0,0200001 , -73,55412 , 100,96
-14,82811 , -0,0200001 , -73,55473 , 100,98
-14,83119 , -0,0200001 , -73,55534 , 101
-14,83426 , -0,0200001 , -73,55596 , 101,02
-14,83672 , -0,0200001 , -73,55653 , 101,04
-14,8384 , -0,0200001 , -73,55694 , 101,06
-14,83943 , -0,0200001 , -73,55721 , 101,08
-14,8401 , -0,0200001 , -73,55738 , 101,1
-14,84034 , -0,0200001 , -73,55743 , 101,12
-14,84034 , -0,0200001 , -73,55743 , 101,14
-14,84025 , -0,0200001 , -73,55741 , 101,16
-14,84012 , -0,0200001 , -73,55739 , 101,18
-14,83998 , -0,0200001 , -73,55736 , 101,2
-14,83986 , -0,0200001 , -73,55733 , 101,22
-14,83976 , -0,0200001 , -73,55731 , 101,24
-14,83967 , -0,0200001 , -73,5573 , 101,26
-14,83961 , -0,0200001 , -73,55728 , 101,28
-14,83955 , -0,0200001 , -73,55727 , 101,3
-14,83952 , -0,0200001 , -73,55727 , 101,32
-14,83949 , -0,0200001 , -73,55726 , 101,34
-14,83947 , -0,0200001 , -73,55726 , 101,36
-14,83946 , -0,0200001 , -73,55725 , 101,38
-14,83945 , -0,0200001 , -73,55725 , 101,4
-14,83945 , -0,0200001 , -73,55725 , 101,42
-14,83945 , -0,0200001 , -73,55725 , 101,44
-14,83945 , -0,0200001 , -73,55725 , 101,46
-14,83945 , -0,0200001 , -73,55725 , 101,48
-14,83945 , -0,0200001 , -73,55725 , 101,5
-14,83945 , -0,0200001 , -73,55725 , 101,52
-14,83945 , -0,0200001 , -73,55725 , 101,54
-14,83945 , -0,0200001 , -73,55725 , 101,56
-14,83945 , -0,0200001 , -73,55725 , 101,58
-14,83945 , -0,0200001 , -73,55725 , 101,6
-14,83945 , -0,0200001 , -73,55725 , 101,62
-14,83945 , -0,0200001 , -73,55725 , 101,64
-14,83945 , -0,0200001 , -73,55725 , 101,66
-14,83945 , -0,0200001 , -73,55725 , 101,68
-14,83945 , -0,0200001 , -73,55725 , 101,7
-14,83987 , -0,0200001 , -73,55735 , 101,72
-14,84364 , -0,0200001 , -73,55791 , 101,74
-14,84406 , -0,02000022 , -73,55811 , 101,76
-14,84746 , -0,02000004 , -73,55864 , 101,78
-14,84761 , -0,01999998 , -73,55881 , 101,8
-14,84757 , -0,01999998 , -73,55882 , 101,82
-14,84726 , -0,0200001 , -73,55875 , 101,84
-14,84675 , -0,0200001 , -73,55865 , 101,86
-14,8471 , -0,0200001 , -73,55876 , 101,88
-14,84569 , -0,02000004 , -73,55853 , 101,9
-14,844 , -0,02000004 , -73,55827 , 101,92
-14,84192 , -0,02000004 , -73,55792 , 101,94
-14,83931 , -0,02000004 , -73,55744 , 101,96
-14,83593 , -0,02000004 , -73,55679 , 101,98
-14,83125 , -0,02000004 , -73,55594 , 102
-14,82418 , -0,02000004 , -73,5546 , 102,02
-14,8136 , -0,02000004 , -73,55249 , 102,04
-14,79889 , -0,01999998 , -73,54955 , 102,06
-14,7803 , -0,0200001 , -73,54639 , 102,08
-14,75824 , -0,01999992 , -73,54334 , 102,1
-14,73307 , -0,01999992 , -73,54037 , 102,12
-14,7051 , -0,01999992 , -73,53752 , 102,14
-14,67459 , -0,0200001 , -73,53479 , 102,16
-14,64181 , -0,02000004 , -73,53219 , 102,18
-14,60697 , -0,01999998 , -73,52972 , 102,2
-14,57029 , -0,01999998 , -73,52742 , 102,22
-14,53194 , -0,01999998 , -73,52528 , 102,24
-14,48675 , -0,0200001 , -73,52329 , 102,26
-14,44693 , -0,0200001 , -73,52203 , 102,28
-14,41193 , -0,0200001 , -73,52122 , 102,3
-14,38129 , -0,0200001 , -73,5207 , 102,32
-14,35455 , -0,0200001 , -73,52037 , 102,34
-14,33134 , -0,0200001 , -73,52016 , 102,36
-14,31129 , -0,0200001 , -73,52003 , 102,38
-14,2941 , -0,0200001 , -73,51995 , 102,4
-14,27948 , -0,0200001 , -73,5199 , 102,42
-14,26716 , -0,0200001 , -73,51986 , 102,44
-14,25692 , -0,0200001 , -73,51984 , 102,46
