Min X value: -65
Min Y value: -14,1249
Min Z value: -105,0925
Max X value: 66,50088
Max Y value: 14,90855
Max Z value: 105
Key: charpos in X , Y , Z , Time since start capture
0 , 0 , -95 , 273,08
0 , -0,003531575 , -95 , 273,1
0 , -0,0109126 , -95 , 273,12
4,816125E-11 , -0,01818258 , -95 , 273,14
1,712832E-10 , -0,01963657 , -95 , 273,16
2,663886E-10 , -0,01992738 , -95 , 273,18
3,289422E-10 , -0,0199855 , -95 , 273,2
3,681617E-10 , -0,01999712 , -95 , 273,22
3,92262E-10 , -0,01999944 , -95 , 273,24
4,068762E-10 , -0,01999992 , -95 , 273,26
4,156258E-10 , -0,02000004 , -95 , 273,28
4,207852E-10 , -0,02000004 , -95 , 273,3
4,237673E-10 , -0,02000004 , -95 , 273,32
4,254448E-10 , -0,02000004 , -95 , 273,34
4,263516E-10 , -0,02000004 , -95 , 273,36
4,268116E-10 , -0,02000004 , -95 , 273,38
4,270194E-10 , -0,02000004 , -95 , 273,4
4,2709E-10 , -0,02000004 , -95 , 273,42
4,270903E-10 , -0,02000004 , -95 , 273,44
4,270583E-10 , -0,02000004 , -95 , 273,46
4,270146E-10 , -0,02000004 , -95 , 273,48
4,270146E-10 , -0,02000004 , -95 , 273,5
4,270146E-10 , -0,02000004 , -95 , 273,52
4,270146E-10 , -0,02000004 , -95 , 273,54
4,270146E-10 , -0,02000004 , -95 , 273,56
4,270146E-10 , -0,02000004 , -95 , 273,58
4,270146E-10 , -0,02000004 , -95 , 273,6
4,270146E-10 , -0,02000004 , -95 , 273,62
4,270146E-10 , -0,02000004 , -95 , 273,64
4,270146E-10 , -0,02000004 , -95 , 273,66
4,270146E-10 , -0,02000004 , -95 , 273,68
4,270146E-10 , -0,02000004 , -95 , 273,7
4,270146E-10 , -0,02000004 , -95 , 273,72
4,270146E-10 , -0,02000004 , -95 , 273,74
4,270146E-10 , -0,02000004 , -95 , 273,76
4,270146E-10 , -0,02000004 , -95 , 273,78
4,270146E-10 , -0,02000004 , -95 , 273,8
4,270146E-10 , -0,02000004 , -95 , 273,82
4,270146E-10 , -0,02000004 , -95 , 273,84
4,270146E-10 , -0,02000004 , -95 , 273,86
4,270146E-10 , -0,02000004 , -95 , 273,88
4,270146E-10 , -0,02000004 , -95 , 273,9
4,270146E-10 , -0,02000004 , -95 , 273,92
4,270146E-10 , -0,02000004 , -95 , 273,94
4,270146E-10 , -0,02000004 , -95 , 273,96
4,270146E-10 , -0,02000004 , -95 , 273,98
4,270146E-10 , -0,02000004 , -95 , 274
4,270146E-10 , -0,02000004 , -95 , 274,02
4,270146E-10 , -0,02000004 , -95 , 274,04
4,270146E-10 , -0,02000004 , -95 , 274,06
4,270146E-10 , -0,02000004 , -95 , 274,08
4,270146E-10 , -0,02000004 , -95 , 274,1
4,270146E-10 , -0,02000004 , -95 , 274,12
4,270146E-10 , -0,02000004 , -95 , 274,14
4,270146E-10 , -0,02000004 , -95 , 274,16
4,270146E-10 , -0,02000004 , -95 , 274,18
4,270146E-10 , -0,02000004 , -95 , 274,2
4,270146E-10 , -0,02000004 , -95 , 274,22
4,270146E-10 , -0,02000004 , -95 , 274,24
4,270146E-10 , -0,02000004 , -95 , 274,26
4,270146E-10 , -0,02000004 , -95 , 274,28
4,270146E-10 , -0,02000004 , -95 , 274,3
4,270146E-10 , -0,02000004 , -95 , 274,32
4,270146E-10 , -0,02000004 , -95 , 274,34
4,270146E-10 , -0,02000004 , -95 , 274,36
4,270146E-10 , -0,02000004 , -95 , 274,38
4,270146E-10 , -0,02000004 , -95 , 274,4
4,270146E-10 , -0,02000004 , -95 , 274,42
4,270146E-10 , -0,02000004 , -95 , 274,44
4,270146E-10 , -0,02000004 , -95 , 274,46
4,270146E-10 , -0,02000004 , -95 , 274,48
4,270146E-10 , -0,02000004 , -95 , 274,5
4,270146E-10 , -0,02000004 , -95 , 274,52
4,270146E-10 , -0,02000004 , -95 , 274,54
4,270146E-10 , -0,02000004 , -95 , 274,56
4,270146E-10 , -0,02000004 , -95 , 274,58
4,270146E-10 , -0,02000004 , -95 , 274,6
4,270146E-10 , -0,02000004 , -95 , 274,62
4,270146E-10 , -0,02000004 , -95 , 274,64
4,270146E-10 , -0,02000004 , -95 , 274,66
4,270146E-10 , -0,02000004 , -95 , 274,68
4,270146E-10 , -0,02000004 , -95 , 274,7
4,270146E-10 , -0,02000004 , -95 , 274,72
4,270146E-10 , -0,02000004 , -95 , 274,74
4,270146E-10 , -0,02000004 , -95 , 274,76
4,270146E-10 , -0,02000004 , -95 , 274,78
4,270146E-10 , -0,02000004 , -95 , 274,8
4,270146E-10 , -0,02000004 , -95 , 274,82
4,270146E-10 , -0,02000004 , -95 , 274,84
4,270146E-10 , -0,02000004 , -95 , 274,86
4,270146E-10 , -0,02000004 , -95 , 274,88
4,270146E-10 , -0,02000004 , -95 , 274,9
4,270146E-10 , -0,02000004 , -95 , 274,92
4,270146E-10 , -0,02000004 , -95 , 274,94
4,270146E-10 , -0,02000004 , -95 , 274,96
4,270146E-10 , -0,02000004 , -95 , 274,98
4,270146E-10 , -0,02000004 , -95 , 275
4,270146E-10 , -0,02000004 , -95 , 275,02
4,270146E-10 , -0,02000004 , -95 , 275,04
4,270146E-10 , -0,02000004 , -95 , 275,06
4,270146E-10 , -0,02000004 , -95 , 275,08
4,270146E-10 , -0,02000004 , -95 , 275,1
4,270146E-10 , -0,02000004 , -95 , 275,12
4,270146E-10 , -0,02000004 , -95 , 275,14
4,270146E-10 , -0,02000004 , -95 , 275,16
4,270146E-10 , -0,02000004 , -95 , 275,18
4,270146E-10 , -0,02000004 , -95 , 275,2
4,270146E-10 , -0,02000004 , -95 , 275,22
4,270146E-10 , -0,02000004 , -95 , 275,24
4,270146E-10 , -0,02000004 , -95 , 275,26
4,270146E-10 , -0,02000004 , -95 , 275,28
4,270146E-10 , -0,02000004 , -95 , 275,3
4,270146E-10 , -0,02000004 , -95 , 275,32
4,270146E-10 , -0,02000004 , -95 , 275,34
4,270146E-10 , -0,02000004 , -95 , 275,36
4,270146E-10 , -0,02000004 , -95 , 275,38
4,270146E-10 , -0,02000004 , -95 , 275,4
4,270146E-10 , -0,02000004 , -95 , 275,42
4,270146E-10 , -0,02000004 , -95 , 275,44
4,270146E-10 , -0,02000004 , -95 , 275,46
4,270146E-10 , -0,02000004 , -95 , 275,48
4,270146E-10 , -0,02000004 , -95 , 275,5
4,270146E-10 , -0,02000004 , -95 , 275,52
4,270146E-10 , -0,02000004 , -95 , 275,54
4,270146E-10 , -0,02000004 , -95 , 275,56
4,270146E-10 , -0,02000004 , -95 , 275,58
4,270146E-10 , -0,02000004 , -95 , 275,6
4,270146E-10 , -0,02000004 , -95 , 275,62
4,270146E-10 , -0,02000004 , -95 , 275,64
4,270146E-10 , -0,02000004 , -95 , 275,66
4,270146E-10 , -0,02000004 , -95 , 275,68
4,270146E-10 , -0,02000004 , -95 , 275,7
4,270146E-10 , -0,02000004 , -95 , 275,72
4,270146E-10 , -0,02000004 , -95 , 275,74
4,270146E-10 , -0,02000004 , -95 , 275,76
4,270146E-10 , -0,02000004 , -95 , 275,78
4,270146E-10 , -0,02000004 , -95 , 275,8
4,270146E-10 , -0,02000004 , -95 , 275,82
4,270146E-10 , -0,02000004 , -95 , 275,84
4,270146E-10 , -0,02000004 , -95 , 275,86
4,270146E-10 , -0,02000004 , -95 , 275,88
4,270146E-10 , -0,02000004 , -95 , 275,9
4,270146E-10 , -0,02000004 , -95 , 275,92
4,270146E-10 , -0,02000004 , -95 , 275,94
4,270146E-10 , -0,02000004 , -95 , 275,96
4,270146E-10 , -0,02000004 , -95 , 275,98
4,270146E-10 , -0,02000004 , -95 , 276
4,270146E-10 , -0,02000004 , -95 , 276,02
4,270146E-10 , -0,02000004 , -95 , 276,04
4,270146E-10 , -0,02000004 , -95 , 276,06
4,270146E-10 , -0,02000004 , -95 , 276,08
4,270146E-10 , -0,02000004 , -95 , 276,1
4,270146E-10 , -0,02000004 , -95 , 276,12
4,270146E-10 , -0,02000004 , -95 , 276,14
4,270146E-10 , -0,02000004 , -95 , 276,16
4,270146E-10 , -0,02000004 , -95 , 276,18
4,270146E-10 , -0,02000004 , -95 , 276,2
4,270146E-10 , -0,02000004 , -95 , 276,22
4,270146E-10 , -0,02000004 , -95 , 276,24
4,270146E-10 , -0,02000004 , -95 , 276,26
4,270146E-10 , -0,02000004 , -95 , 276,28
4,270146E-10 , -0,02000004 , -95 , 276,3
4,270146E-10 , -0,02000004 , -95 , 276,32
4,270146E-10 , -0,02000004 , -95 , 276,34
4,270146E-10 , -0,02000004 , -95 , 276,36
4,270146E-10 , -0,02000004 , -95 , 276,38
4,270146E-10 , -0,02000004 , -95 , 276,4
4,270146E-10 , -0,02000004 , -95 , 276,42
4,270146E-10 , -0,02000004 , -95 , 276,44
4,270146E-10 , -0,02000004 , -95 , 276,46
4,270146E-10 , -0,02000004 , -95 , 276,48
4,270146E-10 , -0,02000004 , -95 , 276,5
4,270146E-10 , -0,02000004 , -95 , 276,52
4,270146E-10 , -0,02000004 , -95 , 276,54
4,270146E-10 , -0,02000004 , -95 , 276,56
4,270146E-10 , -0,02000004 , -95 , 276,58
4,270146E-10 , -0,02000004 , -95 , 276,6
4,270146E-10 , -0,02000004 , -95 , 276,62
4,270146E-10 , -0,02000004 , -95 , 276,64
4,270146E-10 , -0,02000004 , -95 , 276,66
4,270146E-10 , -0,02000004 , -95 , 276,68
4,270146E-10 , -0,02000004 , -95 , 276,7
4,270146E-10 , -0,02000004 , -95 , 276,72
4,270146E-10 , -0,02000004 , -95 , 276,74
4,270146E-10 , -0,02000004 , -95 , 276,76
4,270146E-10 , -0,02000004 , -95 , 276,78
4,270146E-10 , -0,02000004 , -95 , 276,8
4,270146E-10 , -0,02000004 , -95 , 276,82
4,270146E-10 , -0,02000004 , -95 , 276,84
4,270146E-10 , -0,02000004 , -95 , 276,86
4,270146E-10 , -0,02000004 , -95 , 276,88
4,270146E-10 , -0,02000004 , -95 , 276,9
4,270146E-10 , -0,02000004 , -95 , 276,92
4,270146E-10 , -0,02000004 , -95 , 276,94
4,270146E-10 , -0,02000004 , -95 , 276,96
4,270146E-10 , -0,02000004 , -95 , 276,98
4,270146E-10 , -0,02000004 , -95 , 277
4,270146E-10 , -0,02000004 , -95 , 277,02
4,270146E-10 , -0,02000004 , -95 , 277,04
4,270146E-10 , -0,02000004 , -95 , 277,06
4,270146E-10 , -0,02000004 , -95 , 277,08
4,270146E-10 , -0,02000004 , -95 , 277,1
4,270146E-10 , -0,02000004 , -95 , 277,12
4,270146E-10 , -0,02000004 , -95 , 277,14
4,270146E-10 , -0,02000004 , -95 , 277,16
4,270146E-10 , -0,02000004 , -95 , 277,18
4,270146E-10 , -0,02000004 , -95 , 277,2
4,270146E-10 , -0,02000004 , -95 , 277,22
4,270146E-10 , -0,02000004 , -95 , 277,24
4,270146E-10 , -0,02000004 , -95 , 277,26
4,270146E-10 , -0,02000004 , -95 , 277,28
4,270146E-10 , -0,02000004 , -95 , 277,3
4,270146E-10 , -0,02000004 , -95 , 277,32
4,270146E-10 , -0,02000004 , -95 , 277,34
4,270146E-10 , -0,02000004 , -95 , 277,36
4,270146E-10 , -0,02000004 , -95 , 277,38
4,270146E-10 , -0,02000004 , -95 , 277,4
4,270146E-10 , -0,02000004 , -95 , 277,42
4,270146E-10 , -0,02000004 , -95 , 277,44
4,270146E-10 , -0,02000004 , -95 , 277,46
4,270146E-10 , -0,02000004 , -95 , 277,48
4,270146E-10 , -0,02000004 , -95 , 277,5
4,270146E-10 , -0,02000004 , -95 , 277,52
4,270146E-10 , -0,02000004 , -95 , 277,54
4,270146E-10 , -0,02000004 , -95 , 277,56
4,270146E-10 , -0,02000004 , -95 , 277,58
4,270146E-10 , -0,02000004 , -95 , 277,6
4,270146E-10 , -0,02000004 , -95 , 277,62
4,270146E-10 , -0,02000004 , -95 , 277,64
4,270146E-10 , -0,02000004 , -95 , 277,66
4,270146E-10 , -0,02000004 , -95 , 277,68
4,270146E-10 , -0,02000004 , -95 , 277,7
4,270146E-10 , -0,02000004 , -95 , 277,72
4,270146E-10 , -0,02000004 , -95 , 277,74
4,270146E-10 , -0,02000004 , -95 , 277,76
4,270146E-10 , -0,02000004 , -95 , 277,78
4,270146E-10 , -0,02000004 , -95 , 277,8
4,270146E-10 , -0,02000004 , -95 , 277,82
4,270146E-10 , -0,02000004 , -95 , 277,84
4,270146E-10 , -0,02000004 , -95 , 277,86
4,270146E-10 , -0,02000004 , -95 , 277,88
4,270146E-10 , -0,02000004 , -95 , 277,9
4,270146E-10 , -0,02000004 , -95 , 277,92
4,270146E-10 , -0,02000004 , -95 , 277,94
4,270146E-10 , -0,02000004 , -95 , 277,96
4,270146E-10 , -0,02000004 , -95 , 277,98
4,270146E-10 , -0,02000004 , -95 , 278
4,270146E-10 , -0,02000004 , -95 , 278,02
4,270146E-10 , -0,02000004 , -95 , 278,04
4,270146E-10 , -0,02000004 , -95 , 278,06
4,270146E-10 , -0,02000004 , -95 , 278,08
4,270146E-10 , -0,02000004 , -95 , 278,1
4,270146E-10 , -0,02000004 , -95 , 278,12
4,270146E-10 , -0,02000004 , -95 , 278,14
4,270146E-10 , -0,02000004 , -95 , 278,16
4,270146E-10 , -0,02000004 , -95 , 278,18
4,270146E-10 , -0,02000004 , -95 , 278,2
4,270146E-10 , -0,02000004 , -95 , 278,22
4,270146E-10 , -0,02000004 , -95 , 278,24
4,270146E-10 , -0,02000004 , -95 , 278,26
4,270146E-10 , -0,02000004 , -95 , 278,28
4,270146E-10 , -0,02000004 , -95 , 278,3
4,270146E-10 , -0,02000004 , -95 , 278,32
4,270146E-10 , -0,02000004 , -95 , 278,34
4,270146E-10 , -0,02000004 , -95 , 278,36
4,270146E-10 , -0,02000004 , -95 , 278,38
4,270146E-10 , -0,02000004 , -95 , 278,4
4,270146E-10 , -0,02000004 , -95 , 278,42
4,270146E-10 , -0,02000004 , -95 , 278,44
4,270146E-10 , -0,02000004 , -95 , 278,46
4,270146E-10 , -0,02000004 , -95 , 278,48
4,270146E-10 , -0,02000004 , -95 , 278,5
4,270146E-10 , -0,02000004 , -95 , 278,52
4,270146E-10 , -0,02000004 , -95 , 278,54
4,270146E-10 , -0,02000004 , -95 , 278,56
4,270146E-10 , -0,02000004 , -95 , 278,58
4,270146E-10 , -0,02000004 , -95 , 278,6
0,004604726 , -0,02000004 , -94,99069 , 278,62
0,01284258 , -0,02000004 , -94,97275 , 278,64
0,02392679 , -0,02000004 , -94,94684 , 278,66
0,03722823 , -0,02000004 , -94,91363 , 278,68
0,05252929 , -0,02000004 , -94,87384 , 278,7
0,06964827 , -0,02000016 , -94,82815 , 278,72
0,08839533 , -0,01999998 , -94,77713 , 278,74
0,108629 , -0,0200001 , -94,72134 , 278,76
0,1302228 , -0,0200001 , -94,66125 , 278,78
0,153063 , -0,02000004 , -94,59731 , 278,8
0,1770479 , -0,02000004 , -94,5299 , 278,82
0,2020857 , -0,02000004 , -94,45939 , 278,84
0,2280942 , -0,02000004 , -94,38609 , 278,86
0,2549987 , -0,02000004 , -94,3103 , 278,88
0,2827319 , -0,02000004 , -94,23227 , 278,9
0,3112327 , -0,02000004 , -94,15223 , 278,92
0,3404457 , -0,02000004 , -94,0704 , 278,94
0,3703205 , -0,02000004 , -93,98695 , 278,96
0,4008111 , -0,02000004 , -93,90207 , 278,98
0,4318759 , -0,02000004 , -93,8159 , 279
0,4634764 , -0,02000004 , -93,72858 , 279,02
0,4955778 , -0,02000004 , -93,64024 , 279,04
0,528183 , -0,02000004 , -93,55099 , 279,06
0,5613185 , -0,02000004 , -93,46096 , 279,08
0,5949964 , -0,02000004 , -93,37026 , 279,1
0,629191 , -0,02000004 , -93,27898 , 279,12
0,6638665 , -0,01999998 , -93,18716 , 279,14
0,6989903 , -0,01999998 , -93,09489 , 279,16
0,7344502 , -0,01999998 , -93,00216 , 279,18
0,7700674 , -0,0200001 , -92,90896 , 279,2
0,8056344 , -0,0200001 , -92,81526 , 279,22
0,8409081 , -0,01999992 , -92,72102 , 279,24
0,8756364 , -0,0200001 , -92,62617 , 279,26
0,9096535 , -0,0200001 , -92,53071 , 279,28
0,9428586 , -0,02000004 , -92,43464 , 279,3
0,9751806 , -0,02000004 , -92,33798 , 279,32
1,006418 , -0,02000004 , -92,24071 , 279,34
1,036426 , -0,02000016 , -92,14281 , 279,36
1,065071 , -0,0200001 , -92,0443 , 279,38
1,092261 , -0,02000004 , -91,94519 , 279,4
1,118008 , -0,02000004 , -91,8455 , 279,42
1,142315 , -0,01999998 , -91,74528 , 279,44
1,165289 , -0,01999998 , -91,64458 , 279,46
1,18706 , -0,0200001 , -91,54343 , 279,48
1,207743 , -0,02000022 , -91,44188 , 279,5
1,227441 , -0,02000022 , -91,33997 , 279,52
1,246242 , -0,02000004 , -91,23774 , 279,54
1,264228 , -0,02000004 , -91,13521 , 279,56
1,281469 , -0,02000004 , -91,03241 , 279,58
1,298028 , -0,02000004 , -90,92937 , 279,6
1,313963 , -0,02000016 , -90,82612 , 279,62
1,329323 , -0,02000016 , -90,72266 , 279,64
1,344152 , -0,02000016 , -90,61903 , 279,66
1,35849 , -0,02000016 , -90,51522 , 279,68
1,372339 , -0,02000016 , -90,41126 , 279,7
1,385698 , -0,01999998 , -90,30715 , 279,72
1,398603 , -0,01999998 , -90,20291 , 279,74
1,411085 , -0,0200001 , -90,09854 , 279,76
1,423138 , -0,02000004 , -89,99406 , 279,78
1,434756 , -0,01999998 , -89,88946 , 279,8
1,445897 , -0,0200001 , -89,78474 , 279,82
1,456526 , -0,02000004 , -89,67992 , 279,84
1,466571 , -0,02000004 , -89,57497 , 279,86
1,476006 , -0,02000004 , -89,4699 , 279,88
1,484806 , -0,02000016 , -89,36473 , 279,9
1,492985 , -0,01999998 , -89,25945 , 279,92
1,500556 , -0,01999998 , -89,15408 , 279,94
1,507564 , -0,01999998 , -89,04861 , 279,96
1,514017 , -0,0200001 , -88,94305 , 279,98
1,519954 , -0,02000022 , -88,83741 , 280
1,525413 , -0,02000004 , -88,7317 , 280,02
1,530425 , -0,02000004 , -88,62592 , 280,04
1,535021 , -0,02000004 , -88,52009 , 280,06
1,539226 , -0,02000016 , -88,41419 , 280,08
1,543064 , -0,02000016 , -88,30824 , 280,1
1,546558 , -0,01999998 , -88,20225 , 280,12
1,549726 , -0,01999998 , -88,09621 , 280,14
1,552586 , -0,01999998 , -87,99013 , 280,16
1,555154 , -0,0200001 , -87,88401 , 280,18
1,557446 , -0,0200001 , -87,77786 , 280,2
1,559479 , -0,02000004 , -87,67168 , 280,22
1,561338 , -0,02000004 , -87,56546 , 280,24
1,563076 , -0,02000004 , -87,45922 , 280,26
1,564728 , -0,02000004 , -87,35295 , 280,28
1,566314 , -0,02000004 , -87,24666 , 280,3
1,56785 , -0,02000016 , -87,14034 , 280,32
1,569371 , -0,0200001 , -87,034 , 280,34
1,570922 , -0,02000004 , -86,92766 , 280,36
1,572509 , -0,02000004 , -86,8213 , 280,38
1,574112 , -0,02000016 , -86,71493 , 280,4
1,575716 , -0,02000016 , -86,60855 , 280,42
1,577315 , -0,01999998 , -86,50216 , 280,44
1,578904 , -0,01999998 , -86,39576 , 280,46
1,58048 , -0,0200001 , -86,28935 , 280,48
1,58204 , -0,0200001 , -86,18294 , 280,5
1,583586 , -0,02000022 , -86,07652 , 280,52
1,585115 , -0,02000016 , -85,97009 , 280,54
1,586629 , -0,0200001 , -85,86365 , 280,56
1,588128 , -0,02000004 , -85,7572 , 280,58
1,589612 , -0,02000004 , -85,65075 , 280,6
1,591081 , -0,01999998 , -85,54429 , 280,62
1,592537 , -0,0200001 , -85,43782 , 280,64
1,593978 , -0,02000004 , -85,33134 , 280,66
1,595407 , -0,02000004 , -85,22486 , 280,68
1,596823 , -0,02000004 , -85,11838 , 280,7
1,598227 , -0,02000022 , -85,01189 , 280,72
1,59962 , -0,02000004 , -84,90539 , 280,74
1,601001 , -0,02000004 , -84,79888 , 280,76
1,602373 , -0,02000022 , -84,69238 , 280,78
1,603735 , -0,02000004 , -84,58586 , 280,8
1,605088 , -0,02000016 , -84,47935 , 280,82
1,606456 , -0,02000016 , -84,37283 , 280,84
1,607905 , -0,0200001 , -84,26631 , 280,86
1,609429 , -0,02000004 , -84,15981 , 280,88
1,610998 , -0,02000004 , -84,0533 , 280,9
1,612594 , -0,02000004 , -83,9468 , 280,92
1,614203 , -0,02000004 , -83,84031 , 280,94
1,615819 , -0,02000004 , -83,73382 , 280,96
1,617437 , -0,02000016 , -83,62733 , 280,98
1,619054 , -0,02000016 , -83,52084 , 281
1,620718 , -0,01999998 , -83,41437 , 281,02
1,622437 , -0,01999998 , -83,3079 , 281,04
1,624214 , -0,02000016 , -83,20144 , 281,06
1,626051 , -0,02000016 , -83,09499 , 281,08
1,627949 , -0,02000016 , -82,98856 , 281,1
1,629912 , -0,01999998 , -82,88215 , 281,12
1,63197 , -0,02000016 , -82,77576 , 281,14
1,634148 , -0,02000016 , -82,66939 , 281,16
1,636471 , -0,02000016 , -82,56304 , 281,18
1,638998 , -0,02000016 , -82,45673 , 281,2
1,641751 , -0,0200001 , -82,35044 , 281,22
1,644723 , -0,0200001 , -82,24419 , 281,24
1,64795 , -0,02000004 , -82,13796 , 281,26
1,651471 , -0,02000004 , -82,03178 , 281,28
1,655284 , -0,02000004 , -81,92563 , 281,3
1,659428 , -0,02000004 , -81,81953 , 281,32
1,663942 , -0,02000016 , -81,71347 , 281,34
1,668816 , -0,02000016 , -81,60747 , 281,36
1,674124 , -0,02000016 , -81,50152 , 281,38
1,679854 , -0,02000016 , -81,39563 , 281,4
1,68604 , -0,02000016 , -81,2898 , 281,42
1,692722 , -0,02000016 , -81,18405 , 281,44
1,699976 , -0,01999998 , -81,07838 , 281,46
1,707875 , -0,0200001 , -80,97282 , 281,48
1,716612 , -0,02000022 , -80,86741 , 281,5
1,726329 , -0,02000016 , -80,76218 , 281,52
1,73731 , -0,0200001 , -80,6572 , 281,54
1,74992 , -0,0200001 , -80,55262 , 281,56
1,764403 , -0,02000004 , -80,44852 , 281,58
1,781027 , -0,02000004 , -80,34503 , 281,6
1,800039 , -0,02000016 , -80,2423 , 281,62
1,821653 , -0,0200001 , -80,14048 , 281,64
1,845969 , -0,02000004 , -80,03967 , 281,66
1,87305 , -0,02000004 , -79,93997 , 281,68
1,902912 , -0,02000016 , -79,84145 , 281,7
1,935491 , -0,01999998 , -79,74414 , 281,72
1,970706 , -0,01999998 , -79,64805 , 281,74
2,008481 , -0,01999998 , -79,55319 , 281,76
2,048786 , -0,01999998 , -79,45963 , 281,78
2,091551 , -0,0200001 , -79,36737 , 281,8
2,136747 , -0,01999992 , -79,27647 , 281,82
2,184415 , -0,0200001 , -79,18706 , 281,84
2,234616 , -0,01999992 , -79,09927 , 281,86
2,287357 , -0,01999992 , -79,01321 , 281,88
2,34269 , -0,02000004 , -78,92905 , 281,9
2,400623 , -0,02000004 , -78,84692 , 281,92
2,461151 , -0,02000004 , -78,76694 , 281,94
2,524309 , -0,02000004 , -78,68932 , 281,96
2,590173 , -0,02000004 , -78,61433 , 281,98
2,658844 , -0,02000004 , -78,5424 , 282
2,730434 , -0,02000004 , -78,47405 , 282,02
2,804954 , -0,02000004 , -78,40973 , 282,04
2,882293 , -0,02000004 , -78,34963 , 282,06
2,96228 , -0,02000004 , -78,29379 , 282,08
3,044723 , -0,02000004 , -78,2421 , 282,1
3,129409 , -0,02000004 , -78,19432 , 282,12
3,216128 , -0,02000004 , -78,15014 , 282,14
3,304688 , -0,02000004 , -78,10926 , 282,16
3,394917 , -0,02000004 , -78,07143 , 282,18
3,486662 , -0,02000004 , -78,03642 , 282,2
3,579782 , -0,02000004 , -78,00403 , 282,22
3,674151 , -0,02000004 , -77,97407 , 282,24
3,769656 , -0,02000004 , -77,94637 , 282,26
3,866194 , -0,02000004 , -77,9208 , 282,28
3,963671 , -0,02000004 , -77,89721 , 282,3
4,062003 , -0,02000004 , -77,87548 , 282,32
4,161114 , -0,02000004 , -77,85553 , 282,34
4,260937 , -0,02000004 , -77,83726 , 282,36
4,361412 , -0,02000004 , -77,82063 , 282,38
4,462481 , -0,02000004 , -77,80557 , 282,4
4,564093 , -0,02000004 , -77,79202 , 282,42
4,666198 , -0,02000004 , -77,77991 , 282,44
4,768754 , -0,02000004 , -77,7692 , 282,46
4,871719 , -0,02000004 , -77,7598 , 282,48
4,975055 , -0,01999998 , -77,75166 , 282,5
5,078729 , -0,01999998 , -77,74474 , 282,52
5,18271 , -0,01999998 , -77,73897 , 282,54
5,286968 , -0,01999998 , -77,73431 , 282,56
5,391478 , -0,0200001 , -77,73073 , 282,58
5,496216 , -0,0200001 , -77,72817 , 282,6
5,589632 , -0,0200001 , -77,72655 , 282,62
5,672859 , -0,0200001 , -77,72551 , 282,64
5,746916 , -0,0200001 , -77,72485 , 282,66
5,812719 , -0,0200001 , -77,72443 , 282,68
5,871095 , -0,0200001 , -77,72416 , 282,7
5,922786 , -0,0200001 , -77,72399 , 282,72
5,96846 , -0,0200001 , -77,72388 , 282,74
6,008718 , -0,0200001 , -77,72382 , 282,76
6,044104 , -0,0200001 , -77,72377 , 282,78
6,075103 , -0,0200001 , -77,72374 , 282,8
6,102155 , -0,0200001 , -77,72372 , 282,82
6,125654 , -0,0200001 , -77,72371 , 282,84
6,145956 , -0,0200001 , -77,7237 , 282,86
6,163379 , -0,0200001 , -77,72369 , 282,88
6,178213 , -0,0200001 , -77,72369 , 282,9
6,190716 , -0,0200001 , -77,72369 , 282,92
6,201121 , -0,0200001 , -77,72369 , 282,94
6,209638 , -0,0200001 , -77,72369 , 282,96
6,216455 , -0,0200001 , -77,72369 , 282,98
6,221744 , -0,0200001 , -77,72369 , 283
6,225656 , -0,0200001 , -77,72369 , 283,02
6,228329 , -0,0200001 , -77,72369 , 283,04
6,230032 , -0,0200001 , -77,72369 , 283,06
6,230718 , -0,0200001 , -77,72369 , 283,08
6,23141 , -0,0200001 , -77,72369 , 283,1
6,231649 , -0,0200001 , -77,72369 , 283,12
6,231658 , -0,0200001 , -77,72369 , 283,14
6,231563 , -0,0200001 , -77,72369 , 283,16
6,231431 , -0,0200001 , -77,72369 , 283,18
6,231296 , -0,0200001 , -77,72369 , 283,2
6,231174 , -0,0200001 , -77,72369 , 283,22
6,23107 , -0,0200001 , -77,72369 , 283,24
6,230986 , -0,0200001 , -77,72369 , 283,26
6,230986 , -0,0200001 , -77,72369 , 283,28
6,230986 , -0,0200001 , -77,72369 , 283,3
6,230986 , -0,0200001 , -77,72369 , 283,32
6,230986 , -0,0200001 , -77,72369 , 283,34
6,230986 , -0,0200001 , -77,72369 , 283,36
6,230986 , -0,0200001 , -77,72369 , 283,38
6,230986 , -0,0200001 , -77,72369 , 283,4
6,230986 , -0,0200001 , -77,72369 , 283,42
6,230986 , -0,0200001 , -77,72369 , 283,44
6,230986 , -0,0200001 , -77,72369 , 283,46
6,230986 , -0,0200001 , -77,72369 , 283,48
6,230986 , -0,0200001 , -77,72369 , 283,5
6,230986 , -0,0200001 , -77,72369 , 283,52
6,230986 , -0,0200001 , -77,72369 , 283,54
6,230986 , -0,0200001 , -77,72369 , 283,56
6,230986 , -0,0200001 , -77,72369 , 283,58
6,230986 , -0,0200001 , -77,72369 , 283,6
6,230986 , -0,0200001 , -77,72369 , 283,62
6,230986 , -0,0200001 , -77,72369 , 283,64
6,230986 , -0,0200001 , -77,72369 , 283,66
6,230986 , -0,0200001 , -77,72369 , 283,68
6,230986 , -0,0200001 , -77,72369 , 283,7
6,230986 , -0,0200001 , -77,72369 , 283,72
6,230986 , -0,0200001 , -77,72369 , 283,74
6,230986 , -0,0200001 , -77,72369 , 283,76
6,230986 , -0,0200001 , -77,72369 , 283,78
6,230986 , -0,0200001 , -77,72369 , 283,8
6,230986 , -0,0200001 , -77,72369 , 283,82
6,230986 , -0,0200001 , -77,72369 , 283,84
6,230986 , -0,0200001 , -77,72369 , 283,86
6,230986 , -0,0200001 , -77,72369 , 283,88
6,230986 , -0,0200001 , -77,72369 , 283,9
6,230986 , -0,0200001 , -77,72369 , 283,92
6,230986 , -0,0200001 , -77,72369 , 283,94
6,230986 , -0,0200001 , -77,72369 , 283,96
6,230986 , -0,0200001 , -77,72369 , 283,98
6,230986 , -0,0200001 , -77,72369 , 284
6,230986 , -0,0200001 , -77,72369 , 284,02
6,230986 , -0,0200001 , -77,72369 , 284,04
6,230986 , -0,0200001 , -77,72369 , 284,06
6,230986 , -0,0200001 , -77,72369 , 284,08
6,230986 , -0,0200001 , -77,72369 , 284,1
6,230986 , -0,0200001 , -77,72369 , 284,12
6,230986 , -0,0200001 , -77,72369 , 284,14
6,230986 , -0,0200001 , -77,72369 , 284,16
6,230986 , -0,0200001 , -77,72369 , 284,18
6,230986 , -0,0200001 , -77,72369 , 284,2
6,230986 , -0,0200001 , -77,72369 , 284,22
6,230986 , -0,0200001 , -77,72369 , 284,24
6,230986 , -0,0200001 , -77,72369 , 284,26
6,230986 , -0,0200001 , -77,72369 , 284,28
6,230986 , -0,0200001 , -77,72369 , 284,3
6,230986 , -0,0200001 , -77,72369 , 284,32
6,230986 , -0,0200001 , -77,72369 , 284,34
6,230986 , -0,0200001 , -77,72369 , 284,36
6,230986 , -0,0200001 , -77,72369 , 284,38
6,230986 , -0,0200001 , -77,72369 , 284,4
6,230986 , -0,0200001 , -77,72369 , 284,42
6,230986 , -0,0200001 , -77,72369 , 284,44
6,230986 , -0,0200001 , -77,72369 , 284,46
6,230986 , -0,0200001 , -77,72369 , 284,48
6,230986 , -0,0200001 , -77,72369 , 284,5
6,230986 , -0,0200001 , -77,72369 , 284,52
6,230986 , -0,0200001 , -77,72369 , 284,54
6,230986 , -0,0200001 , -77,72369 , 284,56
6,230986 , -0,0200001 , -77,72369 , 284,58
6,230986 , -0,0200001 , -77,72369 , 284,6
6,230986 , -0,0200001 , -77,72369 , 284,62
6,230986 , -0,0200001 , -77,72369 , 284,64
6,230986 , -0,0200001 , -77,72369 , 284,66
6,230986 , -0,0200001 , -77,72369 , 284,68
6,230986 , -0,0200001 , -77,72369 , 284,7
6,230986 , -0,0200001 , -77,72369 , 284,72
6,230986 , -0,0200001 , -77,72369 , 284,74
6,230986 , -0,0200001 , -77,72369 , 284,76
6,230986 , -0,0200001 , -77,72369 , 284,78
6,230986 , -0,0200001 , -77,72369 , 284,8
6,230986 , -0,0200001 , -77,72369 , 284,82
6,230986 , -0,0200001 , -77,72369 , 284,84
6,230986 , -0,0200001 , -77,72369 , 284,86
6,230986 , -0,0200001 , -77,72369 , 284,88
6,230986 , -0,0200001 , -77,72369 , 284,9
6,230986 , -0,0200001 , -77,72369 , 284,92
6,230986 , -0,0200001 , -77,72369 , 284,94
6,230986 , -0,0200001 , -77,72369 , 284,96
6,230986 , -0,0200001 , -77,72369 , 284,98
6,230986 , -0,0200001 , -77,72369 , 285
6,230986 , -0,0200001 , -77,72369 , 285,02
6,230986 , -0,0200001 , -77,72369 , 285,04
6,230986 , -0,0200001 , -77,72369 , 285,06
6,230986 , -0,0200001 , -77,72369 , 285,08
6,230986 , -0,0200001 , -77,72369 , 285,1
6,230986 , -0,0200001 , -77,72369 , 285,12
6,230986 , -0,0200001 , -77,72369 , 285,14
6,230986 , -0,0200001 , -77,72369 , 285,16
6,230986 , -0,0200001 , -77,72369 , 285,18
6,230986 , -0,0200001 , -77,72369 , 285,2
6,230986 , -0,0200001 , -77,72369 , 285,22
6,230986 , -0,0200001 , -77,72369 , 285,24
6,230986 , -0,0200001 , -77,72369 , 285,26
6,230986 , -0,0200001 , -77,72369 , 285,28
6,230986 , -0,0200001 , -77,72369 , 285,3
6,230986 , -0,0200001 , -77,72369 , 285,32
6,230986 , -0,0200001 , -77,72369 , 285,34
6,230986 , -0,0200001 , -77,72369 , 285,36
6,230986 , -0,0200001 , -77,72369 , 285,38
6,230986 , -0,0200001 , -77,72369 , 285,4
6,230986 , -0,0200001 , -77,72369 , 285,42
6,230986 , -0,0200001 , -77,72369 , 285,44
6,230986 , -0,0200001 , -77,72369 , 285,46
6,230986 , -0,0200001 , -77,72369 , 285,48
6,230986 , -0,0200001 , -77,72369 , 285,5
6,230986 , -0,0200001 , -77,72369 , 285,52
6,230986 , -0,0200001 , -77,72369 , 285,54
6,230986 , -0,0200001 , -77,72369 , 285,56
6,230986 , -0,0200001 , -77,72369 , 285,58
6,230986 , -0,0200001 , -77,72369 , 285,6
6,230986 , -0,0200001 , -77,72369 , 285,62
6,230986 , -0,0200001 , -77,72369 , 285,64
6,230986 , -0,0200001 , -77,72369 , 285,66
6,230986 , -0,0200001 , -77,72369 , 285,68
6,230986 , -0,0200001 , -77,72369 , 285,7
6,230986 , -0,0200001 , -77,72369 , 285,72
6,230986 , -0,0200001 , -77,72369 , 285,74
6,230986 , -0,0200001 , -77,72369 , 285,76
6,230986 , -0,0200001 , -77,72369 , 285,78
6,230986 , -0,0200001 , -77,72369 , 285,8
6,230986 , -0,0200001 , -77,72369 , 285,82
6,230986 , -0,0200001 , -77,72369 , 285,84
6,230986 , -0,0200001 , -77,72369 , 285,86
6,230986 , -0,0200001 , -77,72369 , 285,88
6,230986 , -0,0200001 , -77,72369 , 285,9
6,230986 , -0,0200001 , -77,72369 , 285,92
6,230986 , -0,0200001 , -77,72369 , 285,94
6,230986 , -0,0200001 , -77,72369 , 285,96
6,230986 , -0,0200001 , -77,72369 , 285,98
6,230986 , -0,0200001 , -77,72369 , 286
6,230986 , -0,0200001 , -77,72369 , 286,02
6,230986 , -0,0200001 , -77,72369 , 286,04
6,230986 , -0,0200001 , -77,72369 , 286,06
6,230986 , -0,0200001 , -77,72369 , 286,08
6,230986 , -0,0200001 , -77,72369 , 286,1
6,230986 , -0,0200001 , -77,72369 , 286,12
6,230986 , -0,0200001 , -77,72369 , 286,14
6,230986 , -0,0200001 , -77,72369 , 286,16
6,230986 , -0,0200001 , -77,72369 , 286,18
6,230986 , -0,0200001 , -77,72369 , 286,2
6,230986 , -0,0200001 , -77,72369 , 286,22
6,230986 , -0,0200001 , -77,72369 , 286,24
6,230986 , -0,0200001 , -77,72369 , 286,26
6,230986 , -0,0200001 , -77,72369 , 286,28
6,230986 , -0,0200001 , -77,72369 , 286,3
6,230986 , -0,0200001 , -77,72369 , 286,32
6,230986 , -0,0200001 , -77,72369 , 286,34
6,230986 , -0,0200001 , -77,72369 , 286,36
6,230986 , -0,0200001 , -77,72369 , 286,38
6,230986 , -0,0200001 , -77,72369 , 286,4
6,230986 , -0,0200001 , -77,72369 , 286,42
6,230986 , -0,0200001 , -77,72369 , 286,44
6,230986 , -0,0200001 , -77,72369 , 286,46
6,230986 , -0,0200001 , -77,72369 , 286,48
6,230986 , -0,0200001 , -77,72369 , 286,5
6,230986 , -0,0200001 , -77,72369 , 286,52
6,230986 , -0,0200001 , -77,72369 , 286,54
6,230986 , -0,0200001 , -77,72369 , 286,56
6,230986 , -0,0200001 , -77,72369 , 286,58
6,230986 , -0,0200001 , -77,72369 , 286,6
6,230986 , -0,0200001 , -77,72369 , 286,62
6,230986 , -0,0200001 , -77,72369 , 286,64
6,230986 , -0,0200001 , -77,72369 , 286,66
6,230986 , -0,0200001 , -77,72369 , 286,68
6,230986 , -0,0200001 , -77,72369 , 286,7
6,230986 , -0,0200001 , -77,72369 , 286,72
6,230986 , -0,0200001 , -77,72369 , 286,74
6,230986 , -0,0200001 , -77,72369 , 286,76
6,230986 , -0,0200001 , -77,72369 , 286,78
6,230986 , -0,0200001 , -77,72369 , 286,8
6,230986 , -0,0200001 , -77,72369 , 286,82
6,230986 , -0,0200001 , -77,72369 , 286,84
6,230986 , -0,0200001 , -77,72369 , 286,86
6,230986 , -0,0200001 , -77,72369 , 286,88
6,230986 , -0,0200001 , -77,72369 , 286,9
6,230986 , -0,0200001 , -77,72369 , 286,92
6,230986 , -0,0200001 , -77,72369 , 286,94
6,230986 , -0,0200001 , -77,72369 , 286,96
6,241127 , -0,0200001 , -77,72105 , 286,98
6,260393 , -0,0200001 , -77,71604 , 287
6,287879 , -0,0200001 , -77,70891 , 287,02
6,322772 , -0,01999992 , -77,69991 , 287,04
6,364347 , -0,01999992 , -77,68926 , 287,06
6,411954 , -0,02000004 , -77,6772 , 287,08
6,465007 , -0,02000004 , -77,66393 , 287,1
6,522979 , -0,02000004 , -77,64963 , 287,12
6,58539 , -0,02000004 , -77,63443 , 287,14
6,651801 , -0,02000004 , -77,61845 , 287,16
6,721835 , -0,02000004 , -77,60184 , 287,18
6,795166 , -0,02000004 , -77,5848 , 287,2
6,871495 , -0,02000004 , -77,56749 , 287,22
6,950544 , -0,02000004 , -77,55003 , 287,24
7,032064 , -0,02000004 , -77,53252 , 287,26
7,115833 , -0,02000004 , -77,51508 , 287,28
7,201646 , -0,02000004 , -77,4978 , 287,3
7,28932 , -0,02000004 , -77,48077 , 287,32
7,378707 , -0,02000004 , -77,46413 , 287,34
7,469679 , -0,02000004 , -77,44812 , 287,36
7,562126 , -0,02000004 , -77,43298 , 287,38
7,655934 , -0,02000004 , -77,41889 , 287,4
7,750983 , -0,02000004 , -77,40591 , 287,42
7,847161 , -0,02000004 , -77,39406 , 287,44
7,944364 , -0,02000004 , -77,38331 , 287,46
8,042497 , -0,02000004 , -77,37366 , 287,48
8,141472 , -0,02000004 , -77,36509 , 287,5
8,241211 , -0,02000004 , -77,35757 , 287,52
8,341641 , -0,02000004 , -77,3511 , 287,54
8,442698 , -0,02000004 , -77,34563 , 287,56
8,54432 , -0,01999998 , -77,34117 , 287,58
8,646456 , -0,01999998 , -77,33768 , 287,6
8,749054 , -0,0200001 , -77,33515 , 287,62
8,852071 , -0,02000022 , -77,33343 , 287,64
8,955464 , -0,02000004 , -77,33227 , 287,66
9,059196 , -0,02000004 , -77,33142 , 287,68
9,163216 , -0,02000004 , -77,33042 , 287,7
9,267447 , -0,02000004 , -77,32893 , 287,72
9,371798 , -0,02000004 , -77,32664 , 287,74
9,476193 , -0,02000004 , -77,32331 , 287,76
9,580607 , -0,01999998 , -77,31891 , 287,78
9,685027 , -0,0200001 , -77,31349 , 287,8
9,789456 , -0,02000004 , -77,30718 , 287,82
9,893905 , -0,01999998 , -77,30013 , 287,84
9,998379 , -0,01999998 , -77,29243 , 287,86
10,10289 , -0,01999998 , -77,28423 , 287,88
10,20743 , -0,01999998 , -77,27559 , 287,9
10,31201 , -0,0200001 , -77,26662 , 287,92
10,41664 , -0,02000004 , -77,25738 , 287,94
10,52132 , -0,01999998 , -77,24793 , 287,96
10,62604 , -0,01999998 , -77,23834 , 287,98
10,73081 , -0,01999998 , -77,22865 , 288
10,83563 , -0,01999998 , -77,2189 , 288,02
10,9405 , -0,01999998 , -77,20913 , 288,04
11,04541 , -0,01999998 , -77,19937 , 288,06
11,15038 , -0,01999998 , -77,18965 , 288,08
11,25539 , -0,0200001 , -77,17998 , 288,1
11,36045 , -0,02000004 , -77,1704 , 288,12
11,46556 , -0,02000004 , -77,16092 , 288,14
11,57071 , -0,01999998 , -77,15154 , 288,16
11,6759 , -0,0200001 , -77,1423 , 288,18
11,78114 , -0,02000004 , -77,13318 , 288,2
11,88642 , -0,01999998 , -77,12421 , 288,22
11,99173 , -0,0200001 , -77,11538 , 288,24
12,09709 , -0,0200001 , -77,1067 , 288,26
12,20249 , -0,02000004 , -77,09819 , 288,28
12,30792 , -0,02000004 , -77,08984 , 288,3
12,41338 , -0,02000004 , -77,08164 , 288,32
12,51888 , -0,02000004 , -77,07361 , 288,34
12,62442 , -0,02000004 , -77,06574 , 288,36
12,72998 , -0,02000004 , -77,05804 , 288,38
12,83558 , -0,02000004 , -77,05051 , 288,4
12,9412 , -0,02000004 , -77,04313 , 288,42
13,04685 , -0,01999998 , -77,03592 , 288,44
13,15253 , -0,0200001 , -77,02886 , 288,46
13,25824 , -0,0200001 , -77,02196 , 288,48
13,36397 , -0,02000004 , -77,01523 , 288,5
13,46973 , -0,02000004 , -77,00864 , 288,52
13,57551 , -0,02000004 , -77,00221 , 288,54
13,68131 , -0,02000004 , -76,99593 , 288,56
13,78714 , -0,02000004 , -76,98978 , 288,58
13,89298 , -0,01999998 , -76,98379 , 288,6
13,99885 , -0,0200001 , -76,97794 , 288,62
14,10473 , -0,0200001 , -76,97222 , 288,64
14,21063 , -0,02000004 , -76,96664 , 288,66
14,31656 , -0,02000004 , -76,96119 , 288,68
14,42249 , -0,02000004 , -76,95587 , 288,7
14,52845 , -0,02000004 , -76,95068 , 288,72
14,63442 , -0,02000004 , -76,94561 , 288,74
14,74041 , -0,02000004 , -76,94067 , 288,76
14,84641 , -0,02000004 , -76,93584 , 288,78
14,95243 , -0,02000004 , -76,93112 , 288,8
15,05846 , -0,02000016 , -76,92652 , 288,82
15,1645 , -0,01999998 , -76,92203 , 288,84
15,27056 , -0,01999998 , -76,91764 , 288,86
15,37663 , -0,01999998 , -76,91336 , 288,88
15,48271 , -0,0200001 , -76,90919 , 288,9
15,5888 , -0,0200001 , -76,90511 , 288,92
15,69491 , -0,02000004 , -76,90113 , 288,94
15,80102 , -0,02000004 , -76,89725 , 288,96
15,90715 , -0,02000004 , -76,89346 , 288,98
16,01329 , -0,02000004 , -76,88976 , 289
16,11943 , -0,02000004 , -76,88614 , 289,02
16,22559 , -0,02000004 , -76,88261 , 289,04
16,33175 , -0,02000004 , -76,87917 , 289,06
16,43793 , -0,02000004 , -76,8758 , 289,08
16,54411 , -0,02000004 , -76,87252 , 289,1
16,6503 , -0,02000004 , -76,86932 , 289,12
16,75649 , -0,02000004 , -76,86619 , 289,14
16,8627 , -0,02000004 , -76,86313 , 289,16
16,96891 , -0,02000004 , -76,86015 , 289,18
17,07513 , -0,02000004 , -76,85723 , 289,2
17,18136 , -0,02000004 , -76,85439 , 289,22
17,28759 , -0,02000004 , -76,8516 , 289,24
17,39384 , -0,01999998 , -76,84888 , 289,26
17,50008 , -0,01999998 , -76,84623 , 289,28
17,60633 , -0,0200001 , -76,84364 , 289,3
17,71259 , -0,02000004 , -76,8411 , 289,32
17,81886 , -0,02000004 , -76,83863 , 289,34
17,92513 , -0,02000004 , -76,83621 , 289,36
18,0314 , -0,02000004 , -76,83385 , 289,38
18,13768 , -0,02000004 , -76,83154 , 289,4
18,24397 , -0,02000004 , -76,82928 , 289,42
18,35026 , -0,01999998 , -76,82707 , 289,44
18,45655 , -0,01999998 , -76,82491 , 289,46
18,56285 , -0,01999998 , -76,82281 , 289,48
18,66916 , -0,01999998 , -76,82075 , 289,5
18,77547 , -0,0200001 , -76,81873 , 289,52
18,88178 , -0,0200001 , -76,81673 , 289,54
18,98809 , -0,02000004 , -76,81475 , 289,56
19,09442 , -0,02000004 , -76,81279 , 289,58
19,20074 , -0,01999998 , -76,81084 , 289,6
19,30707 , -0,01999998 , -76,8089 , 289,62
19,4134 , -0,01999998 , -76,80697 , 289,64
19,51973 , -0,0200001 , -76,80505 , 289,66
19,62607 , -0,02000004 , -76,80312 , 289,68
19,73241 , -0,02000004 , -76,80121 , 289,7
19,83876 , -0,02000004 , -76,7993 , 289,72
19,9451 , -0,02000004 , -76,7974 , 289,74
20,05145 , -0,02000004 , -76,7955 , 289,76
20,15781 , -0,02000004 , -76,79361 , 289,78
20,26416 , -0,02000004 , -76,79173 , 289,8
20,37052 , -0,02000004 , -76,78984 , 289,82
20,47688 , -0,02000004 , -76,78796 , 289,84
20,58325 , -0,02000016 , -76,78609 , 289,86
20,68961 , -0,0200001 , -76,78422 , 289,88
20,79598 , -0,02000004 , -76,78235 , 289,9
20,90235 , -0,02000004 , -76,78049 , 289,92
21,00873 , -0,02000004 , -76,77863 , 289,94
21,1151 , -0,02000004 , -76,77677 , 289,96
21,22148 , -0,01999998 , -76,77492 , 289,98
21,32786 , -0,01999998 , -76,77307 , 290
21,43424 , -0,01999998 , -76,77122 , 290,02
21,54062 , -0,01999998 , -76,76938 , 290,04
21,647 , -0,01999998 , -76,76754 , 290,06
21,75339 , -0,0200001 , -76,7657 , 290,08
21,85978 , -0,0200001 , -76,76386 , 290,1
21,96616 , -0,02000004 , -76,76203 , 290,12
22,07255 , -0,02000004 , -76,7602 , 290,14
22,17895 , -0,02000004 , -76,75837 , 290,16
22,28534 , -0,02000004 , -76,75655 , 290,18
22,39173 , -0,02000004 , -76,75472 , 290,2
22,49813 , -0,02000004 , -76,7529 , 290,22
22,60452 , -0,02000004 , -76,75108 , 290,24
22,71092 , -0,02000004 , -76,74926 , 290,26
22,81732 , -0,02000004 , -76,74744 , 290,28
22,92372 , -0,02000004 , -76,74563 , 290,3
23,03012 , -0,02000004 , -76,74381 , 290,32
23,13652 , -0,02000004 , -76,742 , 290,34
23,24293 , -0,02000004 , -76,7402 , 290,36
23,34933 , -0,02000004 , -76,73839 , 290,38
23,45573 , -0,02000004 , -76,73658 , 290,4
23,56214 , -0,02000004 , -76,73477 , 290,42
23,66855 , -0,02000004 , -76,73297 , 290,44
23,77495 , -0,02000004 , -76,73117 , 290,46
23,88136 , -0,02000004 , -76,72937 , 290,48
23,98777 , -0,02000004 , -76,72757 , 290,5
24,09418 , -0,02000004 , -76,72577 , 290,52
24,20059 , -0,02000004 , -76,72398 , 290,54
24,307 , -0,02000004 , -76,72218 , 290,56
24,41341 , -0,02000004 , -76,72039 , 290,58
24,51982 , -0,02000004 , -76,7186 , 290,6
24,62624 , -0,02000004 , -76,7168 , 290,62
24,73265 , -0,02000004 , -76,71501 , 290,64
24,83906 , -0,01999998 , -76,71322 , 290,66
24,94548 , -0,0200001 , -76,71143 , 290,68
25,05189 , -0,02000004 , -76,70965 , 290,7
25,15831 , -0,02000004 , -76,70786 , 290,72
25,26472 , -0,02000004 , -76,70608 , 290,74
25,37114 , -0,02000004 , -76,70429 , 290,76
25,47756 , -0,02000004 , -76,70251 , 290,78
25,58397 , -0,01999998 , -76,70072 , 290,8
25,69039 , -0,01999998 , -76,69894 , 290,82
25,79681 , -0,0200001 , -76,69715 , 290,84
25,90323 , -0,0200001 , -76,69537 , 290,86
26,00965 , -0,0200001 , -76,69358 , 290,88
26,11607 , -0,02000004 , -76,6918 , 290,9
26,22248 , -0,02000004 , -76,69003 , 290,92
26,32891 , -0,01999998 , -76,68825 , 290,94
26,43533 , -0,0200001 , -76,68647 , 290,96
26,54175 , -0,02000004 , -76,68469 , 290,98
26,64817 , -0,02000004 , -76,68291 , 291
26,75459 , -0,02000004 , -76,68114 , 291,02
26,86101 , -0,02000004 , -76,67936 , 291,04
26,96743 , -0,02000004 , -76,67758 , 291,06
27,07385 , -0,02000004 , -76,6758 , 291,08
27,18027 , -0,02000004 , -76,67403 , 291,1
27,2867 , -0,02000004 , -76,67225 , 291,12
27,39312 , -0,02000004 , -76,67047 , 291,14
27,49954 , -0,02000004 , -76,66869 , 291,16
27,60596 , -0,02000004 , -76,66692 , 291,18
27,71239 , -0,02000004 , -76,66514 , 291,2
27,81881 , -0,02000004 , -76,66336 , 291,22
27,92523 , -0,02000004 , -76,66159 , 291,24
28,03165 , -0,02000004 , -76,65982 , 291,26
28,13808 , -0,02000004 , -76,65805 , 291,28
28,2445 , -0,02000004 , -76,65628 , 291,3
28,35093 , -0,02000004 , -76,65451 , 291,32
28,45735 , -0,02000004 , -76,65274 , 291,34
28,56378 , -0,02000004 , -76,65097 , 291,36
28,6702 , -0,02000004 , -76,6492 , 291,38
28,77662 , -0,02000004 , -76,64743 , 291,4
28,88305 , -0,02000004 , -76,64566 , 291,42
28,98947 , -0,02000004 , -76,64389 , 291,44
29,0959 , -0,01999998 , -76,64212 , 291,46
29,20232 , -0,01999998 , -76,64035 , 291,48
29,30875 , -0,01999998 , -76,63858 , 291,5
29,41517 , -0,01999998 , -76,63681 , 291,52
29,5216 , -0,01999998 , -76,63504 , 291,54
29,62803 , -0,01999998 , -76,63327 , 291,56
29,73445 , -0,0200001 , -76,6315 , 291,58
29,84088 , -0,0200001 , -76,62973 , 291,6
29,9473 , -0,02000004 , -76,62796 , 291,62
30,04224 , -0,02000004 , -76,62683 , 291,64
30,12683 , -0,02000004 , -76,62611 , 291,66
30,20212 , -0,02000004 , -76,62566 , 291,68
30,26903 , -0,02000004 , -76,62537 , 291,7
30,32841 , -0,02000004 , -76,62518 , 291,72
30,38099 , -0,02000004 , -76,62506 , 291,74
30,42748 , -0,02000004 , -76,62498 , 291,76
30,46846 , -0,02000004 , -76,62494 , 291,78
30,5045 , -0,02000004 , -76,62491 , 291,8
30,53609 , -0,02000004 , -76,62489 , 291,82
30,56367 , -0,02000004 , -76,62487 , 291,84
30,58764 , -0,02000004 , -76,62486 , 291,86
30,60838 , -0,02000004 , -76,62486 , 291,88
30,62619 , -0,02000004 , -76,62486 , 291,9
30,64137 , -0,02000004 , -76,62486 , 291,92
30,65418 , -0,02000004 , -76,62486 , 291,94
30,66487 , -0,02000004 , -76,62486 , 291,96
30,67364 , -0,02000004 , -76,62486 , 291,98
30,68068 , -0,02000004 , -76,62486 , 292
30,68618 , -0,02000004 , -76,62486 , 292,02
30,69028 , -0,02000004 , -76,62486 , 292,04
30,69312 , -0,02000004 , -76,62486 , 292,06
30,69493 , -0,02000004 , -76,62486 , 292,08
30,69571 , -0,02000004 , -76,62486 , 292,1
30,69644 , -0,02000004 , -76,62486 , 292,12
30,69669 , -0,02000004 , -76,62486 , 292,14
30,6967 , -0,02000004 , -76,62486 , 292,16
30,6966 , -0,02000004 , -76,62486 , 292,18
30,69646 , -0,02000004 , -76,62486 , 292,2
30,69632 , -0,02000004 , -76,62486 , 292,22
30,69619 , -0,02000004 , -76,62486 , 292,24
30,69608 , -0,02000004 , -76,62486 , 292,26
30,69599 , -0,02000004 , -76,62486 , 292,28
30,69599 , -0,02000004 , -76,62486 , 292,3
30,69599 , -0,02000004 , -76,62486 , 292,32
30,69599 , -0,02000004 , -76,62486 , 292,34
30,69599 , -0,02000004 , -76,62486 , 292,36
30,69599 , -0,02000004 , -76,62486 , 292,38
30,69599 , -0,02000004 , -76,62486 , 292,4
30,69599 , -0,02000004 , -76,62486 , 292,42
30,69599 , -0,02000004 , -76,62486 , 292,44
30,69599 , -0,02000004 , -76,62486 , 292,46
30,69599 , -0,02000004 , -76,62486 , 292,48
30,69599 , -0,02000004 , -76,62486 , 292,5
30,69599 , -0,02000004 , -76,62486 , 292,52
30,69599 , -0,02000004 , -76,62486 , 292,54
30,69599 , -0,02000004 , -76,62486 , 292,56
30,69599 , -0,02000004 , -76,62486 , 292,58
30,69599 , -0,02000004 , -76,62486 , 292,6
30,69599 , -0,02000004 , -76,62486 , 292,62
30,69599 , -0,02000004 , -76,62486 , 292,64
30,69599 , -0,02000004 , -76,62486 , 292,66
30,69599 , -0,02000004 , -76,62486 , 292,68
30,69599 , -0,02000004 , -76,62486 , 292,7
30,69599 , -0,02000004 , -76,62486 , 292,72
30,69599 , -0,02000004 , -76,62486 , 292,74
30,69599 , -0,02000004 , -76,62486 , 292,76
30,69599 , -0,02000004 , -76,62486 , 292,78
30,69599 , -0,02000004 , -76,62486 , 292,8
30,69599 , -0,02000004 , -76,62486 , 292,82
30,69599 , -0,02000004 , -76,62486 , 292,84
30,69599 , -0,02000004 , -76,62486 , 292,86
30,69599 , -0,02000004 , -76,62486 , 292,88
30,69599 , -0,02000004 , -76,62486 , 292,9
30,69599 , -0,02000004 , -76,62486 , 292,92
30,69599 , -0,02000004 , -76,62486 , 292,94
30,69599 , -0,02000004 , -76,62486 , 292,96
30,69599 , -0,02000004 , -76,62486 , 292,98
30,69599 , -0,02000004 , -76,62486 , 293
30,69599 , -0,02000004 , -76,62486 , 293,02
30,69599 , -0,02000004 , -76,62486 , 293,04
30,69599 , -0,02000004 , -76,62486 , 293,06
30,69599 , -0,02000004 , -76,62486 , 293,08
30,69599 , -0,02000004 , -76,62486 , 293,1
30,69599 , -0,02000004 , -76,62486 , 293,12
30,69599 , -0,02000004 , -76,62486 , 293,14
30,69599 , -0,02000004 , -76,62486 , 293,16
30,69599 , -0,02000004 , -76,62486 , 293,18
30,69599 , -0,02000004 , -76,62486 , 293,2
30,69599 , -0,02000004 , -76,62486 , 293,22
30,69599 , -0,02000004 , -76,62486 , 293,24
30,69599 , -0,02000004 , -76,62486 , 293,26
30,69599 , -0,02000004 , -76,62486 , 293,28
30,69599 , -0,02000004 , -76,62486 , 293,3
30,69599 , -0,02000004 , -76,62486 , 293,32
30,69599 , -0,02000004 , -76,62486 , 293,34
30,69599 , -0,02000004 , -76,62486 , 293,36
30,69599 , -0,02000004 , -76,62486 , 293,38
30,69599 , -0,02000004 , -76,62486 , 293,4
30,69599 , -0,02000004 , -76,62486 , 293,42
30,69599 , -0,02000004 , -76,62486 , 293,44
30,69599 , -0,02000004 , -76,62486 , 293,46
30,69599 , -0,02000004 , -76,62486 , 293,48
30,69599 , -0,02000004 , -76,62486 , 293,5
30,69599 , -0,02000004 , -76,62486 , 293,52
30,69599 , -0,02000004 , -76,62486 , 293,54
30,69599 , -0,02000004 , -76,62486 , 293,56
30,69599 , -0,02000004 , -76,62486 , 293,58
30,69599 , -0,02000004 , -76,62486 , 293,6
30,69599 , -0,02000004 , -76,62486 , 293,62
30,69599 , -0,02000004 , -76,62486 , 293,64
30,69599 , -0,02000004 , -76,62486 , 293,66
30,69599 , -0,02000004 , -76,62486 , 293,68
30,69599 , -0,02000004 , -76,62486 , 293,7
30,69599 , -0,02000004 , -76,62486 , 293,72
30,69599 , -0,02000004 , -76,62486 , 293,74
30,69599 , -0,02000004 , -76,62486 , 293,76
30,69599 , -0,02000004 , -76,62486 , 293,78
30,69599 , -0,02000004 , -76,62486 , 293,8
30,69599 , -0,02000004 , -76,62486 , 293,82
30,69599 , -0,02000004 , -76,62486 , 293,84
30,69599 , -0,02000004 , -76,62486 , 293,86
30,69599 , -0,02000004 , -76,62486 , 293,88
30,69599 , -0,02000004 , -76,62486 , 293,9
30,69599 , -0,02000004 , -76,62486 , 293,92
30,70652 , -0,02000004 , -76,62617 , 293,94
30,72653 , -0,02000004 , -76,62836 , 293,96
30,75507 , -0,02000004 , -76,63137 , 293,98
30,79128 , -0,02000004 , -76,63512 , 294
30,83439 , -0,01999998 , -76,63956 , 294,02
30,88371 , -0,01999998 , -76,64466 , 294,04
30,9386 , -0,01999998 , -76,6504 , 294,06
30,9985 , -0,01999998 , -76,65678 , 294,08
31,0629 , -0,01999998 , -76,66381 , 294,1
31,13132 , -0,0200001 , -76,67152 , 294,12
31,20334 , -0,0200001 , -76,67992 , 294,14
31,27859 , -0,02000004 , -76,68907 , 294,16
31,35671 , -0,02000004 , -76,69899 , 294,18
31,4374 , -0,02000004 , -76,70971 , 294,2
31,52038 , -0,02000004 , -76,72121 , 294,22
31,60539 , -0,02000004 , -76,73353 , 294,24
31,69222 , -0,02000022 , -76,74669 , 294,26
31,78063 , -0,02000016 , -76,76071 , 294,28
31,87045 , -0,01999998 , -76,77562 , 294,3
31,96151 , -0,0200001 , -76,79143 , 294,32
32,05365 , -0,02000004 , -76,80816 , 294,34
32,14674 , -0,02000004 , -76,82581 , 294,36
32,24069 , -0,02000016 , -76,84422 , 294,38
32,33552 , -0,01999998 , -76,86302 , 294,4
32,43119 , -0,01999998 , -76,88194 , 294,42
32,52762 , -0,01999998 , -76,90097 , 294,44
32,62473 , -0,01999998 , -76,92013 , 294,46
32,72241 , -0,01999998 , -76,93951 , 294,48
32,82061 , -0,01999998 , -76,95912 , 294,5
32,91928 , -0,01999998 , -76,97893 , 294,52
33,01844 , -0,01999998 , -76,99867 , 294,54
33,11806 , -0,0200001 , -77,01823 , 294,56
33,21818 , -0,02000004 , -77,03724 , 294,58
33,31881 , -0,02000016 , -77,05549 , 294,6
33,41994 , -0,02000016 , -77,0727 , 294,62
33,52154 , -0,0200001 , -77,08896 , 294,64
33,62354 , -0,02000004 , -77,10443 , 294,66
33,72589 , -0,02000004 , -77,11927 , 294,68
33,72113 , -0,01999998 , -77,11852 , 294,7
33,74273 , -0,01999998 , -77,12156 , 294,72
33,77032 , -0,01999998 , -77,12498 , 294,74
33,79949 , -0,01999998 , -77,12855 , 294,76
33,82893 , -0,0200001 , -77,13185 , 294,78
33,85823 , -0,02000004 , -77,13467 , 294,8
33,88419 , -0,02000004 , -77,13682 , 294,82
33,90712 , -0,02000004 , -77,13832 , 294,84
33,92735 , -0,02000004 , -77,13928 , 294,86
33,94512 , -0,02000004 , -77,13989 , 294,88
33,96069 , -0,02000004 , -77,14028 , 294,9
33,97429 , -0,02000004 , -77,14053 , 294,92
33,98567 , -0,02000004 , -77,14069 , 294,94
33,99507 , -0,02000004 , -77,14079 , 294,96
34,00268 , -0,02000004 , -77,14085 , 294,98
34,00869 , -0,02000004 , -77,14089 , 295
34,01324 , -0,02000004 , -77,14091 , 295,02
34,01649 , -0,02000004 , -77,14093 , 295,04
34,01857 , -0,02000004 , -77,14094 , 295,06
34,0199 , -0,02000004 , -77,14095 , 295,08
34,02036 , -0,02000004 , -77,14095 , 295,1
34,02037 , -0,02000004 , -77,14095 , 295,12
34,02019 , -0,02000004 , -77,14095 , 295,14
34,01994 , -0,02000004 , -77,14095 , 295,16
34,01968 , -0,02000004 , -77,14095 , 295,18
34,01945 , -0,02000004 , -77,14095 , 295,2
34,01925 , -0,02000004 , -77,14095 , 295,22
34,01909 , -0,02000004 , -77,14095 , 295,24
34,01896 , -0,02000004 , -77,14095 , 295,26
34,01886 , -0,02000004 , -77,14095 , 295,28
34,01879 , -0,02000004 , -77,14095 , 295,3
34,01873 , -0,02000004 , -77,14095 , 295,32
34,01873 , -0,02000004 , -77,14095 , 295,34
34,01873 , -0,02000004 , -77,14095 , 295,36
34,01869 , -0,02000004 , -77,14095 , 295,38
34,01866 , -0,02000004 , -77,14095 , 295,4
34,01863 , -0,02000004 , -77,14095 , 295,42
34,01862 , -0,02000004 , -77,14095 , 295,44
34,01861 , -0,02000004 , -77,14095 , 295,46
34,0186 , -0,02000004 , -77,14095 , 295,48
34,01859 , -0,02000004 , -77,14095 , 295,5
34,01859 , -0,02000004 , -77,14095 , 295,52
34,01858 , -0,02000004 , -77,14095 , 295,54
34,01858 , -0,02000004 , -77,14095 , 295,56
34,01858 , -0,02000004 , -77,14095 , 295,58
34,01858 , -0,02000004 , -77,14095 , 295,6
34,01858 , -0,02000004 , -77,14095 , 295,62
34,01858 , -0,02000004 , -77,14095 , 295,64
34,01858 , -0,02000004 , -77,14095 , 295,66
34,01858 , -0,02000004 , -77,14095 , 295,68
34,01858 , -0,02000004 , -77,14095 , 295,7
34,01858 , -0,02000004 , -77,14095 , 295,72
34,01858 , -0,02000004 , -77,14095 , 295,74
34,01858 , -0,02000004 , -77,14095 , 295,76
34,01858 , -0,02000004 , -77,14095 , 295,78
34,01858 , -0,02000004 , -77,14095 , 295,8
34,01858 , -0,02000004 , -77,14095 , 295,82
34,01858 , -0,02000004 , -77,14095 , 295,84
34,01858 , -0,02000004 , -77,14095 , 295,86
34,01858 , -0,02000004 , -77,14095 , 295,88
34,01858 , -0,02000004 , -77,14095 , 295,9
34,01858 , -0,02000004 , -77,14095 , 295,92
34,01858 , -0,02000004 , -77,14095 , 295,94
34,01858 , -0,02000004 , -77,14095 , 295,96
34,01858 , -0,02000004 , -77,14095 , 295,98
34,01858 , -0,02000004 , -77,14095 , 296
34,01858 , -0,02000004 , -77,14095 , 296,02
34,01858 , -0,02000004 , -77,14095 , 296,04
34,01858 , -0,02000004 , -77,14095 , 296,06
34,01858 , -0,02000004 , -77,14095 , 296,08
34,01858 , -0,02000004 , -77,14095 , 296,1
34,01858 , -0,02000004 , -77,14095 , 296,12
34,01858 , -0,02000004 , -77,14095 , 296,14
34,01858 , -0,02000004 , -77,14095 , 296,16
34,01858 , -0,02000004 , -77,14095 , 296,18
34,01858 , -0,02000004 , -77,14095 , 296,2
34,01858 , -0,02000004 , -77,14095 , 296,22
34,01858 , -0,02000004 , -77,14095 , 296,24
34,01858 , -0,02000004 , -77,14095 , 296,26
34,01858 , -0,02000004 , -77,14095 , 296,28
34,01858 , -0,02000004 , -77,14095 , 296,3
34,01858 , -0,02000004 , -77,14095 , 296,32
34,01858 , -0,02000004 , -77,14095 , 296,34
34,01858 , -0,02000004 , -77,14095 , 296,36
34,01858 , -0,02000004 , -77,14095 , 296,38
34,01858 , -0,02000004 , -77,14095 , 296,4
34,01858 , -0,02000004 , -77,14095 , 296,42
34,01858 , -0,02000004 , -77,14095 , 296,44
34,01858 , -0,02000004 , -77,14095 , 296,46
34,01858 , -0,02000004 , -77,14095 , 296,48
34,01858 , -0,02000004 , -77,14095 , 296,5
34,01858 , -0,02000004 , -77,14095 , 296,52
34,01858 , -0,02000004 , -77,14095 , 296,54
34,01858 , -0,02000004 , -77,14095 , 296,56
34,01858 , -0,02000004 , -77,14095 , 296,58
34,01858 , -0,02000004 , -77,14095 , 296,6
34,01858 , -0,02000004 , -77,14095 , 296,62
34,01858 , -0,02000004 , -77,14095 , 296,64
34,01858 , -0,02000004 , -77,14095 , 296,66
34,01858 , -0,02000004 , -77,14095 , 296,68
34,01858 , -0,02000004 , -77,14095 , 296,7
34,01858 , -0,02000004 , -77,14095 , 296,72
34,01858 , -0,02000004 , -77,14095 , 296,74
34,01858 , -0,02000004 , -77,14095 , 296,76
34,01858 , -0,02000004 , -77,14095 , 296,78
34,01858 , -0,02000004 , -77,14095 , 296,8
34,01858 , -0,02000004 , -77,14095 , 296,82
34,01858 , -0,02000004 , -77,14095 , 296,84
34,01858 , -0,02000004 , -77,14095 , 296,86
34,01858 , -0,02000004 , -77,14095 , 296,88
34,01858 , -0,02000004 , -77,14095 , 296,9
34,01858 , -0,02000004 , -77,14095 , 296,92
34,01858 , -0,02000004 , -77,14095 , 296,94
34,01858 , -0,02000004 , -77,14095 , 296,96
34,01858 , -0,02000004 , -77,14095 , 296,98
34,01858 , -0,02000004 , -77,14095 , 297
34,01858 , -0,02000004 , -77,14095 , 297,02
34,01858 , -0,02000004 , -77,14095 , 297,04
34,01858 , -0,02000004 , -77,14095 , 297,06
34,01858 , -0,02000004 , -77,14095 , 297,08
34,01858 , -0,02000004 , -77,14095 , 297,1
34,01858 , -0,02000004 , -77,14095 , 297,12
34,01858 , -0,02000004 , -77,14095 , 297,14
34,01858 , -0,02000004 , -77,14095 , 297,16
34,01858 , -0,02000004 , -77,14095 , 297,18
34,01858 , -0,02000004 , -77,14095 , 297,2
34,01858 , -0,02000004 , -77,14095 , 297,22
34,01858 , -0,02000004 , -77,14095 , 297,24
34,01858 , -0,02000004 , -77,14095 , 297,26
34,01858 , -0,02000004 , -77,14095 , 297,28
34,01858 , -0,02000004 , -77,14095 , 297,3
34,01858 , -0,02000004 , -77,14095 , 297,32
34,01858 , -0,02000004 , -77,14095 , 297,34
34,01858 , -0,02000004 , -77,14095 , 297,36
34,01858 , -0,02000004 , -77,14095 , 297,38
34,01858 , -0,02000004 , -77,14095 , 297,4
34,01858 , -0,02000004 , -77,14095 , 297,42
34,01858 , -0,02000004 , -77,14095 , 297,44
34,01858 , -0,02000004 , -77,14095 , 297,46
34,01858 , -0,02000004 , -77,14095 , 297,48
34,01858 , -0,02000004 , -77,14095 , 297,5
34,01858 , -0,02000004 , -77,14095 , 297,52
34,01858 , -0,02000004 , -77,14095 , 297,54
34,01858 , -0,02000004 , -77,14095 , 297,56
34,01858 , -0,02000004 , -77,14095 , 297,58
34,01858 , -0,02000004 , -77,14095 , 297,6
34,01858 , -0,02000004 , -77,14095 , 297,62
34,01858 , -0,02000004 , -77,14095 , 297,64
34,01858 , -0,02000004 , -77,14095 , 297,66
34,01858 , -0,02000004 , -77,14095 , 297,68
34,01858 , -0,02000004 , -77,14095 , 297,7
34,01858 , -0,02000004 , -77,14095 , 297,72
34,01858 , -0,02000004 , -77,14095 , 297,74
34,01858 , -0,02000004 , -77,14095 , 297,76
34,01858 , -0,02000004 , -77,14095 , 297,78
34,01858 , -0,02000004 , -77,14095 , 297,8
34,01858 , -0,02000004 , -77,14095 , 297,82
34,01858 , -0,02000004 , -77,14095 , 297,84
34,01858 , -0,02000004 , -77,14095 , 297,86
34,01858 , -0,02000004 , -77,14095 , 297,88
34,01858 , -0,02000004 , -77,14095 , 297,9
34,01858 , -0,02000004 , -77,14095 , 297,92
34,01858 , -0,02000004 , -77,14095 , 297,94
34,01858 , -0,02000004 , -77,14095 , 297,96
34,01858 , -0,02000004 , -77,14095 , 297,98
34,01858 , -0,02000004 , -77,14095 , 298
34,01858 , -0,02000004 , -77,14095 , 298,02
34,01858 , -0,02000004 , -77,14095 , 298,04
34,01858 , -0,02000004 , -77,14095 , 298,06
34,01858 , -0,02000004 , -77,14095 , 298,08
34,01858 , -0,02000004 , -77,14095 , 298,1
34,01858 , -0,02000004 , -77,14095 , 298,12
34,01858 , -0,02000004 , -77,14095 , 298,14
34,01858 , -0,02000004 , -77,14095 , 298,16
34,01858 , -0,02000004 , -77,14095 , 298,18
34,01858 , -0,02000004 , -77,14095 , 298,2
34,01858 , -0,02000004 , -77,14095 , 298,22
34,01858 , -0,02000004 , -77,14095 , 298,24
34,01858 , -0,02000004 , -77,14095 , 298,26
34,01858 , -0,02000004 , -77,14095 , 298,28
34,01858 , -0,02000004 , -77,14095 , 298,3
34,01858 , -0,02000004 , -77,14095 , 298,32
34,01858 , -0,02000004 , -77,14095 , 298,34
34,01858 , -0,02000004 , -77,14095 , 298,36
34,01858 , -0,02000004 , -77,14095 , 298,38
34,01858 , -0,02000004 , -77,14095 , 298,4
34,01858 , -0,02000004 , -77,14095 , 298,42
34,01858 , -0,02000004 , -77,14095 , 298,44
34,01858 , -0,02000004 , -77,14095 , 298,46
34,01858 , -0,02000004 , -77,14095 , 298,48
34,01858 , -0,02000004 , -77,14095 , 298,5
34,01858 , -0,02000004 , -77,14095 , 298,52
34,01858 , -0,02000004 , -77,14095 , 298,54
34,01858 , -0,02000004 , -77,14095 , 298,56
34,01858 , -0,02000004 , -77,14095 , 298,58
34,01858 , -0,02000004 , -77,14095 , 298,6
34,01858 , -0,02000004 , -77,14095 , 298,62
34,01858 , -0,02000004 , -77,14095 , 298,64
34,01858 , -0,02000004 , -77,14095 , 298,66
34,01858 , -0,02000004 , -77,14095 , 298,68
34,01858 , -0,02000004 , -77,14095 , 298,7
34,01858 , -0,02000004 , -77,14095 , 298,72
34,01858 , -0,02000004 , -77,14095 , 298,74
34,01858 , -0,02000004 , -77,14095 , 298,76
34,01858 , -0,02000004 , -77,14095 , 298,78
34,01858 , -0,02000004 , -77,14095 , 298,8
34,01858 , -0,02000004 , -77,14095 , 298,82
34,01858 , -0,02000004 , -77,14095 , 298,84
34,01858 , -0,02000004 , -77,14095 , 298,86
34,01858 , -0,02000004 , -77,14095 , 298,88
34,01858 , -0,02000004 , -77,14095 , 298,9
34,01858 , -0,02000004 , -77,14095 , 298,92
34,01858 , -0,02000004 , -77,14095 , 298,94
34,01858 , -0,02000004 , -77,14095 , 298,96
34,01858 , -0,02000004 , -77,14095 , 298,98
34,01858 , -0,02000004 , -77,14095 , 299
34,01858 , -0,02000004 , -77,14095 , 299,02
34,01858 , -0,02000004 , -77,14095 , 299,04
34,01858 , -0,02000004 , -77,14095 , 299,06
34,01858 , -0,02000004 , -77,14095 , 299,08
34,01858 , -0,02000004 , -77,14095 , 299,1
34,01858 , -0,02000004 , -77,14095 , 299,12
34,01858 , -0,02000004 , -77,14095 , 299,14
34,01858 , -0,02000004 , -77,14095 , 299,16
34,01858 , -0,02000004 , -77,14095 , 299,18
34,01858 , -0,02000004 , -77,14095 , 299,2
34,01858 , -0,02000004 , -77,14095 , 299,22
34,01858 , -0,02000004 , -77,14095 , 299,24
34,01858 , -0,02000004 , -77,14095 , 299,26
34,01858 , -0,02000004 , -77,14095 , 299,28
34,01858 , -0,02000004 , -77,14095 , 299,3
34,01858 , -0,02000004 , -77,14095 , 299,32
34,01858 , -0,02000004 , -77,14095 , 299,34
34,01858 , -0,02000004 , -77,14095 , 299,36
34,01858 , -0,02000004 , -77,14095 , 299,38
34,01858 , -0,02000004 , -77,14095 , 299,4
34,01858 , -0,02000004 , -77,14095 , 299,42
34,01858 , -0,02000004 , -77,14095 , 299,44
34,01858 , -0,02000004 , -77,14095 , 299,46
34,01858 , -0,02000004 , -77,14095 , 299,48
34,01858 , -0,02000004 , -77,14095 , 299,5
34,01858 , -0,02000004 , -77,14095 , 299,52
34,01858 , -0,02000004 , -77,14095 , 299,54
34,01858 , -0,02000004 , -77,14095 , 299,56
34,01858 , -0,02000004 , -77,14095 , 299,58
34,01858 , -0,02000004 , -77,14095 , 299,6
34,01858 , -0,02000004 , -77,14095 , 299,62
34,01858 , -0,02000004 , -77,14095 , 299,64
34,01858 , -0,02000004 , -77,14095 , 299,66
34,01858 , -0,02000004 , -77,14095 , 299,68
34,01858 , -0,02000004 , -77,14095 , 299,7
34,01858 , -0,02000004 , -77,14095 , 299,72
34,01858 , -0,02000004 , -77,14095 , 299,74
34,01858 , -0,02000004 , -77,14095 , 299,76
34,01858 , -0,02000004 , -77,14095 , 299,78
34,01858 , -0,02000004 , -77,14095 , 299,8
34,01858 , -0,02000004 , -77,14095 , 299,82
34,01858 , -0,02000004 , -77,14095 , 299,84
34,01858 , -0,02000004 , -77,14095 , 299,86
34,01858 , -0,02000004 , -77,14095 , 299,88
34,01858 , -0,02000004 , -77,14095 , 299,9
34,01858 , -0,02000004 , -77,14095 , 299,92
34,01858 , -0,02000004 , -77,14095 , 299,94
34,01858 , -0,02000004 , -77,14095 , 299,96
34,01858 , -0,02000004 , -77,14095 , 299,98
34,01858 , -0,02000004 , -77,14095 , 300
34,01858 , -0,02000004 , -77,14095 , 300,02
34,01858 , -0,02000004 , -77,14095 , 300,04
34,01858 , -0,02000004 , -77,14095 , 300,06
34,01858 , -0,02000004 , -77,14095 , 300,08
34,01858 , -0,02000004 , -77,14095 , 300,1
34,01858 , -0,02000004 , -77,14095 , 300,12
34,01858 , -0,02000004 , -77,14095 , 300,14
34,01858 , -0,02000004 , -77,14095 , 300,16
34,01858 , -0,02000004 , -77,14095 , 300,18
34,01858 , -0,02000004 , -77,14095 , 300,2
34,01858 , -0,02000004 , -77,14095 , 300,22
34,01858 , -0,02000004 , -77,14095 , 300,24
34,01858 , -0,02000004 , -77,14095 , 300,26
34,01858 , -0,02000004 , -77,14095 , 300,28
34,01858 , -0,02000004 , -77,14095 , 300,3
34,01858 , -0,02000004 , -77,14095 , 300,32
34,01858 , -0,02000004 , -77,14095 , 300,34
34,01858 , -0,02000004 , -77,14095 , 300,36
34,01858 , -0,02000004 , -77,14095 , 300,38
34,01858 , -0,02000004 , -77,14095 , 300,4
34,01858 , -0,02000004 , -77,14095 , 300,42
34,01858 , -0,02000004 , -77,14095 , 300,44
34,01858 , -0,02000004 , -77,14095 , 300,46
34,01858 , -0,02000004 , -77,14095 , 300,48
34,01858 , -0,02000004 , -77,14095 , 300,5
34,01858 , -0,02000004 , -77,14095 , 300,52
34,01858 , -0,02000004 , -77,14095 , 300,54
34,01858 , -0,02000004 , -77,14095 , 300,56
34,01858 , -0,02000004 , -77,14095 , 300,58
34,01858 , -0,02000004 , -77,14095 , 300,6
34,02901 , -0,02000004 , -77,13925 , 300,62
34,0489 , -0,02000004 , -77,13643 , 300,64
34,07732 , -0,02000004 , -77,1328 , 300,66
34,11345 , -0,02000004 , -77,12865 , 300,68
34,15657 , -0,02000004 , -77,12429 , 300,7
34,17378 , -0,02000004 , -77,11995 , 300,72
34,19498 , -0,02000004 , -77,11562 , 300,74
34,21865 , -0,02000004 , -77,1131 , 300,76
34,24222 , -0,02000004 , -77,11122 , 300,78
34,26579 , -0,02000004 , -77,10994 , 300,8
34,28949 , -0,01999998 , -77,10871 , 300,82
34,31321 , -0,01999998 , -77,10831 , 300,84
34,33704 , -0,01999998 , -77,10818 , 300,86
34,36095 , -0,0200001 , -77,10827 , 300,88
34,38494 , -0,02000004 , -77,10847 , 300,9
34,40901 , -0,02000004 , -77,10875 , 300,92
34,43315 , -0,02000004 , -77,10908 , 300,94
34,45734 , -0,02000004 , -77,10944 , 300,96
34,48161 , -0,02000004 , -77,10983 , 300,98
34,50592 , -0,02000004 , -77,11024 , 301
34,5303 , -0,01999998 , -77,11069 , 301,02
34,55471 , -0,01999998 , -77,11079 , 301,04
34,57918 , -0,01999998 , -77,11108 , 301,06
34,60368 , -0,0200001 , -77,11139 , 301,08
34,62823 , -0,02000004 , -77,11177 , 301,1
34,65282 , -0,02000004 , -77,11222 , 301,12
34,67745 , -0,02000004 , -77,11273 , 301,14
34,70212 , -0,02000004 , -77,1133 , 301,16
34,72682 , -0,02000004 , -77,1139 , 301,18
34,75154 , -0,02000004 , -77,11455 , 301,2
34,77629 , -0,02000016 , -77,11495 , 301,22
34,80107 , -0,0200001 , -77,11546 , 301,24
34,82494 , -0,0200001 , -77,11597 , 301,26
34,84718 , -0,0200001 , -77,11622 , 301,28
34,86886 , -0,01999992 , -77,11636 , 301,3
34,89052 , -0,02000004 , -77,11656 , 301,32
34,91176 , -0,02000004 , -77,11683 , 301,34
34,93306 , -0,02000004 , -77,11713 , 301,36
34,9544 , -0,02000004 , -77,11746 , 301,38
34,97572 , -0,02000004 , -77,11781 , 301,4
34,99701 , -0,01999998 , -77,11816 , 301,42
35,01823 , -0,0200001 , -77,11851 , 301,44
35,0394 , -0,02000004 , -77,11886 , 301,46
35,06052 , -0,02000004 , -77,11921 , 301,48
35,08158 , -0,02000016 , -77,11957 , 301,5
35,10259 , -0,0200001 , -77,11993 , 301,52
35,12356 , -0,0200001 , -77,12028 , 301,54
35,14448 , -0,0200001 , -77,12064 , 301,56
35,16537 , -0,02000004 , -77,121 , 301,58
35,18621 , -0,02000004 , -77,12136 , 301,6
35,20702 , -0,02000004 , -77,12172 , 301,62
35,22778 , -0,02000004 , -77,12209 , 301,64
35,24852 , -0,02000004 , -77,12245 , 301,66
35,26921 , -0,02000004 , -77,12282 , 301,68
35,28988 , -0,02000004 , -77,12318 , 301,7
35,31051 , -0,02000004 , -77,12355 , 301,72
35,33112 , -0,02000004 , -77,12392 , 301,74
35,35169 , -0,02000004 , -77,12428 , 301,76
35,37224 , -0,02000004 , -77,12465 , 301,78
35,39276 , -0,01999998 , -77,12502 , 301,8
35,41325 , -0,01999998 , -77,12538 , 301,82
35,43372 , -0,01999998 , -77,12575 , 301,84
35,45417 , -0,0200001 , -77,12611 , 301,86
35,47459 , -0,02000004 , -77,12649 , 301,88
35,49499 , -0,02000004 , -77,12686 , 301,9
35,51537 , -0,02000004 , -77,12724 , 301,92
35,53574 , -0,02000004 , -77,12761 , 301,94
35,55608 , -0,02000004 , -77,12798 , 301,96
35,5764 , -0,02000004 , -77,12836 , 301,98
35,5967 , -0,02000004 , -77,12873 , 302
35,61699 , -0,01999998 , -77,1291 , 302,02
35,63726 , -0,01999998 , -77,12948 , 302,04
35,65752 , -0,0200001 , -77,12985 , 302,06
35,67775 , -0,0200001 , -77,13023 , 302,08
35,69798 , -0,02000004 , -77,1306 , 302,1
35,71819 , -0,01999998 , -77,13097 , 302,12
35,73839 , -0,01999998 , -77,13135 , 302,14
35,75857 , -0,01999998 , -77,13172 , 302,16
35,77874 , -0,0200001 , -77,1321 , 302,18
35,7989 , -0,02000004 , -77,13247 , 302,2
35,81905 , -0,02000004 , -77,13284 , 302,22
35,83919 , -0,02000004 , -77,13322 , 302,24
35,85932 , -0,02000004 , -77,13359 , 302,26
35,87943 , -0,01999998 , -77,13396 , 302,28
35,89954 , -0,01999998 , -77,13434 , 302,3
35,91964 , -0,01999998 , -77,13471 , 302,32
35,93973 , -0,01999998 , -77,13509 , 302,34
35,95981 , -0,0200001 , -77,13546 , 302,36
35,97988 , -0,0200001 , -77,13583 , 302,38
35,99995 , -0,0200001 , -77,13622 , 302,4
36,02 , -0,0200001 , -77,1366 , 302,42
36,04005 , -0,02000004 , -77,13698 , 302,44
36,06009 , -0,01999998 , -77,13736 , 302,46
36,08013 , -0,0200001 , -77,13774 , 302,48
36,10015 , -0,02000004 , -77,13812 , 302,5
36,12018 , -0,02000004 , -77,1385 , 302,52
36,1402 , -0,02000004 , -77,13889 , 302,54
36,16021 , -0,02000004 , -77,13927 , 302,56
36,18021 , -0,02000004 , -77,13965 , 302,58
36,20021 , -0,02000004 , -77,14003 , 302,6
36,22021 , -0,02000004 , -77,14041 , 302,62
36,2402 , -0,02000004 , -77,14079 , 302,64
36,26019 , -0,02000004 , -77,14117 , 302,66
36,28017 , -0,02000004 , -77,14156 , 302,68
36,30015 , -0,02000004 , -77,14194 , 302,7
36,32012 , -0,02000004 , -77,14232 , 302,72
36,34009 , -0,02000004 , -77,1427 , 302,74
36,36006 , -0,02000022 , -77,14308 , 302,76
36,38002 , -0,02000016 , -77,14346 , 302,78
36,39998 , -0,02000016 , -77,14384 , 302,8
36,41993 , -0,01999998 , -77,14423 , 302,82
36,43988 , -0,0200001 , -77,14461 , 302,84
36,45984 , -0,0200001 , -77,14499 , 302,86
36,47978 , -0,02000004 , -77,14537 , 302,88
36,49973 , -0,02000004 , -77,14575 , 302,9
36,51966 , -0,01999998 , -77,14613 , 302,92
36,5396 , -0,01999998 , -77,14651 , 302,94
36,55954 , -0,0200001 , -77,1469 , 302,96
36,57948 , -0,02000004 , -77,14728 , 302,98
36,5994 , -0,02000004 , -77,14766 , 303
36,61933 , -0,02000004 , -77,14804 , 303,02
36,63926 , -0,02000004 , -77,14842 , 303,04
36,65918 , -0,02000004 , -77,1488 , 303,06
36,67911 , -0,02000022 , -77,14919 , 303,08
36,69903 , -0,02000004 , -77,14957 , 303,1
36,71895 , -0,02000004 , -77,14995 , 303,12
36,73886 , -0,01999998 , -77,15033 , 303,14
36,75878 , -0,0200001 , -77,15071 , 303,16
36,77869 , -0,02000004 , -77,15109 , 303,18
36,7986 , -0,02000004 , -77,15147 , 303,2
36,81852 , -0,01999998 , -77,15186 , 303,22
36,83842 , -0,01999998 , -77,15224 , 303,24
36,85833 , -0,01999998 , -77,15259 , 303,26
36,87824 , -0,01999998 , -77,15282 , 303,28
36,89814 , -0,0200001 , -77,15279 , 303,3
36,918 , -0,02000004 , -77,15242 , 303,32
36,93777 , -0,02000004 , -77,1517 , 303,34
36,95751 , -0,02000004 , -77,15054 , 303,36
36,97719 , -0,01999998 , -77,14899 , 303,38
36,99679 , -0,0200001 , -77,14691 , 303,4
37,01627 , -0,02000004 , -77,14419 , 303,42
37,03562 , -0,02000004 , -77,14075 , 303,44
37,05477 , -0,02000004 , -77,13638 , 303,46
37,07367 , -0,02000004 , -77,13093 , 303,48
37,09227 , -0,01999998 , -77,12427 , 303,5
37,11114 , -0,01999998 , -77,11541 , 303,52
37,12945 , -0,01999998 , -77,10466 , 303,54
37,14752 , -0,01999998 , -77,09196 , 303,56
37,16537 , -0,02000016 , -77,07741 , 303,58
37,18299 , -0,01999998 , -77,06107 , 303,6
37,20035 , -0,02000016 , -77,04303 , 303,62
37,21743 , -0,01999998 , -77,0234 , 303,64
37,23425 , -0,01999998 , -77,0023 , 303,66
37,25076 , -0,01999998 , -76,97977 , 303,68
37,26694 , -0,01999998 , -76,95587 , 303,7
37,28278 , -0,02000016 , -76,93063 , 303,72
37,29823 , -0,01999998 , -76,90409 , 303,74
37,3133 , -0,0200001 , -76,87632 , 303,76
37,32802 , -0,02000004 , -76,8474 , 303,78
37,34237 , -0,02000004 , -76,81741 , 303,8
37,35634 , -0,02000016 , -76,78642 , 303,82
37,36995 , -0,01999998 , -76,75449 , 303,84
37,38319 , -0,0200001 , -76,72172 , 303,86
37,39608 , -0,0200001 , -76,68816 , 303,88
37,40863 , -0,02000022 , -76,65387 , 303,9
37,42083 , -0,02000016 , -76,61891 , 303,92
37,4327 , -0,02000016 , -76,58333 , 303,94
37,44426 , -0,01999998 , -76,54718 , 303,96
37,45549 , -0,0200001 , -76,5105 , 303,98
37,46643 , -0,02000004 , -76,47335 , 304
37,47709 , -0,01999998 , -76,43577 , 304,02
37,48748 , -0,0200001 , -76,3978 , 304,04
37,4976 , -0,02000004 , -76,35949 , 304,06
37,50748 , -0,02000004 , -76,32086 , 304,08
37,51712 , -0,02000004 , -76,28195 , 304,1
37,52654 , -0,02000004 , -76,2428 , 304,12
37,53577 , -0,02000004 , -76,20343 , 304,14
37,54479 , -0,02000004 , -76,16386 , 304,16
37,55364 , -0,02000004 , -76,12414 , 304,18
37,5623 , -0,01999998 , -76,08424 , 304,2
37,5709 , -0,01999998 , -76,04417 , 304,22
37,57939 , -0,0200001 , -76,00393 , 304,24
37,58781 , -0,01999992 , -75,96353 , 304,26
37,59618 , -0,02000004 , -75,92298 , 304,28
37,6045 , -0,02000004 , -75,88229 , 304,3
37,61278 , -0,02000004 , -75,84145 , 304,32
37,62104 , -0,02000004 , -75,80048 , 304,34
37,6293 , -0,02000004 , -75,75938 , 304,36
37,63755 , -0,02000004 , -75,71815 , 304,38
37,64581 , -0,02000004 , -75,6768 , 304,4
37,65407 , -0,02000004 , -75,63534 , 304,42
37,66241 , -0,01999998 , -75,59381 , 304,44
37,67087 , -0,01999998 , -75,55225 , 304,46
37,67947 , -0,01999998 , -75,51066 , 304,48
37,68819 , -0,01999998 , -75,46906 , 304,5
37,6971 , -0,0200001 , -75,42748 , 304,52
37,70613 , -0,0200001 , -75,38592 , 304,54
37,71538 , -0,02000004 , -75,34438 , 304,56
37,72479 , -0,02000016 , -75,30288 , 304,58
37,73433 , -0,02000016 , -75,26139 , 304,6
37,744 , -0,01999998 , -75,2199 , 304,62
37,754 , -0,01999998 , -75,17832 , 304,64
37,76451 , -0,0200001 , -75,13653 , 304,66
37,77687 , -0,02000004 , -75,09433 , 304,68
37,79053 , -0,02000004 , -75,05183 , 304,7
37,80535 , -0,02000016 , -75,00905 , 304,72
37,82121 , -0,0200001 , -74,96603 , 304,74
37,83802 , -0,02000004 , -74,92278 , 304,76
37,85566 , -0,02000004 , -74,87933 , 304,78
37,87659 , -0,02000004 , -74,83116 , 304,8
37,9005 , -0,02000004 , -74,77877 , 304,82
37,9271 , -0,02000016 , -74,72259 , 304,84
37,95617 , -0,02000016 , -74,66301 , 304,86
37,98751 , -0,0200001 , -74,60042 , 304,88
38,02097 , -0,02000004 , -74,53516 , 304,9
38,05635 , -0,02000004 , -74,46751 , 304,92
38,09354 , -0,02000004 , -74,39774 , 304,94
38,13235 , -0,02000004 , -74,32608 , 304,96
38,17266 , -0,02000004 , -74,25274 , 304,98
38,21436 , -0,02000022 , -74,1779 , 305
38,25732 , -0,02000022 , -74,10174 , 305,02
38,30144 , -0,02000016 , -74,02439 , 305,04
38,34665 , -0,02000016 , -73,946 , 305,06
38,39287 , -0,01999998 , -73,8667 , 305,08
38,44005 , -0,01999998 , -73,78661 , 305,1
38,48817 , -0,0200001 , -73,70587 , 305,12
38,53717 , -0,01999992 , -73,62457 , 305,14
38,58706 , -0,0200001 , -73,54282 , 305,16
38,63785 , -0,02000004 , -73,46074 , 305,18
38,68951 , -0,02000004 , -73,37841 , 305,2
38,74203 , -0,02000016 , -73,29591 , 305,22
38,79539 , -0,01999998 , -73,21331 , 305,24
38,84955 , -0,0200001 , -73,13065 , 305,26
38,90444 , -0,0200001 , -73,04794 , 305,28
38,96001 , -0,02000004 , -72,9652 , 305,3
39,01624 , -0,02000004 , -72,88248 , 305,32
39,07309 , -0,02000004 , -72,7998 , 305,34
39,13055 , -0,02000016 , -72,71719 , 305,36
39,18862 , -0,0200001 , -72,6347 , 305,38
39,2473 , -0,0200001 , -72,55235 , 305,4
39,30658 , -0,02000004 , -72,47018 , 305,42
39,3665 , -0,02000004 , -72,38826 , 305,44
39,42709 , -0,02000004 , -72,30663 , 305,46
39,48834 , -0,02000004 , -72,22532 , 305,48
39,55025 , -0,02000004 , -72,14435 , 305,5
39,58414 , -0,0200001 , -72,18374 , 305,52
39,61338 , -0,02000004 , -72,19203 , 305,54
39,64388 , -0,02000004 , -72,1937 , 305,56
39,67319 , -0,02000016 , -72,19423 , 305,58
39,70117 , -0,01999998 , -72,19446 , 305,6
39,72795 , -0,01999998 , -72,19456 , 305,62
39,75364 , -0,0200001 , -72,1946 , 305,64
39,77837 , -0,01999992 , -72,19463 , 305,66
39,80227 , -0,0200001 , -72,19463 , 305,68
39,82542 , -0,02000004 , -72,19463 , 305,7
39,84796 , -0,02000004 , -72,19463 , 305,72
39,86998 , -0,02000004 , -72,19463 , 305,74
39,89162 , -0,02000004 , -72,19463 , 305,76
39,91294 , -0,02000004 , -72,19463 , 305,78
39,93403 , -0,02000004 , -72,19463 , 305,8
39,95493 , -0,02000004 , -72,19463 , 305,82
39,97566 , -0,02000022 , -72,19463 , 305,84
39,99623 , -0,02000004 , -72,19463 , 305,86
