Min X value: -65
Min Y value: -14,1249
Min Z value: -105,0925
Max X value: 66,50088
Max Y value: 14,90855
Max Z value: 105
Key: charpos in X , Y , Z , Time since start capture
0 , 0 , -95 , 306,02
0 , -0,003531575 , -95 , 306,04
0 , -0,0109126 , -95 , 306,06
4,816125E-11 , -0,01818258 , -95 , 306,08
1,712832E-10 , -0,01963657 , -95 , 306,1
2,663886E-10 , -0,01992738 , -95 , 306,12
3,289422E-10 , -0,0199855 , -95 , 306,14
3,681617E-10 , -0,01999712 , -95 , 306,16
3,92262E-10 , -0,01999944 , -95 , 306,18
4,068762E-10 , -0,01999992 , -95 , 306,2
4,156258E-10 , -0,02000004 , -95 , 306,22
4,207852E-10 , -0,02000004 , -95 , 306,24
4,237673E-10 , -0,02000004 , -95 , 306,26
4,254448E-10 , -0,02000004 , -95 , 306,28
4,263516E-10 , -0,02000004 , -95 , 306,3
4,268116E-10 , -0,02000004 , -95 , 306,32
4,270194E-10 , -0,02000004 , -95 , 306,34
4,2709E-10 , -0,02000004 , -95 , 306,36
4,270903E-10 , -0,02000004 , -95 , 306,38
4,270583E-10 , -0,02000004 , -95 , 306,4
4,270146E-10 , -0,02000004 , -95 , 306,42
4,270146E-10 , -0,02000004 , -95 , 306,44
4,270146E-10 , -0,02000004 , -95 , 306,46
4,270146E-10 , -0,02000004 , -95 , 306,48
4,270146E-10 , -0,02000004 , -95 , 306,5
4,270146E-10 , -0,02000004 , -95 , 306,52
4,270146E-10 , -0,02000004 , -95 , 306,54
4,270146E-10 , -0,02000004 , -95 , 306,56
4,270146E-10 , -0,02000004 , -95 , 306,58
4,270146E-10 , -0,02000004 , -95 , 306,6
4,270146E-10 , -0,02000004 , -95 , 306,62
4,270146E-10 , -0,02000004 , -95 , 306,64
4,270146E-10 , -0,02000004 , -95 , 306,66
4,270146E-10 , -0,02000004 , -95 , 306,68
4,270146E-10 , -0,02000004 , -95 , 306,7
4,270146E-10 , -0,02000004 , -95 , 306,72
4,270146E-10 , -0,02000004 , -95 , 306,74
4,270146E-10 , -0,02000004 , -95 , 306,76
4,270146E-10 , -0,02000004 , -95 , 306,78
4,270146E-10 , -0,02000004 , -95 , 306,8
4,270146E-10 , -0,02000004 , -95 , 306,82
4,270146E-10 , -0,02000004 , -95 , 306,84
4,270146E-10 , -0,02000004 , -95 , 306,86
4,270146E-10 , -0,02000004 , -95 , 306,88
4,270146E-10 , -0,02000004 , -95 , 306,9
4,270146E-10 , -0,02000004 , -95 , 306,92
4,270146E-10 , -0,02000004 , -95 , 306,94
4,270146E-10 , -0,02000004 , -95 , 306,96
4,270146E-10 , -0,02000004 , -95 , 306,98
4,270146E-10 , -0,02000004 , -95 , 307
0,003501156 , -0,02000004 , -94,99017 , 307,02
0,01010373 , -0,02000004 , -94,97147 , 307,04
0,01950395 , -0,02000004 , -94,94479 , 307,06
0,03143247 , -0,01999998 , -94,91093 , 307,08
0,04565005 , -0,0200001 , -94,87061 , 307,1
0,06194403 , -0,02000004 , -94,82449 , 307,12
0,08012538 , -0,02000004 , -94,77316 , 307,14
0,1000254 , -0,02000004 , -94,71715 , 307,16
0,1214938 , -0,01999998 , -94,65692 , 307,18
0,144396 , -0,01999998 , -94,59292 , 307,2
0,1686119 , -0,0200001 , -94,52552 , 307,22
0,1938987 , -0,0200001 , -94,45503 , 307,24
0,219889 , -0,02000022 , -94,38165 , 307,26
0,2462549 , -0,02000004 , -94,30558 , 307,28
0,2727681 , -0,01999998 , -94,22702 , 307,3
0,2992715 , -0,01999998 , -94,14618 , 307,32
0,3257499 , -0,01999998 , -94,06328 , 307,34
0,3522269 , -0,01999998 , -93,97853 , 307,36
0,3787093 , -0,01999998 , -93,89212 , 307,38
0,4052146 , -0,01999998 , -93,80422 , 307,4
0,431757 , -0,01999998 , -93,71499 , 307,42
0,4583482 , -0,01999998 , -93,62456 , 307,44
0,4849973 , -0,0200001 , -93,53306 , 307,46
0,5117116 , -0,0200001 , -93,4406 , 307,48
0,5384967 , -0,0200001 , -93,34727 , 307,5
0,5653567 , -0,02000004 , -93,25318 , 307,52
0,5922948 , -0,02000004 , -93,1584 , 307,54
0,6193129 , -0,02000004 , -93,063 , 307,56
0,6464124 , -0,02000004 , -92,96705 , 307,58
0,6735936 , -0,02000004 , -92,87061 , 307,6
0,7008567 , -0,02000016 , -92,77372 , 307,62
0,7282009 , -0,02000016 , -92,67644 , 307,64
0,7556256 , -0,02000016 , -92,5788 , 307,66
0,7831296 , -0,02000016 , -92,48084 , 307,68
0,8107113 , -0,0200001 , -92,38261 , 307,7
0,8383693 , -0,0200001 , -92,28412 , 307,72
0,8661017 , -0,0200001 , -92,18541 , 307,74
0,8935108 , -0,02000004 , -92,08637 , 307,76
0,9198229 , -0,02000004 , -91,98683 , 307,78
0,9443539 , -0,02000004 , -91,8867 , 307,8
0,9668855 , -0,02000004 , -91,78596 , 307,82
0,987465 , -0,02000004 , -91,68469 , 307,84
1,006289 , -0,02000004 , -91,58292 , 307,86
1,023532 , -0,02000016 , -91,48071 , 307,88
1,039348 , -0,0200001 , -91,37811 , 307,9
1,053872 , -0,02000004 , -91,27513 , 307,92
1,067226 , -0,02000016 , -91,17184 , 307,94
1,079517 , -0,0200001 , -91,06824 , 307,96
1,090839 , -0,0200001 , -90,96439 , 307,98
1,101277 , -0,01999992 , -90,8603 , 308
1,110905 , -0,02000004 , -90,75599 , 308,02
1,119791 , -0,02000004 , -90,65148 , 308,04
1,127993 , -0,01999998 , -90,5468 , 308,06
1,135566 , -0,01999998 , -90,44195 , 308,08
1,142556 , -0,0200001 , -90,33695 , 308,1
1,149005 , -0,0200001 , -90,23183 , 308,12
1,154959 , -0,02000004 , -90,12658 , 308,14
1,160456 , -0,02000004 , -90,02122 , 308,16
1,165491 , -0,02000004 , -89,91576 , 308,18
1,170095 , -0,01999998 , -89,8102 , 308,2
1,174296 , -0,02000016 , -89,70455 , 308,22
1,178118 , -0,01999998 , -89,59883 , 308,24
1,181582 , -0,0200001 , -89,49303 , 308,26
1,18471 , -0,0200001 , -89,38718 , 308,28
1,187518 , -0,0200001 , -89,28126 , 308,3
1,190024 , -0,02000004 , -89,17528 , 308,32
1,192244 , -0,02000004 , -89,06925 , 308,34
1,19422 , -0,02000004 , -88,96317 , 308,36
1,196003 , -0,02000004 , -88,85705 , 308,38
1,1976 , -0,02000004 , -88,75088 , 308,4
1,198952 , -0,01999998 , -88,64466 , 308,42
1,20005 , -0,0200001 , -88,53839 , 308,44
1,200884 , -0,02000004 , -88,43208 , 308,46
1,201508 , -0,02000004 , -88,32571 , 308,48
1,201988 , -0,01999998 , -88,21931 , 308,5
1,202368 , -0,0200001 , -88,11287 , 308,52
1,202675 , -0,0200001 , -88,00639 , 308,54
1,202927 , -0,01999992 , -87,89989 , 308,56
1,203136 , -0,0200001 , -87,79336 , 308,58
1,203309 , -0,0200001 , -87,6868 , 308,6
1,203452 , -0,0200001 , -87,58022 , 308,62
1,203568 , -0,02000004 , -87,47363 , 308,64
1,203659 , -0,02000004 , -87,36701 , 308,66
1,203728 , -0,02000004 , -87,26038 , 308,68
1,203776 , -0,02000016 , -87,15374 , 308,7
1,203805 , -0,02000016 , -87,04708 , 308,72
1,203815 , -0,0200001 , -86,94041 , 308,74
1,203807 , -0,0200001 , -86,83372 , 308,76
1,203782 , -0,02000004 , -86,72704 , 308,78
1,203741 , -0,02000004 , -86,62034 , 308,8
1,203684 , -0,02000004 , -86,51363 , 308,82
1,203613 , -0,02000004 , -86,40692 , 308,84
1,203557 , -0,02000004 , -86,3002 , 308,86
1,20357 , -0,02000004 , -86,19347 , 308,88
1,203683 , -0,02000004 , -86,08675 , 308,9
1,203887 , -0,02000004 , -85,98001 , 308,92
1,204175 , -0,02000004 , -85,87328 , 308,94
1,204514 , -0,02000004 , -85,76654 , 308,96
1,204912 , -0,01999998 , -85,65981 , 308,98
1,205406 , -0,01999998 , -85,55307 , 309
1,205991 , -0,0200001 , -85,44633 , 309,02
1,206629 , -0,0200001 , -85,3396 , 309,04
1,207331 , -0,02000004 , -85,23287 , 309,06
1,208101 , -0,02000004 , -85,12614 , 309,08
1,208912 , -0,02000004 , -85,01942 , 309,1
1,209747 , -0,02000016 , -84,9127 , 309,12
1,210596 , -0,02000016 , -84,80599 , 309,14
1,211451 , -0,01999998 , -84,69928 , 309,16
1,212308 , -0,0200001 , -84,59257 , 309,18
1,213165 , -0,02000004 , -84,48586 , 309,2
1,214019 , -0,02000004 , -84,37915 , 309,22
1,214871 , -0,02000004 , -84,27245 , 309,24
1,21572 , -0,02000004 , -84,16574 , 309,26
1,216626 , -0,02000004 , -84,05904 , 309,28
1,217723 , -0,02000004 , -83,95236 , 309,3
1,219032 , -0,02000004 , -83,8457 , 309,32
1,220566 , -0,02000016 , -83,73907 , 309,34
1,222366 , -0,0200001 , -83,63249 , 309,36
1,224433 , -0,0200001 , -83,52596 , 309,38
1,226868 , -0,02000004 , -83,41949 , 309,4
1,229762 , -0,02000004 , -83,3131 , 309,42
1,233196 , -0,02000004 , -83,20678 , 309,44
1,237202 , -0,02000004 , -83,10056 , 309,46
1,241724 , -0,02000004 , -82,99442 , 309,48
1,246754 , -0,02000004 , -82,88835 , 309,5
1,252243 , -0,02000004 , -82,78236 , 309,52
1,25815 , -0,02000004 , -82,67643 , 309,54
1,264435 , -0,02000004 , -82,57056 , 309,56
1,271065 , -0,02000004 , -82,46474 , 309,58
1,278011 , -0,02000004 , -82,35897 , 309,6
1,285244 , -0,02000004 , -82,25325 , 309,62
1,292742 , -0,01999998 , -82,14757 , 309,64
1,300484 , -0,01999998 , -82,04192 , 309,66
1,308449 , -0,01999998 , -81,93632 , 309,68
1,316622 , -0,01999998 , -81,83074 , 309,7
1,324987 , -0,0200001 , -81,7252 , 309,72
1,333531 , -0,0200001 , -81,61967 , 309,74
1,342241 , -0,02000004 , -81,51418 , 309,76
1,351107 , -0,02000004 , -81,40871 , 309,78
1,360119 , -0,02000004 , -81,30327 , 309,8
1,369267 , -0,02000004 , -81,19785 , 309,82
1,378545 , -0,02000004 , -81,09245 , 309,84
1,387944 , -0,02000004 , -80,98706 , 309,86
1,397458 , -0,02000004 , -80,88169 , 309,88
1,407166 , -0,02000004 , -80,77636 , 309,9
1,417146 , -0,02000022 , -80,67107 , 309,92
1,42746 , -0,02000022 , -80,56584 , 309,94
1,438163 , -0,02000022 , -80,46068 , 309,96
1,449306 , -0,02000004 , -80,3556 , 309,98
1,460933 , -0,02000016 , -80,25061 , 310
1,473085 , -0,02000016 , -80,14573 , 310,02
1,485797 , -0,01999998 , -80,04095 , 310,04
1,499142 , -0,01999998 , -79,93632 , 310,06
1,513239 , -0,01999998 , -79,83184 , 310,08
1,528219 , -0,0200001 , -79,72757 , 310,1
1,544214 , -0,02000004 , -79,62355 , 310,12
1,561288 , -0,02000004 , -79,51981 , 310,14
1,579381 , -0,01999998 , -79,41632 , 310,16
1,598401 , -0,01999998 , -79,31308 , 310,18
1,618268 , -0,01999998 , -79,21006 , 310,2
1,638909 , -0,0200001 , -79,10725 , 310,22
1,660261 , -0,02000004 , -79,00462 , 310,24
1,682265 , -0,02000004 , -78,90216 , 310,26
1,701222 , -0,02000004 , -78,8108 , 310,28
1,717435 , -0,02000004 , -78,72942 , 310,3
1,731179 , -0,02000004 , -78,65702 , 310,32
1,742702 , -0,02000004 , -78,59271 , 310,34
1,752224 , -0,02000004 , -78,53568 , 310,36
1,764784 , -0,02000004 , -78,47474 , 310,38
1,781967 , -0,02000004 , -78,41138 , 310,4
1,805176 , -0,02000004 , -78,34751 , 310,42
1,835065 , -0,02000004 , -78,28489 , 310,44
1,871738 , -0,02000004 , -78,22489 , 310,46
1,914799 , -0,02000004 , -78,16801 , 310,48
1,963782 , -0,02000004 , -78,11446 , 310,5
2,018209 , -0,02000004 , -78,06436 , 310,52
2,077612 , -0,02000004 , -78,01768 , 310,54
2,141533 , -0,02000004 , -77,97427 , 310,56
2,209567 , -0,02000004 , -77,93407 , 310,58
2,28134 , -0,02000004 , -77,89697 , 310,6
2,356489 , -0,02000004 , -77,86275 , 310,62
2,434695 , -0,02000004 , -77,83123 , 310,64
2,515664 , -0,02000004 , -77,80225 , 310,66
2,599136 , -0,02000004 , -77,77567 , 310,68
2,684872 , -0,02000004 , -77,75137 , 310,7
2,772653 , -0,02000004 , -77,72917 , 310,72
2,86227 , -0,01999998 , -77,70885 , 310,74
2,953537 , -0,01999998 , -77,69016 , 310,76
3,046294 , -0,0200001 , -77,673 , 310,78
3,1404 , -0,02000004 , -77,6573 , 310,8
3,235728 , -0,01999998 , -77,643 , 310,82
3,332161 , -0,0200001 , -77,63002 , 310,84
3,429593 , -0,01999992 , -77,61827 , 310,86
3,527921 , -0,01999992 , -77,6076 , 310,88
3,627055 , -0,01999992 , -77,59788 , 310,9
3,726912 , -0,01999992 , -77,589 , 310,92
3,82742 , -0,02000004 , -77,58086 , 310,94
3,928508 , -0,02000004 , -77,57334 , 310,96
4,030076 , -0,02000004 , -77,56599 , 310,98
4,132054 , -0,02000004 , -77,55859 , 311
4,234398 , -0,02000004 , -77,55116 , 311,02
4,337082 , -0,02000004 , -77,54377 , 311,04
4,440088 , -0,02000004 , -77,53652 , 311,06
4,543404 , -0,02000004 , -77,52959 , 311,08
4,647017 , -0,02000004 , -77,52313 , 311,1
4,750903 , -0,02000004 , -77,51714 , 311,12
4,85504 , -0,02000004 , -77,51166 , 311,14
4,95941 , -0,02000004 , -77,5067 , 311,16
5,063993 , -0,02000004 , -77,50227 , 311,18
5,168774 , -0,02000004 , -77,4984 , 311,2
5,273735 , -0,02000004 , -77,49508 , 311,22
5,378862 , -0,02000004 , -77,49232 , 311,24
5,484142 , -0,01999998 , -77,49012 , 311,26
5,589562 , -0,0200001 , -77,48837 , 311,28
5,69511 , -0,01999992 , -77,48695 , 311,3
5,800776 , -0,02000004 , -77,48576 , 311,32
5,906549 , -0,02000004 , -77,48478 , 311,34
6,01242 , -0,02000004 , -77,48396 , 311,36
6,118381 , -0,02000004 , -77,48327 , 311,38
6,224422 , -0,02000004 , -77,4827 , 311,4
6,330537 , -0,02000004 , -77,48225 , 311,42
6,436719 , -0,02000004 , -77,48189 , 311,44
6,542962 , -0,02000004 , -77,48161 , 311,46
6,649258 , -0,02000004 , -77,48141 , 311,48
6,755604 , -0,02000016 , -77,48129 , 311,5
6,861993 , -0,0200001 , -77,48126 , 311,52
6,968422 , -0,01999992 , -77,48131 , 311,54
7,074886 , -0,0200001 , -77,48144 , 311,56
7,181381 , -0,02000004 , -77,48164 , 311,58
7,287903 , -0,02000004 , -77,48191 , 311,6
7,394449 , -0,02000004 , -77,48225 , 311,62
7,501016 , -0,02000004 , -77,48267 , 311,64
7,607601 , -0,02000004 , -77,48315 , 311,66
7,714201 , -0,02000004 , -77,48369 , 311,68
7,820814 , -0,02000004 , -77,48429 , 311,7
7,927438 , -0,02000004 , -77,48495 , 311,72
8,03407 , -0,02000004 , -77,48567 , 311,74
8,140718 , -0,02000004 , -77,48618 , 311,76
8,247368 , -0,02000004 , -77,48616 , 311,78
8,353991 , -0,02000004 , -77,48546 , 311,8
8,460542 , -0,02000004 , -77,48401 , 311,82
8,56699 , -0,02000004 , -77,48185 , 311,84
8,673327 , -0,02000004 , -77,47894 , 311,86
8,779563 , -0,02000004 , -77,47533 , 311,88
8,88571 , -0,02000004 , -77,47111 , 311,9
8,991778 , -0,02000004 , -77,46635 , 311,92
9,097779 , -0,02000004 , -77,46114 , 311,94
9,203722 , -0,02000004 , -77,45553 , 311,96
9,309614 , -0,02000004 , -77,44956 , 311,98
9,415462 , -0,02000004 , -77,44329 , 312
9,521273 , -0,02000004 , -77,43676 , 312,02
9,62705 , -0,02000004 , -77,43 , 312,04
9,7328 , -0,01999998 , -77,42304 , 312,06
9,838537 , -0,0200001 , -77,41601 , 312,08
9,944283 , -0,02000004 , -77,40903 , 312,1
10,05005 , -0,02000004 , -77,40224 , 312,12
10,15585 , -0,02000004 , -77,39571 , 312,14
10,26169 , -0,02000004 , -77,38946 , 312,16
10,36756 , -0,02000004 , -77,38347 , 312,18
10,47345 , -0,02000004 , -77,37772 , 312,2
10,57937 , -0,02000004 , -77,3722 , 312,22
10,68532 , -0,02000004 , -77,36689 , 312,24
10,79129 , -0,01999998 , -77,36177 , 312,26
10,89728 , -0,0200001 , -77,35683 , 312,28
11,00329 , -0,02000004 , -77,35207 , 312,3
11,10932 , -0,02000004 , -77,34746 , 312,32
11,21537 , -0,02000004 , -77,34299 , 312,34
11,32143 , -0,02000004 , -77,33868 , 312,36
11,42751 , -0,01999998 , -77,33453 , 312,38
11,53361 , -0,0200001 , -77,33054 , 312,4
11,63973 , -0,02000004 , -77,32671 , 312,42
11,74587 , -0,02000004 , -77,32307 , 312,44
11,85202 , -0,02000004 , -77,31958 , 312,46
11,95819 , -0,02000004 , -77,31625 , 312,48
12,06437 , -0,02000004 , -77,31306 , 312,5
12,17057 , -0,02000004 , -77,31 , 312,52
12,27678 , -0,01999998 , -77,30707 , 312,54
12,383 , -0,01999998 , -77,30425 , 312,56
12,48923 , -0,0200001 , -77,30155 , 312,58
12,59548 , -0,0200001 , -77,29896 , 312,6
12,70173 , -0,0200001 , -77,29646 , 312,62
12,808 , -0,02000004 , -77,29407 , 312,64
12,91427 , -0,02000004 , -77,29176 , 312,66
13,02055 , -0,02000004 , -77,28954 , 312,68
13,12684 , -0,01999998 , -77,28741 , 312,7
13,23314 , -0,01999998 , -77,28535 , 312,72
13,33945 , -0,01999998 , -77,28336 , 312,74
13,44576 , -0,01999998 , -77,2814 , 312,76
13,55208 , -0,0200001 , -77,27944 , 312,78
13,65838 , -0,02000004 , -77,27738 , 312,8
13,76466 , -0,02000004 , -77,27509 , 312,82
13,87091 , -0,02000004 , -77,27247 , 312,84
13,97711 , -0,02000004 , -77,26941 , 312,86
14,08325 , -0,02000004 , -77,26585 , 312,88
14,18932 , -0,02000004 , -77,26175 , 312,9
14,29531 , -0,02000004 , -77,25703 , 312,92
14,40119 , -0,02000004 , -77,25154 , 312,94
14,50694 , -0,02000004 , -77,24519 , 312,96
14,61254 , -0,02000004 , -77,23791 , 312,98
14,718 , -0,02000004 , -77,22977 , 313
14,82333 , -0,01999998 , -77,22083 , 313,02
14,92847 , -0,0200001 , -77,21085 , 313,04
15,03333 , -0,02000004 , -77,19958 , 313,06
15,13777 , -0,02000004 , -77,18653 , 313,08
15,24167 , -0,02000004 , -77,17149 , 313,1
15,3449 , -0,02000004 , -77,15419 , 313,12
15,44726 , -0,02000004 , -77,1343 , 313,14
15,54861 , -0,02000004 , -77,11163 , 313,16
15,6488 , -0,02000004 , -77,08605 , 313,18
15,74769 , -0,02000004 , -77,05743 , 313,2
15,84515 , -0,02000004 , -77,02573 , 313,22
15,94119 , -0,02000004 , -76,99107 , 313,24
16,03591 , -0,02000004 , -76,95368 , 313,26
16,12943 , -0,02000004 , -76,91383 , 313,28
16,22186 , -0,02000004 , -76,87173 , 313,3
16,31326 , -0,02000022 , -76,82758 , 313,32
16,40372 , -0,02000004 , -76,78154 , 313,34
16,49329 , -0,02000004 , -76,73376 , 313,36
16,58205 , -0,02000004 , -76,68439 , 313,38
16,67004 , -0,02000004 , -76,63354 , 313,4
16,75732 , -0,02000004 , -76,58135 , 313,42
16,84394 , -0,02000004 , -76,52791 , 313,44
16,92992 , -0,02000004 , -76,4733 , 313,46
17,01531 , -0,02000022 , -76,41763 , 313,48
17,10013 , -0,02000004 , -76,36094 , 313,5
17,18456 , -0,02000004 , -76,30348 , 313,52
17,2688 , -0,01999998 , -76,24555 , 313,54
17,35301 , -0,01999998 , -76,18737 , 313,56
17,43727 , -0,01999998 , -76,12906 , 313,58
17,52168 , -0,01999998 , -76,0708 , 313,6
17,60638 , -0,01999998 , -76,0128 , 313,62
17,69155 , -0,01999998 , -75,95536 , 313,64
17,77736 , -0,0200001 , -75,89879 , 313,66
17,86397 , -0,02000004 , -75,84339 , 313,68
17,95139 , -0,02000004 , -75,78926 , 313,7
18,03965 , -0,02000004 , -75,73648 , 313,72
18,12875 , -0,02000004 , -75,6851 , 313,74
18,21873 , -0,02000004 , -75,63528 , 313,76
18,30962 , -0,01999998 , -75,58715 , 313,78
18,40148 , -0,01999998 , -75,54094 , 313,8
18,49436 , -0,01999998 , -75,49695 , 313,82
18,58825 , -0,01999998 , -75,45529 , 313,84
18,68317 , -0,01999998 , -75,41619 , 313,86
18,77908 , -0,0200001 , -75,37971 , 313,88
18,87591 , -0,02000004 , -75,34585 , 313,9
18,97362 , -0,02000004 , -75,31454 , 313,92
19,07213 , -0,02000004 , -75,28572 , 313,94
19,17139 , -0,02000004 , -75,25927 , 313,96
19,27134 , -0,02000004 , -75,23506 , 313,98
19,37191 , -0,02000004 , -75,21301 , 314
19,47305 , -0,02000004 , -75,19301 , 314,02
19,57473 , -0,02000004 , -75,175 , 314,04
19,6769 , -0,01999998 , -75,15895 , 314,06
19,77951 , -0,01999998 , -75,14479 , 314,08
19,88253 , -0,0200001 , -75,13248 , 314,1
19,98592 , -0,0200001 , -75,12196 , 314,12
20,08965 , -0,02000004 , -75,11318 , 314,14
20,19368 , -0,02000004 , -75,10608 , 314,16
20,29798 , -0,02000004 , -75,1006 , 314,18
20,40253 , -0,02000004 , -75,09673 , 314,2
20,50729 , -0,02000004 , -75,09441 , 314,22
20,61225 , -0,02000004 , -75,09328 , 314,24
20,71737 , -0,02000004 , -75,09297 , 314,26
20,82264 , -0,01999998 , -75,09324 , 314,28
20,92803 , -0,0200001 , -75,09394 , 314,3
21,03353 , -0,02000004 , -75,09496 , 314,32
21,13913 , -0,02000004 , -75,09623 , 314,34
21,2448 , -0,02000004 , -75,09772 , 314,36
21,35053 , -0,02000004 , -75,09945 , 314,38
21,4563 , -0,02000004 , -75,10142 , 314,4
21,56209 , -0,02000004 , -75,10372 , 314,42
21,66786 , -0,02000004 , -75,10654 , 314,44
21,77361 , -0,02000004 , -75,10995 , 314,46
21,87932 , -0,02000004 , -75,11395 , 314,48
21,98499 , -0,02000016 , -75,11852 , 314,5
22,09063 , -0,01999998 , -75,12363 , 314,52
22,19622 , -0,01999998 , -75,12923 , 314,54
22,30179 , -0,01999998 , -75,13531 , 314,56
22,40731 , -0,01999998 , -75,14183 , 314,58
22,5128 , -0,0200001 , -75,14877 , 314,6
22,61826 , -0,02000004 , -75,15611 , 314,62
22,72368 , -0,01999998 , -75,16383 , 314,64
22,82907 , -0,01999998 , -75,1719 , 314,66
22,93442 , -0,01999998 , -75,18031 , 314,68
23,03973 , -0,0200001 , -75,18904 , 314,7
23,14502 , -0,02000004 , -75,19808 , 314,72
23,25027 , -0,02000004 , -75,20742 , 314,74
23,35548 , -0,02000004 , -75,21704 , 314,76
23,46067 , -0,01999998 , -75,22693 , 314,78
23,56582 , -0,0200001 , -75,23707 , 314,8
23,67094 , -0,0200001 , -75,24746 , 314,82
23,77603 , -0,0200001 , -75,25809 , 314,84
23,88108 , -0,0200001 , -75,26894 , 314,86
23,98611 , -0,02000004 , -75,28001 , 314,88
24,09111 , -0,02000004 , -75,2913 , 314,9
24,19608 , -0,02000004 , -75,30278 , 314,92
24,30102 , -0,02000004 , -75,31446 , 314,94
24,40593 , -0,02000004 , -75,32632 , 314,96
24,51081 , -0,02000004 , -75,33837 , 314,98
24,61566 , -0,01999998 , -75,35059 , 315
24,72049 , -0,01999998 , -75,36298 , 315,02
24,82529 , -0,01999998 , -75,37553 , 315,04
24,93007 , -0,01999998 , -75,38824 , 315,06
25,03482 , -0,01999998 , -75,40111 , 315,08
25,13954 , -0,01999998 , -75,41412 , 315,1
25,24425 , -0,01999998 , -75,42726 , 315,12
25,34892 , -0,0200001 , -75,44054 , 315,14
25,45358 , -0,02000004 , -75,45396 , 315,16
25,55821 , -0,02000004 , -75,46751 , 315,18
25,66282 , -0,01999998 , -75,48119 , 315,2
25,7674 , -0,01999998 , -75,49498 , 315,22
25,87197 , -0,0200001 , -75,50889 , 315,24
25,97652 , -0,01999992 , -75,5229 , 315,26
26,08104 , -0,0200001 , -75,53703 , 315,28
26,18555 , -0,02000004 , -75,55127 , 315,3
26,29003 , -0,02000004 , -75,56561 , 315,32
26,3945 , -0,02000022 , -75,58004 , 315,34
26,49895 , -0,02000004 , -75,59457 , 315,36
26,60338 , -0,02000004 , -75,60919 , 315,38
26,70779 , -0,02000004 , -75,6239 , 315,4
26,81219 , -0,02000004 , -75,6387 , 315,42
26,91657 , -0,02000004 , -75,65359 , 315,44
27,02093 , -0,02000004 , -75,66855 , 315,46
27,12528 , -0,02000004 , -75,68359 , 315,48
27,22961 , -0,02000004 , -75,69872 , 315,5
27,33393 , -0,02000004 , -75,71391 , 315,52
27,43823 , -0,02000004 , -75,72917 , 315,54
27,54252 , -0,02000004 , -75,74451 , 315,56
27,64679 , -0,02000004 , -75,75991 , 315,58
27,75105 , -0,02000004 , -75,77538 , 315,6
27,8553 , -0,01999998 , -75,79091 , 315,62
27,95954 , -0,0200001 , -75,8065 , 315,64
28,06376 , -0,02000004 , -75,82215 , 315,66
28,16797 , -0,01999998 , -75,83786 , 315,68
28,27217 , -0,01999998 , -75,85362 , 315,7
28,37636 , -0,0200001 , -75,86944 , 315,72
28,48054 , -0,02000004 , -75,88531 , 315,74
28,58471 , -0,01999998 , -75,90123 , 315,76
28,68886 , -0,01999998 , -75,9172 , 315,78
28,79301 , -0,01999998 , -75,93321 , 315,8
28,89714 , -0,0200001 , -75,94928 , 315,82
29,00127 , -0,02000004 , -75,96539 , 315,84
29,10538 , -0,02000004 , -75,98154 , 315,86
29,20949 , -0,02000004 , -75,99773 , 315,88
29,31359 , -0,02000004 , -76,01396 , 315,9
29,41768 , -0,02000004 , -76,03024 , 315,92
29,52177 , -0,02000004 , -76,04655 , 315,94
29,62584 , -0,02000004 , -76,0629 , 315,96
29,72991 , -0,02000004 , -76,07928 , 315,98
29,83397 , -0,02000004 , -76,0957 , 316
29,93802 , -0,01999998 , -76,11214 , 316,02
30,04206 , -0,0200001 , -76,12862 , 316,04
30,1461 , -0,0200001 , -76,14513 , 316,06
30,25014 , -0,0200001 , -76,16167 , 316,08
30,35416 , -0,02000004 , -76,17825 , 316,1
30,45818 , -0,02000004 , -76,19485 , 316,12
30,56219 , -0,01999998 , -76,21148 , 316,14
30,6662 , -0,01999998 , -76,22813 , 316,16
30,7702 , -0,01999998 , -76,24481 , 316,18
30,8742 , -0,0200001 , -76,26152 , 316,2
30,97819 , -0,02000004 , -76,27825 , 316,22
31,08217 , -0,02000004 , -76,29501 , 316,24
31,18616 , -0,02000004 , -76,31178 , 316,26
31,29013 , -0,02000004 , -76,32858 , 316,28
31,3941 , -0,02000004 , -76,34541 , 316,3
31,49808 , -0,02000004 , -76,36221 , 316,32
31,6021 , -0,02000004 , -76,37879 , 316,34
31,70618 , -0,02000004 , -76,39509 , 316,36
31,81033 , -0,02000004 , -76,41108 , 316,38
31,91453 , -0,02000004 , -76,42679 , 316,4
32,0188 , -0,02000004 , -76,44219 , 316,42
32,12314 , -0,02000004 , -76,45727 , 316,44
32,22754 , -0,02000004 , -76,472 , 316,46
32,33203 , -0,02000004 , -76,48627 , 316,48
32,43663 , -0,02000004 , -76,4999 , 316,5
32,54135 , -0,01999998 , -76,51282 , 316,52
32,64619 , -0,01999998 , -76,52508 , 316,54
32,75113 , -0,0200001 , -76,53672 , 316,56
32,85616 , -0,02000004 , -76,54782 , 316,58
32,96127 , -0,02000004 , -76,55843 , 316,6
33,06645 , -0,02000004 , -76,56858 , 316,62
33,17171 , -0,02000004 , -76,57834 , 316,64
33,27702 , -0,02000004 , -76,58773 , 316,66
33,38239 , -0,02000004 , -76,59679 , 316,68
33,48781 , -0,02000004 , -76,60554 , 316,7
33,59327 , -0,02000004 , -76,61403 , 316,72
33,69877 , -0,02000004 , -76,62231 , 316,74
33,73912 , -0,0200001 , -76,62159 , 316,76
33,78429 , -0,0200001 , -76,62202 , 316,78
33,81286 , -0,0200001 , -76,61964 , 316,8
33,84056 , -0,0200001 , -76,6189 , 316,82
33,86965 , -0,0200001 , -76,61835 , 316,84
33,90021 , -0,02000004 , -76,6182 , 316,86
33,93182 , -0,02000004 , -76,61819 , 316,88
33,96432 , -0,02000004 , -76,61817 , 316,9
33,99761 , -0,02000004 , -76,61806 , 316,92
34,03148 , -0,02000004 , -76,61792 , 316,94
34,06602 , -0,02000004 , -76,61774 , 316,96
34,1012 , -0,02000004 , -76,61751 , 316,98
34,13681 , -0,02000004 , -76,61725 , 317
34,17342 , -0,02000004 , -76,61709 , 317,02
34,2107 , -0,02000004 , -76,61684 , 317,04
34,24845 , -0,02000004 , -76,61671 , 317,06
34,28671 , -0,02000004 , -76,61628 , 317,08
34,32346 , -0,02000004 , -76,61593 , 317,1
34,35489 , -0,02000004 , -76,61636 , 317,12
34,38517 , -0,02000004 , -76,61635 , 317,14
34,41498 , -0,02000004 , -76,61617 , 317,16
34,4442 , -0,02000004 , -76,61605 , 317,18
34,47304 , -0,02000004 , -76,61594 , 317,2
34,50248 , -0,01999998 , -76,6157 , 317,22
34,53207 , -0,01999998 , -76,61543 , 317,24
34,56196 , -0,0200001 , -76,61511 , 317,26
34,59202 , -0,02000004 , -76,61475 , 317,28
34,62203 , -0,02000004 , -76,61433 , 317,3
34,65214 , -0,02000004 , -76,61385 , 317,32
34,68221 , -0,02000004 , -76,61333 , 317,34
34,71207 , -0,02000004 , -76,61275 , 317,36
34,74177 , -0,02000004 , -76,61214 , 317,38
34,7714 , -0,02000016 , -76,61147 , 317,4
34,80091 , -0,01999998 , -76,61075 , 317,42
34,83033 , -0,0200001 , -76,61001 , 317,44
34,85972 , -0,0200001 , -76,60921 , 317,46
34,88901 , -0,0200001 , -76,60838 , 317,48
34,91821 , -0,02000004 , -76,60754 , 317,5
34,94739 , -0,02000004 , -76,60663 , 317,52
34,97646 , -0,02000004 , -76,6057 , 317,54
35,00552 , -0,02000004 , -76,60472 , 317,56
35,03443 , -0,02000004 , -76,60371 , 317,58
35,06334 , -0,02000004 , -76,60266 , 317,6
35,09209 , -0,02000004 , -76,60159 , 317,62
35,12098 , -0,02000004 , -76,6005 , 317,64
35,14983 , -0,02000004 , -76,59941 , 317,66
35,17875 , -0,02000004 , -76,59828 , 317,68
35,20761 , -0,01999998 , -76,59715 , 317,7
35,23655 , -0,0200001 , -76,59597 , 317,72
35,2654 , -0,02000004 , -76,5948 , 317,74
35,29432 , -0,02000004 , -76,59358 , 317,76
35,32315 , -0,02000004 , -76,59236 , 317,78
35,35205 , -0,02000004 , -76,5911 , 317,8
35,38086 , -0,02000004 , -76,58984 , 317,82
35,40974 , -0,02000004 , -76,58854 , 317,84
35,43853 , -0,02000004 , -76,58724 , 317,86
35,46739 , -0,02000004 , -76,5859 , 317,88
35,49617 , -0,02000004 , -76,58456 , 317,9
35,52502 , -0,02000004 , -76,58318 , 317,92
35,55377 , -0,02000004 , -76,5818 , 317,94
35,5826 , -0,02000004 , -76,58038 , 317,96
35,61142 , -0,02000004 , -76,57893 , 317,98
35,64022 , -0,02000004 , -76,57745 , 318
35,66903 , -0,02000004 , -76,57595 , 318,02
35,69783 , -0,01999998 , -76,57442 , 318,04
35,72662 , -0,01999998 , -76,57287 , 318,06
35,7554 , -0,01999998 , -76,57129 , 318,08
35,78417 , -0,0200001 , -76,56969 , 318,1
35,81294 , -0,02000004 , -76,56806 , 318,12
35,8417 , -0,02000004 , -76,56641 , 318,14
35,87045 , -0,02000004 , -76,56474 , 318,16
35,8992 , -0,02000004 , -76,56306 , 318,18
35,92793 , -0,02000004 , -76,56135 , 318,2
35,95666 , -0,02000004 , -76,55962 , 318,22
35,98537 , -0,02000004 , -76,55788 , 318,24
36,01409 , -0,02000004 , -76,55613 , 318,26
36,04279 , -0,02000004 , -76,55435 , 318,28
36,07148 , -0,02000004 , -76,55256 , 318,3
36,10017 , -0,02000004 , -76,55075 , 318,32
36,12885 , -0,02000004 , -76,54893 , 318,34
36,15752 , -0,02000004 , -76,5471 , 318,36
36,18618 , -0,02000004 , -76,54526 , 318,38
36,21484 , -0,02000004 , -76,5434 , 318,4
36,24349 , -0,02000004 , -76,54153 , 318,42
36,27213 , -0,02000004 , -76,53964 , 318,44
36,30076 , -0,02000004 , -76,53775 , 318,46
36,32939 , -0,02000004 , -76,53584 , 318,48
36,35801 , -0,02000004 , -76,53393 , 318,5
36,38662 , -0,02000004 , -76,532 , 318,52
36,41523 , -0,02000004 , -76,53006 , 318,54
36,44382 , -0,02000004 , -76,52811 , 318,56
36,47242 , -0,02000004 , -76,52615 , 318,58
36,501 , -0,02000004 , -76,52419 , 318,6
36,52958 , -0,02000004 , -76,52221 , 318,62
36,55815 , -0,02000004 , -76,52023 , 318,64
36,58672 , -0,02000004 , -76,51823 , 318,66
36,61528 , -0,02000004 , -76,51622 , 318,68
36,64384 , -0,02000004 , -76,51421 , 318,7
36,67239 , -0,02000004 , -76,51218 , 318,72
36,70093 , -0,02000004 , -76,51015 , 318,74
36,72947 , -0,01999998 , -76,50812 , 318,76
36,758 , -0,0200001 , -76,50607 , 318,78
36,78653 , -0,02000004 , -76,50402 , 318,8
36,81505 , -0,01999998 , -76,50196 , 318,82
36,84357 , -0,0200001 , -76,49989 , 318,84
36,87208 , -0,02000004 , -76,49782 , 318,86
36,90059 , -0,02000004 , -76,49574 , 318,88
36,92909 , -0,02000004 , -76,49364 , 318,9
36,95759 , -0,02000004 , -76,49155 , 318,92
36,98609 , -0,02000004 , -76,48945 , 318,94
37,01458 , -0,02000004 , -76,48734 , 318,96
37,04307 , -0,02000004 , -76,48523 , 318,98
37,07155 , -0,02000004 , -76,48311 , 319
37,10003 , -0,02000004 , -76,48098 , 319,02
37,1285 , -0,02000004 , -76,47885 , 319,04
37,15697 , -0,02000004 , -76,47672 , 319,06
37,18544 , -0,02000004 , -76,47457 , 319,08
37,21391 , -0,02000004 , -76,47242 , 319,1
37,24237 , -0,02000004 , -76,47027 , 319,12
37,27082 , -0,02000004 , -76,46811 , 319,14
37,29928 , -0,02000004 , -76,46594 , 319,16
37,32773 , -0,02000004 , -76,46378 , 319,18
37,35617 , -0,02000004 , -76,4616 , 319,2
37,38462 , -0,02000004 , -76,45942 , 319,22
37,41306 , -0,02000004 , -76,45724 , 319,24
37,4415 , -0,02000004 , -76,45505 , 319,26
37,46994 , -0,02000004 , -76,45286 , 319,28
37,49837 , -0,02000004 , -76,45066 , 319,3
37,5268 , -0,02000004 , -76,44846 , 319,32
37,55523 , -0,02000004 , -76,44625 , 319,34
37,58366 , -0,02000004 , -76,44404 , 319,36
37,61208 , -0,02000004 , -76,44182 , 319,38
37,6405 , -0,02000004 , -76,4396 , 319,4
37,66892 , -0,02000004 , -76,43737 , 319,42
37,69734 , -0,02000016 , -76,43514 , 319,44
37,72575 , -0,01999998 , -76,43291 , 319,46
37,75417 , -0,0200001 , -76,43067 , 319,48
37,78258 , -0,0200001 , -76,42843 , 319,5
37,81099 , -0,02000004 , -76,42619 , 319,52
37,83939 , -0,01999998 , -76,42393 , 319,54
37,8678 , -0,01999998 , -76,42168 , 319,56
37,8962 , -0,01999998 , -76,41943 , 319,58
37,9246 , -0,01999998 , -76,41717 , 319,6
37,953 , -0,01999998 , -76,4149 , 319,62
37,9814 , -0,0200001 , -76,41264 , 319,64
38,0098 , -0,02000004 , -76,41036 , 319,66
38,0382 , -0,02000004 , -76,40809 , 319,68
38,06659 , -0,02000004 , -76,40581 , 319,7
38,09499 , -0,02000004 , -76,40353 , 319,72
38,12338 , -0,02000004 , -76,40124 , 319,74
38,15177 , -0,02000004 , -76,39895 , 319,76
38,18016 , -0,02000004 , -76,39665 , 319,78
38,20855 , -0,02000004 , -76,39436 , 319,8
38,23694 , -0,02000004 , -76,39205 , 319,82
38,26533 , -0,02000004 , -76,38975 , 319,84
38,29371 , -0,02000004 , -76,38744 , 319,86
38,3221 , -0,02000004 , -76,38512 , 319,88
38,35048 , -0,02000004 , -76,3828 , 319,9
38,37886 , -0,02000004 , -76,38049 , 319,92
38,40725 , -0,02000004 , -76,37817 , 319,94
38,43563 , -0,02000004 , -76,37584 , 319,96
38,46401 , -0,02000004 , -76,37351 , 319,98
38,49239 , -0,01999998 , -76,37118 , 320
38,52077 , -0,01999998 , -76,36884 , 320,02
38,54915 , -0,0200001 , -76,3665 , 320,04
38,57753 , -0,0200001 , -76,36416 , 320,06
38,6059 , -0,02000004 , -76,36182 , 320,08
38,63428 , -0,02000004 , -76,35947 , 320,1
38,66266 , -0,02000004 , -76,35712 , 320,12
38,69104 , -0,02000004 , -76,35476 , 320,14
38,71941 , -0,02000004 , -76,3524 , 320,16
38,74779 , -0,02000004 , -76,35004 , 320,18
38,77616 , -0,02000004 , -76,34767 , 320,2
38,80453 , -0,02000004 , -76,3453 , 320,22
38,83291 , -0,02000004 , -76,34293 , 320,24
38,86128 , -0,02000004 , -76,34055 , 320,26
38,88966 , -0,02000004 , -76,33817 , 320,28
38,91803 , -0,02000004 , -76,33579 , 320,3
38,9464 , -0,02000004 , -76,3334 , 320,32
38,97478 , -0,02000004 , -76,33102 , 320,34
39,00315 , -0,02000004 , -76,32863 , 320,36
39,03152 , -0,02000004 , -76,32623 , 320,38
39,05989 , -0,02000004 , -76,32384 , 320,4
39,08826 , -0,02000004 , -76,32143 , 320,42
39,11664 , -0,02000004 , -76,31903 , 320,44
39,14501 , -0,02000004 , -76,31663 , 320,46
39,17338 , -0,02000004 , -76,31422 , 320,48
39,20175 , -0,02000004 , -76,31181 , 320,5
39,23013 , -0,01999998 , -76,30939 , 320,52
39,2585 , -0,01999992 , -76,30697 , 320,54
39,28687 , -0,0200001 , -76,30455 , 320,56
39,31524 , -0,02000004 , -76,30212 , 320,58
39,34361 , -0,02000004 , -76,2997 , 320,6
39,37198 , -0,02000004 , -76,29726 , 320,62
39,40035 , -0,02000004 , -76,29483 , 320,64
39,42872 , -0,02000016 , -76,2924 , 320,66
39,4571 , -0,01999998 , -76,28996 , 320,68
39,48547 , -0,0200001 , -76,28751 , 320,7
39,51384 , -0,02000004 , -76,28506 , 320,72
39,54221 , -0,02000004 , -76,28262 , 320,74
39,57059 , -0,02000004 , -76,28017 , 320,76
39,59896 , -0,02000004 , -76,27771 , 320,78
39,62733 , -0,02000004 , -76,27525 , 320,8
39,6557 , -0,02000004 , -76,27279 , 320,82
39,68408 , -0,02000004 , -76,27032 , 320,84
39,71245 , -0,02000004 , -76,26786 , 320,86
39,74083 , -0,02000004 , -76,26539 , 320,88
39,7692 , -0,02000004 , -76,26292 , 320,9
39,79757 , -0,02000004 , -76,26044 , 320,92
39,82594 , -0,02000004 , -76,25796 , 320,94
39,85432 , -0,02000004 , -76,25548 , 320,96
39,88269 , -0,02000004 , -76,25299 , 320,98
39,91106 , -0,02000004 , -76,2505 , 321
39,93944 , -0,01999998 , -76,24801 , 321,02
39,9678 , -0,01999998 , -76,24541 , 321,04
39,99613 , -0,01999998 , -76,24251 , 321,06
40,02437 , -0,01999998 , -76,23888 , 321,08
40,05255 , -0,01999998 , -76,23404 , 321,1
40,08065 , -0,0200001 , -76,22792 , 321,12
40,10866 , -0,02000004 , -76,22048 , 321,14
40,13657 , -0,02000004 , -76,21178 , 321,16
40,16438 , -0,01999998 , -76,20188 , 321,18
40,19208 , -0,0200001 , -76,19091 , 321,2
40,21966 , -0,02000004 , -76,17894 , 321,22
40,24711 , -0,02000004 , -76,16606 , 321,24
40,27443 , -0,02000004 , -76,15234 , 321,26
40,30161 , -0,02000004 , -76,13783 , 321,28
40,32866 , -0,01999998 , -76,1226 , 321,3
40,35557 , -0,02000016 , -76,10667 , 321,32
40,38233 , -0,0200001 , -76,09006 , 321,34
40,40893 , -0,02000004 , -76,07275 , 321,36
40,43534 , -0,02000004 , -76,0547 , 321,38
40,46155 , -0,02000004 , -76,03581 , 321,4
40,48754 , -0,02000004 , -76,01607 , 321,42
40,51332 , -0,02000004 , -75,99548 , 321,44
40,53888 , -0,02000004 , -75,97406 , 321,46
40,56421 , -0,02000004 , -75,95184 , 321,48
40,58929 , -0,02000004 , -75,92881 , 321,5
40,6141 , -0,01999998 , -75,90495 , 321,52
40,63853 , -0,0200001 , -75,88008 , 321,54
40,66256 , -0,0200001 , -75,85411 , 321,56
40,68609 , -0,0200001 , -75,8269 , 321,58
40,70918 , -0,0200001 , -75,79845 , 321,6
40,73184 , -0,0200001 , -75,76887 , 321,62
40,75407 , -0,02000004 , -75,73822 , 321,64
40,77589 , -0,02000004 , -75,70661 , 321,66
40,79726 , -0,02000004 , -75,6741 , 321,68
40,8182 , -0,02000004 , -75,64075 , 321,7
40,83868 , -0,02000004 , -75,60662 , 321,72
40,85871 , -0,02000004 , -75,57173 , 321,74
40,8783 , -0,02000004 , -75,53614 , 321,76
40,89745 , -0,02000004 , -75,49988 , 321,78
40,91617 , -0,02000004 , -75,463 , 321,8
40,93445 , -0,02000004 , -75,42552 , 321,82
40,9523 , -0,02000022 , -75,38749 , 321,84
40,96973 , -0,02000016 , -75,34893 , 321,86
40,98672 , -0,02000016 , -75,30988 , 321,88
41,0033 , -0,01999998 , -75,27035 , 321,9
41,01946 , -0,01999998 , -75,23038 , 321,92
41,03523 , -0,0200001 , -75,19 , 321,94
41,05063 , -0,02000004 , -75,14926 , 321,96
41,06566 , -0,02000004 , -75,10819 , 321,98
41,08049 , -0,02000004 , -75,06677 , 322
41,09561 , -0,02000004 , -75,02491 , 322,02
41,11209 , -0,02000004 , -74,98256 , 322,04
41,12927 , -0,02000004 , -74,93982 , 322,06
41,14707 , -0,02000004 , -74,89672 , 322,08
41,16543 , -0,02000004 , -74,85329 , 322,1
41,18662 , -0,02000004 , -74,80493 , 322,12
41,21035 , -0,01999998 , -74,75213 , 322,14
41,23633 , -0,0200001 , -74,6953 , 322,16
41,26429 , -0,0200001 , -74,63484 , 322,18
41,29398 , -0,0200001 , -74,57108 , 322,2
41,32521 , -0,0200001 , -74,50433 , 322,22
41,35775 , -0,0200001 , -74,43485 , 322,24
41,39145 , -0,0200001 , -74,36292 , 322,26
41,42622 , -0,0200001 , -74,28878 , 322,28
41,46193 , -0,0200001 , -74,21265 , 322,3
41,49849 , -0,02000004 , -74,13472 , 322,32
41,53582 , -0,02000004 , -74,05519 , 322,34
41,57383 , -0,02000004 , -73,9742 , 322,36
41,61246 , -0,02000004 , -73,89191 , 322,38
41,65163 , -0,02000004 , -73,80843 , 322,4
41,6913 , -0,01999998 , -73,72388 , 322,42
41,73137 , -0,0200001 , -73,63837 , 322,44
41,77179 , -0,02000022 , -73,55196 , 322,46
41,81249 , -0,02000022 , -73,46474 , 322,48
41,85345 , -0,02000016 , -73,3768 , 322,5
41,89461 , -0,01999998 , -73,28817 , 322,52
41,93594 , -0,0200001 , -73,19894 , 322,54
41,97739 , -0,0200001 , -73,10914 , 322,56
42,01894 , -0,02000004 , -73,01882 , 322,58
42,06058 , -0,02000004 , -72,92805 , 322,6
42,1023 , -0,02000004 , -72,83685 , 322,62
42,14409 , -0,02000004 , -72,74528 , 322,64
42,18594 , -0,02000004 , -72,65337 , 322,66
42,22786 , -0,02000004 , -72,56116 , 322,68
42,26982 , -0,02000004 , -72,46867 , 322,7
42,31184 , -0,02000004 , -72,37593 , 322,72
42,3539 , -0,01999998 , -72,28298 , 322,74
42,39603 , -0,01999998 , -72,18984 , 322,76
42,4382 , -0,01999998 , -72,09653 , 322,78
42,48042 , -0,01999998 , -72,00306 , 322,8
42,52269 , -0,0200001 , -71,90946 , 322,82
42,56501 , -0,0200001 , -71,81574 , 322,84
42,60738 , -0,02000004 , -71,72192 , 322,86
42,64979 , -0,02000004 , -71,628 , 322,88
42,69225 , -0,02000004 , -71,534 , 322,9
42,73474 , -0,02000004 , -71,43993 , 322,92
42,77729 , -0,02000004 , -71,34579 , 322,94
42,81987 , -0,01999998 , -71,25159 , 322,96
42,86248 , -0,0200001 , -71,15735 , 322,98
42,90506 , -0,0200001 , -71,06303 , 323
42,94757 , -0,0200001 , -70,96861 , 323,02
42,98999 , -0,02000004 , -70,8741 , 323,04
43,03231 , -0,02000004 , -70,7795 , 323,06
43,07457 , -0,02000004 , -70,68483 , 323,08
43,11675 , -0,02000004 , -70,59009 , 323,1
43,15888 , -0,02000004 , -70,49528 , 323,12
43,20096 , -0,02000016 , -70,40043 , 323,14
43,243 , -0,0200001 , -70,30553 , 323,16
43,28499 , -0,0200001 , -70,21058 , 323,18
43,32695 , -0,02000004 , -70,11559 , 323,2
43,36889 , -0,02000004 , -70,02058 , 323,22
43,4108 , -0,02000004 , -69,92553 , 323,24
43,45268 , -0,02000004 , -69,83045 , 323,26
43,49455 , -0,02000004 , -69,73535 , 323,28
43,5364 , -0,02000004 , -69,64023 , 323,3
43,57823 , -0,02000004 , -69,54509 , 323,32
43,62005 , -0,02000004 , -69,44994 , 323,34
43,66186 , -0,01999998 , -69,35477 , 323,36
43,70366 , -0,01999998 , -69,25958 , 323,38
43,74545 , -0,01999998 , -69,16439 , 323,4
43,78724 , -0,01999998 , -69,06918 , 323,42
43,82901 , -0,0200001 , -68,97397 , 323,44
43,87078 , -0,0200001 , -68,87875 , 323,46
43,91255 , -0,02000004 , -68,78352 , 323,48
43,95432 , -0,02000004 , -68,68828 , 323,5
43,99607 , -0,02000004 , -68,59304 , 323,52
44,03783 , -0,02000004 , -68,4978 , 323,54
44,07958 , -0,02000004 , -68,40254 , 323,56
44,12133 , -0,02000004 , -68,30729 , 323,58
44,16308 , -0,02000004 , -68,21203 , 323,6
44,20483 , -0,02000004 , -68,11677 , 323,62
44,24657 , -0,02000004 , -68,02151 , 323,64
44,28832 , -0,02000004 , -67,92624 , 323,66
44,33006 , -0,02000004 , -67,83097 , 323,68
44,37181 , -0,01999998 , -67,7357 , 323,7
44,41351 , -0,0200001 , -67,64041 , 323,72
44,45511 , -0,0200001 , -67,54507 , 323,74
44,49657 , -0,0200001 , -67,44965 , 323,76
44,53786 , -0,0200001 , -67,35416 , 323,78
44,57897 , -0,0200001 , -67,25859 , 323,8
44,61988 , -0,0200001 , -67,16292 , 323,82
44,6606 , -0,0200001 , -67,06716 , 323,84
44,70111 , -0,0200001 , -66,97131 , 323,86
44,74144 , -0,02000004 , -66,87537 , 323,88
44,78156 , -0,02000004 , -66,77933 , 323,9
44,8215 , -0,02000016 , -66,6832 , 323,92
44,86126 , -0,02000016 , -66,587 , 323,94
44,90086 , -0,02000016 , -66,49072 , 323,96
44,94032 , -0,02000016 , -66,39438 , 323,98
44,97965 , -0,0200001 , -66,29797 , 324
45,01882 , -0,02000004 , -66,2015 , 324,02
45,05777 , -0,02000004 , -66,10493 , 324,04
45,09647 , -0,02000004 , -66,00825 , 324,06
45,13495 , -0,02000016 , -65,91147 , 324,08
45,17319 , -0,0200001 , -65,81458 , 324,1
45,21121 , -0,01999992 , -65,7176 , 324,12
45,24899 , -0,01999992 , -65,62051 , 324,14
45,2865 , -0,01999992 , -65,5233 , 324,16
45,32378 , -0,01999992 , -65,42599 , 324,18
45,36084 , -0,02000004 , -65,3286 , 324,2
45,39769 , -0,01999998 , -65,23111 , 324,22
45,43437 , -0,0200001 , -65,13354 , 324,24
45,47087 , -0,02000004 , -65,0359 , 324,26
45,50721 , -0,02000004 , -64,93819 , 324,28
45,54333 , -0,02000004 , -64,84039 , 324,3
45,57908 , -0,02000004 , -64,74244 , 324,32
45,61424 , -0,02000004 , -64,64426 , 324,34
45,64867 , -0,02000004 , -64,54581 , 324,36
45,68218 , -0,02000004 , -64,44704 , 324,38
45,71472 , -0,01999998 , -64,34792 , 324,4
45,74628 , -0,0200001 , -64,24846 , 324,42
45,77692 , -0,02000004 , -64,14869 , 324,44
45,80672 , -0,01999998 , -64,04863 , 324,46
45,83576 , -0,0200001 , -63,94831 , 324,48
45,86409 , -0,02000004 , -63,84776 , 324,5
45,89178 , -0,02000004 , -63,74698 , 324,52
45,91888 , -0,02000004 , -63,64601 , 324,54
45,94535 , -0,02000004 , -63,54484 , 324,56
45,9711 , -0,02000004 , -63,44344 , 324,58
45,99603 , -0,02000004 , -63,3418 , 324,6
46,01997 , -0,02000016 , -63,23988 , 324,62
46,04284 , -0,02000016 , -63,13769 , 324,64
46,06446 , -0,01999998 , -63,03519 , 324,66
46,08463 , -0,01999998 , -62,93237 , 324,68
46,10324 , -0,01999998 , -62,82922 , 324,7
46,12009 , -0,01999998 , -62,72575 , 324,72
46,13502 , -0,0200001 , -62,62196 , 324,74
46,1479 , -0,02000004 , -62,51788 , 324,76
46,15871 , -0,02000016 , -62,41352 , 324,78
46,16747 , -0,01999998 , -62,30892 , 324,8
46,17419 , -0,01999998 , -62,20411 , 324,82
46,17892 , -0,01999998 , -62,09911 , 324,84
46,1817 , -0,0200001 , -61,99395 , 324,86
46,18294 , -0,0200001 , -61,88865 , 324,88
46,18305 , -0,0200001 , -61,78324 , 324,9
46,18235 , -0,0200001 , -61,67775 , 324,92
46,18103 , -0,0200001 , -61,57219 , 324,94
46,17923 , -0,0200001 , -61,46658 , 324,96
46,17696 , -0,0200001 , -61,36096 , 324,98
46,17414 , -0,0200001 , -61,25533 , 325
46,17058 , -0,0200001 , -61,14974 , 325,02
46,1661 , -0,02000004 , -61,04423 , 325,04
46,16042 , -0,02000016 , -60,93885 , 325,06
46,15347 , -0,02000016 , -60,83366 , 325,08
46,14519 , -0,02000016 , -60,72867 , 325,1
46,13551 , -0,0200001 , -60,62391 , 325,12
46,12433 , -0,0200001 , -60,51944 , 325,14
46,11155 , -0,02000004 , -60,4153 , 325,16
46,09716 , -0,02000016 , -60,31152 , 325,18
46,08113 , -0,01999998 , -60,20812 , 325,2
46,06351 , -0,0200001 , -60,10511 , 325,22
46,04441 , -0,0200001 , -60,00247 , 325,24
46,02395 , -0,0200001 , -59,90018 , 325,26
46,00219 , -0,0200001 , -59,79823 , 325,28
45,97917 , -0,0200001 , -59,69662 , 325,3
45,95486 , -0,02000004 , -59,59538 , 325,32
45,92914 , -0,02000004 , -59,49458 , 325,34
45,90182 , -0,02000004 , -59,39433 , 325,36
45,87274 , -0,02000004 , -59,29473 , 325,38
45,84182 , -0,02000004 , -59,19587 , 325,4
45,80904 , -0,02000004 , -59,09777 , 325,42
45,77451 , -0,02000004 , -59,00042 , 325,44
45,73838 , -0,02000004 , -58,90375 , 325,46
45,70077 , -0,02000004 , -58,80771 , 325,48
45,66179 , -0,02000004 , -58,71227 , 325,5
45,62154 , -0,02000004 , -58,61739 , 325,52
45,58012 , -0,02000004 , -58,52303 , 325,54
45,53759 , -0,02000004 , -58,42917 , 325,56
45,49403 , -0,01999998 , -58,33578 , 325,58
45,44951 , -0,01999998 , -58,24284 , 325,6
45,40408 , -0,01999998 , -58,15032 , 325,62
45,35781 , -0,0200001 , -58,05821 , 325,64
45,31073 , -0,0200001 , -57,9665 , 325,66
45,26289 , -0,0200001 , -57,87515 , 325,68
45,21434 , -0,0200001 , -57,78417 , 325,7
45,1651 , -0,02000004 , -57,69354 , 325,72
45,11522 , -0,01999998 , -57,60324 , 325,74
45,06472 , -0,0200001 , -57,51327 , 325,76
45,01362 , -0,0200001 , -57,42361 , 325,78
44,96197 , -0,02000004 , -57,33427 , 325,8
44,90977 , -0,02000004 , -57,24522 , 325,82
44,85706 , -0,02000004 , -57,15646 , 325,84
44,80385 , -0,02000022 , -57,06798 , 325,86
44,75016 , -0,02000004 , -56,97978 , 325,88
44,69601 , -0,02000004 , -56,89185 , 325,9
44,64143 , -0,02000004 , -56,80419 , 325,92
44,58641 , -0,02000004 , -56,71678 , 325,94
44,53098 , -0,01999998 , -56,62963 , 325,96
44,47515 , -0,01999998 , -56,54272 , 325,98
44,41894 , -0,01999998 , -56,45605 , 326
44,36235 , -0,01999998 , -56,36963 , 326,02
44,3054 , -0,01999998 , -56,28343 , 326,04
44,24811 , -0,01999998 , -56,19746 , 326,06
44,19047 , -0,01999998 , -56,11171 , 326,08
44,1325 , -0,0200001 , -56,02619 , 326,1
44,07421 , -0,02000004 , -55,94088 , 326,12
44,01561 , -0,02000004 , -55,85577 , 326,14
43,95671 , -0,02000004 , -55,77088 , 326,16
43,89751 , -0,02000004 , -55,68618 , 326,18
43,83809 , -0,02000004 , -55,60165 , 326,2
43,77853 , -0,02000004 , -55,5172 , 326,22
43,7189 , -0,02000004 , -55,43279 , 326,24
43,65927 , -0,02000016 , -55,34837 , 326,26
43,59965 , -0,0200001 , -55,26392 , 326,28
43,54008 , -0,02000004 , -55,17943 , 326,3
43,48055 , -0,02000004 , -55,09491 , 326,32
43,42101 , -0,02000004 , -55,01038 , 326,34
43,36144 , -0,02000016 , -54,92587 , 326,36
43,30184 , -0,01999998 , -54,84137 , 326,38
43,24218 , -0,01999998 , -54,75691 , 326,4
43,18247 , -0,01999998 , -54,67249 , 326,42
43,12254 , -0,0200001 , -54,58823 , 326,44
43,06213 , -0,0200001 , -54,50433 , 326,46
43,001 , -0,02000004 , -54,42101 , 326,48
42,93887 , -0,02000022 , -54,33853 , 326,5
42,87553 , -0,02000004 , -54,25712 , 326,52
42,81088 , -0,02000004 , -54,1769 , 326,54
42,74487 , -0,02000004 , -54,09797 , 326,56
42,67749 , -0,02000004 , -54,02035 , 326,58
42,60887 , -0,02000004 , -53,94392 , 326,6
42,53913 , -0,01999998 , -53,86858 , 326,62
42,46835 , -0,0200001 , -53,79424 , 326,64
42,39663 , -0,02000004 , -53,72082 , 326,66
42,32405 , -0,02000004 , -53,64825 , 326,68
42,25066 , -0,01999998 , -53,57646 , 326,7
42,17654 , -0,01999998 , -53,50541 , 326,72
42,10174 , -0,01999998 , -53,43502 , 326,74
42,02631 , -0,01999998 , -53,36528 , 326,76
41,95029 , -0,01999998 , -53,29612 , 326,78
41,87371 , -0,01999998 , -53,22754 , 326,8
41,79665 , -0,01999998 , -53,15946 , 326,82
41,71912 , -0,01999998 , -53,09185 , 326,84
41,64116 , -0,0200001 , -53,02469 , 326,86
41,56277 , -0,0200001 , -52,95798 , 326,88
41,48398 , -0,02000004 , -52,89169 , 326,9
41,40482 , -0,02000004 , -52,82581 , 326,92
41,3253 , -0,02000004 , -52,76031 , 326,94
41,24544 , -0,02000004 , -52,69519 , 326,96
41,16526 , -0,02000004 , -52,63042 , 326,98
41,08478 , -0,02000016 , -52,56599 , 327
41,00401 , -0,01999998 , -52,50189 , 327,02
40,92296 , -0,01999998 , -52,4381 , 327,04
40,84165 , -0,01999998 , -52,37461 , 327,06
40,76008 , -0,01999998 , -52,31142 , 327,08
40,67828 , -0,0200001 , -52,24852 , 327,1
40,59624 , -0,02000004 , -52,18589 , 327,12
40,51397 , -0,02000004 , -52,12353 , 327,14
40,4315 , -0,02000004 , -52,06142 , 327,16
40,34881 , -0,02000016 , -51,99957 , 327,18
40,26592 , -0,0200001 , -51,93795 , 327,2
40,18285 , -0,0200001 , -51,87658 , 327,22
40,09958 , -0,0200001 , -51,81544 , 327,24
40,01614 , -0,0200001 , -51,75452 , 327,26
39,93252 , -0,02000004 , -51,69383 , 327,28
39,84874 , -0,02000016 , -51,63335 , 327,3
39,76479 , -0,02000016 , -51,57307 , 327,32
39,68068 , -0,0200001 , -51,513 , 327,34
39,59639 , -0,0200001 , -51,45318 , 327,36
39,51185 , -0,02000004 , -51,3937 , 327,38
39,42699 , -0,02000022 , -51,33465 , 327,4
39,34185 , -0,02000022 , -51,27602 , 327,42
39,25642 , -0,02000004 , -51,21777 , 327,44
39,17073 , -0,02000004 , -51,1599 , 327,46
39,08478 , -0,02000016 , -51,10241 , 327,48
38,99857 , -0,01999998 , -51,04528 , 327,5
38,91209 , -0,02000016 , -50,98855 , 327,52
38,82531 , -0,01999998 , -50,93227 , 327,54
38,73823 , -0,01999998 , -50,87643 , 327,56
38,65085 , -0,0200001 , -50,82104 , 327,58
38,5632 , -0,0200001 , -50,76606 , 327,6
38,47531 , -0,02000004 , -50,71145 , 327,62
38,38721 , -0,02000004 , -50,65715 , 327,64
38,2989 , -0,02000004 , -50,60315 , 327,66
38,21041 , -0,02000004 , -50,54944 , 327,68
38,12175 , -0,02000004 , -50,49599 , 327,7
38,03292 , -0,02000004 , -50,44281 , 327,72
37,94392 , -0,02000004 , -50,38986 , 327,74
37,85478 , -0,02000022 , -50,33715 , 327,76
37,76546 , -0,02000004 , -50,28473 , 327,78
37,6758 , -0,02000004 , -50,23285 , 327,8
37,58565 , -0,02000004 , -50,18186 , 327,82
37,49487 , -0,02000004 , -50,13202 , 327,84
37,40346 , -0,02000004 , -50,0834 , 327,86
37,31143 , -0,01999998 , -50,03597 , 327,88
37,21883 , -0,0200001 , -49,98967 , 327,9
37,12569 , -0,02000004 , -49,9444 , 327,92
37,03207 , -0,02000004 , -49,90008 , 327,94
36,93803 , -0,02000004 , -49,85659 , 327,96
36,8436 , -0,02000004 , -49,81386 , 327,98
36,74882 , -0,02000004 , -49,77182 , 328
36,65372 , -0,02000004 , -49,73041 , 328,02
36,55832 , -0,02000004 , -49,68958 , 328,04
36,46263 , -0,02000004 , -49,64935 , 328,06
36,3666 , -0,02000004 , -49,60983 , 328,08
36,27022 , -0,02000004 , -49,57108 , 328,1
36,17347 , -0,02000004 , -49,53319 , 328,12
36,07634 , -0,02000004 , -49,49617 , 328,14
35,97888 , -0,02000004 , -49,45992 , 328,16
35,88112 , -0,02000004 , -49,42439 , 328,18
35,78311 , -0,02000004 , -49,38941 , 328,2
35,68489 , -0,02000004 , -49,35489 , 328,22
35,5865 , -0,02000004 , -49,32077 , 328,24
35,48796 , -0,02000004 , -49,28695 , 328,26
35,38928 , -0,02000004 , -49,25344 , 328,28
35,29052 , -0,02000004 , -49,22011 , 328,3
35,19176 , -0,02000004 , -49,18669 , 328,32
35,09324 , -0,02000004 , -49,15268 , 328,34
34,99525 , -0,02000004 , -49,11748 , 328,36
34,89836 , -0,01999998 , -49,08017 , 328,38
34,80303 , -0,01999998 , -49,04022 , 328,4
34,70969 , -0,02000016 , -48,9972 , 328,42
34,6186 , -0,02000016 , -48,95096 , 328,44
34,52989 , -0,01999998 , -48,90149 , 328,46
34,44354 , -0,0200001 , -48,84895 , 328,48
34,35942 , -0,02000004 , -48,79354 , 328,5
34,2774 , -0,02000004 , -48,73547 , 328,52
34,19749 , -0,02000004 , -48,67486 , 328,54
34,1197 , -0,02000004 , -48,61179 , 328,56
34,04418 , -0,02000004 , -48,54625 , 328,58
33,97113 , -0,02000004 , -48,47823 , 328,6
33,90067 , -0,02000004 , -48,40775 , 328,62
33,83291 , -0,02000004 , -48,33488 , 328,64
33,76796 , -0,02000022 , -48,25967 , 328,66
33,70576 , -0,02000004 , -48,18225 , 328,68
33,64635 , -0,02000004 , -48,10271 , 328,7
33,58974 , -0,02000004 , -48,02117 , 328,72
33,53599 , -0,02000004 , -47,93769 , 328,74
33,48509 , -0,02000016 , -47,85238 , 328,76
33,43691 , -0,01999998 , -47,76538 , 328,78
33,39135 , -0,01999998 , -47,67681 , 328,8
33,34835 , -0,01999998 , -47,58677 , 328,82
33,3077 , -0,01999998 , -47,4954 , 328,84
33,26924 , -0,0200001 , -47,40282 , 328,86
33,2328 , -0,02000004 , -47,30913 , 328,88
33,19824 , -0,02000004 , -47,21442 , 328,9
33,16544 , -0,02000022 , -47,1188 , 328,92
33,13428 , -0,02000004 , -47,02232 , 328,94
33,10467 , -0,02000004 , -46,92508 , 328,96
33,0765 , -0,02000004 , -46,82712 , 328,98
33,04971 , -0,02000016 , -46,72851 , 329
33,02416 , -0,02000016 , -46,62931 , 329,02
32,99962 , -0,01999998 , -46,5296 , 329,04
32,97587 , -0,01999998 , -46,42946 , 329,06
32,95271 , -0,01999998 , -46,32896 , 329,08
32,93009 , -0,01999998 , -46,22813 , 329,1
32,90789 , -0,02000016 , -46,12702 , 329,12
32,88607 , -0,0200001 , -46,02566 , 329,14
32,86457 , -0,02000004 , -45,92408 , 329,16
32,84327 , -0,02000004 , -45,82233 , 329,18
32,82212 , -0,02000004 , -45,72042 , 329,2
32,80111 , -0,02000004 , -45,61838 , 329,22
32,78027 , -0,02000004 , -45,5162 , 329,24
32,75963 , -0,02000004 , -45,41388 , 329,26
32,73922 , -0,02000004 , -45,31144 , 329,28
32,71904 , -0,01999998 , -45,20887 , 329,3
32,69913 , -0,01999998 , -45,10618 , 329,32
32,67949 , -0,01999998 , -45,00336 , 329,34
32,66031 , -0,01999998 , -44,90039 , 329,36
32,6418 , -0,01999998 , -44,79724 , 329,38
32,62419 , -0,01999998 , -44,69386 , 329,4
32,60765 , -0,01999998 , -44,59024 , 329,42
32,5922 , -0,01999998 , -44,48639 , 329,44
32,57785 , -0,01999998 , -44,38232 , 329,46
32,56453 , -0,01999998 , -44,27805 , 329,48
32,55217 , -0,0200001 , -44,17359 , 329,5
32,54071 , -0,0200001 , -44,06896 , 329,52
32,53009 , -0,0200001 , -43,96417 , 329,54
32,52026 , -0,0200001 , -43,85924 , 329,56
32,51117 , -0,0200001 , -43,75417 , 329,58
32,50279 , -0,0200001 , -43,64898 , 329,6
32,49508 , -0,02000004 , -43,54367 , 329,62
32,48796 , -0,02000004 , -43,43827 , 329,64
32,48095 , -0,02000004 , -43,33281 , 329,66
32,4735 , -0,02000004 , -43,2274 , 329,68
32,46537 , -0,02000004 , -43,12208 , 329,7
32,45662 , -0,02000004 , -43,01683 , 329,72
32,44733 , -0,02000004 , -42,91166 , 329,74
32,4376 , -0,02000004 , -42,80654 , 329,76
32,42748 , -0,02000004 , -42,70147 , 329,78
32,41704 , -0,02000004 , -42,59643 , 329,8
32,40633 , -0,02000004 , -42,49142 , 329,82
32,39548 , -0,02000022 , -42,38642 , 329,84
32,38467 , -0,02000016 , -42,2814 , 329,86
32,37403 , -0,02000016 , -42,17634 , 329,88
32,36356 , -0,01999998 , -42,07124 , 329,9
32,35499 , -0,01999998 , -41,97749 , 329,92
32,34812 , -0,01999998 , -41,89397 , 329,94
32,34279 , -0,01999998 , -41,81964 , 329,96
32,33884 , -0,01999998 , -41,7536 , 329,98
32,33613 , -0,01999998 , -41,695 , 330
32,3344 , -0,01999998 , -41,64312 , 330,02
32,3333 , -0,01999998 , -41,59727 , 330,04
32,3326 , -0,01999998 , -41,55685 , 330,06
32,33215 , -0,01999998 , -41,52133 , 330,08
32,33186 , -0,01999998 , -41,4902 , 330,1
32,33168 , -0,01999998 , -41,46303 , 330,12
32,33157 , -0,01999998 , -41,43943 , 330,14
32,33149 , -0,01999998 , -41,41904 , 330,16
32,33145 , -0,01999998 , -41,40153 , 330,18
32,33142 , -0,01999998 , -41,38662 , 330,2
32,3314 , -0,01999998 , -41,37405 , 330,22
32,33139 , -0,01999998 , -41,36358 , 330,24
32,33138 , -0,01999998 , -41,35501 , 330,26
32,33138 , -0,01999998 , -41,34814 , 330,28
32,33137 , -0,01999998 , -41,34281 , 330,3
32,33137 , -0,01999998 , -41,33886 , 330,32
32,33137 , -0,01999998 , -41,33615 , 330,34
32,33137 , -0,01999998 , -41,33442 , 330,36
32,33137 , -0,01999998 , -41,33372 , 330,38
32,33137 , -0,01999998 , -41,33302 , 330,4
32,33137 , -0,01999998 , -41,33278 , 330,42
32,33137 , -0,01999998 , -41,33276 , 330,44
32,33137 , -0,01999998 , -41,33286 , 330,46
32,33137 , -0,01999998 , -41,33299 , 330,48
32,33137 , -0,01999998 , -41,33313 , 330,5
32,33137 , -0,01999998 , -41,33326 , 330,52
32,33137 , -0,01999998 , -41,33336 , 330,54
32,33137 , -0,01999998 , -41,33344 , 330,56
32,33137 , -0,01999998 , -41,33344 , 330,58
32,33137 , -0,01999998 , -41,33344 , 330,6
32,33137 , -0,01999998 , -41,33344 , 330,62
32,33137 , -0,01999998 , -41,33344 , 330,64
32,33117 , -0,01999998 , -41,32277 , 330,66
32,3311 , -0,01999998 , -41,30248 , 330,68
32,3314 , -0,0200001 , -41,27354 , 330,7
32,33237 , -0,02000004 , -41,23687 , 330,72
32,33408 , -0,02000004 , -41,19328 , 330,74
32,33747 , -0,02000004 , -41,14367 , 330,76
32,34417 , -0,02000004 , -41,08924 , 330,78
32,35658 , -0,02000004 , -41,03206 , 330,8
32,3779 , -0,02000004 , -40,97784 , 330,82
32,40746 , -0,02000004 , -40,9326 , 330,84
32,44186 , -0,02000004 , -40,90035 , 330,86
32,47836 , -0,02000004 , -40,88175 , 330,88
32,51566 , -0,02000004 , -40,87608 , 330,9
32,55296 , -0,02000004 , -40,88073 , 330,92
32,58991 , -0,02000004 , -40,89481 , 330,94
32,62632 , -0,02000004 , -40,91746 , 330,96
32,66195 , -0,01999998 , -40,94793 , 330,98
32,69679 , -0,01999998 , -40,98546 , 331
32,73088 , -0,01999998 , -41,02937 , 331,02
32,76425 , -0,01999998 , -41,07902 , 331,04
32,79692 , -0,01999998 , -41,13387 , 331,06
32,82895 , -0,0200001 , -41,19339 , 331,08
32,86037 , -0,02000004 , -41,25713 , 331,1
32,89121 , -0,02000004 , -41,32467 , 331,12
32,92151 , -0,02000004 , -41,39565 , 331,14
32,95129 , -0,02000004 , -41,46972 , 331,16
32,98059 , -0,02000004 , -41,54658 , 331,18
33,00943 , -0,02000004 , -41,62597 , 331,2
33,03784 , -0,02000004 , -41,70763 , 331,22
33,06583 , -0,01999998 , -41,79135 , 331,24
33,09342 , -0,0200001 , -41,87692 , 331,26
33,12063 , -0,02000004 , -41,96417 , 331,28
33,14748 , -0,01999998 , -42,05294 , 331,3
33,17399 , -0,01999998 , -42,14308 , 331,32
33,20017 , -0,01999998 , -42,23445 , 331,34
33,22603 , -0,02000016 , -42,32695 , 331,36
33,25158 , -0,02000016 , -42,42046 , 331,38
33,27685 , -0,0200001 , -42,51488 , 331,4
33,30183 , -0,0200001 , -42,61014 , 331,42
33,32655 , -0,02000004 , -42,70615 , 331,44
33,351 , -0,01999998 , -42,80284 , 331,46
33,37521 , -0,01999998 , -42,90015 , 331,48
33,39917 , -0,01999998 , -42,99802 , 331,5
33,4229 , -0,01999998 , -43,09639 , 331,52
33,44641 , -0,02000016 , -43,19523 , 331,54
33,46971 , -0,01999998 , -43,29449 , 331,56
33,49279 , -0,01999998 , -43,39413 , 331,58
33,51568 , -0,01999998 , -43,49412 , 331,6
33,53838 , -0,01999998 , -43,59442 , 331,62
33,56089 , -0,01999998 , -43,69501 , 331,64
33,58323 , -0,01999998 , -43,79586 , 331,66
33,60539 , -0,0200001 , -43,89694 , 331,68
33,62739 , -0,0200001 , -43,99825 , 331,7
33,64906 , -0,02000004 , -44,09979 , 331,72
33,67001 , -0,02000004 , -44,20164 , 331,74
33,69003 , -0,01999998 , -44,30383 , 331,76
33,70921 , -0,01999998 , -44,40632 , 331,78
33,72763 , -0,0200001 , -44,50908 , 331,8
33,74538 , -0,02000004 , -44,61208 , 331,82
33,76242 , -0,02000004 , -44,71531 , 331,84
33,77857 , -0,02000004 , -44,81879 , 331,86
33,79355 , -0,02000004 , -44,92255 , 331,88
33,80702 , -0,02000004 , -45,0266 , 331,9
33,81904 , -0,02000004 , -45,13091 , 331,92
33,82978 , -0,02000016 , -45,23546 , 331,94
33,83938 , -0,0200001 , -45,34023 , 331,96
33,84798 , -0,02000004 , -45,44518 , 331,98
33,85571 , -0,02000004 , -45,5503 , 332
33,86267 , -0,02000004 , -45,65557 , 332,02
33,86897 , -0,02000004 , -45,76097 , 332,04
33,8747 , -0,01999998 , -45,86649 , 332,06
33,87985 , -0,0200001 , -45,97213 , 332,08
33,88383 , -0,0200001 , -46,07789 , 332,1
33,8861 , -0,02000004 , -46,18376 , 332,12
33,88646 , -0,02000004 , -46,28963 , 332,14
33,885 , -0,02000004 , -46,39536 , 332,16
33,88189 , -0,02000004 , -46,5009 , 332,18
33,87705 , -0,02000004 , -46,60623 , 332,2
33,87024 , -0,02000004 , -46,71123 , 332,22
33,86152 , -0,02000004 , -46,81591 , 332,24
33,85096 , -0,02000004 , -46,92026 , 332,26
33,83855 , -0,02000004 , -47,02424 , 332,28
33,82426 , -0,02000004 , -47,12782 , 332,3
33,80785 , -0,02000004 , -47,23087 , 332,32
33,7891 , -0,02000022 , -47,33325 , 332,34
33,76794 , -0,02000016 , -47,43489 , 332,36
33,74438 , -0,01999998 , -47,53576 , 332,38
33,71855 , -0,01999998 , -47,63584 , 332,4
33,69053 , -0,01999998 , -47,73515 , 332,42
33,66056 , -0,0200001 , -47,83379 , 332,44
33,6288 , -0,0200001 , -47,93179 , 332,46
33,59551 , -0,02000004 , -48,02926 , 332,48
33,56094 , -0,02000004 , -48,12631 , 332,5
33,5253 , -0,02000004 , -48,22303 , 332,52
33,4886 , -0,02000004 , -48,31939 , 332,54
33,4507 , -0,02000004 , -48,4153 , 332,56
33,41151 , -0,02000004 , -48,51067 , 332,58
33,37094 , -0,02000004 , -48,60544 , 332,6
33,32891 , -0,02000004 , -48,69951 , 332,62
33,28532 , -0,01999998 , -48,79279 , 332,64
33,24014 , -0,01999998 , -48,88522 , 332,66
33,1932 , -0,01999998 , -48,97664 , 332,68
33,14449 , -0,01999998 , -49,06699 , 332,7
33,09389 , -0,01999998 , -49,15614 , 332,72
33,04118 , -0,01999998 , -49,24384 , 332,74
32,98629 , -0,01999998 , -49,32992 , 332,76
32,92888 , -0,01999998 , -49,41396 , 332,78
32,86866 , -0,0200001 , -49,49541 , 332,8
32,8055 , -0,0200001 , -49,57395 , 332,82
32,73933 , -0,02000004 , -49,64923 , 332,84
32,67019 , -0,02000004 , -49,72104 , 332,86
32,59816 , -0,01999998 , -49,78923 , 332,88
32,52339 , -0,01999992 , -49,85381 , 332,9
32,44613 , -0,02000004 , -49,9151 , 332,92
32,36664 , -0,02000004 , -49,97342 , 332,94
32,28517 , -0,02000004 , -50,02918 , 332,96
32,20197 , -0,02000004 , -50,08274 , 332,98
32,11725 , -0,02000004 , -50,13443 , 333
32,03119 , -0,02000004 , -50,18449 , 333,02
31,94396 , -0,02000004 , -50,2332 , 333,04
31,85573 , -0,02000004 , -50,28076 , 333,06
31,76662 , -0,02000004 , -50,32739 , 333,08
31,67667 , -0,02000004 , -50,37305 , 333,1
31,58587 , -0,02000004 , -50,4176 , 333,12
31,49414 , -0,02000004 , -50,46072 , 333,14
31,40139 , -0,02000004 , -50,50203 , 333,16
31,30761 , -0,01999998 , -50,54126 , 333,18
31,21284 , -0,01999998 , -50,57838 , 333,2
31,1171 , -0,01999998 , -50,61328 , 333,22
31,02047 , -0,01999998 , -50,64601 , 333,24
30,92299 , -0,0200001 , -50,67665 , 333,26
30,82473 , -0,02000004 , -50,70522 , 333,28
30,72573 , -0,01999998 , -50,73171 , 333,3
30,62605 , -0,01999998 , -50,75613 , 333,32
30,52571 , -0,0200001 , -50,77851 , 333,34
30,42478 , -0,02000004 , -50,79881 , 333,36
30,32328 , -0,02000004 , -50,81694 , 333,38
30,22126 , -0,02000004 , -50,83284 , 333,4
30,11876 , -0,02000016 , -50,84638 , 333,42
30,01584 , -0,01999998 , -50,85738 , 333,44
29,91255 , -0,01999998 , -50,86576 , 333,46
29,80896 , -0,0200001 , -50,87144 , 333,48
29,70512 , -0,0200001 , -50,87441 , 333,5
29,60108 , -0,02000004 , -50,87527 , 333,52
29,49687 , -0,02000004 , -50,87472 , 333,54
29,39253 , -0,02000004 , -50,87318 , 333,56
29,28806 , -0,02000004 , -50,87099 , 333,58
29,18349 , -0,01999998 , -50,86814 , 333,6
29,07884 , -0,01999998 , -50,86462 , 333,62
28,97414 , -0,01999998 , -50,86034 , 333,64
28,86943 , -0,01999998 , -50,85517 , 333,66
28,76477 , -0,0200001 , -50,84899 , 333,68
28,66017 , -0,0200001 , -50,84174 , 333,7
28,55568 , -0,01999992 , -50,83334 , 333,72
28,45131 , -0,0200001 , -50,8238 , 333,74
28,34708 , -0,0200001 , -50,81314 , 333,76
28,243 , -0,0200001 , -50,80134 , 333,78
28,13908 , -0,02000004 , -50,78846 , 333,8
28,03533 , -0,02000004 , -50,77447 , 333,82
27,93175 , -0,02000004 , -50,75948 , 333,84
27,82833 , -0,02000004 , -50,74353 , 333,86
27,72507 , -0,02000004 , -50,72668 , 333,88
27,62196 , -0,02000004 , -50,709 , 333,9
27,51898 , -0,02000004 , -50,69057 , 333,92
27,41613 , -0,02000004 , -50,67145 , 333,94
27,31338 , -0,02000004 , -50,65172 , 333,96
27,21074 , -0,02000004 , -50,63145 , 333,98
27,10818 , -0,02000004 , -50,61067 , 334
27,00572 , -0,02000004 , -50,58942 , 334,02
26,90333 , -0,02000004 , -50,56774 , 334,04
26,80103 , -0,02000004 , -50,54565 , 334,06
26,69879 , -0,02000004 , -50,52319 , 334,08
26,59663 , -0,02000004 , -50,50038 , 334,1
26,49454 , -0,02000004 , -50,47724 , 334,12
26,39251 , -0,02000004 , -50,45378 , 334,14
26,29055 , -0,02000004 , -50,43004 , 334,16
26,18864 , -0,02000004 , -50,40603 , 334,18
26,08679 , -0,02000004 , -50,38176 , 334,2
25,985 , -0,02000004 , -50,35724 , 334,22
25,88326 , -0,02000004 , -50,33249 , 334,24
25,78158 , -0,02000004 , -50,30753 , 334,26
25,67994 , -0,02000004 , -50,28235 , 334,28
25,57836 , -0,02000004 , -50,25698 , 334,3
25,47682 , -0,02000004 , -50,23142 , 334,32
25,37533 , -0,02000004 , -50,20568 , 334,34
25,27388 , -0,02000004 , -50,17976 , 334,36
25,17248 , -0,02000004 , -50,15368 , 334,38
25,07112 , -0,02000004 , -50,12744 , 334,4
24,9698 , -0,02000004 , -50,10104 , 334,42
24,86853 , -0,01999998 , -50,0745 , 334,44
24,76729 , -0,01999998 , -50,04782 , 334,46
24,66609 , -0,01999998 , -50,02101 , 334,48
24,56493 , -0,0200001 , -49,99406 , 334,5
24,4638 , -0,0200001 , -49,96699 , 334,52
24,36271 , -0,0200001 , -49,93979 , 334,54
24,26166 , -0,02000004 , -49,91248 , 334,56
24,16064 , -0,02000004 , -49,88505 , 334,58
24,05965 , -0,02000004 , -49,85751 , 334,6
23,9587 , -0,02000004 , -49,82987 , 334,62
23,85777 , -0,02000004 , -49,80212 , 334,64
23,75688 , -0,02000004 , -49,77427 , 334,66
23,65602 , -0,02000004 , -49,74633 , 334,68
23,55519 , -0,02000004 , -49,71828 , 334,7
23,45439 , -0,02000004 , -49,69015 , 334,72
23,35361 , -0,02000004 , -49,66193 , 334,74
23,25287 , -0,02000004 , -49,63362 , 334,76
23,15215 , -0,02000004 , -49,60524 , 334,78
23,05146 , -0,02000004 , -49,57676 , 334,8
22,95079 , -0,02000004 , -49,54821 , 334,82
22,85015 , -0,02000004 , -49,51958 , 334,84
22,74953 , -0,02000004 , -49,49088 , 334,86
22,64894 , -0,02000004 , -49,4621 , 334,88
22,54837 , -0,01999998 , -49,43325 , 334,9
22,44782 , -0,01999998 , -49,40434 , 334,92
22,3473 , -0,01999998 , -49,37535 , 334,94
22,2468 , -0,0200001 , -49,34631 , 334,96
22,14632 , -0,02000004 , -49,31719 , 334,98
22,04586 , -0,02000004 , -49,28802 , 335
21,94542 , -0,02000004 , -49,25878 , 335,02
21,845 , -0,02000004 , -49,22949 , 335,04
21,7446 , -0,02000004 , -49,20014 , 335,06
21,64422 , -0,02000004 , -49,17073 , 335,08
21,54386 , -0,02000004 , -49,14127 , 335,1
21,44351 , -0,02000016 , -49,11176 , 335,12
21,34321 , -0,02000016 , -49,08213 , 335,14
21,24298 , -0,02000016 , -49,0523 , 335,16
21,14283 , -0,02000016 , -49,02224 , 335,18
21,04277 , -0,0200001 , -48,99192 , 335,2
20,94282 , -0,02000004 , -48,96134 , 335,22
20,84297 , -0,02000004 , -48,93047 , 335,24
20,74325 , -0,02000004 , -48,89925 , 335,26
20,64367 , -0,02000004 , -48,86765 , 335,28
20,54426 , -0,02000004 , -48,83564 , 335,3
20,44502 , -0,02000004 , -48,80319 , 335,32
20,34595 , -0,02000004 , -48,77028 , 335,34
20,2471 , -0,02000016 , -48,73686 , 335,36
20,14843 , -0,02000016 , -48,70298 , 335,38
20,04994 , -0,02000016 , -48,66866 , 335,4
19,95162 , -0,02000016 , -48,6339 , 335,42
19,85349 , -0,02000016 , -48,59871 , 335,44
19,75556 , -0,0200001 , -48,56305 , 335,46
19,6578 , -0,0200001 , -48,52695 , 335,48
19,56022 , -0,0200001 , -48,49046 , 335,5
19,46281 , -0,0200001 , -48,45356 , 335,52
19,36558 , -0,02000004 , -48,41625 , 335,54
19,26854 , -0,01999998 , -48,37851 , 335,56
19,17177 , -0,0200001 , -48,34016 , 335,58
19,07531 , -0,02000004 , -48,30117 , 335,6
18,97915 , -0,02000004 , -48,26154 , 335,62
18,88327 , -0,02000004 , -48,22132 , 335,64
18,78766 , -0,02000004 , -48,18053 , 335,66
18,69232 , -0,01999998 , -48,13918 , 335,68
18,59725 , -0,01999998 , -48,09729 , 335,7
18,50244 , -0,01999998 , -48,05486 , 335,72
18,40793 , -0,01999998 , -48,01183 , 335,74
18,31375 , -0,0200001 , -47,96819 , 335,76
18,21988 , -0,0200001 , -47,92393 , 335,78
18,12635 , -0,02000022 , -47,87903 , 335,8
18,03319 , -0,02000016 , -47,83345 , 335,82
17,94047 , -0,0200001 , -47,78708 , 335,84
17,84826 , -0,0200001 , -47,73983 , 335,86
17,75673 , -0,0200001 , -47,69146 , 335,88
17,66625 , -0,02000004 , -47,64152 , 335,9
17,57718 , -0,02000016 , -47,58962 , 335,92
17,4898 , -0,0200001 , -47,53552 , 335,94
17,40442 , -0,0200001 , -47,479 , 335,96
17,32102 , -0,02000004 , -47,42014 , 335,98
17,23956 , -0,02000022 , -47,35905 , 336
17,16 , -0,02000016 , -47,29584 , 336,02
17,08235 , -0,02000016 , -47,23056 , 336,04
17,00668 , -0,0200001 , -47,16322 , 336,06
16,93314 , -0,02000004 , -47,09381 , 336,08
16,8618 , -0,02000004 , -47,02234 , 336,1
16,7927 , -0,02000004 , -46,94888 , 336,12
16,72578 , -0,01999998 , -46,87352 , 336,14
16,66112 , -0,01999998 , -46,7963 , 336,16
16,59868 , -0,01999998 , -46,71731 , 336,18
16,53856 , -0,0200001 , -46,63657 , 336,2
16,48084 , -0,0200001 , -46,55413 , 336,22
16,42553 , -0,02000004 , -46,47006 , 336,24
16,37266 , -0,02000004 , -46,3844 , 336,26
16,32217 , -0,02000004 , -46,29726 , 336,28
16,27398 , -0,02000004 , -46,20874 , 336,3
16,22802 , -0,02000004 , -46,11892 , 336,32
16,18421 , -0,02000004 , -46,02787 , 336,34
16,1425 , -0,02000004 , -45,9357 , 336,36
16,1028 , -0,02000022 , -45,84245 , 336,38
16,06505 , -0,02000004 , -45,74822 , 336,4
16,02913 , -0,02000004 , -45,65308 , 336,42
15,99501 , -0,02000004 , -45,55708 , 336,44
15,96265 , -0,02000004 , -45,46028 , 336,46
15,93198 , -0,02000004 , -45,36274 , 336,48
15,90298 , -0,01999998 , -45,26449 , 336,5
15,87567 , -0,0200001 , -45,16557 , 336,52
15,84998 , -0,0200001 , -45,06604 , 336,54
15,82597 , -0,0200001 , -44,96592 , 336,56
15,80358 , -0,0200001 , -44,86524 , 336,58
15,78283 , -0,02000004 , -44,76405 , 336,6
15,76369 , -0,02000004 , -44,66238 , 336,62
15,74619 , -0,02000004 , -44,56025 , 336,64
15,73034 , -0,02000004 , -44,4577 , 336,66
15,71611 , -0,02000004 , -44,35476 , 336,68
15,70349 , -0,02000004 , -44,25145 , 336,7
15,69245 , -0,01999998 , -44,1478 , 336,72
15,68293 , -0,01999998 , -44,04386 , 336,74
15,67483 , -0,0200001 , -43,93964 , 336,76
15,66807 , -0,0200001 , -43,83517 , 336,78
15,66257 , -0,0200001 , -43,73047 , 336,8
15,65827 , -0,0200001 , -43,62557 , 336,82
15,65509 , -0,01999992 , -43,52048 , 336,84
15,65299 , -0,01999992 , -43,41523 , 336,86
15,65163 , -0,01999992 , -43,30983 , 336,88
15,65078 , -0,0200001 , -43,20428 , 336,9
15,65029 , -0,0200001 , -43,09863 , 336,92
15,65006 , -0,0200001 , -42,99286 , 336,94
15,65005 , -0,0200001 , -42,88699 , 336,96
15,6502 , -0,02000004 , -42,78103 , 336,98
15,65049 , -0,02000004 , -42,675 , 337
15,6509 , -0,02000004 , -42,5689 , 337,02
15,65141 , -0,02000004 , -42,46274 , 337,04
15,65203 , -0,02000004 , -42,35653 , 337,06
15,65273 , -0,02000016 , -42,25027 , 337,08
15,65352 , -0,0200001 , -42,14397 , 337,1
15,65439 , -0,01999992 , -42,03763 , 337,12
15,65534 , -0,0200001 , -41,93127 , 337,14
15,65633 , -0,0200001 , -41,82488 , 337,16
15,65736 , -0,0200001 , -41,71847 , 337,18
15,65843 , -0,0200001 , -41,61203 , 337,2
15,65952 , -0,01999992 , -41,50558 , 337,22
15,66061 , -0,0200001 , -41,39912 , 337,24
15,66168 , -0,0200001 , -41,29263 , 337,26
15,66274 , -0,0200001 , -41,18613 , 337,28
15,66379 , -0,0200001 , -41,07962 , 337,3
15,6648 , -0,02000004 , -40,97309 , 337,32
15,66576 , -0,02000004 , -40,86655 , 337,34
15,6666 , -0,02000004 , -40,75999 , 337,36
15,66732 , -0,02000016 , -40,65341 , 337,38
15,66788 , -0,01999998 , -40,54682 , 337,4
15,66828 , -0,0200001 , -40,44021 , 337,42
15,66852 , -0,02000004 , -40,33358 , 337,44
15,66861 , -0,02000004 , -40,22694 , 337,46
15,66846 , -0,02000004 , -40,1203 , 337,48
15,66806 , -0,02000004 , -40,01365 , 337,5
15,66736 , -0,01999998 , -39,907 , 337,52
15,66635 , -0,0200001 , -39,80037 , 337,54
15,66503 , -0,0200001 , -39,69377 , 337,56
15,66343 , -0,0200001 , -39,5872 , 337,58
15,66154 , -0,0200001 , -39,48068 , 337,6
15,6593 , -0,0200001 , -39,37422 , 337,62
15,6566 , -0,0200001 , -39,26783 , 337,64
15,65332 , -0,0200001 , -39,16153 , 337,66
15,64938 , -0,02000004 , -39,05534 , 337,68
15,64468 , -0,02000004 , -38,94926 , 337,7
15,63918 , -0,01999998 , -38,8433 , 337,72
15,63284 , -0,01999998 , -38,73749 , 337,74
15,62562 , -0,01999998 , -38,63182 , 337,76
15,61745 , -0,01999998 , -38,52633 , 337,78
15,60827 , -0,0200001 , -38,42102 , 337,8
15,59804 , -0,02000004 , -38,31592 , 337,82
15,58666 , -0,02000022 , -38,21105 , 337,84
15,5741 , -0,02000004 , -38,10643 , 337,86
15,56032 , -0,02000004 , -38,00209 , 337,88
15,54531 , -0,02000004 , -37,89804 , 337,9
15,52901 , -0,02000004 , -37,79431 , 337,92
15,5114 , -0,02000004 , -37,69091 , 337,94
15,49237 , -0,02000004 , -37,58791 , 337,96
15,47184 , -0,02000004 , -37,48533 , 337,98
15,44967 , -0,02000004 , -37,38328 , 338
15,42553 , -0,02000004 , -37,2819 , 338,02
15,39922 , -0,02000004 , -37,18135 , 338,04
15,37052 , -0,02000004 , -37,08179 , 338,06
15,33931 , -0,02000004 , -36,98332 , 338,08
15,30571 , -0,02000004 , -36,88594 , 338,1
15,26973 , -0,02000004 , -36,78969 , 338,12
15,23147 , -0,02000004 , -36,69455 , 338,14
15,19101 , -0,02000004 , -36,60052 , 338,16
15,14839 , -0,02000004 , -36,50763 , 338,18
15,10363 , -0,02000004 , -36,41591 , 338,2
15,05669 , -0,02000016 , -36,32547 , 338,22
15,00751 , -0,01999998 , -36,23641 , 338,24
14,95606 , -0,0200001 , -36,14884 , 338,26
14,90223 , -0,02000004 , -36,06297 , 338,28
14,84593 , -0,02000004 , -35,97895 , 338,3
14,78713 , -0,02000004 , -35,89697 , 338,32
14,72578 , -0,02000016 , -35,81718 , 338,34
14,66183 , -0,01999998 , -35,73982 , 338,36
14,59524 , -0,01999998 , -35,66511 , 338,38
14,52598 , -0,01999998 , -35,59331 , 338,4
14,45408 , -0,01999998 , -35,5246 , 338,42
14,37957 , -0,0200001 , -35,45919 , 338,44
14,3025 , -0,02000004 , -35,39729 , 338,46
14,22296 , -0,02000004 , -35,33907 , 338,48
14,14105 , -0,01999998 , -35,2847 , 338,5
14,05686 , -0,0200001 , -35,2344 , 338,52
13,97055 , -0,02000004 , -35,18821 , 338,54
13,88229 , -0,02000004 , -35,14598 , 338,56
13,79225 , -0,02000004 , -35,10759 , 338,58
13,70059 , -0,02000004 , -35,07273 , 338,6
13,60746 , -0,02000004 , -35,04116 , 338,62
13,51301 , -0,02000004 , -35,01263 , 338,64
13,41736 , -0,02000004 , -34,98695 , 338,66
13,32062 , -0,02000004 , -34,96396 , 338,68
13,22289 , -0,02000004 , -34,94349 , 338,7
13,12427 , -0,02000004 , -34,92541 , 338,72
13,02484 , -0,02000004 , -34,90956 , 338,74
12,92468 , -0,02000004 , -34,89585 , 338,76
12,82386 , -0,02000004 , -34,88417 , 338,78
12,72245 , -0,02000004 , -34,8744 , 338,8
12,6205 , -0,02000004 , -34,86641 , 338,82
12,51806 , -0,02000004 , -34,86012 , 338,84
12,4152 , -0,02000004 , -34,85546 , 338,86
12,31195 , -0,02000004 , -34,85236 , 338,88
12,20835 , -0,01999998 , -34,85061 , 338,9
12,10444 , -0,01999998 , -34,84979 , 338,92
12,00025 , -0,0200001 , -34,84961 , 338,94
11,89582 , -0,02000004 , -34,84988 , 338,96
11,79117 , -0,02000004 , -34,85049 , 338,98
11,68633 , -0,02000004 , -34,85137 , 339
11,58132 , -0,02000004 , -34,85247 , 339,02
11,47616 , -0,02000004 , -34,85377 , 339,04
11,37088 , -0,02000004 , -34,85527 , 339,06
11,2655 , -0,02000004 , -34,85696 , 339,08
11,16004 , -0,02000016 , -34,85885 , 339,1
11,05452 , -0,01999998 , -34,86098 , 339,12
10,94895 , -0,0200001 , -34,86338 , 339,14
10,84334 , -0,02000004 , -34,86609 , 339,16
10,73771 , -0,01999998 , -34,86913 , 339,18
10,63206 , -0,01999998 , -34,87252 , 339,2
10,5264 , -0,0200001 , -34,87628 , 339,22
10,42075 , -0,02000004 , -34,88041 , 339,24
10,3151 , -0,02000004 , -34,88493 , 339,26
10,20946 , -0,02000004 , -34,88984 , 339,28
10,10384 , -0,02000004 , -34,89513 , 339,3
9,998235 , -0,02000004 , -34,90083 , 339,32
9,892665 , -0,02000004 , -34,90695 , 339,34
9,787129 , -0,02000004 , -34,9135 , 339,36
9,681631 , -0,02000004 , -34,92047 , 339,38
9,576173 , -0,02000004 , -34,92786 , 339,4
9,470757 , -0,02000004 , -34,93565 , 339,42
9,365384 , -0,02000016 , -34,94385 , 339,44
9,260057 , -0,02000016 , -34,95244 , 339,46
9,154778 , -0,0200001 , -34,96143 , 339,48
9,049545 , -0,02000004 , -34,97079 , 339,5
8,944363 , -0,02000004 , -34,98053 , 339,52
8,83923 , -0,02000016 , -34,99064 , 339,54
8,734147 , -0,0200001 , -35,00111 , 339,56
8,629116 , -0,02000004 , -35,01192 , 339,58
8,524136 , -0,02000004 , -35,02309 , 339,6
8,419207 , -0,02000004 , -35,03458 , 339,62
8,314329 , -0,02000004 , -35,04641 , 339,64
8,220787 , -0,02000004 , -35,0562 , 339,66
8,137447 , -0,02000004 , -35,06416 , 339,68
8,063289 , -0,02000004 , -35,07048 , 339,7
7,997394 , -0,02000004 , -35,07532 , 339,72
7,938936 , -0,02000004 , -35,07883 , 339,74
7,887171 , -0,02000004 , -35,08115 , 339,76
7,841431 , -0,02000004 , -35,08262 , 339,78
7,801112 , -0,02000004 , -35,08356 , 339,8
7,765672 , -0,02000004 , -35,08416 , 339,82
7,734624 , -0,02000004 , -35,08454 , 339,84
7,707529 , -0,02000004 , -35,08478 , 339,86
7,68399 , -0,02000004 , -35,08494 , 339,88
7,663653 , -0,02000004 , -35,08504 , 339,9
7,646198 , -0,02000004 , -35,0851 , 339,92
7,631335 , -0,02000004 , -35,08514 , 339,94
7,618806 , -0,02000004 , -35,08517 , 339,96
7,608378 , -0,02000004 , -35,08518 , 339,98
7,59984 , -0,02000004 , -35,08519 , 340
7,593004 , -0,02000004 , -35,0852 , 340,02
7,587698 , -0,02000004 , -35,08521 , 340,04
7,583771 , -0,02000004 , -35,08521 , 340,06
7,581084 , -0,02000004 , -35,08521 , 340,08
7,579372 , -0,02000004 , -35,08521 , 340,1
7,578679 , -0,02000004 , -35,08521 , 340,12
7,577983 , -0,02000004 , -35,08521 , 340,14
7,577743 , -0,02000004 , -35,08521 , 340,16
7,577733 , -0,02000004 , -35,08521 , 340,18
7,577829 , -0,02000004 , -35,08521 , 340,2
7,577962 , -0,02000004 , -35,08521 , 340,22
7,578098 , -0,02000004 , -35,08521 , 340,24
7,578221 , -0,02000004 , -35,08521 , 340,26
7,578325 , -0,02000004 , -35,08521 , 340,28
7,578409 , -0,02000004 , -35,08521 , 340,3
7,578409 , -0,02000004 , -35,08521 , 340,32
7,578409 , -0,02000004 , -35,08521 , 340,34
7,578409 , -0,02000004 , -35,08521 , 340,36
7,578409 , -0,02000004 , -35,08521 , 340,38
7,578409 , -0,02000004 , -35,08521 , 340,4
7,578409 , -0,02000004 , -35,08521 , 340,42
7,578409 , -0,02000004 , -35,08521 , 340,44
7,578409 , -0,02000004 , -35,08521 , 340,46
7,578409 , -0,02000004 , -35,08521 , 340,48
7,578409 , -0,02000004 , -35,08521 , 340,5
7,578409 , -0,02000004 , -35,08521 , 340,52
7,578409 , -0,02000004 , -35,08521 , 340,54
7,578409 , -0,02000004 , -35,08521 , 340,56
7,578409 , -0,02000004 , -35,08521 , 340,58
7,578409 , -0,02000004 , -35,08521 , 340,6
7,578409 , -0,02000004 , -35,08521 , 340,62
7,578409 , -0,02000004 , -35,08521 , 340,64
7,578409 , -0,02000004 , -35,08521 , 340,66
7,578409 , -0,02000004 , -35,08521 , 340,68
7,578409 , -0,02000004 , -35,08521 , 340,7
7,578409 , -0,02000004 , -35,08521 , 340,72
7,569855 , -0,02000004 , -35,07938 , 340,74
7,55383 , -0,02000004 , -35,06799 , 340,76
7,531194 , -0,02000004 , -35,05146 , 340,78
7,502636 , -0,02000004 , -35,03026 , 340,8
7,468743 , -0,02000004 , -35,00487 , 340,82
7,430036 , -0,01999998 , -34,97572 , 340,84
7,386918 , -0,0200001 , -34,94329 , 340,86
7,339714 , -0,02000004 , -34,90805 , 340,88
7,288681 , -0,02000016 , -34,87051 , 340,9
7,234075 , -0,01999998 , -34,83107 , 340,92
7,176147 , -0,01999998 , -34,79008 , 340,94
7,115156 , -0,01999998 , -34,74781 , 340,96
7,051357 , -0,01999998 , -34,70446 , 340,98
6,985004 , -0,0200001 , -34,6602 , 341
6,916306 , -0,0200001 , -34,61518 , 341,02
6,845469 , -0,02000004 , -34,56952 , 341,04
6,772676 , -0,02000004 , -34,52335 , 341,06
6,698065 , -0,02000004 , -34,47681 , 341,08
6,621747 , -0,02000004 , -34,43006 , 341,1
6,543812 , -0,02000004 , -34,38327 , 341,12
6,464332 , -0,02000004 , -34,3366 , 341,14
6,383366 , -0,02000004 , -34,29023 , 341,16
6,300972 , -0,02000004 , -34,24431 , 341,18
6,217229 , -0,02000004 , -34,19893 , 341,2
6,132217 , -0,02000022 , -34,15416 , 341,22
6,046014 , -0,02000004 , -34,11004 , 341,24
5,958672 , -0,02000004 , -34,06667 , 341,26
5,870248 , -0,02000004 , -34,0241 , 341,28
5,780741 , -0,02000016 , -33,98254 , 341,3
5,690144 , -0,01999998 , -33,94219 , 341,32
5,598469 , -0,0200001 , -33,90323 , 341,34
5,505716 , -0,0200001 , -33,86589 , 341,36
5,411915 , -0,02000004 , -33,83029 , 341,38
5,317111 , -0,02000004 , -33,7965 , 341,4
5,221374 , -0,02000004 , -33,76449 , 341,42
5,124786 , -0,02000004 , -33,73412 , 341,44
5,027421 , -0,02000004 , -33,70528 , 341,46
4,929345 , -0,02000004 , -33,67787 , 341,48
4,83062 , -0,02000004 , -33,65181 , 341,5
4,731299 , -0,02000004 , -33,62701 , 341,52
4,631433 , -0,02000004 , -33,6034 , 341,54
4,531065 , -0,02000004 , -33,58091 , 341,56
4,430221 , -0,02000004 , -33,55958 , 341,58
4,328927 , -0,02000004 , -33,53941 , 341,6
4,227206 , -0,02000004 , -33,52044 , 341,62
4,125084 , -0,02000004 , -33,50266 , 341,64
4,022581 , -0,02000004 , -33,48611 , 341,66
3,919716 , -0,02000004 , -33,47084 , 341,68
3,816506 , -0,02000004 , -33,45691 , 341,7
3,712975 , -0,01999998 , -33,44432 , 341,72
3,609145 , -0,01999998 , -33,43306 , 341,74
3,505036 , -0,0200001 , -33,42318 , 341,76
3,400666 , -0,0200001 , -33,41479 , 341,78
3,302269 , -0,02000004 , -33,4094 , 341,8
3,209975 , -0,02000004 , -33,40832 , 341,82
3,121696 , -0,02000004 , -33,40787 , 341,84
3,036837 , -0,02000004 , -33,40767 , 341,86
2,955109 , -0,02000004 , -33,40763 , 341,88
2,876217 , -0,02000004 , -33,40769 , 341,9
2,799877 , -0,02000004 , -33,40781 , 341,92
2,725834 , -0,02000022 , -33,40799 , 341,94
2,653859 , -0,02000004 , -33,40818 , 341,96
2,583743 , -0,02000004 , -33,4084 , 341,98
2,515302 , -0,02000004 , -33,40863 , 342
2,448368 , -0,02000004 , -33,40886 , 342,02
2,377453 , -0,02000004 , -33,40916 , 342,04
2,302954 , -0,02000004 , -33,40952 , 342,06
2,22523 , -0,02000004 , -33,40989 , 342,08
2,144603 , -0,02000004 , -33,41028 , 342,1
2,061364 , -0,02000004 , -33,41068 , 342,12
1,975774 , -0,02000004 , -33,41109 , 342,14
1,888068 , -0,02000004 , -33,41153 , 342,16
1,79846 , -0,02000004 , -33,41201 , 342,18
1,707139 , -0,02000004 , -33,41254 , 342,2
1,614279 , -0,02000004 , -33,41311 , 342,22
1,520032 , -0,02000004 , -33,41373 , 342,24
1,42454 , -0,02000004 , -33,41439 , 342,26
1,339445 , -0,02000004 , -33,41482 , 342,28
1,263706 , -0,02000004 , -33,41509 , 342,3
1,196389 , -0,02000004 , -33,41526 , 342,32
1,136651 , -0,02000004 , -33,41537 , 342,34
1,083735 , -0,02000004 , -33,41544 , 342,36
1,036958 , -0,02000004 , -33,41549 , 342,38
0,9957061 , -0,02000004 , -33,41551 , 342,4
0,9594271 , -0,02000004 , -33,41553 , 342,42
0,9276236 , -0,02000004 , -33,41554 , 342,44
0,8998479 , -0,02000004 , -33,41555 , 342,46
0,8756974 , -0,02000004 , -33,41555 , 342,48
0,8432932 , -0,02000016 , -33,41587 , 342,5
0,8034684 , -0,01999998 , -33,4165 , 342,52
0,7569683 , -0,0200001 , -33,41737 , 342,54
0,7044634 , -0,0200001 , -33,41843 , 342,56
0,6465648 , -0,0200001 , -33,41973 , 342,58
0,5838128 , -0,02000004 , -33,42118 , 342,6
0,5166966 , -0,02000004 , -33,42277 , 342,62
0,4456528 , -0,01999998 , -33,42445 , 342,64
0,3710744 , -0,01999998 , -33,42618 , 342,66
0,2933162 , -0,01999998 , -33,42796 , 342,68
0,2126974 , -0,0200001 , -33,42978 , 342,7
0,1295063 , -0,0200001 , -33,43164 , 342,72
0,04400253 , -0,0200001 , -33,43356 , 342,74
-0,04357996 , -0,0200001 , -33,43552 , 342,76
-0,1330301 , -0,02000004 , -33,43754 , 342,78
-0,2241577 , -0,02000004 , -33,43964 , 342,8
-0,3167913 , -0,02000004 , -33,44184 , 342,82
-0,4107762 , -0,02000004 , -33,44419 , 342,84
-0,5059732 , -0,02000004 , -33,44669 , 342,86
-0,6022564 , -0,02000004 , -33,44938 , 342,88
-0,6995125 , -0,02000004 , -33,45228 , 342,9
-0,7861955 , -0,02000004 , -33,45412 , 342,92
-0,8633626 , -0,02000004 , -33,4553 , 342,94
-0,9319654 , -0,02000004 , -33,45605 , 342,96
-0,9928604 , -0,02000004 , -33,45653 , 342,98
-1,046818 , -0,02000004 , -33,45684 , 343
-1,094533 , -0,02000004 , -33,45703 , 343,02
-1,136628 , -0,02000004 , -33,45715 , 343,04
-1,173666 , -0,02000004 , -33,45723 , 343,06
-1,206153 , -0,02000004 , -33,45728 , 343,08
-1,24601 , -0,02000004 , -33,45814 , 343,1
-1,292505 , -0,02000004 , -33,45947 , 343,12
-1,34498 , -0,02000016 , -33,46106 , 343,14
-1,402841 , -0,01999998 , -33,46279 , 343,16
-1,465549 , -0,0200001 , -33,4646 , 343,18
-1,532621 , -0,0200001 , -33,46646 , 343,2
-1,60362 , -0,02000004 , -33,46835 , 343,22
-1,678155 , -0,01999998 , -33,47024 , 343,24
-1,755872 , -0,0200001 , -33,47214 , 343,26
-1,83645 , -0,0200001 , -33,47407 , 343,28
-1,919603 , -0,02000004 , -33,47602 , 343,3
-2,005069 , -0,02000004 , -33,47801 , 343,32
-2,092621 , -0,02000004 , -33,48 , 343,34
-2,182047 , -0,02000004 , -33,48201 , 343,36
-2,273157 , -0,02000004 , -33,48405 , 343,38
-2,365779 , -0,02000004 , -33,48617 , 343,4
-2,459758 , -0,02000004 , -33,48839 , 343,42
-2,554955 , -0,02000004 , -33,49073 , 343,44
-2,651239 , -0,02000004 , -33,49327 , 343,46
-2,748495 , -0,02000004 , -33,49604 , 343,48
-2,84662 , -0,02000004 , -33,49906 , 343,5
-2,945523 , -0,02000004 , -33,50236 , 343,52
-3,045121 , -0,01999998 , -33,50594 , 343,54
-3,145339 , -0,01999998 , -33,5098 , 343,56
-3,24611 , -0,0200001 , -33,51398 , 343,58
-3,347373 , -0,0200001 , -33,51846 , 343,6
-3,449075 , -0,02000004 , -33,52327 , 343,62
-3,551165 , -0,02000004 , -33,5284 , 343,64
-3,653599 , -0,02000004 , -33,53386 , 343,66
-3,756338 , -0,02000004 , -33,53965 , 343,68
-3,859345 , -0,02000004 , -33,54577 , 343,7
-3,962568 , -0,02000004 , -33,55236 , 343,72
-4,065958 , -0,01999998 , -33,55952 , 343,74
-4,169454 , -0,0200001 , -33,56743 , 343,76
-4,272979 , -0,0200001 , -33,57631 , 343,78
-4,376418 , -0,0200001 , -33,58651 , 343,8
-4,479602 , -0,02000004 , -33,59848 , 343,82
-4,582309 , -0,02000004 , -33,61272 , 343,84
-4,684217 , -0,02000004 , -33,62983 , 343,86
-4,785044 , -0,02000004 , -33,65018 , 343,88
-4,884482 , -0,02000004 , -33,67413 , 343,9
-4,982267 , -0,02000004 , -33,70185 , 343,92
-5,078166 , -0,02000004 , -33,73348 , 343,94
-5,171908 , -0,02000004 , -33,76912 , 343,96
-5,263451 , -0,02000004 , -33,80862 , 343,98
-5,352778 , -0,02000004 , -33,85183 , 344
-5,439888 , -0,02000004 , -33,89857 , 344,02
-5,524732 , -0,02000004 , -33,94872 , 344,04
-5,607236 , -0,02000004 , -34,00217 , 344,06
-5,687236 , -0,02000004 , -34,05889 , 344,08
-5,76469 , -0,02000004 , -34,11874 , 344,1
-5,839387 , -0,02000004 , -34,18171 , 344,12
-5,911124 , -0,02000004 , -34,24774 , 344,14
-5,979421 , -0,02000004 , -34,3169 , 344,16
-6,04345 , -0,02000004 , -34,38931 , 344,18
-6,102764 , -0,02000004 , -34,46489 , 344,2
-6,156627 , -0,02000004 , -34,54351 , 344,22
-6,204297 , -0,02000004 , -34,62495 , 344,24
-6,244552 , -0,02000004 , -34,70879 , 344,26
-6,277044 , -0,02000004 , -34,79455 , 344,28
-6,301886 , -0,02000004 , -34,88186 , 344,3
-6,319535 , -0,02000004 , -34,97045 , 344,32
-6,330747 , -0,02000004 , -35,0602 , 344,34
-6,33625 , -0,02000004 , -35,15104 , 344,36
-6,33717 , -0,02000004 , -35,24287 , 344,38
-6,335242 , -0,02000004 , -35,33565 , 344,4
-6,330984 , -0,02000004 , -35,42933 , 344,42
-6,324736 , -0,02000004 , -35,52385 , 344,44
-6,31681 , -0,02000004 , -35,61917 , 344,46
-6,307489 , -0,02000004 , -35,71524 , 344,48
-6,297029 , -0,02000004 , -35,812 , 344,5
-6,285656 , -0,02000004 , -35,90943 , 344,52
-6,273453 , -0,01999998 , -36,00745 , 344,54
-6,260238 , -0,01999998 , -36,10594 , 344,56
-6,245726 , -0,01999998 , -36,20473 , 344,58
-6,229626 , -0,01999998 , -36,30365 , 344,6
-6,211967 , -0,0200001 , -36,40264 , 344,62
-6,192858 , -0,0200001 , -36,50167 , 344,64
-6,172358 , -0,02000004 , -36,60072 , 344,66
-6,150642 , -0,02000016 , -36,69979 , 344,68
-6,127868 , -0,02000016 , -36,79889 , 344,7
-6,104218 , -0,0200001 , -36,89805 , 344,72
-6,079896 , -0,02000004 , -36,9973 , 344,74
-6,055083 , -0,02000016 , -37,09668 , 344,76
-6,029944 , -0,02000016 , -37,19622 , 344,78
-6,004624 , -0,02000016 , -37,29593 , 344,8
-5,979253 , -0,01999998 , -37,39582 , 344,82
-5,953823 , -0,01999998 , -37,49589 , 344,84
-5,928306 , -0,01999998 , -37,5961 , 344,86
-5,902774 , -0,01999998 , -37,69646 , 344,88
-5,877207 , -0,01999998 , -37,79694 , 344,9
-5,851706 , -0,02000016 , -37,89756 , 344,92
-5,82636 , -0,01999998 , -37,99834 , 344,94
-5,801246 , -0,01999998 , -38,09929 , 344,96
-5,776428 , -0,01999998 , -38,20042 , 344,98
-5,751964 , -0,0200001 , -38,30172 , 345
-5,727899 , -0,0200001 , -38,40321 , 345,02
-5,704273 , -0,0200001 , -38,50489 , 345,04
-5,681118 , -0,0200001 , -38,60675 , 345,06
-5,658457 , -0,0200001 , -38,7088 , 345,08
-5,63631 , -0,02000004 , -38,81103 , 345,1
-5,614689 , -0,02000016 , -38,91344 , 345,12
-5,593604 , -0,01999998 , -39,01603 , 345,14
-5,573057 , -0,0200001 , -39,11878 , 345,16
-5,553049 , -0,0200001 , -39,22169 , 345,18
-5,533577 , -0,02000004 , -39,32477 , 345,2
-5,514635 , -0,02000004 , -39,428 , 345,22
-5,496213 , -0,02000004 , -39,53137 , 345,24
-5,478302 , -0,01999998 , -39,63488 , 345,26
-5,460889 , -0,01999998 , -39,73853 , 345,28
-5,444043 , -0,01999998 , -39,84232 , 345,3
-5,427824 , -0,01999998 , -39,94625 , 345,32
-5,412241 , -0,01999998 , -40,05032 , 345,34
-5,397258 , -0,01999998 , -40,15453 , 345,36
-5,382839 , -0,01999998 , -40,25887 , 345,38
-5,368948 , -0,0200001 , -40,36332 , 345,4
-5,355554 , -0,02000004 , -40,46787 , 345,42
-5,342622 , -0,02000004 , -40,57252 , 345,44
-5,330121 , -0,02000004 , -40,67727 , 345,46
-5,318022 , -0,02000016 , -40,7821 , 345,48
-5,306295 , -0,0200001 , -40,887 , 345,5
-5,295083 , -0,0200001 , -40,992 , 345,52
-5,284859 , -0,0200001 , -41,09714 , 345,54
-5,276145 , -0,0200001 , -41,20245 , 345,56
-5,269279 , -0,02000004 , -41,3079 , 345,58
-5,26452 , -0,02000004 , -41,41348 , 345,6
-5,262 , -0,02000004 , -41,51915 , 345,62
-5,261256 , -0,02000004 , -41,62486 , 345,64
-5,261809 , -0,02000004 , -41,7306 , 345,66
-5,26326 , -0,02000004 , -41,83634 , 345,68
-5,265262 , -0,02000004 , -41,94209 , 345,7
-5,267715 , -0,02000004 , -42,04784 , 345,72
-5,270544 , -0,02000004 , -42,15361 , 345,74
-5,27368 , -0,02000004 , -42,2594 , 345,76
-5,277061 , -0,02000004 , -42,36521 , 345,78
-5,280633 , -0,02000004 , -42,47104 , 345,8
-5,284345 , -0,02000004 , -42,57689 , 345,82
-5,288154 , -0,02000004 , -42,68276 , 345,84
-5,292021 , -0,02000004 , -42,78866 , 345,86
-5,295912 , -0,02000004 , -42,89458 , 345,88
-5,299798 , -0,02000004 , -43,00053 , 345,9
-5,302447 , -0,02000004 , -43,09503 , 345,92
-5,304136 , -0,02000004 , -43,17924 , 345,94
-5,305212 , -0,02000004 , -43,25418 , 345,96
-5,305898 , -0,02000004 , -43,32077 , 345,98
-5,306335 , -0,02000004 , -43,37986 , 346
-5,306613 , -0,02000004 , -43,4322 , 346,02
-5,306791 , -0,02000004 , -43,47845 , 346,04
-5,306904 , -0,02000004 , -43,51923 , 346,06
-5,306976 , -0,02000004 , -43,55508 , 346,08
-5,307022 , -0,02000004 , -43,58651 , 346,1
-5,31663 , -0,02000004 , -43,619 , 346,12
-5,332159 , -0,02000004 , -43,63886 , 346,14
-5,348584 , -0,02000004 , -43,64486 , 346,16
-5,364692 , -0,02000004 , -43,63978 , 346,18
-5,379704 , -0,02000004 , -43,6246 , 346,2
-5,393193 , -0,02000004 , -43,6003 , 346,22
-5,405096 , -0,02000004 , -43,56776 , 346,24
-5,415469 , -0,02000004 , -43,52781 , 346,26
-5,42441 , -0,02000004 , -43,48118 , 346,28
-5,432007 , -0,02000016 , -43,42854 , 346,3
-5,438371 , -0,0200001 , -43,3705 , 346,32
-5,44356 , -0,02000004 , -43,30759 , 346,34
-5,447586 , -0,02000004 , -43,24029 , 346,36
-5,450389 , -0,02000004 , -43,16904 , 346,38
-5,452142 , -0,02000004 , -43,09424 , 346,4
-5,453147 , -0,01999998 , -43,01625 , 346,42
-5,453649 , -0,0200001 , -42,93538 , 346,44
-5,453825 , -0,02000004 , -42,85191 , 346,46
-5,45379 , -0,02000004 , -42,76612 , 346,48
-5,453616 , -0,02000004 , -42,67824 , 346,5
-5,453348 , -0,02000004 , -42,58847 , 346,52
-5,453015 , -0,02000004 , -42,497 , 346,54
-5,452638 , -0,02000004 , -42,404 , 346,56
-5,452228 , -0,02000004 , -42,30963 , 346,58
-5,451793 , -0,02000004 , -42,21402 , 346,6
-5,451339 , -0,02000004 , -42,1173 , 346,62
-5,450865 , -0,02000004 , -42,01957 , 346,64
-5,450389 , -0,02000004 , -41,92095 , 346,66
-5,449947 , -0,02000004 , -41,82151 , 346,68
-5,449538 , -0,02000004 , -41,72133 , 346,7
-5,449163 , -0,02000004 , -41,6205 , 346,72
-5,448863 , -0,02000004 , -41,51907 , 346,74
-5,448637 , -0,02000004 , -41,4171 , 346,76
-5,448493 , -0,02000004 , -41,32618 , 346,78
-5,448402 , -0,02000004 , -41,2452 , 346,8
-5,448344 , -0,02000004 , -41,17316 , 346,82
-5,448307 , -0,02000004 , -41,10918 , 346,84
-5,448283 , -0,02000004 , -41,05244 , 346,86
-5,448267 , -0,02000004 , -41,00222 , 346,88
-5,448258 , -0,02000004 , -40,95787 , 346,9
-5,448252 , -0,02000004 , -40,9188 , 346,92
-5,448248 , -0,02000004 , -40,88449 , 346,94
-5,448246 , -0,02000004 , -40,85446 , 346,96
-5,448244 , -0,02000004 , -40,82828 , 346,98
-5,448243 , -0,02000004 , -40,80556 , 347
-5,448243 , -0,02000004 , -40,78596 , 347,02
-5,448242 , -0,02000004 , -40,76918 , 347,04
-5,448242 , -0,02000004 , -40,75491 , 347,06
-5,448242 , -0,02000004 , -40,74292 , 347,08
-5,448242 , -0,02000004 , -40,73298 , 347,1
-5,448242 , -0,02000004 , -40,72488 , 347,12
-5,448242 , -0,02000004 , -40,71844 , 347,14
-5,448242 , -0,02000004 , -40,71349 , 347,16
-5,448242 , -0,02000004 , -40,70988 , 347,18
-5,448242 , -0,02000004 , -40,70748 , 347,2
-5,448242 , -0,02000004 , -40,70595 , 347,22
-5,448242 , -0,02000004 , -40,70542 , 347,24
-5,448242 , -0,02000004 , -40,7048 , 347,26
-5,448242 , -0,02000004 , -40,70458 , 347,28
-5,448242 , -0,02000004 , -40,70457 , 347,3
-5,448242 , -0,02000004 , -40,70466 , 347,32
-5,448242 , -0,02000004 , -40,70478 , 347,34
-5,448242 , -0,02000004 , -40,7049 , 347,36
-5,448242 , -0,02000004 , -40,70501 , 347,38
-5,448242 , -0,02000004 , -40,7051 , 347,4
-5,448242 , -0,02000004 , -40,70518 , 347,42
-5,448242 , -0,02000004 , -40,70518 , 347,44
-5,448242 , -0,02000004 , -40,70518 , 347,46
-5,448242 , -0,02000004 , -40,70518 , 347,48
-5,448242 , -0,02000004 , -40,70518 , 347,5
-5,448242 , -0,02000004 , -40,70518 , 347,52
-5,448242 , -0,02000004 , -40,70518 , 347,54
-5,448242 , -0,02000004 , -40,70518 , 347,56
-5,448242 , -0,02000004 , -40,70518 , 347,58
-5,448242 , -0,02000004 , -40,70518 , 347,6
-5,448242 , -0,02000004 , -40,70518 , 347,62
-5,448242 , -0,02000004 , -40,70518 , 347,64
-5,448242 , -0,02000004 , -40,70518 , 347,66
-5,448242 , -0,02000004 , -40,70518 , 347,68
-5,448242 , -0,02000004 , -40,70518 , 347,7
-5,448242 , -0,02000004 , -40,70518 , 347,72
-5,448242 , -0,02000004 , -40,70518 , 347,74
-5,448242 , -0,02000004 , -40,70518 , 347,76
-5,448242 , -0,02000004 , -40,70518 , 347,78
-5,448242 , -0,02000004 , -40,70518 , 347,8
-5,448242 , -0,02000004 , -40,70518 , 347,82
-5,448242 , -0,02000004 , -40,70518 , 347,84
-5,448242 , -0,02000004 , -40,70518 , 347,86
-5,448242 , -0,02000004 , -40,70518 , 347,88
-5,448242 , -0,02000004 , -40,70518 , 347,9
-5,448242 , -0,02000004 , -40,70518 , 347,92
-5,448242 , -0,02000004 , -40,70518 , 347,94
-5,448242 , -0,02000004 , -40,70518 , 347,96
-5,448242 , -0,02000004 , -40,70518 , 347,98
-5,448242 , -0,02000004 , -40,70518 , 348
-5,448242 , -0,02000004 , -40,70518 , 348,02
-5,446663 , -0,02000004 , -40,71565 , 348,04
-5,444027 , -0,02000016 , -40,73557 , 348,06
-5,44048 , -0,0200001 , -40,76402 , 348,08
-5,436114 , -0,02000004 , -40,80013 , 348,1
-5,431015 , -0,02000016 , -40,84314 , 348,12
-5,425259 , -0,01999998 , -40,89236 , 348,14
-5,418918 , -0,0200001 , -40,94717 , 348,16
-5,412056 , -0,02000004 , -41,00701 , 348,18
-5,404733 , -0,02000004 , -41,07139 , 348,2
-5,397002 , -0,02000004 , -41,13984 , 348,22
-5,388914 , -0,02000004 , -41,21197 , 348,24
-5,380511 , -0,02000004 , -41,28741 , 348,26
-5,371837 , -0,02000004 , -41,36582 , 348,28
-5,362927 , -0,02000004 , -41,44691 , 348,3
-5,353817 , -0,02000004 , -41,53042 , 348,32
-5,344536 , -0,02000004 , -41,61611 , 348,34
-5,335113 , -0,02000004 , -41,70375 , 348,36
-5,325574 , -0,02000004 , -41,79317 , 348,38
-5,315941 , -0,02000004 , -41,88417 , 348,4
-5,30812 , -0,02000004 , -41,96523 , 348,42
-5,301928 , -0,02000004 , -42,03733 , 348,44
-5,297203 , -0,02000004 , -42,10137 , 348,46
-5,293798 , -0,02000004 , -42,15816 , 348,48
-5,291581 , -0,02000004 , -42,20843 , 348,5
-5,290168 , -0,02000004 , -42,25282 , 348,52
-5,289268 , -0,02000004 , -42,29193 , 348,54
-5,288694 , -0,02000004 , -42,32627 , 348,56
-5,288328 , -0,02000004 , -42,35634 , 348,58
-5,288095 , -0,02000004 , -42,38255 , 348,6
-5,287946 , -0,02000004 , -42,40529 , 348,62
-5,287851 , -0,02000004 , -42,42491 , 348,64
-5,287791 , -0,02000004 , -42,44172 , 348,66
-5,287752 , -0,02000004 , -42,45601 , 348,68
-5,287728 , -0,02000004 , -42,46801 , 348,7
-5,287712 , -0,02000004 , -42,47797 , 348,72
-5,286354 , -0,02000004 , -42,49746 , 348,74
-5,284055 , -0,02000004 , -42,52552 , 348,76
-5,280905 , -0,02000004 , -42,56131 , 348,78
-5,276986 , -0,02000004 , -42,60405 , 348,8
-5,272376 , -0,02000004 , -42,65304 , 348,82
-5,267145 , -0,01999998 , -42,70766 , 348,84
-5,261357 , -0,01999998 , -42,76734 , 348,86
-5,255072 , -0,01999998 , -42,83158 , 348,88
-5,248345 , -0,01999998 , -42,89993 , 348,9
-5,241226 , -0,0200001 , -42,97198 , 348,92
-5,235666 , -0,0200001 , -43,03597 , 348,94
-5,23151 , -0,0200001 , -43,09271 , 348,96
-5,228617 , -0,0200001 , -43,14293 , 348,98
-5,226774 , -0,0200001 , -43,18729 , 349
-5,225599 , -0,0200001 , -43,22636 , 349,02
-5,22485 , -0,0200001 , -43,26067 , 349,04
-5,224373 , -0,0200001 , -43,29071 , 349,06
-5,224069 , -0,0200001 , -43,31689 , 349,08
-5,223875 , -0,0200001 , -43,33961 , 349,1
-5,223751 , -0,0200001 , -43,35921 , 349,12
-5,223672 , -0,0200001 , -43,376 , 349,14
-5,223622 , -0,0200001 , -43,39027 , 349,16
-5,22359 , -0,0200001 , -43,40226 , 349,18
-5,22357 , -0,0200001 , -43,4122 , 349,2
-5,223557 , -0,0200001 , -43,4203 , 349,22
-5,223549 , -0,0200001 , -43,42675 , 349,24
-5,223544 , -0,0200001 , -43,4317 , 349,26
-5,22354 , -0,0200001 , -43,43531 , 349,28
-5,223538 , -0,0200001 , -43,43771 , 349,3
-5,223537 , -0,0200001 , -43,43924 , 349,32
-5,223536 , -0,0200001 , -43,43977 , 349,34
-5,223536 , -0,0200001 , -43,44039 , 349,36
-5,223536 , -0,0200001 , -43,4406 , 349,38
-5,223536 , -0,0200001 , -43,44061 , 349,4
-5,223536 , -0,0200001 , -43,44053 , 349,42
-5,223536 , -0,0200001 , -43,44041 , 349,44
-5,223536 , -0,0200001 , -43,44028 , 349,46
-5,223536 , -0,0200001 , -43,44017 , 349,48
-5,223536 , -0,0200001 , -43,44008 , 349,5
-5,223536 , -0,0200001 , -43,44001 , 349,52
-5,223536 , -0,0200001 , -43,43995 , 349,54
-5,223536 , -0,0200001 , -43,4399 , 349,56
-5,223536 , -0,0200001 , -43,43987 , 349,58
-5,223536 , -0,0200001 , -43,43987 , 349,6
-5,213428 , -0,02000004 , -43,44261 , 349,62
-5,194222 , -0,02000004 , -43,44783 , 349,64
-5,166834 , -0,02000004 , -43,45529 , 349,66
-5,132095 , -0,02000004 , -43,46481 , 349,68
-5,090755 , -0,02000004 , -43,47622 , 349,7
-5,043497 , -0,02000004 , -43,4894 , 349,72
-4,990935 , -0,02000004 , -43,50425 , 349,74
-4,93363 , -0,02000004 , -43,52068 , 349,76
-4,872087 , -0,02000004 , -43,5386 , 349,78
-4,806764 , -0,02000004 , -43,55798 , 349,8
-4,738075 , -0,02000004 , -43,57876 , 349,82
-4,666396 , -0,02000004 , -43,60089 , 349,84
-4,592068 , -0,02000004 , -43,62434 , 349,86
-4,515397 , -0,02000004 , -43,64909 , 349,88
-4,436661 , -0,02000016 , -43,6751 , 349,9
-4,356113 , -0,01999998 , -43,70235 , 349,92
-4,273981 , -0,01999998 , -43,73083 , 349,94
-4,190468 , -0,02000016 , -43,7605 , 349,96
-4,105761 , -0,01999998 , -43,79136 , 349,98
-4,020028 , -0,01999998 , -43,82337 , 350
-3,933418 , -0,01999998 , -43,85653 , 350,02
-3,846069 , -0,01999998 , -43,89081 , 350,04
-3,758101 , -0,01999998 , -43,92619 , 350,06
-3,669626 , -0,01999998 , -43,96265 , 350,08
-3,580741 , -0,01999998 , -44,00018 , 350,1
-3,491534 , -0,01999998 , -44,03875 , 350,12
-3,402085 , -0,01999998 , -44,07833 , 350,14
-3,312463 , -0,02000016 , -44,11891 , 350,16
-3,222732 , -0,02000016 , -44,16047 , 350,18
-3,132946 , -0,01999998 , -44,20298 , 350,2
-3,043156 , -0,01999998 , -44,24641 , 350,22
-2,953381 , -0,02000016 , -44,29072 , 350,24
-2,863662 , -0,02000016 , -44,33587 , 350,26
-2,774035 , -0,01999998 , -44,38186 , 350,28
-2,684529 , -0,01999998 , -44,42865 , 350,3
