Min X value: -65
Min Y value: -14,1249
Min Z value: -105,0925
Max X value: 66,50088
Max Y value: 14,90855
Max Z value: 105
Key: charpos in X , Y , Z , Time since start capture
0 , 0 , -95 , 243,98
0 , -0,003531575 , -95 , 244
0 , -0,0109126 , -95 , 244,02
4,816125E-11 , -0,01818258 , -95 , 244,04
1,712832E-10 , -0,01963657 , -95 , 244,06
2,663886E-10 , -0,01992738 , -95 , 244,08
3,289422E-10 , -0,0199855 , -95 , 244,1
3,681617E-10 , -0,01999712 , -95 , 244,12
3,92262E-10 , -0,01999944 , -95 , 244,14
4,068762E-10 , -0,01999992 , -95 , 244,16
4,156258E-10 , -0,02000004 , -95 , 244,18
4,207852E-10 , -0,02000004 , -95 , 244,2
4,237673E-10 , -0,02000004 , -95 , 244,22
4,254448E-10 , -0,02000004 , -95 , 244,24
4,263516E-10 , -0,02000004 , -95 , 244,26
4,268116E-10 , -0,02000004 , -95 , 244,28
4,270194E-10 , -0,02000004 , -95 , 244,3
4,2709E-10 , -0,02000004 , -95 , 244,32
4,270903E-10 , -0,02000004 , -95 , 244,34
4,270583E-10 , -0,02000004 , -95 , 244,36
4,270146E-10 , -0,02000004 , -95 , 244,38
4,270146E-10 , -0,02000004 , -95 , 244,4
4,270146E-10 , -0,02000004 , -95 , 244,42
4,270146E-10 , -0,02000004 , -95 , 244,44
4,270146E-10 , -0,02000004 , -95 , 244,46
4,270146E-10 , -0,02000004 , -95 , 244,48
4,270146E-10 , -0,02000004 , -95 , 244,5
4,270146E-10 , -0,02000004 , -95 , 244,52
4,270146E-10 , -0,02000004 , -95 , 244,54
4,270146E-10 , -0,02000004 , -95 , 244,56
4,270146E-10 , -0,02000004 , -95 , 244,58
4,270146E-10 , -0,02000004 , -95 , 244,6
4,270146E-10 , -0,02000004 , -95 , 244,62
4,270146E-10 , -0,02000004 , -95 , 244,64
4,270146E-10 , -0,02000004 , -95 , 244,66
4,270146E-10 , -0,02000004 , -95 , 244,68
4,270146E-10 , -0,02000004 , -95 , 244,7
4,270146E-10 , -0,02000004 , -95 , 244,72
0,005674636 , -0,02000004 , -95,00868 , 244,74
0,0164576 , -0,02000004 , -95,02518 , 244,76
0,03183241 , -0,02000004 , -95,04873 , 244,78
0,05132708 , -0,02000004 , -95,07861 , 244,8
0,0745106 , -0,02000004 , -95,11422 , 244,82
0,1009903 , -0,02000004 , -95,15499 , 244,84
0,1304079 , -0,02000004 , -95,20044 , 244,86
0,1626769 , -0,02000004 , -95,24995 , 244,88
0,1908714 , -0,02000004 , -95,29366 , 244,9
0,2153989 , -0,02000004 , -95,33215 , 244,92
0,2366261 , -0,02000004 , -95,36594 , 244,94
0,254883 , -0,02000004 , -95,3955 , 244,96
0,2704666 , -0,02000004 , -95,42126 , 244,98
0,2856539 , -0,02000004 , -95,43229 , 245
0,3002853 , -0,02000004 , -95,43125 , 245,02
0,3142971 , -0,02000004 , -95,41975 , 245,04
0,327638 , -0,02000004 , -95,3988 , 245,06
0,340293 , -0,02000004 , -95,36936 , 245,08
0,3522683 , -0,02000004 , -95,33226 , 245,1
0,3635754 , -0,02000004 , -95,28826 , 245,12
0,3742441 , -0,02000004 , -95,23804 , 245,14
0,3842948 , -0,02000004 , -95,18224 , 245,16
0,3937542 , -0,02000004 , -95,12139 , 245,18
0,4026292 , -0,02000016 , -95,05601 , 245,2
0,4109402 , -0,0200001 , -94,98653 , 245,22
0,4187021 , -0,0200001 , -94,91338 , 245,24
0,4259347 , -0,02000004 , -94,83691 , 245,26
0,4326653 , -0,02000016 , -94,75745 , 245,28
0,4388567 , -0,0200001 , -94,6753 , 245,3
0,4445493 , -0,02000004 , -94,59072 , 245,32
0,4497823 , -0,02000004 , -94,50395 , 245,34
0,4545903 , -0,01999998 , -94,41522 , 245,36
0,4590041 , -0,01999998 , -94,32471 , 245,38
0,4630512 , -0,02000016 , -94,23261 , 245,4
0,4667388 , -0,02000016 , -94,13908 , 245,42
0,4700685 , -0,01999998 , -94,04424 , 245,44
0,4730354 , -0,0200001 , -93,94824 , 245,46
0,4755319 , -0,02000004 , -93,85118 , 245,48
0,4775389 , -0,02000016 , -93,75316 , 245,5
0,4791161 , -0,02000016 , -93,65427 , 245,52
0,480342 , -0,02000016 , -93,55459 , 245,54
0,4813027 , -0,0200001 , -93,4542 , 245,56
0,4820861 , -0,02000004 , -93,35318 , 245,58
0,4827482 , -0,02000004 , -93,25159 , 245,6
0,4833249 , -0,01999998 , -93,14948 , 245,62
0,4838393 , -0,01999998 , -93,0469 , 245,64
0,4843065 , -0,01999998 , -92,9439 , 245,66
0,4847364 , -0,01999998 , -92,84053 , 245,68
0,4851356 , -0,01999998 , -92,73682 , 245,7
0,4855085 , -0,0200001 , -92,6328 , 245,72
0,4858583 , -0,0200001 , -92,5285 , 245,74
0,4861874 , -0,0200001 , -92,42396 , 245,76
0,4864975 , -0,01999992 , -92,31919 , 245,78
0,4867899 , -0,01999992 , -92,21423 , 245,8
0,4870658 , -0,01999992 , -92,10908 , 245,82
0,4872937 , -0,01999992 , -92,00377 , 245,84
0,4874845 , -0,01999992 , -91,89831 , 245,86
0,4875757 , -0,02000004 , -91,79272 , 245,88
0,4874833 , -0,02000004 , -91,68701 , 245,9
0,4871816 , -0,01999998 , -91,5812 , 245,92
0,4866426 , -0,0200001 , -91,4753 , 245,94
0,4858911 , -0,0200001 , -91,36932 , 245,96
0,4849458 , -0,0200001 , -91,26328 , 245,98
0,4838664 , -0,0200001 , -91,15718 , 246
0,4826977 , -0,0200001 , -91,05103 , 246,02
0,4814684 , -0,0200001 , -90,94484 , 246,04
0,4801931 , -0,0200001 , -90,83861 , 246,06
0,4788815 , -0,02000004 , -90,73234 , 246,08
0,4774922 , -0,02000004 , -90,62604 , 246,1
0,4759933 , -0,02000004 , -90,51972 , 246,12
0,4744082 , -0,02000004 , -90,41339 , 246,14
0,472746 , -0,02000004 , -90,30704 , 246,16
0,471017 , -0,02000004 , -90,20069 , 246,18
0,4692373 , -0,02000004 , -90,09433 , 246,2
0,4674654 , -0,02000004 , -89,98796 , 246,22
0,4656905 , -0,02000004 , -89,88158 , 246,24
0,4639594 , -0,02000004 , -89,77519 , 246,26
0,4622534 , -0,02000004 , -89,66879 , 246,28
0,4605609 , -0,01999998 , -89,56238 , 246,3
0,4589229 , -0,0200001 , -89,45595 , 246,32
0,4573172 , -0,0200001 , -89,34951 , 246,34
0,4557299 , -0,02000004 , -89,24306 , 246,36
0,4541523 , -0,02000004 , -89,1366 , 246,38
0,4525789 , -0,02000004 , -89,03014 , 246,4
0,4510063 , -0,02000004 , -88,92366 , 246,42
0,4494325 , -0,02000004 , -88,81718 , 246,44
0,4478562 , -0,02000004 , -88,7107 , 246,46
0,4462768 , -0,02000004 , -88,60421 , 246,48
0,4446938 , -0,02000004 , -88,49772 , 246,5
0,443107 , -0,02000004 , -88,39122 , 246,52
0,4415165 , -0,02000004 , -88,28472 , 246,54
0,4399222 , -0,02000004 , -88,17822 , 246,56
0,4383241 , -0,01999998 , -88,07171 , 246,58
0,4367225 , -0,0200001 , -87,9652 , 246,6
0,4351173 , -0,02000004 , -87,8587 , 246,62
0,4335088 , -0,02000004 , -87,75219 , 246,64
0,4318969 , -0,02000004 , -87,64568 , 246,66
0,4302819 , -0,02000004 , -87,53916 , 246,68
0,4286639 , -0,02000004 , -87,43265 , 246,7
0,4270429 , -0,02000004 , -87,32613 , 246,72
0,4254192 , -0,02000004 , -87,21962 , 246,74
0,4237927 , -0,02000004 , -87,11311 , 246,76
0,4221636 , -0,02000004 , -87,00659 , 246,78
0,420532 , -0,02000004 , -86,90008 , 246,8
0,418898 , -0,02000004 , -86,79356 , 246,82
0,4172617 , -0,02000016 , -86,68705 , 246,84
0,4156232 , -0,02000016 , -86,58054 , 246,86
0,4139825 , -0,0200001 , -86,47402 , 246,88
0,4123398 , -0,0200001 , -86,36751 , 246,9
0,4106951 , -0,0200001 , -86,26099 , 246,92
0,4090486 , -0,02000004 , -86,15448 , 246,94
0,4074001 , -0,02000016 , -86,04797 , 246,96
0,4057499 , -0,01999998 , -85,94147 , 246,98
0,4040981 , -0,01999998 , -85,83496 , 247
0,4024445 , -0,0200001 , -85,72845 , 247,02
0,4007895 , -0,02000022 , -85,62195 , 247,04
0,3991329 , -0,02000004 , -85,51544 , 247,06
0,3974748 , -0,02000004 , -85,40894 , 247,08
0,3958154 , -0,02000004 , -85,30243 , 247,1
0,3941546 , -0,02000004 , -85,19592 , 247,12
0,3924925 , -0,02000004 , -85,08942 , 247,14
0,3908291 , -0,02000004 , -84,98291 , 247,16
0,3891646 , -0,02000004 , -84,8764 , 247,18
0,3874989 , -0,02000016 , -84,7699 , 247,2
0,385832 , -0,02000016 , -84,66339 , 247,22
0,3841642 , -0,01999998 , -84,55688 , 247,24
0,3824952 , -0,01999998 , -84,45039 , 247,26
0,3808253 , -0,0200001 , -84,34389 , 247,28
0,3791544 , -0,02000004 , -84,23739 , 247,3
0,3774827 , -0,02000004 , -84,13089 , 247,32
0,37581 , -0,02000004 , -84,02439 , 247,34
0,3741365 , -0,02000004 , -83,91789 , 247,36
0,3724622 , -0,02000004 , -83,81139 , 247,38
0,3707871 , -0,02000004 , -83,7049 , 247,4
0,3691113 , -0,02000004 , -83,5984 , 247,42
0,3674347 , -0,02000004 , -83,4919 , 247,44
0,3657574 , -0,02000004 , -83,3854 , 247,46
0,3640795 , -0,02000004 , -83,2789 , 247,48
0,3624009 , -0,01999998 , -83,1724 , 247,5
0,3607216 , -0,01999998 , -83,0659 , 247,52
0,3590418 , -0,0200001 , -82,9594 , 247,54
0,3573136 , -0,01999992 , -82,85291 , 247,56
0,3554594 , -0,01999992 , -82,74644 , 247,58
0,3534773 , -0,01999992 , -82,63998 , 247,6
0,3514012 , -0,0200001 , -82,53355 , 247,62
0,3491732 , -0,02000004 , -82,42714 , 247,64
0,346808 , -0,02000004 , -82,32076 , 247,66
0,3442519 , -0,02000004 , -82,21439 , 247,68
0,3415232 , -0,02000004 , -82,10806 , 247,7
0,3386383 , -0,02000004 , -82,00174 , 247,72
0,3356115 , -0,02000016 , -81,89545 , 247,74
0,3324557 , -0,01999998 , -81,78917 , 247,76
0,3291821 , -0,02000016 , -81,68291 , 247,78
0,325801 , -0,02000016 , -81,57666 , 247,8
0,3223214 , -0,0200001 , -81,47043 , 247,82
0,318751 , -0,0200001 , -81,36421 , 247,84
0,3150972 , -0,0200001 , -81,258 , 247,86
0,3113662 , -0,0200001 , -81,15181 , 247,88
0,3075638 , -0,0200001 , -81,04562 , 247,9
0,3036949 , -0,0200001 , -80,93945 , 247,92
0,2997643 , -0,02000004 , -80,83327 , 247,94
0,2957759 , -0,02000004 , -80,72711 , 247,96
0,2917333 , -0,02000004 , -80,62096 , 247,98
0,2876399 , -0,02000004 , -80,51481 , 248
0,2834987 , -0,02000004 , -80,40867 , 248,02
0,2793123 , -0,02000004 , -80,30254 , 248,04
0,2750832 , -0,02000004 , -80,1964 , 248,06
0,2708135 , -0,02000004 , -80,09028 , 248,08
0,2665053 , -0,02000004 , -79,98416 , 248,1
0,2621604 , -0,02000016 , -79,87804 , 248,12
0,2573829 , -0,02000016 , -79,77199 , 248,14
0,2513465 , -0,01999998 , -79,66615 , 248,16
0,2432588 , -0,01999998 , -79,56075 , 248,18
0,2321646 , -0,0200001 , -79,4562 , 248,2
0,2173711 , -0,0200001 , -79,3529 , 248,22
0,198558 , -0,0200001 , -79,25115 , 248,24
0,1757903 , -0,02000004 , -79,15103 , 248,26
0,1492446 , -0,02000004 , -79,05254 , 248,28
0,1190854 , -0,02000004 , -78,95567 , 248,3
0,08537693 , -0,02000004 , -78,8605 , 248,32
0,04811294 , -0,02000004 , -78,76718 , 248,34
0,007294746 , -0,02000004 , -78,67587 , 248,36
-0,03699448 , -0,02000004 , -78,58663 , 248,38
-0,08468236 , -0,02000004 , -78,49958 , 248,4
-0,135609 , -0,02000004 , -78,4147 , 248,42
-0,1896047 , -0,02000004 , -78,33197 , 248,44
-0,2465014 , -0,02000004 , -78,25134 , 248,46
-0,3060902 , -0,02000022 , -78,17271 , 248,48
-0,3681521 , -0,02000016 , -78,09595 , 248,5
-0,4324906 , -0,02000016 , -78,02095 , 248,52
-0,4989148 , -0,02000016 , -77,94758 , 248,54
-0,567268 , -0,02000016 , -77,87574 , 248,56
-0,6374238 , -0,02000016 , -77,80538 , 248,58
-0,7092814 , -0,02000016 , -77,73647 , 248,6
-0,7827215 , -0,01999998 , -77,66895 , 248,62
-0,8576496 , -0,01999998 , -77,60276 , 248,64
-0,9339534 , -0,0200001 , -77,53783 , 248,66
-1,011531 , -0,02000004 , -77,47411 , 248,68
-1,090292 , -0,02000004 , -77,41151 , 248,7
-1,170152 , -0,02000004 , -77,34998 , 248,72
-1,251037 , -0,02000004 , -77,28949 , 248,74
-1,33288 , -0,02000004 , -77,22997 , 248,76
-1,415616 , -0,02000016 , -77,17139 , 248,78
-1,499192 , -0,01999998 , -77,11372 , 248,8
-1,583554 , -0,01999998 , -77,05691 , 248,82
-1,668657 , -0,01999998 , -77,00093 , 248,84
-1,75448 , -0,01999998 , -76,94581 , 248,86
-1,841017 , -0,01999998 , -76,89157 , 248,88
-1,928269 , -0,01999998 , -76,83826 , 248,9
-2,016254 , -0,0200001 , -76,78597 , 248,92
-2,105002 , -0,0200001 , -76,7348 , 248,94
-2,194524 , -0,02000004 , -76,68484 , 248,96
-2,284862 , -0,02000004 , -76,63622 , 248,98
-2,376054 , -0,02000004 , -76,58912 , 249
-2,468117 , -0,02000004 , -76,54366 , 249,02
-2,561046 , -0,02000004 , -76,49989 , 249,04
-2,654803 , -0,02000004 , -76,45781 , 249,06
-2,749332 , -0,02000004 , -76,41733 , 249,08
-2,844578 , -0,02000004 , -76,37836 , 249,1
-2,940486 , -0,02000004 , -76,3408 , 249,12
-3,037006 , -0,02000004 , -76,30457 , 249,14
-3,134105 , -0,02000004 , -76,26962 , 249,16
-3,231785 , -0,02000004 , -76,23606 , 249,18
-3,330052 , -0,02000004 , -76,20399 , 249,2
-3,428914 , -0,02000004 , -76,17356 , 249,22
-3,528362 , -0,02000004 , -76,14484 , 249,24
-3,628376 , -0,02000004 , -76,1179 , 249,26
-3,72894 , -0,02000004 , -76,09279 , 249,28
-3,830028 , -0,02000004 , -76,06953 , 249,3
-3,931614 , -0,02000004 , -76,04818 , 249,32
-4,033672 , -0,02000016 , -76,02877 , 249,34
-4,136173 , -0,01999998 , -76,01134 , 249,36
-4,239083 , -0,0200001 , -75,99585 , 249,38
-4,342373 , -0,02000004 , -75,98236 , 249,4
-4,446011 , -0,02000004 , -75,97092 , 249,42
-4,54996 , -0,02000004 , -75,96169 , 249,44
-4,654179 , -0,02000004 , -75,95477 , 249,46
-4,758612 , -0,02000004 , -75,95034 , 249,48
-4,863193 , -0,02000004 , -75,94852 , 249,5
-4,967859 , -0,02000004 , -75,94859 , 249,52
-5,072533 , -0,02000004 , -75,95016 , 249,54
-5,177121 , -0,02000004 , -75,95333 , 249,56
-5,281539 , -0,02000004 , -75,95831 , 249,58
-5,385709 , -0,02000004 , -75,96524 , 249,6
-5,489573 , -0,02000004 , -75,97421 , 249,62
-5,593095 , -0,02000004 , -75,98521 , 249,64
-5,696261 , -0,02000004 , -75,99818 , 249,66
-5,799094 , -0,02000004 , -76,01294 , 249,68
-5,901611 , -0,02000004 , -76,02936 , 249,7
-6,00382 , -0,02000004 , -76,04734 , 249,72
-6,105736 , -0,02000004 , -76,06677 , 249,74
-6,20736 , -0,02000004 , -76,08759 , 249,76
-6,308719 , -0,02000004 , -76,10964 , 249,78
-6,409822 , -0,02000004 , -76,13286 , 249,8
-6,510677 , -0,02000004 , -76,15717 , 249,82
-6,611318 , -0,02000004 , -76,18246 , 249,84
-6,711793 , -0,02000004 , -76,20853 , 249,86
-6,812103 , -0,02000004 , -76,23537 , 249,88
-6,912301 , -0,02000004 , -76,26281 , 249,9
-7,012402 , -0,02000004 , -76,29077 , 249,92
-7,112421 , -0,02000004 , -76,31918 , 249,94
-7,212394 , -0,02000004 , -76,34794 , 249,96
-7,312371 , -0,02000004 , -76,37688 , 249,98
-7,412402 , -0,02000004 , -76,40585 , 250
-7,512531 , -0,02000004 , -76,43468 , 250,02
-7,61274 , -0,02000004 , -76,46344 , 250,04
-7,713011 , -0,02000004 , -76,49214 , 250,06
-7,813331 , -0,02000004 , -76,52083 , 250,08
-7,913684 , -0,02000004 , -76,54952 , 250,1
-7,971941 , -0,0200001 , -76,56709 , 250,12
-8,020992 , -0,0200001 , -76,58151 , 250,14
-8,061337 , -0,02000004 , -76,59826 , 250,16
-8,095407 , -0,02000004 , -76,61495 , 250,18
-8,128325 , -0,02000004 , -76,63094 , 250,2
-8,161788 , -0,02000004 , -76,64674 , 250,22
-8,194142 , -0,02000004 , -76,6625 , 250,24
-8,226398 , -0,02000004 , -76,67802 , 250,26
-8,258761 , -0,02000004 , -76,69325 , 250,28
-8,291176 , -0,02000004 , -76,70818 , 250,3
-8,32366 , -0,02000004 , -76,72273 , 250,32
-8,35622 , -0,02000004 , -76,73682 , 250,34
-8,389001 , -0,02000004 , -76,75041 , 250,36
-8,421911 , -0,02000004 , -76,76351 , 250,38
-8,454487 , -0,02000004 , -76,77616 , 250,4
-8,482145 , -0,02000004 , -76,78868 , 250,42
-8,510388 , -0,02000004 , -76,80062 , 250,44
-8,539334 , -0,01999998 , -76,81205 , 250,46
-8,568484 , -0,01999998 , -76,82298 , 250,48
-8,597825 , -0,0200001 , -76,83344 , 250,5
-8,627341 , -0,02000004 , -76,84345 , 250,52
-8,656995 , -0,01999998 , -76,85303 , 250,54
-8,686771 , -0,0200001 , -76,86219 , 250,56
-8,716662 , -0,02000004 , -76,87096 , 250,58
-8,74666 , -0,01999998 , -76,87933 , 250,6
-8,7768 , -0,0200001 , -76,88734 , 250,62
-8,806905 , -0,0200001 , -76,89499 , 250,64
-8,836998 , -0,0200001 , -76,90231 , 250,66
-8,867126 , -0,02000004 , -76,90929 , 250,68
-8,897174 , -0,02000004 , -76,91595 , 250,7
-8,927072 , -0,02000004 , -76,92233 , 250,72
-8,956813 , -0,02000004 , -76,92841 , 250,74
-8,986427 , -0,02000004 , -76,93422 , 250,76
-9,015949 , -0,02000004 , -76,93976 , 250,78
-9,045401 , -0,02000004 , -76,94503 , 250,8
-9,074795 , -0,02000004 , -76,95005 , 250,82
-9,104137 , -0,02000004 , -76,95483 , 250,84
-9,13343 , -0,02000004 , -76,95937 , 250,86
-9,162672 , -0,02000004 , -76,96368 , 250,88
-9,191868 , -0,02000004 , -76,96777 , 250,9
-9,221019 , -0,02000004 , -76,97165 , 250,92
-9,250129 , -0,02000022 , -76,97533 , 250,94
-9,2792 , -0,02000016 , -76,97881 , 250,96
-9,308236 , -0,01999998 , -76,98209 , 250,98
-9,337242 , -0,0200001 , -76,9852 , 251
-9,366217 , -0,02000004 , -76,98813 , 251,02
-9,395165 , -0,02000004 , -76,99088 , 251,04
-9,424088 , -0,02000004 , -76,99348 , 251,06
-9,452986 , -0,02000004 , -76,99591 , 251,08
-9,481863 , -0,02000004 , -76,99819 , 251,1
-9,510721 , -0,02000004 , -77,00032 , 251,12
-9,539561 , -0,02000004 , -77,00231 , 251,14
-9,568373 , -0,02000004 , -77,0041 , 251,16
-9,597167 , -0,02000004 , -77,00575 , 251,18
-9,625953 , -0,02000004 , -77,00728 , 251,2
-9,654734 , -0,02000004 , -77,00871 , 251,22
-9,683512 , -0,02000004 , -77,01006 , 251,24
-9,712289 , -0,02000004 , -77,01136 , 251,26
-9,741068 , -0,02000004 , -77,01262 , 251,28
-9,769851 , -0,02000004 , -77,01384 , 251,3
-9,798639 , -0,02000004 , -77,01503 , 251,32
-9,827435 , -0,02000004 , -77,0162 , 251,34
-9,856241 , -0,02000004 , -77,01736 , 251,36
-9,885056 , -0,02000004 , -77,0185 , 251,38
-9,913878 , -0,02000004 , -77,01963 , 251,4
-9,94271 , -0,02000004 , -77,02074 , 251,42
-9,971549 , -0,02000004 , -77,02185 , 251,44
-10,0004 , -0,02000004 , -77,02295 , 251,46
-10,02925 , -0,02000004 , -77,02404 , 251,48
-10,05812 , -0,02000004 , -77,02512 , 251,5
-10,08699 , -0,02000004 , -77,0262 , 251,52
-10,11587 , -0,02000004 , -77,02727 , 251,54
-10,14475 , -0,02000004 , -77,02833 , 251,56
-10,17365 , -0,02000004 , -77,02938 , 251,58
-10,20255 , -0,02000016 , -77,03043 , 251,6
-10,23145 , -0,02000016 , -77,03146 , 251,62
-10,26037 , -0,02000016 , -77,03249 , 251,64
-10,28929 , -0,02000016 , -77,03352 , 251,66
-10,31822 , -0,01999998 , -77,03455 , 251,68
-10,34715 , -0,01999998 , -77,03556 , 251,7
-10,37609 , -0,01999998 , -77,03658 , 251,72
-10,40503 , -0,01999998 , -77,03758 , 251,74
-10,43398 , -0,01999998 , -77,03859 , 251,76
-10,46294 , -0,0200001 , -77,03959 , 251,78
-10,4919 , -0,02000004 , -77,04059 , 251,8
-10,52087 , -0,02000004 , -77,04158 , 251,82
-10,54984 , -0,02000004 , -77,04257 , 251,84
-10,57881 , -0,02000004 , -77,04356 , 251,86
-10,60779 , -0,02000004 , -77,04454 , 251,88
-10,63678 , -0,02000016 , -77,04552 , 251,9
-10,66577 , -0,01999998 , -77,0465 , 251,92
-10,69477 , -0,01999998 , -77,04748 , 251,94
-10,72376 , -0,01999998 , -77,04845 , 251,96
-10,75277 , -0,0200001 , -77,04943 , 251,98
-10,78178 , -0,02000004 , -77,0504 , 252
-10,81079 , -0,02000004 , -77,05137 , 252,02
-10,8398 , -0,02000004 , -77,05234 , 252,04
-10,86882 , -0,02000004 , -77,05331 , 252,06
-10,89785 , -0,01999998 , -77,05428 , 252,08
-10,92687 , -0,01999998 , -77,05524 , 252,1
-10,9559 , -0,01999998 , -77,0562 , 252,12
-10,98493 , -0,01999998 , -77,05716 , 252,14
-11,01397 , -0,01999998 , -77,05812 , 252,16
-11,04301 , -0,0200001 , -77,05908 , 252,18
-11,07205 , -0,0200001 , -77,06004 , 252,2
-11,1011 , -0,0200001 , -77,061 , 252,22
-11,13015 , -0,02000004 , -77,06197 , 252,24
-11,1592 , -0,02000004 , -77,06293 , 252,26
-11,18826 , -0,01999998 , -77,06389 , 252,28
-11,21731 , -0,01999998 , -77,06485 , 252,3
-11,24637 , -0,0200001 , -77,06581 , 252,32
-11,27544 , -0,0200001 , -77,06677 , 252,34
-11,3045 , -0,02000004 , -77,06773 , 252,36
-11,33357 , -0,02000022 , -77,0687 , 252,38
-11,36264 , -0,02000004 , -77,06966 , 252,4
-11,39171 , -0,02000004 , -77,07062 , 252,42
-11,42079 , -0,02000004 , -77,07158 , 252,44
-11,44986 , -0,02000004 , -77,07254 , 252,46
-11,47894 , -0,02000004 , -77,0735 , 252,48
-11,50803 , -0,02000004 , -77,07446 , 252,5
-11,53711 , -0,02000004 , -77,07542 , 252,52
-11,56619 , -0,02000004 , -77,07639 , 252,54
-11,59528 , -0,02000016 , -77,07735 , 252,56
-11,62437 , -0,02000016 , -77,07831 , 252,58
-11,65346 , -0,02000016 , -77,07927 , 252,6
-11,68255 , -0,0200001 , -77,08024 , 252,62
-11,71165 , -0,02000004 , -77,08121 , 252,64
-11,74074 , -0,02000004 , -77,08218 , 252,66
-11,76984 , -0,02000004 , -77,08315 , 252,68
-11,79894 , -0,02000004 , -77,08411 , 252,7
-11,82804 , -0,02000004 , -77,08508 , 252,72
-11,85714 , -0,02000004 , -77,08605 , 252,74
-11,88625 , -0,02000004 , -77,08702 , 252,76
-11,91535 , -0,02000016 , -77,08799 , 252,78
-11,94446 , -0,01999998 , -77,08897 , 252,8
-11,97357 , -0,01999998 , -77,08994 , 252,82
-12,00268 , -0,0200001 , -77,09092 , 252,84
-12,03179 , -0,0200001 , -77,0919 , 252,86
-12,0609 , -0,02000004 , -77,09287 , 252,88
-12,09002 , -0,02000004 , -77,09385 , 252,9
-12,11913 , -0,02000004 , -77,09483 , 252,92
-12,14825 , -0,02000004 , -77,09581 , 252,94
-12,17736 , -0,02000004 , -77,09679 , 252,96
-12,20648 , -0,02000004 , -77,09778 , 252,98
-12,2356 , -0,02000004 , -77,09876 , 253
-12,26472 , -0,02000004 , -77,09975 , 253,02
-12,29384 , -0,02000004 , -77,10073 , 253,04
-12,32296 , -0,02000004 , -77,10172 , 253,06
-12,35209 , -0,02000004 , -77,10271 , 253,08
-12,38121 , -0,02000016 , -77,10371 , 253,1
-12,41034 , -0,0200001 , -77,1047 , 253,12
-12,43947 , -0,0200001 , -77,10569 , 253,14
-12,46859 , -0,0200001 , -77,10668 , 253,16
-12,49772 , -0,0200001 , -77,10768 , 253,18
-12,52685 , -0,02000004 , -77,10868 , 253,2
-12,55598 , -0,02000004 , -77,10968 , 253,22
-12,58511 , -0,02000004 , -77,11068 , 253,24
-12,61424 , -0,02000004 , -77,11168 , 253,26
-12,64338 , -0,01999998 , -77,11269 , 253,28
-12,67251 , -0,01999998 , -77,11369 , 253,3
-12,70068 , -0,01999998 , -77,11458 , 253,32
-12,72883 , -0,01999998 , -77,11533 , 253,34
-12,75676 , -0,01999998 , -77,116 , 253,36
-12,78441 , -0,01999998 , -77,11661 , 253,38
-12,81178 , -0,01999998 , -77,11719 , 253,4
-12,83887 , -0,0200001 , -77,11775 , 253,42
-12,86569 , -0,02000004 , -77,1183 , 253,44
-12,89225 , -0,02000004 , -77,11885 , 253,46
-12,91855 , -0,02000016 , -77,1194 , 253,48
-12,9446 , -0,01999998 , -77,11995 , 253,5
-12,97041 , -0,01999998 , -77,1205 , 253,52
-12,99599 , -0,0200001 , -77,12105 , 253,54
-13,02135 , -0,02000004 , -77,1216 , 253,56
-13,0465 , -0,02000004 , -77,12215 , 253,58
-13,07144 , -0,02000004 , -77,1227 , 253,6
-13,09619 , -0,02000004 , -77,12325 , 253,62
-13,12075 , -0,01999998 , -77,12379 , 253,64
-13,14513 , -0,0200001 , -77,12434 , 253,66
-13,16933 , -0,0200001 , -77,12489 , 253,68
-13,19337 , -0,02000004 , -77,12544 , 253,7
-13,21725 , -0,02000004 , -77,12599 , 253,72
-13,24098 , -0,02000004 , -77,12654 , 253,74
-13,26456 , -0,02000004 , -77,12709 , 253,76
-13,28799 , -0,02000004 , -77,12764 , 253,78
-13,3113 , -0,02000004 , -77,12819 , 253,8
-13,33447 , -0,02000004 , -77,12874 , 253,82
-13,35751 , -0,02000004 , -77,12929 , 253,84
-13,38044 , -0,01999998 , -77,12984 , 253,86
-13,40325 , -0,01999998 , -77,13039 , 253,88
-13,42596 , -0,0200001 , -77,13094 , 253,9
-13,44855 , -0,0200001 , -77,13148 , 253,92
-13,47105 , -0,02000004 , -77,13202 , 253,94
-13,49344 , -0,02000004 , -77,13256 , 253,96
-13,51575 , -0,02000004 , -77,1331 , 253,98
-13,53796 , -0,02000004 , -77,13364 , 254
-13,56008 , -0,02000004 , -77,13418 , 254,02
-13,58213 , -0,02000004 , -77,13471 , 254,04
-13,60409 , -0,02000004 , -77,13525 , 254,06
-13,62598 , -0,02000004 , -77,13578 , 254,08
-13,64779 , -0,02000004 , -77,13631 , 254,1
-13,66953 , -0,02000004 , -77,13685 , 254,12
-13,6912 , -0,02000004 , -77,13737 , 254,14
-13,71281 , -0,02000004 , -77,1379 , 254,16
-13,73436 , -0,02000004 , -77,13843 , 254,18
-13,75582 , -0,02000004 , -77,13892 , 254,2
-13,77723 , -0,02000004 , -77,1394 , 254,22
-13,79859 , -0,02000004 , -77,13987 , 254,24
-13,8199 , -0,02000004 , -77,14034 , 254,26
-13,84116 , -0,02000004 , -77,14081 , 254,28
-13,86237 , -0,02000004 , -77,14127 , 254,3
-13,88353 , -0,02000004 , -77,14174 , 254,32
-13,90465 , -0,02000004 , -77,1422 , 254,34
-13,92572 , -0,02000004 , -77,14267 , 254,36
-13,94675 , -0,02000004 , -77,14314 , 254,38
-13,96774 , -0,02000004 , -77,14359 , 254,4
-13,9887 , -0,02000004 , -77,14405 , 254,42
-14,00962 , -0,02000022 , -77,14451 , 254,44
-14,0305 , -0,02000016 , -77,14497 , 254,46
-14,05134 , -0,01999998 , -77,14542 , 254,48
-14,07216 , -0,01999998 , -77,14588 , 254,5
-14,09294 , -0,0200001 , -77,14634 , 254,52
-14,1137 , -0,02000004 , -77,1468 , 254,54
-14,13443 , -0,02000004 , -77,14725 , 254,56
-14,15512 , -0,02000004 , -77,14771 , 254,58
-14,1758 , -0,02000004 , -77,14816 , 254,6
-14,19644 , -0,02000004 , -77,14861 , 254,62
-14,21707 , -0,02000004 , -77,14906 , 254,64
-14,23767 , -0,01999998 , -77,14951 , 254,66
-14,25824 , -0,01999998 , -77,14996 , 254,68
-14,2788 , -0,0200001 , -77,15041 , 254,7
-14,29933 , -0,02000004 , -77,15086 , 254,72
-14,31985 , -0,02000004 , -77,15131 , 254,74
-14,34037 , -0,02000004 , -77,15176 , 254,76
-14,36077 , -0,02000004 , -77,15219 , 254,78
-14,38113 , -0,02000004 , -77,15259 , 254,8
-14,40145 , -0,02000004 , -77,15296 , 254,82
-14,42177 , -0,02000004 , -77,15333 , 254,84
-14,44207 , -0,02000004 , -77,15368 , 254,86
-14,46236 , -0,02000004 , -77,15401 , 254,88
-14,48264 , -0,02000004 , -77,15432 , 254,9
-14,50291 , -0,02000004 , -77,15462 , 254,92
-14,52316 , -0,01999998 , -77,1549 , 254,94
-14,5434 , -0,0200001 , -77,15517 , 254,96
-14,56363 , -0,02000004 , -77,15542 , 254,98
-14,58385 , -0,02000004 , -77,15565 , 255
-14,60405 , -0,02000004 , -77,15588 , 255,02
-14,62426 , -0,02000004 , -77,15608 , 255,04
-14,64444 , -0,02000004 , -77,15627 , 255,06
-14,66463 , -0,02000004 , -77,15646 , 255,08
-14,68479 , -0,02000004 , -77,15663 , 255,1
-14,70494 , -0,01999998 , -77,1568 , 255,12
-14,72508 , -0,0200001 , -77,15695 , 255,14
-14,7452 , -0,0200001 , -77,1571 , 255,16
-14,76532 , -0,0200001 , -77,15724 , 255,18
-14,78542 , -0,02000004 , -77,15738 , 255,2
-14,80551 , -0,02000004 , -77,15751 , 255,22
-14,82346 , -0,02000004 , -77,15759 , 255,24
-14,83934 , -0,02000004 , -77,15764 , 255,26
-14,85334 , -0,02000004 , -77,15767 , 255,28
-14,86566 , -0,02000004 , -77,15769 , 255,3
-14,87646 , -0,02000004 , -77,15771 , 255,32
-14,88591 , -0,02000004 , -77,15771 , 255,34
-14,89412 , -0,02000004 , -77,15772 , 255,36
-14,90109 , -0,02000004 , -77,15772 , 255,38
-14,90652 , -0,02000004 , -77,15772 , 255,4
-14,91055 , -0,02000004 , -77,15772 , 255,42
-14,91333 , -0,02000004 , -77,15772 , 255,44
-14,91511 , -0,02000004 , -77,15772 , 255,46
-14,91586 , -0,02000004 , -77,15772 , 255,48
-14,91658 , -0,02000004 , -77,15772 , 255,5
-14,91683 , -0,02000004 , -77,15772 , 255,52
-14,91684 , -0,02000004 , -77,15772 , 255,54
-14,91674 , -0,02000004 , -77,15772 , 255,56
-14,9166 , -0,02000004 , -77,15772 , 255,58
-14,91646 , -0,02000004 , -77,15772 , 255,6
-14,91633 , -0,02000004 , -77,15772 , 255,62
-14,91623 , -0,02000004 , -77,15772 , 255,64
-14,91614 , -0,02000004 , -77,15772 , 255,66
-14,91607 , -0,02000004 , -77,15772 , 255,68
-14,91602 , -0,02000004 , -77,15772 , 255,7
-14,91597 , -0,02000004 , -77,15772 , 255,72
-14,91594 , -0,02000004 , -77,15772 , 255,74
-14,91592 , -0,02000004 , -77,15772 , 255,76
-14,9159 , -0,02000004 , -77,15772 , 255,78
-14,91589 , -0,02000004 , -77,15772 , 255,8
-14,91588 , -0,02000004 , -77,15772 , 255,82
-14,91588 , -0,02000004 , -77,15772 , 255,84
-14,91587 , -0,02000004 , -77,15772 , 255,86
-14,91587 , -0,02000004 , -77,15772 , 255,88
-14,91586 , -0,02000004 , -77,15772 , 255,9
-14,91586 , -0,02000004 , -77,15772 , 255,92
-14,91586 , -0,02000004 , -77,15772 , 255,94
-14,91586 , -0,02000004 , -77,15772 , 255,96
-14,91586 , -0,02000004 , -77,15772 , 255,98
-14,91586 , -0,02000004 , -77,15772 , 256
-14,91586 , -0,02000004 , -77,15772 , 256,02
-14,91586 , -0,02000004 , -77,15772 , 256,04
-14,91586 , -0,02000004 , -77,15772 , 256,06
-14,91586 , -0,02000004 , -77,15772 , 256,08
-14,91586 , -0,02000004 , -77,15772 , 256,1
-14,91586 , -0,02000004 , -77,15772 , 256,12
-14,91586 , -0,02000004 , -77,15772 , 256,14
-14,91586 , -0,02000004 , -77,15772 , 256,16
-14,91586 , -0,02000004 , -77,15772 , 256,18
-14,91586 , -0,02000004 , -77,15772 , 256,2
-14,91586 , -0,02000004 , -77,15772 , 256,22
-14,91586 , -0,02000004 , -77,15772 , 256,24
-14,91586 , -0,02000004 , -77,15772 , 256,26
-14,91586 , -0,02000004 , -77,15772 , 256,28
-14,91586 , -0,02000004 , -77,15772 , 256,3
-14,91586 , -0,02000004 , -77,15772 , 256,32
-14,91586 , -0,02000004 , -77,15772 , 256,34
-14,91586 , -0,02000004 , -77,15772 , 256,36
-14,91586 , -0,02000004 , -77,15772 , 256,38
-14,91586 , -0,02000004 , -77,15772 , 256,4
-14,91586 , -0,02000004 , -77,15772 , 256,42
-14,91586 , -0,02000004 , -77,15772 , 256,44
-14,91586 , -0,02000004 , -77,15772 , 256,46
-14,91586 , -0,02000004 , -77,15772 , 256,48
-14,91586 , -0,02000004 , -77,15772 , 256,5
-14,91586 , -0,02000004 , -77,15772 , 256,52
-14,91586 , -0,02000004 , -77,15772 , 256,54
-14,91586 , -0,02000004 , -77,15772 , 256,56
-14,91586 , -0,02000004 , -77,15772 , 256,58
-14,91586 , -0,02000004 , -77,15772 , 256,6
-14,91586 , -0,02000004 , -77,15772 , 256,62
-14,91586 , -0,02000004 , -77,15772 , 256,64
-14,91586 , -0,02000004 , -77,15772 , 256,66
-14,91586 , -0,02000004 , -77,15772 , 256,68
-14,91586 , -0,02000004 , -77,15772 , 256,7
-14,91586 , -0,02000004 , -77,15772 , 256,72
-14,91586 , -0,02000004 , -77,15772 , 256,74
-14,91586 , -0,02000004 , -77,15772 , 256,76
-14,91586 , -0,02000004 , -77,15772 , 256,78
-14,91586 , -0,02000004 , -77,15772 , 256,8
-14,91586 , -0,02000004 , -77,15772 , 256,82
-14,91586 , -0,02000004 , -77,15772 , 256,84
-14,91586 , -0,02000004 , -77,15772 , 256,86
-14,91586 , -0,02000004 , -77,15772 , 256,88
-14,91586 , -0,02000004 , -77,15772 , 256,9
-14,91586 , -0,02000004 , -77,15772 , 256,92
-14,91586 , -0,02000004 , -77,15772 , 256,94
-14,91586 , -0,02000004 , -77,15772 , 256,96
-14,91586 , -0,02000004 , -77,15772 , 256,98
-14,91586 , -0,02000004 , -77,15772 , 257
-14,91586 , -0,02000004 , -77,15772 , 257,02
-14,91586 , -0,02000004 , -77,15772 , 257,04
-14,91586 , -0,02000004 , -77,15772 , 257,06
-14,91586 , -0,02000004 , -77,15772 , 257,08
-14,91586 , -0,02000004 , -77,15772 , 257,1
-14,91586 , -0,02000004 , -77,15772 , 257,12
-14,91586 , -0,02000004 , -77,15772 , 257,14
-14,91586 , -0,02000004 , -77,15772 , 257,16
-14,91586 , -0,02000004 , -77,15772 , 257,18
-14,91586 , -0,02000004 , -77,15772 , 257,2
-14,91586 , -0,02000004 , -77,15772 , 257,22
-14,91586 , -0,02000004 , -77,15772 , 257,24
-14,91586 , -0,02000004 , -77,15772 , 257,26
-14,91586 , -0,02000004 , -77,15772 , 257,28
-14,91586 , -0,02000004 , -77,15772 , 257,3
-14,91586 , -0,02000004 , -77,15772 , 257,32
-14,91586 , -0,02000004 , -77,15772 , 257,34
-14,91586 , -0,02000004 , -77,15772 , 257,36
-14,91586 , -0,02000004 , -77,15772 , 257,38
-14,91586 , -0,02000004 , -77,15772 , 257,4
-14,91586 , -0,02000004 , -77,15772 , 257,42
-14,91586 , -0,02000004 , -77,15772 , 257,44
-14,91586 , -0,02000004 , -77,15772 , 257,46
-14,91586 , -0,02000004 , -77,15772 , 257,48
-14,91586 , -0,02000004 , -77,15772 , 257,5
-14,91586 , -0,02000004 , -77,15772 , 257,52
-14,91586 , -0,02000004 , -77,15772 , 257,54
-14,91586 , -0,02000004 , -77,15772 , 257,56
-14,91586 , -0,02000004 , -77,15772 , 257,58
-14,91586 , -0,02000004 , -77,15772 , 257,6
-14,91586 , -0,02000004 , -77,15772 , 257,62
-14,91586 , -0,02000004 , -77,15772 , 257,64
-14,91586 , -0,02000004 , -77,15772 , 257,66
-14,91586 , -0,02000004 , -77,15772 , 257,68
-14,91586 , -0,02000004 , -77,15772 , 257,7
-14,91586 , -0,02000004 , -77,15772 , 257,72
-14,91586 , -0,02000004 , -77,15772 , 257,74
-14,91586 , -0,02000004 , -77,15772 , 257,76
-14,91586 , -0,02000004 , -77,15772 , 257,78
-14,91586 , -0,02000004 , -77,15772 , 257,8
-14,91586 , -0,02000004 , -77,15772 , 257,82
-14,91586 , -0,02000004 , -77,15772 , 257,84
-14,91586 , -0,02000004 , -77,15772 , 257,86
-14,91586 , -0,02000004 , -77,15772 , 257,88
-14,91586 , -0,02000004 , -77,15772 , 257,9
-14,91586 , -0,02000004 , -77,15772 , 257,92
-14,91586 , -0,02000004 , -77,15772 , 257,94
-14,91586 , -0,02000004 , -77,15772 , 257,96
-14,91586 , -0,02000004 , -77,15772 , 257,98
-14,91586 , -0,02000004 , -77,15772 , 258
-14,91586 , -0,02000004 , -77,15772 , 258,02
-14,91586 , -0,02000004 , -77,15772 , 258,04
-14,91586 , -0,02000004 , -77,15772 , 258,06
-14,91586 , -0,02000004 , -77,15772 , 258,08
-14,91586 , -0,02000004 , -77,15772 , 258,1
-14,91586 , -0,02000004 , -77,15772 , 258,12
-14,91586 , -0,02000004 , -77,15772 , 258,14
-14,91586 , -0,02000004 , -77,15772 , 258,16
-14,91586 , -0,02000004 , -77,15772 , 258,18
-14,91586 , -0,02000004 , -77,15772 , 258,2
-14,91586 , -0,02000004 , -77,15772 , 258,22
-14,91586 , -0,02000004 , -77,15772 , 258,24
-14,91586 , -0,02000004 , -77,15772 , 258,26
-14,91586 , -0,02000004 , -77,15772 , 258,28
-14,91586 , -0,02000004 , -77,15772 , 258,3
-14,91586 , -0,02000004 , -77,15772 , 258,32
-14,91586 , -0,02000004 , -77,15772 , 258,34
-14,91586 , -0,02000004 , -77,15772 , 258,36
-14,91586 , -0,02000004 , -77,15772 , 258,38
-14,91586 , -0,02000004 , -77,15772 , 258,4
-14,91586 , -0,02000004 , -77,15772 , 258,42
-14,91586 , -0,02000004 , -77,15772 , 258,44
-14,91586 , -0,02000004 , -77,15772 , 258,46
-14,91586 , -0,02000004 , -77,15772 , 258,48
-14,91586 , -0,02000004 , -77,15772 , 258,5
-14,91586 , -0,02000004 , -77,15772 , 258,52
-14,91586 , -0,02000004 , -77,15772 , 258,54
-14,91586 , -0,02000004 , -77,15772 , 258,56
-14,91586 , -0,02000004 , -77,15772 , 258,58
-14,91586 , -0,02000004 , -77,15772 , 258,6
-14,91586 , -0,02000004 , -77,15772 , 258,62
-14,90529 , -0,02000004 , -77,15882 , 258,64
-14,8852 , -0,01999998 , -77,16064 , 258,66
-14,85657 , -0,02000016 , -77,16309 , 258,68
-14,82024 , -0,0200001 , -77,16616 , 258,7
-14,77701 , -0,02000004 , -77,16983 , 258,72
-14,72756 , -0,01999998 , -77,17411 , 258,74
-14,67254 , -0,01999998 , -77,17902 , 258,76
-14,61252 , -0,01999998 , -77,18456 , 258,78
-14,548 , -0,01999998 , -77,19078 , 258,8
-14,47946 , -0,01999998 , -77,1977 , 258,82
-14,40733 , -0,01999998 , -77,20536 , 258,84
-14,33198 , -0,01999998 , -77,21379 , 258,86
-14,25374 , -0,0200001 , -77,22292 , 258,88
-14,1729 , -0,02000004 , -77,23276 , 258,9
-14,08976 , -0,02000004 , -77,24329 , 258,92
-14,00453 , -0,02000004 , -77,25449 , 258,94
-13,91746 , -0,02000004 , -77,26638 , 258,96
-13,82875 , -0,02000004 , -77,279 , 258,98
-13,7386 , -0,02000004 , -77,29239 , 259
-13,64717 , -0,02000004 , -77,30655 , 259,02
-13,55461 , -0,02000004 , -77,32149 , 259,04
-13,46107 , -0,02000004 , -77,33723 , 259,06
-13,36664 , -0,02000004 , -77,35371 , 259,08
-13,27144 , -0,02000004 , -77,37095 , 259,1
-13,17557 , -0,02000004 , -77,38898 , 259,12
-13,07914 , -0,01999986 , -77,40778 , 259,14
-12,98221 , -0,02000004 , -77,42736 , 259,16
-12,88487 , -0,02000004 , -77,44773 , 259,18
-12,78719 , -0,02000004 , -77,46892 , 259,2
-12,68922 , -0,02000004 , -77,49089 , 259,22
-12,59102 , -0,02000004 , -77,51363 , 259,24
-12,49263 , -0,02000004 , -77,53714 , 259,26
-12,39407 , -0,02000004 , -77,56132 , 259,28
-12,29534 , -0,02000004 , -77,58608 , 259,3
-12,19647 , -0,02000004 , -77,61137 , 259,32
-12,09739 , -0,02000004 , -77,63696 , 259,34
-11,99813 , -0,02000004 , -77,66274 , 259,36
-11,89859 , -0,02000004 , -77,68841 , 259,38
-11,79872 , -0,02000004 , -77,71369 , 259,4
-11,69853 , -0,02000004 , -77,73849 , 259,42
-11,59799 , -0,02000004 , -77,76263 , 259,44
-11,4971 , -0,02000004 , -77,78602 , 259,46
-11,39588 , -0,02000004 , -77,8087 , 259,48
-11,29436 , -0,02000004 , -77,8307 , 259,5
-11,19259 , -0,02000004 , -77,85215 , 259,52
-11,09059 , -0,02000004 , -77,87315 , 259,54
-10,98841 , -0,02000004 , -77,89378 , 259,56
-10,88607 , -0,02000004 , -77,91415 , 259,58
-10,78359 , -0,02000004 , -77,93433 , 259,6
-10,68102 , -0,02000004 , -77,95436 , 259,62
-10,57831 , -0,02000004 , -77,97417 , 259,64
-10,47545 , -0,02000004 , -77,99353 , 259,66
-10,37237 , -0,02000004 , -78,01216 , 259,68
-10,26904 , -0,02000004 , -78,02976 , 259,7
-10,16544 , -0,02000004 , -78,04605 , 259,72
-10,06156 , -0,02000004 , -78,06088 , 259,74
-9,957421 , -0,02000004 , -78,07417 , 259,76
-9,853026 , -0,02000004 , -78,08585 , 259,78
-9,748396 , -0,02000004 , -78,09583 , 259,8
-9,643549 , -0,02000004 , -78,10406 , 259,82
-9,538507 , -0,02000004 , -78,1106 , 259,84
-9,433291 , -0,01999998 , -78,11552 , 259,86
-9,327922 , -0,01999998 , -78,11879 , 259,88
-9,222435 , -0,0200001 , -78,12034 , 259,9
-9,11691 , -0,02000004 , -78,1203 , 259,92
-9,011436 , -0,02000004 , -78,11885 , 259,94
-8,90607 , -0,02000004 , -78,11605 , 259,96
-8,800815 , -0,02000004 , -78,11197 , 259,98
-8,695658 , -0,02000004 , -78,10675 , 260
-8,590587 , -0,02000004 , -78,10051 , 260,02
-8,485593 , -0,02000004 , -78,09335 , 260,04
-8,380668 , -0,02000004 , -78,08537 , 260,06
-8,275805 , -0,02000004 , -78,07666 , 260,08
-8,170996 , -0,02000004 , -78,06728 , 260,1
-8,066236 , -0,02000004 , -78,05731 , 260,12
-7,961523 , -0,02000004 , -78,04681 , 260,14
-7,856849 , -0,02000004 , -78,03582 , 260,16
-7,752213 , -0,02000004 , -78,02439 , 260,18
-7,64761 , -0,02000004 , -78,01257 , 260,2
-7,543038 , -0,02000004 , -78,00038 , 260,22
-7,438495 , -0,02000004 , -77,98788 , 260,24
-7,333978 , -0,02000004 , -77,97507 , 260,26
-7,229434 , -0,02000004 , -77,96226 , 260,28
-7,124811 , -0,01999998 , -77,94975 , 260,3
-7,020096 , -0,0200001 , -77,93763 , 260,32
-6,915283 , -0,0200001 , -77,92599 , 260,34
-6,810366 , -0,0200001 , -77,91489 , 260,36
-6,705353 , -0,02000004 , -77,90431 , 260,38
-6,600246 , -0,02000004 , -77,89425 , 260,4
-6,495055 , -0,02000004 , -77,88464 , 260,42
-6,389789 , -0,02000004 , -77,87545 , 260,44
-6,284455 , -0,02000004 , -77,86663 , 260,46
-6,17906 , -0,02000004 , -77,85815 , 260,48
-6,07361 , -0,01999998 , -77,84997 , 260,5
-5,968111 , -0,01999998 , -77,84206 , 260,52
-5,862566 , -0,0200001 , -77,83441 , 260,54
-5,75698 , -0,02000004 , -77,82698 , 260,56
-5,651358 , -0,02000016 , -77,81976 , 260,58
-5,545702 , -0,02000016 , -77,81272 , 260,6
-5,440015 , -0,02000016 , -77,80585 , 260,62
-5,334301 , -0,02000016 , -77,79915 , 260,64
-5,228561 , -0,02000016 , -77,79259 , 260,66
-5,122799 , -0,01999998 , -77,78616 , 260,68
-5,017015 , -0,0200001 , -77,77985 , 260,7
-4,911212 , -0,0200001 , -77,77365 , 260,72
-4,805392 , -0,0200001 , -77,76756 , 260,74
-4,699555 , -0,02000004 , -77,76156 , 260,76
-4,593703 , -0,02000004 , -77,75565 , 260,78
-4,487837 , -0,02000004 , -77,74983 , 260,8
-4,381958 , -0,02000004 , -77,74409 , 260,82
-4,276067 , -0,02000004 , -77,73842 , 260,84
-4,170166 , -0,02000004 , -77,73282 , 260,86
-4,064254 , -0,02000004 , -77,72728 , 260,88
-3,958332 , -0,02000004 , -77,7218 , 260,9
-3,852402 , -0,02000004 , -77,71638 , 260,92
-3,746463 , -0,02000004 , -77,71102 , 260,94
-3,640517 , -0,02000004 , -77,70571 , 260,96
-3,534563 , -0,02000004 , -77,70045 , 260,98
-3,428602 , -0,02000004 , -77,69524 , 261
-3,322635 , -0,01999998 , -77,69006 , 261,02
-3,216661 , -0,01999998 , -77,68494 , 261,04
-3,110682 , -0,01999998 , -77,67985 , 261,06
-3,004697 , -0,01999998 , -77,6748 , 261,08
-2,898708 , -0,01999998 , -77,66979 , 261,1
-2,792713 , -0,01999998 , -77,66482 , 261,12
-2,686713 , -0,0200001 , -77,65988 , 261,14
-2,580709 , -0,0200001 , -77,65498 , 261,16
-2,474701 , -0,01999992 , -77,6501 , 261,18
-2,368689 , -0,01999992 , -77,64526 , 261,2
-2,262673 , -0,01999992 , -77,64044 , 261,22
-2,156653 , -0,01999992 , -77,63566 , 261,24
-2,05063 , -0,01999992 , -77,63091 , 261,26
-1,944603 , -0,0200001 , -77,62617 , 261,28
-1,838573 , -0,02000004 , -77,62148 , 261,3
-1,732539 , -0,02000004 , -77,6168 , 261,32
-1,626503 , -0,02000004 , -77,61214 , 261,34
-1,520464 , -0,02000004 , -77,60751 , 261,36
-1,414421 , -0,02000004 , -77,60291 , 261,38
-1,308377 , -0,02000004 , -77,59832 , 261,4
-1,202329 , -0,02000004 , -77,59376 , 261,42
-1,096279 , -0,02000004 , -77,58922 , 261,44
-0,9902265 , -0,02000004 , -77,5847 , 261,46
-0,8841717 , -0,01999998 , -77,5802 , 261,48
-0,7781146 , -0,01999998 , -77,57572 , 261,5
-0,6720552 , -0,01999998 , -77,57126 , 261,52
-0,5659937 , -0,0200001 , -77,56682 , 261,54
-0,4599302 , -0,02000004 , -77,56239 , 261,56
-0,3538646 , -0,02000004 , -77,55798 , 261,58
-0,2477972 , -0,02000004 , -77,55359 , 261,6
-0,141732 , -0,02000004 , -77,54918 , 261,62
-0,03568436 , -0,02000004 , -77,54462 , 261,64
0,07031581 , -0,02000004 , -77,53969 , 261,66
0,1762348 , -0,02000004 , -77,53418 , 261,68
0,2820206 , -0,02000004 , -77,52782 , 261,7
0,3876203 , -0,01999998 , -77,52039 , 261,72
0,4929848 , -0,0200001 , -77,5117 , 261,74
0,5980809 , -0,0200001 , -77,50166 , 261,76
0,7028795 , -0,02000004 , -77,49023 , 261,78
0,8073138 , -0,02000004 , -77,47722 , 261,8
0,9112785 , -0,02000004 , -77,46238 , 261,82
1,014622 , -0,02000004 , -77,44539 , 261,84
1,117187 , -0,02000004 , -77,42597 , 261,86
1,218827 , -0,02000004 , -77,40392 , 261,88
1,31936 , -0,02000004 , -77,37902 , 261,9
1,418426 , -0,02000022 , -77,35083 , 261,92
1,515505 , -0,02000004 , -77,31881 , 261,94
1,610309 , -0,02000004 , -77,28281 , 261,96
1,702794 , -0,02000004 , -77,24297 , 261,98
1,792863 , -0,02000004 , -77,19935 , 262
1,880319 , -0,02000004 , -77,15196 , 262,02
1,964968 , -0,02000004 , -77,10084 , 262,04
2,046748 , -0,02000004 , -77,04611 , 262,06
2,125895 , -0,02000004 , -76,98811 , 262,08
2,202627 , -0,02000004 , -76,92712 , 262,1
2,277139 , -0,02000004 , -76,86342 , 262,12
2,349602 , -0,02000004 , -76,79724 , 262,14
2,420269 , -0,01999998 , -76,72887 , 262,16
2,489559 , -0,02000016 , -76,65868 , 262,18
2,55773 , -0,0200001 , -76,58694 , 262,2
2,624992 , -0,0200001 , -76,51388 , 262,22
2,691545 , -0,02000004 , -76,4397 , 262,24
2,757521 , -0,02000004 , -76,36458 , 262,26
2,823204 , -0,02000004 , -76,28876 , 262,28
2,888878 , -0,02000004 , -76,21254 , 262,3
2,954781 , -0,02000022 , -76,13615 , 262,32
3,021147 , -0,02000004 , -76,05985 , 262,34
3,088077 , -0,02000004 , -75,98377 , 262,36
3,155517 , -0,02000016 , -75,9079 , 262,38
3,22336 , -0,02000016 , -75,83215 , 262,4
3,2915 , -0,02000016 , -75,75646 , 262,42
3,35978 , -0,02000016 , -75,6807 , 262,44
3,428143 , -0,0200001 , -75,60484 , 262,46
3,496513 , -0,0200001 , -75,52882 , 262,48
3,564799 , -0,0200001 , -75,45258 , 262,5
3,632963 , -0,02000004 , -75,37611 , 262,52
3,700988 , -0,02000004 , -75,29941 , 262,54
3,76883 , -0,02000004 , -75,22244 , 262,56
3,836481 , -0,02000004 , -75,1452 , 262,58
3,903919 , -0,02000004 , -75,0677 , 262,6
3,971141 , -0,02000004 , -74,98994 , 262,62
4,038193 , -0,02000004 , -74,91197 , 262,64
4,105129 , -0,02000016 , -74,83384 , 262,66
4,172046 , -0,01999998 , -74,75563 , 262,68
4,238993 , -0,01999998 , -74,6774 , 262,7
4,306036 , -0,01999998 , -74,5992 , 262,72
4,37322 , -0,01999998 , -74,5211 , 262,74
4,44056 , -0,02000016 , -74,44309 , 262,76
4,508097 , -0,01999998 , -74,36523 , 262,78
4,575825 , -0,01999998 , -74,28751 , 262,8
4,643703 , -0,01999998 , -74,20989 , 262,82
4,711743 , -0,01999998 , -74,1324 , 262,84
4,779925 , -0,0200001 , -74,05502 , 262,86
4,848242 , -0,02000004 , -73,97773 , 262,88
4,916676 , -0,02000004 , -73,90054 , 262,9
4,98521 , -0,02000004 , -73,82341 , 262,92
5,053824 , -0,02000004 , -73,74635 , 262,94
5,122508 , -0,02000016 , -73,66933 , 262,96
5,191244 , -0,0200001 , -73,59235 , 262,98
5,260018 , -0,02000022 , -73,51539 , 263
5,328818 , -0,02000004 , -73,43845 , 263,02
5,397632 , -0,02000004 , -73,3615 , 263,04
5,466452 , -0,02000004 , -73,28456 , 263,06
5,535269 , -0,02000004 , -73,20761 , 263,08
5,604076 , -0,02000004 , -73,13065 , 263,1
5,672868 , -0,02000004 , -73,05366 , 263,12
5,74164 , -0,01999998 , -72,97665 , 263,14
5,810386 , -0,01999998 , -72,8996 , 263,16
5,879104 , -0,01999998 , -72,82254 , 263,18
5,94779 , -0,01999998 , -72,74544 , 263,2
6,016442 , -0,01999998 , -72,6683 , 263,22
6,085057 , -0,01999998 , -72,59113 , 263,24
6,153635 , -0,01999998 , -72,51392 , 263,26
6,222172 , -0,01999998 , -72,43668 , 263,28
6,290669 , -0,01999998 , -72,35939 , 263,3
6,359125 , -0,0200001 , -72,28207 , 263,32
6,427538 , -0,02000004 , -72,2047 , 263,34
6,495909 , -0,02000004 , -72,1273 , 263,36
6,564259 , -0,02000004 , -72,04988 , 263,38
6,632647 , -0,02000004 , -71,97249 , 263,4
6,701168 , -0,02000004 , -71,89522 , 263,42
6,769929 , -0,02000004 , -71,81817 , 263,44
6,83902 , -0,02000016 , -71,74142 , 263,46
6,908515 , -0,01999998 , -71,66507 , 263,48
6,978491 , -0,01999998 , -71,58918 , 263,5
7,048999 , -0,01999998 , -71,51381 , 263,52
7,120225 , -0,01999998 , -71,43917 , 263,54
7,192341 , -0,01999998 , -71,36547 , 263,56
7,265569 , -0,01999998 , -71,29301 , 263,58
7,340125 , -0,01999998 , -71,22211 , 263,6
7,416133 , -0,0200001 , -71,15302 , 263,62
7,493649 , -0,02000004 , -71,08587 , 263,64
7,572666 , -0,02000004 , -71,02074 , 263,66
7,653152 , -0,02000004 , -70,95763 , 263,68
7,735038 , -0,02000004 , -70,8965 , 263,7
7,818283 , -0,02000004 , -70,83736 , 263,72
7,90285 , -0,02000004 , -70,7802 , 263,74
7,988706 , -0,02000004 , -70,72507 , 263,76
8,075809 , -0,02000004 , -70,67197 , 263,78
8,16414 , -0,02000004 , -70,62096 , 263,8
8,253676 , -0,02000004 , -70,57211 , 263,82
8,34441 , -0,02000004 , -70,52554 , 263,84
8,436318 , -0,02000004 , -70,48136 , 263,86
8,529371 , -0,02000004 , -70,43965 , 263,88
8,623523 , -0,02000004 , -70,40046 , 263,9
8,718753 , -0,02000004 , -70,36398 , 263,92
8,815014 , -0,02000004 , -70,33029 , 263,94
8,91226 , -0,02000004 , -70,29958 , 263,96
9,010431 , -0,02000004 , -70,27197 , 263,98
9,109458 , -0,02000004 , -70,24759 , 264
9,20926 , -0,02000004 , -70,2264 , 264,02
9,309758 , -0,02000004 , -70,20838 , 264,04
9,41088 , -0,01999998 , -70,19333 , 264,06
9,512559 , -0,01999992 , -70,18109 , 264,08
9,61473 , -0,0200001 , -70,17156 , 264,1
9,717333 , -0,0200001 , -70,16466 , 264,12
9,820309 , -0,0200001 , -70,1603 , 264,14
9,923598 , -0,02000004 , -70,15841 , 264,16
10,02713 , -0,02000004 , -70,15832 , 264,18
10,13082 , -0,01999998 , -70,15963 , 264,2
10,23459 , -0,0200001 , -70,16227 , 264,22
10,33838 , -0,02000004 , -70,16633 , 264,24
10,44213 , -0,02000004 , -70,17191 , 264,26
10,5458 , -0,01999998 , -70,17908 , 264,28
10,64936 , -0,0200001 , -70,18774 , 264,3
10,75281 , -0,02000004 , -70,19781 , 264,32
10,85617 , -0,02000004 , -70,20916 , 264,34
10,95941 , -0,02000004 , -70,22172 , 264,36
11,06256 , -0,02000004 , -70,2354 , 264,38
11,16559 , -0,02000016 , -70,25013 , 264,4
11,26852 , -0,02000016 , -70,26585 , 264,42
11,37134 , -0,01999998 , -70,28249 , 264,44
11,47405 , -0,01999998 , -70,29999 , 264,46
11,57671 , -0,01999998 , -70,31814 , 264,48
11,67933 , -0,01999998 , -70,33678 , 264,5
11,78194 , -0,01999998 , -70,35587 , 264,52
11,88451 , -0,01999998 , -70,37539 , 264,54
11,98707 , -0,01999998 , -70,39529 , 264,56
12,08961 , -0,01999998 , -70,41547 , 264,58
12,19217 , -0,01999998 , -70,43584 , 264,6
12,29473 , -0,0200001 , -70,45644 , 264,62
12,39728 , -0,0200001 , -70,47724 , 264,64
12,49981 , -0,02000004 , -70,49828 , 264,66
12,60233 , -0,02000004 , -70,51954 , 264,68
12,70481 , -0,01999998 , -70,54104 , 264,7
12,80727 , -0,01999998 , -70,56278 , 264,72
12,90969 , -0,0200001 , -70,58477 , 264,74
13,01206 , -0,0200001 , -70,607 , 264,76
13,1144 , -0,02000004 , -70,62948 , 264,78
13,21668 , -0,02000004 , -70,65219 , 264,8
13,31892 , -0,02000004 , -70,67515 , 264,82
13,42111 , -0,02000004 , -70,69835 , 264,84
13,52324 , -0,01999998 , -70,72179 , 264,86
13,62532 , -0,02000016 , -70,74546 , 264,88
13,72734 , -0,0200001 , -70,76936 , 264,9
13,82931 , -0,02000004 , -70,7935 , 264,92
13,93122 , -0,02000004 , -70,81785 , 264,94
14,03308 , -0,02000004 , -70,84242 , 264,96
14,13488 , -0,02000004 , -70,86721 , 264,98
14,18511 , -0,02000004 , -70,91032 , 265
14,22893 , -0,02000004 , -70,95271 , 265,02
14,26992 , -0,01999998 , -70,99342 , 265,04
14,30893 , -0,0200001 , -71,03236 , 265,06
14,34625 , -0,0200001 , -71,06967 , 265,08
14,38205 , -0,02000004 , -71,10548 , 265,1
14,41648 , -0,02000004 , -71,1399 , 265,12
14,44964 , -0,02000016 , -71,17306 , 265,14
14,48163 , -0,01999998 , -71,20506 , 265,16
14,51256 , -0,01999998 , -71,23598 , 265,18
14,54249 , -0,01999998 , -71,26591 , 265,2
14,5715 , -0,0200001 , -71,29492 , 265,22
14,59967 , -0,0200001 , -71,32309 , 265,24
14,62704 , -0,02000004 , -71,35046 , 265,26
14,65368 , -0,02000016 , -71,3771 , 265,28
14,67962 , -0,01999998 , -71,40305 , 265,3
14,70492 , -0,01999998 , -71,42834 , 265,32
14,72962 , -0,01999998 , -71,45303 , 265,34
14,75373 , -0,0200001 , -71,47715 , 265,36
14,77731 , -0,0200001 , -71,50073 , 265,38
14,80038 , -0,02000004 , -71,5238 , 265,4
14,82296 , -0,02000004 , -71,54639 , 265,42
14,84509 , -0,02000004 , -71,56851 , 265,44
14,86677 , -0,02000004 , -71,59019 , 265,46
14,88804 , -0,02000004 , -71,61147 , 265,48
14,90891 , -0,01999998 , -71,63233 , 265,5
14,9294 , -0,01999998 , -71,65282 , 265,52
14,94952 , -0,01999992 , -71,67294 , 265,54
14,96928 , -0,02000004 , -71,6927 , 265,56
14,98871 , -0,01999998 , -71,71214 , 265,58
15,00782 , -0,01999998 , -71,73124 , 265,6
15,02661 , -0,01999998 , -71,75004 , 265,62
15,04511 , -0,01999998 , -71,76853 , 265,64
15,06331 , -0,0200001 , -71,78674 , 265,66
15,08123 , -0,02000004 , -71,80466 , 265,68
15,09888 , -0,02000004 , -71,8223 , 265,7
15,11627 , -0,02000004 , -71,83969 , 265,72
15,1334 , -0,02000004 , -71,85683 , 265,74
15,15029 , -0,02000004 , -71,87371 , 265,76
15,16694 , -0,02000004 , -71,89036 , 265,78
15,18335 , -0,02000004 , -71,90678 , 265,8
15,19954 , -0,02000004 , -71,92297 , 265,82
15,21552 , -0,02000004 , -71,93894 , 265,84
15,23128 , -0,02000004 , -71,9547 , 265,86
15,24684 , -0,02000004 , -71,97026 , 265,88
15,2622 , -0,01999998 , -71,98562 , 265,9
15,27736 , -0,01999998 , -72,00079 , 265,92
15,29234 , -0,01999998 , -72,01576 , 265,94
15,30713 , -0,0200001 , -72,03056 , 265,96
15,32175 , -0,0200001 , -72,04517 , 265,98
15,3362 , -0,0200001 , -72,05962 , 266
15,35047 , -0,0200001 , -72,07389 , 266,02
15,36458 , -0,02000004 , -72,08801 , 266,04
15,37854 , -0,02000004 , -72,10196 , 266,06
15,39234 , -0,01999998 , -72,11576 , 266,08
15,40599 , -0,01999998 , -72,12942 , 266,1
15,4195 , -0,0200001 , -72,14292 , 266,12
15,43287 , -0,02000004 , -72,15629 , 266,14
15,4461 , -0,02000004 , -72,16952 , 266,16
15,45919 , -0,01999998 , -72,18262 , 266,18
15,47216 , -0,01999998 , -72,19558 , 266,2
15,485 , -0,0200001 , -72,20842 , 266,22
15,49772 , -0,0200001 , -72,22114 , 266,24
15,51032 , -0,02000004 , -72,23373 , 266,26
15,5228 , -0,01999998 , -72,24622 , 266,28
15,53517 , -0,01999998 , -72,25859 , 266,3
15,54743 , -0,0200001 , -72,27085 , 266,32
15,55959 , -0,02000004 , -72,283 , 266,34
15,57164 , -0,02000004 , -72,29506 , 266,36
15,58359 , -0,02000004 , -72,30701 , 266,38
15,59544 , -0,01999998 , -72,31886 , 266,4
15,6072 , -0,0200001 , -72,33062 , 266,42
15,61887 , -0,0200001 , -72,34229 , 266,44
15,63044 , -0,0200001 , -72,35387 , 266,46
15,64193 , -0,02000004 , -72,36536 , 266,48
15,65334 , -0,02000004 , -72,37676 , 266,5
15,66466 , -0,02000004 , -72,38808 , 266,52
15,67591 , -0,02000004 , -72,39933 , 266,54
15,68708 , -0,02000004 , -72,4105 , 266,56
15,69819 , -0,02000004 , -72,42161 , 266,58
15,70925 , -0,02000004 , -72,43267 , 266,6
15,72027 , -0,02000004 , -72,4437 , 266,62
15,73125 , -0,02000016 , -72,45467 , 266,64
15,74219 , -0,01999998 , -72,46561 , 266,66
15,75307 , -0,01999998 , -72,47649 , 266,68
15,76392 , -0,0200001 , -72,48734 , 266,7
15,77473 , -0,02000004 , -72,49815 , 266,72
15,78555 , -0,02000004 , -72,50897 , 266,74
15,79644 , -0,02000004 , -72,51986 , 266,76
15,80746 , -0,01999998 , -72,53088 , 266,78
15,81868 , -0,0200001 , -72,5421 , 266,8
15,83009 , -0,01999992 , -72,55352 , 266,82
15,84172 , -0,01999992 , -72,56515 , 266,84
15,85355 , -0,01999992 , -72,57697 , 266,86
15,86554 , -0,01999992 , -72,58896 , 266,88
15,87769 , -0,0200001 , -72,60111 , 266,9
15,88998 , -0,02000004 , -72,6134 , 266,92
15,9024 , -0,01999998 , -72,62582 , 266,94
15,91494 , -0,0200001 , -72,63836 , 266,96
15,92758 , -0,0200001 , -72,65101 , 266,98
15,94033 , -0,02000004 , -72,66375 , 267
15,95315 , -0,02000004 , -72,67657 , 267,02
15,96605 , -0,01999998 , -72,68948 , 267,04
15,97903 , -0,0200001 , -72,70245 , 267,06
15,99209 , -0,0200001 , -72,71552 , 267,08
16,00529 , -0,0200001 , -72,72871 , 267,1
16,01866 , -0,02000004 , -72,74209 , 267,12
16,03226 , -0,02000004 , -72,75568 , 267,14
16,04611 , -0,01999998 , -72,76953 , 267,16
16,06022 , -0,0200001 , -72,78365 , 267,18
16,0746 , -0,0200001 , -72,79802 , 267,2
16,08923 , -0,02000004 , -72,81264 , 267,22
16,1041 , -0,02000004 , -72,82752 , 267,24
16,11924 , -0,02000004 , -72,84266 , 267,26
16,13461 , -0,02000004 , -72,85803 , 267,28
16,15022 , -0,02000022 , -72,87363 , 267,3
16,16603 , -0,02000016 , -72,88946 , 267,32
16,18205 , -0,02000016 , -72,90547 , 267,34
16,19825 , -0,01999998 , -72,92168 , 267,36
16,21463 , -0,0200001 , -72,93805 , 267,38
16,23116 , -0,02000004 , -72,95458 , 267,4
16,24783 , -0,02000004 , -72,97125 , 267,42
16,26463 , -0,02000004 , -72,98805 , 267,44
16,28155 , -0,02000004 , -73,00497 , 267,46
16,29858 , -0,02000004 , -73,022 , 267,48
16,3157 , -0,01999998 , -73,03912 , 267,5
16,33292 , -0,01999998 , -73,05634 , 267,52
16,35021 , -0,0200001 , -73,07363 , 267,54
16,36758 , -0,0200001 , -73,091 , 267,56
16,38503 , -0,02000004 , -73,10844 , 267,58
16,40253 , -0,02000004 , -73,12595 , 267,6
16,42048 , -0,02000016 , -73,14342 , 267,62
16,4405 , -0,01999998 , -73,16033 , 267,64
16,46251 , -0,01999998 , -73,17677 , 267,66
16,48666 , -0,01999998 , -73,19268 , 267,68
16,51318 , -0,0200001 , -73,2079 , 267,7
16,54214 , -0,02000004 , -73,22232 , 267,72
16,57334 , -0,02000004 , -73,23599 , 267,74
16,60665 , -0,02000004 , -73,24895 , 267,76
16,64187 , -0,02000004 , -73,26129 , 267,78
16,6788 , -0,02000004 , -73,27308 , 267,8
16,71726 , -0,02000016 , -73,28439 , 267,82
16,7571 , -0,02000016 , -73,29528 , 267,84
16,8034 , -0,01999998 , -73,30656 , 267,86
16,85551 , -0,01999998 , -73,31824 , 267,88
16,91283 , -0,01999998 , -73,33031 , 267,9
16,97482 , -0,02000016 , -73,34279 , 267,92
17,04102 , -0,01999998 , -73,35571 , 267,94
17,11097 , -0,0200001 , -73,36911 , 267,96
17,18429 , -0,0200001 , -73,38301 , 267,98
17,26062 , -0,0200001 , -73,39745 , 268
17,33964 , -0,02000004 , -73,41245 , 268,02
17,42105 , -0,02000004 , -73,42805 , 268,04
17,50459 , -0,01999998 , -73,44427 , 268,06
17,59003 , -0,01999998 , -73,46115 , 268,08
17,67714 , -0,0200001 , -73,47871 , 268,1
17,76574 , -0,02000004 , -73,49696 , 268,12
17,85567 , -0,02000004 , -73,51588 , 268,14
17,94683 , -0,02000004 , -73,53527 , 268,16
18,03911 , -0,02000004 , -73,55502 , 268,18
18,1324 , -0,02000016 , -73,57513 , 268,2
18,22656 , -0,01999998 , -73,59563 , 268,22
18,3215 , -0,01999998 , -73,61658 , 268,24
18,4171 , -0,0200001 , -73,63802 , 268,26
18,51328 , -0,0200001 , -73,65997 , 268,28
18,60995 , -0,02000004 , -73,68243 , 268,3
18,70705 , -0,02000004 , -73,70542 , 268,32
18,80453 , -0,02000004 , -73,72892 , 268,34
18,90235 , -0,02000004 , -73,75288 , 268,36
19,00043 , -0,02000004 , -73,77734 , 268,38
19,09875 , -0,02000004 , -73,80231 , 268,4
19,19725 , -0,01999998 , -73,82778 , 268,42
19,29594 , -0,0200001 , -73,85366 , 268,44
19,3948 , -0,02000022 , -73,87988 , 268,46
19,49385 , -0,02000004 , -73,90633 , 268,48
19,5931 , -0,02000004 , -73,93288 , 268,5
19,69258 , -0,02000004 , -73,95937 , 268,52
19,7923 , -0,02000004 , -73,98568 , 268,54
19,89226 , -0,02000004 , -74,01179 , 268,56
19,99244 , -0,02000004 , -74,03767 , 268,58
20,09282 , -0,02000004 , -74,06336 , 268,6
20,19338 , -0,02000016 , -74,08887 , 268,62
20,29414 , -0,02000016 , -74,11407 , 268,64
20,3951 , -0,01999998 , -74,13895 , 268,66
20,49626 , -0,01999998 , -74,16343 , 268,68
20,59762 , -0,02000016 , -74,18752 , 268,7
20,69916 , -0,02000016 , -74,21124 , 268,72
20,80087 , -0,01999998 , -74,23459 , 268,74
20,90273 , -0,01999998 , -74,25758 , 268,76
21,00475 , -0,02000016 , -74,28022 , 268,78
21,10694 , -0,02000016 , -74,30243 , 268,8
21,20929 , -0,01999998 , -74,32417 , 268,82
21,31181 , -0,01999998 , -74,34543 , 268,84
21,41447 , -0,0200001 , -74,36623 , 268,86
21,51727 , -0,02000004 , -74,38666 , 268,88
21,62019 , -0,02000004 , -74,40677 , 268,9
21,72319 , -0,02000016 , -74,42662 , 268,92
21,82628 , -0,02000016 , -74,44627 , 268,94
21,92943 , -0,02000016 , -74,46574 , 268,96
22,03263 , -0,01999998 , -74,4851 , 268,98
22,12467 , -0,01999998 , -74,50167 , 269
22,20666 , -0,01999998 , -74,51574 , 269,02
22,27959 , -0,01999998 , -74,52755 , 269,04
22,34439 , -0,01999998 , -74,53733 , 269,06
22,40186 , -0,01999998 , -74,54529 , 269,08
22,45274 , -0,01999998 , -74,55161 , 269,1
22,49768 , -0,01999998 , -74,55644 , 269,12
22,53728 , -0,01999998 , -74,55994 , 269,14
22,57207 , -0,01999998 , -74,56225 , 269,16
22,60254 , -0,01999998 , -74,56372 , 269,18
22,62911 , -0,01999998 , -74,56466 , 269,2
22,65217 , -0,01999998 , -74,56525 , 269,22
22,67208 , -0,01999998 , -74,56564 , 269,24
22,68916 , -0,01999998 , -74,56588 , 269,26
22,70368 , -0,01999998 , -74,56603 , 269,28
22,71589 , -0,01999998 , -74,56613 , 269,3
22,72604 , -0,01999998 , -74,56619 , 269,32
22,73433 , -0,01999998 , -74,56623 , 269,34
22,74094 , -0,01999998 , -74,56625 , 269,36
22,74604 , -0,01999998 , -74,56627 , 269,38
22,74979 , -0,01999998 , -74,56628 , 269,4
22,75231 , -0,01999998 , -74,56628 , 269,42
22,75392 , -0,01999998 , -74,56629 , 269,44
22,75452 , -0,01999998 , -74,56629 , 269,46
22,75517 , -0,01999998 , -74,56629 , 269,48
22,75539 , -0,01999998 , -74,56629 , 269,5
22,7554 , -0,01999998 , -74,56629 , 269,52
22,75531 , -0,01999998 , -74,56629 , 269,54
22,75519 , -0,01999998 , -74,56629 , 269,56
22,75506 , -0,01999998 , -74,56629 , 269,58
22,75495 , -0,01999998 , -74,56629 , 269,6
22,75485 , -0,01999998 , -74,56629 , 269,62
22,75477 , -0,01999998 , -74,56629 , 269,64
22,75471 , -0,01999998 , -74,56629 , 269,66
22,75471 , -0,01999998 , -74,56629 , 269,68
22,75471 , -0,01999998 , -74,56629 , 269,7
22,75471 , -0,01999998 , -74,56629 , 269,72
22,75471 , -0,01999998 , -74,56629 , 269,74
22,75471 , -0,01999998 , -74,56629 , 269,76
22,75471 , -0,01999998 , -74,56629 , 269,78
22,75471 , -0,01999998 , -74,56629 , 269,8
22,75471 , -0,01999998 , -74,56629 , 269,82
22,75471 , -0,01999998 , -74,56629 , 269,84
22,75471 , -0,01999998 , -74,56629 , 269,86
22,75471 , -0,01999998 , -74,56629 , 269,88
22,75471 , -0,01999998 , -74,56629 , 269,9
22,75471 , -0,01999998 , -74,56629 , 269,92
22,75471 , -0,01999998 , -74,56629 , 269,94
22,75471 , -0,01999998 , -74,56629 , 269,96
22,75471 , -0,01999998 , -74,56629 , 269,98
22,75471 , -0,01999998 , -74,56629 , 270
22,75471 , -0,01999998 , -74,56629 , 270,02
22,75471 , -0,01999998 , -74,56629 , 270,04
22,75471 , -0,01999998 , -74,56629 , 270,06
22,75471 , -0,01999998 , -74,56629 , 270,08
22,75471 , -0,01999998 , -74,56629 , 270,1
22,75471 , -0,01999998 , -74,56629 , 270,12
22,75471 , -0,01999998 , -74,56629 , 270,14
22,75471 , -0,01999998 , -74,56629 , 270,16
22,75471 , -0,01999998 , -74,56629 , 270,18
22,75471 , -0,01999998 , -74,56629 , 270,2
22,75471 , -0,01999998 , -74,56629 , 270,22
22,75471 , -0,01999998 , -74,56629 , 270,24
22,75471 , -0,01999998 , -74,56629 , 270,26
22,75471 , -0,01999998 , -74,56629 , 270,28
22,75471 , -0,01999998 , -74,56629 , 270,3
22,75471 , -0,01999998 , -74,56629 , 270,32
22,75471 , -0,01999998 , -74,56629 , 270,34
22,76529 , -0,01999998 , -74,56523 , 270,36
22,78539 , -0,01999998 , -74,56348 , 270,38
22,81407 , -0,01999998 , -74,56123 , 270,4
22,85045 , -0,01999998 , -74,55855 , 270,42
22,89379 , -0,01999998 , -74,55552 , 270,44
22,94339 , -0,01999998 , -74,55223 , 270,46
22,99863 , -0,01999998 , -74,54877 , 270,48
23,05896 , -0,01999998 , -74,54522 , 270,5
23,12387 , -0,01999998 , -74,54167 , 270,52
23,19292 , -0,01999998 , -74,53825 , 270,54
23,2657 , -0,01999998 , -74,53503 , 270,56
23,34186 , -0,01999998 , -74,53214 , 270,58
23,42105 , -0,0200001 , -74,52962 , 270,6
23,50299 , -0,02000004 , -74,52755 , 270,62
23,5874 , -0,02000004 , -74,52586 , 270,64
23,67404 , -0,02000004 , -74,52448 , 270,66
23,76269 , -0,02000004 , -74,52337 , 270,68
23,85316 , -0,02000004 , -74,52251 , 270,7
23,94526 , -0,02000004 , -74,5219 , 270,72
24,03882 , -0,01999986 , -74,52155 , 270,74
24,13371 , -0,02000004 , -74,52141 , 270,76
24,22979 , -0,02000004 , -74,52161 , 270,78
24,32691 , -0,01999998 , -74,52219 , 270,8
24,42498 , -0,0200001 , -74,52312 , 270,82
24,52388 , -0,0200001 , -74,52437 , 270,84
24,62353 , -0,02000004 , -74,52589 , 270,86
24,72384 , -0,01999998 , -74,52766 , 270,88
24,82472 , -0,01999998 , -74,52966 , 270,9
24,92613 , -0,01999998 , -74,53195 , 270,92
25,02798 , -0,0200001 , -74,53458 , 270,94
25,13023 , -0,02000004 , -74,5376 , 270,96
25,23283 , -0,02000004 , -74,54104 , 270,98
25,33574 , -0,02000004 , -74,54493 , 271
25,4389 , -0,02000004 , -74,5493 , 271,02
25,54229 , -0,02000004 , -74,55417 , 271,04
25,63449 , -0,02000004 , -74,5577 , 271,06
25,71663 , -0,02000004 , -74,56004 , 271,08
25,78971 , -0,02000004 , -74,56152 , 271,1
25,85462 , -0,02000004 , -74,56247 , 271,12
25,9122 , -0,02000004 , -74,56307 , 271,14
25,96318 , -0,02000004 , -74,56345 , 271,16
26,00821 , -0,02000004 , -74,5637 , 271,18
26,04788 , -0,02000004 , -74,56385 , 271,2
26,09412 , -0,02000004 , -74,56527 , 271,22
26,14627 , -0,02000004 , -74,56751 , 271,24
26,20375 , -0,02000004 , -74,57047 , 271,26
26,26603 , -0,02000004 , -74,57404 , 271,28
26,33263 , -0,02000004 , -74,57815 , 271,3
26,40311 , -0,02000004 , -74,58274 , 271,32
26,47709 , -0,02000004 , -74,58777 , 271,34
26,55423 , -0,02000016 , -74,59321 , 271,36
26,63419 , -0,02000016 , -74,59903 , 271,38
26,71669 , -0,01999998 , -74,60522 , 271,4
26,80148 , -0,01999998 , -74,61176 , 271,42
26,88832 , -0,01999998 , -74,61866 , 271,44
26,977 , -0,01999998 , -74,6259 , 271,46
27,06734 , -0,0200001 , -74,63349 , 271,48
27,14133 , -0,02000004 , -74,65601 , 271,5
27,20492 , -0,02000004 , -74,68358 , 271,52
27,26472 , -0,02000004 , -74,71113 , 271,54
27,32208 , -0,02000004 , -74,73788 , 271,56
27,37743 , -0,01999998 , -74,76377 , 271,58
27,431 , -0,01999998 , -74,78884 , 271,6
27,48298 , -0,0200001 , -74,81317 , 271,62
27,53354 , -0,0200001 , -74,83683 , 271,64
27,58279 , -0,0200001 , -74,85989 , 271,66
27,63087 , -0,0200001 , -74,88239 , 271,68
27,67788 , -0,0200001 , -74,9044 , 271,7
27,72393 , -0,0200001 , -74,92595 , 271,72
27,7691 , -0,02000004 , -74,94709 , 271,74
27,81347 , -0,02000004 , -74,96786 , 271,76
27,85712 , -0,02000004 , -74,98829 , 271,78
27,90009 , -0,02000004 , -75,0084 , 271,8
27,94244 , -0,02000004 , -75,02822 , 271,82
27,98415 , -0,01999998 , -75,04774 , 271,84
28,02518 , -0,01999998 , -75,06695 , 271,86
28,06553 , -0,0200001 , -75,08583 , 271,88
28,1052 , -0,0200001 , -75,1044 , 271,9
28,14423 , -0,0200001 , -75,12267 , 271,92
28,18266 , -0,02000004 , -75,14066 , 271,94
28,22061 , -0,02000004 , -75,15835 , 271,96
28,26007 , -0,02000004 , -75,17417 , 271,98
28,30091 , -0,02000004 , -75,18827 , 272
28,34301 , -0,02000004 , -75,20081 , 272,02
28,38622 , -0,02000004 , -75,21193 , 272,04
28,43046 , -0,02000004 , -75,22176 , 272,06
28,48094 , -0,02000004 , -75,23025 , 272,08
28,53704 , -0,02000004 , -75,2375 , 272,1
28,59821 , -0,02000004 , -75,24364 , 272,12
28,66393 , -0,02000004 , -75,24879 , 272,14
28,73376 , -0,02000004 , -75,25306 , 272,16
28,80727 , -0,02000004 , -75,25655 , 272,18
28,8841 , -0,02000022 , -75,25938 , 272,2
28,96391 , -0,02000004 , -75,26163 , 272,22
29,04641 , -0,02000004 , -75,2635 , 272,24
29,13132 , -0,02000004 , -75,26519 , 272,26
29,21839 , -0,02000004 , -75,26682 , 272,28
29,30741 , -0,02000004 , -75,26849 , 272,3
29,39816 , -0,02000004 , -75,2702 , 272,32
29,47899 , -0,02000004 , -75,27129 , 272,34
29,55089 , -0,02000004 , -75,27198 , 272,36
29,61476 , -0,02000004 , -75,27242 , 272,38
29,68285 , -0,02000004 , -75,27358 , 272,4
29,75472 , -0,02000004 , -75,27534 , 272,42
29,82997 , -0,02000004 , -75,2777 , 272,44
29,90822 , -0,02000004 , -75,28084 , 272,46
29,98916 , -0,02000004 , -75,28479 , 272,48
30,0725 , -0,02000004 , -75,28956 , 272,5
30,158 , -0,02000004 , -75,29509 , 272,52
30,24543 , -0,02000004 , -75,30133 , 272,54
30,33459 , -0,01999998 , -75,30825 , 272,56
30,42531 , -0,0200001 , -75,31581 , 272,58
30,51743 , -0,02000004 , -75,32399 , 272,6
30,61079 , -0,01999998 , -75,33276 , 272,62
30,70526 , -0,01999998 , -75,34209 , 272,64
30,80073 , -0,0200001 , -75,35198 , 272,66
30,8971 , -0,0200001 , -75,36235 , 272,68
30,99428 , -0,02000004 , -75,37314 , 272,7
31,0809 , -0,02000004 , -75,382 , 272,72
31,158 , -0,02000004 , -75,38912 , 272,74
31,22655 , -0,02000004 , -75,39469 , 272,76
31,2874 , -0,02000004 , -75,39886 , 272,78
31,34131 , -0,02000004 , -75,40176 , 272,8
31,38898 , -0,02000004 , -75,4036 , 272,82
31,43104 , -0,02000004 , -75,40478 , 272,84
31,46805 , -0,02000004 , -75,40553 , 272,86
31,50051 , -0,02000004 , -75,40601 , 272,88
31,52887 , -0,02000004 , -75,40631 , 272,9
31,55355 , -0,02000004 , -75,4065 , 272,92
31,57491 , -0,02000004 , -75,40662 , 272,94
31,5933 , -0,02000004 , -75,4067 , 272,96
31,60899 , -0,02000004 , -75,40675 , 272,98
31,62227 , -0,02000004 , -75,40678 , 273
