Min X value: -65
Min Y value: -14,1249
Min Z value: -105,0925
Max X value: 66,50088
Max Y value: 14,90855
Max Z value: 105
Key: charpos in X , Y , Z , Time since start capture
0 , 0 , -95 , 102,5
0 , -0,003531575 , -95 , 102,52
0 , -0,0109126 , -95 , 102,54
4,816125E-11 , -0,01818258 , -95 , 102,56
1,712832E-10 , -0,01963657 , -95 , 102,58
2,663886E-10 , -0,01992738 , -95 , 102,6
3,289422E-10 , -0,0199855 , -95 , 102,62
3,681617E-10 , -0,01999712 , -95 , 102,64
3,92262E-10 , -0,01999944 , -95 , 102,66
4,068762E-10 , -0,01999992 , -95 , 102,68
4,156258E-10 , -0,02000004 , -95 , 102,7
4,207852E-10 , -0,02000004 , -95 , 102,72
4,237673E-10 , -0,02000004 , -95 , 102,74
4,254448E-10 , -0,02000004 , -95 , 102,76
4,263516E-10 , -0,02000004 , -95 , 102,78
4,268116E-10 , -0,02000004 , -95 , 102,8
4,270194E-10 , -0,02000004 , -95 , 102,82
4,2709E-10 , -0,02000004 , -95 , 102,84
4,270903E-10 , -0,02000004 , -95 , 102,86
4,270583E-10 , -0,02000004 , -95 , 102,88
4,270146E-10 , -0,02000004 , -95 , 102,9
4,270146E-10 , -0,02000004 , -95 , 102,92
4,270146E-10 , -0,02000004 , -95 , 102,94
4,270146E-10 , -0,02000004 , -95 , 102,96
4,270146E-10 , -0,02000004 , -95 , 102,98
4,270146E-10 , -0,02000004 , -95 , 103
4,270146E-10 , -0,02000004 , -95 , 103,02
4,270146E-10 , -0,02000004 , -95 , 103,04
4,270146E-10 , -0,02000004 , -95 , 103,06
4,270146E-10 , -0,02000004 , -95 , 103,08
4,270146E-10 , -0,02000004 , -95 , 103,1
4,270146E-10 , -0,02000004 , -95 , 103,12
4,270146E-10 , -0,02000004 , -95 , 103,14
4,270146E-10 , -0,02000004 , -95 , 103,16
4,270146E-10 , -0,02000004 , -95 , 103,18
4,270146E-10 , -0,02000004 , -95 , 103,2
4,270146E-10 , -0,02000004 , -95 , 103,22
4,270146E-10 , -0,02000004 , -95 , 103,24
4,270146E-10 , -0,02000004 , -95 , 103,26
4,270146E-10 , -0,02000004 , -95 , 103,28
4,270146E-10 , -0,02000004 , -95 , 103,3
4,270146E-10 , -0,02000004 , -95 , 103,32
4,270146E-10 , -0,02000004 , -95 , 103,34
4,270146E-10 , -0,02000004 , -95 , 103,36
4,270146E-10 , -0,02000004 , -95 , 103,38
0,006827814 , -0,02000004 , -94,99223 , 103,4
0,01814005 , -0,01999998 , -94,97624 , 103,42
0,03159517 , -0,01999998 , -94,95192 , 103,44
0,04536562 , -0,01999998 , -94,91962 , 103,46
0,05857939 , -0,0200001 , -94,87997 , 103,48
0,07122234 , -0,01999992 , -94,83372 , 103,5
0,08337594 , -0,02000004 , -94,78152 , 103,52
0,09511013 , -0,02000004 , -94,72398 , 103,54
0,1064602 , -0,02000004 , -94,66161 , 103,56
0,1174328 , -0,02000004 , -94,59491 , 103,58
0,1280347 , -0,01999998 , -94,5243 , 103,6
0,1382724 , -0,01999998 , -94,45016 , 103,62
0,1481722 , -0,02000016 , -94,37286 , 103,64
0,1577563 , -0,02000016 , -94,29271 , 103,66
0,1670444 , -0,02000016 , -94,20998 , 103,68
0,1761734 , -0,0200001 , -94,12496 , 103,7
0,1851922 , -0,0200001 , -94,03787 , 103,72
0,19405 , -0,0200001 , -93,94892 , 103,74
0,2028281 , -0,0200001 , -93,8583 , 103,76
0,2115353 , -0,02000004 , -93,76617 , 103,78
0,2201311 , -0,02000004 , -93,6727 , 103,8
0,2286042 , -0,01999998 , -93,578 , 103,82
0,23696 , -0,02000016 , -93,48219 , 103,84
0,2452099 , -0,02000016 , -93,3854 , 103,86
0,2533643 , -0,02000016 , -93,2877 , 103,88
0,261432 , -0,0200001 , -93,18921 , 103,9
0,2694208 , -0,0200001 , -93,08999 , 103,92
0,2773374 , -0,0200001 , -92,99012 , 103,94
0,2851878 , -0,0200001 , -92,88966 , 103,96
0,292977 , -0,0200001 , -92,78868 , 103,98
0,3007096 , -0,0200001 , -92,68723 , 104
0,3083895 , -0,0200001 , -92,58534 , 104,02
0,3160203 , -0,01999992 , -92,48307 , 104,04
0,323605 , -0,01999992 , -92,38046 , 104,06
0,3311463 , -0,01999992 , -92,27753 , 104,08
0,3386467 , -0,02000004 , -92,17432 , 104,1
0,3461082 , -0,02000004 , -92,07085 , 104,12
0,3535328 , -0,02000016 , -91,96716 , 104,14
0,3609221 , -0,01999998 , -91,86326 , 104,16
0,3682779 , -0,0200001 , -91,75917 , 104,18
0,3755483 , -0,02000004 , -91,65491 , 104,2
0,3827401 , -0,02000004 , -91,55049 , 104,22
0,3897531 , -0,02000004 , -91,44592 , 104,24
0,3964972 , -0,02000004 , -91,3412 , 104,26
0,4028378 , -0,02000022 , -91,23632 , 104,28
0,4087068 , -0,02000004 , -91,13129 , 104,3
0,4140427 , -0,02000004 , -91,02612 , 104,32
0,4187897 , -0,02000004 , -90,92082 , 104,34
0,4228968 , -0,02000004 , -90,81539 , 104,36
0,4262643 , -0,01999998 , -90,70983 , 104,38
0,4288552 , -0,01999998 , -90,60416 , 104,4
0,4307492 , -0,01999998 , -90,49837 , 104,42
0,4321951 , -0,01999998 , -90,39249 , 104,44
0,4333508 , -0,01999998 , -90,28653 , 104,46
0,4343166 , -0,01999998 , -90,18049 , 104,48
0,4351561 , -0,01999998 , -90,07437 , 104,5
0,4359099 , -0,01999998 , -89,96819 , 104,52
0,4366039 , -0,0200001 , -89,86196 , 104,54
0,4372547 , -0,02000004 , -89,75568 , 104,56
0,4378731 , -0,02000004 , -89,64935 , 104,58
0,4384284 , -0,02000004 , -89,54297 , 104,6
0,4389391 , -0,02000004 , -89,43655 , 104,62
0,4393792 , -0,02000004 , -89,3301 , 104,64
0,4397325 , -0,02000004 , -89,22361 , 104,66
0,4399882 , -0,01999998 , -89,11709 , 104,68
0,4400993 , -0,01999998 , -89,01054 , 104,7
0,4401128 , -0,01999998 , -88,90398 , 104,72
0,4400201 , -0,01999998 , -88,79739 , 104,74
0,4398155 , -0,01999998 , -88,69077 , 104,76
0,4395359 , -0,01999998 , -88,58414 , 104,78
0,439205 , -0,01999998 , -88,4775 , 104,8
0,4388378 , -0,01999998 , -88,37084 , 104,82
0,4384425 , -0,0200001 , -88,26418 , 104,84
0,4380261 , -0,02000004 , -88,15749 , 104,86
0,4375533 , -0,02000004 , -88,0508 , 104,88
0,4370416 , -0,02000004 , -87,94411 , 104,9
0,4364625 , -0,01999998 , -87,83741 , 104,92
0,4357586 , -0,01999998 , -87,73071 , 104,94
0,4349306 , -0,0200001 , -87,62402 , 104,96
0,4339811 , -0,02000004 , -87,51733 , 104,98
0,4328723 , -0,01999998 , -87,41064 , 105
0,4316594 , -0,01999998 , -87,30398 , 105,02
0,4303774 , -0,01999998 , -87,19732 , 105,04
0,4290484 , -0,01999998 , -87,09067 , 105,06
0,4276869 , -0,01999998 , -86,98402 , 105,08
0,4263019 , -0,0200001 , -86,87739 , 105,1
0,4248992 , -0,0200001 , -86,77076 , 105,12
0,4234828 , -0,0200001 , -86,66414 , 105,14
0,422055 , -0,0200001 , -86,55753 , 105,16
0,4206177 , -0,0200001 , -86,45092 , 105,18
0,419172 , -0,0200001 , -86,34431 , 105,2
0,4177187 , -0,02000004 , -86,23772 , 105,22
0,4162585 , -0,02000004 , -86,13113 , 105,24
0,4147917 , -0,02000004 , -86,02454 , 105,26
0,4133188 , -0,02000004 , -85,91795 , 105,28
0,4118401 , -0,02000004 , -85,81137 , 105,3
0,4103559 , -0,02000004 , -85,7048 , 105,32
0,4088664 , -0,02000004 , -85,59822 , 105,34
0,4073718 , -0,02000004 , -85,49165 , 105,36
0,4058723 , -0,02000004 , -85,38509 , 105,38
0,4043682 , -0,02000016 , -85,27853 , 105,4
0,4028595 , -0,0200001 , -85,17197 , 105,42
0,4013466 , -0,0200001 , -85,06541 , 105,44
0,3998294 , -0,01999992 , -84,95885 , 105,46
0,3983083 , -0,01999992 , -84,8523 , 105,48
0,3967834 , -0,01999992 , -84,74575 , 105,5
0,3952547 , -0,02000004 , -84,63921 , 105,52
0,3937225 , -0,02000004 , -84,53266 , 105,54
0,3921868 , -0,02000004 , -84,42612 , 105,56
0,3906479 , -0,02000004 , -84,31957 , 105,58
0,3891058 , -0,02000004 , -84,21304 , 105,6
0,3875606 , -0,02000004 , -84,1065 , 105,62
0,3860124 , -0,02000004 , -83,99996 , 105,64
0,3844615 , -0,01999998 , -83,89342 , 105,66
0,3829077 , -0,01999998 , -83,78689 , 105,68
0,3813514 , -0,01999998 , -83,68036 , 105,7
0,3797925 , -0,0200001 , -83,57383 , 105,72
0,3782312 , -0,0200001 , -83,4673 , 105,74
0,3766676 , -0,0200001 , -83,36077 , 105,76
0,3751017 , -0,0200001 , -83,25424 , 105,78
0,3735336 , -0,0200001 , -83,14772 , 105,8
0,3719634 , -0,0200001 , -83,0412 , 105,82
0,3703913 , -0,0200001 , -82,93468 , 105,84
0,3688172 , -0,0200001 , -82,82816 , 105,86
0,3672412 , -0,0200001 , -82,72163 , 105,88
0,3656634 , -0,0200001 , -82,61511 , 105,9
0,3640839 , -0,0200001 , -82,50859 , 105,92
0,3625028 , -0,0200001 , -82,40207 , 105,94
0,36092 , -0,02000004 , -82,29556 , 105,96
0,3599113 , -0,02000004 , -82,20054 , 105,98
0,3592684 , -0,02000004 , -82,11587 , 106
0,3588587 , -0,02000004 , -82,04051 , 106,02
0,3585975 , -0,02000004 , -81,97354 , 106,04
0,3584311 , -0,02000004 , -81,91412 , 106,06
0,3583251 , -0,02000004 , -81,86148 , 106,08
0,3582575 , -0,02000004 , -81,81496 , 106,1
0,3582144 , -0,02000004 , -81,77393 , 106,12
0,3581869 , -0,02000004 , -81,73786 , 106,14
0,3581694 , -0,02000004 , -81,70625 , 106,16
0,3581583 , -0,02000004 , -81,67863 , 106,18
0,3581512 , -0,02000004 , -81,65463 , 106,2
0,3581466 , -0,02000004 , -81,63388 , 106,22
0,3581437 , -0,02000004 , -81,61605 , 106,24
0,3581419 , -0,02000004 , -81,60085 , 106,26
0,3581407 , -0,02000004 , -81,58802 , 106,28
0,3526753 , -0,02000004 , -81,56767 , 106,3
0,3421264 , -0,02000004 , -81,54066 , 106,32
0,326867 , -0,02000004 , -81,50775 , 106,34
0,3072367 , -0,02000022 , -81,46963 , 106,36
0,2834271 , -0,02000022 , -81,42699 , 106,38
0,2555809 , -0,02000016 , -81,38052 , 106,4
0,2237706 , -0,0200001 , -81,33086 , 106,42
0,1881389 , -0,02000004 , -81,27856 , 106,44
0,1487315 , -0,02000004 , -81,22423 , 106,46
0,1056392 , -0,02000004 , -81,16835 , 106,48
0,05899102 , -0,02000004 , -81,11135 , 106,5
0,008931517 , -0,02000016 , -81,0536 , 106,52
-0,04436253 , -0,01999998 , -80,99537 , 106,54
-0,1007712 , -0,01999992 , -80,93698 , 106,56
-0,1602338 , -0,02000004 , -80,87881 , 106,58
-0,2226886 , -0,02000016 , -80,82121 , 106,6
-0,2880447 , -0,02000016 , -80,76446 , 106,62
-0,3562312 , -0,01999998 , -80,70889 , 106,64
-0,4271082 , -0,01999998 , -80,65466 , 106,66
-0,5004929 , -0,0200001 , -80,60181 , 106,68
-0,5761993 , -0,02000004 , -80,55036 , 106,7
-0,654034 , -0,02000004 , -80,50024 , 106,72
-0,7338143 , -0,02000004 , -80,4514 , 106,74
-0,8153759 , -0,02000004 , -80,40377 , 106,76
-0,8985705 , -0,02000004 , -80,35731 , 106,78
-0,9832643 , -0,02000004 , -80,31197 , 106,8
-1,069336 , -0,02000004 , -80,2677 , 106,82
-1,156677 , -0,02000004 , -80,22448 , 106,84
-1,245188 , -0,02000004 , -80,18227 , 106,86
-1,334779 , -0,02000004 , -80,14103 , 106,88
-1,425368 , -0,01999998 , -80,10075 , 106,9
-1,516882 , -0,01999998 , -80,06139 , 106,92
-1,609252 , -0,01999998 , -80,02294 , 106,94
-1,702417 , -0,01999998 , -79,98537 , 106,96
-1,796322 , -0,01999998 , -79,94866 , 106,98
-1,890914 , -0,01999998 , -79,9128 , 107
-1,986147 , -0,01999998 , -79,87775 , 107,02
-2,081978 , -0,01999998 , -79,84351 , 107,04
-2,178367 , -0,01999998 , -79,81005 , 107,06
-2,275279 , -0,01999998 , -79,77737 , 107,08
-2,372679 , -0,01999998 , -79,74544 , 107,1
-2,470536 , -0,01999998 , -79,71425 , 107,12
-2,568824 , -0,01999998 , -79,68378 , 107,14
-2,667515 , -0,01999998 , -79,65403 , 107,16
-2,766585 , -0,01999998 , -79,62498 , 107,18
-2,866012 , -0,01999998 , -79,5966 , 107,2
-2,965775 , -0,0200001 , -79,5689 , 107,22
-3,065865 , -0,02000004 , -79,54189 , 107,24
-3,166282 , -0,02000004 , -79,51564 , 107,26
-3,26702 , -0,02000004 , -79,49017 , 107,28
-3,368049 , -0,02000004 , -79,46541 , 107,3
-3,46935 , -0,02000004 , -79,44135 , 107,32
-3,570909 , -0,02000004 , -79,41795 , 107,34
-3,67271 , -0,02000004 , -79,39522 , 107,36
-3,77474 , -0,02000004 , -79,37312 , 107,38
-3,876984 , -0,02000004 , -79,35163 , 107,4
-3,979436 , -0,02000004 , -79,33076 , 107,42
-4,082083 , -0,02000004 , -79,31049 , 107,44
-4,184916 , -0,02000004 , -79,29081 , 107,46
-4,287922 , -0,02000004 , -79,27169 , 107,48
-4,391098 , -0,02000004 , -79,25314 , 107,5
-4,494433 , -0,02000016 , -79,23513 , 107,52
-4,597919 , -0,0200001 , -79,21766 , 107,54
-4,701552 , -0,0200001 , -79,20073 , 107,56
-4,805323 , -0,0200001 , -79,18432 , 107,58
-4,909224 , -0,02000004 , -79,16842 , 107,6
-5,013253 , -0,02000004 , -79,15302 , 107,62
-5,117402 , -0,02000004 , -79,13812 , 107,64
-5,221664 , -0,02000004 , -79,1237 , 107,66
-5,326034 , -0,02000004 , -79,10974 , 107,68
-5,430507 , -0,02000004 , -79,09623 , 107,7
-5,535076 , -0,02000004 , -79,08316 , 107,72
-5,639738 , -0,01999998 , -79,07051 , 107,74
-5,744489 , -0,0200001 , -79,0583 , 107,76
-5,849326 , -0,02000004 , -79,04649 , 107,78
-5,954244 , -0,02000004 , -79,0351 , 107,8
-6,059241 , -0,02000004 , -79,02411 , 107,82
-6,164314 , -0,02000004 , -79,01352 , 107,84
-6,26945 , -0,02000004 , -79,00326 , 107,86
-6,363225 , -0,02000004 , -78,99487 , 107,88
-6,446774 , -0,02000004 , -78,98817 , 107,9
-6,521121 , -0,02000004 , -78,98299 , 107,92
-6,587186 , -0,02000004 , -78,97918 , 107,94
-6,645797 , -0,02000004 , -78,97659 , 107,96
-6,697699 , -0,02000004 , -78,97495 , 107,98
-6,743563 , -0,02000004 , -78,97389 , 108
-6,783993 , -0,02000004 , -78,97322 , 108,02
-6,819533 , -0,02000004 , -78,97279 , 108,04
-6,850671 , -0,02000004 , -78,97252 , 108,06
-6,877848 , -0,02000004 , -78,97234 , 108,08
-6,901459 , -0,02000004 , -78,97224 , 108,1
-6,921862 , -0,02000004 , -78,97217 , 108,12
-6,939377 , -0,02000004 , -78,97212 , 108,14
-6,954293 , -0,02000004 , -78,97209 , 108,16
-6,966869 , -0,02000004 , -78,97208 , 108,18
-6,977341 , -0,02000004 , -78,97206 , 108,2
-6,985918 , -0,02000004 , -78,97205 , 108,22
-6,992789 , -0,02000004 , -78,97205 , 108,24
-6,998126 , -0,02000004 , -78,97205 , 108,26
-7,002081 , -0,02000004 , -78,97205 , 108,28
-7,004793 , -0,02000004 , -78,97205 , 108,3
-7,006522 , -0,02000004 , -78,97205 , 108,32
-7,00723 , -0,02000004 , -78,97205 , 108,34
-7,017961 , -0,02000004 , -78,96833 , 108,36
-7,037343 , -0,02000016 , -78,96124 , 108,38
-7,06455 , -0,0200001 , -78,95119 , 108,4
-7,098849 , -0,02000004 , -78,9386 , 108,42
-7,139645 , -0,02000004 , -78,92402 , 108,44
-7,186479 , -0,02000004 , -78,90819 , 108,46
-7,238878 , -0,02000004 , -78,89166 , 108,48
-7,296408 , -0,02000004 , -78,87498 , 108,5
-7,358638 , -0,02000004 , -78,85855 , 108,52
-7,425149 , -0,02000004 , -78,84261 , 108,54
-7,49554 , -0,02000004 , -78,82726 , 108,56
-7,569457 , -0,02000004 , -78,81269 , 108,58
-7,646559 , -0,02000016 , -78,79889 , 108,6
-7,726533 , -0,01999998 , -78,78584 , 108,62
-7,809099 , -0,0200001 , -78,7735 , 108,64
-7,870866 , -0,0200001 , -78,76688 , 108,66
-7,922924 , -0,02000004 , -78,76288 , 108,68
-7,973911 , -0,02000004 , -78,7594 , 108,7
-8,02507 , -0,02000004 , -78,75606 , 108,72
-8,076144 , -0,02000004 , -78,75289 , 108,74
-8,126972 , -0,01999998 , -78,74996 , 108,76
-8,177489 , -0,0200001 , -78,74728 , 108,78
-8,22772 , -0,02000004 , -78,74483 , 108,8
-8,277634 , -0,02000004 , -78,74261 , 108,82
-8,327237 , -0,02000004 , -78,74059 , 108,84
-8,376538 , -0,02000004 , -78,73873 , 108,86
-8,425478 , -0,02000004 , -78,73708 , 108,88
-8,474091 , -0,02000004 , -78,73564 , 108,9
-8,522526 , -0,02000004 , -78,73434 , 108,92
-8,570791 , -0,02000004 , -78,73319 , 108,94
-8,618881 , -0,02000004 , -78,73218 , 108,96
-8,66681 , -0,02000004 , -78,73127 , 108,98
-8,714588 , -0,01999998 , -78,73042 , 109
-8,762226 , -0,01999998 , -78,72959 , 109,02
-8,809734 , -0,0200001 , -78,72877 , 109,04
-8,83942 , -0,0200001 , -78,73206 , 109,06
-8,866978 , -0,02000004 , -78,73457 , 109,08
-8,894471 , -0,02000004 , -78,73618 , 109,1
-8,922504 , -0,02000004 , -78,73706 , 109,12
-8,950437 , -0,02000016 , -78,73771 , 109,14
-8,978555 , -0,01999998 , -78,738 , 109,16
-9,006781 , -0,01999998 , -78,73777 , 109,18
-9,035388 , -0,01999998 , -78,73744 , 109,2
-9,064149 , -0,01999998 , -78,737 , 109,22
-9,093166 , -0,01999998 , -78,73645 , 109,24
-9,122423 , -0,01999998 , -78,7358 , 109,26
-9,151916 , -0,0200001 , -78,73505 , 109,28
-9,181636 , -0,02000004 , -78,73419 , 109,3
-9,211516 , -0,02000004 , -78,7333 , 109,32
-9,241418 , -0,02000004 , -78,73245 , 109,34
-9,271305 , -0,02000004 , -78,7316 , 109,36
-9,301429 , -0,02000004 , -78,73071 , 109,38
-9,331502 , -0,01999998 , -78,72987 , 109,4
-9,36142 , -0,0200001 , -78,7291 , 109,42
-9,39129 , -0,0200001 , -78,72839 , 109,44
-9,421083 , -0,0200001 , -78,72774 , 109,46
-9,450854 , -0,02000004 , -78,7271 , 109,48
-9,480639 , -0,02000004 , -78,72649 , 109,5
-9,510437 , -0,02000004 , -78,72589 , 109,52
-9,540232 , -0,02000004 , -78,72531 , 109,54
-9,570002 , -0,01999998 , -78,72475 , 109,56
-9,599738 , -0,0200001 , -78,72419 , 109,58
-9,629442 , -0,0200001 , -78,72365 , 109,6
-9,659116 , -0,0200001 , -78,72311 , 109,62
-9,688766 , -0,02000004 , -78,72258 , 109,64
-9,718394 , -0,02000004 , -78,72205 , 109,66
-9,748006 , -0,02000004 , -78,72153 , 109,68
-9,777602 , -0,02000004 , -78,72101 , 109,7
-9,807185 , -0,02000004 , -78,7205 , 109,72
-9,836759 , -0,02000016 , -78,71999 , 109,74
-9,866323 , -0,01999998 , -78,71947 , 109,76
-9,895877 , -0,01999998 , -78,71897 , 109,78
-9,925425 , -0,01999998 , -78,71848 , 109,8
-9,954968 , -0,01999998 , -78,71798 , 109,82
-9,984509 , -0,0200001 , -78,71749 , 109,84
-10,01405 , -0,02000004 , -78,717 , 109,86
-10,04359 , -0,02000004 , -78,71652 , 109,88
-10,07313 , -0,02000004 , -78,71605 , 109,9
-10,10267 , -0,02000004 , -78,71558 , 109,92
-10,13222 , -0,02000004 , -78,71511 , 109,94
-10,16177 , -0,02000004 , -78,71465 , 109,96
-10,19134 , -0,01999998 , -78,7142 , 109,98
-10,22091 , -0,01999998 , -78,71375 , 110
-10,25049 , -0,01999998 , -78,7133 , 110,02
-10,28008 , -0,01999998 , -78,71286 , 110,04
-10,30969 , -0,01999998 , -78,71243 , 110,06
-10,33931 , -0,01999998 , -78,712 , 110,08
-10,36894 , -0,01999998 , -78,71158 , 110,1
-10,3986 , -0,01999998 , -78,71116 , 110,12
-10,42827 , -0,01999998 , -78,71075 , 110,14
-10,45796 , -0,01999998 , -78,71034 , 110,16
-10,48767 , -0,01999998 , -78,70995 , 110,18
-10,51741 , -0,01999998 , -78,70956 , 110,2
-10,54716 , -0,01999998 , -78,70917 , 110,22
-10,57695 , -0,01999998 , -78,70879 , 110,24
-10,60676 , -0,01999998 , -78,70841 , 110,26
-10,6332 , -0,01999998 , -78,70826 , 110,28
-10,65672 , -0,01999998 , -78,70811 , 110,3
-10,67745 , -0,01999998 , -78,70802 , 110,32
-10,6957 , -0,01999998 , -78,70796 , 110,34
-10,71169 , -0,01999998 , -78,70792 , 110,36
-10,72566 , -0,01999998 , -78,7079 , 110,38
-10,73781 , -0,01999998 , -78,70789 , 110,4
-10,74832 , -0,01999998 , -78,70788 , 110,42
-10,75735 , -0,01999998 , -78,70787 , 110,44
-10,76506 , -0,01999998 , -78,70786 , 110,46
-10,77158 , -0,01999998 , -78,70786 , 110,48
-10,77701 , -0,01999998 , -78,70786 , 110,5
-10,78148 , -0,01999998 , -78,70786 , 110,52
-10,78508 , -0,01999998 , -78,70786 , 110,54
-10,78748 , -0,01999998 , -78,70786 , 110,56
-10,789 , -0,01999998 , -78,70786 , 110,58
-10,78953 , -0,01999998 , -78,70786 , 110,6
-10,78956 , -0,01999998 , -78,70786 , 110,62
-10,78995 , -0,01999998 , -78,70786 , 110,64
-10,79009 , -0,01999998 , -78,70786 , 110,66
-10,79009 , -0,01999998 , -78,70786 , 110,68
-10,79004 , -0,01999998 , -78,70786 , 110,7
-10,78996 , -0,01999998 , -78,70786 , 110,72
-10,78989 , -0,01999998 , -78,70786 , 110,74
-10,78982 , -0,01999998 , -78,70786 , 110,76
-10,78976 , -0,01999998 , -78,70786 , 110,78
-10,78971 , -0,01999998 , -78,70786 , 110,8
-10,78967 , -0,01999998 , -78,70786 , 110,82
-10,78964 , -0,01999998 , -78,70786 , 110,84
-10,78962 , -0,01999998 , -78,70786 , 110,86
-10,7896 , -0,01999998 , -78,70786 , 110,88
-10,78959 , -0,01999998 , -78,70786 , 110,9
-10,78958 , -0,01999998 , -78,70786 , 110,92
-10,78957 , -0,01999998 , -78,70786 , 110,94
-10,78957 , -0,01999998 , -78,70786 , 110,96
-10,78551 , -0,01999998 , -78,69827 , 110,98
-10,77779 , -0,01999998 , -78,68005 , 111
-10,76674 , -0,01999998 , -78,65407 , 111,02
-10,75279 , -0,0200001 , -78,62107 , 111,04
-10,73831 , -0,0200001 , -78,58652 , 111,06
-10,72153 , -0,02000004 , -78,55259 , 111,08
-10,70205 , -0,02000004 , -78,51979 , 111,1
-10,68095 , -0,02000004 , -78,4873 , 111,12
-10,65901 , -0,02000004 , -78,45451 , 111,14
-10,63655 , -0,02000004 , -78,42117 , 111,16
-10,61355 , -0,02000004 , -78,38747 , 111,18
-10,5902 , -0,02000004 , -78,35325 , 111,2
-10,56656 , -0,02000004 , -78,31854 , 111,22
-10,54269 , -0,02000004 , -78,28342 , 111,24
-10,51867 , -0,02000022 , -78,2478 , 111,26
-10,49455 , -0,02000004 , -78,21172 , 111,28
-10,47032 , -0,01999998 , -78,17529 , 111,3
-10,44603 , -0,01999998 , -78,13855 , 111,32
-10,42168 , -0,0200001 , -78,1016 , 111,34
-10,39739 , -0,0200001 , -78,06455 , 111,36
-10,3732 , -0,0200001 , -78,02755 , 111,38
-10,34925 , -0,02000004 , -77,99076 , 111,4
-10,32559 , -0,02000004 , -77,95437 , 111,42
-10,30219 , -0,01999998 , -77,9185 , 111,44
-10,27911 , -0,0200001 , -77,88312 , 111,46
-10,25644 , -0,02000004 , -77,84811 , 111,48
-10,23455 , -0,01999998 , -77,81322 , 111,5
-10,21332 , -0,01999998 , -77,77863 , 111,52
-10,19272 , -0,0200001 , -77,74445 , 111,54
-10,17275 , -0,0200001 , -77,71062 , 111,56
-10,15336 , -0,0200001 , -77,67709 , 111,58
-10,13453 , -0,0200001 , -77,64381 , 111,6
-10,11638 , -0,02000004 , -77,61068 , 111,62
-10,09895 , -0,02000004 , -77,57767 , 111,64
-10,08238 , -0,02000016 , -77,54487 , 111,66
-10,06666 , -0,02000016 , -77,51231 , 111,68
-10,05183 , -0,02000016 , -77,48 , 111,7
-10,03789 , -0,0200001 , -77,44793 , 111,72
-10,02486 , -0,02000004 , -77,41608 , 111,74
-10,01282 , -0,02000004 , -77,38449 , 111,76
-10,00185 , -0,02000004 , -77,35321 , 111,78
-9,992032 , -0,02000004 , -77,32229 , 111,8
-9,983502 , -0,02000004 , -77,29185 , 111,82
-9,976307 , -0,02000004 , -77,26195 , 111,84
-9,970501 , -0,02000004 , -77,23264 , 111,86
-9,96611 , -0,02000004 , -77,20397 , 111,88
-9,963022 , -0,02000004 , -77,17607 , 111,9
-9,961349 , -0,02000016 , -77,14881 , 111,92
-9,960826 , -0,0200001 , -77,12212 , 111,94
-9,961138 , -0,02000004 , -77,09577 , 111,96
-9,962059 , -0,02000004 , -77,06958 , 111,98
-9,963479 , -0,02000022 , -77,04339 , 112
-9,965588 , -0,02000016 , -77,01727 , 112,02
-9,968442 , -0,02000016 , -76,99137 , 112,04
-9,972006 , -0,01999998 , -76,96574 , 112,06
-9,976211 , -0,02000016 , -76,9403 , 112,08
-9,981014 , -0,0200001 , -76,91508 , 112,1
-9,986201 , -0,0200001 , -76,89021 , 112,12
-9,99218 , -0,0200001 , -76,86532 , 112,14
-9,998717 , -0,02000004 , -76,84052 , 112,16
-10,00543 , -0,02000004 , -76,81537 , 112,18
-10,01253 , -0,02000016 , -76,79071 , 112,2
-10,01983 , -0,02000016 , -76,7658 , 112,22
-10,02759 , -0,02000016 , -76,74127 , 112,24
-10,03558 , -0,02000016 , -76,71651 , 112,26
-10,04401 , -0,0200001 , -76,69221 , 112,28
-10,05282 , -0,0200001 , -76,66806 , 112,3
-10,062 , -0,02000022 , -76,64413 , 112,32
-10,07168 , -0,02000004 , -76,62048 , 112,34
-10,08178 , -0,02000022 , -76,59715 , 112,36
-10,09219 , -0,02000022 , -76,57397 , 112,38
-10,10311 , -0,02000016 , -76,55136 , 112,4
-10,11436 , -0,0200001 , -76,52894 , 112,42
-10,12609 , -0,02000004 , -76,50704 , 112,44
-10,13813 , -0,02000004 , -76,48531 , 112,46
-10,15062 , -0,02000004 , -76,46407 , 112,48
-10,16345 , -0,02000022 , -76,4431 , 112,5
-10,17659 , -0,02000004 , -76,42233 , 112,52
-10,1901 , -0,02000004 , -76,40193 , 112,54
-10,2039 , -0,02000004 , -76,38168 , 112,56
-10,21797 , -0,02000004 , -76,36163 , 112,58
-10,23234 , -0,02000004 , -76,34179 , 112,6
-10,24699 , -0,02000016 , -76,32218 , 112,62
-10,26197 , -0,01999998 , -76,3029 , 112,64
-10,27724 , -0,02000016 , -76,28382 , 112,66
-10,29277 , -0,02000016 , -76,26493 , 112,68
-10,30856 , -0,01999998 , -76,24622 , 112,7
-10,32459 , -0,01999998 , -76,22769 , 112,72
-10,34086 , -0,01999998 , -76,20932 , 112,74
-10,35735 , -0,01999998 , -76,19111 , 112,76
-10,37406 , -0,01999998 , -76,17304 , 112,78
-10,391 , -0,01999998 , -76,15513 , 112,8
-10,40814 , -0,0200001 , -76,13736 , 112,82
-10,42548 , -0,0200001 , -76,11972 , 112,84
-10,44302 , -0,02000004 , -76,1022 , 112,86
-10,46074 , -0,02000004 , -76,08481 , 112,88
-10,47865 , -0,02000004 , -76,06753 , 112,9
-10,49674 , -0,02000004 , -76,05036 , 112,92
-10,515 , -0,02000004 , -76,0333 , 112,94
-10,53342 , -0,02000004 , -76,01634 , 112,96
-10,55201 , -0,02000004 , -75,99948 , 112,98
-10,57075 , -0,02000004 , -75,98271 , 113
-10,58965 , -0,02000004 , -75,96603 , 113,02
-10,60869 , -0,02000004 , -75,94942 , 113,04
-10,62788 , -0,02000004 , -75,9329 , 113,06
-10,6472 , -0,02000004 , -75,91645 , 113,08
-10,66666 , -0,02000004 , -75,90008 , 113,1
-10,68625 , -0,02000004 , -75,88377 , 113,12
-10,70597 , -0,02000016 , -75,86753 , 113,14
-10,72581 , -0,0200001 , -75,85136 , 113,16
-10,74578 , -0,02000004 , -75,83524 , 113,18
-10,76586 , -0,02000004 , -75,81918 , 113,2
-10,78605 , -0,02000016 , -75,80317 , 113,22
-10,80635 , -0,0200001 , -75,78721 , 113,24
-10,82676 , -0,0200001 , -75,7713 , 113,26
-10,84727 , -0,02000004 , -75,75544 , 113,28
-10,86789 , -0,02000004 , -75,73962 , 113,3
-10,8886 , -0,02000004 , -75,72383 , 113,32
-10,90941 , -0,02000016 , -75,70809 , 113,34
-10,93032 , -0,01999998 , -75,69239 , 113,36
-10,95132 , -0,01999998 , -75,67673 , 113,38
-10,97241 , -0,01999998 , -75,6611 , 113,4
-10,99358 , -0,01999998 , -75,64551 , 113,42
-11,01483 , -0,01999998 , -75,62993 , 113,44
-11,03617 , -0,0200001 , -75,61437 , 113,46
-11,05758 , -0,0200001 , -75,59884 , 113,48
-11,07908 , -0,02000004 , -75,58333 , 113,5
-11,10064 , -0,02000004 , -75,56784 , 113,52
-11,12229 , -0,02000004 , -75,55237 , 113,54
-11,144 , -0,02000004 , -75,53691 , 113,56
-11,16579 , -0,02000004 , -75,52148 , 113,58
-11,18764 , -0,02000016 , -75,50605 , 113,6
-11,20956 , -0,02000016 , -75,49064 , 113,62
-11,23155 , -0,02000016 , -75,47524 , 113,64
-11,2536 , -0,02000016 , -75,45985 , 113,66
-11,27572 , -0,0200001 , -75,44447 , 113,68
-11,29789 , -0,02000004 , -75,42908 , 113,7
-11,32013 , -0,02000004 , -75,41371 , 113,72
-11,34243 , -0,02000004 , -75,39834 , 113,74
-11,36478 , -0,02000016 , -75,38297 , 113,76
-11,38719 , -0,02000016 , -75,36759 , 113,78
-11,40966 , -0,0200001 , -75,35222 , 113,8
-11,43218 , -0,0200001 , -75,33685 , 113,82
-11,45475 , -0,02000004 , -75,32146 , 113,84
-11,47738 , -0,02000004 , -75,30608 , 113,86
-11,50005 , -0,02000004 , -75,2907 , 113,88
-11,52278 , -0,02000016 , -75,2753 , 113,9
-11,54556 , -0,0200001 , -75,25989 , 113,92
-11,56838 , -0,02000004 , -75,24447 , 113,94
-11,59126 , -0,02000004 , -75,22903 , 113,96
-11,61418 , -0,02000004 , -75,21359 , 113,98
-11,63714 , -0,02000004 , -75,19814 , 114
-11,66016 , -0,02000004 , -75,18266 , 114,02
-11,68321 , -0,02000004 , -75,16718 , 114,04
-11,70632 , -0,02000004 , -75,15166 , 114,06
-11,72946 , -0,02000004 , -75,13614 , 114,08
-11,75265 , -0,02000004 , -75,12059 , 114,1
-11,77588 , -0,02000004 , -75,10502 , 114,12
-11,79915 , -0,02000004 , -75,08942 , 114,14
-11,82247 , -0,01999998 , -75,07381 , 114,16
-11,84583 , -0,01999998 , -75,05817 , 114,18
-11,86922 , -0,01999998 , -75,0425 , 114,2
-11,89266 , -0,01999998 , -75,02681 , 114,22
-11,91614 , -0,01999998 , -75,01109 , 114,24
-11,93966 , -0,0200001 , -74,99534 , 114,26
-11,96321 , -0,0200001 , -74,97956 , 114,28
-11,98681 , -0,02000004 , -74,96375 , 114,3
-12,01045 , -0,02000004 , -74,94791 , 114,32
-12,03412 , -0,02000004 , -74,93203 , 114,34
-12,05784 , -0,02000004 , -74,91612 , 114,36
-12,08159 , -0,02000004 , -74,90018 , 114,38
-12,10538 , -0,02000004 , -74,88419 , 114,4
-12,12921 , -0,02000004 , -74,86818 , 114,42
-12,15308 , -0,02000004 , -74,85213 , 114,44
-12,17699 , -0,02000004 , -74,83603 , 114,46
-12,20093 , -0,02000004 , -74,81989 , 114,48
-12,22492 , -0,02000004 , -74,80372 , 114,5
-12,24894 , -0,02000004 , -74,7875 , 114,52
-12,273 , -0,02000016 , -74,77124 , 114,54
-12,2971 , -0,02000016 , -74,75494 , 114,56
-12,32125 , -0,0200001 , -74,73857 , 114,58
-12,34542 , -0,02000004 , -74,72216 , 114,6
-12,36964 , -0,02000004 , -74,7057 , 114,62
-12,3939 , -0,02000004 , -74,68919 , 114,64
-12,4182 , -0,02000004 , -74,67263 , 114,66
-12,44253 , -0,02000004 , -74,65602 , 114,68
-12,46691 , -0,02000004 , -74,63936 , 114,7
-12,49133 , -0,02000004 , -74,62265 , 114,72
-12,5158 , -0,02000004 , -74,60589 , 114,74
-12,5403 , -0,02000004 , -74,58907 , 114,76
-12,56484 , -0,02000004 , -74,57215 , 114,78
-12,58942 , -0,02000004 , -74,55514 , 114,8
-12,61404 , -0,02000004 , -74,53802 , 114,82
-12,63929 , -0,02000004 , -74,52079 , 114,84
-12,66501 , -0,02000004 , -74,50327 , 114,86
-12,69109 , -0,02000004 , -74,48555 , 114,88
-12,71437 , -0,02000004 , -74,46997 , 114,9
-12,73473 , -0,02000004 , -74,45639 , 114,92
-12,75248 , -0,02000004 , -74,4446 , 114,94
-12,76803 , -0,02000004 , -74,43442 , 114,96
-12,7816 , -0,02000004 , -74,42567 , 114,98
-12,79338 , -0,02000004 , -74,41823 , 115
-12,80357 , -0,02000004 , -74,41196 , 115,02
-12,81232 , -0,02000004 , -74,40673 , 115,04
-12,81976 , -0,02000004 , -74,40245 , 115,06
-12,82604 , -0,02000004 , -74,39902 , 115,08
-12,83126 , -0,02000004 , -74,39636 , 115,1
-12,83512 , -0,02000004 , -74,39467 , 115,12
-12,83774 , -0,02000004 , -74,39359 , 115,14
-12,83941 , -0,02000004 , -74,3929 , 115,16
-12,84007 , -0,02000004 , -74,39266 , 115,18
-12,84075 , -0,02000004 , -74,39238 , 115,2
-12,84098 , -0,02000004 , -74,39228 , 115,22
-12,84099 , -0,02000004 , -74,39228 , 115,24
-12,8409 , -0,02000004 , -74,39232 , 115,26
-12,84077 , -0,02000004 , -74,39237 , 115,28
-12,84064 , -0,02000004 , -74,39243 , 115,3
-12,84052 , -0,02000004 , -74,39248 , 115,32
-12,84042 , -0,02000004 , -74,39252 , 115,34
-12,84033 , -0,02000004 , -74,39256 , 115,36
-12,84027 , -0,02000004 , -74,39258 , 115,38
-12,8494 , -0,02000004 , -74,38764 , 115,4
-12,86674 , -0,02000016 , -74,37825 , 115,42
-12,89145 , -0,0200001 , -74,36484 , 115,44
-12,90902 , -0,02000004 , -74,34942 , 115,46
-12,92722 , -0,02000004 , -74,33369 , 115,48
-12,9464 , -0,02000004 , -74,31731 , 115,5
-12,96595 , -0,02000004 , -74,30038 , 115,52
-12,98591 , -0,02000004 , -74,28293 , 115,54
-13,00642 , -0,02000004 , -74,265 , 115,56
-13,02748 , -0,02000004 , -74,24663 , 115,58
-13,04903 , -0,02000016 , -74,22785 , 115,6
-13,07106 , -0,0200001 , -74,2087 , 115,62
-13,09356 , -0,0200001 , -74,1892 , 115,64
-13,11648 , -0,0200001 , -74,16937 , 115,66
-13,13989 , -0,02000004 , -74,14926 , 115,68
-13,16375 , -0,02000004 , -74,12891 , 115,7
-13,18806 , -0,02000004 , -74,10837 , 115,72
-13,21284 , -0,02000004 , -74,0876 , 115,74
-13,2367 , -0,02000004 , -74,06666 , 115,76
-13,2598 , -0,02000004 , -74,04559 , 115,78
-13,28247 , -0,02000016 , -74,02438 , 115,8
-13,30507 , -0,0200001 , -74,00304 , 115,82
-13,32765 , -0,0200001 , -73,98161 , 115,84
-13,35033 , -0,02000004 , -73,96011 , 115,86
-13,37313 , -0,02000004 , -73,93852 , 115,88
-13,396 , -0,02000016 , -73,91688 , 115,9
-13,41895 , -0,01999998 , -73,89519 , 115,92
-13,44204 , -0,0200001 , -73,87342 , 115,94
-13,4652 , -0,0200001 , -73,85159 , 115,96
-13,48845 , -0,02000004 , -73,82973 , 115,98
-13,5118 , -0,02000004 , -73,80786 , 116
-13,53531 , -0,02000016 , -73,78598 , 116,02
-13,55898 , -0,0200001 , -73,76409 , 116,04
-13,58282 , -0,02000004 , -73,7422 , 116,06
-13,60684 , -0,02000004 , -73,72031 , 116,08
-13,63104 , -0,02000004 , -73,69844 , 116,1
-13,65542 , -0,02000004 , -73,67659 , 116,12
-13,67999 , -0,02000004 , -73,65475 , 116,14
-13,70475 , -0,02000004 , -73,63295 , 116,16
-13,7297 , -0,02000004 , -73,61118 , 116,18
-13,75486 , -0,02000004 , -73,58944 , 116,2
-13,78022 , -0,02000004 , -73,56775 , 116,22
-13,80575 , -0,02000004 , -73,5461 , 116,24
-13,8302 , -0,02000004 , -73,52447 , 116,26
-13,85455 , -0,01999998 , -73,50288 , 116,28
-13,87922 , -0,02000016 , -73,48137 , 116,3
-13,90411 , -0,0200001 , -73,45993 , 116,32
-13,92914 , -0,02000004 , -73,43856 , 116,34
-13,95423 , -0,02000004 , -73,41725 , 116,36
-13,97939 , -0,02000004 , -73,39601 , 116,38
-13,99323 , -0,02000004 , -73,39027 , 116,4
-14,00563 , -0,02000004 , -73,39056 , 116,42
-14,01744 , -0,02000004 , -73,39233 , 116,44
-14,02936 , -0,02000004 , -73,3946 , 116,46
-14,04159 , -0,02000004 , -73,39703 , 116,48
-14,0518 , -0,02000004 , -73,39906 , 116,5
-14,06103 , -0,02000004 , -73,40089 , 116,52
-14,06955 , -0,02000004 , -73,40259 , 116,54
-14,07749 , -0,02000004 , -73,40418 , 116,56
-14,08529 , -0,02000004 , -73,40575 , 116,58
-14,09274 , -0,02000004 , -73,40726 , 116,6
-14,09973 , -0,02000004 , -73,40867 , 116,62
-14,1062 , -0,02000004 , -73,40997 , 116,64
-14,11216 , -0,02000004 , -73,41117 , 116,66
-14,11762 , -0,02000004 , -73,41227 , 116,68
-14,12261 , -0,02000004 , -73,41327 , 116,7
-14,12718 , -0,02000016 , -73,41418 , 116,72
-14,13135 , -0,01999998 , -73,41502 , 116,74
-14,13514 , -0,01999998 , -73,41578 , 116,76
-14,13856 , -0,01999998 , -73,41647 , 116,78
-14,14163 , -0,01999998 , -73,41709 , 116,8
-14,14437 , -0,01999998 , -73,41766 , 116,82
-14,14678 , -0,01999998 , -73,41817 , 116,84
-14,14888 , -0,01999998 , -73,41862 , 116,86
-14,15065 , -0,01999998 , -73,41901 , 116,88
-14,15214 , -0,01999998 , -73,41934 , 116,9
-14,15346 , -0,0200001 , -73,41962 , 116,92
-14,15462 , -0,02000004 , -73,41987 , 116,94
-14,15556 , -0,02000004 , -73,42007 , 116,96
-14,15635 , -0,02000016 , -73,42023 , 116,98
-14,15706 , -0,0200001 , -73,42038 , 117
-14,15771 , -0,02000004 , -73,42052 , 117,02
-14,15829 , -0,02000004 , -73,42064 , 117,04
-14,15882 , -0,02000004 , -73,42075 , 117,06
-14,1593 , -0,02000004 , -73,42085 , 117,08
-14,15973 , -0,02000004 , -73,42094 , 117,1
-14,16013 , -0,02000004 , -73,42103 , 117,12
-14,16042 , -0,02000004 , -73,42109 , 117,14
-14,16069 , -0,02000004 , -73,42113 , 117,16
-14,16092 , -0,02000004 , -73,42115 , 117,18
-14,16119 , -0,01999998 , -73,4212 , 117,2
-14,16155 , -0,0200001 , -73,42126 , 117,22
-14,16199 , -0,02000004 , -73,42135 , 117,24
-14,16248 , -0,02000004 , -73,42144 , 117,26
-14,16304 , -0,02000004 , -73,42155 , 117,28
-14,16367 , -0,02000004 , -73,42167 , 117,3
-14,16434 , -0,01999998 , -73,42181 , 117,32
-14,16512 , -0,0200001 , -73,42194 , 117,34
-14,16558 , -0,0200001 , -73,4221 , 117,36
-14,16573 , -0,0200001 , -73,42215 , 117,38
-14,16574 , -0,0200001 , -73,42215 , 117,4
-14,16567 , -0,0200001 , -73,42213 , 117,42
-14,16558 , -0,0200001 , -73,42212 , 117,44
-14,16548 , -0,0200001 , -73,4221 , 117,46
-14,16539 , -0,0200001 , -73,42208 , 117,48
-14,16531 , -0,0200001 , -73,42207 , 117,5
-14,16525 , -0,0200001 , -73,42206 , 117,52
-14,16521 , -0,0200001 , -73,42205 , 117,54
-14,16518 , -0,0200001 , -73,42204 , 117,56
-14,16516 , -0,0200001 , -73,42204 , 117,58
-14,16515 , -0,0200001 , -73,42204 , 117,6
-14,16514 , -0,0200001 , -73,42204 , 117,62
-14,16513 , -0,0200001 , -73,42203 , 117,64
-14,16512 , -0,0200001 , -73,42203 , 117,66
-14,16512 , -0,0200001 , -73,42203 , 117,68
-14,16512 , -0,0200001 , -73,42203 , 117,7
-14,16512 , -0,0200001 , -73,42203 , 117,72
-14,16512 , -0,0200001 , -73,42203 , 117,74
-14,16512 , -0,0200001 , -73,42203 , 117,76
-14,16512 , -0,0200001 , -73,42203 , 117,78
-14,16512 , -0,0200001 , -73,42203 , 117,8
-14,16512 , -0,0200001 , -73,42203 , 117,82
-14,16512 , -0,0200001 , -73,42203 , 117,84
-14,16512 , -0,0200001 , -73,42203 , 117,86
-14,16512 , -0,0200001 , -73,42203 , 117,88
-14,16512 , -0,0200001 , -73,42203 , 117,9
-14,16512 , -0,0200001 , -73,42203 , 117,92
-14,16512 , -0,0200001 , -73,42203 , 117,94
-14,16512 , -0,0200001 , -73,42203 , 117,96
-14,16512 , -0,0200001 , -73,42203 , 117,98
-14,16512 , -0,0200001 , -73,42203 , 118
-14,16512 , -0,0200001 , -73,42203 , 118,02
-14,16512 , -0,0200001 , -73,42203 , 118,04
-14,16512 , -0,0200001 , -73,42203 , 118,06
-14,16512 , -0,0200001 , -73,42203 , 118,08
-14,16512 , -0,0200001 , -73,42203 , 118,1
-14,16512 , -0,0200001 , -73,42203 , 118,12
-14,16512 , -0,0200001 , -73,42203 , 118,14
-14,16512 , -0,0200001 , -73,42203 , 118,16
-14,16512 , -0,0200001 , -73,42203 , 118,18
-14,16512 , -0,0200001 , -73,42203 , 118,2
-14,16314 , -0,0200001 , -73,42488 , 118,22
-14,15988 , -0,02000004 , -73,4306 , 118,24
-14,15621 , -0,02000004 , -73,43918 , 118,26
-14,15257 , -0,02000004 , -73,45042 , 118,28
-14,14957 , -0,02000004 , -73,46411 , 118,3
-14,1484 , -0,01999998 , -73,48167 , 118,32
-14,14903 , -0,0200001 , -73,50249 , 118,34
-14,14846 , -0,0200001 , -73,52405 , 118,36
-14,14768 , -0,02000004 , -73,54618 , 118,38
-14,14668 , -0,02000004 , -73,56843 , 118,4
-14,14607 , -0,02000004 , -73,59105 , 118,42
-14,14599 , -0,02000004 , -73,61413 , 118,44
-14,14634 , -0,02000004 , -73,63762 , 118,46
-14,14698 , -0,02000004 , -73,66146 , 118,48
-14,14785 , -0,02000004 , -73,6857 , 118,5
-14,14877 , -0,02000004 , -73,71018 , 118,52
-14,14986 , -0,02000004 , -73,73499 , 118,54
-14,15123 , -0,02000004 , -73,76015 , 118,56
-14,15291 , -0,02000004 , -73,78564 , 118,58
-14,15478 , -0,02000004 , -73,81137 , 118,6
-14,15731 , -0,02000004 , -73,83759 , 118,62
-14,1602 , -0,02000004 , -73,86412 , 118,64
-14,16337 , -0,02000004 , -73,89088 , 118,66
-14,16674 , -0,02000004 , -73,91772 , 118,68
-14,17033 , -0,02000022 , -73,94457 , 118,7
-14,17418 , -0,02000016 , -73,97133 , 118,72
-14,17833 , -0,01999998 , -73,99792 , 118,74
-14,18277 , -0,01999998 , -74,02438 , 118,76
-14,18752 , -0,01999998 , -74,05067 , 118,78
-14,19253 , -0,01999998 , -74,07684 , 118,8
-14,1978 , -0,01999998 , -74,10286 , 118,82
-14,20328 , -0,01999998 , -74,12876 , 118,84
-14,20897 , -0,01999998 , -74,15453 , 118,86
-14,21482 , -0,01999998 , -74,18018 , 118,88
-14,22085 , -0,01999998 , -74,20572 , 118,9
-14,22702 , -0,01999998 , -74,23115 , 118,92
-14,23333 , -0,01999998 , -74,25647 , 118,94
-14,23977 , -0,01999998 , -74,28169 , 118,96
-14,24633 , -0,01999998 , -74,30682 , 118,98
-14,25298 , -0,01999998 , -74,33183 , 119
-14,25973 , -0,01999998 , -74,35675 , 119,02
-14,26656 , -0,0200001 , -74,38156 , 119,04
-14,27346 , -0,02000004 , -74,40627 , 119,06
-14,28042 , -0,02000004 , -74,43087 , 119,08
-14,28743 , -0,02000004 , -74,45536 , 119,1
-14,29451 , -0,02000004 , -74,47975 , 119,12
-14,30165 , -0,02000004 , -74,50404 , 119,14
-14,30876 , -0,02000004 , -74,52818 , 119,16
-14,31588 , -0,02000022 , -74,55214 , 119,18
-14,32304 , -0,02000016 , -74,57591 , 119,2
-14,33027 , -0,02000016 , -74,59939 , 119,22
-14,33761 , -0,0200001 , -74,62253 , 119,24
-14,34505 , -0,0200001 , -74,64532 , 119,26
-14,35256 , -0,02000004 , -74,66779 , 119,28
-14,36015 , -0,02000016 , -74,68993 , 119,3
-14,3678 , -0,01999998 , -74,71178 , 119,32
-14,3755 , -0,01999998 , -74,73334 , 119,34
-14,38324 , -0,01999998 , -74,75462 , 119,36
-14,39101 , -0,0200001 , -74,77563 , 119,38
-14,39881 , -0,02000004 , -74,79636 , 119,4
-14,40662 , -0,02000016 , -74,81684 , 119,42
-14,41445 , -0,01999998 , -74,83707 , 119,44
-14,42237 , -0,01999998 , -74,85712 , 119,46
-14,43034 , -0,0200001 , -74,87697 , 119,48
-14,43833 , -0,0200001 , -74,89659 , 119,5
-14,4463 , -0,02000004 , -74,91596 , 119,52
-14,45455 , -0,02000004 , -74,93536 , 119,54
-14,46279 , -0,02000004 , -74,95454 , 119,56
-14,47113 , -0,02000004 , -74,97359 , 119,58
-14,47958 , -0,02000004 , -74,99255 , 119,6
-14,4881 , -0,02000004 , -75,01139 , 119,62
-14,49671 , -0,02000004 , -75,03013 , 119,64
-14,50543 , -0,01999998 , -75,0488 , 119,66
-14,51426 , -0,0200001 , -75,06741 , 119,68
-14,52321 , -0,02000004 , -75,08599 , 119,7
-14,53227 , -0,02000004 , -75,10453 , 119,72
-14,54145 , -0,02000016 , -75,12305 , 119,74
-14,55074 , -0,01999998 , -75,14156 , 119,76
-14,56015 , -0,01999998 , -75,16007 , 119,78
-14,56967 , -0,01999998 , -75,1786 , 119,8
-14,5793 , -0,01999998 , -75,19716 , 119,82
-14,58904 , -0,0200001 , -75,21574 , 119,84
-14,59889 , -0,0200001 , -75,23438 , 119,86
-14,6089 , -0,01999992 , -75,253 , 119,88
-14,61915 , -0,02000004 , -75,27152 , 119,9
-14,62968 , -0,02000022 , -75,28988 , 119,92
-14,64051 , -0,02000004 , -75,30806 , 119,94
-14,65161 , -0,01999998 , -75,32607 , 119,96
-14,66298 , -0,01999998 , -75,34394 , 119,98
-14,6746 , -0,01999998 , -75,36169 , 120
-14,68645 , -0,0200001 , -75,37935 , 120,02
-14,69853 , -0,02000004 , -75,3969 , 120,04
-14,71073 , -0,02000004 , -75,41451 , 120,06
-14,72303 , -0,02000004 , -75,43221 , 120,08
-14,73546 , -0,02000004 , -75,44997 , 120,1
-14,74793 , -0,02000004 , -75,46789 , 120,12
-14,76032 , -0,02000004 , -75,48597 , 120,14
-14,7727 , -0,02000004 , -75,50424 , 120,16
-14,78513 , -0,02000016 , -75,52281 , 120,18
-14,79758 , -0,0200001 , -75,54162 , 120,2
-14,81005 , -0,0200001 , -75,56069 , 120,22
-14,82269 , -0,02000004 , -75,57988 , 120,24
-14,83566 , -0,02000004 , -75,59928 , 120,26
-14,84867 , -0,02000004 , -75,61873 , 120,28
-14,86029 , -0,02000004 , -75,63567 , 120,3
-14,87046 , -0,02000004 , -75,65055 , 120,32
-14,87919 , -0,02000004 , -75,66353 , 120,34
-14,88662 , -0,02000004 , -75,67478 , 120,36
-14,89289 , -0,02000004 , -75,68449 , 120,38
-14,8981 , -0,02000004 , -75,69279 , 120,4
-14,90237 , -0,02000004 , -75,69985 , 120,42
-14,90579 , -0,02000004 , -75,70578 , 120,44
-14,90844 , -0,02000004 , -75,71069 , 120,46
-14,91013 , -0,02000004 , -75,71426 , 120,48
-14,91121 , -0,02000004 , -75,71663 , 120,5
-14,9119 , -0,02000004 , -75,71814 , 120,52
-14,91213 , -0,02000004 , -75,71866 , 120,54
-14,91214 , -0,02000004 , -75,71868 , 120,56
-14,91205 , -0,02000004 , -75,71848 , 120,58
-14,91192 , -0,02000004 , -75,71819 , 120,6
-14,91178 , -0,02000004 , -75,71789 , 120,62
-14,91166 , -0,02000004 , -75,71762 , 120,64
-14,91156 , -0,02000004 , -75,7174 , 120,66
-14,91148 , -0,02000004 , -75,71722 , 120,68
-14,91141 , -0,02000004 , -75,71707 , 120,7
-14,91136 , -0,02000004 , -75,71696 , 120,72
-14,91132 , -0,02000004 , -75,71687 , 120,74
-14,91129 , -0,02000004 , -75,71681 , 120,76
-14,91127 , -0,02000004 , -75,71677 , 120,78
-14,91125 , -0,02000004 , -75,71673 , 120,8
-14,91124 , -0,02000004 , -75,7167 , 120,82
-14,91123 , -0,02000004 , -75,71668 , 120,84
-14,91123 , -0,02000004 , -75,71667 , 120,86
-14,91122 , -0,02000004 , -75,71666 , 120,88
-14,91122 , -0,02000004 , -75,71665 , 120,9
-14,91122 , -0,02000004 , -75,71664 , 120,92
-14,91121 , -0,02000004 , -75,71664 , 120,94
-14,91121 , -0,02000004 , -75,71664 , 120,96
-14,91121 , -0,02000004 , -75,71664 , 120,98
-14,91121 , -0,02000004 , -75,71664 , 121
-14,91121 , -0,02000004 , -75,71664 , 121,02
-14,91121 , -0,02000004 , -75,71664 , 121,04
-14,91121 , -0,02000004 , -75,71664 , 121,06
-14,91121 , -0,02000004 , -75,71664 , 121,08
-14,91121 , -0,02000004 , -75,71664 , 121,1
-14,91121 , -0,02000004 , -75,71664 , 121,12
-14,91121 , -0,02000004 , -75,71664 , 121,14
-14,91121 , -0,02000004 , -75,71664 , 121,16
-14,91121 , -0,02000004 , -75,71664 , 121,18
-14,91121 , -0,02000004 , -75,71664 , 121,2
-14,91121 , -0,02000004 , -75,71664 , 121,22
-14,91121 , -0,02000004 , -75,71664 , 121,24
-14,91121 , -0,02000004 , -75,71664 , 121,26
-14,91121 , -0,02000004 , -75,71664 , 121,28
-14,91121 , -0,02000004 , -75,71664 , 121,3
-14,91121 , -0,02000004 , -75,71664 , 121,32
-14,91121 , -0,02000004 , -75,71664 , 121,34
-14,91121 , -0,02000004 , -75,71664 , 121,36
-14,91121 , -0,02000004 , -75,71664 , 121,38
-14,91121 , -0,02000004 , -75,71664 , 121,4
-14,91121 , -0,02000004 , -75,71664 , 121,42
-14,91314 , -0,01999998 , -75,70628 , 121,44
-14,91673 , -0,01999998 , -75,68658 , 121,46
-14,92188 , -0,01999998 , -75,65851 , 121,48
-14,92841 , -0,0200001 , -75,62288 , 121,5
-14,93626 , -0,02000004 , -75,58047 , 121,52
-14,9453 , -0,02000016 , -75,53197 , 121,54
-14,95543 , -0,01999998 , -75,47799 , 121,56
-14,96653 , -0,0200001 , -75,41907 , 121,58
-14,97851 , -0,02000004 , -75,3557 , 121,6
-14,99128 , -0,02000016 , -75,28833 , 121,62
-15,00192 , -0,02000016 , -75,22855 , 121,64
-15,01066 , -0,02000016 , -75,17559 , 121,66
-15,01767 , -0,02000016 , -75,12878 , 121,68
-15,02313 , -0,02000016 , -75,08749 , 121,7
-15,0272 , -0,02000016 , -75,05119 , 121,72
-15,03002 , -0,02000016 , -75,01936 , 121,74
-15,03181 , -0,02000016 , -74,99155 , 121,76
-15,03296 , -0,02000016 , -74,96738 , 121,78
-15,03368 , -0,02000016 , -74,94648 , 121,8
-15,03415 , -0,02000016 , -74,92851 , 121,82
-15,03444 , -0,02000016 , -74,91319 , 121,84
-15,03463 , -0,02000016 , -74,90024 , 121,86
-15,03475 , -0,02000016 , -74,88943 , 121,88
-15,03483 , -0,02000016 , -74,88056 , 121,9
-15,03488 , -0,02000016 , -74,87342 , 121,92
-15,03491 , -0,02000016 , -74,86784 , 121,94
-15,03493 , -0,02000016 , -74,86367 , 121,96
-15,03494 , -0,02000016 , -74,86076 , 121,98
-15,03495 , -0,02000016 , -74,85891 , 122
-15,03495 , -0,02000016 , -74,85809 , 122,02
-15,03496 , -0,02000016 , -74,85733 , 122,04
-15,03496 , -0,02000016 , -74,85707 , 122,06
-15,03496 , -0,02000016 , -74,85706 , 122,08
-15,03496 , -0,02000016 , -74,85717 , 122,1
-15,03496 , -0,02000016 , -74,85732 , 122,12
-15,03496 , -0,02000016 , -74,85746 , 122,14
-15,04432 , -0,02000016 , -74,86235 , 122,16
-15,06053 , -0,0200001 , -74,87385 , 122,18
-15,08191 , -0,0200001 , -74,89222 , 122,2
-15,10756 , -0,02000004 , -74,91706 , 122,22
-15,13674 , -0,02000016 , -74,94795 , 122,24
-15,16853 , -0,0200001 , -74,98464 , 122,26
-15,20274 , -0,02000004 , -75,0265 , 122,28
-15,23941 , -0,02000004 , -75,07283 , 122,3
-15,26048 , -0,02000004 , -75,11026 , 122,32
-15,27683 , -0,02000004 , -75,14377 , 122,34
-15,28669 , -0,02000004 , -75,17119 , 122,36
-15,29919 , -0,02000004 , -75,19843 , 122,38
-15,31094 , -0,02000004 , -75,22276 , 122,4
-15,32049 , -0,02000004 , -75,24331 , 122,42
-15,33058 , -0,02000004 , -75,26196 , 122,44
-15,34155 , -0,02000004 , -75,2792 , 122,46
-15,35316 , -0,02000004 , -75,29496 , 122,48
-15,36496 , -0,02000004 , -75,30908 , 122,5
-15,37735 , -0,02000004 , -75,32204 , 122,52
-15,39033 , -0,02000004 , -75,33393 , 122,54
-15,40385 , -0,02000004 , -75,3448 , 122,56
-15,41778 , -0,02000004 , -75,35466 , 122,58
-15,43211 , -0,02000004 , -75,36353 , 122,6
-15,44671 , -0,02000004 , -75,37169 , 122,62
-15,46159 , -0,02000004 , -75,3792 , 122,64
-15,4767 , -0,02000004 , -75,38621 , 122,66
-15,49204 , -0,02000004 , -75,39272 , 122,68
-15,50756 , -0,02000004 , -75,39881 , 122,7
-15,52327 , -0,02000004 , -75,4045 , 122,72
-15,53913 , -0,02000022 , -75,40982 , 122,74
-15,55516 , -0,02000004 , -75,41478 , 122,76
-15,57133 , -0,02000004 , -75,41941 , 122,78
-15,58764 , -0,01999998 , -75,42373 , 122,8
-15,60407 , -0,01999998 , -75,42774 , 122,82
-15,62064 , -0,01999998 , -75,43146 , 122,84
-15,63733 , -0,01999998 , -75,43488 , 122,86
-15,65414 , -0,01999998 , -75,43803 , 122,88
-15,67107 , -0,01999998 , -75,44093 , 122,9
-15,68809 , -0,01999998 , -75,44357 , 122,92
-15,70522 , -0,0200001 , -75,44598 , 122,94
-15,72244 , -0,0200001 , -75,44817 , 122,96
-15,73974 , -0,02000022 , -75,45015 , 122,98
-15,75713 , -0,02000016 , -75,45193 , 123
-15,77459 , -0,0200001 , -75,45352 , 123,02
-15,79213 , -0,0200001 , -75,45493 , 123,04
-15,80973 , -0,02000004 , -75,45618 , 123,06
-15,8274 , -0,02000004 , -75,45726 , 123,08
-15,84513 , -0,02000004 , -75,45824 , 123,1
-15,86292 , -0,02000004 , -75,4591 , 123,12
-15,88074 , -0,02000004 , -75,45985 , 123,14
-15,89862 , -0,01999998 , -75,4605 , 123,16
-15,91655 , -0,01999998 , -75,46104 , 123,18
-15,93452 , -0,02000016 , -75,46152 , 123,2
-15,95252 , -0,0200001 , -75,46194 , 123,22
-15,97055 , -0,02000004 , -75,46232 , 123,24
-15,98861 , -0,02000004 , -75,46266 , 123,26
-16,0067 , -0,02000004 , -75,46298 , 123,28
-16,02482 , -0,02000016 , -75,46329 , 123,3
-16,04296 , -0,0200001 , -75,46357 , 123,32
-16,06112 , -0,02000004 , -75,46384 , 123,34
-16,07931 , -0,02000004 , -75,4641 , 123,36
-16,09752 , -0,02000004 , -75,46436 , 123,38
-16,11575 , -0,02000004 , -75,46461 , 123,4
-16,134 , -0,02000004 , -75,46485 , 123,42
-16,15227 , -0,02000004 , -75,4651 , 123,44
-16,17056 , -0,02000004 , -75,46533 , 123,46
-16,18887 , -0,02000004 , -75,46557 , 123,48
-16,2072 , -0,02000016 , -75,46581 , 123,5
-16,22553 , -0,01999998 , -75,46604 , 123,52
-16,24389 , -0,0200001 , -75,46628 , 123,54
-16,26226 , -0,0200001 , -75,46651 , 123,56
-16,28065 , -0,0200001 , -75,46675 , 123,58
-16,29905 , -0,0200001 , -75,46699 , 123,6
-16,31747 , -0,0200001 , -75,46723 , 123,62
-16,3359 , -0,02000004 , -75,46748 , 123,64
-16,35434 , -0,02000004 , -75,46772 , 123,66
-16,37279 , -0,02000004 , -75,46796 , 123,68
-16,39125 , -0,02000004 , -75,46821 , 123,7
-16,40973 , -0,01999998 , -75,46845 , 123,72
-16,42822 , -0,01999998 , -75,4687 , 123,74
-16,44672 , -0,02000016 , -75,46896 , 123,76
-16,46523 , -0,02000016 , -75,46921 , 123,78
-16,48375 , -0,01999998 , -75,46946 , 123,8
-16,50228 , -0,0200001 , -75,46971 , 123,82
-16,52082 , -0,0200001 , -75,46996 , 123,84
-16,53937 , -0,02000004 , -75,47022 , 123,86
-16,55792 , -0,02000004 , -75,47048 , 123,88
-16,57649 , -0,02000004 , -75,47074 , 123,9
-16,59507 , -0,02000004 , -75,471 , 123,92
-16,61365 , -0,02000004 , -75,47126 , 123,94
-16,63224 , -0,01999998 , -75,47152 , 123,96
-16,65084 , -0,0200001 , -75,47178 , 123,98
-16,66945 , -0,0200001 , -75,47205 , 124
-16,68807 , -0,02000004 , -75,47231 , 124,02
-16,7067 , -0,01999998 , -75,47258 , 124,04
-16,72533 , -0,01999998 , -75,47284 , 124,06
-16,74398 , -0,0200001 , -75,4731 , 124,08
-16,76264 , -0,02000004 , -75,47336 , 124,1
-16,78135 , -0,02000004 , -75,47353 , 124,12
-16,80022 , -0,02000004 , -75,4734 , 124,14
-16,81931 , -0,02000004 , -75,47271 , 124,16
-16,83872 , -0,02000004 , -75,47077 , 124,18
-16,85848 , -0,02000004 , -75,46718 , 124,2
-16,87856 , -0,02000022 , -75,4616 , 124,22
-16,89894 , -0,02000022 , -75,45403 , 124,24
-16,91935 , -0,02000016 , -75,44443 , 124,26
-16,93957 , -0,01999998 , -75,43288 , 124,28
-16,95955 , -0,0200001 , -75,41954 , 124,3
-16,9793 , -0,0200001 , -75,40456 , 124,32
-16,99882 , -0,0200001 , -75,38809 , 124,34
-17,01814 , -0,0200001 , -75,3703 , 124,36
-17,03728 , -0,02000004 , -75,35131 , 124,38
-17,05714 , -0,02000004 , -75,32975 , 124,4
-17,07763 , -0,02000022 , -75,30588 , 124,42
-17,0987 , -0,02000004 , -75,27992 , 124,44
-17,12029 , -0,02000004 , -75,25209 , 124,46
-17,14233 , -0,02000004 , -75,22257 , 124,48
-17,1648 , -0,02000016 , -75,19154 , 124,5
-17,19014 , -0,0200001 , -75,15459 , 124,52
-17,21797 , -0,02000004 , -75,11227 , 124,54
-17,24782 , -0,02000004 , -75,06497 , 124,56
-17,27927 , -0,02000004 , -75,01308 , 124,58
-17,31196 , -0,01999998 , -74,95696 , 124,6
-17,34566 , -0,01999998 , -74,89698 , 124,62
-17,38016 , -0,01999998 , -74,83346 , 124,64
-17,41526 , -0,02000016 , -74,76671 , 124,66
-17,45073 , -0,02000016 , -74,69696 , 124,68
-17,48639 , -0,02000016 , -74,62447 , 124,7
-17,52208 , -0,0200001 , -74,54943 , 124,72
-17,5577 , -0,0200001 , -74,47207 , 124,74
-17,59318 , -0,02000004 , -74,39259 , 124,76
-17,6285 , -0,02000016 , -74,31117 , 124,78
-17,66368 , -0,02000016 , -74,22804 , 124,8
-17,69871 , -0,02000016 , -74,14333 , 124,82
-17,73356 , -0,01999998 , -74,05719 , 124,84
-17,76826 , -0,0200001 , -73,96977 , 124,86
-17,80279 , -0,02000004 , -73,88119 , 124,88
-17,83712 , -0,02000004 , -73,79154 , 124,9
-17,87125 , -0,02000004 , -73,70092 , 124,92
-17,90513 , -0,01999998 , -73,60941 , 124,94
-17,93877 , -0,01999998 , -73,51708 , 124,96
-17,97214 , -0,0200001 , -73,424 , 124,98
-18,00524 , -0,0200001 , -73,33024 , 125
-18,03799 , -0,0200001 , -73,23582 , 125,02
-18,07036 , -0,0200001 , -73,14079 , 125,04
-18,10233 , -0,0200001 , -73,04518 , 125,06
-18,13386 , -0,02000004 , -72,94904 , 125,08
-18,16492 , -0,02000004 , -72,85239 , 125,1
-18,19553 , -0,02000004 , -72,75526 , 125,12
-18,22566 , -0,02000004 , -72,6577 , 125,14
-18,25533 , -0,02000004 , -72,55972 , 125,16
-18,28456 , -0,02000016 , -72,46137 , 125,18
-18,31335 , -0,02000016 , -72,36267 , 125,2
-18,34173 , -0,02000016 , -72,26365 , 125,22
-18,36974 , -0,02000016 , -72,16434 , 125,24
-18,39739 , -0,02000016 , -72,06476 , 125,26
-18,42473 , -0,0200001 , -71,96494 , 125,28
-18,45177 , -0,02000004 , -71,86491 , 125,3
-18,47853 , -0,02000004 , -71,76467 , 125,32
-18,50503 , -0,02000004 , -71,66425 , 125,34
-18,5313 , -0,02000022 , -71,56367 , 125,36
-18,55734 , -0,02000004 , -71,46293 , 125,38
-18,58316 , -0,01999998 , -71,36205 , 125,4
-18,60888 , -0,0200001 , -71,26108 , 125,42
-18,6347 , -0,0200001 , -71,16007 , 125,44
-18,66083 , -0,02000004 , -71,05911 , 125,46
-18,68732 , -0,02000004 , -70,95822 , 125,48
-18,71411 , -0,02000004 , -70,85738 , 125,5
-18,74116 , -0,02000016 , -70,7566 , 125,52
-18,76845 , -0,01999998 , -70,65585 , 125,54
-18,79595 , -0,01999998 , -70,55514 , 125,56
-18,82362 , -0,01999998 , -70,45445 , 125,58
-18,85145 , -0,01999998 , -70,3538 , 125,6
-18,87942 , -0,01999998 , -70,25316 , 125,62
-18,9075 , -0,0200001 , -70,15254 , 125,64
-18,9357 , -0,02000004 , -70,05194 , 125,66
-18,96398 , -0,02000004 , -69,95135 , 125,68
-18,99234 , -0,02000004 , -69,85077 , 125,7
-19,02066 , -0,02000004 , -69,75016 , 125,72
-19,04881 , -0,02000004 , -69,64948 , 125,74
-19,07667 , -0,02000016 , -69,5487 , 125,76
-19,10413 , -0,0200001 , -69,44778 , 125,78
-19,13116 , -0,0200001 , -69,34671 , 125,8
-19,15778 , -0,0200001 , -69,24551 , 125,82
-19,18404 , -0,02000004 , -69,1442 , 125,84
-19,20997 , -0,02000004 , -69,04277 , 125,86
-19,23559 , -0,02000016 , -68,94125 , 125,88
-19,26094 , -0,01999998 , -68,83963 , 125,9
-19,28604 , -0,0200001 , -68,73793 , 125,92
-19,3109 , -0,0200001 , -68,63615 , 125,94
-19,33555 , -0,02000004 , -68,53431 , 125,96
-19,36 , -0,01999998 , -68,4324 , 125,98
-19,38427 , -0,01999998 , -68,33044 , 126
-19,40836 , -0,01999998 , -68,22842 , 126,02
-19,4323 , -0,0200001 , -68,12634 , 126,04
-19,45609 , -0,02000004 , -68,02422 , 126,06
-19,47974 , -0,02000004 , -67,92206 , 126,08
-19,50326 , -0,02000004 , -67,81985 , 126,1
-19,52666 , -0,02000016 , -67,71761 , 126,12
-19,54995 , -0,01999998 , -67,61533 , 126,14
-19,57312 , -0,0200001 , -67,51302 , 126,16
-19,5962 , -0,0200001 , -67,41068 , 126,18
-19,61917 , -0,0200001 , -67,30831 , 126,2
-19,64205 , -0,0200001 , -67,20591 , 126,22
-19,66484 , -0,02000004 , -67,10348 , 126,24
-19,68755 , -0,02000016 , -67,00102 , 126,26
-19,71018 , -0,02000016 , -66,89854 , 126,28
-19,73273 , -0,01999998 , -66,79604 , 126,3
-19,7552 , -0,0200001 , -66,69352 , 126,32
-19,77761 , -0,02000004 , -66,59097 , 126,34
-19,79994 , -0,02000016 , -66,48841 , 126,36
-19,82221 , -0,02000016 , -66,38583 , 126,38
-19,84441 , -0,02000016 , -66,28323 , 126,4
-19,86655 , -0,0200001 , -66,1806 , 126,42
-19,88864 , -0,0200001 , -66,07796 , 126,44
-19,9106 , -0,02000004 , -65,9753 , 126,46
-19,93233 , -0,02000004 , -65,87257 , 126,48
-19,95376 , -0,02000004 , -65,76975 , 126,5
-19,9748 , -0,02000016 , -65,66684 , 126,52
-19,99532 , -0,0200001 , -65,5638 , 126,54
-20,01512 , -0,0200001 , -65,4606 , 126,56
-20,03396 , -0,02000004 , -65,35719 , 126,58
-20,05171 , -0,02000004 , -65,25355 , 126,6
-20,06823 , -0,02000004 , -65,14968 , 126,62
-20,08342 , -0,02000004 , -65,04558 , 126,64
-20,0972 , -0,02000004 , -64,94125 , 126,66
-20,10943 , -0,01999998 , -64,83669 , 126,68
-20,11995 , -0,01999998 , -64,73192 , 126,7
-20,12876 , -0,0200001 , -64,62695 , 126,72
-20,13596 , -0,02000004 , -64,52179 , 126,74
-20,14164 , -0,02000004 , -64,41647 , 126,76
-20,14594 , -0,02000004 , -64,311 , 126,78
-20,14898 , -0,02000004 , -64,20541 , 126,8
-20,15091 , -0,02000004 , -64,09969 , 126,82
-20,15212 , -0,02000004 , -63,99386 , 126,84
-20,15285 , -0,02000004 , -63,88794 , 126,86
-20,15326 , -0,02000016 , -63,78193 , 126,88
-20,15345 , -0,0200001 , -63,67585 , 126,9
-20,15349 , -0,0200001 , -63,56969 , 126,92
-20,15348 , -0,02000004 , -63,46347 , 126,94
-20,1537 , -0,02000004 , -63,3572 , 126,96
-20,15425 , -0,02000004 , -63,25089 , 126,98
-20,15517 , -0,02000004 , -63,14456 , 127
-20,15629 , -0,02000004 , -63,03821 , 127,02
-20,15754 , -0,01999998 , -62,93184 , 127,04
-20,15885 , -0,0200001 , -62,82545 , 127,06
-20,16019 , -0,02000004 , -62,71904 , 127,08
-20,16154 , -0,01999998 , -62,61262 , 127,1
-20,16289 , -0,01999998 , -62,50618 , 127,12
-20,16423 , -0,01999998 , -62,39972 , 127,14
-20,16555 , -0,01999998 , -62,29325 , 127,16
-20,16685 , -0,01999998 , -62,18677 , 127,18
-20,16813 , -0,0200001 , -62,08028 , 127,2
-20,16939 , -0,0200001 , -61,97377 , 127,22
-20,17063 , -0,02000004 , -61,86724 , 127,24
-20,17184 , -0,02000004 , -61,76071 , 127,26
-20,17304 , -0,02000004 , -61,65417 , 127,28
-20,17422 , -0,02000016 , -61,54762 , 127,3
-20,17537 , -0,0200001 , -61,44106 , 127,32
-20,17651 , -0,02000004 , -61,33449 , 127,34
-20,17763 , -0,02000016 , -61,22791 , 127,36
-20,17873 , -0,0200001 , -61,12132 , 127,38
-20,17982 , -0,0200001 , -61,01473 , 127,4
-20,18089 , -0,0200001 , -60,90813 , 127,42
-20,18194 , -0,02000004 , -60,80152 , 127,44
-20,18298 , -0,02000004 , -60,6949 , 127,46
-20,184 , -0,02000004 , -60,58828 , 127,48
-20,18501 , -0,02000004 , -60,48166 , 127,5
-20,186 , -0,02000004 , -60,37502 , 127,52
-20,18699 , -0,02000004 , -60,26839 , 127,54
-20,18796 , -0,02000004 , -60,16174 , 127,56
-20,18892 , -0,02000004 , -60,0551 , 127,58
-20,18987 , -0,02000016 , -59,94844 , 127,6
-20,1908 , -0,01999998 , -59,84179 , 127,62
-20,19173 , -0,01999998 , -59,73513 , 127,64
-20,19264 , -0,01999998 , -59,62847 , 127,66
-20,19355 , -0,0200001 , -59,5218 , 127,68
-20,19445 , -0,02000004 , -59,41513 , 127,7
-20,19533 , -0,02000004 , -59,30846 , 127,72
-20,19621 , -0,02000004 , -59,20178 , 127,74
-20,19708 , -0,02000004 , -59,0951 , 127,76
-20,19794 , -0,02000004 , -58,98842 , 127,78
-20,19879 , -0,02000004 , -58,88173 , 127,8
-20,19964 , -0,02000004 , -58,77504 , 127,82
-20,20048 , -0,02000004 , -58,66835 , 127,84
-20,20131 , -0,02000004 , -58,56166 , 127,86
-20,20213 , -0,02000004 , -58,45497 , 127,88
-20,20295 , -0,01999998 , -58,34827 , 127,9
-20,20376 , -0,01999998 , -58,24157 , 127,92
-20,20449 , -0,01999998 , -58,13487 , 127,94
-20,20492 , -0,01999998 , -58,02816 , 127,96
-20,20491 , -0,01999998 , -57,92144 , 127,98
-20,20449 , -0,01999998 , -57,81474 , 128
-20,20373 , -0,01999998 , -57,70805 , 128,02
-20,20268 , -0,01999998 , -57,60138 , 128,04
-20,20139 , -0,0200001 , -57,49472 , 128,06
-20,19985 , -0,01999992 , -57,38811 , 128,08
-20,19801 , -0,01999992 , -57,28154 , 128,1
-20,19561 , -0,0200001 , -57,17506 , 128,12
-20,19218 , -0,0200001 , -57,06874 , 128,14
-20,18711 , -0,0200001 , -56,96273 , 128,16
-20,17994 , -0,02000004 , -56,85717 , 128,18
-20,17021 , -0,02000004 , -56,75226 , 128,2
-20,15783 , -0,02000004 , -56,64806 , 128,22
-20,1426 , -0,02000004 , -56,54471 , 128,24
-20,1245 , -0,02000004 , -56,44228 , 128,26
-20,10353 , -0,01999998 , -56,34082 , 128,28
-20,07979 , -0,01999998 , -56,24035 , 128,3
-20,05333 , -0,02000016 , -56,1409 , 128,32
-20,02418 , -0,01999998 , -56,04251 , 128,34
-19,9924 , -0,01999998 , -55,94522 , 128,36
-19,95806 , -0,0200001 , -55,84904 , 128,38
-19,92125 , -0,0200001 , -55,75399 , 128,4
-19,88203 , -0,02000004 , -55,66009 , 128,42
-19,8405 , -0,02000004 , -55,56733 , 128,44
-19,79669 , -0,02000004 , -55,47576 , 128,46
-19,75067 , -0,02000004 , -55,38539 , 128,48
-19,70238 , -0,02000004 , -55,29634 , 128,5
-19,65178 , -0,02000004 , -55,20874 , 128,52
-19,59877 , -0,02000004 , -55,12277 , 128,54
-19,54334 , -0,02000004 , -55,03854 , 128,56
-19,48538 , -0,02000004 , -54,95627 , 128,58
-19,42475 , -0,02000022 , -54,87629 , 128,6
-19,3612 , -0,02000004 , -54,79914 , 128,62
-19,29467 , -0,02000004 , -54,72515 , 128,64
-19,22503 , -0,02000004 , -54,6549 , 128,66
-19,15239 , -0,02000004 , -54,58855 , 128,68
-19,07689 , -0,01999998 , -54,52614 , 128,7
-18,99878 , -0,01999998 , -54,46741 , 128,72
-18,91829 , -0,01999998 , -54,41208 , 128,74
-18,83565 , -0,01999998 , -54,35988 , 128,76
-18,75104 , -0,0200001 , -54,31057 , 128,78
-18,66463 , -0,02000004 , -54,26392 , 128,8
-18,5766 , -0,02000004 , -54,21976 , 128,82
-18,48708 , -0,02000004 , -54,1779 , 128,84
-18,39621 , -0,01999998 , -54,1382 , 128,86
-18,30408 , -0,01999998 , -54,1005 , 128,88
-18,21083 , -0,0200001 , -54,0647 , 128,9
-18,11653 , -0,02000004 , -54,03067 , 128,92
-18,02128 , -0,02000004 , -53,99828 , 128,94
-17,92515 , -0,02000004 , -53,96748 , 128,96
-17,82823 , -0,02000004 , -53,93816 , 128,98
-17,73056 , -0,02000004 , -53,91024 , 129
-17,63222 , -0,02000004 , -53,88366 , 129,02
-17,53325 , -0,02000004 , -53,85834 , 129,04
-17,43371 , -0,02000004 , -53,83427 , 129,06
-17,33362 , -0,02000004 , -53,81139 , 129,08
-17,23305 , -0,02000004 , -53,78966 , 129,1
-17,13201 , -0,02000004 , -53,76903 , 129,12
-17,03054 , -0,02000004 , -53,74953 , 129,14
-16,92861 , -0,02000004 , -53,73149 , 129,16
-16,82624 , -0,02000004 , -53,71519 , 129,18
-16,72345 , -0,02000004 , -53,70073 , 129,2
-16,62027 , -0,02000004 , -53,68799 , 129,22
-16,51674 , -0,02000004 , -53,67687 , 129,24
-16,41291 , -0,01999998 , -53,66719 , 129,26
-16,3088 , -0,01999998 , -53,65862 , 129,28
-16,20445 , -0,0200001 , -53,65096 , 129,3
-16,09988 , -0,02000004 , -53,64414 , 129,32
-15,99512 , -0,02000004 , -53,63811 , 129,34
-15,89018 , -0,02000004 , -53,63282 , 129,36
-15,78508 , -0,02000004 , -53,62822 , 129,38
-15,67983 , -0,02000004 , -53,62421 , 129,4
-15,57445 , -0,02000004 , -53,62078 , 129,42
-15,46895 , -0,02000004 , -53,6179 , 129,44
-15,36334 , -0,02000004 , -53,61552 , 129,46
-15,25764 , -0,01999998 , -53,61351 , 129,48
-15,15185 , -0,02000016 , -53,61172 , 129,5
-15,04598 , -0,01999998 , -53,61007 , 129,52
-14,94005 , -0,01999998 , -53,60851 , 129,54
-14,83405 , -0,0200001 , -53,60705 , 129,56
-14,72799 , -0,0200001 , -53,60568 , 129,58
-14,62188 , -0,0200001 , -53,6044 , 129,6
-14,51571 , -0,0200001 , -53,60321 , 129,62
-14,40949 , -0,02000004 , -53,60211 , 129,64
-14,30323 , -0,02000004 , -53,60109 , 129,66
-14,19692 , -0,02000004 , -53,60014 , 129,68
-14,09058 , -0,02000004 , -53,59928 , 129,7
-13,98419 , -0,02000004 , -53,59849 , 129,72
-13,87777 , -0,02000004 , -53,59776 , 129,74
-13,77132 , -0,02000004 , -53,59705 , 129,76
-13,66485 , -0,02000004 , -53,59634 , 129,78
-13,55835 , -0,01999986 , -53,59562 , 129,8
-13,45183 , -0,01999998 , -53,59487 , 129,82
-13,3453 , -0,0200001 , -53,59407 , 129,84
-13,23875 , -0,0200001 , -53,59324 , 129,86
-13,13219 , -0,02000004 , -53,59238 , 129,88
-13,02561 , -0,02000004 , -53,5915 , 129,9
-12,91903 , -0,02000004 , -53,5906 , 129,92
-12,81244 , -0,02000004 , -53,58968 , 129,94
-12,70584 , -0,02000004 , -53,58871 , 129,96
-12,59924 , -0,02000004 , -53,58768 , 129,98
-12,49264 , -0,02000004 , -53,58657 , 130
-12,38604 , -0,02000004 , -53,58534 , 130,02
-12,27946 , -0,02000004 , -53,58398 , 130,04
-12,17289 , -0,02000004 , -53,58245 , 130,06
-12,06635 , -0,02000004 , -53,58075 , 130,08
-11,95986 , -0,02000004 , -53,57874 , 130,1
-11,85345 , -0,02000004 , -53,5762 , 130,12
-11,74713 , -0,02000004 , -53,573 , 130,14
-11,64094 , -0,02000004 , -53,56902 , 130,16
-11,53489 , -0,02000004 , -53,56413 , 130,18
-11,42902 , -0,02000004 , -53,55816 , 130,2
-11,32339 , -0,02000004 , -53,55085 , 130,22
-11,21808 , -0,02000004 , -53,54202 , 130,24
-11,11314 , -0,02000004 , -53,53147 , 130,26
-11,00866 , -0,02000004 , -53,51903 , 130,28
-10,90475 , -0,02000004 , -53,50446 , 130,3
-10,80156 , -0,01999998 , -53,48747 , 130,32
-10,6992 , -0,01999998 , -53,46793 , 130,34
-10,59778 , -0,01999998 , -53,44571 , 130,36
-10,4975 , -0,0200001 , -53,42058 , 130,38
-10,39861 , -0,02000022 , -53,39225 , 130,4
-10,30137 , -0,02000016 , -53,36051 , 130,42
-10,20589 , -0,02000016 , -53,32537 , 130,44
-10,11221 , -0,01999998 , -53,28691 , 130,46
-10,02032 , -0,01999998 , -53,24528 , 130,48
-9,930133 , -0,0200001 , -53,20069 , 130,5
-9,84154 , -0,02000004 , -53,15339 , 130,52
-9,754417 , -0,02000004 , -53,1036 , 130,54
-9,668644 , -0,02000004 , -53,05156 , 130,56
-9,584116 , -0,02000004 , -52,99744 , 130,58
-9,500739 , -0,02000004 , -52,94143 , 130,6
-9,418431 , -0,02000004 , -52,88369 , 130,62
-9,337118 , -0,02000004 , -52,82436 , 130,64
-9,256735 , -0,02000016 , -52,76356 , 130,66
-9,177222 , -0,01999998 , -52,7014 , 130,68
-9,098528 , -0,01999998 , -52,63799 , 130,7
-9,020606 , -0,0200001 , -52,57342 , 130,72
-8,943414 , -0,0200001 , -52,50777 , 130,74
-8,866913 , -0,02000022 , -52,44112 , 130,76
-8,791069 , -0,02000016 , -52,37354 , 130,78
-8,715852 , -0,01999998 , -52,30508 , 130,8
-8,641254 , -0,01999998 , -52,23579 , 130,82
-8,567282 , -0,0200001 , -52,16568 , 130,84
-8,493947 , -0,02000004 , -52,09477 , 130,86
-8,421284 , -0,01999998 , -52,02306 , 130,88
-8,3493 , -0,01999998 , -51,95055 , 130,9
-8,277984 , -0,01999998 , -51,8773 , 130,92
-8,207322 , -0,01999998 , -51,80331 , 130,94
-8,137282 , -0,01999998 , -51,72865 , 130,96
-8,067835 , -0,01999998 , -51,65335 , 130,98
-7,998952 , -0,01999998 , -51,57746 , 131
-7,93061 , -0,01999998 , -51,501 , 131,02
-7,862785 , -0,0200001 , -51,424 , 131,04
-7,795457 , -0,02000004 , -51,3465 , 131,06
-7,728607 , -0,02000004 , -51,26852 , 131,08
-7,662216 , -0,02000004 , -51,19009 , 131,1
-7,596268 , -0,02000004 , -51,11123 , 131,12
-7,530747 , -0,02000004 , -51,03196 , 131,14
-7,465641 , -0,02000004 , -50,95229 , 131,16
-7,400933 , -0,02000004 , -50,87226 , 131,18
-7,336613 , -0,02000004 , -50,79187 , 131,2
-7,272668 , -0,02000004 , -50,71113 , 131,22
-7,209088 , -0,02000004 , -50,63007 , 131,24
-7,145861 , -0,02000004 , -50,5487 , 131,26
-7,082977 , -0,02000016 , -50,46703 , 131,28
-7,020427 , -0,01999998 , -50,38507 , 131,3
-6,958201 , -0,0200001 , -50,30283 , 131,32
-6,896292 , -0,0200001 , -50,22033 , 131,34
-6,83469 , -0,0200001 , -50,13757 , 131,36
-6,773387 , -0,0200001 , -50,05456 , 131,38
-6,712376 , -0,0200001 , -49,97131 , 131,4
-6,65165 , -0,0200001 , -49,88784 , 131,42
-6,591201 , -0,02000022 , -49,80414 , 131,44
-6,531022 , -0,02000004 , -49,72023 , 131,46
-6,471107 , -0,02000004 , -49,6361 , 131,48
-6,411449 , -0,02000004 , -49,55178 , 131,5
-6,352043 , -0,02000004 , -49,46727 , 131,52
-6,292881 , -0,02000022 , -49,38257 , 131,54
-6,233959 , -0,02000016 , -49,29768 , 131,56
-6,17527 , -0,0200001 , -49,21262 , 131,58
-6,123298 , -0,02000004 , -49,13692 , 131,6
-6,07737 , -0,02000004 , -49,06963 , 131,62
-6,036883 , -0,02000004 , -49,00992 , 131,64
-6,001292 , -0,02000004 , -48,95702 , 131,66
-5,970108 , -0,02000004 , -48,91027 , 131,68
-5,942889 , -0,02000004 , -48,86903 , 131,7
-5,91924 , -0,02000004 , -48,83277 , 131,72
-5,898804 , -0,02000004 , -48,80098 , 131,74
-5,881259 , -0,02000004 , -48,77322 , 131,76
-5,866316 , -0,02000004 , -48,74908 , 131,78
-5,853714 , -0,02000004 , -48,7282 , 131,8
-5,843221 , -0,02000004 , -48,71026 , 131,82
-5,834625 , -0,02000004 , -48,69496 , 131,84
-5,827735 , -0,02000004 , -48,68204 , 131,86
-5,822382 , -0,02000004 , -48,67126 , 131,88
-5,818412 , -0,02000004 , -48,6624 , 131,9
-5,815687 , -0,02000004 , -48,65528 , 131,92
-5,81395 , -0,02000004 , -48,64972 , 131,94
-5,812843 , -0,02000004 , -48,64556 , 131,96
-5,812137 , -0,02000004 , -48,64266 , 131,98
-5,811687 , -0,02000004 , -48,64082 , 132
-5,811532 , -0,02000004 , -48,64 , 132,02
-5,811349 , -0,02000004 , -48,63925 , 132,04
-5,811286 , -0,02000004 , -48,63899 , 132,06
-5,811284 , -0,02000004 , -48,63898 , 132,08
-5,811309 , -0,02000004 , -48,63909 , 132,1
-5,811344 , -0,02000004 , -48,63923 , 132,12
-5,81138 , -0,02000004 , -48,63938 , 132,14
-5,811412 , -0,02000004 , -48,63951 , 132,16
-5,811439 , -0,02000004 , -48,63962 , 132,18
-5,811461 , -0,02000004 , -48,63971 , 132,2
-5,811479 , -0,02000004 , -48,63979 , 132,22
-5,811492 , -0,02000004 , -48,63984 , 132,24
-5,811492 , -0,02000004 , -48,63984 , 132,26
-5,811492 , -0,02000004 , -48,63984 , 132,28
-5,811492 , -0,02000004 , -48,63984 , 132,3
-5,811492 , -0,02000004 , -48,63984 , 132,32
-5,811492 , -0,02000004 , -48,63984 , 132,34
-5,811492 , -0,02000004 , -48,63984 , 132,36
-5,811492 , -0,02000004 , -48,63984 , 132,38
-5,811492 , -0,02000004 , -48,63984 , 132,4
-5,811492 , -0,02000004 , -48,63984 , 132,42
-5,811492 , -0,02000004 , -48,63984 , 132,44
-5,811492 , -0,02000004 , -48,63984 , 132,46
-5,811492 , -0,02000004 , -48,63984 , 132,48
-5,811492 , -0,02000004 , -48,63984 , 132,5
-5,811492 , -0,02000004 , -48,63984 , 132,52
-5,811492 , -0,02000004 , -48,63984 , 132,54
-5,811492 , -0,02000004 , -48,63984 , 132,56
-5,811492 , -0,02000004 , -48,63984 , 132,58
-5,811492 , -0,02000004 , -48,63984 , 132,6
-5,811492 , -0,02000004 , -48,63984 , 132,62
-5,811492 , -0,02000004 , -48,63984 , 132,64
-5,811492 , -0,02000004 , -48,63984 , 132,66
-5,811492 , -0,02000004 , -48,63984 , 132,68
-5,811492 , -0,02000004 , -48,63984 , 132,7
-5,811492 , -0,02000004 , -48,63984 , 132,72
-5,811492 , -0,02000004 , -48,63984 , 132,74
-5,811492 , -0,02000004 , -48,63984 , 132,76
-5,811492 , -0,02000004 , -48,63984 , 132,78
-5,811492 , -0,02000004 , -48,63984 , 132,8
-5,811492 , -0,02000004 , -48,63984 , 132,82
-5,811492 , -0,02000004 , -48,63984 , 132,84
-5,811492 , -0,02000004 , -48,63984 , 132,86
-5,811492 , -0,02000004 , -48,63984 , 132,88
-5,811492 , -0,02000004 , -48,63984 , 132,9
-5,811492 , -0,02000004 , -48,63984 , 132,92
-5,811492 , -0,02000004 , -48,63984 , 132,94
-5,811492 , -0,02000004 , -48,63984 , 132,96
-5,801266 , -0,02000004 , -48,63741 , 132,98
-5,78194 , -0,02000004 , -48,63245 , 133
-5,754483 , -0,02000004 , -48,62502 , 133,02
-5,719829 , -0,02000004 , -48,61502 , 133,04
-5,678788 , -0,02000004 , -48,60247 , 133,06
-5,632191 , -0,02000004 , -48,58714 , 133,08
-5,580961 , -0,02000004 , -48,56854 , 133,1
-5,526721 , -0,02000004 , -48,54523 , 133,12
-5,472579 , -0,01999998 , -48,51516 , 133,14
-5,425158 , -0,01999998 , -48,47731 , 133,16
-5,388641 , -0,0200001 , -48,43383 , 133,18
-5,363978 , -0,0200001 , -48,38667 , 133,2
-5,350745 , -0,0200001 , -48,3369 , 133,22
-5,348754 , -0,02000004 , -48,2859 , 133,24
-5,356133 , -0,02000004 , -48,23497 , 133,26
-5,37253 , -0,02000004 , -48,18529 , 133,28
-5,39738 , -0,02000004 , -48,13762 , 133,3
-5,430072 , -0,02000004 , -48,09256 , 133,32
-5,469895 , -0,02000004 , -48,05017 , 133,34
-5,516193 , -0,02000004 , -48,01047 , 133,36
-5,568374 , -0,02000004 , -47,97347 , 133,38
-5,625896 , -0,02000004 , -47,93922 , 133,4
-5,688276 , -0,02000004 , -47,90783 , 133,42
-5,755082 , -0,02000004 , -47,87959 , 133,44
-5,825895 , -0,02000004 , -47,85474 , 133,46
-5,900314 , -0,02000004 , -47,83338 , 133,48
-5,977942 , -0,01999998 , -47,81588 , 133,5
-6,05841 , -0,01999998 , -47,80235 , 133,52
-6,141383 , -0,01999998 , -47,79274 , 133,54
-6,226565 , -0,01999998 , -47,78693 , 133,56
-6,3137 , -0,01999998 , -47,78475 , 133,58
-6,402565 , -0,01999998 , -47,78501 , 133,6
-6,49295 , -0,01999998 , -47,78694 , 133,62
-6,58468 , -0,01999998 , -47,79046 , 133,64
-6,67759 , -0,0200001 , -47,79552 , 133,66
-6,771535 , -0,02000004 , -47,80207 , 133,68
-6,866384 , -0,02000004 , -47,81009 , 133,7
-6,962015 , -0,02000004 , -47,81953 , 133,72
-7,058321 , -0,02000004 , -47,83035 , 133,74
-7,155205 , -0,02000004 , -47,84252 , 133,76
-7,252578 , -0,02000004 , -47,85601 , 133,78
-7,350354 , -0,02000004 , -47,87081 , 133,8
-7,448439 , -0,02000004 , -47,88695 , 133,82
-7,546732 , -0,02000004 , -47,9045 , 133,84
-7,645132 , -0,02000004 , -47,92354 , 133,86
-7,743531 , -0,02000004 , -47,94418 , 133,88
-7,841825 , -0,02000004 , -47,96651 , 133,9
-7,939917 , -0,02000004 , -47,9906 , 133,92
-8,037751 , -0,02000004 , -48,01645 , 133,94
-8,135036 , -0,02000004 , -48,04449 , 133,96
-8,231494 , -0,02000016 , -48,07509 , 133,98
-8,32691 , -0,02000016 , -48,10844 , 134
-8,420955 , -0,0200001 , -48,14487 , 134,02
-8,513556 , -0,02000004 , -48,18433 , 134,04
-8,604453 , -0,02000004 , -48,22698 , 134,06
-8,693832 , -0,02000004 , -48,27251 , 134,08
-8,78294 , -0,02000004 , -48,31934 , 134,1
-8,873884 , -0,02000004 , -48,36153 , 134,12
-8,964868 , -0,02000004 , -48,39284 , 134,14
-9,052742 , -0,02000004 , -48,41093 , 134,16
-9,135481 , -0,02000004 , -48,41578 , 134,18
-9,211405 , -0,02000004 , -48,40967 , 134,2
-9,280359 , -0,02000004 , -48,39357 , 134,22
-9,342517 , -0,02000004 , -48,36843 , 134,24
-9,398379 , -0,02000004 , -48,33513 , 134,26
-9,448343 , -0,02000004 , -48,29449 , 134,28
-9,492922 , -0,02000004 , -48,24724 , 134,3
-9,532513 , -0,02000004 , -48,19403 , 134,32
-9,567482 , -0,02000004 , -48,13547 , 134,34
-9,598222 , -0,02000004 , -48,07207 , 134,36
-9,624859 , -0,02000004 , -48,00433 , 134,38
-9,647507 , -0,02000004 , -47,93269 , 134,4
-9,666057 , -0,02000004 , -47,85758 , 134,42
-9,680554 , -0,02000004 , -47,77937 , 134,44
-9,691046 , -0,02000004 , -47,69843 , 134,46
-9,69464 , -0,02000004 , -47,70206 , 134,48
-9,695895 , -0,02000004 , -47,7032 , 134,5
-9,698421 , -0,02000004 , -47,70365 , 134,52
-9,697842 , -0,02000016 , -47,70385 , 134,54
-9,698219 , -0,01999998 , -47,70394 , 134,56
-9,696862 , -0,01999998 , -47,70395 , 134,58
-9,696548 , -0,01999998 , -47,70398 , 134,6
-9,694942 , -0,01999998 , -47,70399 , 134,62
-9,694387 , -0,01999998 , -47,704 , 134,64
-9,692602 , -0,0200001 , -47,704 , 134,66
-9,691865 , -0,02000022 , -47,704 , 134,68
-9,68993 , -0,02000004 , -47,70401 , 134,7
-9,689034 , -0,02000004 , -47,70401 , 134,72
-9,68723 , -0,02000004 , -47,70401 , 134,74
-9,68603 , -0,02000004 , -47,70401 , 134,76
-9,685266 , -0,02000004 , -47,70401 , 134,78
-9,685001 , -0,02000004 , -47,70401 , 134,8
-9,684691 , -0,02000004 , -47,70401 , 134,82
-9,684585 , -0,02000004 , -47,70401 , 134,84
-9,684581 , -0,02000004 , -47,70401 , 134,86
-9,684624 , -0,02000004 , -47,70401 , 134,88
-9,684683 , -0,02000004 , -47,70401 , 134,9
-9,684744 , -0,02000004 , -47,70401 , 134,92
-9,684798 , -0,02000004 , -47,70401 , 134,94
-9,684845 , -0,02000004 , -47,70401 , 134,96
-9,684882 , -0,02000004 , -47,70401 , 134,98
-9,684912 , -0,02000004 , -47,70401 , 135
-9,684935 , -0,02000004 , -47,70401 , 135,02
-9,684952 , -0,02000004 , -47,70401 , 135,04
-9,684965 , -0,02000004 , -47,70401 , 135,06
-9,684975 , -0,02000004 , -47,70401 , 135,08
-9,684982 , -0,02000004 , -47,70401 , 135,1
-9,684982 , -0,02000004 , -47,70401 , 135,12
-9,684982 , -0,02000004 , -47,70401 , 135,14
-9,684982 , -0,02000004 , -47,70401 , 135,16
-9,684982 , -0,02000004 , -47,70401 , 135,18
-9,684982 , -0,02000004 , -47,70401 , 135,2
-9,684982 , -0,02000004 , -47,70401 , 135,22
-9,684982 , -0,02000004 , -47,70401 , 135,24
-9,684982 , -0,02000004 , -47,70401 , 135,26
-9,684982 , -0,02000004 , -47,70401 , 135,28
-9,684982 , -0,02000004 , -47,70401 , 135,3
-9,684982 , -0,02000004 , -47,70401 , 135,32
-9,684982 , -0,02000004 , -47,70401 , 135,34
-9,684982 , -0,02000004 , -47,70401 , 135,36
-9,684982 , -0,02000004 , -47,70401 , 135,38
-9,684982 , -0,02000004 , -47,70401 , 135,4
-9,684982 , -0,02000004 , -47,70401 , 135,42
-9,68179 , -0,02000004 , -47,70401 , 135,44
-9,6757 , -0,02000004 , -47,70401 , 135,46
-9,666961 , -0,01999998 , -47,70401 , 135,48
-9,655827 , -0,01999998 , -47,70401 , 135,5
-9,642524 , -0,01999998 , -47,70401 , 135,52
-9,627254 , -0,01999998 , -47,70401 , 135,54
-9,610199 , -0,0200001 , -47,70401 , 135,56
-9,591519 , -0,02000004 , -47,70401 , 135,58
-9,57136 , -0,02000004 , -47,70401 , 135,6
-9,54985 , -0,02000004 , -47,70401 , 135,62
-9,527105 , -0,02000004 , -47,70401 , 135,64
-9,50323 , -0,02000004 , -47,70401 , 135,66
-9,478317 , -0,02000004 , -47,70401 , 135,68
-9,452451 , -0,02000004 , -47,70401 , 135,7
-9,425706 , -0,02000004 , -47,70401 , 135,72
-9,39815 , -0,01999998 , -47,70401 , 135,74
-9,369845 , -0,01999998 , -47,70401 , 135,76
-9,340846 , -0,01999998 , -47,70401 , 135,78
-9,311203 , -0,01999998 , -47,70401 , 135,8
-9,280952 , -0,01999998 , -47,70401 , 135,82
-9,250097 , -0,01999998 , -47,70401 , 135,84
-9,218637 , -0,01999998 , -47,70401 , 135,86
-9,186604 , -0,0200001 , -47,70401 , 135,88
-9,154029 , -0,01999992 , -47,70401 , 135,9
-9,12095 , -0,01999992 , -47,70401 , 135,92
-9,087399 , -0,0200001 , -47,70401 , 135,94
-9,053408 , -0,02000004 , -47,70401 , 135,96
-9,019003 , -0,02000004 , -47,70401 , 135,98
-8,98421 , -0,02000004 , -47,70401 , 136
-8,949053 , -0,01999998 , -47,70401 , 136,02
-8,913551 , -0,01999998 , -47,70401 , 136,04
-8,877726 , -0,01999998 , -47,70401 , 136,06
-8,841593 , -0,0200001 , -47,70401 , 136,08
-8,80517 , -0,02000004 , -47,70401 , 136,1
-8,768489 , -0,02000004 , -47,70401 , 136,12
-8,731586 , -0,02000004 , -47,70401 , 136,14
-8,694506 , -0,02000004 , -47,70401 , 136,16
-8,657323 , -0,02000004 , -47,70401 , 136,18
-8,620124 , -0,02000004 , -47,70401 , 136,2
-8,582949 , -0,02000004 , -47,70401 , 136,22
-8,545804 , -0,02000004 , -47,70401 , 136,24
-8,508676 , -0,02000004 , -47,70401 , 136,26
-8,47155 , -0,02000004 , -47,70401 , 136,28
-8,434417 , -0,02000004 , -47,70401 , 136,3
-8,397267 , -0,02000004 , -47,70401 , 136,32
-8,360093 , -0,02000004 , -47,70401 , 136,34
-8,322886 , -0,02000004 , -47,70401 , 136,36
-8,285643 , -0,02000004 , -47,70401 , 136,38
-8,248357 , -0,02000004 , -47,70401 , 136,4
-8,211024 , -0,02000004 , -47,70401 , 136,42
-8,173611 , -0,02000004 , -47,70401 , 136,44
-8,136057 , -0,02000004 , -47,70401 , 136,46
-8,098323 , -0,02000004 , -47,70401 , 136,48
-8,060384 , -0,02000004 , -47,70401 , 136,5
-8,022193 , -0,02000004 , -47,70401 , 136,52
-7,98372 , -0,02000004 , -47,70401 , 136,54
-7,944942 , -0,02000004 , -47,70401 , 136,56
-7,905868 , -0,02000004 , -47,70401 , 136,58
-7,866485 , -0,02000004 , -47,70401 , 136,6
-7,82679 , -0,02000004 , -47,70401 , 136,62
-7,786783 , -0,02000004 , -47,70401 , 136,64
-7,746482 , -0,02000004 , -47,70401 , 136,66
-7,705911 , -0,02000004 , -47,70401 , 136,68
-7,665091 , -0,02000004 , -47,70401 , 136,7
-7,624025 , -0,02000004 , -47,70401 , 136,72
-7,582731 , -0,02000004 , -47,70401 , 136,74
-7,541247 , -0,02000004 , -47,70401 , 136,76
-7,499632 , -0,02000004 , -47,70401 , 136,78
-7,457929 , -0,02000004 , -47,70401 , 136,8
-7,416225 , -0,02000004 , -47,70401 , 136,82
-7,374708 , -0,02000004 , -47,70401 , 136,84
-7,333463 , -0,02000004 , -47,70401 , 136,86
-7,292545 , -0,02000004 , -47,70401 , 136,88
-7,251915 , -0,02000004 , -47,70401 , 136,9
-7,21154 , -0,02000004 , -47,70401 , 136,92
-7,171391 , -0,02000004 , -47,70401 , 136,94
-7,140213 , -0,01458836 , -47,70964 , 136,96
-7,110054 , -0,01021707 , -47,71404 , 136,98
-7,07761 , -0,008039415 , -47,71574 , 137
-7,043109 , -0,007838011 , -47,71502 , 137,02
-7,010419 , -0,007365406 , -47,71386 , 137,04
-6,98137 , -0,004464746 , -47,71421 , 137,06
-6,953032 , 0,0008484125 , -47,714 , 137,08
-6,924798 , 0,006395102 , -47,71286 , 137,1
-6,893089 , 0,00796783 , -47,70895 , 137,12
-6,860225 , 0,006686151 , -47,705 , 137,14
-6,829189 , 0,003931105 , -47,7042 , 137,16
-6,798764 , -0,002380311 , -47,70405 , 137,18
-6,768703 , -0,01245409 , -47,70402 , 137,2
-6,74036 , -0,01848513 , -47,70401 , 137,22
-6,712265 , -0,01893079 , -47,70401 , 137,24
-6,683098 , -0,01924545 , -47,70401 , 137,26
-6,653003 , -0,01946747 , -47,70401 , 137,28
-6,622158 , -0,01962417 , -47,70401 , 137,3
-6,590722 , -0,01973468 , -47,70401 , 137,32
-6,558422 , -0,01977825 , -47,70325 , 137,34
-6,524631 , -0,01995564 , -47,7002 , 137,36
-6,489701 , -0,01999122 , -47,69498 , 137,38
-6,453791 , -0,01999831 , -47,68769 , 137,4
-6,417028 , -0,01999968 , -47,67846 , 137,42
-6,379532 , -0,01999986 , -47,66743 , 137,44
-6,341411 , -0,01999998 , -47,65473 , 137,46
-6,30276 , -0,01999998 , -47,64048 , 137,48
-6,259358 , -0,0200001 , -47,62192 , 137,5
-6,211814 , -0,02000004 , -47,59929 , 137,52
-6,160708 , -0,02000004 , -47,57277 , 137,54
-6,106641 , -0,02000022 , -47,54245 , 137,56
-6,050163 , -0,02000004 , -47,5084 , 137,58
-5,991807 , -0,02000004 , -47,47068 , 137,6
-5,932028 , -0,02000004 , -47,42938 , 137,62
-5,871233 , -0,02000004 , -47,38461 , 137,64
-5,809839 , -0,02000004 , -47,33643 , 137,66
-5,74814 , -0,02000004 , -47,28498 , 137,68
-5,686543 , -0,02000004 , -47,23031 , 137,7
-5,625603 , -0,02000004 , -47,17234 , 137,72
-5,565622 , -0,02000022 , -47,11115 , 137,74
-5,506905 , -0,02000016 , -47,04685 , 137,76
-5,449727 , -0,01999998 , -46,97953 , 137,78
-5,394333 , -0,01999998 , -46,9093 , 137,8
-5,341007 , -0,0200001 , -46,83625 , 137,82
-5,289898 , -0,0200001 , -46,76054 , 137,84
-5,24093 , -0,02000004 , -46,68237 , 137,86
-5,19417 , -0,01999998 , -46,60189 , 137,88
-5,149699 , -0,01999998 , -46,51925 , 137,9
-5,10762 , -0,01999998 , -46,43457 , 137,92
-5,067968 , -0,01999998 , -46,34798 , 137,94
-5,030778 , -0,0200001 , -46,25962 , 137,96
-4,995824 , -0,02000004 , -46,16965 , 137,98
-4,963007 , -0,02000016 , -46,07822 , 138
-4,932206 , -0,01999998 , -45,98544 , 138,02
-4,903314 , -0,01999998 , -45,89145 , 138,04
-4,876205 , -0,01999998 , -45,79634 , 138,06
-4,850735 , -0,01999998 , -45,70023 , 138,08
-4,826774 , -0,01999998 , -45,60321 , 138,1
-4,804209 , -0,01999998 , -45,50537 , 138,12
-4,782936 , -0,01999998 , -45,40677 , 138,14
-4,762864 , -0,01999998 , -45,3075 , 138,16
-4,743911 , -0,01999998 , -45,20761 , 138,18
-4,726002 , -0,01999998 , -45,10715 , 138,2
-4,709071 , -0,01999998 , -45,00619 , 138,22
