Min X value: -35,92655
Min Y value: -36,21146
Min Z value: -1,907642
Max X value: 9,073447
Max Y value: -21,21146
Max Z value: 23,09236
Key: charpos in X , Y , Z , Time since start capture
-31,65864 , -29,66039 , 4,274608 , 46,44
-31,65751 , -29,67439 , 4,2746 , 46,46
-31,65528 , -29,70239 , 4,274583 , 46,48
-31,65197 , -29,74439 , 4,274559 , 46,5
-31,6476 , -29,80039 , 4,274527 , 46,52
-31,64219 , -29,87039 , 4,274488 , 46,54
-31,63577 , -29,95439 , 4,27444 , 46,56
-31,62834 , -30,05239 , 4,274386 , 46,58
-31,61994 , -30,16439 , 4,274324 , 46,6
-31,61058 , -30,29039 , 4,274256 , 46,62
-31,60028 , -30,43039 , 4,27418 , 46,64
-31,58907 , -30,58439 , 4,274098 , 46,66
-31,57695 , -30,75239 , 4,27401 , 46,68
-31,56395 , -30,93439 , 4,273914 , 46,7
-31,55008 , -31,13039 , 4,273813 , 46,72
-31,53536 , -31,34039 , 4,273705 , 46,74
-31,51981 , -31,56438 , 4,273591 , 46,76
-31,50345 , -31,80239 , 4,273471 , 46,78
-31,48629 , -32,05439 , 4,273345 , 46,8
-31,46834 , -32,32038 , 4,273213 , 46,82
-31,44963 , -32,60038 , 4,273076 , 46,84
-31,43016 , -32,89438 , 4,272933 , 46,86
-31,40996 , -33,20238 , 4,272785 , 46,88
-31,38904 , -33,52438 , 4,272632 , 46,9
-31,36741 , -33,86038 , 4,272473 , 46,92
-31,34509 , -34,21038 , 4,272309 , 46,94
-31,32208 , -34,57438 , 4,27214 , 46,96
-31,29842 , -34,40416 , 4,271967 , 46,98
-31,2741 , -34,37012 , 4,271789 , 47
-31,27249 , -34,36331 , 4,271777 , 47,02
-31,26927 , -34,36195 , 4,271753 , 47,04
-31,26444 , -34,36168 , 4,271718 , 47,06
-31,25801 , -34,36162 , 4,271671 , 47,08
-31,24997 , -34,36161 , 4,271612 , 47,1
-31,24032 , -34,36161 , 4,271541 , 47,12
-31,22906 , -34,36161 , 4,271459 , 47,14
-31,21619 , -34,36161 , 4,271364 , 47,16
-31,20172 , -34,36161 , 4,271258 , 47,18
-31,18563 , -34,36161 , 4,27114 , 47,2
-31,16794 , -34,36161 , 4,27101 , 47,22
-31,14864 , -34,36161 , 4,270869 , 47,24
-31,12773 , -34,36161 , 4,270716 , 47,26
-31,10521 , -34,36161 , 4,270551 , 47,28
-31,08108 , -34,36161 , 4,270374 , 47,3
-31,05535 , -34,36161 , 4,270185 , 47,32
-31,028 , -34,36161 , 4,269985 , 47,34
-30,99905 , -34,36161 , 4,269773 , 47,36
-30,96849 , -34,36161 , 4,269548 , 47,38
-30,93632 , -34,36161 , 4,269312 , 47,4
-30,90415 , -34,36161 , 4,269076 , 47,42
-30,87198 , -34,36161 , 4,26884 , 47,44
-30,83981 , -34,36161 , 4,268604 , 47,46
-30,80764 , -34,36161 , 4,268368 , 47,48
-30,77547 , -34,36161 , 4,268132 , 47,5
-30,7433 , -34,36161 , 4,267896 , 47,52
-30,71113 , -34,36161 , 4,26766 , 47,54
-30,67896 , -34,36161 , 4,267424 , 47,56
-30,6468 , -34,36161 , 4,267188 , 47,58
-30,61463 , -34,36161 , 4,266952 , 47,6
-30,58246 , -34,36161 , 4,266716 , 47,62
-30,55029 , -34,36161 , 4,26648 , 47,64
-30,51812 , -34,36161 , 4,266244 , 47,66
-30,48595 , -34,36161 , 4,266008 , 47,68
-30,45378 , -34,36161 , 4,265772 , 47,7
-30,42161 , -34,36161 , 4,265536 , 47,72
-30,38944 , -34,36161 , 4,2653 , 47,74
-30,35727 , -34,36161 , 4,265064 , 47,76
-30,3251 , -34,36161 , 4,264828 , 47,78
-30,29293 , -34,36161 , 4,264592 , 47,8
-30,26076 , -34,36161 , 4,264356 , 47,82
-30,22859 , -34,36161 , 4,26412 , 47,84
-30,19642 , -34,36161 , 4,263884 , 47,86
-30,16426 , -34,36161 , 4,263648 , 47,88
-30,13209 , -34,36161 , 4,263412 , 47,9
-30,09992 , -34,36161 , 4,263175 , 47,92
-30,06775 , -34,36161 , 4,262939 , 47,94
-30,03558 , -34,36161 , 4,262703 , 47,96
-30,00341 , -34,36161 , 4,262467 , 47,98
-29,97124 , -34,36161 , 4,262231 , 48
-29,93907 , -34,36161 , 4,261995 , 48,02
-29,9069 , -34,36161 , 4,261759 , 48,04
-29,87473 , -34,36161 , 4,261523 , 48,06
-29,84256 , -34,36161 , 4,261287 , 48,08
-29,81039 , -34,36161 , 4,261051 , 48,1
-29,77822 , -34,36161 , 4,260815 , 48,12
-29,74605 , -34,36161 , 4,260579 , 48,14
-29,71388 , -34,36161 , 4,260343 , 48,16
-29,68172 , -34,36161 , 4,260107 , 48,18
-29,64955 , -34,36161 , 4,259871 , 48,2
-29,61738 , -34,36161 , 4,259635 , 48,22
-29,58521 , -34,36161 , 4,259399 , 48,24
-29,55304 , -34,36161 , 4,259163 , 48,26
-29,52087 , -34,36161 , 4,258927 , 48,28
-29,4887 , -34,36161 , 4,258691 , 48,3
-29,45653 , -34,36161 , 4,258455 , 48,32
-29,42436 , -34,36161 , 4,258219 , 48,34
-29,39219 , -34,36161 , 4,257983 , 48,36
-29,36002 , -34,36161 , 4,257747 , 48,38
-29,32785 , -34,36161 , 4,257511 , 48,4
-29,29568 , -34,36161 , 4,257275 , 48,42
-29,26351 , -34,36161 , 4,257039 , 48,44
-29,23134 , -34,36161 , 4,256803 , 48,46
-29,19917 , -34,36161 , 4,256567 , 48,48
-29,16701 , -34,36161 , 4,25633 , 48,5
-29,13484 , -34,36161 , 4,256094 , 48,52
-29,10267 , -34,36161 , 4,255858 , 48,54
-29,0705 , -34,36161 , 4,255622 , 48,56
-29,03833 , -34,36161 , 4,255386 , 48,58
-29,00616 , -34,36161 , 4,25515 , 48,6
-28,97399 , -34,36161 , 4,254914 , 48,62
-28,94182 , -34,36161 , 4,254678 , 48,64
-28,90965 , -34,36161 , 4,254442 , 48,66
-28,87748 , -34,36161 , 4,254206 , 48,68
-28,84531 , -34,36161 , 4,25397 , 48,7
-28,81314 , -34,36161 , 4,253734 , 48,72
-28,78097 , -34,36161 , 4,253498 , 48,74
-28,7488 , -34,36161 , 4,253262 , 48,76
-28,71663 , -34,36161 , 4,253026 , 48,78
-28,68447 , -34,36161 , 4,25279 , 48,8
-28,6523 , -34,36161 , 4,252554 , 48,82
-28,62013 , -34,36161 , 4,252318 , 48,84
-28,58796 , -34,36161 , 4,252082 , 48,86
-28,55579 , -34,36161 , 4,251846 , 48,88
-28,52362 , -34,36161 , 4,25161 , 48,9
-28,49145 , -34,36161 , 4,251374 , 48,92
-28,45928 , -34,36161 , 4,251138 , 48,94
-28,42711 , -34,36161 , 4,250902 , 48,96
-28,39494 , -34,36161 , 4,250666 , 48,98
-28,36277 , -34,36161 , 4,25043 , 49
-28,3306 , -34,36161 , 4,250194 , 49,02
-28,29843 , -34,36161 , 4,249958 , 49,04
-28,26626 , -34,36161 , 4,249722 , 49,06
-28,23409 , -34,36161 , 4,249485 , 49,08
-28,20193 , -34,36161 , 4,249249 , 49,1
-28,16976 , -34,36161 , 4,249013 , 49,12
-28,13759 , -34,36161 , 4,248777 , 49,14
-28,10542 , -34,36161 , 4,248541 , 49,16
-28,07325 , -34,36161 , 4,248305 , 49,18
-28,04108 , -34,36161 , 4,248069 , 49,2
-28,00891 , -34,36161 , 4,247833 , 49,22
-27,97674 , -34,36161 , 4,247597 , 49,24
-27,94457 , -34,36161 , 4,247361 , 49,26
-27,9124 , -34,36161 , 4,247125 , 49,28
-27,88023 , -34,36161 , 4,246889 , 49,3
-27,84806 , -34,36161 , 4,246653 , 49,32
-27,81589 , -34,36161 , 4,246417 , 49,34
-27,78372 , -34,36161 , 4,246181 , 49,36
-27,75155 , -34,36161 , 4,245945 , 49,38
-27,71939 , -34,36161 , 4,245709 , 49,4
-27,68722 , -34,36161 , 4,245473 , 49,42
-27,65505 , -34,36161 , 4,245237 , 49,44
-27,62288 , -34,36161 , 4,245001 , 49,46
-27,59071 , -34,36161 , 4,244765 , 49,48
-27,55854 , -34,36161 , 4,244529 , 49,5
-27,52637 , -34,36161 , 4,244293 , 49,52
-27,4942 , -34,36161 , 4,244057 , 49,54
-27,46203 , -34,36161 , 4,243821 , 49,56
-27,42986 , -34,36161 , 4,243585 , 49,58
-27,39769 , -34,36161 , 4,243349 , 49,6
-27,36552 , -34,36161 , 4,243113 , 49,62
-27,33335 , -34,36161 , 4,242877 , 49,64
-27,30118 , -34,36161 , 4,24264 , 49,66
-27,26901 , -34,36161 , 4,242404 , 49,68
-27,23684 , -34,36161 , 4,242168 , 49,7
-27,20468 , -34,36161 , 4,241932 , 49,72
-27,17251 , -34,36161 , 4,241696 , 49,74
-27,14034 , -34,36161 , 4,24146 , 49,76
-27,10817 , -34,36161 , 4,241224 , 49,78
-27,076 , -34,36161 , 4,240988 , 49,8
-27,04383 , -34,36161 , 4,240752 , 49,82
-27,01253 , -34,36161 , 4,242851 , 49,84
-26,98123 , -34,36161 , 4,24495 , 49,86
-26,95837 , -34,36161 , 4,254094 , 49,88
-26,93551 , -34,36161 , 4,263238 , 49,9
-26,91699 , -34,36161 , 4,275916 , 49,92
-26,89847 , -34,36161 , 4,288593 , 49,94
-26,8838 , -34,36161 , 4,303457 , 49,96
-26,86912 , -34,36161 , 4,31832 , 49,98
-26,85602 , -34,36161 , 4,334201 , 50
-26,84292 , -34,36161 , 4,350082 , 50,02
-26,8304 , -34,36161 , 4,366587 , 50,04
-26,81788 , -34,36161 , 4,383092 , 50,06
-26,80536 , -34,36161 , 4,399597 , 50,08
-26,79284 , -34,36161 , 4,416101 , 50,1
-26,78032 , -34,36161 , 4,432606 , 50,12
-26,7678 , -34,36161 , 4,449111 , 50,14
-26,75528 , -34,36161 , 4,465616 , 50,16
-26,74276 , -34,36161 , 4,482121 , 50,18
-26,73024 , -34,36161 , 4,498625 , 50,2
-26,71772 , -34,36161 , 4,51513 , 50,22
-26,7052 , -34,36161 , 4,531635 , 50,24
-26,69268 , -34,36161 , 4,54814 , 50,26
-26,68016 , -34,36161 , 4,564644 , 50,28
-26,66764 , -34,36161 , 4,581149 , 50,3
-26,65512 , -34,36161 , 4,597654 , 50,32
-26,6426 , -34,36161 , 4,614159 , 50,34
-26,63008 , -34,36161 , 4,630663 , 50,36
-26,61756 , -34,36161 , 4,647168 , 50,38
-26,60504 , -34,36161 , 4,663673 , 50,4
-26,59252 , -34,36161 , 4,680178 , 50,42
-26,58 , -34,36161 , 4,696682 , 50,44
-26,56748 , -34,36161 , 4,713187 , 50,46
-26,55496 , -34,36161 , 4,729692 , 50,48
-26,54244 , -34,36161 , 4,746197 , 50,5
-26,52992 , -34,36161 , 4,762702 , 50,52
-26,5174 , -34,36161 , 4,779206 , 50,54
-26,50505 , -34,36161 , 4,786041 , 50,56
-26,49278 , -34,36161 , 4,787243 , 50,58
-26,48054 , -34,36161 , 4,787319 , 50,6
-26,4683 , -34,36161 , 4,78717 , 50,62
-26,45606 , -34,36161 , 4,786975 , 50,64
-26,44382 , -34,36161 , 4,786772 , 50,66
-26,43158 , -34,36161 , 4,786567 , 50,68
-26,41934 , -34,36161 , 4,786361 , 50,7
-26,4071 , -34,36161 , 4,786155 , 50,72
-26,39486 , -34,36161 , 4,78595 , 50,74
-26,38262 , -34,36161 , 4,785744 , 50,76
-26,37038 , -34,36161 , 4,785538 , 50,78
-26,35814 , -34,36161 , 4,785333 , 50,8
-26,3459 , -34,36161 , 4,785127 , 50,82
-26,33366 , -34,36161 , 4,784922 , 50,84
-26,32142 , -34,36161 , 4,784716 , 50,86
-26,30961 , -34,36161 , 4,784518 , 50,88
-26,29781 , -34,36161 , 4,784319 , 50,9
-26,28942 , -34,36161 , 4,784178 , 50,92
-26,28104 , -34,36161 , 4,784038 , 50,94
-26,27265 , -34,36161 , 4,783912 , 50,96
-26,26754 , -34,36161 , 4,783984 , 50,98
-26,26606 , -34,36161 , 4,784037 , 51
-26,26457 , -34,36161 , 4,78407 , 51,02
-26,26309 , -34,36161 , 4,784103 , 51,04
-26,26149 , -34,36161 , 4,784141 , 51,06
-26,2599 , -34,36161 , 4,784185 , 51,08
-26,25797 , -34,36161 , 4,78449 , 51,1
-26,25603 , -34,36161 , 4,784361 , 51,12
-26,25217 , -34,36161 , 4,784471 , 51,14
-26,24833 , -34,36161 , 4,784933 , 51,16
-26,23839 , -34,36161 , 4,785051 , 51,18
-26,22845 , -34,36161 , 4,78517 , 51,2
-26,21012 , -34,36161 , 4,783929 , 51,22
-26,19179 , -34,36161 , 4,782688 , 51,24
-26,16974 , -34,36161 , 4,781116 , 51,26
-26,1477 , -34,36161 , 4,779544 , 51,28
-26,12381 , -34,36161 , 4,777905 , 51,3
-26,09992 , -34,36161 , 4,776266 , 51,32
-26,07557 , -34,36161 , 4,774611 , 51,34
-26,05121 , -34,36161 , 4,772955 , 51,36
-26,02686 , -34,36161 , 4,7713 , 51,38
-26,00251 , -34,36161 , 4,769645 , 51,4
-25,97584 , -34,36161 , 4,767914 , 51,42
-25,94918 , -34,36161 , 4,766182 , 51,44
-25,92252 , -34,36161 , 4,764451 , 51,46
-25,89493 , -34,36161 , 4,762691 , 51,48
-25,86734 , -34,36161 , 4,760931 , 51,5
-25,83792 , -34,36161 , 4,759344 , 51,52
-25,80849 , -34,36161 , 4,757757 , 51,54
-25,77585 , -34,36161 , 4,756808 , 51,56
-25,7432 , -34,36161 , 4,755858 , 51,58
-25,70825 , -34,36161 , 4,75537 , 51,6
-25,6733 , -34,36161 , 4,754881 , 51,62
-25,63557 , -34,36161 , 4,755385 , 51,64
-25,59785 , -34,36161 , 4,75589 , 51,66
-25,55779 , -34,36161 , 4,756923 , 51,68
-25,51774 , -34,36161 , 4,757956 , 51,7
-25,47537 , -34,36161 , 4,759274 , 51,72
-25,433 , -34,36161 , 4,760593 , 51,74
-25,39063 , -34,36161 , 4,761912 , 51,76
-25,34547 , -34,36161 , 4,764073 , 51,78
-25,3003 , -34,36161 , 4,766234 , 51,8
-25,25235 , -34,36161 , 4,768717 , 51,82
-25,2044 , -34,36161 , 4,7712 , 51,84
-25,15322 , -34,36161 , 4,773738 , 51,86
-25,10203 , -34,36161 , 4,776277 , 51,88
-25,05037 , -34,36161 , 4,779106 , 51,9
-24,99871 , -34,36161 , 4,781935 , 51,92
-24,94566 , -34,36161 , 4,784788 , 51,94
-24,89261 , -34,36161 , 4,787642 , 51,96
-24,83957 , -34,36161 , 4,790495 , 51,98
-24,78652 , -34,36161 , 4,793348 , 52
-24,73301 , -34,36161 , 4,79621 , 52,02
-24,6795 , -34,36161 , 4,799071 , 52,04
-24,62599 , -34,36161 , 4,801933 , 52,06
-24,57248 , -34,36161 , 4,804794 , 52,08
-24,51897 , -34,36161 , 4,807656 , 52,1
-24,46546 , -34,36161 , 4,810517 , 52,12
-24,41195 , -34,36161 , 4,813379 , 52,14
-24,35843 , -34,36161 , 4,81624 , 52,16
-24,30492 , -34,36161 , 4,819102 , 52,18
-24,25141 , -34,36161 , 4,821963 , 52,2
-24,1979 , -34,36161 , 4,824825 , 52,22
-24,14439 , -34,36161 , 4,827686 , 52,24
-24,09088 , -34,36161 , 4,830548 , 52,26
-24,03737 , -34,36161 , 4,833409 , 52,28
-23,98386 , -34,36161 , 4,836271 , 52,3
-23,93035 , -34,36161 , 4,839132 , 52,32
-23,87684 , -34,36161 , 4,841994 , 52,34
-23,82333 , -34,20828 , 4,844855 , 52,36
-23,76982 , -34,06895 , 4,847717 , 52,38
-23,71671 , -34,00752 , 4,779168 , 52,4
-23,66289 , -33,95594 , 4,70574 , 52,42
-23,60799 , -33,9024 , 4,651213 , 52,44
-23,55227 , -33,82971 , 4,600221 , 52,46
-23,49579 , -33,77103 , 4,550349 , 52,48
-23,43857 , -33,69695 , 4,501574 , 52,5
-23,38063 , -33,63686 , 4,453875 , 52,52
-23,32196 , -33,5621 , 4,40723 , 52,54
-23,2626 , -33,50133 , 4,361619 , 52,56
-23,2026 , -33,42946 , 4,31677 , 52,58
-23,198 , -33,37159 , 4,272391 , 52,6
-23,19857 , -33,29931 , 4,227524 , 52,62
-23,19508 , -33,24104 , 4,183186 , 52,64
-23,1909 , -33,17636 , 4,138978 , 52,66
-23,18604 , -33,12569 , 4,094901 , 52,68
-23,18049 , -33,06393 , 4,050951 , 52,7
-23,17448 , -33,01617 , 4,007103 , 52,72
-23,16829 , -32,96166 , 3,963315 , 52,74
-23,16211 , -32,92116 , 3,919565 , 52,76
-23,15605 , -32,89465 , 3,875837 , 52,78
-23,15012 , -32,86259 , 3,832128 , 52,8
-23,14427 , -32,84454 , 3,788445 , 52,82
-23,13846 , -32,82246 , 3,744791 , 52,84
-23,13267 , -32,81438 , 3,701171 , 52,86
-23,12689 , -32,80363 , 3,657581 , 52,88
-23,12113 , -32,80688 , 3,614023 , 52,9
-23,11542 , -32,80893 , 3,570492 , 52,92
-23,10975 , -32,82497 , 3,526986 , 52,94
-23,10415 , -32,84108 , 3,483502 , 52,96
-23,09862 , -32,87119 , 3,44004 , 52,98
-23,09318 , -32,90337 , 3,396598 , 53
-23,08779 , -32,94956 , 3,353176 , 53,02
-23,08249 , -32,99882 , 3,309773 , 53,04
-23,07724 , -33,06207 , 3,266391 , 53,06
-23,07203 , -33,13004 , 3,223031 , 53,08
-23,06685 , -33,21199 , 3,179695 , 53,1
-23,06166 , -33,30795 , 3,136386 , 53,12
-23,05645 , -33,40982 , 3,093107 , 53,14
-23,05117 , -33,51999 , 3,049861 , 53,16
-23,04581 , -33,64415 , 3,006652 , 53,18
-23,04037 , -33,78232 , 2,963477 , 53,2
-23,03484 , -33,92869 , 2,920337 , 53,22
-23,02928 , -34,08906 , 2,877224 , 53,24
-23,02372 , -34,25982 , 2,834135 , 53,26
-23,01816 , -34,44457 , 2,791069 , 53,28
-23,01258 , -34,3782 , 2,74803 , 53,3
-23,00707 , -34,36493 , 2,704996 , 53,32
-23,00689 , -34,36227 , 2,703917 , 53,34
-23,00644 , -34,36174 , 2,701772 , 53,36
-23,006 , -34,36164 , 2,700006 , 53,38
-23,00546 , -34,36161 , 2,697648 , 53,4
-23,0052 , -34,36161 , 2,696589 , 53,42
-23,00493 , -34,36161 , 2,695314 , 53,44
-23,00483 , -34,36161 , 2,694798 , 53,46
-23,00469 , -34,36161 , 2,694211 , 53,48
-23,0045 , -34,36161 , 2,693554 , 53,5
-23,00428 , -34,36161 , 2,692925 , 53,52
-23,00403 , -34,36161 , 2,692234 , 53,54
-23,00377 , -34,36161 , 2,691479 , 53,56
-23,0035 , -34,36161 , 2,690658 , 53,58
-23,00323 , -34,36161 , 2,689772 , 53,6
-23,00296 , -34,36161 , 2,688821 , 53,62
-23,00268 , -34,36161 , 2,687805 , 53,64
-23,00239 , -34,36161 , 2,686723 , 53,66
-23,0021 , -34,36161 , 2,685577 , 53,68
-23,00179 , -34,36161 , 2,684367 , 53,7
-23,00147 , -34,36161 , 2,683092 , 53,72
-23,00122 , -34,36161 , 2,681808 , 53,74
-23,00103 , -34,36161 , 2,680517 , 53,76
-23,00087 , -34,36161 , 2,679221 , 53,78
-23,00072 , -34,36161 , 2,677925 , 53,8
-23,00057 , -34,36161 , 2,676628 , 53,82
-23,00041 , -34,36161 , 2,675333 , 53,84
-23,00024 , -34,36161 , 2,674038 , 53,86
-23,00007 , -34,36161 , 2,672745 , 53,88
-22,9999 , -34,36161 , 2,671451 , 53,9
-22,99972 , -34,36161 , 2,670157 , 53,92
-22,99955 , -34,36161 , 2,668863 , 53,94
-22,99939 , -34,36161 , 2,667568 , 53,96
-22,99922 , -34,36161 , 2,666274 , 53,98
-22,99889 , -34,20126 , 2,665001 , 54
-22,9987 , -34,04787 , 2,66371 , 54,02
-22,99977 , -33,87581 , 2,662236 , 54,04
-23,00082 , -33,71774 , 2,660745 , 54,06
-23,00142 , -33,54221 , 2,659293 , 54,08
-23,00151 , -33,38068 , 2,65789 , 54,1
-23,0012 , -33,20282 , 2,656519 , 54,12
-23,00069 , -33,03897 , 2,655156 , 54,14
-23,00012 , -32,86014 , 2,653784 , 54,16
-22,99952 , -32,69531 , 2,652399 , 54,18
-22,99887 , -32,51793 , 2,651003 , 54,2
-22,99719 , -32,35455 , 2,649723 , 54,22
-22,99476 , -32,18259 , 2,648525 , 54,24
-22,99158 , -32,02462 , 2,647407 , 54,26
-22,98769 , -31,88065 , 2,646366 , 54,28
-22,98308 , -31,72404 , 2,645402 , 54,3
-22,97778 , -31,58142 , 2,644513 , 54,32
-22,97179 , -31,43023 , 2,643697 , 54,34
-22,96514 , -31,29305 , 2,642953 , 54,36
-22,95783 , -31,14925 , 2,64228 , 54,38
-22,94989 , -31,01944 , 2,641675 , 54,4
-22,94131 , -30,88411 , 2,641139 , 54,42
-22,93212 , -30,76278 , 2,640669 , 54,44
-22,92232 , -30,63757 , 2,640263 , 54,46
-22,91193 , -30,52636 , 2,639922 , 54,48
-22,90096 , -30,41286 , 2,639643 , 54,5
-22,88942 , -30,31336 , 2,639425 , 54,52
-22,87733 , -30,21311 , 2,639267 , 54,54
-22,86469 , -30,12686 , 2,639168 , 54,56
-22,85151 , -30,04113 , 2,639127 , 54,58
-22,83782 , -29,96941 , 2,639142 , 54,6
-22,8236 , -29,89983 , 2,639212 , 54,62
-22,80889 , -29,84425 , 2,639336 , 54,64
-22,79368 , -29,79186 , 2,639514 , 54,66
-22,77799 , -29,75346 , 2,639744 , 54,68
-22,76182 , -29,72906 , 2,640024 , 54,7
-22,74519 , -29,70945 , 2,640355 , 54,72
-22,7281 , -29,70384 , 2,640734 , 54,74
-22,71057 , -29,70428 , 2,641162 , 54,76
-22,6926 , -29,71872 , 2,641637 , 54,78
-22,67421 , -29,7407 , 2,642158 , 54,8
-22,65539 , -29,77668 , 2,642724 , 54,82
-22,63616 , -29,82143 , 2,643334 , 54,84
-22,61653 , -29,88018 , 2,643988 , 54,86
-22,5965 , -29,94913 , 2,644684 , 54,88
-22,57609 , -30,03207 , 2,645422 , 54,9
-22,5553 , -30,12652 , 2,646201 , 54,92
-22,53413 , -30,23498 , 2,64702 , 54,94
-22,51261 , -30,35632 , 2,647878 , 54,96
-22,49072 , -30,49165 , 2,648775 , 54,98
-22,46848 , -30,64099 , 2,649709 , 55
-22,4459 , -30,80433 , 2,650681 , 55,02
-22,42299 , -30,98166 , 2,651688 , 55,04
-22,39974 , -31,173 , 2,652731 , 55,06
-22,37618 , -31,37833 , 2,653808 , 55,08
-22,35229 , -31,59767 , 2,65492 , 55,1
-22,3281 , -31,831 , 2,656065 , 55,12
-22,3036 , -32,07834 , 2,657243 , 55,14
-22,27881 , -32,33968 , 2,658453 , 55,16
-22,25371 , -32,18487 , 2,659697 , 55,18
-22,22832 , -32,15393 , 2,660971 , 55,2
-22,2272 , -32,14774 , 2,661049 , 55,22
-22,22494 , -32,1465 , 2,661205 , 55,24
-22,22157 , -32,14626 , 2,661442 , 55,26
-22,21707 , -32,14621 , 2,661758 , 55,28
-22,21144 , -32,14619 , 2,662156 , 55,3
-22,20469 , -32,14619 , 2,662633 , 55,32
-22,19681 , -32,14619 , 2,663189 , 55,34
-22,18781 , -32,14619 , 2,663825 , 55,36
-22,17768 , -32,14619 , 2,664541 , 55,38
-22,16643 , -32,14619 , 2,665335 , 55,4
-22,15405 , -32,14619 , 2,666209 , 55,42
-22,14055 , -32,14619 , 2,667162 , 55,44
-22,12592 , -32,14619 , 2,668195 , 55,46
-22,11017 , -32,14619 , 2,669307 , 55,48
-22,09329 , -32,14619 , 2,670499 , 55,5
-22,07528 , -32,14619 , 2,67177 , 55,52
-22,05616 , -32,14619 , 2,673121 , 55,54
-22,0359 , -32,14619 , 2,674551 , 55,56
-22,01452 , -32,14619 , 2,676061 , 55,58
-21,99202 , -32,14619 , 2,67765 , 55,6
-21,96951 , -32,14619 , 2,679239 , 55,62
-21,94701 , -32,14619 , 2,680828 , 55,64
-21,9245 , -32,14619 , 2,682417 , 55,66
-21,902 , -32,14619 , 2,684006 , 55,68
-21,87949 , -32,14619 , 2,685595 , 55,7
-21,85699 , -32,14619 , 2,687184 , 55,72
-21,83448 , -32,14619 , 2,688773 , 55,74
-21,81198 , -32,14619 , 2,690362 , 55,76
-21,78947 , -32,14619 , 2,691952 , 55,78
-21,76697 , -32,14619 , 2,693541 , 55,8
-21,74446 , -32,14619 , 2,69513 , 55,82
-21,72196 , -32,14619 , 2,696719 , 55,84
-21,69992 , -32,14619 , 2,69829 , 55,86
-21,67787 , -32,14619 , 2,699862 , 55,88
-21,65583 , -32,14619 , 2,701434 , 55,9
-21,63379 , -32,14619 , 2,703005 , 55,92
-21,61359 , -32,14619 , 2,704504 , 55,94
-21,5934 , -32,14619 , 2,706003 , 55,96
-21,57643 , -32,14619 , 2,707359 , 55,98
-21,55947 , -32,14619 , 2,708714 , 56
-21,54481 , -32,14619 , 2,709954 , 56,02
-21,53015 , -32,14619 , 2,711194 , 56,04
-21,51734 , -32,14619 , 2,71233 , 56,06
-21,50452 , -32,14619 , 2,713467 , 56,08
-21,49171 , -32,14619 , 2,714603 , 56,1
-21,47981 , -32,14619 , 2,715684 , 56,12
-21,46792 , -32,14619 , 2,716766 , 56,14
-21,45695 , -32,14619 , 2,717789 , 56,16
-21,44598 , -32,14619 , 2,718812 , 56,18
-21,43776 , -32,14619 , 2,719641 , 56,2
-21,42955 , -32,14619 , 2,720471 , 56,22
-21,42497 , -32,14619 , 2,721056 , 56,24
-21,42038 , -32,14619 , 2,721642 , 56,26
-21,42038 , -32,14619 , 2,721642 , 56,28
-21,42038 , -32,14619 , 2,721642 , 56,3
-21,42038 , -32,14619 , 2,721642 , 56,32
-21,42038 , -32,14619 , 2,721642 , 56,34
-21,42038 , -32,14619 , 2,721642 , 56,36
-21,42038 , -32,14619 , 2,721642 , 56,38
-21,42038 , -32,14619 , 2,721642 , 56,4
-21,42038 , -32,14619 , 2,721642 , 56,42
-21,42038 , -32,14619 , 2,721642 , 56,44
-21,42038 , -32,14619 , 2,721642 , 56,46
-21,42038 , -32,14619 , 2,721642 , 56,48
-21,42038 , -32,14619 , 2,721642 , 56,5
-21,42038 , -32,14619 , 2,721642 , 56,52
-21,42171 , -32,14619 , 2,727016 , 56,54
-21,42305 , -32,14619 , 2,73239 , 56,56
-21,43049 , -32,14619 , 2,750322 , 56,58
-21,43794 , -32,14619 , 2,768254 , 56,6
-21,4473 , -32,14619 , 2,789726 , 56,62
-21,45666 , -32,14619 , 2,811199 , 56,64
-21,46764 , -32,14619 , 2,835721 , 56,66
-21,47862 , -32,14619 , 2,860243 , 56,68
-21,49249 , -32,14619 , 2,889979 , 56,7
-21,50636 , -32,14619 , 2,919715 , 56,72
-21,52023 , -32,14619 , 2,949451 , 56,74
-21,53572 , -32,14619 , 2,981822 , 56,76
-21,55121 , -32,14619 , 3,014192 , 56,78
-21,56677 , -32,14619 , 3,046952 , 56,8
-21,58233 , -32,14619 , 3,079711 , 56,82
-21,59789 , -32,14619 , 3,11247 , 56,84
-21,61345 , -32,14619 , 3,145229 , 56,86
-21,62902 , -32,14619 , 3,177989 , 56,88
-21,64458 , -32,14619 , 3,210748 , 56,9
-21,66014 , -32,14619 , 3,243507 , 56,92
-21,6757 , -32,14619 , 3,276266 , 56,94
-21,69126 , -32,14619 , 3,309025 , 56,96
-21,70682 , -32,14619 , 3,341784 , 56,98
-21,72238 , -32,14619 , 3,374544 , 57
-21,73612 , -32,14619 , 3,406872 , 57,02
-21,74986 , -32,14619 , 3,4392 , 57,04
-21,76212 , -32,14619 , 3,47119 , 57,06
-21,77438 , -32,14619 , 3,50318 , 57,08
-21,78492 , -32,14619 , 3,534792 , 57,1
-21,79546 , -32,14619 , 3,566404 , 57,12
-21,80571 , -32,14619 , 3,597957 , 57,14
-21,81597 , -32,14619 , 3,629509 , 57,16
-21,82589 , -32,14619 , 3,6606 , 57,18
-21,83581 , -32,14619 , 3,69169 , 57,2
-21,84457 , -32,14619 , 3,722148 , 57,22
-21,85333 , -32,14619 , 3,752607 , 57,24
-21,86209 , -32,14619 , 3,783065 , 57,26
-21,87086 , -32,14619 , 3,813524 , 57,28
-21,87962 , -32,14619 , 3,843982 , 57,3
-21,88838 , -32,14619 , 3,874441 , 57,32
-21,89714 , -32,14619 , 3,904899 , 57,34
-21,9059 , -32,14619 , 3,935358 , 57,36
-21,91467 , -32,14619 , 3,965816 , 57,38
-21,92343 , -32,14619 , 3,996274 , 57,4
-21,93219 , -32,14619 , 4,026733 , 57,42
-21,94095 , -32,14619 , 4,057191 , 57,44
-21,94972 , -32,14619 , 4,08765 , 57,46
-21,95848 , -31,99286 , 4,118108 , 57,48
-21,96724 , -31,85353 , 4,148567 , 57,5
-21,97614 , -31,69588 , 4,179482 , 57,52
-21,98516 , -31,55223 , 4,210845 , 57,54
-21,99431 , -31,38617 , 4,242647 , 57,56
-22,00358 , -31,2341 , 4,274878 , 57,58
-22,01298 , -31,0671 , 4,307532 , 57,6
-22,02249 , -30,9141 , 4,340598 , 57,62
-22,03212 , -30,7751 , 4,374069 , 57,64
-22,04186 , -30,62166 , 4,407937 , 57,66
-22,05172 , -30,48223 , 4,442193 , 57,68
-22,06168 , -30,33078 , 4,47683 , 57,7
-22,07175 , -30,19333 , 4,51184 , 57,72
-22,08193 , -30,04661 , 4,547217 , 57,74
-22,09221 , -29,91388 , 4,582952 , 57,76
-22,10259 , -29,77148 , 4,619038 , 57,78
-22,11307 , -29,64308 , 4,655468 , 57,8
-22,12365 , -29,50677 , 4,692236 , 57,82
-22,13432 , -29,38446 , 4,729334 , 57,84
-22,14509 , -29,25407 , 4,766757 , 57,86
-22,15595 , -29,13769 , 4,804497 , 57,88
-22,1669 , -29,01647 , 4,842549 , 57,9
-22,17793 , -28,90926 , 4,880906 , 57,92
-22,18905 , -28,79865 , 4,919561 , 57,94
-22,20026 , -28,70205 , 4,958509 , 57,96
-22,21155 , -28,60315 , 4,997745 , 57,98
-22,22291 , -28,51826 , 5,037262 , 58
-22,23436 , -28,43291 , 5,077054 , 58,02
-22,24589 , -28,36157 , 5,117117 , 58,04
-22,25749 , -28,29102 , 5,157445 , 58,06
-22,26917 , -28,23446 , 5,198032 , 58,08
-22,28092 , -28,18011 , 5,238873 , 58,1
-22,29274 , -28,13976 , 5,279963 , 58,12
-22,30463 , -28,10283 , 5,321298 , 58,14
-22,31659 , -28,07991 , 5,362872 , 58,16
-22,32862 , -28,06167 , 5,404681 , 58,18
-22,34071 , -28,05743 , 5,446719 , 58,2
-22,35287 , -28,06719 , 5,488983 , 58,22
-22,3651 , -28,09095 , 5,531468 , 58,24
-22,37738 , -28,1165 , 5,574169 , 58,26
-22,38973 , -28,15604 , 5,617082 , 58,28
-22,40213 , -28,20959 , 5,660202 , 58,3
-22,4146 , -28,27713 , 5,703527 , 58,32
-22,42712 , -28,35868 , 5,747051 , 58,34
-22,4397 , -28,45422 , 5,79077 , 58,36
-22,45233 , -28,55466 , 5,834681 , 58,38
-22,46502 , -28,66911 , 5,87878 , 58,4
-22,47775 , -28,79607 , 5,923063 , 58,42
-22,49055 , -28,93703 , 5,967526 , 58,44
-22,50339 , -29,0917 , 6,012166 , 58,46
-22,51628 , -29,26037 , 6,05698 , 58,48
-22,52922 , -29,44304 , 6,101964 , 58,5
-22,54221 , -29,63971 , 6,147113 , 58,52
-22,55525 , -29,85038 , 6,192426 , 58,54
-22,56833 , -30,07505 , 6,237899 , 58,56
-22,58146 , -30,31372 , 6,283528 , 58,58
-22,59463 , -30,56639 , 6,32931 , 58,6
-22,60784 , -30,83306 , 6,375243 , 58,62
-22,6211 , -30,79552 , 6,421323 , 58,64
-22,6344 , -30,788 , 6,467548 , 58,66
-22,6344 , -30,7865 , 6,467548 , 58,68
-22,6344 , -30,7862 , 6,467548 , 58,7
-22,6344 , -30,78614 , 6,467548 , 58,72
-22,6344 , -30,78613 , 6,467548 , 58,74
-22,6344 , -30,78613 , 6,467548 , 58,76
-22,6344 , -30,78613 , 6,467548 , 58,78
-22,6344 , -30,78613 , 6,467548 , 58,8
-22,6344 , -30,78613 , 6,467548 , 58,82
-22,6344 , -30,78613 , 6,467548 , 58,84
-22,6344 , -30,78613 , 6,467548 , 58,86
-22,6344 , -30,78613 , 6,467548 , 58,88
-22,6344 , -30,78613 , 6,467548 , 58,9
-22,6344 , -30,78613 , 6,467548 , 58,92
-22,6344 , -30,78613 , 6,467548 , 58,94
-22,6344 , -30,78613 , 6,467548 , 58,96
-22,6344 , -30,78613 , 6,467548 , 58,98
-22,6344 , -30,78613 , 6,467548 , 59
-22,6344 , -30,78613 , 6,467548 , 59,02
-22,6344 , -30,78613 , 6,467548 , 59,04
-22,6344 , -30,78613 , 6,467548 , 59,06
-22,6344 , -30,78613 , 6,467548 , 59,08
-22,6344 , -30,78613 , 6,467548 , 59,1
-22,6344 , -30,78613 , 6,467548 , 59,12
-22,6344 , -30,78613 , 6,467548 , 59,14
-22,6344 , -30,78613 , 6,467548 , 59,16
-22,63695 , -30,78613 , 6,469356 , 59,18
-22,6395 , -30,78613 , 6,471164 , 59,2
-22,64205 , -30,78613 , 6,472972 , 59,22
-22,64442 , -30,78613 , 6,474612 , 59,24
-22,64679 , -30,78613 , 6,476252 , 59,26
-22,64917 , -30,78613 , 6,477892 , 59,28
-22,65154 , -30,78613 , 6,479532 , 59,3
-22,65391 , -30,78613 , 6,481172 , 59,32
-22,65611 , -30,78613 , 6,482649 , 59,34
-22,65831 , -30,78613 , 6,484127 , 59,36
-22,6605 , -30,78613 , 6,485605 , 59,38
-22,66286 , -30,78613 , 6,487119 , 59,4
-22,66522 , -30,78613 , 6,488633 , 59,42
-22,66784 , -30,78613 , 6,489997 , 59,44
-22,67045 , -30,78613 , 6,491361 , 59,46
-22,67306 , -30,78613 , 6,492725 , 59,48
-22,67552 , -30,78613 , 6,493968 , 59,5
-22,67798 , -30,78613 , 6,495211 , 59,52
-22,68029 , -30,78613 , 6,496338 , 59,54
-22,6826 , -30,78613 , 6,497465 , 59,56
-22,68491 , -30,78613 , 6,498592 , 59,58
-22,6876 , -30,78613 , 6,499883 , 59,6
-22,69029 , -30,78613 , 6,501174 , 59,62
-22,69284 , -30,78613 , 6,502353 , 59,64
-22,69538 , -30,78613 , 6,503531 , 59,66
-22,69793 , -30,78613 , 6,50471 , 59,68
-22,70048 , -30,78613 , 6,505889 , 59,7
-22,70302 , -30,78613 , 6,507068 , 59,72
-22,70557 , -30,78613 , 6,508246 , 59,74
-22,70812 , -30,78613 , 6,509425 , 59,76
-22,71066 , -30,78613 , 6,510604 , 59,78
-22,71321 , -30,78613 , 6,511783 , 59,8
-22,71576 , -30,78613 , 6,512961 , 59,82
-22,7183 , -30,78613 , 6,51414 , 59,84
-22,72085 , -30,78613 , 6,515319 , 59,86
-22,72339 , -30,78613 , 6,516498 , 59,88
-22,72594 , -30,78613 , 6,517676 , 59,9
-22,72849 , -30,78613 , 6,518855 , 59,92
-22,73103 , -30,78613 , 6,520034 , 59,94
-22,73358 , -30,78613 , 6,521213 , 59,96
-22,73613 , -30,78613 , 6,522391 , 59,98
-22,73867 , -30,78613 , 6,52357 , 60
-22,74122 , -30,78613 , 6,524749 , 60,02
-22,74376 , -30,78613 , 6,525928 , 60,04
-22,74631 , -30,78613 , 6,527106 , 60,06
-22,74886 , -30,78613 , 6,528285 , 60,08
-22,7514 , -30,78613 , 6,529464 , 60,1
-22,75395 , -30,78613 , 6,530643 , 60,12
-22,7565 , -30,78613 , 6,531821 , 60,14
-22,75904 , -30,78613 , 6,533 , 60,16
-22,76159 , -30,78613 , 6,534179 , 60,18
-22,76414 , -30,78613 , 6,535357 , 60,2
-22,76668 , -30,78613 , 6,536536 , 60,22
-22,76923 , -30,78613 , 6,537715 , 60,24
-22,77177 , -30,78613 , 6,538894 , 60,26
-22,77432 , -30,78613 , 6,540072 , 60,28
-22,77687 , -30,78613 , 6,541251 , 60,3
-22,77941 , -30,78613 , 6,54243 , 60,32
-22,78196 , -30,78613 , 6,543609 , 60,34
-22,78451 , -30,78613 , 6,544787 , 60,36
-22,78705 , -30,78613 , 6,545966 , 60,38
-22,7896 , -30,78613 , 6,547145 , 60,4
-22,79214 , -30,78613 , 6,548324 , 60,42
-22,79469 , -30,78613 , 6,549502 , 60,44
-22,79724 , -30,78613 , 6,550681 , 60,46
-22,79978 , -30,78613 , 6,55186 , 60,48
-22,80233 , -30,78613 , 6,553039 , 60,5
-22,80488 , -30,78613 , 6,554217 , 60,52
-22,80781 , -30,78613 , 6,555553 , 60,54
-22,81075 , -30,78613 , 6,556889 , 60,56
-22,81369 , -30,78613 , 6,558224 , 60,58
-22,81663 , -30,78613 , 6,55956 , 60,6
-22,81956 , -30,78613 , 6,560895 , 60,62
-22,8225 , -30,78613 , 6,562231 , 60,64
-22,82544 , -30,78613 , 6,563567 , 60,66
-22,82837 , -30,78613 , 6,564902 , 60,68
-22,83131 , -30,78613 , 6,566238 , 60,7
-22,83425 , -30,78613 , 6,567574 , 60,72
-22,83719 , -30,78613 , 6,568909 , 60,74
-22,84012 , -30,78613 , 6,570245 , 60,76
-22,84306 , -30,78613 , 6,57158 , 60,78
-22,846 , -30,78613 , 6,572916 , 60,8
-22,84894 , -30,78613 , 6,574252 , 60,82
-22,85187 , -30,78613 , 6,575587 , 60,84
-22,85481 , -30,78613 , 6,576923 , 60,86
-22,85775 , -30,78613 , 6,578259 , 60,88
-22,86069 , -30,78613 , 6,579594 , 60,9
-22,86362 , -30,78613 , 6,58093 , 60,92
-22,86656 , -30,78613 , 6,582265 , 60,94
-22,8695 , -30,78613 , 6,583601 , 60,96
-22,87243 , -30,78613 , 6,584937 , 60,98
-22,87537 , -30,78613 , 6,586272 , 61
-22,87831 , -30,78613 , 6,587608 , 61,02
-22,88125 , -30,78613 , 6,588943 , 61,04
-22,88418 , -30,78613 , 6,590279 , 61,06
-22,88712 , -30,78613 , 6,591615 , 61,08
-22,89006 , -30,78613 , 6,59295 , 61,1
-22,893 , -30,78613 , 6,594286 , 61,12
-22,89593 , -30,78613 , 6,595622 , 61,14
-22,89887 , -30,78613 , 6,596957 , 61,16
-22,90181 , -30,78613 , 6,598293 , 61,18
-22,90475 , -30,78613 , 6,599628 , 61,2
-22,90768 , -30,78613 , 6,600964 , 61,22
-22,91062 , -30,78613 , 6,6023 , 61,24
-22,91356 , -30,78613 , 6,603635 , 61,26
-22,91649 , -30,78613 , 6,604971 , 61,28
-22,91943 , -30,78613 , 6,606307 , 61,3
-22,92237 , -30,78613 , 6,607642 , 61,32
-22,92531 , -30,78613 , 6,608978 , 61,34
-22,92824 , -30,78613 , 6,610313 , 61,36
-22,93118 , -30,78613 , 6,611649 , 61,38
-22,93412 , -30,78613 , 6,612985 , 61,4
-22,93706 , -30,78613 , 6,61432 , 61,42
-22,93999 , -30,78613 , 6,615656 , 61,44
-22,94293 , -30,78613 , 6,616992 , 61,46
-22,94587 , -30,78613 , 6,618327 , 61,48
-22,9488 , -30,78613 , 6,619663 , 61,5
-22,95174 , -30,78613 , 6,620998 , 61,52
-22,95468 , -30,78613 , 6,622334 , 61,54
-22,95762 , -30,78613 , 6,62367 , 61,56
-22,96095 , -30,78613 , 6,625158 , 61,58
-22,96428 , -30,78613 , 6,626646 , 61,6
-22,96761 , -30,78613 , 6,628134 , 61,62
-22,97134 , -30,78613 , 6,629771 , 61,64
-22,97507 , -30,78613 , 6,631408 , 61,66
-22,9788 , -30,78613 , 6,633045 , 61,68
-22,98253 , -30,78613 , 6,634682 , 61,7
-22,98626 , -30,78613 , 6,636319 , 61,72
-22,98999 , -30,78613 , 6,637956 , 61,74
-22,99372 , -30,78613 , 6,639593 , 61,76
-22,99744 , -30,78613 , 6,64123 , 61,78
-23,00117 , -30,78613 , 6,642867 , 61,8
-23,0049 , -30,78613 , 6,644504 , 61,82
-23,00863 , -30,78613 , 6,646141 , 61,84
-23,01236 , -30,78613 , 6,647778 , 61,86
-23,01609 , -30,78613 , 6,649415 , 61,88
-23,01982 , -30,78613 , 6,651052 , 61,9
-23,02355 , -30,78613 , 6,652689 , 61,92
-23,02728 , -30,78613 , 6,654326 , 61,94
-23,031 , -30,78613 , 6,655963 , 61,96
-23,03473 , -30,78613 , 6,6576 , 61,98
-23,03846 , -30,78613 , 6,659237 , 62
-23,04219 , -30,78613 , 6,660874 , 62,02
-23,04592 , -30,78613 , 6,662511 , 62,04
-23,04965 , -30,78613 , 6,664148 , 62,06
-23,05338 , -30,78613 , 6,665785 , 62,08
-23,05711 , -30,78613 , 6,667422 , 62,1
-23,06083 , -30,78613 , 6,669059 , 62,12
-23,06456 , -30,78613 , 6,670696 , 62,14
-23,06829 , -30,78613 , 6,672333 , 62,16
-23,07202 , -30,78613 , 6,67397 , 62,18
-23,07575 , -30,78613 , 6,675607 , 62,2
-23,07948 , -30,78613 , 6,677244 , 62,22
-23,08321 , -30,78613 , 6,678881 , 62,24
-23,08694 , -30,78613 , 6,680518 , 62,26
-23,09067 , -30,78613 , 6,682155 , 62,28
-23,09439 , -30,78613 , 6,683792 , 62,3
-23,09812 , -30,78613 , 6,685429 , 62,32
-23,10185 , -30,78613 , 6,687066 , 62,34
-23,10558 , -30,78613 , 6,688703 , 62,36
-23,10931 , -30,78613 , 6,69034 , 62,38
-23,11304 , -30,78613 , 6,691977 , 62,4
-23,11677 , -30,78613 , 6,693614 , 62,42
-23,1205 , -30,78613 , 6,695251 , 62,44
-23,12423 , -30,78613 , 6,696887 , 62,46
-23,12795 , -30,78613 , 6,698524 , 62,48
-23,13168 , -30,78613 , 6,700161 , 62,5
-23,13541 , -30,78613 , 6,701798 , 62,52
-23,13914 , -30,78613 , 6,703435 , 62,54
-23,14287 , -30,78613 , 6,705072 , 62,56
-23,1466 , -30,78613 , 6,706709 , 62,58
-23,15033 , -30,78613 , 6,708346 , 62,6
-23,15406 , -30,78613 , 6,709983 , 62,62
-23,15779 , -30,78613 , 6,71162 , 62,64
-23,16151 , -30,78613 , 6,713257 , 62,66
-23,16524 , -30,78613 , 6,714894 , 62,68
-23,16897 , -30,78613 , 6,716531 , 62,7
-23,1727 , -30,78613 , 6,718168 , 62,72
-23,17643 , -30,78613 , 6,719805 , 62,74
-23,18016 , -30,78613 , 6,721442 , 62,76
-23,18389 , -30,78613 , 6,723079 , 62,78
-23,18762 , -30,78613 , 6,724716 , 62,8
-23,19135 , -30,78613 , 6,726353 , 62,82
-23,19507 , -30,78613 , 6,72799 , 62,84
-23,1988 , -30,78613 , 6,729627 , 62,86
-23,20253 , -30,78613 , 6,731264 , 62,88
-23,20626 , -30,78613 , 6,732901 , 62,9
-23,20999 , -30,78613 , 6,734538 , 62,92
-23,21372 , -30,78613 , 6,736175 , 62,94
-23,21745 , -30,78613 , 6,737812 , 62,96
-23,22118 , -30,78613 , 6,739449 , 62,98
-23,2249 , -30,78613 , 6,741086 , 63
-23,22863 , -30,78613 , 6,742723 , 63,02
-23,23236 , -30,78613 , 6,74436 , 63,04
-23,23609 , -30,78613 , 6,745997 , 63,06
-23,23982 , -30,78613 , 6,747634 , 63,08
-23,24355 , -30,78613 , 6,749271 , 63,1
-23,24728 , -30,78613 , 6,750908 , 63,12
-23,25101 , -30,78613 , 6,752545 , 63,14
-23,25474 , -30,78613 , 6,754182 , 63,16
-23,25846 , -30,78613 , 6,755819 , 63,18
-23,26219 , -30,78613 , 6,757456 , 63,2
-23,26592 , -30,78613 , 6,759093 , 63,22
-23,26965 , -30,78613 , 6,76073 , 63,24
-23,27338 , -30,78613 , 6,762367 , 63,26
-23,27711 , -30,78613 , 6,764004 , 63,28
-23,28084 , -30,78613 , 6,765641 , 63,3
-23,28457 , -30,78613 , 6,767278 , 63,32
-23,2883 , -30,78613 , 6,768915 , 63,34
-23,29202 , -30,78613 , 6,770552 , 63,36
-23,29575 , -30,78613 , 6,772189 , 63,38
-23,29948 , -30,78613 , 6,773826 , 63,4
-23,30321 , -30,78613 , 6,775463 , 63,42
-23,30694 , -30,78613 , 6,7771 , 63,44
-23,31067 , -30,78613 , 6,778737 , 63,46
-23,3144 , -30,78613 , 6,780374 , 63,48
-23,31813 , -30,78613 , 6,782011 , 63,5
-23,32186 , -30,78613 , 6,783648 , 63,52
-23,32558 , -30,78613 , 6,785285 , 63,54
-23,32931 , -30,78613 , 6,786922 , 63,56
-23,33304 , -30,78613 , 6,788558 , 63,58
-23,33677 , -30,78613 , 6,790195 , 63,6
-23,3405 , -30,78613 , 6,791832 , 63,62
-23,34423 , -30,78613 , 6,793469 , 63,64
-23,34796 , -30,78613 , 6,795106 , 63,66
-23,35169 , -30,78613 , 6,796743 , 63,68
-23,35542 , -30,78613 , 6,79838 , 63,7
-23,35914 , -30,78613 , 6,800017 , 63,72
-23,36368 , -30,78613 , 6,80194 , 63,74
-23,36821 , -30,78613 , 6,803864 , 63,76
-23,37274 , -30,78613 , 6,805787 , 63,78
-23,38058 , -30,78613 , 6,80872 , 63,8
-23,38841 , -30,78613 , 6,811653 , 63,82
-23,403 , -30,78613 , 6,815757 , 63,84
-23,41759 , -30,78613 , 6,819862 , 63,86
-23,43617 , -30,78613 , 6,824586 , 63,88
-23,45476 , -30,78613 , 6,829311 , 63,9
-23,47335 , -30,78613 , 6,834035 , 63,92
-23,49194 , -30,78613 , 6,83876 , 63,94
-23,51053 , -30,78613 , 6,843484 , 63,96
-23,52912 , -30,78613 , 6,848209 , 63,98
-23,54771 , -30,78613 , 6,852933 , 64
-23,5663 , -30,78613 , 6,857658 , 64,02
-23,58489 , -30,78613 , 6,862382 , 64,04
-23,60348 , -30,78613 , 6,867107 , 64,06
-23,62206 , -30,78613 , 6,871831 , 64,08
-23,64065 , -30,78613 , 6,876556 , 64,1
-23,65924 , -30,78613 , 6,88128 , 64,12
-23,67783 , -30,78613 , 6,886005 , 64,14
-23,69642 , -30,78613 , 6,890729 , 64,16
-23,71501 , -30,78613 , 6,895454 , 64,18
-23,7336 , -30,78613 , 6,900178 , 64,2
-23,75219 , -30,78613 , 6,904903 , 64,22
-23,77078 , -30,78613 , 6,909627 , 64,24
-23,78937 , -30,78613 , 6,914352 , 64,26
-23,80795 , -30,78613 , 6,919076 , 64,28
-23,82654 , -30,78613 , 6,923801 , 64,3
-23,84513 , -30,78613 , 6,928525 , 64,32
-23,86372 , -30,78613 , 6,93325 , 64,34
-23,88231 , -30,78613 , 6,937974 , 64,36
-23,90084 , -30,78613 , 6,942503 , 64,38
-23,91937 , -30,78613 , 6,947032 , 64,4
-23,93746 , -30,78613 , 6,9515 , 64,42
-23,95555 , -30,78613 , 6,955967 , 64,43999
-23,97095 , -30,78613 , 6,960039 , 64,46
-23,98636 , -30,78613 , 6,964111 , 64,48
-24,00006 , -30,78613 , 6,968061 , 64,5
-24,01377 , -30,78613 , 6,972011 , 64,52
-24,02747 , -30,78613 , 6,975961 , 64,54
-24,04118 , -30,78613 , 6,979911 , 64,56
-24,05488 , -30,78613 , 6,983861 , 64,58
-24,06727 , -30,78613 , 6,987567 , 64,6
-24,07965 , -30,78613 , 6,991273 , 64,62
-24,08857 , -30,78613 , 6,994241 , 64,64
-24,09748 , -30,78613 , 6,997209 , 64,66
-24,10149 , -30,78613 , 6,998874 , 64,68
-24,10549 , -30,78613 , 7,000538 , 64,7
-24,10789 , -30,78613 , 7,001611 , 64,72
-24,11029 , -30,78613 , 7,002684 , 64,74
-24,11029 , -30,78613 , 7,002684 , 64,76
-24,11029 , -30,78613 , 7,002684 , 64,78
-24,11029 , -30,78613 , 7,002684 , 64,8
-24,11029 , -30,78613 , 7,002684 , 64,82
-24,11029 , -30,78613 , 7,002684 , 64,84
-24,11029 , -30,78613 , 7,002684 , 64,86
-24,11029 , -30,78613 , 7,002684 , 64,88
-24,11029 , -30,78613 , 7,002684 , 64,9
-24,11029 , -30,78613 , 7,002684 , 64,92
-24,11029 , -30,78613 , 7,002684 , 64,93999
-24,11029 , -30,78613 , 7,002684 , 64,96
-24,11029 , -30,78613 , 7,002684 , 64,98
-24,11029 , -30,78613 , 7,002684 , 65
-24,11029 , -30,78613 , 7,002684 , 65,02
-24,11029 , -30,78613 , 7,002684 , 65,04
-24,11029 , -30,78613 , 7,002684 , 65,06
-24,11029 , -30,78613 , 7,002684 , 65,08
-24,11029 , -30,78613 , 7,002684 , 65,1
-24,11029 , -30,78613 , 7,002684 , 65,12
-24,11029 , -30,78613 , 7,002684 , 65,14
-24,11029 , -30,78613 , 7,002684 , 65,16
-24,11029 , -30,78613 , 7,002684 , 65,18
-24,11029 , -30,78613 , 7,002684 , 65,2
-24,11029 , -30,78613 , 7,002684 , 65,22
-24,11029 , -30,78613 , 7,002684 , 65,24
-24,11029 , -30,78613 , 7,002684 , 65,26
-24,11029 , -30,78613 , 7,002684 , 65,28
-24,11029 , -30,78613 , 7,002684 , 65,3
-24,11029 , -30,78613 , 7,002684 , 65,32
-24,11029 , -30,78613 , 7,002684 , 65,34
-24,11029 , -30,78613 , 7,002684 , 65,36
-24,11029 , -30,78613 , 7,002684 , 65,38
-24,11029 , -30,78613 , 7,002684 , 65,4
-24,11029 , -30,78613 , 7,002684 , 65,42
-24,11029 , -30,78613 , 7,002684 , 65,43999
-24,11029 , -30,78613 , 7,002684 , 65,46
-24,11029 , -30,78613 , 7,002684 , 65,48
-24,11029 , -30,78613 , 7,002684 , 65,5
-24,11029 , -30,78613 , 7,002684 , 65,52
-24,11029 , -30,78613 , 7,002684 , 65,54
-24,11029 , -30,78613 , 7,002684 , 65,56
-24,11029 , -30,78613 , 7,002684 , 65,58
-24,11029 , -30,78613 , 7,002684 , 65,6
-24,11029 , -30,78613 , 7,002684 , 65,62
-24,11029 , -30,78613 , 7,002684 , 65,64
-24,11029 , -30,78613 , 7,002684 , 65,66
-24,11029 , -30,78613 , 7,002684 , 65,68
-24,11029 , -30,78613 , 7,002684 , 65,7
-24,11029 , -30,78613 , 7,002684 , 65,72
-24,11029 , -30,78613 , 7,002684 , 65,74
-24,11029 , -30,78613 , 7,002684 , 65,76
-24,11029 , -30,78613 , 7,002684 , 65,78
-24,11029 , -30,78613 , 7,002684 , 65,8
-24,11029 , -30,78613 , 7,002684 , 65,82
-24,11029 , -30,78613 , 7,002684 , 65,84
-24,11029 , -30,78613 , 7,002684 , 65,86
-24,11029 , -30,78613 , 7,002684 , 65,88
-24,11029 , -30,78613 , 7,002684 , 65,9
-24,11029 , -30,78613 , 7,002684 , 65,92
-24,11029 , -30,78613 , 7,002684 , 65,93999
-24,11029 , -30,78613 , 7,002684 , 65,96
-24,11029 , -30,78613 , 7,002684 , 65,98
-24,11029 , -30,78613 , 7,002684 , 66
-24,11029 , -30,78613 , 7,002684 , 66,02
-24,11029 , -30,78613 , 7,002684 , 66,04
-24,11029 , -30,78613 , 7,002684 , 66,06
-24,11029 , -30,78613 , 7,002684 , 66,08
-24,11029 , -30,78613 , 7,002684 , 66,1
-24,11029 , -30,78613 , 7,002684 , 66,12
-24,11029 , -30,78613 , 7,002684 , 66,14
-24,11029 , -30,78613 , 7,002684 , 66,16
-24,11029 , -30,78613 , 7,002684 , 66,18
-24,11029 , -30,78613 , 7,002684 , 66,2
-24,11029 , -30,78613 , 7,002684 , 66,22
-24,11029 , -30,78613 , 7,002684 , 66,24
-24,11029 , -30,78613 , 7,002684 , 66,26
-24,11029 , -30,78613 , 7,002684 , 66,28
-24,11029 , -30,78613 , 7,002684 , 66,3
-24,11029 , -30,78613 , 7,002684 , 66,32
-24,11029 , -30,78613 , 7,002684 , 66,34
-24,11029 , -30,78613 , 7,002684 , 66,36
-24,11029 , -30,78613 , 7,002684 , 66,38
-24,11029 , -30,78613 , 7,002684 , 66,4
-24,11029 , -30,78613 , 7,002684 , 66,42
-24,11029 , -30,78613 , 7,002684 , 66,43999
-24,11029 , -30,78613 , 7,002684 , 66,46
-24,11029 , -30,78613 , 7,002684 , 66,48
-24,11029 , -30,78613 , 7,002684 , 66,5
-24,11029 , -30,78613 , 7,002684 , 66,52
-24,11029 , -30,78613 , 7,002684 , 66,54
-24,11029 , -30,78613 , 7,002684 , 66,56
-24,11029 , -30,78613 , 7,002684 , 66,58
-24,11029 , -30,78613 , 7,002684 , 66,6
-24,11029 , -30,78613 , 7,002684 , 66,62
-24,11029 , -30,78613 , 7,002684 , 66,64
-24,11029 , -30,78613 , 7,002684 , 66,66
-24,11029 , -30,78613 , 7,002684 , 66,68
-24,11029 , -30,78613 , 7,002684 , 66,7
-24,11029 , -30,78613 , 7,002684 , 66,72
-24,11029 , -30,78613 , 7,002684 , 66,74
-24,11029 , -30,78613 , 7,002684 , 66,76
-24,11029 , -30,78613 , 7,002684 , 66,78
-24,11029 , -30,78613 , 7,002684 , 66,8
-24,11029 , -30,78613 , 7,002684 , 66,82
-24,11029 , -30,78613 , 7,002684 , 66,84
-24,11029 , -30,78613 , 7,002684 , 66,86
-24,11029 , -30,78613 , 7,002684 , 66,88
-24,11029 , -30,78613 , 7,002684 , 66,9
-24,11029 , -30,78613 , 7,002684 , 66,92
-24,11029 , -30,78613 , 7,002684 , 66,93999
-24,11029 , -30,78613 , 7,002684 , 66,96
-24,11029 , -30,78613 , 7,002684 , 66,98
-24,11029 , -30,78613 , 7,002684 , 67
-24,11029 , -30,78613 , 7,002684 , 67,02
-24,11029 , -30,78613 , 7,002684 , 67,04
-24,11029 , -30,78613 , 7,002684 , 67,06
-24,11029 , -30,78613 , 7,002684 , 67,08
-24,11029 , -30,78613 , 7,002684 , 67,1
-24,11029 , -30,78613 , 7,002684 , 67,12
-24,11029 , -30,78613 , 7,002684 , 67,14
-24,11029 , -30,78613 , 7,002684 , 67,16
-24,11029 , -30,78613 , 7,002684 , 67,18
-24,11029 , -30,78613 , 7,002684 , 67,2
-24,11029 , -30,78613 , 7,002684 , 67,22
-24,11029 , -30,78613 , 7,002684 , 67,24
-24,11029 , -30,78613 , 7,002684 , 67,26
-24,11029 , -30,78613 , 7,002684 , 67,28
-24,11029 , -30,78613 , 7,002684 , 67,3
-24,11029 , -30,78613 , 7,002684 , 67,32
-24,11029 , -30,78613 , 7,002684 , 67,34
-24,11029 , -30,78613 , 7,002684 , 67,36
-24,11029 , -30,78613 , 7,002684 , 67,38
-24,11029 , -30,78613 , 7,002684 , 67,4
-24,11029 , -30,78613 , 7,002684 , 67,42
-24,11029 , -30,78613 , 7,002684 , 67,43999
-24,11029 , -30,78613 , 7,002684 , 67,46
-24,11029 , -30,78613 , 7,002684 , 67,48
-24,11029 , -30,78613 , 7,002684 , 67,5
-24,11029 , -30,78613 , 7,002684 , 67,52
-24,11029 , -30,78613 , 7,002684 , 67,54
-24,11029 , -30,78613 , 7,002684 , 67,56
-24,11029 , -30,78613 , 7,002684 , 67,58
-24,11029 , -30,78613 , 7,002684 , 67,6
-24,11029 , -30,78613 , 7,002684 , 67,62
-24,11029 , -30,78613 , 7,002684 , 67,64
-24,11029 , -30,78613 , 7,002684 , 67,66
-24,11029 , -30,78613 , 7,002684 , 67,68
-24,11029 , -30,78613 , 7,002684 , 67,7
-24,11029 , -30,78613 , 7,002684 , 67,72
-24,11029 , -30,78613 , 7,002684 , 67,74
-24,11029 , -30,78613 , 7,002684 , 67,76
-24,11029 , -30,78613 , 7,002684 , 67,78
-24,11029 , -30,78613 , 7,002684 , 67,8
-24,11029 , -30,78613 , 7,002684 , 67,82
-24,11029 , -30,78613 , 7,002684 , 67,84
-24,11029 , -30,78613 , 7,002684 , 67,86
-24,11029 , -30,78613 , 7,002684 , 67,88
-24,11029 , -30,78613 , 7,002684 , 67,9
-24,11029 , -30,78613 , 7,002684 , 67,92
-24,11029 , -30,78613 , 7,002684 , 67,93999
-24,11029 , -30,78613 , 7,002684 , 67,96
-24,11029 , -30,78613 , 7,002684 , 67,98
-24,11029 , -30,78613 , 7,002684 , 68
-24,11029 , -30,78613 , 7,002684 , 68,02
-24,11029 , -30,78613 , 7,002684 , 68,04
-24,11029 , -30,78613 , 7,002684 , 68,06
-24,11029 , -30,78613 , 7,002684 , 68,08
-24,11029 , -30,78613 , 7,002684 , 68,1
-24,11029 , -30,78613 , 7,002684 , 68,12
-24,11029 , -30,78613 , 7,002684 , 68,14
-24,11029 , -30,78613 , 7,002684 , 68,16
-24,11029 , -30,78613 , 7,002684 , 68,18
-24,11029 , -30,78613 , 7,002684 , 68,2
-24,11029 , -30,78613 , 7,002684 , 68,22
-24,11029 , -30,78613 , 7,002684 , 68,24
-24,11029 , -30,78613 , 7,002684 , 68,26
-24,11029 , -30,78613 , 7,002684 , 68,28
-24,11029 , -30,78613 , 7,002684 , 68,3
-24,11029 , -30,78613 , 7,002684 , 68,32
-24,11029 , -30,78613 , 7,002684 , 68,34
-24,11029 , -30,78613 , 7,002684 , 68,36
-24,11029 , -30,78613 , 7,002684 , 68,38
-24,11029 , -30,78613 , 7,002684 , 68,4
-24,11029 , -30,78613 , 7,002684 , 68,42
-24,11029 , -30,78613 , 7,002684 , 68,43999
-24,11029 , -30,78613 , 7,002684 , 68,46
-24,11029 , -30,78613 , 7,002684 , 68,48
-24,11029 , -30,78613 , 7,002684 , 68,5
-24,11029 , -30,78613 , 7,002684 , 68,52
-24,11029 , -30,78613 , 7,002684 , 68,54
-24,11029 , -30,78613 , 7,002684 , 68,56
-24,11029 , -30,78613 , 7,002684 , 68,58
-24,11029 , -30,78613 , 7,002684 , 68,6
-24,11138 , -30,78613 , 7,003178 , 68,62
-24,11246 , -30,78613 , 7,003671 , 68,64
-24,11555 , -30,78613 , 7,005121 , 68,66
-24,11863 , -30,78613 , 7,006571 , 68,68
-24,12512 , -30,78613 , 7,009759 , 68,7
-24,13162 , -30,78613 , 7,012948 , 68,72
-24,13968 , -30,78613 , 7,017055 , 68,74
-24,14774 , -30,78613 , 7,021163 , 68,76
-24,15799 , -30,78613 , 7,02675 , 68,78
-24,16823 , -30,78613 , 7,032337 , 68,8
-24,17961 , -30,78613 , 7,038804 , 68,82
-24,19099 , -30,78613 , 7,045271 , 68,84
-24,20238 , -30,78613 , 7,051739 , 68,86
-24,21376 , -30,78613 , 7,058206 , 68,88
-24,22514 , -30,78613 , 7,064673 , 68,9
-24,23889 , -30,78613 , 7,071157 , 68,92
-24,25263 , -30,78613 , 7,077641 , 68,93999
-24,27108 , -30,78613 , 7,083294 , 68,96
-24,28954 , -30,78613 , 7,088947 , 68,98
-24,31167 , -30,78613 , 7,093927 , 69
-24,33381 , -30,78613 , 7,098907 , 69,02
-24,35675 , -30,78613 , 7,103566 , 69,04
-24,3797 , -30,78613 , 7,108224 , 69,06
-24,40432 , -30,78613 , 7,112198 , 69,08
-24,42894 , -30,78613 , 7,116172 , 69,1
-24,45401 , -30,78613 , 7,120182 , 69,12
-24,47908 , -30,78613 , 7,124192 , 69,14
-24,50416 , -30,78613 , 7,128202 , 69,16
-24,52923 , -30,78613 , 7,132213 , 69,18
-24,55431 , -30,78613 , 7,136223 , 69,2
-24,57938 , -30,78613 , 7,140233 , 69,22
-24,60445 , -30,78613 , 7,144243 , 69,24
-24,62953 , -30,78613 , 7,148253 , 69,26
-24,6546 , -30,78613 , 7,152264 , 69,28
-24,67842 , -30,78613 , 7,1568 , 69,3
-24,70223 , -30,78613 , 7,161336 , 69,32
-24,72341 , -30,78613 , 7,166004 , 69,34
-24,74459 , -30,78613 , 7,170672 , 69,36
-24,76369 , -30,78613 , 7,175658 , 69,38
-24,78278 , -30,78613 , 7,180644 , 69,4
-24,80079 , -30,78613 , 7,186223 , 69,42
-24,81881 , -30,78613 , 7,191802 , 69,43999
-24,83682 , -30,78613 , 7,197381 , 69,46
-24,85484 , -30,78613 , 7,20296 , 69,48
-24,87285 , -30,78613 , 7,208539 , 69,5
-24,89087 , -30,78613 , 7,214118 , 69,52
-24,90888 , -30,78613 , 7,219697 , 69,54
-24,9269 , -30,78613 , 7,225276 , 69,56
-24,94491 , -30,78613 , 7,230855 , 69,58
-24,96293 , -30,78613 , 7,236434 , 69,6
-24,98094 , -30,78613 , 7,242013 , 69,62
-24,99896 , -30,78613 , 7,247592 , 69,64
-25,01697 , -30,78613 , 7,253171 , 69,66
-25,03543 , -30,78613 , 7,258824 , 69,68
-25,05388 , -30,78613 , 7,264478 , 69,7
-25,07234 , -30,78613 , 7,270131 , 69,72
-25,0908 , -30,78613 , 7,275784 , 69,74
-25,10925 , -30,78613 , 7,281438 , 69,76
-25,12771 , -30,78613 , 7,287091 , 69,78
-25,14616 , -30,78613 , 7,292745 , 69,8
-25,16462 , -30,78613 , 7,298398 , 69,82
-25,18307 , -30,78613 , 7,304051 , 69,84
-25,20153 , -30,78613 , 7,309705 , 69,86
-25,21998 , -30,78613 , 7,315358 , 69,88
-25,23719 , -30,78613 , 7,320983 , 69,9
-25,2544 , -30,78613 , 7,326608 , 69,92
-25,26934 , -30,78613 , 7,332499 , 69,93999
-25,28428 , -30,78613 , 7,338389 , 69,96
-25,29691 , -30,78613 , 7,344732 , 69,98
-25,30953 , -30,78613 , 7,351075 , 70
-25,31952 , -30,78613 , 7,357719 , 70,02
-25,32952 , -30,78613 , 7,364364 , 70,04
-25,33843 , -30,78613 , 7,371418 , 70,06
-25,34734 , -30,78613 , 7,378472 , 70,08
-25,3562 , -30,78613 , 7,385864 , 70,1
-25,36505 , -30,78613 , 7,393255 , 70,12
-25,37391 , -30,78613 , 7,400647 , 70,14
-25,38277 , -30,78613 , 7,408038 , 70,16
-25,39163 , -30,78613 , 7,41543 , 70,18
-25,40077 , -30,78613 , 7,42333 , 70,2
-25,40991 , -30,78613 , 7,43123 , 70,22
-25,41974 , -30,78613 , 7,440464 , 70,24
-25,42958 , -30,78613 , 7,449698 , 70,26
-25,44021 , -30,78613 , 7,460639 , 70,28
-25,45085 , -30,78613 , 7,47158 , 70,3
-25,46201 , -30,78613 , 7,483717 , 70,32
-25,47317 , -30,78613 , 7,495855 , 70,34
-25,48445 , -30,78613 , 7,508298 , 70,36
-25,49573 , -30,78613 , 7,520741 , 70,38
-25,50714 , -30,78613 , 7,533492 , 70,4
-25,51855 , -30,78613 , 7,546243 , 70,42
-25,53044 , -30,78613 , 7,560251 , 70,43999
-25,54234 , -30,78613 , 7,574259 , 70,46
-25,55424 , -30,78613 , 7,588267 , 70,48
-25,5668 , -30,78613 , 7,60337 , 70,5
-25,57959 , -30,78613 , 7,619126 , 70,52
-25,59239 , -30,78613 , 7,634882 , 70,54
-25,60518 , -30,78613 , 7,650637 , 70,56
-25,61797 , -30,78613 , 7,666393 , 70,58
-25,63076 , -30,78613 , 7,682148 , 70,6
-25,64356 , -30,78613 , 7,697904 , 70,62
-25,65635 , -30,78613 , 7,71366 , 70,64
-25,66914 , -30,78613 , 7,729415 , 70,66
-25,68193 , -30,78613 , 7,745171 , 70,68
-25,69473 , -30,78613 , 7,760927 , 70,7
-25,70752 , -30,78613 , 7,776682 , 70,72
-25,72031 , -30,78613 , 7,792438 , 70,74
-25,7331 , -30,78613 , 7,808194 , 70,76
-25,74609 , -30,78613 , 7,823749 , 70,78
-25,75908 , -30,78613 , 7,839303 , 70,8
-25,77195 , -30,78613 , 7,854535 , 70,82
-25,78482 , -30,78613 , 7,869766 , 70,84
-25,79774 , -30,78613 , 7,883674 , 70,86
-25,81065 , -30,78613 , 7,897583 , 70,88
-25,82357 , -30,78613 , 7,911491 , 70,9
-25,83689 , -30,78613 , 7,925051 , 70,92
-25,85022 , -30,78613 , 7,938611 , 70,93999
-25,86363 , -30,78613 , 7,951703 , 70,96
-25,87705 , -30,78613 , 7,964795 , 70,98
-25,89046 , -30,78613 , 7,977887 , 71
-25,90388 , -30,78613 , 7,990979 , 71,02
-25,91729 , -30,78613 , 8,00407 , 71,04
-25,9307 , -30,78613 , 8,017162 , 71,06
-25,94412 , -30,78613 , 8,030254 , 71,08
-25,95753 , -30,78613 , 8,043346 , 71,1
-25,97095 , -30,78613 , 8,056438 , 71,12
-25,98436 , -30,78613 , 8,06953 , 71,14
-25,99778 , -30,78613 , 8,082623 , 71,16
-26,01119 , -30,78613 , 8,095715 , 71,18
-26,0246 , -30,78613 , 8,108807 , 71,2
-26,03802 , -30,78613 , 8,121899 , 71,22
-26,05143 , -30,78613 , 8,134991 , 71,24
-26,06485 , -30,78613 , 8,148083 , 71,26
-26,07826 , -30,78613 , 8,161175 , 71,28
-26,09168 , -30,78613 , 8,174267 , 71,3
-26,10509 , -30,78613 , 8,187359 , 71,32
-26,11851 , -30,78613 , 8,200451 , 71,34
-26,13192 , -30,78613 , 8,213543 , 71,36
-26,14533 , -30,78613 , 8,226635 , 71,38
-26,15875 , -30,78613 , 8,239727 , 71,4
-26,17207 , -30,78613 , 8,253286 , 71,42
-26,1854 , -30,78613 , 8,266846 , 71,43999
-26,19761 , -30,78613 , 8,280986 , 71,46
-26,20981 , -30,78613 , 8,295126 , 71,48
-26,22122 , -30,78613 , 8,310585 , 71,5
-26,23262 , -30,78613 , 8,326044 , 71,52
-26,24261 , -30,78613 , 8,342382 , 71,54
-26,25259 , -30,78613 , 8,358721 , 71,56
-26,26235 , -30,78613 , 8,375909 , 71,58
-26,27211 , -30,78613 , 8,393097 , 71,6
-26,28186 , -30,78613 , 8,410285 , 71,62
-26,29146 , -30,78613 , 8,427728 , 71,64
-26,30105 , -30,78613 , 8,44517 , 71,66
-26,31048 , -30,78613 , 8,462873 , 71,68
-26,31991 , -30,78613 , 8,480575 , 71,7
-26,32934 , -30,78613 , 8,498277 , 71,72
-26,33876 , -30,78613 , 8,515979 , 71,74
-26,34819 , -30,78613 , 8,533681 , 71,76
-26,35762 , -30,78613 , 8,551383 , 71,78
-26,36705 , -30,78613 , 8,569085 , 71,8
-26,37648 , -30,78613 , 8,586787 , 71,82
-26,3859 , -30,78613 , 8,604489 , 71,84
-26,39533 , -30,78613 , 8,622191 , 71,86
-26,40476 , -30,78613 , 8,639894 , 71,88
-26,41419 , -30,78613 , 8,657596 , 71,9
-26,42362 , -30,78613 , 8,675298 , 71,92
-26,43304 , -30,78613 , 8,693 , 71,93999
-26,44247 , -30,78613 , 8,710702 , 71,96
-26,4519 , -30,78613 , 8,728404 , 71,98
-26,46133 , -30,78613 , 8,746106 , 72
-26,47076 , -30,78613 , 8,763808 , 72,02
-26,48018 , -30,78613 , 8,78151 , 72,04
-26,48961 , -30,78613 , 8,799212 , 72,06
-26,49904 , -30,78613 , 8,816915 , 72,08
-26,50847 , -30,78613 , 8,834617 , 72,1
-26,5179 , -30,78613 , 8,852319 , 72,12
-26,52732 , -30,78613 , 8,870021 , 72,14
-26,53675 , -30,78613 , 8,887723 , 72,16
-26,54604 , -30,78613 , 8,906712 , 72,18
-26,55532 , -30,78613 , 8,9257 , 72,2
-26,56495 , -30,78613 , 8,946204 , 72,22
-26,57459 , -30,78613 , 8,966708 , 72,24
-26,58455 , -30,78613 , 8,988743 , 72,26
-26,59452 , -30,78613 , 9,010777 , 72,28
-26,60503 , -30,78613 , 9,035523 , 72,3
-26,61553 , -30,78613 , 9,060269 , 72,32
-26,62604 , -30,78613 , 9,085015 , 72,34
-26,63683 , -30,78613 , 9,111326 , 72,36
-26,64783 , -30,78613 , 9,138818 , 72,38
-26,65882 , -30,78613 , 9,166309 , 72,4
-26,66982 , -30,78613 , 9,193801 , 72,42
-26,68095 , -30,78613 , 9,222082 , 72,43999
-26,69207 , -30,78613 , 9,250363 , 72,46
-26,70327 , -30,78613 , 9,27904 , 72,48
-26,71446 , -30,78613 , 9,307717 , 72,5
-26,72572 , -30,78613 , 9,33679 , 72,52
-26,73697 , -30,78613 , 9,365863 , 72,54
-26,74829 , -30,78613 , 9,395332 , 72,56
-26,75961 , -30,78613 , 9,424802 , 72,58
-26,77192 , -30,78613 , 9,455272 , 72,6
-26,78423 , -30,78613 , 9,485742 , 72,62
-26,79874 , -30,78613 , 9,5175 , 72,64
-26,81325 , -30,78613 , 9,549258 , 72,66
-26,82843 , -30,78613 , 9,581554 , 72,68
-26,84362 , -30,78613 , 9,613851 , 72,7
-26,85942 , -30,78613 , 9,646296 , 72,72
-26,87523 , -30,78613 , 9,67874 , 72,74
-26,89259 , -30,78613 , 9,711567 , 72,76
-26,90996 , -30,78613 , 9,744393 , 72,78
-26,93009 , -30,78676 , 9,777103 , 72,8
-26,95076 , -30,78866 , 9,809823 , 72,82
-26,97528 , -30,7921 , 9,841627 , 72,84
-27,00045 , -30,7973 , 9,873443 , 72,86
-27,02629 , -30,80434 , 9,90527 , 72,88
-27,05441 , -30,8138 , 9,935832 , 72,9
-27,08325 , -30,82592 , 9,966407 , 72,92
-27,11399 , -30,8414 , 9,996641 , 72,93999
-27,14559 , -30,86078 , 10,02689 , 72,96
-27,17845 , -30,88485 , 10,05628 , 72,98
-27,21209 , -30,91461 , 10,08569 , 73
-27,24644 , -30,95136 , 10,11289 , 73,02
-27,28092 , -30,99679 , 10,14009 , 73,04
-27,31457 , -31,05287 , 10,16264 , 73,06
-27,34588 , -31,12182 , 10,18516 , 73,08
-27,37603 , -31,2055 , 10,20786 , 73,1
-27,40647 , -31,30318 , 10,23078 , 73,12
-27,43704 , -31,41486 , 10,25383 , 73,14
-27,46776 , -31,54054 , 10,277 , 73,16
-27,49844 , -31,68022 , 10,3003 , 73,18
-27,52909 , -31,8339 , 10,32373 , 73,2
-27,5597 , -32,00158 , 10,34728 , 73,22
-27,59028 , -32,18325 , 10,37095 , 73,24
-27,62086 , -32,37893 , 10,39473 , 73,26
-27,55373 , -32,4812 , 10,36079 , 73,28
-27,4796 , -32,61462 , 10,32267 , 73,3
-27,43774 , -32,77721 , 10,3036 , 73,32
-27,39878 , -32,95381 , 10,28612 , 73,34
-27,36149 , -33,14441 , 10,26951 , 73,36
-27,35599 , -33,34901 , 10,25423 , 73,38
-27,35867 , -33,56761 , 10,23987 , 73,4
-27,36128 , -33,80021 , 10,22628 , 73,42
-27,36173 , -34,04681 , 10,2134 , 73,43999
-27,36319 , -34,30742 , 10,20128 , 73,46
-27,36564 , -34,58202 , 10,1899 , 73,48
-27,36906 , -34,40569 , 10,17924 , 73,5
-27,37344 , -34,37043 , 10,16929 , 73,52
-27,37344 , -34,36337 , 10,16929 , 73,54
-27,37344 , -34,36196 , 10,16929 , 73,56
-27,37344 , -34,36168 , 10,16929 , 73,58
-27,37344 , -34,36162 , 10,16929 , 73,6
-27,37344 , -34,36161 , 10,16929 , 73,62
-27,37344 , -34,36161 , 10,16929 , 73,64
-27,37344 , -34,36161 , 10,16929 , 73,66
-27,37344 , -34,36161 , 10,16929 , 73,68
-27,37344 , -34,36161 , 10,16929 , 73,7
-27,37344 , -34,36161 , 10,16929 , 73,72
-27,37344 , -34,36161 , 10,16929 , 73,74
-27,37344 , -34,36161 , 10,16929 , 73,76
-27,37344 , -34,36161 , 10,16929 , 73,78
-27,37344 , -34,36161 , 10,16929 , 73,8
-27,37344 , -34,36161 , 10,16929 , 73,82
-27,37344 , -34,36161 , 10,16929 , 73,84
-27,37344 , -34,36161 , 10,16929 , 73,86
-27,37344 , -34,36161 , 10,16929 , 73,88
-27,37344 , -34,36161 , 10,16929 , 73,9
-27,37344 , -34,36161 , 10,16929 , 73,92
-27,37344 , -34,36161 , 10,16929 , 73,93999
-27,37344 , -34,36161 , 10,16929 , 73,96
-27,37344 , -34,36161 , 10,16929 , 73,98
-27,37344 , -34,36161 , 10,16929 , 74
-27,37344 , -34,36161 , 10,16929 , 74,02
-27,37344 , -34,36161 , 10,16929 , 74,04
-27,37344 , -34,36161 , 10,16929 , 74,06
-27,37344 , -34,36161 , 10,16929 , 74,08
-27,37344 , -34,36161 , 10,16929 , 74,1
-27,37344 , -34,36161 , 10,16929 , 74,12
-27,37344 , -34,36161 , 10,16929 , 74,14
-27,37344 , -34,36161 , 10,16929 , 74,16
-27,37344 , -34,36161 , 10,16929 , 74,18
-27,37344 , -34,36161 , 10,16929 , 74,2
-27,37344 , -34,36161 , 10,16929 , 74,22
-27,37344 , -34,36161 , 10,16929 , 74,24
-27,37344 , -34,36161 , 10,16929 , 74,26
-27,37344 , -34,36161 , 10,16929 , 74,28
-27,37344 , -34,36161 , 10,16929 , 74,3
-27,37344 , -34,36161 , 10,16929 , 74,32
-27,37344 , -34,36161 , 10,16929 , 74,34
-27,37344 , -34,36161 , 10,16929 , 74,36
-27,37344 , -34,36161 , 10,16929 , 74,38
-27,37344 , -34,36161 , 10,16929 , 74,4
-27,37344 , -34,36161 , 10,16929 , 74,42
-27,37344 , -34,36161 , 10,16929 , 74,43999
-27,37344 , -34,36161 , 10,16929 , 74,46
-27,37344 , -34,36161 , 10,16929 , 74,48
-21,54761 , -30,07252 , 8,864672 , 74,5
-21,54761 , -30,08652 , 8,864672 , 74,52
-21,54898 , -30,11452 , 8,865214 , 74,54
-21,55168 , -30,15652 , 8,866289 , 74,56
-21,5557 , -30,21252 , 8,867886 , 74,58
-21,561 , -30,28252 , 8,869993 , 74,6
-21,56757 , -30,36652 , 8,872602 , 74,62
-21,57537 , -30,46452 , 8,875701 , 74,64
-21,58438 , -30,57652 , 8,879281 , 74,66
-21,59458 , -30,70252 , 8,883333 , 74,68
-21,60594 , -30,84252 , 8,887847 , 74,7
-21,61844 , -30,79741 , 8,892814 , 74,72
-21,63206 , -30,78838 , 8,898224 , 74,74
-21,63206 , -30,78658 , 8,898224 , 74,76
-21,63206 , -30,78622 , 8,898224 , 74,78
-21,63206 , -30,78614 , 8,898224 , 74,8
-21,63206 , -30,78613 , 8,898224 , 74,82
-21,63206 , -30,78613 , 8,898224 , 74,84
-21,63206 , -30,78613 , 8,898224 , 74,86
-21,63206 , -30,78613 , 8,898224 , 74,88
-21,63206 , -30,78613 , 8,898224 , 74,9
-21,63206 , -30,78613 , 8,898224 , 74,92
-21,63206 , -30,78613 , 8,898224 , 74,93999
-21,63206 , -30,78613 , 8,898224 , 74,96
-21,63206 , -30,78613 , 8,898224 , 74,98
-21,63206 , -30,78613 , 8,898224 , 75
-21,63206 , -30,78613 , 8,898224 , 75,02
-21,63206 , -30,78613 , 8,898224 , 75,04
-21,63206 , -30,78613 , 8,898224 , 75,06
-21,63206 , -30,78613 , 8,898224 , 75,08
-21,63206 , -30,78613 , 8,898224 , 75,1
-21,63206 , -30,78613 , 8,898224 , 75,12
-21,63206 , -30,78613 , 8,898224 , 75,14
-21,63206 , -30,78613 , 8,898224 , 75,16
-21,63206 , -30,78613 , 8,898224 , 75,18
-21,63206 , -30,78613 , 8,898224 , 75,2
-21,63206 , -30,78613 , 8,898224 , 75,22
-21,63206 , -30,78613 , 8,898224 , 75,24
-21,63206 , -30,78613 , 8,898224 , 75,25999
-21,63206 , -30,78613 , 8,898224 , 75,28
-21,63206 , -30,78613 , 8,898224 , 75,3
-21,63206 , -30,78613 , 8,898224 , 75,32
-21,63206 , -30,78613 , 8,898224 , 75,34
-21,63206 , -30,78613 , 8,898224 , 75,36
-21,63206 , -30,78613 , 8,898224 , 75,38
-21,63206 , -30,78613 , 8,898224 , 75,4
-21,63206 , -30,78613 , 8,898224 , 75,42
-21,63206 , -30,78613 , 8,898224 , 75,43999
-21,63206 , -30,78613 , 8,898224 , 75,46
-21,63206 , -30,78613 , 8,898224 , 75,48
-21,63206 , -30,78613 , 8,898224 , 75,5
-21,63206 , -30,78613 , 8,898224 , 75,52
-21,63361 , -30,78613 , 8,900302 , 75,54
-21,63516 , -30,78613 , 8,90238 , 75,56
-21,63516 , -30,78613 , 8,90238 , 75,58
-21,63516 , -30,78613 , 8,90238 , 75,6
-21,63516 , -30,78613 , 8,90238 , 75,62
-21,63516 , -30,78613 , 8,90238 , 75,64
-21,63516 , -30,78613 , 8,90238 , 75,66
-21,63516 , -30,78613 , 8,90238 , 75,68
-21,63516 , -30,78613 , 8,90238 , 75,7
-21,63516 , -30,78613 , 8,90238 , 75,72
-21,63516 , -30,78613 , 8,90238 , 75,74
-21,63516 , -30,78613 , 8,90238 , 75,75999
-21,63516 , -30,78613 , 8,90238 , 75,78
-21,63516 , -30,78613 , 8,90238 , 75,8
-21,63516 , -30,78613 , 8,90238 , 75,82
-21,63516 , -30,78613 , 8,90238 , 75,84
-21,63516 , -30,78613 , 8,90238 , 75,86
-21,63516 , -30,78613 , 8,90238 , 75,88
-21,63516 , -30,78613 , 8,90238 , 75,9
-21,63516 , -30,78613 , 8,90238 , 75,92
-21,63516 , -30,78613 , 8,90238 , 75,93999
-21,63516 , -30,78613 , 8,90238 , 75,96
-21,63516 , -30,78613 , 8,90238 , 75,98
-21,63516 , -30,78613 , 8,90238 , 76
-21,63516 , -30,78613 , 8,90238 , 76,02
-21,63516 , -30,78613 , 8,90238 , 76,04
-21,63516 , -30,78613 , 8,90238 , 76,06
-21,63516 , -30,78613 , 8,90238 , 76,08
-21,63516 , -30,78613 , 8,90238 , 76,1
-21,63516 , -30,78613 , 8,90238 , 76,12
-21,63516 , -30,78613 , 8,90238 , 76,14
-21,63516 , -30,78613 , 8,90238 , 76,16
-21,63516 , -30,78613 , 8,90238 , 76,18
-21,63516 , -30,78613 , 8,90238 , 76,2
-21,63516 , -30,78613 , 8,90238 , 76,22
-21,63516 , -30,78613 , 8,90238 , 76,24
-21,63516 , -30,78613 , 8,90238 , 76,25999
-21,63516 , -30,78613 , 8,90238 , 76,28
-21,63516 , -30,78613 , 8,90238 , 76,3
-21,63516 , -30,78613 , 8,90238 , 76,32
-21,63516 , -30,78613 , 8,90238 , 76,34
-21,63516 , -30,78613 , 8,90238 , 76,36
-21,63516 , -30,78613 , 8,90238 , 76,38
-21,63516 , -30,78613 , 8,90238 , 76,4
-21,63516 , -30,78613 , 8,90238 , 76,42
-21,63516 , -30,78613 , 8,90238 , 76,43999
-21,63516 , -30,78613 , 8,90238 , 76,46
-21,63516 , -30,78613 , 8,90238 , 76,48
-21,63516 , -30,78613 , 8,90238 , 76,5
-21,63516 , -30,78613 , 8,90238 , 76,52
-21,63516 , -30,78613 , 8,90238 , 76,54
-21,63516 , -30,78613 , 8,90238 , 76,56
-21,63516 , -30,78613 , 8,90238 , 76,58
-21,63516 , -30,78613 , 8,90238 , 76,6
-21,63516 , -30,78613 , 8,90238 , 76,62
-21,63516 , -30,78613 , 8,90238 , 76,64
-21,63516 , -30,78613 , 8,90238 , 76,66
-21,63516 , -30,78613 , 8,90238 , 76,68
-21,63516 , -30,78613 , 8,90238 , 76,7
-21,63516 , -30,78613 , 8,90238 , 76,72
-21,63516 , -30,78613 , 8,90238 , 76,74
-21,63516 , -30,78613 , 8,90238 , 76,75999
-21,63516 , -30,78613 , 8,90238 , 76,78
-21,63516 , -30,78613 , 8,90238 , 76,8
-21,63516 , -30,78613 , 8,90238 , 76,82
-21,63516 , -30,78613 , 8,90238 , 76,84
-21,63516 , -30,78613 , 8,90238 , 76,86
-21,63516 , -30,78613 , 8,90238 , 76,88
-21,63516 , -30,78613 , 8,90238 , 76,9
-21,63516 , -30,78613 , 8,90238 , 76,92
-21,63516 , -30,78613 , 8,90238 , 76,93999
-21,63516 , -30,78613 , 8,90238 , 76,96
-21,63516 , -30,78613 , 8,90238 , 76,98
-21,63516 , -30,78613 , 8,90238 , 77
-21,63516 , -30,78613 , 8,90238 , 77,02
-21,63516 , -30,78613 , 8,90238 , 77,04
-21,63516 , -30,78613 , 8,90238 , 77,06
-21,63516 , -30,78613 , 8,90238 , 77,08
-21,63516 , -30,78613 , 8,90238 , 77,1
-21,63516 , -30,78613 , 8,90238 , 77,12
-21,63516 , -30,78613 , 8,90238 , 77,14
-21,63516 , -30,78613 , 8,90238 , 77,16
-21,63516 , -30,78613 , 8,90238 , 77,18
-21,63516 , -30,78613 , 8,90238 , 77,2
-21,63516 , -30,78613 , 8,90238 , 77,22
-21,63516 , -30,78613 , 8,90238 , 77,24
-21,63516 , -30,78613 , 8,90238 , 77,25999
-21,63516 , -30,78613 , 8,90238 , 77,28
-21,63516 , -30,78613 , 8,90238 , 77,3
-21,63516 , -30,78613 , 8,90238 , 77,32
-21,63516 , -30,78613 , 8,90238 , 77,34
-21,63516 , -30,78613 , 8,90238 , 77,36
-21,63516 , -30,78613 , 8,90238 , 77,38
-21,63516 , -30,78613 , 8,90238 , 77,4
-21,63516 , -30,78613 , 8,90238 , 77,42
-21,63516 , -30,78613 , 8,90238 , 77,43999
-21,63516 , -30,78613 , 8,90238 , 77,46
-21,63516 , -30,78613 , 8,90238 , 77,48
-21,63516 , -30,78613 , 8,90238 , 77,5
-21,63516 , -30,78613 , 8,90238 , 77,52
-21,63516 , -30,78613 , 8,90238 , 77,54
-21,63516 , -30,78613 , 8,90238 , 77,56
-21,63516 , -30,78613 , 8,90238 , 77,58
-21,63516 , -30,78613 , 8,90238 , 77,6
-21,63516 , -30,78613 , 8,90238 , 77,62
-21,63516 , -30,78613 , 8,90238 , 77,64
-21,63516 , -30,78613 , 8,90238 , 77,66
-21,63516 , -30,78613 , 8,90238 , 77,68
-21,63516 , -30,78613 , 8,90238 , 77,7
-21,63516 , -30,78613 , 8,90238 , 77,72
-21,63516 , -30,78613 , 8,90238 , 77,74
-21,63516 , -30,78613 , 8,90238 , 77,75999
-21,63516 , -30,78613 , 8,90238 , 77,78
-21,63516 , -30,78613 , 8,90238 , 77,8
-21,63516 , -30,78613 , 8,90238 , 77,82
-21,63516 , -30,78613 , 8,90238 , 77,84
-21,63516 , -30,78613 , 8,90238 , 77,86
-21,63516 , -30,78613 , 8,90238 , 77,88
-21,63516 , -30,78613 , 8,90238 , 77,9
-21,63516 , -30,78613 , 8,90238 , 77,92
-21,63516 , -30,78613 , 8,90238 , 77,93999
-21,63516 , -30,78613 , 8,90238 , 77,96
-21,63516 , -30,78613 , 8,90238 , 77,98
-21,63516 , -30,78613 , 8,90238 , 78
-21,63516 , -30,78613 , 8,90238 , 78,02
-21,63516 , -30,78613 , 8,90238 , 78,04
-21,63516 , -30,78613 , 8,90238 , 78,06
-21,63516 , -30,78613 , 8,90238 , 78,08
-21,63516 , -30,78613 , 8,90238 , 78,1
-21,63516 , -30,78613 , 8,90238 , 78,12
-21,63516 , -30,78613 , 8,90238 , 78,14
-21,63516 , -30,78613 , 8,90238 , 78,16
-21,63516 , -30,78613 , 8,90238 , 78,18
-21,63516 , -30,78613 , 8,90238 , 78,2
-21,63516 , -30,78613 , 8,90238 , 78,22
-21,63516 , -30,78613 , 8,90238 , 78,24
-21,63516 , -30,78613 , 8,90238 , 78,25999
-21,63516 , -30,78613 , 8,90238 , 78,28
-21,63516 , -30,78613 , 8,90238 , 78,3
-21,63516 , -30,78613 , 8,90238 , 78,32
-21,63516 , -30,78613 , 8,90238 , 78,34
-21,63516 , -30,78613 , 8,90238 , 78,36
-21,63516 , -30,78613 , 8,90238 , 78,38
-21,63516 , -30,78613 , 8,90238 , 78,4
-21,63516 , -30,78613 , 8,90238 , 78,42
-21,63516 , -30,78613 , 8,90238 , 78,43999
-21,63516 , -30,78613 , 8,90238 , 78,46
-21,63516 , -30,78613 , 8,90238 , 78,48
-21,63516 , -30,78613 , 8,90238 , 78,5
-21,63516 , -30,78613 , 8,90238 , 78,52
-21,63516 , -30,78613 , 8,90238 , 78,54
-21,63516 , -30,78613 , 8,90238 , 78,56
-21,63516 , -30,78613 , 8,90238 , 78,58
-21,63516 , -30,78613 , 8,90238 , 78,6
-21,63516 , -30,78613 , 8,90238 , 78,62
-21,63516 , -30,78613 , 8,90238 , 78,64
-21,63516 , -30,78613 , 8,90238 , 78,66
-21,63516 , -30,78613 , 8,90238 , 78,68
-21,63516 , -30,78613 , 8,90238 , 78,7
-21,63516 , -30,78613 , 8,90238 , 78,72
-21,63516 , -30,78613 , 8,90238 , 78,74
-21,63516 , -30,78613 , 8,90238 , 78,75999
-21,63516 , -30,78613 , 8,90238 , 78,78
-21,63516 , -30,78613 , 8,90238 , 78,8
-21,63516 , -30,78613 , 8,90238 , 78,82
-21,63516 , -30,78613 , 8,90238 , 78,84
-21,63516 , -30,78613 , 8,90238 , 78,86
-21,63516 , -30,78613 , 8,90238 , 78,88
-21,63516 , -30,78613 , 8,90238 , 78,9
-21,63516 , -30,78613 , 8,90238 , 78,92
-21,63516 , -30,78613 , 8,90238 , 78,93999
-21,63516 , -30,78613 , 8,90238 , 78,96
-21,63516 , -30,78613 , 8,90238 , 78,98
-21,63516 , -30,78613 , 8,90238 , 79
-21,63516 , -30,78613 , 8,90238 , 79,02
-21,63516 , -30,78613 , 8,90238 , 79,04
-21,63516 , -30,78613 , 8,90238 , 79,06
-21,63516 , -30,78613 , 8,90238 , 79,08
-21,63516 , -30,78613 , 8,90238 , 79,1
-21,63516 , -30,78613 , 8,90238 , 79,12
-21,63516 , -30,78613 , 8,90238 , 79,14
-21,63516 , -30,78613 , 8,90238 , 79,16
-21,63516 , -30,78613 , 8,90238 , 79,18
-21,63516 , -30,78613 , 8,90238 , 79,2
-21,63516 , -30,78613 , 8,90238 , 79,22
-21,63516 , -30,78613 , 8,90238 , 79,24
-21,63516 , -30,78613 , 8,90238 , 79,25999
-21,63516 , -30,78613 , 8,90238 , 79,28
-21,63516 , -30,78613 , 8,90238 , 79,3
-21,63516 , -30,78613 , 8,90238 , 79,32
-21,63516 , -30,78613 , 8,90238 , 79,34
-21,63516 , -30,78613 , 8,90238 , 79,36
-21,63516 , -30,78613 , 8,90238 , 79,38
-21,63516 , -30,78613 , 8,90238 , 79,4
-21,63516 , -30,78613 , 8,90238 , 79,42
-21,63516 , -30,78613 , 8,90238 , 79,43999
-21,63516 , -30,78613 , 8,90238 , 79,46
-21,63516 , -30,78613 , 8,90238 , 79,48
-21,63516 , -30,78613 , 8,90238 , 79,5
-21,63516 , -30,78613 , 8,90238 , 79,52
-21,63516 , -30,78613 , 8,90238 , 79,54
-21,63516 , -30,78613 , 8,90238 , 79,56
-21,63516 , -30,78613 , 8,90238 , 79,58
-21,63516 , -30,78613 , 8,90238 , 79,6
-21,63516 , -30,78613 , 8,90238 , 79,62
-21,63516 , -30,78613 , 8,90238 , 79,64
-21,63516 , -30,78613 , 8,90238 , 79,66
-21,63516 , -30,78613 , 8,90238 , 79,68
-21,63516 , -30,78613 , 8,90238 , 79,7
-21,63516 , -30,78613 , 8,90238 , 79,72
-21,63516 , -30,78613 , 8,90238 , 79,74
-21,63516 , -30,78613 , 8,90238 , 79,75999
-21,63516 , -30,78613 , 8,90238 , 79,78
-21,63516 , -30,78613 , 8,90238 , 79,8
-21,63516 , -30,78613 , 8,90238 , 79,82
-21,63516 , -30,78613 , 8,90238 , 79,84
-21,63516 , -30,78613 , 8,90238 , 79,86
-21,63516 , -30,78613 , 8,90238 , 79,88
-21,63516 , -30,78613 , 8,90238 , 79,9
-21,63516 , -30,78613 , 8,90238 , 79,92
-21,63516 , -30,78613 , 8,90238 , 79,93999
-21,63516 , -30,78613 , 8,90238 , 79,96
-21,63516 , -30,78613 , 8,90238 , 79,98
-21,63516 , -30,78613 , 8,90238 , 80
-21,63516 , -30,78613 , 8,90238 , 80,02
-21,63516 , -30,78613 , 8,90238 , 80,04
-21,63516 , -30,78613 , 8,90238 , 80,06
-21,63516 , -30,78613 , 8,90238 , 80,08
-21,63516 , -30,78613 , 8,90238 , 80,1
-21,63516 , -30,78613 , 8,90238 , 80,12
-21,63516 , -30,78613 , 8,90238 , 80,14
-21,63516 , -30,78613 , 8,90238 , 80,16
-21,63516 , -30,78613 , 8,90238 , 80,18
-21,63516 , -30,78613 , 8,90238 , 80,2
-21,63516 , -30,78613 , 8,90238 , 80,22
-21,63516 , -30,78613 , 8,90238 , 80,24
-21,63516 , -30,78613 , 8,90238 , 80,25999
-21,63516 , -30,78613 , 8,90238 , 80,28
-21,63516 , -30,78613 , 8,90238 , 80,3
-21,63516 , -30,78613 , 8,90238 , 80,32
-21,63516 , -30,78613 , 8,90238 , 80,34
-21,63516 , -30,78613 , 8,90238 , 80,36
-21,63516 , -30,78613 , 8,90238 , 80,38
-21,63516 , -30,78613 , 8,90238 , 80,4
-21,63516 , -30,78613 , 8,90238 , 80,42
-21,63516 , -30,78613 , 8,90238 , 80,43999
-21,63516 , -30,78613 , 8,90238 , 80,46
-21,63516 , -30,78613 , 8,90238 , 80,48
-21,63516 , -30,78613 , 8,90238 , 80,5
-21,63516 , -30,78613 , 8,90238 , 80,52
-21,63516 , -30,78613 , 8,90238 , 80,54
-21,71503 , -30,78613 , 8,897726 , 80,56
-21,79489 , -30,78613 , 8,893072 , 80,58
-21,87476 , -30,78613 , 8,888496 , 80,6
-21,95463 , -30,78613 , 8,883921 , 80,62
-22,0345 , -30,78613 , 8,879345 , 80,64
-22,11437 , -30,78613 , 8,874769 , 80,66
-22,19423 , -30,78613 , 8,870193 , 80,68
-22,2741 , -30,78613 , 8,865618 , 80,7
-22,35351 , -30,78613 , 8,855931 , 80,72
-22,43292 , -30,78613 , 8,846245 , 80,74
-22,51206 , -30,78613 , 8,834541 , 80,75999
-22,5912 , -30,78613 , 8,822838 , 80,78
-22,67062 , -30,78613 , 8,813184 , 80,8
-22,75004 , -30,78613 , 8,80353 , 80,82
-22,82982 , -30,78613 , 8,797598 , 80,84
-22,9096 , -30,78613 , 8,791666 , 80,86
-22,9096 , -30,78613 , 8,791666 , 80,88
-22,9096 , -30,78613 , 8,791666 , 80,9
-22,9096 , -30,78613 , 8,791666 , 80,92
-22,82968 , -30,78613 , 8,78802 , 80,93999
-22,74995 , -30,78613 , 8,781431 , 80,96
-22,67022 , -30,78613 , 8,774842 , 80,98
-22,59057 , -30,78613 , 8,767402 , 81
-22,51092 , -30,78613 , 8,759961 , 81,02
-22,43126 , -30,78613 , 8,752521 , 81,04
-22,35163 , -30,78613 , 8,7449 , 81,06
-22,27199 , -30,78613 , 8,737279 , 81,08
-22,19228 , -30,78613 , 8,730558 , 81,1
-22,11256 , -30,78613 , 8,723838 , 81,12
-22,03284 , -30,78613 , 8,717117 , 81,14
-21,95312 , -30,78613 , 8,710397 , 81,16
-21,87389 , -30,78613 , 8,69936 , 81,18
-21,79465 , -30,78613 , 8,688323 , 81,2
-21,71751 , -30,78613 , 8,667131 , 81,22
-21,64037 , -30,78613 , 8,64594 , 81,24
-21,56379 , -30,78613 , 8,622808 , 81,25999
-21,4872 , -30,78613 , 8,599675 , 81,28
-21,41182 , -30,78613 , 8,572898 , 81,3
-21,33643 , -30,78613 , 8,546121 , 81,32
-21,26437 , -30,78613 , 8,511367 , 81,34
-21,19232 , -30,78613 , 8,476613 , 81,36
-21,12402 , -30,78613 , 8,434953 , 81,38
-21,05572 , -30,78613 , 8,393292 , 81,4
-20,9921 , -30,78613 , 8,344798 , 81,42
-20,92847 , -30,78613 , 8,296304 , 81,43999
-20,87727 , -30,78613 , 8,239307 , 81,46
-20,82607 , -30,78613 , 8,182311 , 81,48
-20,79221 , -30,78613 , 8,122603 , 81,5
-20,75836 , -30,78613 , 8,062896 , 81,52
-20,74069 , -30,78613 , 8,000467 , 81,54
-20,72302 , -30,78613 , 7,938039 , 81,56
-20,71291 , -30,78613 , 7,871228 , 81,58
-20,7028 , -30,78613 , 7,804417 , 81,6
-20,69268 , -30,78613 , 7,737606 , 81,62
-20,68257 , -30,78613 , 7,670794 , 81,64
-20,67246 , -30,78613 , 7,603983 , 81,66
-20,66234 , -30,78613 , 7,537172 , 81,68
-20,65223 , -30,78613 , 7,470361 , 81,7
-20,64212 , -30,78613 , 7,40355 , 81,72
-20,62932 , -30,78613 , 7,337406 , 81,74
-20,61652 , -30,78613 , 7,271261 , 81,75999
-20,59888 , -30,78613 , 7,209245 , 81,78
-20,58124 , -30,78613 , 7,147229 , 81,8
-20,55835 , -30,78613 , 7,091046 , 81,82
-20,53546 , -30,78613 , 7,034863 , 81,84
-20,51257 , -30,78613 , 6,978681 , 81,86
-20,47995 , -30,78613 , 6,938856 , 81,88
-20,44733 , -30,78613 , 6,899031 , 81,9
-20,40155 , -30,78613 , 6,879479 , 81,92
-20,38129 , -30,78613 , 6,879754 , 81,93999
-20,33595 , -30,78613 , 6,895575 , 81,96
-20,28588 , -30,78613 , 6,908418 , 81,98
-20,22093 , -30,78613 , 6,932625 , 82
-20,15245 , -30,78613 , 6,954485 , 82,02
-20,08074 , -30,78613 , 6,976964 , 82,04
-20,00714 , -30,78613 , 6,99794 , 82,06
-19,93219 , -30,78613 , 7,017745 , 82,08
-19,85629 , -30,78613 , 7,036675 , 82,1
-19,77926 , -30,78613 , 7,054294 , 82,12
-19,70078 , -30,78613 , 7,069768 , 82,14
-19,62229 , -30,78613 , 7,085243 , 82,16
-19,5438 , -30,78613 , 7,100717 , 82,18
-19,46531 , -30,78613 , 7,116191 , 82,2
-19,38682 , -30,78613 , 7,131666 , 82,22
-19,30833 , -30,78613 , 7,14714 , 82,24
-19,22984 , -30,78613 , 7,162614 , 82,25999
-19,15135 , -30,78613 , 7,178089 , 82,28
-19,07286 , -30,78613 , 7,193563 , 82,3
-18,99437 , -30,78613 , 7,209037 , 82,32
-18,91588 , -30,78613 , 7,224512 , 82,34
-18,83739 , -30,78613 , 7,239986 , 82,36
-18,75856 , -30,78613 , 7,253622 , 82,38
-18,67956 , -30,78613 , 7,266227 , 82,4
-18,60056 , -30,78613 , 7,278831 , 82,42
-18,52127 , -30,78613 , 7,289424 , 82,43999
-18,44197 , -30,78613 , 7,300016 , 82,46
-18,36217 , -30,79645 , 7,309579 , 82,48
-18,28274 , -30,82076 , 7,319149 , 82,5
-18,20331 , -30,85908 , 7,328718 , 82,52
-18,12363 , -30,9114 , 7,335876 , 82,54
-18,04395 , -30,97772 , 7,343033 , 82,56
-17,96307 , -31,05804 , 7,350203 , 82,58
-17,88101 , -31,15236 , 7,357383 , 82,6
-17,7978 , -31,26068 , 7,364438 , 82,62
-17,71344 , -31,38299 , 7,37137 , 82,64
-17,62798 , -31,51931 , 7,37812 , 82,66
-17,54142 , -31,66963 , 7,384693 , 82,68
-17,45379 , -31,83395 , 7,391052 , 82,7
-17,36512 , -32,01227 , 7,397203 , 82,72
-17,27543 , -32,20459 , 7,403094 , 82,74
-17,24082 , -32,18366 , 7,429718 , 82,75999
-17,20625 , -32,15853 , 7,45647 , 82,78
-17,20418 , -32,15251 , 7,456995 , 82,8
-17,19824 , -32,15044 , 7,457368 , 82,82
-17,18804 , -32,14886 , 7,457448 , 82,84
-17,17345 , -32,14738 , 7,457201 , 82,86
-17,1544 , -32,14619 , 7,456588 , 82,88
-17,13083 , -32,1457 , 7,455588 , 82,9
-17,10286 , -32,14609 , 7,454247 , 82,92
-17,0709 , -32,14617 , 7,452714 , 82,93999
-17,03494 , -32,14619 , 7,450988 , 82,96
-16,99498 , -32,14619 , 7,449071 , 82,98
-16,95236 , -32,14619 , 7,443418 , 83
-16,90705 , -32,14619 , 7,434487 , 83,02
-16,85878 , -32,14619 , 7,422664 , 83,04
-16,80736 , -32,14619 , 7,408407 , 83,06
-16,75265 , -32,14619 , 7,39182 , 83,08
-16,69457 , -32,14619 , 7,37338 , 83,1
-16,6329 , -32,14619 , 7,35204 , 83,12
-16,56762 , -32,14619 , 7,329397 , 83,14
-16,49861 , -32,14619 , 7,30414 , 83,16
-16,42585 , -32,14619 , 7,277874 , 83,18
-16,35315 , -32,14619 , 7,249986 , 83,2
-16,28038 , -32,14619 , 7,222261 , 83,22
-16,20757 , -32,14619 , 7,192819 , 83,24
-16,13453 , -32,14619 , 7,16399 , 83,25999
-16,06142 , -32,14619 , 7,133996 , 83,28
-15,98803 , -32,14619 , 7,104765 , 83,3
-15,91445 , -32,14619 , 7,076058 , 83,32
-15,84072 , -32,14619 , 7,047712 , 83,34
-15,76681 , -32,14619 , 7,022823 , 83,36
-15,69318 , -32,14618 , 6,997174 , 83,38
-15,62018 , -32,14618 , 6,975626 , 83,4
-15,54778 , -32,14617 , 6,952455 , 83,42
-15,4758 , -32,14616 , 6,928181 , 83,43999
-15,40126 , -31,99086 , 6,911251 , 83,46
-15,32594 , -31,8494 , 6,896443 , 83,48
-15,24998 , -31,72171 , 6,880064 , 83,5
-15,17325 , -31,60787 , 6,862593 , 83,52
-15,09509 , -31,47318 , 6,845869 , 83,54
-15,01558 , -31,35255 , 6,82979 , 83,56
-14,93466 , -31,21764 , 6,8146 , 83,58
-14,85176 , -31,09703 , 6,801931 , 83,6
-14,76771 , -30,96202 , 6,789571 , 83,62
-14,68254 , -30,841 , 6,777513 , 83,64
-14,59628 , -30,70486 , 6,76575 , 83,66
-14,50894 , -30,58271 , 6,754277 , 83,68
-14,42055 , -30,44923 , 6,743089 , 83,7
-14,33113 , -30,32975 , 6,732179 , 83,72
-14,2407 , -30,19964 , 6,721542 , 83,74
-14,14928 , -30,08353 , 6,711173 , 83,75999
-14,05688 , -29,95812 , 6,701065 , 83,78
-13,96354 , -29,84671 , 6,691215 , 83,8
-13,86926 , -29,72732 , 6,681616 , 83,82
-13,77407 , -29,62193 , 6,672264 , 83,84
-13,67798 , -29,51069 , 6,663153 , 83,86
-13,58102 , -29,41345 , 6,65428 , 83,88
-13,48319 , -29,31184 , 6,645638 , 83,9
-13,38452 , -29,22423 , 6,637225 , 83,92
-13,28503 , -29,13309 , 6,629035 , 83,93999
-13,18472 , -29,05595 , 6,621062 , 83,96
-13,08363 , -28,97649 , 6,613305 , 83,98
-12,98175 , -28,91104 , 6,605757 , 84
-12,87911 , -28,84452 , 6,598414 , 84,02
-12,77573 , -28,79201 , 6,591274 , 84,04
-12,67161 , -28,73977 , 6,584331 , 84,06
-12,56678 , -28,70152 , 6,577581 , 84,08
-12,46125 , -28,66481 , 6,571021 , 84,1
-12,35502 , -28,6421 , 6,564647 , 84,12
-12,24812 , -28,62201 , 6,558455 , 84,14
-12,14056 , -28,61592 , 6,552443 , 84,16
-12,03235 , -28,61398 , 6,546605 , 84,18
-11,92351 , -28,62604 , 6,540938 , 84,2
-11,81404 , -28,6436 , 6,535439 , 84,22
-11,70397 , -28,67516 , 6,530106 , 84,24
-11,59329 , -28,71329 , 6,524933 , 84,25999
-11,48203 , -28,76542 , 6,519919 , 84,28
-11,3702 , -28,8256 , 6,515059 , 84,3
-11,2578 , -28,89977 , 6,510352 , 84,32
-11,14485 , -28,9831 , 6,505794 , 84,34
-11,03136 , -29,08043 , 6,501381 , 84,36
-10,91734 , -29,18817 , 6,497111 , 84,38
-10,8028 , -29,3099 , 6,492982 , 84,4
-10,68775 , -29,44358 , 6,48899 , 84,42
-10,57221 , -29,59125 , 6,485132 , 84,43999
-10,45618 , -29,75199 , 6,481443 , 84,46
-10,33966 , -29,92673 , 6,47792 , 84,48
-10,22269 , -30,11546 , 6,474605 , 84,5
-10,10525 , -30,3182 , 6,471494 , 84,52
-9,987377 , -30,53493 , 6,468688 , 84,54
-9,86907 , -30,76567 , 6,466183 , 84,56
-9,750748 , -31,0104 , 6,46404 , 84,58
-9,550721 , -31,10035 , 6,456529 , 84,6
-9,370877 , -31,24283 , 6,450812 , 84,62
-9,351033 , -31,39932 , 6,451333 , 84,64
-9,329753 , -31,5698 , 6,452304 , 84,66
-9,307065 , -31,75428 , 6,453719 , 84,68
-9,283269 , -31,95276 , 6,455632 , 84,7
-9,258388 , -32,16525 , 6,458035 , 84,72
-9,232705 , -32,39173 , 6,460962 , 84,74
-9,206239 , -32,37436 , 6,464402 , 84,75999
-9,179168 , -32,37088 , 6,468493 , 84,78
-9,177547 , -32,37019 , 6,469522 , 84,8
-9,174556 , -32,37005 , 6,472087 , 84,82
-9,170068 , -32,37002 , 6,475936 , 84,84
-9,165057 , -32,37001 , 6,482252 , 84,86
-9,158793 , -32,37001 , 6,490147 , 84,88
-9,152182 , -32,37001 , 6,500982 , 84,9
-9,144467 , -32,37001 , 6,513624 , 84,92
-9,136703 , -32,37001 , 6,530238 , 84,93999
-9,127969 , -32,37001 , 6,548928 , 84,96
-9,118857 , -32,37001 , 6,572513 , 84,98
-9,108835 , -32,37001 , 6,598457 , 85
-9,097901 , -32,37001 , 6,62676 , 85,02
-9,085575 , -32,37001 , 6,661896 , 85,04
-9,072301 , -32,37001 , 6,699735 , 85,06
-9,056762 , -32,37001 , 6,743461 , 85,08
-9,040187 , -32,37001 , 6,790101 , 85,1
-9,021171 , -32,37001 , 6,842223 , 85,12
-9,001036 , -32,37001 , 6,89741 , 85,14
-8,978639 , -32,37001 , 6,95733 , 85,16
-8,955063 , -32,37001 , 7,020402 , 85,18
-8,929207 , -32,37001 , 7,085352 , 85,2
-8,903351 , -32,37001 , 7,150301 , 85,22
-8,871948 , -32,37001 , 7,217122 , 85,24
-8,833658 , -32,37001 , 7,283258 , 85,25999
-8,795368 , -32,37001 , 7,349395 , 85,28
-8,747657 , -32,37001 , 7,412223 , 85,3
-8,699945 , -32,37001 , 7,475051 , 85,32
-8,640446 , -32,37001 , 7,528527 , 85,34
-8,580946 , -32,37001 , 7,582004 , 85,36
-8,511798 , -32,37001 , 7,622235 , 85,38
-8,44265 , -32,37001 , 7,662467 , 85,4
-8,368818 , -32,37001 , 7,693272 , 85,42
-8,294987 , -32,37001 , 7,724076 , 85,43999
-8,219637 , -32,37001 , 7,750953 , 85,46
-8,144287 , -32,37001 , 7,77783 , 85,48
-8,068575 , -32,37001 , 7,80367 , 85,5
-7,992863 , -32,37001 , 7,829511 , 85,52
-7,917046 , -32,37001 , 7,855039 , 85,54
-7,841228 , -32,37001 , 7,880567 , 85,56
-7,76541 , -32,37001 , 7,906095 , 85,58
-7,689593 , -32,37001 , 7,931623 , 85,6
-7,613749 , -32,37001 , 7,957073 , 85,62
-7,537905 , -32,37001 , 7,982524 , 85,64
-7,462061 , -32,37001 , 8,007975 , 85,66
-7,386218 , -32,37001 , 8,033425 , 85,68
-7,310374 , -32,37001 , 8,058876 , 85,7
-7,23453 , -32,37001 , 8,084327 , 85,72
-7,158686 , -32,21668 , 8,109777 , 85,74
-7,082842 , -32,07735 , 8,135228 , 85,75999
-7,005861 , -31,92421 , 8,16106 , 85,78
-6,927765 , -31,75672 , 8,187267 , 85,8
-6,848576 , -31,60322 , 8,21384 , 85,82
-6,768317 , -31,43485 , 8,240773 , 85,84
-6,687008 , -31,28048 , 8,268058 , 85,86
-6,604671 , -31,14011 , 8,295688 , 85,88
-6,521326 , -30,98663 , 8,323656 , 85,9
-6,436993 , -30,82196 , 8,351955 , 85,92
-6,351693 , -30,67129 , 8,38058 , 85,93999
-6,265444 , -30,51144 , 8,409523 , 85,96
-6,178265 , -30,3656 , 8,438778 , 85,98
-6,090176 , -30,21305 , 8,468338 , 86
-6,001194 , -30,07449 , 8,498198 , 86,02
-5,911336 , -29,92945 , 8,528351 , 86,04
-5,820622 , -29,79841 , 8,558792 , 86,06
-5,729067 , -29,66095 , 8,589515 , 86,08
-5,636689 , -29,5375 , 8,620514 , 86,1
-5,543504 , -29,4099 , 8,651784 , 86,12
-5,449528 , -29,29631 , 8,683319 , 86,14
-5,354777 , -29,17893 , 8,715115 , 86,16
-5,259267 , -29,07555 , 8,747165 , 86,18
-5,163012 , -28,96982 , 8,779465 , 86,2
-5,066028 , -28,86301 , 8,81201 , 86,22
-4,968328 , -28,7702 , 8,844794 , 86,24
-4,869929 , -28,67729 , 8,877814 , 86,25999
-4,770843 , -28,59839 , 8,911065 , 86,28
-4,671083 , -28,5206 , 8,944541 , 86,3
-4,570665 , -28,45681 , 8,978238 , 86,32
-4,469601 , -28,39524 , 9,012153 , 86,34
-4,367904 , -28,34767 , 9,046279 , 86,36
-4,265585 , -28,30365 , 9,080614 , 86,38
-4,162659 , -28,27364 , 9,115153 , 86,4
-4,059137 , -28,25763 , 9,149893 , 86,42
-3,95503 , -28,25561 , 9,184828 , 86,43999
-3,850352 , -28,2676 , 9,219954 , 86,46
-3,745112 , -28,29358 , 9,25527 , 86,48
-3,639322 , -28,33357 , 9,29077 , 86,5
-3,532994 , -28,38755 , 9,32645 , 86,52
-3,426137 , -28,45554 , 9,362308 , 86,54
-3,318764 , -28,53753 , 9,39834 , 86,56
-3,210883 , -28,63351 , 9,434542 , 86,58
-3,102505 , -28,7435 , 9,47091 , 86,6
-2,993641 , -28,86748 , 9,507442 , 86,62
-2,884299 , -29,00547 , 9,544133 , 86,64
-2,774489 , -29,15745 , 9,580982 , 86,66
-2,664222 , -29,32344 , 9,617985 , 86,68
-2,553504 , -29,50342 , 9,655138 , 86,7
-2,442347 , -29,69741 , 9,692439 , 86,72
-2,330759 , -29,90539 , 9,729885 , 86,74
-2,218747 , -30,12738 , 9,767473 , 86,75999
-2,106322 , -30,36336 , 9,8052 , 86,78
-1,99349 , -30,61335 , 9,843062 , 86,8
-1,88026 , -30,87733 , 9,881059 , 86,82
-1,766641 , -31,15532 , 9,919186 , 86,84
-1,652619 , -31,44731 , 9,95738 , 86,86
-1,538204 , -31,75329 , 9,995641 , 86,88
-1,423394 , -32,07328 , 10,03393 , 86,9
-1,308196 , -32,40726 , 10,07226 , 86,92
-1,192619 , -32,22916 , 10,11062 , 86,93999
-1,07667 , -32,19354 , 10,14902 , 86,96
-1,072837 , -32,18641 , 10,15016 , 86,98
-1,06517 , -32,18499 , 10,15244 , 87
-1,053669 , -32,1847 , 10,15587 , 87,02
-1,038335 , -32,18465 , 10,16044 , 87,04
-1,019137 , -32,18464 , 10,16605 , 87,06
-0,9961001 , -32,18464 , 10,17277 , 87,08
-0,9691893 , -32,18464 , 10,18051 , 87,1
-0,9384342 , -32,18464 , 10,18935 , 87,12
-0,9038348 , -32,18464 , 10,19929 , 87,14
-0,8654113 , -32,18464 , 10,21041 , 87,16
-0,8231456 , -32,18464 , 10,22264 , 87,18
-0,7770619 , -32,18464 , 10,23607 , 87,2
-0,727138 , -32,18464 , 10,25062 , 87,22
-0,6733903 , -32,18464 , 10,26634 , 87,24
-0,6158035 , -32,18464 , 10,28318 , 87,25999
-0,5545218 , -32,18464 , 10,30164 , 87,28
-0,48941 , -32,18464 , 10,32124 , 87,3
-0,4205222 , -32,18464 , 10,34218 , 87,32
-0,3478073 , -32,18464 , 10,36429 , 87,34
-0,271345 , -32,18464 , 10,38781 , 87,36
-0,194943 , -32,18464 , 10,41154 , 87,38
-0,118541 , -32,18464 , 10,43526 , 87,4
-0,04213899 , -32,18464 , 10,45898 , 87,42
0,03426301 , -32,18464 , 10,4827 , 87,43999
0,110665 , -32,18464 , 10,50642 , 87,46
0,187067 , -32,18464 , 10,53014 , 87,48
0,263469 , -32,18464 , 10,55387 , 87,5
0,339871 , -32,18464 , 10,57759 , 87,52
0,416273 , -32,18464 , 10,60131 , 87,54
0,492675 , -32,18464 , 10,62503 , 87,56
0,569077 , -32,18464 , 10,64875 , 87,58
0,645479 , -32,18464 , 10,67247 , 87,6
0,721881 , -32,18464 , 10,6962 , 87,62
0,798283 , -32,18464 , 10,71992 , 87,64
0,874685 , -32,18464 , 10,74364 , 87,66
0,9510871 , -32,18464 , 10,76736 , 87,68
1,027489 , -32,18464 , 10,79108 , 87,7
1,103891 , -32,18464 , 10,8148 , 87,72
1,180293 , -32,18464 , 10,83853 , 87,74
1,256695 , -32,18464 , 10,86225 , 87,75999
1,333097 , -32,18464 , 10,88597 , 87,78
1,409499 , -32,18464 , 10,90969 , 87,8
1,485901 , -32,18464 , 10,93341 , 87,82
1,562303 , -32,0313 , 10,95714 , 87,84
1,638705 , -31,89197 , 10,98086 , 87,86
1,716253 , -31,73771 , 11,00493 , 87,88
1,794924 , -31,59744 , 11,02936 , 87,9
1,874696 , -31,44317 , 11,05413 , 87,92
1,955546 , -31,27617 , 11,07923 , 87,93999
2,037453 , -31,12317 , 11,10466 , 87,96
2,120397 , -30,9582 , 11,13042 , 87,98
2,204355 , -30,80724 , 11,15649 , 88
2,289309 , -30,64547 , 11,18286 , 88,02
2,375237 , -30,49771 , 11,20954 , 88,04
2,462121 , -30,33822 , 11,23652 , 88,06
2,549942 , -30,19274 , 11,26379 , 88,08
2,63868 , -30,04046 , 11,29134 , 88,1
2,728317 , -29,90218 , 11,31917 , 88,12
2,818836 , -29,75652 , 11,34727 , 88,14
2,910218 , -29,62485 , 11,37565 , 88,16
3,002447 , -29,48711 , 11,40428 , 88,18
3,095505 , -29,36337 , 11,43318 , 88,2
3,189376 , -29,23445 , 11,46232 , 88,22
3,284044 , -29,11953 , 11,49172 , 88,24
3,379493 , -29,00075 , 11,52135 , 88,25999
3,475706 , -28,89596 , 11,55123 , 88,28
3,57267 , -28,78871 , 11,58133 , 88,3
3,670368 , -28,69546 , 11,61167 , 88,32
3,768786 , -28,60109 , 11,64222 , 88,34
3,86791 , -28,52072 , 11,673 , 88,36
3,967726 , -28,4397 , 11,70399 , 88,38
4,068219 , -28,37267 , 11,7352 , 88,4
4,169377 , -28,30606 , 11,7666 , 88,42
4,271185 , -28,25345 , 11,79821 , 88,43999
4,373632 , -28,20259 , 11,83002 , 88,46
4,476704 , -28,16573 , 11,86203 , 88,48
4,580388 , -28,13186 , 11,89422 , 88,5
4,684673 , -28,11198 , 11,9266 , 88,52
4,789546 , -28,09651 , 11,95916 , 88,54
4,894996 , -28,08669 , 11,9919 , 88,56
5,00101 , -28,09087 , 12,02482 , 88,58
5,107579 , -28,10201 , 12,05791 , 88,6
5,21469 , -28,12714 , 12,09116 , 88,62
5,322333 , -28,16042 , 12,12458 , 88,64
5,430497 , -28,20769 , 12,15817 , 88,66
5,539172 , -28,26435 , 12,19191 , 88,68
5,648348 , -28,335 , 12,22581 , 88,7
5,758014 , -28,41625 , 12,25986 , 88,72
5,868161 , -28,51149 , 12,29406 , 88,74
5,978779 , -28,61855 , 12,3284 , 88,75999
