Min X value: -35,92655
Min Y value: -36,21146
Min Z value: -1,907642
Max X value: 9,073447
Max Y value: -21,21146
Max Z value: 23,09236
Key: charpos in X , Y , Z , Time since start capture
-31,65864 , -29,66039 , 4,274608 , 39,6
-31,65839 , -29,67439 , 4,274508 , 39,62
-31,6579 , -29,70239 , 4,274312 , 39,64
-31,65706 , -29,74439 , 4,274015 , 39,66
-31,6559 , -29,80039 , 4,273621 , 39,68
-31,6544 , -29,87039 , 4,273131 , 39,7
-31,65258 , -29,95439 , 4,272547 , 39,72
-31,65045 , -30,05239 , 4,271872 , 39,74
-31,648 , -30,16439 , 4,271106 , 39,76
-31,64526 , -30,29039 , 4,270252 , 39,78
-31,64222 , -30,43039 , 4,269311 , 39,8
-31,63888 , -30,58439 , 4,268285 , 39,82
-31,63527 , -30,75239 , 4,267177 , 39,84
-31,63137 , -30,93439 , 4,265986 , 39,86
-31,6272 , -31,13039 , 4,264717 , 39,88
-31,62276 , -31,34039 , 4,263369 , 39,9
-31,61806 , -31,56438 , 4,261944 , 39,92
-31,61311 , -31,80239 , 4,260444 , 39,94
-31,60789 , -32,05439 , 4,258871 , 39,96
-31,60244 , -32,32038 , 4,257225 , 39,98
-31,59674 , -32,60038 , 4,255509 , 40
-31,5908 , -32,89438 , 4,253723 , 40,02
-31,58463 , -33,20238 , 4,25187 , 40,04
-31,57823 , -33,52438 , 4,249949 , 40,06
-31,57161 , -33,86038 , 4,247964 , 40,08
-31,56477 , -34,21038 , 4,245914 , 40,1
-31,55772 , -34,57438 , 4,243803 , 40,12
-31,55045 , -34,40416 , 4,241629 , 40,14
-31,54298 , -34,37012 , 4,239396 , 40,16
-31,54248 , -34,36331 , 4,239248 , 40,18
-31,54148 , -34,36195 , 4,238952 , 40,2
-31,53997 , -34,36168 , 4,238508 , 40,22
-31,53796 , -34,36162 , 4,237916 , 40,24
-31,53547 , -34,36161 , 4,237212 , 40,26
-31,53248 , -34,36161 , 4,236367 , 40,28
-31,52899 , -34,36161 , 4,235382 , 40,3
-31,52501 , -34,36161 , 4,234256 , 40,32
-31,52053 , -34,36161 , 4,23299 , 40,34
-31,51554 , -34,36161 , 4,231582 , 40,36
-31,50982 , -34,36161 , 4,229987 , 40,38
-31,50358 , -34,36161 , 4,228247 , 40,4
-31,49687 , -34,36161 , 4,226457 , 40,42
-31,48964 , -34,36161 , 4,224529 , 40,44
-31,48157 , -34,36161 , 4,222404 , 40,46
-31,47295 , -34,36161 , 4,220137 , 40,48
-31,4638 , -34,36161 , 4,217728 , 40,5
-31,45411 , -34,36161 , 4,215178 , 40,52
-31,44388 , -34,36161 , 4,212485 , 40,54
-31,43311 , -34,36161 , 4,209651 , 40,56
-31,42234 , -34,36161 , 4,206818 , 40,58
-31,41157 , -34,36161 , 4,203984 , 40,6
-31,4008 , -34,36161 , 4,20115 , 40,62
-31,39003 , -34,36161 , 4,198316 , 40,64
-31,37926 , -34,36161 , 4,195482 , 40,66
-31,36849 , -34,36161 , 4,192648 , 40,68
-31,35773 , -34,36161 , 4,189815 , 40,7
-31,34696 , -34,36161 , 4,186981 , 40,72
-31,33619 , -34,36161 , 4,184147 , 40,74
-31,32542 , -34,36161 , 4,181313 , 40,76
-31,31465 , -34,36161 , 4,178479 , 40,78
-31,30388 , -34,36161 , 4,175645 , 40,8
-31,29022 , -34,36161 , 4,172953 , 40,82
-31,27657 , -34,36161 , 4,170261 , 40,84
-31,25813 , -34,36161 , 4,16812 , 40,86
-31,23968 , -34,36161 , 4,16598 , 40,88
-31,21856 , -34,36161 , 4,164444 , 40,9
-31,19744 , -34,36161 , 4,162908 , 40,92
-31,15503 , -34,36161 , 4,165813 , 40,94
-31,11261 , -34,36161 , 4,168719 , 40,96
-31,06036 , -34,36161 , 4,174692 , 40,98
-31,00811 , -34,36161 , 4,180665 , 41
-30,95121 , -34,36161 , 4,187679 , 41,02
-30,8943 , -34,36161 , 4,194694 , 41,04
-30,82771 , -34,36161 , 4,202032 , 41,06
-30,76111 , -34,36161 , 4,20937 , 41,08
-30,68898 , -34,36161 , 4,216865 , 41,1
-30,61684 , -34,36161 , 4,224359 , 41,12
-30,54424 , -34,36161 , 4,231866 , 41,14
-30,47165 , -34,36161 , 4,239373 , 41,16
-30,39905 , -34,36161 , 4,24688 , 41,18
-30,32645 , -34,36161 , 4,254386 , 41,2
-30,25385 , -34,36161 , 4,261893 , 41,22
-30,18126 , -34,36161 , 4,2694 , 41,24
-30,10866 , -34,36161 , 4,276907 , 41,26
-30,03606 , -34,36161 , 4,284414 , 41,28
-29,96533 , -34,36161 , 4,291247 , 41,3
-29,89461 , -34,36161 , 4,298081 , 41,32
-29,83461 , -34,36161 , 4,301342 , 41,34
-29,77461 , -34,36161 , 4,304602 , 41,36
-29,72346 , -34,36161 , 4,305166 , 41,38
-29,6723 , -34,36161 , 4,305729 , 41,4
-29,62206 , -34,36161 , 4,30601 , 41,42
-29,57183 , -34,36161 , 4,30629 , 41,44
-29,5216 , -34,36161 , 4,306571 , 41,46
-29,47137 , -34,36161 , 4,306851 , 41,48
-29,42114 , -34,36161 , 4,307131 , 41,5
-29,3709 , -34,36161 , 4,307412 , 41,52
-29,32067 , -34,36161 , 4,307692 , 41,54
-29,27044 , -34,36161 , 4,307972 , 41,56
-29,22021 , -34,36161 , 4,308253 , 41,58
-29,16998 , -34,36161 , 4,308533 , 41,6
-29,11835 , -34,36161 , 4,307968 , 41,62
-29,06673 , -34,36161 , 4,307402 , 41,64
-29,01187 , -34,36161 , 4,306826 , 41,66
-28,957 , -34,36161 , 4,306249 , 41,68
-28,89795 , -34,36161 , 4,303594 , 41,7
-28,83889 , -34,36161 , 4,300939 , 41,72
-28,77612 , -34,36161 , 4,297635 , 41,74
-28,71335 , -34,36161 , 4,294331 , 41,76
-28,65058 , -34,36161 , 4,291027 , 41,78
-28,58734 , -34,36161 , 4,287716 , 41,8
-28,52411 , -34,36161 , 4,284406 , 41,82
-28,46087 , -34,36161 , 4,281095 , 41,84
-28,39764 , -34,36161 , 4,277784 , 41,86
-28,3344 , -34,36161 , 4,274474 , 41,88
-28,27117 , -34,36161 , 4,271163 , 41,9
-28,20747 , -34,36161 , 4,267846 , 41,92
-28,14377 , -34,36161 , 4,264528 , 41,94
-28,08008 , -34,36161 , 4,261211 , 41,96
-28,01638 , -34,36161 , 4,257894 , 41,98
-27,95267 , -34,36161 , 4,253972 , 42
-27,88896 , -34,36161 , 4,250051 , 42,02
-27,81969 , -34,36161 , 4,246038 , 42,04
-27,75043 , -34,36161 , 4,242025 , 42,06
-27,67285 , -34,36161 , 4,238531 , 42,08
-27,59526 , -34,36161 , 4,235036 , 42,1
-27,51534 , -34,36161 , 4,231531 , 42,12
-27,43542 , -34,36161 , 4,228025 , 42,14
-27,35549 , -34,36161 , 4,22452 , 42,16
-27,27557 , -34,36161 , 4,221015 , 42,18
-27,19564 , -34,36161 , 4,21751 , 42,2
-27,11572 , -34,36161 , 4,214005 , 42,22
-27,0358 , -34,36161 , 4,210499 , 42,24
-26,95587 , -34,36161 , 4,206994 , 42,26
-26,87595 , -34,36161 , 4,203489 , 42,28
-26,79603 , -34,36161 , 4,199984 , 42,3
-26,7161 , -34,36161 , 4,196478 , 42,32
-26,63618 , -34,36161 , 4,192973 , 42,34
-26,55626 , -34,36161 , 4,189468 , 42,36
-26,48147 , -34,36161 , 4,187579 , 42,38
-26,40668 , -34,36161 , 4,18569 , 42,4
-26,3518 , -34,36161 , 4,18742 , 42,42
-26,29693 , -34,36161 , 4,18915 , 42,44
-26,24714 , -34,36161 , 4,191106 , 42,46
-26,19735 , -34,36161 , 4,193062 , 42,48
-26,15169 , -34,36161 , 4,196318 , 42,5
-26,10603 , -34,36161 , 4,199574 , 42,52
-26,06614 , -34,36161 , 4,205789 , 42,54
-26,02626 , -34,36161 , 4,212004 , 42,56
-25,9935 , -34,36161 , 4,229277 , 42,58
-25,96073 , -34,36161 , 4,246549 , 42,6
-25,92509 , -34,36161 , 4,279503 , 42,62
-25,88945 , -34,36161 , 4,312458 , 42,64
-25,85133 , -34,36161 , 4,352307 , 42,66
-25,81321 , -34,36161 , 4,392156 , 42,68
-25,7751 , -34,36161 , 4,432005 , 42,7
-25,73698 , -34,36161 , 4,471855 , 42,72
-25,69886 , -34,36161 , 4,511704 , 42,74
-25,66075 , -34,36161 , 4,551553 , 42,76
-25,62263 , -34,36161 , 4,591403 , 42,78
-25,58451 , -34,20828 , 4,631252 , 42,8
-25,5464 , -34,06895 , 4,671101 , 42,82
-25,50771 , -33,91365 , 4,711548 , 42,84
-25,46929 , -33,79377 , 4,702976 , 42,86
-25,43062 , -33,65662 , 4,677925 , 42,88
-25,39123 , -33,53107 , 4,66347 , 42,9
-25,35124 , -33,39 , 4,654368 , 42,92
-25,31067 , -33,26293 , 4,649101 , 42,94
-25,26957 , -33,11933 , 4,646533 , 42,96
-25,22795 , -32,98972 , 4,645338 , 42,98
-25,18584 , -32,84929 , 4,644547 , 43
-25,14327 , -32,72285 , 4,643681 , 43,02
-25,10024 , -32,61042 , 4,642842 , 43,04
-25,05676 , -32,4852 , 4,642066 , 43,06
-25,01284 , -32,37399 , 4,641307 , 43,08
-24,96849 , -32,25311 , 4,640567 , 43,1
-24,92371 , -32,14622 , 4,639857 , 43,12
-24,87852 , -32,03112 , 4,639173 , 43,14
-24,83292 , -31,93002 , 4,638529 , 43,16
-24,78692 , -31,82183 , 4,637917 , 43,18
-24,74053 , -31,72763 , 4,637359 , 43,2
-24,69376 , -31,62819 , 4,636844 , 43,22
-24,64661 , -31,54274 , 4,636394 , 43,24
-24,59909 , -31,45374 , 4,635995 , 43,26
-24,55121 , -31,37875 , 4,635595 , 43,28
-24,50298 , -31,30117 , 4,635271 , 43,3
-24,4544 , -31,23759 , 4,635023 , 43,32
-24,40544 , -31,17303 , 4,637059 , 43,34
-24,35613 , -31,12246 , 4,64045 , 43,36
-24,30647 , -31,07221 , 4,645167 , 43,38
-24,25647 , -31,03596 , 4,651186 , 43,4
-24,20613 , -31,00132 , 4,658478 , 43,42
-24,15547 , -30,98068 , 4,667019 , 43,44
-24,10449 , -30,96324 , 4,676784 , 43,46
-24,05319 , -30,95979 , 4,687748 , 43,48
-24,00158 , -30,96079 , 4,699888 , 43,5
-23,94968 , -30,9758 , 4,71318 , 43,52
-23,89747 , -30,99659 , 4,727601 , 43,54
-23,84534 , -31,01609 , 4,721794 , 43,56
-23,79313 , -31,04166 , 4,704635 , 43,58
-23,79155 , -31,07628 , 4,687156 , 43,6
-23,78879 , -31,12272 , 4,664279 , 43,62
-23,78477 , -31,17712 , 4,641969 , 43,64
-23,77945 , -31,24704 , 4,624088 , 43,66
-23,77283 , -31,3264 , 4,612451 , 43,68
-23,76501 , -31,41977 , 4,602441 , 43,7
-23,75602 , -31,52299 , 4,594026 , 43,72
-23,74586 , -31,64021 , 4,587174 , 43,74
-23,73458 , -31,76871 , 4,581854 , 43,76
-23,72219 , -31,91121 , 4,578035 , 43,78
-23,70871 , -32,0664 , 4,575687 , 43,8
-23,69417 , -32,2356 , 4,574781 , 43,82
-23,67858 , -32,41879 , 4,575288 , 43,84
-23,66198 , -32,61598 , 4,577179 , 43,86
-23,64437 , -32,82718 , 4,580428 , 43,88
-23,62577 , -33,05237 , 4,585006 , 43,9
-23,60622 , -33,29156 , 4,590887 , 43,92
-23,58572 , -33,54475 , 4,598045 , 43,94
-23,5643 , -33,81195 , 4,606455 , 43,96
-23,54197 , -34,09314 , 4,616091 , 43,98
-23,51876 , -34,38833 , 4,626929 , 44
-23,49467 , -34,36695 , 4,638946 , 44,02
-23,46974 , -34,36268 , 4,652116 , 44,04
-23,46783 , -34,36182 , 4,654109 , 44,06
-23,46402 , -34,36165 , 4,658093 , 44,08
-23,45819 , -34,36162 , 4,664093 , 44,1
-23,45041 , -34,36161 , 4,672091 , 44,12
-23,4407 , -34,36161 , 4,682001 , 44,14
-23,42905 , -34,36161 , 4,693892 , 44,16
-23,41492 , -34,36161 , 4,707865 , 44,18
-23,39876 , -34,36161 , 4,723835 , 44,2
-23,37967 , -34,36161 , 4,742119 , 44,22
-23,35845 , -34,36161 , 4,762435 , 44,24
-23,33512 , -34,36161 , 4,784783 , 44,26
-23,30715 , -34,36161 , 4,810208 , 44,28
-23,27467 , -34,36161 , 4,838549 , 44,3
-23,23969 , -34,36161 , 4,869071 , 44,32
-23,2022 , -34,36161 , 4,901772 , 44,34
-23,15955 , -34,36161 , 4,937335 , 44,36
-23,11424 , -34,36161 , 4,97512 , 44,38
-23,06626 , -34,36161 , 5,015127 , 44,4
-23,01561 , -34,36161 , 5,057357 , 44,42
-22,9623 , -34,36161 , 5,10181 , 44,44
-22,90898 , -34,36161 , 5,146264 , 44,46
-22,85567 , -34,36161 , 5,190717 , 44,48
-22,80236 , -34,36161 , 5,23517 , 44,5
-22,74905 , -34,36161 , 5,279623 , 44,52
-22,69573 , -34,36161 , 5,324076 , 44,54
-22,64242 , -34,36161 , 5,368529 , 44,56
-22,58911 , -34,36161 , 5,412982 , 44,58
-22,5358 , -34,36161 , 5,457436 , 44,6
-22,5008 , -34,36161 , 5,48236 , 44,62
-22,4658 , -34,36161 , 5,507285 , 44,64
-22,4658 , -34,36161 , 5,507285 , 44,66
-22,4658 , -34,36161 , 5,507285 , 44,68
-22,50276 , -34,36161 , 5,476984 , 44,7
-22,53973 , -34,36161 , 5,446684 , 44,72
-22,60189 , -34,36161 , 5,397514 , 44,74
-22,66406 , -34,36161 , 5,348344 , 44,76
-22,72664 , -34,36161 , 5,29912 , 44,78
-22,78923 , -34,36161 , 5,249896 , 44,8
-22,85182 , -34,36161 , 5,200672 , 44,82
-22,9144 , -34,36161 , 5,151448 , 44,84
-22,97699 , -34,36161 , 5,102224 , 44,86
-23,03957 , -34,36161 , 5,053 , 44,88
-23,10216 , -34,36161 , 5,003777 , 44,9
-23,16475 , -34,36161 , 4,954553 , 44,92
-23,22733 , -34,36161 , 4,905329 , 44,94
-23,28992 , -34,36161 , 4,856105 , 44,96
-23,3525 , -34,36161 , 4,806881 , 44,98
-23,41509 , -34,36161 , 4,757657 , 45
-23,48007 , -34,36161 , 4,711 , 45,02
-23,54506 , -34,36161 , 4,664344 , 45,04
-23,61319 , -34,36161 , 4,622407 , 45,06
-23,68131 , -34,36161 , 4,58047 , 45,08
-23,75116 , -34,36161 , 4,541473 , 45,1
-23,82101 , -34,36161 , 4,502477 , 45,12
-23,89118 , -34,36161 , 4,464048 , 45,14
-23,96135 , -34,36161 , 4,425619 , 45,16
-24,03177 , -34,36161 , 4,38767 , 45,18
-24,1022 , -34,36161 , 4,34972 , 45,2
-24,17355 , -34,36161 , 4,313544 , 45,22
-24,24491 , -34,36161 , 4,277369 , 45,24
-24,31632 , -34,36161 , 4,241303 , 45,26
-24,38773 , -34,36161 , 4,205238 , 45,28
-24,45914 , -34,36161 , 4,169173 , 45,3
-24,53054 , -34,36161 , 4,133108 , 45,32
-24,60195 , -34,36161 , 4,097043 , 45,34
-24,67104 , -34,36161 , 4,056706 , 45,36
-24,74013 , -34,36161 , 4,01637 , 45,38
-24,78435 , -34,36161 , 3,962248 , 45,4
-24,82858 , -34,36161 , 3,908126 , 45,42
-24,85056 , -34,36161 , 3,847255 , 45,44
-24,87255 , -34,36161 , 3,786385 , 45,46
-24,87979 , -34,36161 , 3,724738 , 45,48
-24,88703 , -34,36161 , 3,663092 , 45,5
-24,8728 , -34,36161 , 3,601393 , 45,52
-24,85856 , -34,36161 , 3,539693 , 45,54
-24,84432 , -34,36161 , 3,477994 , 45,56
-24,81677 , -34,36161 , 3,417214 , 45,58
-24,78922 , -34,36161 , 3,356435 , 45,6
-24,74821 , -34,36161 , 3,298337 , 45,62
-24,7072 , -34,36161 , 3,24024 , 45,64
-24,65685 , -34,36161 , 3,183733 , 45,66
-24,6065 , -34,36161 , 3,127226 , 45,68
-24,54975 , -34,36161 , 3,070849 , 45,7
-24,49299 , -34,36161 , 3,014472 , 45,72
-24,43349 , -34,36161 , 2,960989 , 45,74
-24,37399 , -34,36161 , 2,907507 , 45,76
-24,31243 , -34,36161 , 2,85642 , 45,78
-24,25087 , -34,36161 , 2,805332 , 45,8
-24,1879 , -34,36161 , 2,755991 , 45,82
-24,12493 , -34,36161 , 2,706649 , 45,84
-24,06195 , -34,36161 , 2,657308 , 45,86
-23,99764 , -34,36161 , 2,609734 , 45,88
-23,93332 , -34,36161 , 2,56216 , 45,9
-23,86513 , -34,36161 , 2,520328 , 45,92
-23,79694 , -34,36161 , 2,478496 , 45,94
-23,72442 , -34,36161 , 2,444713 , 45,96
-23,6519 , -34,36161 , 2,410929 , 45,98
-23,57603 , -34,36161 , 2,385553 , 46
-23,50016 , -34,36161 , 2,360177 , 46,02
-23,42341 , -34,36161 , 2,337621 , 46,04
-23,34666 , -34,36161 , 2,315064 , 46,06
-23,2699 , -34,36161 , 2,292508 , 46,08
-23,19315 , -34,36161 , 2,269952 , 46,1
-23,1164 , -34,36161 , 2,247396 , 46,12
-23,03964 , -34,36161 , 2,224839 , 46,14
-22,96289 , -34,36161 , 2,202283 , 46,16
-22,88614 , -34,36161 , 2,179727 , 46,18
-22,91286 , -34,36161 , 2,14382 , 46,2
-22,90344 , -34,36161 , 2,112169 , 46,22
-22,89862 , -34,36161 , 2,07992 , 46,24
-22,89088 , -34,36161 , 2,048015 , 46,26
-22,88113 , -34,36161 , 2,016333 , 46,28
-22,86932 , -34,36161 , 1,982557 , 46,3
-22,85383 , -34,36161 , 1,944832 , 46,32
-22,83509 , -34,36161 , 1,902993 , 46,34
-22,80676 , -34,36161 , 1,859172 , 46,36
-22,77239 , -34,36161 , 1,81232 , 46,38
-22,7296 , -34,36161 , 1,766353 , 46,4
-22,66837 , -34,36161 , 1,734699 , 46,42
-22,61131 , -34,36161 , 1,691162 , 46,44
-22,54099 , -34,36161 , 1,660619 , 46,46
-22,46587 , -34,36161 , 1,636915 , 46,48
-22,38735 , -34,36161 , 1,620355 , 46,5
-22,30755 , -34,36161 , 1,614719 , 46,52
-22,22775 , -34,36161 , 1,609082 , 46,54
-22,14778 , -34,36161 , 1,606714 , 46,56
-22,06782 , -34,36161 , 1,604345 , 46,58
-21,98782 , -34,36161 , 1,604892 , 46,6
-21,90782 , -34,36161 , 1,605439 , 46,62
-21,82785 , -34,36161 , 1,607625 , 46,64
-21,74788 , -34,36161 , 1,609812 , 46,66
-21,66794 , -34,36161 , 1,612726 , 46,68
-21,58799 , -34,36161 , 1,61564 , 46,7
-21,50807 , -34,36161 , 1,619282 , 46,72
-21,42815 , -34,36161 , 1,622924 , 46,74
-21,34824 , -34,36161 , 1,626566 , 46,76
-21,26832 , -34,36161 , 1,630207 , 46,78
-21,1884 , -34,36161 , 1,633849 , 46,8
-21,10848 , -34,36161 , 1,637491 , 46,82
-21,02856 , -34,36161 , 1,641132 , 46,84
-20,94865 , -34,36161 , 1,644774 , 46,86
-20,86873 , -34,36161 , 1,648416 , 46,88
-20,78881 , -34,36161 , 1,652058 , 46,9
-20,70889 , -34,36161 , 1,655699 , 46,92
-20,62921 , -34,36161 , 1,662833 , 46,94
-20,54953 , -34,36161 , 1,669967 , 46,96
-20,46985 , -34,36161 , 1,677101 , 46,98
-20,39063 , -34,36161 , 1,688251 , 47
-20,31194 , -34,36161 , 1,702704 , 47,02
-20,23326 , -34,36161 , 1,717156 , 47,04
-20,15458 , -34,36161 , 1,731609 , 47,06
-20,07589 , -34,36161 , 1,746061 , 47,08
-19,99721 , -34,36161 , 1,760513 , 47,1
-19,91853 , -34,36161 , 1,774966 , 47,12
-19,83984 , -34,36161 , 1,789418 , 47,14
-19,76116 , -34,36161 , 1,803871 , 47,16
-19,68247 , -34,36161 , 1,818323 , 47,18
-19,60379 , -34,36161 , 1,832776 , 47,2
-19,52511 , -34,36161 , 1,847228 , 47,22
-19,44642 , -34,36161 , 1,861681 , 47,24
-19,36774 , -34,36161 , 1,876133 , 47,26
-19,28905 , -34,36161 , 1,890586 , 47,28
-19,21037 , -34,36161 , 1,905038 , 47,3
-19,13169 , -34,36161 , 1,91949 , 47,32
-19,053 , -34,36161 , 1,933943 , 47,34
-18,97432 , -34,36161 , 1,948395 , 47,36
-18,89564 , -34,36161 , 1,962848 , 47,38
-18,81695 , -34,36161 , 1,9773 , 47,4
-18,73831 , -34,36161 , 1,991992 , 47,42
-18,65967 , -34,36161 , 2,006685 , 47,44
-18,58117 , -34,36161 , 2,022068 , 47,46
-18,50266 , -34,36161 , 2,037451 , 47,48
-18,42415 , -34,36161 , 2,052834 , 47,5
-18,34565 , -34,36161 , 2,068217 , 47,52
-18,26714 , -34,36161 , 2,0836 , 47,54
-18,18863 , -34,36161 , 2,098983 , 47,56
-18,11013 , -34,36161 , 2,114366 , 47,58
-18,03162 , -34,36161 , 2,129749 , 47,6
-17,95311 , -34,36161 , 2,145132 , 47,62
-17,87461 , -34,36161 , 2,160515 , 47,64
-17,7961 , -34,36161 , 2,175898 , 47,66
-17,71759 , -34,36161 , 2,191281 , 47,68
-17,63909 , -34,36161 , 2,206664 , 47,7
-17,56058 , -34,36161 , 2,222047 , 47,72
-17,48207 , -34,36161 , 2,23743 , 47,74
-17,40357 , -34,36161 , 2,252813 , 47,76
-17,32483 , -34,36161 , 2,266985 , 47,78
-17,2461 , -34,36161 , 2,281157 , 47,8
-17,16694 , -34,36161 , 2,2927 , 47,82
-17,08777 , -34,36161 , 2,304244 , 47,84
-17,00815 , -34,36161 , 2,312044 , 47,86
-16,92854 , -34,36161 , 2,319844 , 47,88
-16,8488 , -34,36161 , 2,326384 , 47,9
-16,76907 , -34,36161 , 2,332924 , 47,92
-16,68934 , -34,36161 , 2,339464 , 47,94
-16,6096 , -34,36161 , 2,346004 , 47,96
-16,52987 , -34,36161 , 2,352543 , 47,98
-16,45014 , -34,36161 , 2,359083 , 48
-16,37041 , -34,36161 , 2,365623 , 48,02
-16,29067 , -34,36161 , 2,372163 , 48,04
-16,21094 , -34,36161 , 2,378703 , 48,06
-16,13121 , -34,36161 , 2,385242 , 48,08
-16,05147 , -34,36161 , 2,391782 , 48,1
-15,97174 , -34,36161 , 2,398322 , 48,12
-15,89201 , -34,36161 , 2,404862 , 48,14
-15,81228 , -34,36161 , 2,411402 , 48,16
-15,73255 , -34,36161 , 2,417942 , 48,18
-15,65281 , -34,36161 , 2,424481 , 48,2
-15,57308 , -34,36161 , 2,431021 , 48,22
-15,49335 , -34,36161 , 2,437561 , 48,24
-15,41362 , -34,36161 , 2,444101 , 48,26
-15,33389 , -34,36161 , 2,450641 , 48,28
-15,25415 , -34,36161 , 2,45718 , 48,3
-15,17442 , -34,36161 , 2,46372 , 48,32
-15,09469 , -34,36161 , 2,47026 , 48,34
-15,01496 , -34,36161 , 2,4768 , 48,36
-14,93523 , -34,36161 , 2,48334 , 48,38
-14,85549 , -34,36161 , 2,48988 , 48,4
-14,77576 , -34,36161 , 2,496419 , 48,42
-14,69603 , -34,36161 , 2,502959 , 48,44
-14,6163 , -34,36161 , 2,509499 , 48,46
-14,53657 , -34,36161 , 2,516039 , 48,48
-14,45683 , -34,36161 , 2,522579 , 48,5
-14,3771 , -34,36161 , 2,529119 , 48,52
-14,29737 , -34,36161 , 2,535658 , 48,54
-14,21764 , -34,36161 , 2,542198 , 48,56
-14,13791 , -34,36161 , 2,548738 , 48,58
-14,05818 , -34,36161 , 2,555278 , 48,6
-13,97844 , -34,36161 , 2,561818 , 48,62
-13,89871 , -34,36161 , 2,568357 , 48,64
-13,81898 , -34,36161 , 2,574897 , 48,66
-13,73925 , -34,36161 , 2,581437 , 48,68
-13,65952 , -34,36161 , 2,587977 , 48,7
-13,57978 , -34,36161 , 2,594517 , 48,72
-13,50005 , -34,36161 , 2,601057 , 48,74
-13,42032 , -34,36161 , 2,607596 , 48,76
-13,34059 , -34,36161 , 2,614136 , 48,78
-13,26086 , -34,36161 , 2,620676 , 48,8
-13,18112 , -34,36161 , 2,627216 , 48,82
-13,10139 , -34,36161 , 2,633756 , 48,84
-13,02166 , -34,36161 , 2,640296 , 48,86
-12,94193 , -34,36161 , 2,646835 , 48,88
-12,8622 , -34,36161 , 2,653375 , 48,9
-12,78246 , -34,36161 , 2,659915 , 48,92
-12,70273 , -34,36161 , 2,666455 , 48,94
-12,623 , -34,36161 , 2,672995 , 48,96
-12,54327 , -34,36161 , 2,679534 , 48,98
-12,46354 , -34,36161 , 2,686074 , 49
-12,3838 , -34,36161 , 2,692614 , 49,02
-12,30407 , -34,36161 , 2,699154 , 49,04
-12,22434 , -34,36161 , 2,705694 , 49,06
-12,14461 , -34,36161 , 2,712234 , 49,08
-12,06488 , -34,36161 , 2,718773 , 49,1
-11,98514 , -34,36161 , 2,725313 , 49,12
-11,90541 , -34,36161 , 2,731853 , 49,14
-11,82568 , -34,36161 , 2,738393 , 49,16
-11,74595 , -34,36161 , 2,744933 , 49,18
-11,66622 , -34,36161 , 2,751472 , 49,2
-11,58647 , -34,36161 , 2,75788 , 49,22
-11,50673 , -34,36161 , 2,764287 , 49,24
-11,42689 , -34,36161 , 2,769364 , 49,26
-11,34705 , -34,36161 , 2,774441 , 49,28
-11,26714 , -34,36161 , 2,778122 , 49,3
-11,18722 , -34,36161 , 2,781803 , 49,32
-11,10728 , -34,36161 , 2,784945 , 49,34
-11,02735 , -34,36161 , 2,788088 , 49,36
-10,94741 , -34,36161 , 2,79123 , 49,38
-10,86744 , -34,36161 , 2,793464 , 49,4
-10,78747 , -34,36161 , 2,795698 , 49,42
-10,70747 , -34,36161 , 2,79634 , 49,44
-10,62748 , -34,36161 , 2,796981 , 49,46
-10,54748 , -34,36161 , 2,797628 , 49,48
-10,46748 , -34,36161 , 2,798276 , 49,5
-10,38749 , -34,36161 , 2,798923 , 49,52
-10,30749 , -34,36161 , 2,79957 , 49,54
-10,22749 , -34,36161 , 2,800218 , 49,56
-10,1475 , -34,36161 , 2,800865 , 49,58
-10,0675 , -34,36161 , 2,801512 , 49,6
-9,987501 , -34,36161 , 2,80216 , 49,62
-9,907504 , -34,36161 , 2,802807 , 49,64
-9,827504 , -34,36161 , 2,803027 , 49,66
-9,747504 , -34,36161 , 2,803246 , 49,68
-9,667527 , -34,36161 , 2,801346 , 49,7
-9,58755 , -34,36161 , 2,799445 , 49,72
-9,507595 , -34,36161 , 2,796762 , 49,74
-9,42764 , -34,36161 , 2,794078 , 49,76
-9,347693 , -34,36161 , 2,791142 , 49,78
-9,267747 , -34,36161 , 2,788205 , 49,8
-9,1878 , -34,36161 , 2,785269 , 49,82
-9,107858 , -34,36161 , 2,78224 , 49,84
-9,027915 , -34,36161 , 2,779212 , 49,86
-8,947969 , -34,36161 , 2,77627 , 49,88
-8,868024 , -34,36161 , 2,773328 , 49,9
-8,804806 , -34,36161 , 2,770921 , 49,92
-8,741588 , -34,36161 , 2,768513 , 49,94
-8,709409 , -34,36161 , 2,76757 , 49,96
-8,67723 , -34,36161 , 2,766626 , 49,98
-8,66492 , -34,36161 , 2,767455 , 50
-8,65261 , -34,36161 , 2,768284 , 50,02
-8,648642 , -34,36161 , 2,769099 , 50,04
-8,644673 , -34,36161 , 2,769913 , 50,06
-8,640705 , -34,36161 , 2,770728 , 50,08
-8,636424 , -34,36161 , 2,772876 , 50,1
-8,632143 , -34,36161 , 2,775023 , 50,12
-8,624756 , -34,36161 , 2,782227 , 50,14
-8,617369 , -34,36161 , 2,789431 , 50,16
-8,60835 , -34,36161 , 2,801572 , 50,18
-8,599331 , -34,36161 , 2,813714 , 50,2
-8,590186 , -34,36161 , 2,826183 , 50,22
-8,581041 , -34,36161 , 2,838653 , 50,24
-8,571897 , -34,36161 , 2,851123 , 50,26
-8,563026 , -34,36161 , 2,863456 , 50,28
-8,554156 , -34,36161 , 2,875788 , 50,3
-8,545286 , -34,20828 , 2,888121 , 50,32
-8,536416 , -34,06895 , 2,900454 , 50,34
-8,527413 , -33,91307 , 2,912971 , 50,36
-8,51828 , -33,77119 , 2,92567 , 50,38
-8,509019 , -33,60782 , 2,938547 , 50,4
-8,499633 , -33,45844 , 2,951598 , 50,42
-8,490124 , -33,29167 , 2,964819 , 50,44
-8,480494 , -33,13889 , 2,978208 , 50,46
-8,470747 , -33,00012 , 2,99176 , 50,48
-8,460884 , -32,8473 , 3,005473 , 50,5
-8,450908 , -32,70848 , 3,019344 , 50,52
-8,440821 , -32,55601 , 3,033369 , 50,54
-8,430625 , -32,41754 , 3,047544 , 50,56
-8,420322 , -32,26824 , 3,061868 , 50,58
-8,409916 , -32,13294 , 3,076338 , 50,6
-8,399407 , -31,98649 , 3,090949 , 50,62
-8,388798 , -31,85405 , 3,1057 , 50,64
-8,37809 , -31,73561 , 3,120587 , 50,66
-8,367286 , -31,63116 , 3,135608 , 50,68
-8,356387 , -31,54072 , 3,150761 , 50,7
-8,345396 , -31,46427 , 3,166042 , 50,72
-8,334314 , -31,40183 , 3,181449 , 50,74
-8,323144 , -31,35338 , 3,19698 , 50,76
-8,311887 , -31,31894 , 3,212631 , 50,78
-8,300545 , -31,29849 , 3,228402 , 50,8
-8,289119 , -31,29205 , 3,244288 , 50,82
-8,277606 , -31,2996 , 3,260301 , 50,84
-8,266009 , -31,32116 , 3,276436 , 50,86
-8,254137 , -31,35671 , 3,292958 , 50,88
-8,241995 , -31,40627 , 3,30986 , 50,9
-8,229589 , -31,46982 , 3,327134 , 50,92
-8,21679 , -31,54738 , 3,345058 , 50,94
-8,203608 , -31,63893 , 3,363619 , 50,96
-8,19003 , -31,74449 , 3,382944 , 50,98
-8,176065 , -31,86404 , 3,403019 , 51
-8,161724 , -31,9976 , 3,423996 , 51,02
-8,147013 , -32,14516 , 3,445856 , 51,04
-8,131911 , -32,30671 , 3,468693 , 51,06
-8,116427 , -32,48227 , 3,492488 , 51,08
-8,101377 , -32,67183 , 3,505195 , 51,1
-8,086946 , -32,87538 , 3,5043 , 51,12
-8,072528 , -33,09294 , 3,498024 , 51,14
-8,057711 , -33,32449 , 3,492385 , 51,16
-8,042348 , -33,57005 , 3,489285 , 51,18
-8,026519 , -33,82961 , 3,487694 , 51,2
-8,010312 , -34,10316 , 3,486462 , 51,22
-7,993753 , -34,39072 , 3,485283 , 51,24
-7,976854 , -34,36743 , 3,484095 , 51,26
-7,959789 , -34,36277 , 3,482898 , 51,28
-7,958831 , -34,36184 , 3,48283 , 51,3
-7,956916 , -34,36166 , 3,482695 , 51,32
-7,954043 , -34,36162 , 3,482492 , 51,34
-7,950212 , -34,36161 , 3,482222 , 51,36
-7,945424 , -34,36161 , 3,481884 , 51,38
-7,939678 , -34,36161 , 3,48148 , 51,4
-7,932974 , -34,36161 , 3,481009 , 51,42
-7,925462 , -34,36161 , 3,480481 , 51,44
-7,917011 , -34,36161 , 3,479887 , 51,46
-7,908671 , -34,36161 , 3,479302 , 51,48
-7,899497 , -34,36161 , 3,478657 , 51,5
-7,889719 , -34,36161 , 3,477971 , 51,52
-7,879125 , -34,36161 , 3,477227 , 51,54
-7,867717 , -34,36161 , 3,476426 , 51,56
-7,855656 , -34,36161 , 3,475581 , 51,58
-7,842791 , -34,36161 , 3,474679 , 51,6
-7,829381 , -34,36161 , 3,47374 , 51,62
-7,815182 , -34,36161 , 3,472744 , 51,64
-7,793909 , -34,36161 , 3,471254 , 51,66
-7,771517 , -34,36161 , 3,469684 , 51,68
-7,73456 , -34,36161 , 3,467096 , 51,7
-7,697604 , -34,36161 , 3,464506 , 51,72
-7,647693 , -34,36161 , 3,46101 , 51,74
-7,597781 , -34,36161 , 3,457512 , 51,76
-7,543249 , -34,36161 , 3,453691 , 51,78
-7,488717 , -34,36161 , 3,44987 , 51,8
-7,430793 , -34,36161 , 3,445811 , 51,82
-7,372869 , -34,36161 , 3,441752 , 51,84
-7,313603 , -34,36161 , 3,437599 , 51,86
-7,254337 , -34,36161 , 3,433446 , 51,88
-7,193339 , -34,36161 , 3,429172 , 51,9
-7,13234 , -34,36161 , 3,424897 , 51,92
-7,070311 , -34,36161 , 3,420549 , 51,94
-7,004327 , -34,36161 , 3,425928 , 51,96
-6,933526 , -34,36161 , 3,44314 , 51,98
-6,863847 , -34,36161 , 3,472749 , 52
-6,794307 , -34,36161 , 3,512299 , 52,02
-6,724767 , -34,36161 , 3,551849 , 52,04
-6,655179 , -34,36161 , 3,591315 , 52,06
-6,585591 , -34,36161 , 3,630781 , 52,08
-6,516004 , -34,36161 , 3,670247 , 52,1
-6,446286 , -34,36161 , 3,709482 , 52,12
-6,376568 , -34,36161 , 3,748717 , 52,14
-6,391726 , -34,36161 , 3,797088 , 52,16
-6,383097 , -34,36161 , 3,849025 , 52,18
-6,362969 , -34,36161 , 3,904411 , 52,2
-6,332311 , -34,36161 , 3,96192 , 52,22
-6,290249 , -34,36161 , 4,019128 , 52,24
-6,236532 , -34,36161 , 4,072501 , 52,26
-6,172195 , -34,36161 , 4,118323 , 52,28
-6,102638 , -34,36161 , 4,157844 , 52,3
-6,034143 , -34,36161 , 4,199177 , 52,32
-5,965649 , -34,36161 , 4,24051 , 52,34
-5,898708 , -34,36161 , 4,284316 , 52,36
-5,831767 , -34,36161 , 4,328122 , 52,38
-5,766896 , -34,36161 , 4,374938 , 52,4
-5,702025 , -34,36161 , 4,421754 , 52,42
-5,638196 , -34,36161 , 4,469981 , 52,44
-5,574367 , -34,36161 , 4,518208 , 52,46
-5,510641 , -34,36161 , 4,566571 , 52,48
-5,446915 , -34,36161 , 4,614934 , 52,5
-5,383189 , -34,36161 , 4,663298 , 52,52
-5,319463 , -34,36161 , 4,711661 , 52,54
-5,255053 , -34,36161 , 4,75911 , 52,56
-5,190643 , -34,36161 , 4,806559 , 52,58
-5,124352 , -34,36161 , 4,851341 , 52,6
-5,05806 , -34,36161 , 4,896123 , 52,62
-4,990058 , -34,36161 , 4,938263 , 52,64
-4,922056 , -34,36161 , 4,980402 , 52,66
-4,852356 , -34,36161 , 5,01967 , 52,68
-4,782657 , -34,36161 , 5,058938 , 52,7
-4,710354 , -34,36161 , 5,093176 , 52,72
-4,638051 , -34,36161 , 5,127415 , 52,74
-4,565748 , -34,36161 , 5,161654 , 52,76
-4,490602 , -34,36161 , 5,189096 , 52,78
-4,415457 , -34,36161 , 5,216539 , 52,8
-4,338811 , -34,36161 , 5,239461 , 52,82
-4,262166 , -34,36161 , 5,262384 , 52,84
-4,184822 , -34,36161 , 5,282826 , 52,86
-4,107477 , -34,36161 , 5,303268 , 52,88
-4,030046 , -34,36161 , 5,32338 , 52,9
-3,952616 , -34,36161 , 5,343492 , 52,92
-3,875185 , -34,36161 , 5,363604 , 52,94
-3,797754 , -34,36161 , 5,383716 , 52,96
-3,720324 , -34,36161 , 5,403828 , 52,98
-3,642893 , -34,36161 , 5,42394 , 53
-3,565462 , -34,36161 , 5,444052 , 53,02
-3,488031 , -34,36161 , 5,464164 , 53,04
-3,410601 , -34,36161 , 5,484276 , 53,06
-3,33317 , -34,36161 , 5,504388 , 53,08
-3,255764 , -34,36161 , 5,524595 , 53,1
-3,178358 , -34,36161 , 5,544802 , 53,12
-3,101002 , -34,36161 , 5,565201 , 53,14
-3,023647 , -34,36161 , 5,5856 , 53,16
-2,946317 , -34,36161 , 5,606097 , 53,18
-2,868988 , -34,36161 , 5,626594 , 53,2
-2,791756 , -34,36161 , 5,647457 , 53,22
-2,714524 , -34,36161 , 5,668321 , 53,24
-2,637306 , -34,36161 , 5,689235 , 53,26
-2,560089 , -34,36161 , 5,710149 , 53,28
-2,482871 , -34,36161 , 5,731063 , 53,3
-2,405653 , -34,36161 , 5,751977 , 53,32
-2,328435 , -34,36161 , 5,772891 , 53,34
-2,251217 , -34,36161 , 5,793805 , 53,36
-2,174 , -34,36161 , 5,814719 , 53,38
-2,096782 , -34,36161 , 5,835633 , 53,4
-2,019564 , -34,36161 , 5,856547 , 53,42
-1,942346 , -34,36161 , 5,877461 , 53,44
-1,865128 , -34,36161 , 5,898376 , 53,46
-1,78791 , -34,36161 , 5,91929 , 53,48
-1,710692 , -34,36161 , 5,940204 , 53,5
-1,633474 , -34,36161 , 5,961118 , 53,52
-1,556256 , -34,36161 , 5,982032 , 53,54
-1,479038 , -34,36161 , 6,002946 , 53,56
-1,40182 , -34,36161 , 6,02386 , 53,58
-1,324602 , -34,36161 , 6,044774 , 53,6
-1,247385 , -34,36161 , 6,065688 , 53,62
-1,170167 , -34,36161 , 6,086602 , 53,64
-1,092949 , -34,36161 , 6,107516 , 53,66
-1,015731 , -34,36161 , 6,12843 , 53,68
-0,9385128 , -34,36161 , 6,149344 , 53,7
-0,8612949 , -34,36161 , 6,170259 , 53,72
-0,7840769 , -34,36161 , 6,191173 , 53,74
-0,706859 , -34,36161 , 6,212087 , 53,76
-0,6296411 , -34,36161 , 6,233001 , 53,78
-0,5524231 , -34,36161 , 6,253915 , 53,8
-0,4752052 , -34,36161 , 6,274829 , 53,82
-0,3979873 , -34,36161 , 6,295743 , 53,84
-0,3207694 , -34,36161 , 6,316657 , 53,86
-0,2435515 , -34,36161 , 6,337571 , 53,88
-0,1663336 , -34,36161 , 6,358485 , 53,9
-0,08911564 , -34,20828 , 6,379399 , 53,92
-0,01189773 , -34,06895 , 6,400313 , 53,94
0,06647846 , -33,91533 , 6,421541 , 53,96
0,1459897 , -33,77572 , 6,443076 , 53,98
0,1940375 , -33,61924 , 6,438536 , 54
0,2398446 , -33,47675 , 6,431268 , 54,02
0,288523 , -33,3208 , 6,425709 , 54,04
0,33709 , -33,17885 , 6,419148 , 54,06
0,3855116 , -33,02467 , 6,4114 , 54,08
0,4340073 , -32,88449 , 6,402532 , 54,1
0,4827543 , -32,7333 , 6,392564 , 54,12
0,5319827 , -32,5961 , 6,381598 , 54,14
0,5819616 , -32,44891 , 6,369822 , 54,16
0,6329755 , -32,31572 , 6,357525 , 54,18
0,6854009 , -32,17349 , 6,34539 , 54,2
0,7395747 , -32,04525 , 6,334491 , 54,22
0,7953675 , -31,90929 , 6,324543 , 54,24
0,8527472 , -31,78733 , 6,315525 , 54,26
0,9116819 , -31,65911 , 6,30742 , 54,28
0,9721406 , -31,5449 , 6,300209 , 54,3
1,034093 , -31,42552 , 6,293874 , 54,32
1,097508 , -31,32014 , 6,288397 , 54,34
1,162358 , -31,21078 , 6,283762 , 54,36
1,228614 , -31,11543 , 6,279953 , 54,38
1,296247 , -31,03407 , 6,276951 , 54,4
1,36523 , -30,96672 , 6,274741 , 54,42
1,435536 , -30,91336 , 6,273307 , 54,44
1,507139 , -30,874 , 6,272635 , 54,46
1,580012 , -30,84865 , 6,272707 , 54,48
1,65413 , -30,83729 , 6,27351 , 54,5
1,729469 , -30,83994 , 6,275029 , 54,52
1,806003 , -30,85658 , 6,277249 , 54,54
1,883709 , -30,88722 , 6,280158 , 54,56
1,962564 , -30,93187 , 6,28374 , 54,58
2,042545 , -30,99051 , 6,287982 , 54,6
2,123628 , -31,06315 , 6,292871 , 54,62
2,205792 , -31,1498 , 6,298395 , 54,64
2,289016 , -31,25044 , 6,30454 , 54,66
2,373278 , -31,36509 , 6,311295 , 54,68
2,458557 , -31,49373 , 6,318645 , 54,7
2,544833 , -31,63638 , 6,326581 , 54,72
2,632087 , -31,79302 , 6,335091 , 54,74
2,720298 , -31,96367 , 6,344162 , 54,76
2,809447 , -31,89839 , 6,353784 , 54,78
2,899516 , -31,88533 , 6,363945 , 54,8
2,904334 , -31,88594 , 6,366178 , 54,82
2,913121 , -31,88704 , 6,369589 , 54,84
2,925904 , -31,88884 , 6,374214 , 54,86
2,94273 , -31,89164 , 6,380111 , 54,88
2,963645 , -31,89585 , 6,387336 , 54,9
2,988684 , -31,90197 , 6,395933 , 54,92
3,017874 , -31,91066 , 6,405935 , 54,94
3,051221 , -31,92273 , 6,417351 , 54,96
3,088704 , -31,93922 , 6,430153 , 54,98
3,130251 , -31,96142 , 6,444252 , 55
3,175695 , -31,99096 , 6,459442 , 55,02
3,224701 , -32,02985 , 6,475307 , 55,04
3,276649 , -32,08049 , 6,491079 , 55,06
3,330702 , -32,14521 , 6,505719 , 55,08
3,388616 , -32,22393 , 6,521404 , 55,1
3,448073 , -32,31664 , 6,537508 , 55,12
3,509045 , -32,42336 , 6,554022 , 55,14
3,57145 , -32,54408 , 6,571098 , 55,16
3,635262 , -32,6788 , 6,588725 , 55,18
3,70032 , -32,82752 , 6,607214 , 55,2
3,7666 , -32,99024 , 6,626549 , 55,22
3,833937 , -33,16696 , 6,646966 , 55,24
3,902312 , -33,35768 , 6,668444 , 55,26
3,971529 , -33,5624 , 6,69121 , 55,28
4,041574 , -33,78112 , 6,71524 , 55,3
4,112202 , -34,01384 , 6,740763 , 55,32
4,183403 , -34,26056 , 6,767752 , 55,34
4,254924 , -34,52128 , 6,79639 , 55,36
4,326761 , -34,39354 , 6,826644 , 55,38
4,398768 , -34,368 , 6,858586 , 55,4
4,401034 , -34,36289 , 6,861883 , 55,42
4,405567 , -34,36187 , 6,868475 , 55,44
4,41211 , -34,36166 , 6,878501 , 55,46
4,420835 , -34,36162 , 6,89187 , 55,48
4,431741 , -34,36161 , 6,908581 , 55,5
4,444829 , -34,36161 , 6,928634 , 55,52
4,459741 , -34,36161 , 6,952332 , 55,54
4,476784 , -34,36161 , 6,979416 , 55,56
4,495083 , -34,36161 , 7,010418 , 55,58
4,514413 , -34,36161 , 7,045438 , 55,6
4,535676 , -34,36161 , 7,083959 , 55,62
4,557473 , -34,36161 , 7,126725 , 55,64
4,581085 , -34,36161 , 7,173055 , 55,66
4,606514 , -34,36161 , 7,222948 , 55,68
4,63376 , -34,36161 , 7,276405 , 55,7
4,662655 , -34,36161 , 7,333511 , 55,72
4,693357 , -34,36161 , 7,394186 , 55,74
4,725864 , -34,36161 , 7,458429 , 55,76
4,760178 , -34,36161 , 7,526242 , 55,78
4,796297 , -34,36161 , 7,597624 , 55,8
4,832417 , -34,36161 , 7,669006 , 55,82
4,868536 , -34,36161 , 7,740388 , 55,84
4,903814 , -34,36161 , 7,81219 , 55,86
4,939093 , -34,36161 , 7,883991 , 55,88
4,974158 , -34,36161 , 7,955896 , 55,9
5,009224 , -34,36161 , 8,027802 , 55,92
5,04429 , -34,36161 , 8,099707 , 55,94
5,079355 , -34,36161 , 8,171612 , 55,96
5,114421 , -34,36161 , 8,243517 , 55,98
5,149487 , -34,36161 , 8,315422 , 56
5,184552 , -34,36161 , 8,387327 , 56,02
5,219618 , -34,36161 , 8,459232 , 56,04
5,254683 , -34,36161 , 8,531137 , 56,06
5,289749 , -34,36161 , 8,603043 , 56,08
5,324815 , -34,36161 , 8,674948 , 56,1
5,35988 , -34,36161 , 8,746853 , 56,12
5,394946 , -34,36161 , 8,818758 , 56,14
5,430012 , -34,36161 , 8,890663 , 56,16
5,466957 , -34,36161 , 8,961621 , 56,18
5,503902 , -34,36161 , 9,032579 , 56,2
5,544944 , -34,36161 , 9,10125 , 56,22
5,585986 , -34,36161 , 9,16992 , 56,24
5,628839 , -34,36161 , 9,237475 , 56,26
5,671691 , -34,36161 , 9,305031 , 56,28
5,715243 , -34,36161 , 9,372137 , 56,3
5,758795 , -34,36161 , 9,439243 , 56,32
5,80337 , -34,36161 , 9,505674 , 56,34
5,847945 , -34,36161 , 9,572105 , 56,36
5,893185 , -34,36161 , 9,638085 , 56,38
5,938425 , -34,36161 , 9,704065 , 56,4
5,983993 , -34,36161 , 9,769819 , 56,42
6,02956 , -34,36161 , 9,835573 , 56,44
6,075128 , -34,36161 , 9,901327 , 56,46
6,120695 , -34,36161 , 9,967081 , 56,48
6,166263 , -34,36161 , 10,03284 , 56,5
6,21183 , -34,36161 , 10,09859 , 56,52
6,257398 , -34,36161 , 10,16434 , 56,54
6,302965 , -34,36161 , 10,2301 , 56,56
