Min X value: -35,92655
Min Y value: -36,21146
Min Z value: -1,907642
Max X value: 9,073447
Max Y value: -21,21146
Max Z value: 23,09236
Key: charpos in X , Y , Z , Time since start capture
-31,65864 , -29,66039 , 4,274608 , 22,86
-31,65867 , -29,67439 , 4,274559 , 22,88
-31,65874 , -29,70239 , 4,274463 , 22,9
-31,65884 , -29,74439 , 4,274321 , 22,92
-31,65898 , -29,80039 , 4,274132 , 22,94
-31,65915 , -29,87039 , 4,2739 , 22,96
-31,65935 , -29,95439 , 4,273623 , 22,98
-31,65958 , -30,05239 , 4,273304 , 23
-31,65984 , -30,16439 , 4,272942 , 23,02
-31,66013 , -30,29039 , 4,272539 , 23,04
-31,66044 , -30,43039 , 4,272095 , 23,06
-31,66079 , -30,58439 , 4,271612 , 23,08
-31,66117 , -30,75239 , 4,27109 , 23,1
-31,66157 , -30,93439 , 4,27053 , 23,12
-31,662 , -31,13039 , 4,269933 , 23,14
-31,66245 , -31,34039 , 4,269299 , 23,16
-31,66294 , -31,56438 , 4,26863 , 23,18
-31,66344 , -31,80239 , 4,267925 , 23,2
-31,66394 , -32,05439 , 4,267234 , 23,22
-31,66442 , -32,32038 , 4,266558 , 23,24
-31,6649 , -32,60038 , 4,265894 , 23,26
-31,66537 , -32,89438 , 4,265244 , 23,28
-31,66583 , -33,20238 , 4,264607 , 23,3
-31,66628 , -33,52438 , 4,263983 , 23,32
-31,66672 , -33,86038 , 4,263371 , 23,34
-31,66715 , -34,21038 , 4,262772 , 23,36
-31,66757 , -34,57438 , 4,262185 , 23,38
-31,66815 , -34,40416 , 4,262176 , 23,4
-31,66908 , -34,37012 , 4,263312 , 23,42
-31,66973 , -34,36331 , 4,265172 , 23,44
-31,67112 , -34,36195 , 4,26895 , 23,46
-31,67326 , -34,36168 , 4,274625 , 23,48
-31,6761 , -34,36162 , 4,282111 , 23,5
-31,67906 , -34,36161 , 4,290377 , 23,52
-31,68183 , -34,36161 , 4,298258 , 23,54
-31,68249 , -34,36161 , 4,299669 , 23,56
-31,68249 , -34,36161 , 4,299669 , 23,58
-31,68249 , -34,36161 , 4,29209 , 23,6
-31,68147 , -34,36161 , 4,276904 , 23,62
-31,67924 , -34,36161 , 4,257591 , 23,64
-31,67649 , -34,36161 , 4,236495 , 23,66
-31,67334 , -34,36161 , 4,213896 , 23,68
-31,66742 , -34,36161 , 4,194279 , 23,7
-31,65921 , -34,36161 , 4,176978 , 23,72
-31,64753 , -34,36161 , 4,16266 , 23,74
-31,63301 , -34,36161 , 4,149291 , 23,76
-31,61521 , -34,36161 , 4,137334 , 23,78
-31,59623 , -34,36161 , 4,12602 , 23,8
-31,57599 , -34,36161 , 4,115425 , 23,82
-31,55576 , -34,36161 , 4,10483 , 23,84
-31,53553 , -34,36161 , 4,094234 , 23,86
-31,5153 , -34,36161 , 4,083639 , 23,88
-31,49507 , -34,36161 , 4,073044 , 23,9
-31,47493 , -34,36161 , 4,062695 , 23,92
-31,44897 , -34,36161 , 4,05277 , 23,94
-31,41194 , -34,36161 , 4,043911 , 23,96
-31,35238 , -34,36161 , 4,039769 , 23,98
-31,279 , -34,36161 , 4,039769 , 24
-31,19916 , -34,36161 , 4,044868 , 24,02
-31,11946 , -34,36161 , 4,051795 , 24,04
-31,03999 , -34,36161 , 4,061 , 24,06
-30,96065 , -34,36161 , 4,071226 , 24,08
-30,88144 , -34,36161 , 4,082451 , 24,1
-30,80238 , -34,36161 , 4,094656 , 24,12
-30,7238 , -34,36161 , 4,109694 , 24,14
-30,64564 , -34,36161 , 4,126728 , 24,16
-30,56852 , -34,36161 , 4,147997 , 24,18
-30,49212 , -34,36161 , 4,171755 , 24,2
-30,41669 , -34,36161 , 4,198394 , 24,22
-30,34259 , -34,36161 , 4,228545 , 24,24
-30,269 , -34,36161 , 4,259929 , 24,26
-30,19546 , -34,36161 , 4,291423 , 24,28
-30,12192 , -34,36161 , 4,322917 , 24,3
-30,04838 , -34,36161 , 4,35441 , 24,32
-29,97484 , -34,36161 , 4,385904 , 24,34
-29,9013 , -34,36161 , 4,417398 , 24,36
-29,82776 , -34,36161 , 4,448891 , 24,38
-29,75422 , -34,36161 , 4,480385 , 24,4
-29,68068 , -34,36161 , 4,511878 , 24,42
-29,60715 , -34,36161 , 4,543372 , 24,44
-29,53361 , -34,20828 , 4,574866 , 24,46
-29,46007 , -34,06895 , 4,606359 , 24,48
-29,38542 , -33,92838 , 4,638325 , 24,5
-29,30972 , -33,78693 , 4,670815 , 24,52
-29,23306 , -33,63996 , 4,70395 , 24,54
-29,15546 , -33,49277 , 4,737754 , 24,56
-29,07696 , -33,3453 , 4,772229 , 24,58
-28,99758 , -33,19902 , 4,807363 , 24,6
-28,91733 , -33,05305 , 4,843141 , 24,62
-28,83623 , -32,90827 , 4,879551 , 24,64
-28,7543 , -32,76486 , 4,91658 , 24,66
-28,67155 , -32,61923 , 4,954216 , 24,68
-28,58801 , -32,4756 , 4,992448 , 24,7
-28,50368 , -32,33455 , 5,031262 , 24,72
-28,41858 , -32,19611 , 5,070647 , 24,74
-28,33273 , -32,06062 , 5,110592 , 24,76
-28,24614 , -31,92544 , 5,151086 , 24,78
-28,15883 , -31,7941 , 5,192118 , 24,8
-28,07081 , -31,66677 , 5,233676 , 24,82
-27,9821 , -31,54372 , 5,275751 , 24,84
-27,89271 , -31,42527 , 5,318331 , 24,86
-27,80265 , -31,30887 , 5,361408 , 24,88
-27,71194 , -31,19768 , 5,40497 , 24,9
-27,62058 , -31,09224 , 5,449009 , 24,92
-27,5286 , -30,99262 , 5,493515 , 24,94
-27,43601 , -30,89676 , 5,538477 , 24,96
-27,34281 , -30,80686 , 5,583889 , 24,98
-27,24902 , -30,72454 , 5,629739 , 25
-27,15466 , -30,64923 , 5,676021 , 25,02
-27,05972 , -30,57922 , 5,722723 , 25,04
-26,96423 , -30,51687 , 5,76984 , 25,06
-26,8682 , -30,46199 , 5,817361 , 25,08
-26,77163 , -30,41592 , 5,86528 , 25,1
-26,67454 , -30,37851 , 5,913588 , 25,12
-26,57694 , -30,34821 , 5,962277 , 25,14
-26,47883 , -30,32703 , 6,011341 , 25,16
-26,38023 , -30,3152 , 6,06077 , 25,18
-26,28115 , -30,31315 , 6,110558 , 25,2
-26,1816 , -30,32105 , 6,160698 , 25,22
-26,08158 , -30,33802 , 6,211183 , 25,24
-25,98111 , -30,3656 , 6,262005 , 25,26
-25,88019 , -30,40408 , 6,313159 , 25,28
-25,77884 , -30,4556 , 6,364637 , 25,3
-25,67706 , -30,51731 , 6,416433 , 25,32
-25,57486 , -30,59013 , 6,468541 , 25,34
-25,47225 , -30,67485 , 6,520954 , 25,36
-25,36924 , -30,77215 , 6,573666 , 25,38
-25,26584 , -30,78333 , 6,626672 , 25,4
-25,16205 , -30,78557 , 6,679965 , 25,42
-25,16205 , -30,78601 , 6,679965 , 25,44
-25,16205 , -30,7861 , 6,679965 , 25,46
-25,16205 , -30,78612 , 6,679965 , 25,48
-25,16205 , -30,78613 , 6,679965 , 25,5
-25,16205 , -30,78613 , 6,679965 , 25,52
-25,16205 , -30,78613 , 6,679965 , 25,54
-25,16205 , -30,78613 , 6,679965 , 25,56
-25,16205 , -30,78613 , 6,679965 , 25,58
-25,16205 , -30,78613 , 6,679965 , 25,6
-25,16205 , -30,78613 , 6,679965 , 25,62
-25,16205 , -30,78613 , 6,679965 , 25,64
-25,16205 , -30,78613 , 6,679965 , 25,66
-25,16205 , -30,78613 , 6,679965 , 25,68
-25,16205 , -30,78613 , 6,679965 , 25,7
-25,16205 , -30,78613 , 6,679965 , 25,72
-25,16205 , -30,78613 , 6,679965 , 25,74
-25,16205 , -30,78613 , 6,679965 , 25,76
-25,16205 , -30,78613 , 6,679965 , 25,78
-25,16205 , -30,78613 , 6,679965 , 25,8
-25,16205 , -30,78613 , 6,679965 , 25,82
-25,16205 , -30,78613 , 6,679965 , 25,84
-25,16205 , -30,78613 , 6,679965 , 25,86
-25,16205 , -30,78613 , 6,679965 , 25,88
-25,16205 , -30,78613 , 6,679965 , 25,9
-25,16205 , -30,78613 , 6,679965 , 25,92
-25,16205 , -30,78613 , 6,679965 , 25,94
-25,16205 , -30,78613 , 6,679965 , 25,96
-25,16205 , -30,78613 , 6,679965 , 25,98
-25,16205 , -30,78613 , 6,679965 , 26
-25,16205 , -30,78613 , 6,679965 , 26,02
-25,16205 , -30,78613 , 6,679965 , 26,04
-25,16205 , -30,78613 , 6,679965 , 26,06
-25,16205 , -30,78613 , 6,679965 , 26,08
-25,16205 , -30,78613 , 6,679965 , 26,1
-25,16205 , -30,78613 , 6,679965 , 26,12
-25,16205 , -30,78613 , 6,679965 , 26,14
-25,16205 , -30,78613 , 6,679965 , 26,16
-25,16205 , -30,78613 , 6,679965 , 26,18
-25,16205 , -30,78613 , 6,679965 , 26,2
-25,16205 , -30,78613 , 6,679965 , 26,22
-25,16205 , -30,78613 , 6,679965 , 26,24
-25,16205 , -30,78613 , 6,679965 , 26,26
-25,16205 , -30,78613 , 6,679965 , 26,28
-25,09081 , -30,78613 , 6,716373 , 26,3
-25,01901 , -30,78613 , 6,751655 , 26,32
-24,94651 , -30,78613 , 6,785477 , 26,34
-24,87311 , -30,78613 , 6,817292 , 26,36
-24,79942 , -30,78613 , 6,848426 , 26,38
-24,72535 , -30,78613 , 6,878658 , 26,4
-24,6512 , -30,78613 , 6,90868 , 26,42
-24,57687 , -30,78613 , 6,93826 , 26,44
-24,5024 , -30,78613 , 6,967504 , 26,46
-24,42781 , -30,78613 , 6,996412 , 26,48
-24,35321 , -30,78613 , 7,025321 , 26,5
-24,27862 , -30,78613 , 7,054229 , 26,52
-24,20403 , -30,78613 , 7,083137 , 26,54
-24,12943 , -30,78613 , 7,112045 , 26,56
-24,05484 , -30,78613 , 7,140954 , 26,58
-23,98024 , -30,78613 , 7,169862 , 26,6
-23,90565 , -30,78613 , 7,19877 , 26,62
-23,83105 , -30,78613 , 7,227678 , 26,64
-23,75646 , -30,78613 , 7,256587 , 26,66
-23,68186 , -30,78613 , 7,285495 , 26,68
-23,60727 , -30,78613 , 7,314403 , 26,7
-23,53267 , -30,78613 , 7,343311 , 26,72
-23,45811 , -30,78613 , 7,372286 , 26,74
-23,38363 , -30,78613 , 7,401503 , 26,76
-23,30938 , -30,78613 , 7,431275 , 26,78
-23,23602 , -30,78613 , 7,463196 , 26,8
-23,16945 , -30,78613 , 7,494869 , 26,82
-23,1151 , -30,78613 , 7,525111 , 26,84
-23,06802 , -30,78613 , 7,554319 , 26,86
-23,0317 , -30,78613 , 7,581654 , 26,88
-23,00209 , -30,78613 , 7,60755 , 26,9
-22,98198 , -30,78613 , 7,630926 , 26,92
-22,96487 , -30,78613 , 7,653362 , 26,94
-22,95324 , -30,78613 , 7,673905 , 26,96
-22,94579 , -30,78613 , 7,692912 , 26,98
-22,94521 , -30,78613 , 7,710609 , 27
-22,9492 , -30,78613 , 7,729271 , 27,02
-22,9583 , -30,78613 , 7,750657 , 27,04
-22,96935 , -30,78613 , 7,773054 , 27,06
-22,9804 , -30,78613 , 7,795452 , 27,08
-22,99146 , -30,78613 , 7,817849 , 27,1
-23,00251 , -30,78613 , 7,840247 , 27,12
-23,01356 , -30,78613 , 7,862644 , 27,14
-23,02462 , -30,78613 , 7,885042 , 27,16
-23,03595 , -30,78613 , 7,907532 , 27,18
-23,04878 , -30,78613 , 7,93087 , 27,2
-23,07057 , -30,78613 , 7,958258 , 27,22
-23,10009 , -30,78613 , 7,988252 , 27,24
-23,13814 , -30,78613 , 8,020051 , 27,26
-23,18022 , -30,78613 , 8,052595 , 27,28
-23,22352 , -30,78613 , 8,085354 , 27,3
-23,26683 , -30,78613 , 8,118113 , 27,32
-23,31013 , -30,78613 , 8,150871 , 27,34
-23,35344 , -30,78613 , 8,18363 , 27,36
-23,39674 , -30,78613 , 8,216389 , 27,38
-23,44005 , -30,78613 , 8,249147 , 27,4
-23,48376 , -30,78613 , 8,281977 , 27,42
-23,53036 , -30,78613 , 8,315287 , 27,44
-23,58031 , -30,78613 , 8,349118 , 27,46
-23,63491 , -30,78613 , 8,383622 , 27,48
-23,69509 , -30,78613 , 8,418858 , 27,5
-23,75874 , -30,78613 , 8,454511 , 27,52
-23,82749 , -30,78613 , 8,48973 , 27,54
-23,89885 , -30,78613 , 8,524881 , 27,56
-23,97101 , -30,78613 , 8,559423 , 27,58
-24,04342 , -30,78613 , 8,593439 , 27,6
-24,11583 , -30,78613 , 8,627455 , 27,62
-24,18824 , -30,78613 , 8,66147 , 27,64
-24,26064 , -30,78613 , 8,695486 , 27,66
-24,33305 , -30,78613 , 8,729502 , 27,68
-24,40629 , -30,78613 , 8,761688 , 27,7
-24,48106 , -30,78613 , 8,790141 , 27,72
-24,55639 , -30,78613 , 8,817088 , 27,74
-24,63404 , -30,78613 , 8,836313 , 27,76
-24,7133 , -30,78613 , 8,847183 , 27,78
-24,79311 , -30,78613 , 8,852694 , 27,8
-24,87301 , -30,78613 , 8,856661 , 27,82
-24,95291 , -30,78613 , 8,860628 , 27,84
-25,03281 , -30,78613 , 8,864595 , 27,86
-25,11271 , -30,78613 , 8,868563 , 27,88
-25,19262 , -30,78613 , 8,87253 , 27,9
-25,27252 , -30,78613 , 8,876497 , 27,92
-25,35242 , -30,78613 , 8,880465 , 27,94
-25,43232 , -30,6328 , 8,884432 , 27,96
-25,51222 , -30,49346 , 8,888399 , 27,98
-25,59332 , -30,35158 , 8,892426 , 28
-25,67559 , -30,21277 , 8,896512 , 28,02
-25,75902 , -30,07054 , 8,900655 , 28,04
-25,84357 , -29,92614 , 8,904854 , 28,06
-25,92923 , -29,78086 , 8,909107 , 28,08
-26,01598 , -29,63933 , 8,913412 , 28,1
-26,10378 , -29,49618 , 8,917812 , 28,12
-26,19261 , -29,35158 , 8,922367 , 28,14
-26,28246 , -29,20677 , 8,927121 , 28,16
-26,37329 , -29,06688 , 8,932076 , 28,18
-26,46509 , -28,92764 , 8,937233 , 28,2
-26,55783 , -28,7885 , 8,94259 , 28,22
-26,65151 , -28,65096 , 8,948142 , 28,24
-26,74609 , -28,51901 , 8,953885 , 28,26
-26,84157 , -28,38879 , 8,959815 , 28,28
-26,93792 , -28,26022 , 8,965927 , 28,3
-27,03513 , -28,13441 , 8,972219 , 28,32
-27,13318 , -28,01087 , 8,978685 , 28,34
-27,23205 , -27,89462 , 8,985324 , 28,36
-27,33172 , -27,78185 , 8,992131 , 28,38
-27,43219 , -27,6732 , 8,999104 , 28,4
-27,53343 , -27,56843 , 9,006238 , 28,42
-27,63543 , -27,46898 , 9,013531 , 28,44
-27,73817 , -27,37753 , 9,020979 , 28,46
-27,84164 , -27,29126 , 9,02858 , 28,48
-27,94583 , -27,21079 , 9,036329 , 28,5
-28,05072 , -27,13656 , 9,044226 , 28,52
-28,15629 , -27,06834 , 9,052265 , 28,54
-28,26254 , -27,0065 , 9,060445 , 28,56
-28,36944 , -26,95416 , 9,068762 , 28,58
-28,47699 , -26,90933 , 9,077214 , 28,6
-28,58517 , -26,87212 , 9,085799 , 28,62
-28,69397 , -26,84331 , 9,094513 , 28,64
-28,80338 , -26,82258 , 9,10336 , 28,66
-28,91339 , -26,81107 , 9,112345 , 28,68
-29,02397 , -26,81041 , 9,121464 , 28,7
-29,13513 , -26,81869 , 9,130722 , 28,72
-29,24684 , -26,83695 , 9,140117 , 28,74
-29,3591 , -26,86553 , 9,149645 , 28,76
-29,4719 , -26,90458 , 9,159304 , 28,78
-29,58522 , -26,9546 , 9,16909 , 28,8
-29,69906 , -27,01667 , 9,179003 , 28,82
-29,81341 , -27,09012 , 9,189038 , 28,84
-29,92824 , -27,17539 , 9,199194 , 28,86
-30,04357 , -27,27285 , 9,209468 , 28,88
-30,15936 , -27,38273 , 9,219866 , 28,9
-30,27562 , -27,50553 , 9,230384 , 28,92
-30,39234 , -27,64154 , 9,24102 , 28,94
-30,5095 , -27,79126 , 9,251773 , 28,96
-30,6271 , -27,9548 , 9,262639 , 28,98
-30,74513 , -28,13234 , 9,273616 , 29
-30,86358 , -28,32388 , 9,284702 , 29,02
-30,98244 , -28,52942 , 9,295896 , 29,04
-31,1017 , -28,74897 , 9,307194 , 29,06
-31,22136 , -28,98251 , 9,318594 , 29,08
-31,34141 , -29,23005 , 9,330095 , 29,1
-31,46184 , -29,49159 , 9,341695 , 29,12
-31,58263 , -29,76713 , 9,353392 , 29,14
-31,7038 , -30,05667 , 9,365183 , 29,16
-31,82532 , -30,36021 , 9,377067 , 29,18
-31,94719 , -30,67776 , 9,389042 , 29,2
-32,0694 , -30,7632 , 9,401107 , 29,22
-32,18633 , -30,72954 , 9,414657 , 29,24
-32,20496 , -30,67446 , 9,414548 , 29,26
-32,21385 , -30,60322 , 9,415473 , 29,28
-32,22577 , -30,55213 , 9,416882 , 29,3
-32,24166 , -30,51505 , 9,418759 , 29,32
-32,26152 , -30,49196 , 9,421106 , 29,34
-32,28376 , -30,48287 , 9,423736 , 29,36
-32,30835 , -30,48779 , 9,426641 , 29,38
-32,33522 , -30,5067 , 9,429816 , 29,4
-32,36433 , -30,53961 , 9,433257 , 29,42
-32,39564 , -30,57278 , 9,436957 , 29,44
-32,42909 , -30,5946 , 9,440944 , 29,46
-32,43303 , -30,60335 , 9,441459 , 29,48
-32,44095 , -30,60223 , 9,442437 , 29,5
-32,45285 , -30,59613 , 9,443876 , 29,52
-32,46873 , -30,58932 , 9,445729 , 29,54
-32,48859 , -30,58443 , 9,447996 , 29,56
-32,51238 , -30,58239 , 9,451087 , 29,58
-32,54009 , -30,58291 , 9,45507 , 29,6
-32,57163 , -30,58519 , 9,460447 , 29,62
-32,60699 , -30,58837 , 9,467175 , 29,64
-32,64597 , -30,5918 , 9,476118 , 29,66
-32,6849 , -30,59518 , 9,487664 , 29,68
-32,72583 , -30,59936 , 9,500851 , 29,7
-32,76852 , -30,60607 , 9,516156 , 29,72
-32,81295 , -30,61729 , 9,534001 , 29,74
-32,85982 , -30,63502 , 9,554221 , 29,76
-32,90747 , -30,661 , 9,577046 , 29,78
-32,95411 , -30,69648 , 9,601863 , 29,8
-33,00067 , -30,74293 , 9,628671 , 29,82
-33,04522 , -30,72548 , 9,6576 , 29,84
-33,08986 , -30,72199 , 9,68897 , 29,86
-33,12971 , -30,72129 , 9,722087 , 29,88
-33,16465 , -30,72115 , 9,755226 , 29,9
-33,19258 , -30,72112 , 9,787493 , 29,92
-33,21154 , -30,72112 , 9,820712 , 29,94
-33,22583 , -30,72112 , 9,854688 , 29,96
-33,23466 , -30,72112 , 9,890779 , 29,98
-33,23722 , -30,72112 , 9,93083 , 30
-33,23808 , -30,72112 , 9,97252 , 30,02
-33,23808 , -30,72112 , 10,01547 , 30,04
-33,2375 , -30,72112 , 10,05884 , 30,06
-33,23692 , -30,72112 , 10,10221 , 30,08
-33,23633 , -30,72112 , 10,14558 , 30,1
-33,23575 , -30,72112 , 10,18895 , 30,12
-33,2337 , -30,72112 , 10,23235 , 30,14
-33,22782 , -30,72112 , 10,27594 , 30,16
-33,21885 , -30,72112 , 10,32106 , 30,18
-33,20831 , -30,72112 , 10,36676 , 30,2
-33,19584 , -30,72112 , 10,41351 , 30,22
-33,18242 , -30,72112 , 10,46038 , 30,24
-33,1686 , -30,72112 , 10,50811 , 30,26
-33,15438 , -30,72112 , 10,55671 , 30,28
-33,14002 , -30,72112 , 10,60694 , 30,3
-33,12559 , -30,72112 , 10,658 , 30,32
-33,11137 , -30,72112 , 10,71025 , 30,34
-33,09716 , -30,72112 , 10,76251 , 30,36
-33,08295 , -30,56079 , 10,81476 , 30,38
-33,06873 , -30,40746 , 10,86701 , 30,4
-33,05431 , -30,25416 , 10,92005 , 30,42
-33,03968 , -30,09635 , 10,97386 , 30,44
-33,02484 , -29,93859 , 11,02842 , 30,46
-33,0098 , -29,78137 , 11,08371 , 30,48
-32,99456 , -29,62444 , 11,13973 , 30,5
-32,97913 , -29,46825 , 11,19646 , 30,52
-32,96352 , -29,30913 , 11,25388 , 30,54
-32,94771 , -29,15237 , 11,31199 , 30,56
-32,93173 , -28,99608 , 11,37076 , 30,58
-32,91557 , -28,84086 , 11,43018 , 30,6
-32,89924 , -28,68659 , 11,49026 , 30,62
-32,88276 , -28,53404 , 11,55099 , 30,64
-32,86616 , -28,38352 , 11,6124 , 30,66
-32,84943 , -28,23557 , 11,67449 , 30,68
-32,83257 , -28,08983 , 11,73728 , 30,7
-32,81559 , -27,94725 , 11,80079 , 30,72
-32,79848 , -27,80751 , 11,86505 , 30,74
-32,78124 , -27,67113 , 11,9301 , 30,76
-32,76388 , -27,5389 , 11,99601 , 30,78
-32,74638 , -27,40989 , 12,06287 , 30,8
-32,72874 , -27,28664 , 12,13074 , 30,82
-32,71099 , -27,16841 , 12,19964 , 30,84
-32,69319 , -27,05549 , 12,26959 , 30,86
-32,67542 , -26,9479 , 12,3406 , 30,88
-32,65771 , -26,84632 , 12,41264 , 30,9
-32,64007 , -26,75107 , 12,48569 , 30,92
-32,6225 , -26,66222 , 12,55973 , 30,94
-32,605 , -26,5803 , 12,63474 , 30,96
-32,58755 , -26,50535 , 12,71071 , 30,98
-32,57017 , -26,43786 , 12,78761 , 31
-32,55285 , -26,37818 , 12,86542 , 31,02
-32,53559 , -26,32672 , 12,94413 , 31,04
-32,51839 , -26,28359 , 13,02371 , 31,06
-32,50125 , -26,24897 , 13,10416 , 31,08
-32,48416 , -26,22361 , 13,18545 , 31,1
-32,46713 , -26,20757 , 13,26757 , 31,12
-32,45015 , -26,20132 , 13,35049 , 31,14
-32,43322 , -26,20484 , 13,43421 , 31,16
-32,41639 , -26,21886 , 13,51874 , 31,18
-32,39973 , -26,24346 , 13,6041 , 31,2
-32,38326 , -26,27908 , 13,69027 , 31,22
-32,36698 , -26,32607 , 13,77724 , 31,24
-32,35088 , -26,38531 , 13,86499 , 31,26
-32,33496 , -26,45655 , 13,95351 , 31,28
-32,31923 , -26,53988 , 14,04279 , 31,3
-32,30371 , -26,63581 , 14,13282 , 31,32
-32,28841 , -26,74461 , 14,22359 , 31,34
-32,27333 , -26,86661 , 14,31508 , 31,36
-32,25849 , -27,00214 , 14,40727 , 31,38
-32,24391 , -27,15152 , 14,50016 , 31,4
-32,22962 , -27,31491 , 14,59371 , 31,42
-32,21563 , -27,49229 , 14,68789 , 31,44
-32,20195 , -27,68368 , 14,78267 , 31,46
-32,18861 , -27,88906 , 14,87806 , 31,48
-32,17567 , -28,10845 , 14,97398 , 31,5
-32,16322 , -28,34183 , 15,07039 , 31,52
-32,15148 , -28,58922 , 15,16717 , 31,54
-32,1406 , -28,8506 , 15,26424 , 31,56
-32,13086 , -29,12599 , 15,36146 , 31,58
-32,12228 , -29,41537 , 15,45885 , 31,6
-32,11486 , -29,71876 , 15,55639 , 31,62
-32,10855 , -30,03614 , 15,65408 , 31,64
-32,10334 , -30,36753 , 15,75191 , 31,66
-32,09922 , -30,71292 , 15,84988 , 31,68
-32,09609 , -31,0723 , 15,94794 , 31,7
-32,09377 , -31,44569 , 16,04599 , 31,72
-32,09208 , -31,83307 , 16,14396 , 31,74
-32,09097 , -32,23446 , 16,24181 , 31,76
-32,02983 , -32,0476 , 16,3063 , 31,78
-31,98208 , -31,99458 , 16,37777 , 31,8
-31,98281 , -31,84125 , 16,38037 , 31,82
-31,98425 , -31,70192 , 16,38556 , 31,84
-31,98618 , -31,56104 , 16,39246 , 31,86
-31,98858 , -31,41889 , 16,40103 , 31,88
-31,99144 , -31,27541 , 16,41125 , 31,9
-31,99475 , -31,13107 , 16,42309 , 31,92
-31,9985 , -30,98637 , 16,4365 , 31,94
-32,00268 , -30,84122 , 16,45146 , 31,96
-32,00728 , -30,69632 , 16,46794 , 31,98
-32,0123 , -30,5519 , 16,4859 , 32
-32,01773 , -30,40818 , 16,50532 , 32,02
-32,02356 , -30,26548 , 16,52617 , 32,04
-32,02978 , -30,12424 , 16,54841 , 32,06
-32,03634 , -29,9846 , 16,57202 , 32,08
-32,04319 , -29,84702 , 16,59697 , 32,1
-32,05033 , -29,71173 , 16,62322 , 32,12
-32,05777 , -29,57919 , 16,65076 , 32,14
-32,06548 , -29,44967 , 16,67955 , 32,16
-32,07346 , -29,32344 , 16,70958 , 32,18
-32,08171 , -29,20071 , 16,74081 , 32,2
-32,09023 , -29,08204 , 16,77322 , 32,22
-32,09896 , -28,96767 , 16,80679 , 32,24
-32,10783 , -28,85793 , 16,84147 , 32,26
-32,11671 , -28,75307 , 16,87716 , 32,28
-32,12553 , -28,65337 , 16,91383 , 32,3
-32,13423 , -28,55926 , 16,95143 , 32,32
-32,14276 , -28,47106 , 16,98993 , 32,34
-32,15112 , -28,38916 , 17,02931 , 32,36
-32,15929 , -28,31365 , 17,06955 , 32,38
-32,16727 , -28,24507 , 17,11064 , 32,4
-32,17508 , -28,18354 , 17,15255 , 32,42
-32,1827 , -28,12954 , 17,19528 , 32,44
-32,19016 , -28,08435 , 17,23881 , 32,46
-32,19744 , -28,04644 , 17,28311 , 32,48
-32,20456 , -28,01691 , 17,32818 , 32,5
-32,21151 , -27,99641 , 17,374 , 32,52
-32,2183 , -27,98499 , 17,42055 , 32,54
-32,22494 , -27,98304 , 17,46781 , 32,56
-32,23142 , -27,99077 , 17,51575 , 32,58
-32,23775 , -28,0087 , 17,56438 , 32,6
-32,24393 , -28,037 , 17,61367 , 32,62
-32,24997 , -28,07606 , 17,6636 , 32,64
-32,25587 , -28,1261 , 17,71418 , 32,66
-32,26163 , -28,18747 , 17,76538 , 32,68
-32,26725 , -28,26048 , 17,81719 , 32,7
-32,27274 , -28,3455 , 17,8696 , 32,72
-32,2781 , -28,44278 , 17,9226 , 32,74
-32,28333 , -28,55268 , 17,97618 , 32,76
-32,28842 , -28,67546 , 18,03032 , 32,78
-32,29323 , -28,81146 , 18,08496 , 32,8
-32,29755 , -28,96098 , 18,14009 , 32,82
-32,30127 , -29,12434 , 18,19573 , 32,84
-32,30818 , -29,18509 , 18,15844 , 32,86
-32,31556 , -29,23981 , 18,09123 , 32,88
-32,31616 , -29,31021 , 18,05111 , 32,9
-32,31601 , -29,3984 , 18,00949 , 32,92
-32,31441 , -29,50608 , 17,98186 , 32,94
-32,31153 , -29,62844 , 17,96281 , 32,96
-32,30757 , -29,7648 , 17,94571 , 32,98
-32,30248 , -29,91517 , 17,93051 , 33
-32,29614 , -30,07953 , 17,91715 , 33,02
-32,28851 , -30,25789 , 17,9056 , 33,04
-32,27959 , -30,45026 , 17,89579 , 33,06
-32,26942 , -30,65662 , 17,88771 , 33,08
-32,25801 , -30,87699 , 17,88132 , 33,1
-32,24551 , -31,11135 , 17,8766 , 33,12
-32,23212 , -31,35971 , 17,87357 , 33,14
-32,21823 , -31,27432 , 17,87226 , 33,16
-32,20409 , -31,25724 , 17,8727 , 33,18
-32,20362 , -31,25382 , 17,87524 , 33,2
-32,20288 , -31,25314 , 17,88036 , 33,22
-32,20189 , -31,253 , 17,88816 , 33,24
-32,20064 , -31,25298 , 17,89856 , 33,26
-32,19923 , -31,25297 , 17,91164 , 33,28
-32,19801 , -31,25297 , 17,92746 , 33,3
-32,19691 , -31,25297 , 17,94604 , 33,32
-32,19566 , -31,25297 , 17,96728 , 33,34
-32,19513 , -31,09964 , 17,97013 , 33,36
-32,19465 , -30,9533 , 17,97068 , 33,38
-32,19417 , -30,80535 , 17,97077 , 33,4
-32,19367 , -30,65578 , 17,97078 , 33,42
-32,19315 , -30,51014 , 17,97076 , 33,44
-32,19261 , -30,3586 , 17,97074 , 33,46
-32,19204 , -30,20658 , 17,97078 , 33,48
-32,19145 , -30,05448 , 17,97091 , 33,5
-32,19083 , -29,90252 , 17,97117 , 33,52
-32,19019 , -29,75128 , 17,97156 , 33,54
-32,18953 , -29,60092 , 17,97213 , 33,56
-32,18883 , -29,45169 , 17,9729 , 33,58
-32,18811 , -29,30391 , 17,9739 , 33,6
-32,18725 , -29,15709 , 17,97753 , 33,62
-32,18631 , -29,01268 , 17,98294 , 33,64
-32,18527 , -28,87077 , 17,99011 , 33,66
-32,18414 , -28,73165 , 17,99899 , 33,68
-32,18293 , -28,59567 , 18,00955 , 33,7
-32,18164 , -28,46316 , 18,02172 , 33,72
-32,18029 , -28,3342 , 18,03539 , 33,74
-32,17887 , -28,20918 , 18,05052 , 33,76
-32,1774 , -28,08866 , 18,06704 , 33,78
-32,17587 , -27,97112 , 18,0849 , 33,8
-32,1743 , -27,86027 , 18,10403 , 33,82
-32,17268 , -27,7547 , 18,12441 , 33,84
-32,17103 , -27,65474 , 18,14598 , 33,86
-32,16933 , -27,5608 , 18,16874 , 33,88
-32,1676 , -27,47318 , 18,19264 , 33,9
-32,16582 , -27,39204 , 18,21767 , 33,92
-32,16401 , -27,31797 , 18,24381 , 33,94
-32,16217 , -27,24902 , 18,27103 , 33,96
-32,16028 , -27,18769 , 18,29932 , 33,98
-32,15836 , -27,13443 , 18,32865 , 34
-32,15641 , -27,08938 , 18,35899 , 34,02
-32,15442 , -27,05294 , 18,39034 , 34,04
-32,1524 , -27,02533 , 18,42267 , 34,06
-32,15034 , -27,00703 , 18,45596 , 34,08
-32,14826 , -26,99807 , 18,49019 , 34,1
-32,14614 , -26,99891 , 18,52535 , 34,12
-32,14389 , -27,00991 , 18,56135 , 34,14
-32,14141 , -27,03134 , 18,59815 , 34,16
-32,13854 , -27,06348 , 18,63564 , 34,18
-32,13514 , -27,10665 , 18,67375 , 34,2
-32,13094 , -27,16113 , 18,71238 , 34,22
-32,12574 , -27,22684 , 18,75146 , 34,24
-32,11906 , -27,30491 , 18,79091 , 34,26
-32,11062 , -27,39527 , 18,83064 , 34,28
-32,09999 , -27,4982 , 18,87056 , 34,3
-32,08686 , -27,61437 , 18,91039 , 34,32
-32,07125 , -27,74454 , 18,95001 , 34,34
-32,05319 , -27,88871 , 18,98928 , 34,36
-32,03272 , -28,04688 , 19,02818 , 34,38
-32,00988 , -28,21904 , 19,06665 , 34,4
-31,98473 , -28,40521 , 19,1047 , 34,42
-31,95729 , -28,60538 , 19,14233 , 34,44
-31,92763 , -28,81955 , 19,17955 , 34,46
-31,89578 , -29,04772 , 19,21638 , 34,48
-31,8618 , -28,98351 , 19,25289 , 34,5
-31,82677 , -28,97067 , 19,28924 , 34,52
-31,82283 , -28,9681 , 19,28994 , 34,54
-31,81498 , -28,96759 , 19,29144 , 34,56
-31,80326 , -28,96749 , 19,29402 , 34,58
-31,78772 , -28,80716 , 19,29785 , 34,6
-31,7685 , -28,65382 , 19,30336 , 34,62
-31,75182 , -28,49891 , 19,30921 , 34,64
-31,73648 , -28,3377 , 19,31557 , 34,66
-31,71851 , -28,17593 , 19,32275 , 34,68
-31,69825 , -28,01358 , 19,33072 , 34,7
-31,67576 , -27,85091 , 19,33947 , 34,72
-31,65109 , -27,68839 , 19,34898 , 34,74
-31,62426 , -27,52658 , 19,35924 , 34,76
-31,59534 , -27,36525 , 19,37022 , 34,78
-31,56435 , -27,20497 , 19,38192 , 34,8
-31,53135 , -27,0459 , 19,39433 , 34,82
-31,49636 , -26,88852 , 19,40742 , 34,84
-31,45944 , -26,733 , 19,42118 , 34,86
-31,4206 , -26,57977 , 19,43557 , 34,88
-31,37987 , -26,42901 , 19,45049 , 34,9
-31,33725 , -26,28124 , 19,46586 , 34,92
-31,29276 , -26,13669 , 19,48161 , 34,94
-31,24645 , -25,99588 , 19,49769 , 34,96
-31,19832 , -25,85866 , 19,51405 , 34,98
-31,14842 , -25,72596 , 19,53067 , 35
-31,09678 , -25,5975 , 19,54753 , 35,02
-31,04342 , -25,47094 , 19,56461 , 35,04
-30,98839 , -25,34966 , 19,58193 , 35,06
-30,93172 , -25,23388 , 19,59946 , 35,08
-30,87345 , -25,12406 , 19,6172 , 35,1
-30,81359 , -25,02039 , 19,63514 , 35,12
-30,75218 , -24,92312 , 19,65326 , 35,14
-30,68925 , -24,83266 , 19,67156 , 35,16
-30,62483 , -24,74944 , 19,69001 , 35,18
-30,55894 , -24,67367 , 19,70862 , 35,2
-30,49163 , -24,60567 , 19,72737 , 35,22
-30,42291 , -24,54398 , 19,74628 , 35,24
-30,35281 , -24,49059 , 19,76533 , 35,26
-30,28136 , -24,44604 , 19,78452 , 35,28
-30,2086 , -24,4104 , 19,80385 , 35,3
-30,13453 , -24,38412 , 19,82332 , 35,32
-30,0592 , -24,36748 , 19,84292 , 35,34
-29,98262 , -24,36071 , 19,86266 , 35,36
-29,90483 , -24,3641 , 19,88252 , 35,38
-29,82584 , -24,37808 , 19,9025 , 35,4
-29,74568 , -24,4018 , 19,92262 , 35,42
-29,66437 , -24,43661 , 19,94284 , 35,44
-29,58193 , -24,4829 , 19,96318 , 35,46
-29,49839 , -24,54098 , 19,98363 , 35,48
-29,41377 , -24,61114 , 20,00419 , 35,5
-29,32809 , -24,69369 , 20,02486 , 35,52
-29,24138 , -24,78894 , 20,04563 , 35,54
-29,15364 , -24,89719 , 20,06651 , 35,56
-29,06491 , -25,01875 , 20,08748 , 35,58
-28,9752 , -25,15392 , 20,10855 , 35,6
-28,88454 , -25,303 , 20,12972 , 35,62
-28,79293 , -25,46608 , 20,15097 , 35,64
-28,70041 , -25,64316 , 20,17233 , 35,66
-28,60698 , -25,83424 , 20,19375 , 35,68
-28,51266 , -26,03932 , 20,21524 , 35,7
-28,41747 , -26,25839 , 20,2368 , 35,72
-28,32144 , -26,49147 , 20,25841 , 35,74
-28,22456 , -26,73855 , 20,28009 , 35,76
-28,12687 , -26,73627 , 20,30183 , 35,78
-28,02837 , -26,73581 , 20,32362 , 35,8
-28,02444 , -26,73572 , 20,32433 , 35,82
-28,01656 , -26,7357 , 20,32573 , 35,84
-28,00475 , -26,7357 , 20,32784 , 35,86
-27,98898 , -26,73569 , 20,33057 , 35,88
-27,96924 , -26,73569 , 20,33379 , 35,9
-27,94553 , -26,73569 , 20,33749 , 35,92
-27,91783 , -26,73569 , 20,34158 , 35,94
-27,88615 , -26,73569 , 20,34614 , 35,96
-27,8505 , -26,73569 , 20,35109 , 35,98
-27,81088 , -26,73569 , 20,35659 , 36
-27,76729 , -26,73569 , 20,36264 , 36,02
-27,71975 , -26,73569 , 20,36924 , 36,04
-27,66824 , -26,73569 , 20,37638 , 36,06
-27,61276 , -26,73569 , 20,38398 , 36,08
-27,55332 , -26,73569 , 20,39213 , 36,1
-27,4899 , -26,73569 , 20,40072 , 36,12
-27,4225 , -26,73569 , 20,40973 , 36,14
-27,35105 , -26,73569 , 20,41864 , 36,16
-27,27559 , -26,73569 , 20,42764 , 36,18
-27,19608 , -26,73569 , 20,43655 , 36,2
-27,11649 , -26,73569 , 20,44462 , 36,22
-27,03686 , -26,73569 , 20,45227 , 36,24
-26,95717 , -26,73569 , 20,45936 , 36,26
-26,87743 , -26,73569 , 20,46574 , 36,28
-26,79765 , -26,73569 , 20,4717 , 36,3
-26,71784 , -26,73569 , 20,47724 , 36,32
-26,63802 , -26,73569 , 20,4825 , 36,34
-26,55818 , -26,73569 , 20,48761 , 36,36
-26,47835 , -26,73569 , 20,49272 , 36,38
-26,39851 , -26,73569 , 20,49784 , 36,4
-26,31867 , -26,73569 , 20,50295 , 36,42
-26,23884 , -26,73569 , 20,50806 , 36,44
-26,159 , -26,73569 , 20,51318 , 36,46
-26,07917 , -26,73569 , 20,51829 , 36,48
-25,99933 , -26,73569 , 20,52341 , 36,5
-25,91949 , -26,73569 , 20,52852 , 36,52
-25,83966 , -26,73569 , 20,53363 , 36,54
-25,75982 , -26,73569 , 20,53875 , 36,56
-25,67999 , -26,73569 , 20,54386 , 36,58
-25,60015 , -26,73569 , 20,54897 , 36,6
-25,52032 , -26,73569 , 20,55409 , 36,62
-25,46225 , -26,73569 , 20,54546 , 36,64
-25,39558 , -26,73569 , 20,54153 , 36,66
-25,32398 , -26,73569 , 20,5405 , 36,68
-25,24924 , -26,73569 , 20,54149 , 36,7
-25,1726 , -26,73569 , 20,5438 , 36,72
-25,09486 , -26,73569 , 20,54692 , 36,74
-25,01647 , -26,73569 , 20,55055 , 36,76
-24,93772 , -26,73569 , 20,55447 , 36,78
-24,8587 , -26,73569 , 20,5586 , 36,8
-24,77948 , -26,73569 , 20,56291 , 36,82
-24,7001 , -26,73569 , 20,56738 , 36,84
-24,62056 , -26,73569 , 20,57203 , 36,86
-24,54073 , -26,73569 , 20,57714 , 36,88
-24,46089 , -26,73569 , 20,58225 , 36,9
-24,38106 , -26,73569 , 20,58737 , 36,92
-24,30122 , -26,73569 , 20,59248 , 36,94
-24,22138 , -26,73569 , 20,59759 , 36,96
-24,14155 , -26,73569 , 20,60271 , 36,98
-24,06171 , -26,73569 , 20,60782 , 37
-23,98188 , -26,73569 , 20,61293 , 37,02
-23,90204 , -26,73569 , 20,61805 , 37,04
-23,8222 , -26,73569 , 20,62316 , 37,06
-23,74237 , -26,73569 , 20,62827 , 37,08
-23,66253 , -26,73569 , 20,63339 , 37,1
-23,58271 , -26,73569 , 20,63603 , 37,12
-23,50277 , -26,73569 , 20,63828 , 37,14
-23,42271 , -26,73569 , 20,64085 , 37,16
-23,34262 , -26,73569 , 20,6441 , 37,18
-23,26262 , -26,73569 , 20,64822 , 37,2
-23,18278 , -26,73569 , 20,65319 , 37,22
-23,10293 , -26,73569 , 20,65816 , 37,24
-23,02309 , -26,73569 , 20,66314 , 37,26
-22,94324 , -26,73569 , 20,66811 , 37,28
-22,8634 , -26,73569 , 20,67308 , 37,3
-22,78355 , -26,73569 , 20,67805 , 37,32
-22,7037 , -26,73569 , 20,68303 , 37,34
-22,62385 , -26,73569 , 20,68785 , 37,36
-22,54399 , -26,73569 , 20,69254 , 37,38
-22,46412 , -26,73569 , 20,69723 , 37,4
-22,38426 , -26,73569 , 20,70192 , 37,42
-22,30439 , -26,73569 , 20,70647 , 37,44
-22,22451 , -26,73569 , 20,71087 , 37,46
-22,14463 , -26,73569 , 20,71514 , 37,48
-22,06474 , -26,73569 , 20,7194 , 37,5
-21,98486 , -26,73569 , 20,72366 , 37,52
-21,90497 , -26,73569 , 20,72792 , 37,54
-21,82509 , -26,73569 , 20,73219 , 37,56
-21,7452 , -26,73569 , 20,73645 , 37,58
-21,66532 , -26,73569 , 20,74071 , 37,6
-21,58543 , -26,73569 , 20,74498 , 37,62
-21,50554 , -26,73569 , 20,74924 , 37,64
-21,42566 , -26,73569 , 20,7535 , 37,66
-21,34577 , -26,73569 , 20,75776 , 37,68
-21,26589 , -26,73569 , 20,76203 , 37,7
-21,186 , -26,73569 , 20,76629 , 37,72
-21,10612 , -26,73569 , 20,77055 , 37,74
-21,02623 , -26,73569 , 20,77482 , 37,76
-20,94635 , -26,73569 , 20,77908 , 37,78
-20,86646 , -26,73569 , 20,78334 , 37,8
-20,78658 , -26,73569 , 20,78761 , 37,82
-20,70669 , -26,73569 , 20,79187 , 37,84
-20,6268 , -26,73569 , 20,79613 , 37,86
-20,54692 , -26,73569 , 20,80039 , 37,88
-20,46703 , -26,73569 , 20,80466 , 37,9
-20,38715 , -26,73569 , 20,80892 , 37,92
-20,30726 , -26,73569 , 20,81318 , 37,94
-20,22738 , -26,73569 , 20,81745 , 37,96
-20,14749 , -26,73569 , 20,82171 , 37,98
-20,06761 , -26,73569 , 20,82597 , 38
-19,98772 , -26,73569 , 20,83023 , 38,02
-19,90784 , -26,73569 , 20,8345 , 38,04
-19,82795 , -26,73569 , 20,83876 , 38,06
-19,74806 , -26,73569 , 20,84302 , 38,08
-19,66818 , -26,73569 , 20,84729 , 38,1
-19,58829 , -26,73569 , 20,85155 , 38,12
-19,50841 , -26,73569 , 20,85581 , 38,14
-19,42852 , -26,73569 , 20,86008 , 38,16
-19,34822 , -26,74536 , 20,86434 , 38,18
-19,26833 , -26,76902 , 20,8686 , 38,2
-19,18844 , -26,80668 , 20,87287 , 38,22
-19,10856 , -26,85834 , 20,87715 , 38,24
-19,02867 , -26,924 , 20,88142 , 38,26
-18,94759 , -27,00366 , 20,88575 , 38,28
-18,86533 , -27,09732 , 20,89015 , 38,3
-18,78192 , -27,20498 , 20,89461 , 38,32
-18,69739 , -27,32664 , 20,89913 , 38,34
-18,61174 , -27,4623 , 20,90371 , 38,36
-18,52502 , -27,61196 , 20,90835 , 38,38
-18,43723 , -27,77562 , 20,91305 , 38,4
-18,3484 , -27,95328 , 20,9178 , 38,42
-18,25856 , -28,14494 , 20,9226 , 38,44
-18,16771 , -28,3506 , 20,92746 , 38,46
-18,07589 , -28,57027 , 20,93237 , 38,48
-17,9831 , -28,80393 , 20,93733 , 38,5
-17,88938 , -29,05159 , 20,94235 , 38,52
-17,79473 , -29,31325 , 20,94741 , 38,54
-17,69918 , -29,27584 , 20,95252 , 38,56
-17,60275 , -29,26836 , 20,95768 , 38,58
-17,59875 , -29,26686 , 20,9579 , 38,6
-17,59076 , -29,26657 , 20,95832 , 38,62
-17,57878 , -29,2665 , 20,95897 , 38,64
-17,56281 , -29,26649 , 20,95982 , 38,66
-17,54283 , -29,26649 , 20,96089 , 38,68
-17,51887 , -29,26649 , 20,96218 , 38,7
-17,49091 , -29,26649 , 20,96367 , 38,72
-17,45895 , -29,26649 , 20,96539 , 38,74
-17,42301 , -29,26649 , 20,96731 , 38,76
-17,38306 , -29,26649 , 20,96945 , 38,78
-17,33913 , -29,26649 , 20,97181 , 38,8
-17,29119 , -29,26649 , 20,97437 , 38,82
-17,23927 , -29,26649 , 20,97716 , 38,84
-17,18335 , -29,26649 , 20,98015 , 38,86
-17,12344 , -29,26649 , 20,98336 , 38,88
-17,05953 , -29,26649 , 20,98679 , 38,9
-16,99162 , -29,26649 , 20,99043 , 38,92
-16,91973 , -29,26649 , 20,99428 , 38,94
-16,84384 , -29,26649 , 20,99835 , 38,96
-16,76395 , -29,26649 , 21,00263 , 38,98
-16,68406 , -29,26649 , 21,00691 , 39
-16,60418 , -29,26649 , 21,01119 , 39,02
-16,52429 , -29,26649 , 21,01547 , 39,04
-16,44441 , -29,26649 , 21,01975 , 39,06
-16,36452 , -29,26649 , 21,02403 , 39,08
-16,28464 , -29,26649 , 21,02831 , 39,1
-16,20475 , -29,26649 , 21,03259 , 39,12
-16,12487 , -29,26649 , 21,03687 , 39,14
-16,04498 , -29,26649 , 21,04115 , 39,16
-15,9651 , -29,26649 , 21,04543 , 39,18
-15,88521 , -29,26649 , 21,04971 , 39,2
-15,80532 , -29,26649 , 21,05399 , 39,22
-15,72544 , -29,26649 , 21,05827 , 39,24
-15,64555 , -29,26649 , 21,06255 , 39,26
-15,56567 , -29,26649 , 21,06683 , 39,28
-15,48578 , -29,26649 , 21,0711 , 39,3
-15,4059 , -29,26649 , 21,07537 , 39,32
-15,32601 , -29,26649 , 21,07965 , 39,34
-15,24613 , -29,26649 , 21,08392 , 39,36
-15,16624 , -29,26649 , 21,08819 , 39,38
-15,08636 , -29,26649 , 21,09246 , 39,4
-15,00647 , -29,26649 , 21,09674 , 39,42
-14,92658 , -29,26649 , 21,10101 , 39,44
-14,84668 , -29,26649 , 21,10484 , 39,46
-14,76676 , -29,26649 , 21,1084 , 39,48
-14,6868 , -29,26649 , 21,1111 , 39,5
-14,60683 , -29,26649 , 21,11324 , 39,52
-14,52686 , -29,26649 , 21,11537 , 39,54
-14,44688 , -29,26649 , 21,11736 , 39,56
-14,36691 , -29,26649 , 21,11935 , 39,58
-14,28693 , -29,26649 , 21,12135 , 39,6
-14,20696 , -29,26649 , 21,12334 , 39,62
-14,12698 , -29,26649 , 21,12533 , 39,64
-14,04701 , -29,26649 , 21,12732 , 39,66
-13,96703 , -29,26649 , 21,12931 , 39,68
-13,88706 , -29,26649 , 21,1313 , 39,7
-13,80708 , -29,26649 , 21,13329 , 39,72
-13,72711 , -29,26649 , 21,13528 , 39,74
-13,64713 , -29,26649 , 21,13728 , 39,76
-13,56716 , -29,26649 , 21,13927 , 39,78
-13,48718 , -29,26649 , 21,14126 , 39,8
-13,40721 , -29,26649 , 21,14325 , 39,82
-13,32723 , -29,26649 , 21,14524 , 39,84
-13,24726 , -29,26649 , 21,14723 , 39,86
-13,16728 , -29,26649 , 21,14922 , 39,88
-13,08731 , -29,26649 , 21,15121 , 39,9
-13,00733 , -29,26649 , 21,15321 , 39,92
-12,92736 , -29,26649 , 21,1552 , 39,94
-12,84738 , -29,26649 , 21,15719 , 39,96
-12,7674 , -29,26649 , 21,1589 , 39,98
-12,68741 , -29,26649 , 21,15989 , 40
-12,60741 , -29,26649 , 21,15946 , 40,02
-12,52742 , -29,26649 , 21,15804 , 40,04
-12,44749 , -29,26649 , 21,15463 , 40,06
-12,36762 , -29,26649 , 21,15008 , 40,08
-12,28779 , -29,26649 , 21,14483 , 40,1
-12,20797 , -29,26649 , 21,13957 , 40,12
-12,12814 , -29,26649 , 21,13432 , 40,14
-12,04831 , -29,26649 , 21,12906 , 40,16
-11,96848 , -29,26649 , 21,12381 , 40,18
-11,88866 , -29,26649 , 21,11855 , 40,2
-11,80873 , -29,2671 , 21,1133 , 40,22
-11,72891 , -29,2817 , 21,10804 , 40,24
-11,64908 , -29,3103 , 21,10279 , 40,26
-11,56925 , -29,35291 , 21,09753 , 40,28
-11,48943 , -29,40951 , 21,09228 , 40,3
-11,4084 , -29,48012 , 21,08695 , 40,32
-11,3262 , -29,56472 , 21,08154 , 40,34
-11,24285 , -29,66333 , 21,07605 , 40,36
-11,15837 , -29,65742 , 21,07052 , 40,38
-11,07278 , -29,65074 , 21,06494 , 40,4
-11,0688 , -29,64899 , 21,06469 , 40,42
-11,06082 , -29,64865 , 21,06417 , 40,44
-11,04885 , -29,64857 , 21,06339 , 40,46
-11,03288 , -29,64853 , 21,06235 , 40,48
-11,01293 , -29,6485 , 21,06104 , 40,5
-10,98898 , -29,64847 , 21,05947 , 40,52
-10,96105 , -29,64844 , 21,05764 , 40,54
-10,92912 , -29,64841 , 21,05554 , 40,56
-10,8932 , -29,64838 , 21,05318 , 40,58
-10,85328 , -29,64835 , 21,05056 , 40,6
-10,80938 , -29,64832 , 21,04768 , 40,62
-10,76148 , -29,49499 , 21,04453 , 40,64
-10,7096 , -29,35566 , 21,04111 , 40,66
-10,65595 , -29,217 , 21,03758 , 40,68
-10,60059 , -29,07607 , 21,03394 , 40,7
-10,54354 , -28,9331 , 21,03018 , 40,72
-10,48483 , -28,78873 , 21,02632 , 40,74
-10,42451 , -28,64651 , 21,02234 , 40,76
-10,36259 , -28,50333 , 21,01827 , 40,78
-10,29913 , -28,35986 , 21,01409 , 40,8
-10,23413 , -28,21674 , 21,00981 , 40,82
-10,16765 , -28,07433 , 21,00544 , 40,84
-10,0997 , -27,9331 , 21,00096 , 40,86
-10,03031 , -27,7931 , 20,9964 , 40,88
-9,95952 , -27,65487 , 20,99174 , 40,9
-9,88735 , -27,51744 , 20,98698 , 40,92
-9,813829 , -27,38227 , 20,98215 , 40,94
-9,738985 , -27,24955 , 20,97722 , 40,96
-9,662844 , -27,1199 , 20,97221 , 40,98
-9,585431 , -26,9947 , 20,96711 , 41
-9,506773 , -26,87325 , 20,96193 , 41,02
-9,426894 , -26,75579 , 20,95667 , 41,04
-9,345819 , -26,64271 , 20,95134 , 41,06
-9,263572 , -26,53467 , 20,94592 , 41,08
-9,180175 , -26,43184 , 20,94043 , 41,1
-9,095653 , -26,33212 , 20,93487 , 41,12
-9,010027 , -26,23798 , 20,92923 , 41,14
-8,92332 , -26,1514 , 20,92353 , 41,16
-8,835552 , -26,06934 , 20,91775 , 41,18
-8,746746 , -25,99375 , 20,9119 , 41,2
-8,656922 , -25,92501 , 20,90599 , 41,22
-8,566101 , -25,86452 , 20,90001 , 41,24
-8,474302 , -25,81105 , 20,89397 , 41,26
-8,381546 , -25,76539 , 20,88787 , 41,28
-8,28785 , -25,7286 , 20,8817 , 41,3
-8,193234 , -25,70032 , 20,87547 , 41,32
-8,097717 , -25,68087 , 20,86918 , 41,34
-8,001316 , -25,6708 , 20,86284 , 41,36
-7,904049 , -25,66966 , 20,85643 , 41,38
-7,805934 , -25,67732 , 20,84998 , 41,4
-7,706987 , -25,69533 , 20,84346 , 41,42
-7,607225 , -25,72335 , 20,8369 , 41,44
-7,506664 , -25,76216 , 20,83028 , 41,46
-7,405321 , -25,81167 , 20,82361 , 41,48
-7,30321 , -25,87243 , 20,81688 , 41,5
-7,200348 , -25,94522 , 20,81011 , 41,52
-7,096749 , -26,02991 , 20,8033 , 41,54
-6,992428 , -26,12678 , 20,79643 , 41,56
-6,887399 , -26,23627 , 20,78951 , 41,58
-6,781677 , -26,35849 , 20,78255 , 41,6
-6,675276 , -26,49406 , 20,77555 , 41,62
-6,568209 , -26,64303 , 20,7685 , 41,64
-6,460489 , -26,80587 , 20,76141 , 41,66
-6,352129 , -26,9827 , 20,75428 , 41,68
-6,243143 , -27,17354 , 20,7471 , 41,7
-6,133543 , -27,37838 , 20,73989 , 41,72
-6,02334 , -27,59721 , 20,73264 , 41,74
-5,912548 , -27,83005 , 20,72534 , 41,76
-5,801178 , -28,07689 , 20,71801 , 41,78
-5,68924 , -28,33773 , 20,71064 , 41,8
-5,524808 , -28,31107 , 20,70154 , 41,82
-5,368278 , -28,34229 , 20,69267 , 41,84
-5,364287 , -28,3875 , 20,69241 , 41,86
-5,357582 , -28,44672 , 20,69197 , 41,88
-5,335048 , -28,51144 , 20,69095 , 41,9
-5,303187 , -28,58701 , 20,68955 , 41,92
-5,272142 , -28,67796 , 20,68809 , 41,94
-5,238925 , -28,78291 , 20,68648 , 41,96
-5,203578 , -28,90186 , 20,68471 , 41,98
-5,166143 , -29,03481 , 20,68279 , 42
-5,126664 , -29,18176 , 20,68073 , 42,02
-5,08518 , -29,34271 , 20,67853 , 42,04
-5,041732 , -29,51766 , 20,67618 , 42,06
-4,996359 , -29,70661 , 20,6737 , 42,08
-4,949099 , -29,90956 , 20,67109 , 42,1
-4,899991 , -29,80603 , 20,66834 , 42,12
-4,850278 , -29,78532 , 20,66555 , 42,14
-4,846287 , -29,78118 , 20,66529 , 42,16
-4,838305 , -29,78035 , 20,66476 , 42,18
-4,826331 , -29,78019 , 20,66397 , 42,2
-4,810365 , -29,78015 , 20,66292 , 42,22
-4,790409 , -29,78015 , 20,66161 , 42,24
-4,76646 , -29,78014 , 20,66003 , 42,26
-4,738521 , -29,78014 , 20,6582 , 42,28
-4,70659 , -29,78014 , 20,65609 , 42,3
-4,670668 , -29,78014 , 20,65373 , 42,32
-4,630754 , -29,78014 , 20,6511 , 42,34
-4,58685 , -29,78014 , 20,64821 , 42,36
-4,538953 , -29,78014 , 20,64506 , 42,38
-4,487066 , -29,78014 , 20,64164 , 42,4
-4,431187 , -29,78014 , 20,63797 , 42,42
-4,371316 , -29,78014 , 20,63403 , 42,44
-4,307455 , -29,78014 , 20,62982 , 42,46
-4,239602 , -29,78014 , 20,62535 , 42,48
-4,167757 , -29,78014 , 20,62063 , 42,5
-4,091921 , -29,78014 , 20,61563 , 42,52
-4,012094 , -29,78014 , 20,61038 , 42,54
-3,932254 , -29,78014 , 20,60533 , 42,56
-3,85237 , -29,78014 , 20,60102 , 42,58
-3,772451 , -29,78014 , 20,59742 , 42,6
-3,69247 , -29,78014 , 20,59568 , 42,62
-3,612472 , -29,78014 , 20,59513 , 42,64
-3,532473 , -29,78014 , 20,59472 , 42,66
-3,452474 , -29,78014 , 20,59425 , 42,68
-3,372502 , -29,78014 , 20,59213 , 42,7
-3,292719 , -29,78014 , 20,58624 , 42,72
-3,221417 , -29,78014 , 20,57658 , 42,74
-3,159891 , -29,78014 , 20,56244 , 42,76
-3,113096 , -29,78014 , 20,53947 , 42,78
-3,074469 , -29,78014 , 20,51044 , 42,8
-3,047603 , -29,78014 , 20,47672 , 42,82
-3,024475 , -29,78014 , 20,43999 , 42,84
-3,002496 , -29,78014 , 20,40243 , 42,86
-2,980518 , -29,78014 , 20,36487 , 42,88
-2,958539 , -29,78014 , 20,3273 , 42,9
-2,93656 , -29,78014 , 20,28974 , 42,92
-2,914582 , -29,78014 , 20,25218 , 42,94
-2,892603 , -29,78014 , 20,21461 , 42,96
-2,870625 , -29,78014 , 20,17705 , 42,98
-2,848646 , -29,78014 , 20,13949 , 43
-2,826667 , -29,78014 , 20,10192 , 43,02
-2,804689 , -29,78014 , 20,06436 , 43,04
-2,78271 , -29,78014 , 20,0268 , 43,06
-2,760731 , -29,78014 , 19,98923 , 43,08
-2,738753 , -29,78014 , 19,95167 , 43,1
-2,716774 , -29,78014 , 19,91411 , 43,12
-2,694796 , -29,78014 , 19,87654 , 43,14
-2,672817 , -29,78014 , 19,83898 , 43,16
-2,650838 , -29,78014 , 19,80142 , 43,18
-2,62886 , -29,78014 , 19,76386 , 43,2
-2,606881 , -29,78014 , 19,72629 , 43,22
-2,584903 , -29,78014 , 19,68873 , 43,24
-2,562924 , -29,78014 , 19,65116 , 43,26
-2,540945 , -29,78014 , 19,6136 , 43,28
-2,518967 , -29,78014 , 19,57604 , 43,3
-2,496988 , -29,78014 , 19,53848 , 43,32
-2,475009 , -29,78014 , 19,50091 , 43,34
-2,453031 , -29,78014 , 19,46335 , 43,36
-2,432852 , -29,78014 , 19,42692 , 43,38
-2,417093 , -29,78014 , 19,39299 , 43,4
-2,409335 , -29,78014 , 19,36432 , 43,42
-2,404835 , -29,78014 , 19,33827 , 43,44
-2,401828 , -29,78014 , 19,31325 , 43,46
-2,398821 , -29,78014 , 19,28823 , 43,48
-2,395814 , -29,78014 , 19,2632 , 43,5
-2,392807 , -29,78014 , 19,23818 , 43,52
-2,3898 , -29,78014 , 19,21316 , 43,54
-2,386793 , -29,78014 , 19,18814 , 43,56
-2,383786 , -29,78014 , 19,16311 , 43,58
-2,380779 , -29,78014 , 19,13809 , 43,6
-2,377772 , -29,78014 , 19,11307 , 43,62
-2,374765 , -29,78014 , 19,08805 , 43,64
-2,371758 , -29,78014 , 19,06302 , 43,66
-2,368752 , -29,78014 , 19,038 , 43,68
-2,365745 , -29,78014 , 19,01298 , 43,7
-2,362738 , -29,78014 , 18,98796 , 43,72
-2,359965 , -29,78014 , 18,96296 , 43,74
-2,359294 , -29,78014 , 18,93937 , 43,76
-2,359741 , -29,78014 , 18,91579 , 43,78
-2,36085 , -29,78014 , 18,8926 , 43,8
-2,361959 , -29,78014 , 18,86941 , 43,82
-2,363068 , -29,78014 , 18,84622 , 43,84
-2,364177 , -29,78014 , 18,82304 , 43,86
-2,365286 , -29,78014 , 18,79985 , 43,88
-2,366395 , -29,78014 , 18,77666 , 43,9
-2,367503 , -29,78014 , 18,75347 , 43,92
-2,368612 , -29,78014 , 18,73029 , 43,94
-2,369721 , -29,78014 , 18,7071 , 43,96
-2,37083 , -29,78014 , 18,68391 , 43,98
-2,371939 , -29,78014 , 18,66072 , 44
-2,373048 , -29,78014 , 18,63754 , 44,02
-2,374157 , -29,78014 , 18,61435 , 44,04
-2,375266 , -29,78014 , 18,59116 , 44,06
-2,376597 , -29,78014 , 18,56796 , 44,08
-2,379002 , -29,78014 , 18,5455 , 44,1
-2,382679 , -29,78014 , 18,52368 , 44,12
-2,386579 , -29,78014 , 18,50181 , 44,14
-2,39048 , -29,78014 , 18,47995 , 44,16
-2,39438 , -29,78014 , 18,45808 , 44,18
-2,398281 , -29,78014 , 18,43621 , 44,2
-2,402406 , -29,78014 , 18,4143 , 44,22
-2,406758 , -29,78014 , 18,39235 , 44,24
-2,411978 , -29,78014 , 18,3706 , 44,26
-2,418373 , -29,78014 , 18,34855 , 44,28
-2,42635 , -29,78014 , 18,32679 , 44,3
-2,435527 , -29,78014 , 18,30502 , 44,32
-2,446136 , -29,78014 , 18,28347 , 44,34
-2,457763 , -29,78014 , 18,26192 , 44,36
-2,470639 , -29,78014 , 18,2406 , 44,38
-2,485953 , -29,78014 , 18,21939 , 44,4
-2,503455 , -29,78014 , 18,19869 , 44,42
-2,523846 , -29,78014 , 18,17766 , 44,44
-2,545928 , -29,78014 , 18,15644 , 44,46
-2,569382 , -29,78014 , 18,13511 , 44,48
-2,594618 , -29,61981 , 18,11361 , 44,5
-2,620997 , -29,46648 , 18,0918 , 44,52
-2,647799 , -29,31353 , 18,06967 , 44,54
-2,675135 , -29,1568 , 18,04719 , 44,56
-2,70318 , -29,00068 , 18,02433 , 44,58
-2,73208 , -28,84133 , 18,00108 , 44,6
-2,762054 , -28,68411 , 17,9774 , 44,62
-2,793204 , -28,52436 , 17,95329 , 44,64
-2,825613 , -28,36701 , 17,92872 , 44,66
-2,85932 , -28,20774 , 17,90369 , 44,68
-2,894408 , -28,05003 , 17,87818 , 44,7
-2,930897 , -27,8947 , 17,85218 , 44,72
-2,968822 , -27,73943 , 17,82568 , 44,74
-3,008157 , -27,58694 , 17,79869 , 44,76
-3,048871 , -27,43598 , 17,77122 , 44,78
-3,090939 , -27,28828 , 17,74326 , 44,8
-3,134335 , -27,14212 , 17,71482 , 44,82
-3,179046 , -27,00026 , 17,68592 , 44,84
-3,225097 , -26,86056 , 17,65653 , 44,86
-3,272495 , -26,72318 , 17,62663 , 44,88
-3,321247 , -26,59126 , 17,5962 , 44,9
-3,371378 , -26,46239 , 17,5652 , 44,92
-3,42288 , -26,33985 , 17,53361 , 44,94
-3,47576 , -26,22194 , 17,5014 , 44,96
-3,529994 , -26,10998 , 17,46856 , 44,98
-3,585576 , -26,00322 , 17,43506 , 45
-3,642457 , -25,90279 , 17,40085 , 45,02
-3,700571 , -25,80806 , 17,3659 , 45,04
-3,759822 , -25,72015 , 17,33019 , 45,06
-3,820133 , -25,63707 , 17,29372 , 45,08
-3,881454 , -25,56111 , 17,25649 , 45,1
-3,943725 , -25,49267 , 17,21848 , 45,12
-4,006928 , -25,4339 , 17,17972 , 45,14
-4,071018 , -25,38279 , 17,14017 , 45,16
-4,135963 , -25,34027 , 17,09988 , 45,18
-4,201746 , -25,30611 , 17,05885 , 45,2
-4,26835 , -25,28119 , 17,01709 , 45,22
-4,335745 , -25,26528 , 16,97461 , 45,24
-4,403888 , -25,25883 , 16,93141 , 45,26
-4,472736 , -25,2625 , 16,88751 , 45,28
-4,542233 , -25,27695 , 16,84291 , 45,3
-4,61231 , -25,30136 , 16,79762 , 45,32
-4,682927 , -25,33714 , 16,75164 , 45,34
-4,754062 , -25,38424 , 16,70498 , 45,36
-4,825703 , -25,44278 , 16,65765 , 45,38
-4,89784 , -25,51343 , 16,60967 , 45,4
-4,970465 , -25,59657 , 16,56104 , 45,42
-5,043567 , -25,69229 , 16,51179 , 45,44
-5,117136 , -25,80077 , 16,46191 , 45,46
-5,191164 , -25,92252 , 16,41144 , 45,48
-5,26564 , -26,05777 , 16,36037 , 45,5
-5,340598 , -26,20692 , 16,30873 , 45,52
-5,416124 , -26,37008 , 16,25655 , 45,54
-5,492391 , -26,54723 , 16,20389 , 45,56
-5,569524 , -26,73838 , 16,15082 , 45,58
-5,647517 , -26,94354 , 16,09738 , 45,6
-5,726363 , -27,16269 , 16,04359 , 45,62
-5,80605 , -27,39585 , 15,98946 , 45,64
-5,886562 , -27,643 , 15,93501 , 45,66
-5,967885 , -27,90416 , 15,88023 , 45,68
-6,05 , -28,17931 , 15,82515 , 45,7
-6,132893 , -28,46846 , 15,76975 , 45,72
-6,216545 , -28,77162 , 15,71405 , 45,74
-6,300927 , -29,08877 , 15,65802 , 45,76
-6,386008 , -29,41993 , 15,60166 , 45,78
-6,471765 , -29,76508 , 15,54494 , 45,8
-6,558179 , -30,12423 , 15,48787 , 45,82
-6,645237 , -30,49739 , 15,43045 , 45,84
-6,732928 , -30,88454 , 15,37269 , 45,86
-6,821237 , -31,28569 , 15,31461 , 45,88
-6,910153 , -31,70085 , 15,2562 , 45,9
-6,999663 , -32,13 , 15,19746 , 45,92
-7,089756 , -32,57315 , 15,13842 , 45,94
-7,18042 , -32,41064 , 15,07907 , 45,96
-7,271644 , -32,37814 , 15,01943 , 45,98
-7,275034 , -32,37164 , 15,0173 , 46
-7,281814 , -32,37034 , 15,01306 , 46,02
-7,291983 , -32,37008 , 15,00669 , 46,04
-7,305542 , -32,37003 , 14,99819 , 46,06
-7,32249 , -32,37001 , 14,98757 , 46,08
-7,342829 , -32,37001 , 14,97483 , 46,1
-7,366557 , -32,37001 , 14,95997 , 46,12
-7,393675 , -32,37001 , 14,94298 , 46,14
-7,424183 , -32,37001 , 14,92387 , 46,16
-7,45808 , -32,37001 , 14,90263 , 46,18
-7,495368 , -32,37001 , 14,87927 , 46,2
-7,536045 , -32,37001 , 14,85379 , 46,22
-7,580112 , -32,37001 , 14,82618 , 46,24
-7,627568 , -32,37001 , 14,79645 , 46,26
-7,678414 , -32,37001 , 14,7646 , 46,28
-7,73265 , -32,37001 , 14,73062 , 46,3
-7,790276 , -32,37001 , 14,69452 , 46,32
-7,851291 , -32,37001 , 14,65629 , 46,34
-7,913507 , -32,37001 , 14,61546 , 46,36
-7,970137 , -32,37001 , 14,57053 , 46,38
-8,019409 , -32,37001 , 14,5239 , 46,4
-8,058706 , -32,37001 , 14,47497 , 46,42
-8,089282 , -32,37001 , 14,42381 , 46,44
-8,11384 , -32,37001 , 14,37093 , 46,46
-8,126197 , -32,37001 , 14,3127 , 46,48
-8,131786 , -32,37001 , 14,25112 , 46,5
-8,130786 , -32,37001 , 14,18627 , 46,52
-8,125052 , -32,37001 , 14,11882 , 46,54
-8,1127 , -32,37001 , 14,04771 , 46,56
-8,09713 , -32,37001 , 13,97473 , 46,58
-8,078666 , -32,37001 , 13,9003 , 46,6
-8,056162 , -32,37001 , 13,8239 , 46,62
-8,028231 , -32,37001 , 13,74894 , 46,64
-7,997416 , -32,37001 , 13,67511 , 46,66
-7,96467 , -32,37001 , 13,60212 , 46,68
-7,930306 , -32,37001 , 13,52988 , 46,7
-7,894925 , -32,37001 , 13,45813 , 46,72
-7,85906 , -32,37001 , 13,38661 , 46,74
-7,823195 , -32,37001 , 13,3151 , 46,76
-7,787331 , -32,37001 , 13,24359 , 46,78
-7,751466 , -32,37001 , 13,17208 , 46,8
-7,717209 , -32,37001 , 13,09979 , 46,82
-7,686668 , -32,37001 , 13,02585 , 46,84
-7,662281 , -32,37001 , 12,94966 , 46,86
-7,641575 , -32,37001 , 12,87341 , 46,88
-7,625609 , -32,37001 , 12,79957 , 46,9
-7,619837 , -32,37001 , 12,73043 , 46,92
-7,62151 , -32,37001 , 12,66474 , 46,94
-7,635356 , -32,37001 , 12,6039 , 46,96
-7,664381 , -32,37001 , 12,54567 , 46,98
-7,701383 , -32,37001 , 12,48703 , 47
-7,744082 , -32,21668 , 12,42755 , 47,02
-7,789202 , -32,07735 , 12,36697 , 47,04
-7,835044 , -31,93723 , 12,30545 , 47,06
-7,881621 , -31,79655 , 12,24299 , 47,08
-7,928966 , -31,65536 , 12,17956 , 47,1
-7,977065 , -31,51346 , 12,11517 , 47,12
-8,025881 , -31,37125 , 12,04984 , 47,14
-8,075363 , -31,22841 , 11,98354 , 47,16
-8,125436 , -31,08682 , 11,91625 , 47,18
-8,175879 , -30,9421 , 11,84787 , 47,2
-8,226525 , -30,79904 , 11,77834 , 47,22
-8,277264 , -30,65757 , 11,70762 , 47,24
-8,327868 , -30,5181 , 11,63566 , 47,26
-8,37823 , -30,38047 , 11,56245 , 47,28
-8,428215 , -30,24553 , 11,48797 , 47,3
-8,477731 , -30,10988 , 11,41223 , 47,32
-8,526729 , -29,97732 , 11,33525 , 47,34
-8,575152 , -29,84796 , 11,25703 , 47,36
-8,622991 , -29,72239 , 11,17761 , 47,38
-8,670232 , -29,59984 , 11,097 , 47,4
-8,716876 , -29,48272 , 11,01522 , 47,42
-8,762915 , -29,36979 , 10,9323 , 47,44
-8,808348 , -29,26239 , 10,84825 , 47,46
-8,853177 , -29,15969 , 10,7631 , 47,48
-8,897392 , -29,06565 , 10,67687 , 47,5
-8,940995 , -28,9856 , 10,58958 , 47,52
-8,983987 , -28,91955 , 10,50124 , 47,54
-9,026369 , -28,8675 , 10,41189 , 47,56
-9,068132 , -28,82945 , 10,32152 , 47,58
-9,109247 , -28,8054 , 10,23018 , 47,6
-9,149683 , -28,79535 , 10,13786 , 47,62
-9,18931 , -28,7993 , 10,04459 , 47,64
-9,227892 , -28,81725 , 9,950393 , 47,66
-9,265117 , -28,8492 , 9,85567 , 47,68
-9,300887 , -28,89515 , 9,760704 , 47,7
-9,335119 , -28,9551 , 9,666063 , 47,72
-9,367854 , -29,02905 , 9,572129 , 47,74
-9,399178 , -29,117 , 9,479139 , 47,76
-9,429191 , -29,21895 , 9,387334 , 47,78
-9,457941 , -29,3349 , 9,296755 , 47,8
-9,485461 , -29,46485 , 9,207399 , 47,82
-9,511776 , -29,6088 , 9,119243 , 47,84
-9,536909 , -29,76674 , 9,032261 , 47,86
-9,560884 , -29,93869 , 8,946431 , 47,88
-9,583733 , -30,12464 , 8,861751 , 47,9
-9,605498 , -30,32459 , 8,778258 , 47,92
-9,626205 , -30,53854 , 8,695966 , 47,94
-9,645869 , -30,76649 , 8,614864 , 47,96
-9,664522 , -31,00844 , 8,534959 , 47,98
-9,595582 , -30,99651 , 8,450166 , 48
-9,522122 , -31,01035 , 8,366282 , 48,02
-9,498135 , -31,03362 , 8,364066 , 48,04
-9,475876 , -31,05467 , 8,361438 , 48,06
-9,454003 , -31,07817 , 8,358366 , 48,08
-9,431688 , -31,10646 , 8,355026 , 48,1
-9,408463 , -31,1415 , 8,351804 , 48,12
-9,384552 , -31,18539 , 8,34892 , 48,14
-9,355453 , -31,24215 , 8,34564 , 48,16
-9,327949 , -31,31474 , 8,342627 , 48,18
-9,304803 , -31,40287 , 8,340242 , 48,2
-9,280904 , -31,505 , 8,338371 , 48,22
-9,256161 , -31,62114 , 8,337221 , 48,24
-9,230548 , -31,75127 , 8,336908 , 48,26
-9,204069 , -31,89541 , 8,337482 , 48,28
-9,176727 , -32,05354 , 8,33899 , 48,3
-9,148538 , -32,22568 , 8,341427 , 48,32
-9,11951 , -32,41181 , 8,344808 , 48,34
-9,089656 , -32,37837 , 8,349135 , 48,36
-9,058983 , -32,37168 , 8,354438 , 48,38
-9,056953 , -32,37035 , 8,355988 , 48,4
-9,052834 , -32,37008 , 8,359194 , 48,42
-9,046573 , -32,37003 , 8,364115 , 48,44
-9,038062 , -32,37001 , 8,370706 , 48,46
-9,027306 , -32,37001 , 8,379046 , 48,48
-9,013887 , -32,37001 , 8,38924 , 48,5
-8,997512 , -32,37001 , 8,401253 , 48,52
-8,977632 , -32,37001 , 8,415164 , 48,54
-8,954082 , -32,37001 , 8,431289 , 48,56
-8,926831 , -32,37001 , 8,449526 , 48,58
-8,896128 , -32,37001 , 8,469872 , 48,6
-8,862633 , -32,37001 , 8,492067 , 48,62
-8,826071 , -32,37001 , 8,51615 , 48,64
-8,786398 , -32,37001 , 8,542127 , 48,66
-8,743572 , -32,37001 , 8,570002 , 48,68
-8,697209 , -32,37001 , 8,599826 , 48,7
-8,646538 , -32,37001 , 8,631413 , 48,72
-8,591725 , -32,37001 , 8,665007 , 48,74
-8,533051 , -32,37001 , 8,700567 , 48,76
-8,469128 , -32,37001 , 8,738261 , 48,78
-8,403471 , -32,37001 , 8,776158 , 48,8
-8,335246 , -32,37001 , 8,814008 , 48,82
-8,26429 , -32,37001 , 8,850957 , 48,84
-8,192595 , -32,37001 , 8,886453 , 48,86
-8,119495 , -32,37001 , 8,918955 , 48,88
-8,045749 , -32,37001 , 8,949962 , 48,9
-7,971246 , -32,37001 , 8,979104 , 48,92
-7,89593 , -32,37001 , 9,006077 , 48,94
-7,820238 , -32,37001 , 9,031976 , 48,96
-7,743955 , -32,37001 , 9,056076 , 48,98
-7,667152 , -32,21668 , 9,078466 , 49
-7,589737 , -32,07735 , 9,098641 , 49,02
-7,511143 , -31,93446 , 9,11904 , 49,04
-7,431381 , -31,79075 , 9,139612 , 49,06
-7,350473 , -31,64661 , 9,160344 , 49,08
-7,268432 , -31,5021 , 9,181181 , 49,1
-7,185268 , -31,35711 , 9,202053 , 49,12
-7,10099 , -31,20876 , 9,222854 , 49,14
-7,015608 , -31,06087 , 9,243495 , 49,16
-6,929143 , -30,91416 , 9,263948 , 49,18
-6,841615 , -30,76871 , 9,284185 , 49,2
-6,753043 , -30,62504 , 9,304203 , 49,22
-6,663448 , -30,48326 , 9,324005 , 49,24
-6,572852 , -30,34381 , 9,343596 , 49,26
-6,481273 , -30,20347 , 9,362973 , 49,28
-6,38873 , -30,06649 , 9,382124 , 49,3
-6,295242 , -29,93249 , 9,401037 , 49,32
-6,200826 , -29,8027 , 9,419687 , 49,34
-6,1055 , -29,67637 , 9,438057 , 49,36
-6,009281 , -29,55153 , 9,45613 , 49,38
-5,912188 , -29,4309 , 9,473898 , 49,4
-5,814236 , -29,31517 , 9,491359 , 49,42
-5,715444 , -29,20402 , 9,508512 , 49,44
-5,615828 , -29,09925 , 9,525357 , 49,46
-5,515405 , -28,99976 , 9,5419 , 49,48
-5,41419 , -28,90671 , 9,558146 , 49,5
-5,3122 , -28,81739 , 9,574094 , 49,52
-5,209449 , -28,7352 , 9,589751 , 49,54
-5,105954 , -28,65975 , 9,605123 , 49,56
-5,001729 , -28,58972 , 9,620214 , 49,58
-4,896789 , -28,52833 , 9,63503 , 49,6
-4,791147 , -28,47335 , 9,649577 , 49,62
-4,684818 , -28,42594 , 9,663861 , 49,64
-4,577816 , -28,38774 , 9,677887 , 49,66
-4,470155 , -28,35836 , 9,691659 , 49,68
-4,361846 , -28,33679 , 9,705183 , 49,7
-4,252904 , -28,32538 , 9,718457 , 49,72
-4,143341 , -28,32344 , 9,73148 , 49,74
-4,033169 , -28,33032 , 9,744248 , 49,76
-3,9224 , -28,34772 , 9,756762 , 49,78
-3,811047 , -28,37581 , 9,769018 , 49,8
-3,699121 , -28,41418 , 9,781023 , 49,82
-3,586633 , -28,46371 , 9,792781 , 49,84
-3,473596 , -28,52418 , 9,804296 , 49,86
-3,360018 , -28,59651 , 9,815575 , 49,88
-3,245913 , -28,68103 , 9,826621 , 49,9
-3,131289 , -28,77798 , 9,83744 , 49,92
-3,016159 , -28,88727 , 9,848035 , 49,94
-2,90053 , -29,00963 , 9,858411 , 49,96
-2,784415 , -29,14533 , 9,868573 , 49,98
-2,667821 , -29,29465 , 9,878525 , 50
-2,55076 , -29,45787 , 9,888285 , 50,02
-2,433239 , -29,63509 , 9,897878 , 50,04
-2,315271 , -29,82631 , 9,90736 , 50,06
-2,196863 , -30,03153 , 9,916743 , 50,08
-2,078025 , -30,25075 , 9,926028 , 50,1
-1,958765 , -30,48397 , 9,935218 , 50,12
-1,839092 , -30,73119 , 9,944313 , 50,14
-1,719013 , -30,99241 , 9,953316 , 50,16
-1,598538 , -31,26763 , 9,962229 , 50,18
-1,477673 , -31,55685 , 9,971053 , 50,2
-1,356428 , -31,86007 , 9,979791 , 50,22
-1,234808 , -32,17728 , 9,988443 , 50,24
-1,112823 , -32,18316 , 9,997013 , 50,26
-0,9904793 , -32,18434 , 10,00553 , 50,28
-0,9864864 , -32,18457 , 10,00576 , 50,3
-0,9785123 , -32,18462 , 10,00641 , 50,32
-0,9665854 , -32,18463 , 10,00773 , 50,34
-0,9507408 , -32,18463 , 10,00995 , 50,36
-0,9310015 , -32,18463 , 10,01317 , 50,38
-0,9075049 , -32,18463 , 10,01806 , 50,4
-0,8803104 , -32,18463 , 10,02473 , 50,42
-0,8494051 , -32,18463 , 10,03303 , 50,44
-0,8148897 , -32,18463 , 10,04326 , 50,46
-0,7767242 , -32,18463 , 10,05523 , 50,48
-0,7348251 , -32,18463 , 10,06867 , 50,5
-0,6891906 , -32,18463 , 10,08355 , 50,52
-0,6397533 , -32,18463 , 10,09967 , 50,54
-0,5865132 , -32,18463 , 10,11704 , 50,56
-0,5294701 , -32,18463 , 10,13564 , 50,58
-0,4686242 , -32,18463 , 10,15549 , 50,6
-0,4038933 , -32,18463 , 10,17632 , 50,62
-0,3351376 , -32,18463 , 10,19768 , 50,64
-0,2618867 , -32,18463 , 10,21794 , 50,66
-0,1844214 , -32,18463 , 10,23792 , 50,68
-0,1065625 , -32,18463 , 10,2563 , 50,7
-0,02850482 , -32,18463 , 10,27382 , 50,72
0,0496654 , -32,18463 , 10,29084 , 50,74
0,1278777 , -32,18463 , 10,30765 , 50,76
0,2062621 , -32,18463 , 10,32365 , 50,78
0,284786 , -32,18463 , 10,33895 , 50,8
0,3635163 , -32,18463 , 10,35314 , 50,82
0,4423648 , -32,18463 , 10,36667 , 50,84
0,5212313 , -32,18463 , 10,38009 , 50,86
0,6000978 , -32,18463 , 10,39351 , 50,88
0,6789643 , -32,18463 , 10,40693 , 50,9
0,7578307 , -32,18463 , 10,42035 , 50,92
0,8367031 , -32,18463 , 10,43373 , 50,94
0,9156182 , -32,18463 , 10,44686 , 50,96
0,99476 , -32,18463 , 10,45855 , 50,98
1,074058 , -32,0313 , 10,46912 , 51
1,153581 , -31,89197 , 10,47785 , 51,02
1,234302 , -31,75104 , 10,48665 , 51,04
1,3162 , -31,60554 , 10,49549 , 51,06
1,399254 , -31,45889 , 10,50435 , 51,08
1,48344 , -31,31222 , 10,51322 , 51,1
1,568736 , -31,16551 , 10,5221 , 51,12
1,655121 , -31,01932 , 10,53098 , 51,14
1,742573 , -30,87392 , 10,53986 , 51,16
1,831069 , -30,72575 , 10,54874 , 51,18
1,92059 , -30,58258 , 10,55762 , 51,2
2,011115 , -30,43703 , 10,5665 , 51,22
2,102624 , -30,29383 , 10,57538 , 51,24
2,195098 , -30,15313 , 10,58424 , 51,26
2,288518 , -30,01501 , 10,5931 , 51,28
2,382864 , -29,87812 , 10,60194 , 51,3
2,478118 , -29,74611 , 10,61078 , 51,32
2,574263 , -29,61442 , 10,61959 , 51,34
2,671281 , -29,48689 , 10,62839 , 51,36
2,769153 , -29,36419 , 10,63716 , 51,38
2,867865 , -29,24589 , 10,64591 , 51,4
2,967398 , -29,12948 , 10,65462 , 51,42
3,067738 , -29,01852 , 10,6633 , 51,44
3,168868 , -28,91224 , 10,67193 , 51,46
3,270772 , -28,81077 , 10,68052 , 51,48
3,373436 , -28,71537 , 10,68905 , 51,5
3,476844 , -28,6263 , 10,69754 , 51,52
3,580981 , -28,54323 , 10,70597 , 51,54
3,685833 , -28,4668 , 10,71435 , 51,56
3,791385 , -28,39753 , 10,72269 , 51,58
3,897624 , -28,33545 , 10,73097 , 51,6
4,004536 , -28,28091 , 10,73921 , 51,62
4,112106 , -28,23399 , 10,7474 , 51,64
4,220323 , -28,19548 , 10,75555 , 51,66
4,329174 , -28,16523 , 10,76364 , 51,68
4,438644 , -28,14406 , 10,77169 , 51,7
4,548724 , -28,13178 , 10,77968 , 51,72
4,6594 , -28,12902 , 10,78762 , 51,74
4,77066 , -28,13595 , 10,79551 , 51,76
4,882494 , -28,15315 , 10,80334 , 51,78
4,994889 , -28,18064 , 10,8111 , 51,8
5,107835 , -28,219 , 10,81881 , 51,82
5,22132 , -28,26845 , 10,82645 , 51,84
5,335334 , -28,3293 , 10,83403 , 51,86
5,449867 , -28,40186 , 10,84154 , 51,88
5,564907 , -28,48637 , 10,849 , 51,9
5,680445 , -28,58323 , 10,8564 , 51,92
5,796471 , -28,69274 , 10,86374 , 51,94
5,912975 , -28,81524 , 10,87103 , 51,96
6,029947 , -28,95104 , 10,87826 , 51,98
6,147378 , -29,10043 , 10,88544 , 52
6,26526 , -29,26373 , 10,89257 , 52,02
