Min X value: -65
Min Y value: -14,1249
Min Z value: -105,0925
Max X value: 66,50088
Max Y value: 14,90855
Max Z value: 105
Key: charpos in X , Y , Z , Time since start capture
0 , 0 , -95 , 2,52
0 , -0,003531575 , -95 , 2,54
0 , -0,0109126 , -95 , 2,56
4,816125E-11 , -0,01818258 , -95 , 2,58
1,712832E-10 , -0,01963657 , -95 , 2,6
2,663886E-10 , -0,01992738 , -95 , 2,62
3,289422E-10 , -0,0199855 , -95 , 2,64
3,681617E-10 , -0,01999712 , -95 , 2,66
3,92262E-10 , -0,01999944 , -95 , 2,68
4,068762E-10 , -0,01999992 , -95 , 2,7
4,156258E-10 , -0,02000004 , -95 , 2,72
4,207852E-10 , -0,02000004 , -95 , 2,74
4,237673E-10 , -0,02000004 , -95 , 2,76
4,254448E-10 , -0,02000004 , -95 , 2,78
4,263516E-10 , -0,02000004 , -95 , 2,8
4,268116E-10 , -0,02000004 , -95 , 2,82
4,270194E-10 , -0,02000004 , -95 , 2,84
4,2709E-10 , -0,02000004 , -95 , 2,86
4,270903E-10 , -0,02000004 , -95 , 2,88
4,270583E-10 , -0,02000004 , -95 , 2,9
4,270146E-10 , -0,02000004 , -95 , 2,92
4,270146E-10 , -0,02000004 , -95 , 2,94
4,270146E-10 , -0,02000004 , -95 , 2,96
4,270146E-10 , -0,02000004 , -95 , 2,98
4,270146E-10 , -0,02000004 , -95 , 3
4,270146E-10 , -0,02000004 , -95 , 3,02
4,270146E-10 , -0,02000004 , -95 , 3,04
4,270146E-10 , -0,02000004 , -95 , 3,06
4,270146E-10 , -0,02000004 , -95 , 3,08
4,270146E-10 , -0,02000004 , -95 , 3,1
4,270146E-10 , -0,02000004 , -95 , 3,12
4,270146E-10 , -0,02000004 , -95 , 3,14
4,270146E-10 , -0,02000004 , -95 , 3,16
4,270146E-10 , -0,02000004 , -95 , 3,18
4,270146E-10 , -0,02000004 , -95 , 3,2
4,270146E-10 , -0,02000004 , -95 , 3,22
4,270146E-10 , -0,02000004 , -95 , 3,24
4,270146E-10 , -0,02000004 , -95 , 3,26
4,270146E-10 , -0,02000004 , -95 , 3,28
4,270146E-10 , -0,02000004 , -95 , 3,3
4,270146E-10 , -0,02000004 , -95 , 3,32
4,270146E-10 , -0,02000004 , -95 , 3,34
4,270146E-10 , -0,02000004 , -95 , 3,36
4,270146E-10 , -0,02000004 , -95 , 3,38
4,270146E-10 , -0,02000004 , -95 , 3,4
4,270146E-10 , -0,02000004 , -95 , 3,42
4,270146E-10 , -0,02000004 , -95 , 3,44
4,270146E-10 , -0,02000004 , -95 , 3,46
4,270146E-10 , -0,02000004 , -95 , 3,48
4,270146E-10 , -0,02000004 , -95 , 3,5
4,270146E-10 , -0,02000004 , -95 , 3,52
4,270146E-10 , -0,02000004 , -95 , 3,54
4,270146E-10 , -0,02000004 , -95 , 3,56
4,270146E-10 , -0,02000004 , -95 , 3,58
4,270146E-10 , -0,02000004 , -95 , 3,6
4,270146E-10 , -0,02000004 , -95 , 3,62
4,270146E-10 , -0,02000004 , -95 , 3,64
4,270146E-10 , -0,02000004 , -95 , 3,66
4,270146E-10 , -0,02000004 , -95 , 3,68
4,270146E-10 , -0,02000004 , -95 , 3,7
4,270146E-10 , -0,02000004 , -95 , 3,72
4,270146E-10 , -0,02000004 , -95 , 3,74
4,270146E-10 , -0,02000004 , -95 , 3,76
4,270146E-10 , -0,02000004 , -95 , 3,78
4,270146E-10 , -0,02000004 , -95 , 3,8
4,270146E-10 , -0,02000004 , -95 , 3,82
4,270146E-10 , -0,02000004 , -95 , 3,84
4,270146E-10 , -0,02000004 , -95 , 3,86
4,270146E-10 , -0,02000004 , -95 , 3,88
4,270146E-10 , -0,02000004 , -95 , 3,9
4,270146E-10 , -0,02000004 , -95 , 3,92
4,270146E-10 , -0,02000004 , -95 , 3,94
4,270146E-10 , -0,02000004 , -95 , 3,96
4,270146E-10 , -0,02000004 , -95 , 3,98
4,270146E-10 , -0,02000004 , -95 , 4
4,270146E-10 , -0,02000004 , -95 , 4,02
4,270146E-10 , -0,02000004 , -95 , 4,04
4,270146E-10 , -0,02000004 , -95 , 4,06
4,270146E-10 , -0,02000004 , -95 , 4,08
4,270146E-10 , -0,02000004 , -95 , 4,1
4,270146E-10 , -0,02000004 , -95 , 4,12
4,270146E-10 , -0,02000004 , -95 , 4,14
4,270146E-10 , -0,02000004 , -95 , 4,16
4,270146E-10 , -0,02000004 , -95 , 4,18
4,270146E-10 , -0,02000004 , -95 , 4,2
4,270146E-10 , -0,02000004 , -95 , 4,22
4,270146E-10 , -0,02000004 , -95 , 4,24
4,270146E-10 , -0,02000004 , -95 , 4,26
4,270146E-10 , -0,02000004 , -95 , 4,28
4,270146E-10 , -0,02000004 , -95 , 4,3
4,270146E-10 , -0,02000004 , -95 , 4,32
4,270146E-10 , -0,02000004 , -95 , 4,34
4,270146E-10 , -0,02000004 , -95 , 4,36
4,270146E-10 , -0,02000004 , -95 , 4,38
4,270146E-10 , -0,02000004 , -95 , 4,4
4,270146E-10 , -0,02000004 , -95 , 4,42
4,270146E-10 , -0,02000004 , -95 , 4,44
4,270146E-10 , -0,02000004 , -95 , 4,46
4,270146E-10 , -0,02000004 , -95 , 4,48
4,270146E-10 , -0,02000004 , -95 , 4,5
4,270146E-10 , -0,02000004 , -95 , 4,52
4,270146E-10 , -0,02000004 , -95 , 4,54
4,270146E-10 , -0,02000004 , -95 , 4,56
0,0003475462 , -0,02000004 , -94,98933 , 4,58
0,0009167483 , -0,02000022 , -94,96905 , 4,6
0,001627849 , -0,02000022 , -94,94012 , 4,62
0,00243023 , -0,02000016 , -94,90343 , 4,64
0,003291695 , -0,01999998 , -94,85973 , 4,66
0,004191698 , -0,02000016 , -94,80972 , 4,68
0,005117075 , -0,02000016 , -94,75405 , 4,7
0,006059358 , -0,02000016 , -94,69328 , 4,72
0,00701305 , -0,02000016 , -94,62791 , 4,74
0,007974499 , -0,0200001 , -94,5584 , 4,76
0,008941297 , -0,0200001 , -94,48518 , 4,78
0,009911788 , -0,0200001 , -94,4086 , 4,8
0,01088485 , -0,0200001 , -94,32901 , 4,82
0,01185967 , -0,0200001 , -94,24671 , 4,84
0,01283566 , -0,0200001 , -94,16197 , 4,86
0,01381236 , -0,0200001 , -94,07504 , 4,88
0,01478943 , -0,0200001 , -93,98612 , 4,9
0,0157666 , -0,0200001 , -93,89543 , 4,92
0,01674365 , -0,0200001 , -93,80314 , 4,94
0,0177204 , -0,02000004 , -93,7094 , 4,96
0,0186967 , -0,02000004 , -93,61437 , 4,98
0,01967243 , -0,02000022 , -93,51817 , 5
0,0206475 , -0,02000004 , -93,42092 , 5,02
0,02162183 , -0,02000016 , -93,32272 , 5,04
0,02259534 , -0,02000016 , -93,22368 , 5,06
0,02356798 , -0,0200001 , -93,12386 , 5,08
0,0245397 , -0,0200001 , -93,02336 , 5,1
0,02551047 , -0,0200001 , -92,92224 , 5,12
0,02648025 , -0,0200001 , -92,82056 , 5,14
0,02744904 , -0,02000004 , -92,71838 , 5,16
0,02841682 , -0,02000016 , -92,61575 , 5,18
0,02938358 , -0,0200001 , -92,5127 , 5,2
0,03034933 , -0,02000022 , -92,40929 , 5,22
0,03096482 , -0,02000022 , -92,31708 , 5,24
0,03135709 , -0,02000022 , -92,23492 , 5,26
0,03160709 , -0,02000022 , -92,16183 , 5,28
0,03176642 , -0,02000022 , -92,0969 , 5,3
0,03186797 , -0,02000022 , -92,03931 , 5,32
0,03227786 , -0,02000022 , -91,97681 , 5,34
0,0328837 , -0,02000016 , -91,90989 , 5,36
0,03361423 , -0,02000016 , -91,83899 , 5,38
0,03442425 , -0,02000016 , -91,76451 , 5,4
0,03528506 , -0,02000016 , -91,68681 , 5,42
0,03617841 , -0,02000016 , -91,6062 , 5,44
0,0370927 , -0,02000016 , -91,52299 , 5,46
0,0380205 , -0,02000016 , -91,43742 , 5,48
0,03895705 , -0,0200001 , -91,34975 , 5,5
0,03989927 , -0,02000004 , -91,26017 , 5,52
0,04049977 , -0,02000004 , -91,1804 , 5,54
0,04088248 , -0,02000004 , -91,10945 , 5,56
0,04112639 , -0,02000004 , -91,04645 , 5,58
0,04128185 , -0,02000004 , -90,99059 , 5,6
0,04138092 , -0,02000004 , -90,94117 , 5,62
0,04144406 , -0,02000004 , -90,89754 , 5,64
0,0414843 , -0,02000004 , -90,85912 , 5,66
0,04150994 , -0,02000004 , -90,82538 , 5,68
0,04152629 , -0,02000004 , -90,79587 , 5,7
0,04153671 , -0,02000004 , -90,77016 , 5,72
0,04154335 , -0,02000004 , -90,74786 , 5,74
0,04154758 , -0,02000004 , -90,72865 , 5,76
0,04155027 , -0,02000004 , -90,7122 , 5,78
0,04155199 , -0,02000004 , -90,69824 , 5,8
0,04155309 , -0,02000004 , -90,68653 , 5,82
0,04155378 , -0,02000004 , -90,67683 , 5,84
0,04155423 , -0,02000004 , -90,66896 , 5,86
0,04155451 , -0,02000004 , -90,66272 , 5,88
0,04155469 , -0,02000004 , -90,65795 , 5,9
0,0415548 , -0,02000004 , -90,6545 , 5,92
0,04155488 , -0,02000004 , -90,65225 , 5,94
0,04155493 , -0,02000004 , -90,65082 , 5,96
0,04155494 , -0,02000004 , -90,65032 , 5,98
0,04155494 , -0,02000004 , -90,6503 , 6
0,04155494 , -0,02000004 , -90,6505 , 6,02
0,04155493 , -0,02000004 , -90,65077 , 6,04
0,04155492 , -0,02000004 , -90,65105 , 6,06
0,04155491 , -0,02000004 , -90,65131 , 6,08
0,0415549 , -0,02000004 , -90,65152 , 6,1
0,0415549 , -0,02000004 , -90,6517 , 6,12
0,04155489 , -0,02000004 , -90,65183 , 6,14
0,04155489 , -0,02000004 , -90,65194 , 6,16
0,04155489 , -0,02000004 , -90,65202 , 6,18
0,04155489 , -0,02000004 , -90,65202 , 6,2
0,04155489 , -0,02000004 , -90,65202 , 6,22
0,04155489 , -0,02000004 , -90,65202 , 6,24
0,04155489 , -0,02000004 , -90,65202 , 6,26
0,04155489 , -0,02000004 , -90,65202 , 6,28
0,04155489 , -0,02000004 , -90,65202 , 6,3
0,04155489 , -0,02000004 , -90,65202 , 6,32
0,04155489 , -0,02000004 , -90,65202 , 6,34
0,04155489 , -0,02000004 , -90,65202 , 6,36
0,04155489 , -0,02000004 , -90,65202 , 6,38
0,04155489 , -0,02000004 , -90,65202 , 6,4
0,04155489 , -0,02000004 , -90,65202 , 6,42
0,04155489 , -0,02000004 , -90,65202 , 6,44
0,04155489 , -0,02000004 , -90,65202 , 6,46
0,04155489 , -0,02000004 , -90,65202 , 6,48
0,04155489 , -0,02000004 , -90,65202 , 6,5
0,04155489 , -0,02000004 , -90,65202 , 6,52
0,04155489 , -0,02000004 , -90,65202 , 6,54
0,04155489 , -0,02000004 , -90,65202 , 6,56
0,04155489 , -0,02000004 , -90,65202 , 6,58
0,04155489 , -0,02000004 , -90,65202 , 6,6
0,04155489 , -0,02000004 , -90,65202 , 6,62
0,04155489 , -0,02000004 , -90,65202 , 6,64
0,04155489 , -0,02000004 , -90,65202 , 6,66
0,04155489 , -0,02000004 , -90,65202 , 6,68
0,04155489 , -0,02000004 , -90,65202 , 6,7
0,04155489 , -0,02000004 , -90,65202 , 6,72
0,04155489 , -0,02000004 , -90,65202 , 6,74
0,04155489 , -0,02000004 , -90,65202 , 6,76
0,05225002 , -0,02000004 , -90,65126 , 6,78
0,07257187 , -0,02000004 , -90,65002 , 6,8
0,1015606 , -0,02000004 , -90,64848 , 6,82
0,138353 , -0,01999998 , -90,64677 , 6,84
0,1821741 , -0,01999998 , -90,645 , 6,86
0,2323271 , -0,01999998 , -90,64323 , 6,88
0,2881851 , -0,01999998 , -90,64153 , 6,9
0,3491839 , -0,01999998 , -90,63991 , 6,92
0,4148155 , -0,0200001 , -90,63842 , 6,94
0,4846224 , -0,01999992 , -90,63709 , 6,96
0,5581921 , -0,0200001 , -90,63595 , 6,98
0,6235572 , -0,0200001 , -90,63522 , 7
0,6815382 , -0,0200001 , -90,63475 , 7,02
0,7328736 , -0,0200001 , -90,63445 , 7,04
0,7782277 , -0,0200001 , -90,63426 , 7,06
0,818199 , -0,0200001 , -90,63414 , 7,08
0,8533255 , -0,0200001 , -90,63406 , 7,1
0,8840917 , -0,0200001 , -90,63402 , 7,12
0,9109338 , -0,0200001 , -90,63399 , 7,14
0,934244 , -0,0200001 , -90,63396 , 7,16
0,9543757 , -0,0200001 , -90,63395 , 7,18
0,9716466 , -0,0200001 , -90,63394 , 7,2
0,9863428 , -0,0200001 , -90,63393 , 7,22
0,9987219 , -0,0200001 , -90,63393 , 7,24
1,009015 , -0,0200001 , -90,63393 , 7,26
1,017432 , -0,0200001 , -90,63393 , 7,28
1,024159 , -0,0200001 , -90,63393 , 7,3
1,029366 , -0,0200001 , -90,63393 , 7,32
1,033205 , -0,0200001 , -90,63393 , 7,34
1,035813 , -0,0200001 , -90,63393 , 7,36
1,037474 , -0,0200001 , -90,63393 , 7,38
1,038122 , -0,0200001 , -90,63393 , 7,4
1,038797 , -0,0200001 , -90,63393 , 7,42
1,03903 , -0,0200001 , -90,63393 , 7,44
1,039039 , -0,0200001 , -90,63393 , 7,46
1,038946 , -0,0200001 , -90,63393 , 7,48
1,038817 , -0,0200001 , -90,63393 , 7,5
1,038685 , -0,0200001 , -90,63393 , 7,52
1,038566 , -0,0200001 , -90,63393 , 7,54
1,038466 , -0,0200001 , -90,63393 , 7,56
1,038384 , -0,0200001 , -90,63393 , 7,58
1,038319 , -0,0200001 , -90,63393 , 7,6
1,038269 , -0,0200001 , -90,63393 , 7,62
1,038231 , -0,0200001 , -90,63393 , 7,64
1,038231 , -0,0200001 , -90,63393 , 7,66
1,038231 , -0,0200001 , -90,63393 , 7,68
1,038231 , -0,0200001 , -90,63393 , 7,7
1,038231 , -0,0200001 , -90,63393 , 7,72
1,038231 , -0,0200001 , -90,63393 , 7,74
1,038231 , -0,0200001 , -90,63393 , 7,76
1,038231 , -0,0200001 , -90,63393 , 7,78
1,038231 , -0,0200001 , -90,63393 , 7,8
1,038231 , -0,0200001 , -90,63393 , 7,82
1,038231 , -0,0200001 , -90,63393 , 7,84
1,038231 , -0,0200001 , -90,63393 , 7,86
1,038231 , -0,0200001 , -90,63393 , 7,88
1,038231 , -0,0200001 , -90,63393 , 7,9
1,038231 , -0,0200001 , -90,63393 , 7,92
1,038231 , -0,0200001 , -90,63393 , 7,94
1,038231 , -0,0200001 , -90,63393 , 7,96
1,038231 , -0,0200001 , -90,63393 , 7,98
1,038231 , -0,0200001 , -90,63393 , 8
1,038231 , -0,0200001 , -90,63393 , 8,02
1,038231 , -0,0200001 , -90,63393 , 8,04
1,038231 , -0,0200001 , -90,63393 , 8,059999
1,038231 , -0,0200001 , -90,63393 , 8,08
1,038231 , -0,0200001 , -90,63393 , 8,099999
1,038231 , -0,0200001 , -90,63393 , 8,12
1,038231 , -0,0200001 , -90,63393 , 8,139999
1,038231 , -0,0200001 , -90,63393 , 8,16
1,038231 , -0,0200001 , -90,63393 , 8,179999
1,038231 , -0,0200001 , -90,63393 , 8,2
1,038231 , -0,0200001 , -90,63393 , 8,22
1,038231 , -0,0200001 , -90,63393 , 8,24
1,038231 , -0,0200001 , -90,63393 , 8,26
1,038231 , -0,0200001 , -90,63393 , 8,28
1,038231 , -0,0200001 , -90,63393 , 8,3
1,038231 , -0,0200001 , -90,63393 , 8,32
1,038231 , -0,0200001 , -90,63393 , 8,34
1,038231 , -0,0200001 , -90,63393 , 8,36
1,038231 , -0,0200001 , -90,63393 , 8,38
1,038231 , -0,0200001 , -90,63393 , 8,4
1,038231 , -0,0200001 , -90,63393 , 8,42
1,038231 , -0,0200001 , -90,63393 , 8,44
1,038231 , -0,0200001 , -90,63393 , 8,46
1,038231 , -0,0200001 , -90,63393 , 8,48
1,038231 , -0,0200001 , -90,63393 , 8,5
1,038231 , -0,0200001 , -90,63393 , 8,52
1,038231 , -0,0200001 , -90,63393 , 8,54
1,038231 , -0,0200001 , -90,63393 , 8,559999
1,038231 , -0,0200001 , -90,63393 , 8,58
1,038231 , -0,0200001 , -90,63393 , 8,599999
1,038231 , -0,0200001 , -90,63393 , 8,62
1,038231 , -0,0200001 , -90,63393 , 8,639999
1,038231 , -0,0200001 , -90,63393 , 8,66
1,038239 , -0,02000004 , -90,62325 , 8,679999
1,03825 , -0,02000004 , -90,60294 , 8,7
1,038261 , -0,02000004 , -90,57399 , 8,72
1,03827 , -0,01999998 , -90,53725 , 8,74
1,038275 , -0,0200001 , -90,49349 , 8,76
1,038277 , -0,0200001 , -90,44343 , 8,78
1,038274 , -0,0200001 , -90,38768 , 8,8
1,038266 , -0,0200001 , -90,32682 , 8,82
1,038254 , -0,02000004 , -90,26137 , 8,84
1,038237 , -0,02000004 , -90,19177 , 8,86
1,038215 , -0,02000004 , -90,11845 , 8,88
1,038189 , -0,02000004 , -90,04178 , 8,9
1,038158 , -0,02000004 , -89,96209 , 8,92
1,038124 , -0,02000004 , -89,87968 , 8,94
1,038085 , -0,02000004 , -89,79483 , 8,96
1,038043 , -0,02000004 , -89,70778 , 8,98
1,037997 , -0,02000004 , -89,61875 , 9
1,037947 , -0,02000004 , -89,52794 , 9,02
1,037894 , -0,02000004 , -89,43552 , 9,04
1,037839 , -0,02000004 , -89,34167 , 9,059999
1,03778 , -0,01999998 , -89,24651 , 9,08
1,037718 , -0,01999998 , -89,15018 , 9,099999
1,037654 , -0,0200001 , -89,05281 , 9,12
1,037587 , -0,0200001 , -88,95449 , 9,139999
1,037518 , -0,0200001 , -88,85532 , 9,16
1,037447 , -0,02000004 , -88,75537 , 9,179999
1,037373 , -0,02000004 , -88,65474 , 9,2
1,037297 , -0,02000004 , -88,55349 , 9,22
1,03722 , -0,02000004 , -88,45168 , 9,24
1,037141 , -0,02000004 , -88,34937 , 9,26
1,03706 , -0,02000004 , -88,2466 , 9,28
1,036977 , -0,02000004 , -88,14343 , 9,3
1,036893 , -0,02000004 , -88,03989 , 9,32
1,036807 , -0,02000004 , -87,93603 , 9,34
1,03672 , -0,02000004 , -87,83186 , 9,36
1,036631 , -0,02000004 , -87,72743 , 9,38
1,036541 , -0,02000004 , -87,62276 , 9,4
1,03645 , -0,01999998 , -87,51787 , 9,42
1,036358 , -0,01999998 , -87,41279 , 9,44
1,036265 , -0,01999998 , -87,30753 , 9,46
1,036171 , -0,01999998 , -87,20212 , 9,48
1,036075 , -0,01999998 , -87,09656 , 9,5
1,035979 , -0,01999998 , -86,99088 , 9,52
1,035882 , -0,0200001 , -86,88508 , 9,54
1,035784 , -0,02000004 , -86,77917 , 9,559999
1,035685 , -0,02000004 , -86,67318 , 9,58
1,035586 , -0,01999998 , -86,5671 , 9,599999
1,035485 , -0,01999998 , -86,46095 , 9,62
1,035384 , -0,01999998 , -86,35472 , 9,639999
1,035282 , -0,01999998 , -86,24844 , 9,66
1,03518 , -0,0200001 , -86,1421 , 9,679999
1,035077 , -0,02000004 , -86,03571 , 9,7
1,034973 , -0,02000016 , -85,92928 , 9,719999
1,034869 , -0,02000016 , -85,82281 , 9,74
1,034764 , -0,01999998 , -85,71631 , 9,76
1,034659 , -0,01999998 , -85,60977 , 9,78
1,034553 , -0,01999998 , -85,5032 , 9,8
1,034447 , -0,01999998 , -85,39661 , 9,82
1,03434 , -0,01999998 , -85,29 , 9,84
1,034233 , -0,01999998 , -85,18336 , 9,86
1,034126 , -0,01999998 , -85,07671 , 9,88
1,034018 , -0,0200001 , -84,97003 , 9,9
1,03391 , -0,0200001 , -84,86334 , 9,92
1,033801 , -0,02000004 , -84,75664 , 9,94
1,033692 , -0,02000004 , -84,64993 , 9,96
1,033582 , -0,02000004 , -84,5432 , 9,98
1,033473 , -0,02000004 , -84,43646 , 10
1,033363 , -0,02000004 , -84,32972 , 10,02
1,033252 , -0,02000004 , -84,22297 , 10,04
1,033142 , -0,02000004 , -84,11621 , 10,06
1,033031 , -0,02000004 , -84,00945 , 10,08
1,03292 , -0,02000016 , -83,90267 , 10,1
1,032808 , -0,02000016 , -83,79589 , 10,12
1,032697 , -0,02000016 , -83,68911 , 10,14
1,032585 , -0,01999998 , -83,58232 , 10,16
1,032473 , -0,01999998 , -83,47553 , 10,18
1,032361 , -0,01999998 , -83,36874 , 10,2
1,032248 , -0,01999998 , -83,26194 , 10,22
1,032135 , -0,01999998 , -83,15514 , 10,24
1,032022 , -0,01999998 , -83,04834 , 10,26
1,031909 , -0,01999998 , -82,94154 , 10,28
1,031796 , -0,01999998 , -82,83473 , 10,3
1,031925 , -0,01999998 , -82,72793 , 10,32
1,032953 , -0,01999998 , -82,6212 , 10,34
1,034964 , -0,01999998 , -82,51462 , 10,36
1,038128 , -0,01999998 , -82,40823 , 10,38
1,042539 , -0,0200001 , -82,30204 , 10,4
1,04826 , -0,02000004 , -82,19608 , 10,42
1,055252 , -0,02000016 , -82,09036 , 10,44
1,063431 , -0,02000016 , -81,98486 , 10,46
1,072788 , -0,01999998 , -81,87957 , 10,48
1,083299 , -0,01999998 , -81,77451 , 10,5
1,094909 , -0,01999998 , -81,66967 , 10,52
1,107518 , -0,0200001 , -81,56503 , 10,54
1,12144 , -0,01999992 , -81,46068 , 10,56
1,137061 , -0,0200001 , -81,35678 , 10,58
1,154617 , -0,0200001 , -81,25343 , 10,6
1,174398 , -0,0200001 , -81,1508 , 10,62
1,196411 , -0,01999992 , -81,0489 , 10,64
1,220723 , -0,0200001 , -80,94783 , 10,66
1,247663 , -0,02000004 , -80,84781 , 10,68
1,277738 , -0,01999998 , -80,74924 , 10,7
1,3111 , -0,01999998 , -80,65231 , 10,72
1,347504 , -0,02000016 , -80,55694 , 10,74
1,38697 , -0,0200001 , -80,46323 , 10,76
1,429303 , -0,0200001 , -80,37112 , 10,78
1,474357 , -0,0200001 , -80,28058 , 10,8
1,521969 , -0,02000004 , -80,19154 , 10,82
1,572047 , -0,02000022 , -80,10403 , 10,84
1,624548 , -0,02000004 , -80,01808 , 10,86
1,67938 , -0,02000004 , -79,93371 , 10,88
1,736539 , -0,02000004 , -79,85101 , 10,9
1,795909 , -0,01999998 , -79,76994 , 10,92
1,857363 , -0,02000016 , -79,69044 , 10,94
1,920858 , -0,01999998 , -79,61259 , 10,96
1,986296 , -0,0200001 , -79,53633 , 10,98
2,053604 , -0,02000004 , -79,46168 , 11
2,122678 , -0,02000004 , -79,38858 , 11,02
2,193377 , -0,02000004 , -79,31693 , 11,04
2,265573 , -0,02000004 , -79,24664 , 11,06
2,339151 , -0,02000004 , -79,17762 , 11,08
2,41401 , -0,01999998 , -79,10979 , 11,1
2,490056 , -0,01999998 , -79,04309 , 11,12
2,567205 , -0,01999998 , -78,97746 , 11,14
2,645383 , -0,01999998 , -78,91283 , 11,16
2,72452 , -0,0200001 , -78,84916 , 11,18
2,804554 , -0,0200001 , -78,78641 , 11,2
2,885428 , -0,01999992 , -78,72453 , 11,22
2,967142 , -0,01999992 , -78,66357 , 11,24
3,049706 , -0,0200001 , -78,60359 , 11,26
3,133182 , -0,0200001 , -78,54475 , 11,28
3,217565 , -0,02000004 , -78,48708 , 11,3
3,302792 , -0,02000004 , -78,43051 , 11,32
3,388806 , -0,02000004 , -78,37499 , 11,34
3,475554 , -0,02000004 , -78,32047 , 11,36
3,56299 , -0,02000004 , -78,26688 , 11,38
3,651072 , -0,02000004 , -78,21419 , 11,4
3,739758 , -0,02000004 , -78,16235 , 11,42
3,829015 , -0,02000004 , -78,11134 , 11,44
3,918809 , -0,02000004 , -78,06112 , 11,46
4,009111 , -0,02000004 , -78,01165 , 11,48
4,099893 , -0,02000004 , -77,96291 , 11,5
4,191242 , -0,02000004 , -77,91512 , 11,52
4,283196 , -0,02000004 , -77,86838 , 11,54
4,375713 , -0,02000004 , -77,82264 , 11,56
4,468822 , -0,02000004 , -77,77801 , 11,58
4,562661 , -0,02000004 , -77,73489 , 11,6
4,657256 , -0,02000004 , -77,69344 , 11,62
4,752621 , -0,02000004 , -77,65379 , 11,64
4,848743 , -0,02000004 , -77,61599 , 11,66
4,945558 , -0,02000004 , -77,57989 , 11,68
5,043012 , -0,02000004 , -77,54539 , 11,7
5,141053 , -0,02000004 , -77,51237 , 11,72
5,239635 , -0,02000004 , -77,48074 , 11,74
5,338724 , -0,02000004 , -77,45043 , 11,76
5,438283 , -0,02000004 , -77,42139 , 11,78
5,538282 , -0,02000004 , -77,39354 , 11,8
5,638686 , -0,02000004 , -77,36681 , 11,82
5,739475 , -0,02000004 , -77,34119 , 11,84
5,840632 , -0,02000004 , -77,31667 , 11,86
5,942149 , -0,02000004 , -77,29329 , 11,88
6,043999 , -0,02000004 , -77,27097 , 11,9
6,146157 , -0,02000004 , -77,24966 , 11,92
6,2486 , -0,01999998 , -77,22929 , 11,94
6,351306 , -0,01999998 , -77,20982 , 11,96
6,454258 , -0,01999998 , -77,19121 , 11,98
6,557438 , -0,0200001 , -77,1734 , 12
6,66083 , -0,0200001 , -77,15636 , 12,02
6,76442 , -0,0200001 , -77,14006 , 12,04
6,868193 , -0,02000004 , -77,12446 , 12,06
6,972139 , -0,02000004 , -77,10953 , 12,08
7,076245 , -0,02000004 , -77,09524 , 12,1
7,180502 , -0,02000004 , -77,08157 , 12,12
7,284899 , -0,02000004 , -77,0685 , 12,14
7,389429 , -0,02000004 , -77,05601 , 12,16
7,494082 , -0,02000004 , -77,04406 , 12,18
7,598854 , -0,02000004 , -77,03266 , 12,2
7,703736 , -0,02000004 , -77,0218 , 12,22
7,808725 , -0,02000004 , -77,01146 , 12,24
7,913828 , -0,02000004 , -77,00175 , 12,26
8,01905 , -0,02000004 , -76,99278 , 12,28
8,124399 , -0,02000004 , -76,98471 , 12,3
8,229877 , -0,02000004 , -76,97766 , 12,32
8,335476 , -0,02000004 , -76,9717 , 12,34
8,441189 , -0,02000004 , -76,9668 , 12,36
8,547007 , -0,01999998 , -76,96297 , 12,38
8,652922 , -0,01999998 , -76,96021 , 12,4
8,758924 , -0,01999998 , -76,95837 , 12,42
8,865006 , -0,01999998 , -76,95717 , 12,44
8,97116 , -0,0200001 , -76,95643 , 12,46
9,077376 , -0,02000004 , -76,95605 , 12,48
9,183649 , -0,01999998 , -76,95595 , 12,5
9,289969 , -0,01999998 , -76,95611 , 12,52
9,39633 , -0,0200001 , -76,9565 , 12,54
9,502723 , -0,0200001 , -76,9571 , 12,56
9,609138 , -0,01999992 , -76,95794 , 12,58
9,715569 , -0,01999992 , -76,95899 , 12,6
9,822006 , -0,01999992 , -76,96024 , 12,62
9,928445 , -0,0200001 , -76,96166 , 12,64
10,03488 , -0,02000004 , -76,96326 , 12,66
10,1413 , -0,02000004 , -76,96499 , 12,68
10,24772 , -0,01999998 , -76,96682 , 12,7
10,35412 , -0,01999998 , -76,96873 , 12,72
10,46052 , -0,0200001 , -76,97072 , 12,74
10,56689 , -0,02000004 , -76,97278 , 12,76
10,67326 , -0,01999998 , -76,9749 , 12,78
10,77962 , -0,0200001 , -76,97705 , 12,8
10,88597 , -0,02000004 , -76,97919 , 12,82
10,99232 , -0,02000016 , -76,98131 , 12,84
11,09868 , -0,01999998 , -76,98333 , 12,86
11,20504 , -0,01999998 , -76,98524 , 12,88
11,31142 , -0,01999998 , -76,98707 , 12,9
11,41781 , -0,0200001 , -76,98873 , 12,92
11,52423 , -0,02000004 , -76,99021 , 12,94
11,63068 , -0,02000004 , -76,99151 , 12,96
11,73715 , -0,02000004 , -76,99263 , 12,98
11,84364 , -0,02000004 , -76,99358 , 13
11,95017 , -0,02000004 , -76,99442 , 13,02
12,05671 , -0,01999998 , -76,99509 , 13,04
12,16328 , -0,01999998 , -76,99561 , 13,06
12,26987 , -0,0200001 , -76,9959 , 13,08
12,37648 , -0,0200001 , -76,99587 , 13,1
12,48309 , -0,0200001 , -76,99544 , 13,12
12,58968 , -0,02000004 , -76,99452 , 13,14
12,69624 , -0,02000004 , -76,99318 , 13,16
12,80275 , -0,02000004 , -76,99139 , 13,18
12,90918 , -0,02000004 , -76,98909 , 13,2
13,01553 , -0,02000004 , -76,98624 , 13,22
13,1218 , -0,02000004 , -76,98277 , 13,24
13,22797 , -0,01999998 , -76,97867 , 13,26
13,33405 , -0,01999998 , -76,97401 , 13,28
13,44007 , -0,01999998 , -76,96886 , 13,3
13,54602 , -0,0200001 , -76,96326 , 13,32
13,65191 , -0,0200001 , -76,95725 , 13,34
13,75775 , -0,0200001 , -76,95092 , 13,36
13,86357 , -0,0200001 , -76,9444 , 13,38
13,96937 , -0,02000004 , -76,93779 , 13,4
14,07518 , -0,02000004 , -76,9312 , 13,42
14,18101 , -0,02000004 , -76,92483 , 13,44
14,28687 , -0,01999998 , -76,91872 , 13,46
14,39278 , -0,0200001 , -76,91301 , 13,48
14,49873 , -0,02000004 , -76,90775 , 13,5
14,60474 , -0,02000004 , -76,90305 , 13,52
14,7108 , -0,02000004 , -76,89902 , 13,54
14,81693 , -0,02000004 , -76,89572 , 13,56
14,92311 , -0,02000004 , -76,8932 , 13,58
15,02936 , -0,02000004 , -76,89137 , 13,6
15,13564 , -0,02000004 , -76,88998 , 13,62
15,24198 , -0,02000004 , -76,88887 , 13,64
15,34835 , -0,02000004 , -76,88795 , 13,66
15,45477 , -0,02000004 , -76,88715 , 13,68
15,56121 , -0,02000004 , -76,88642 , 13,7
15,66768 , -0,02000004 , -76,88575 , 13,72
15,77418 , -0,02000004 , -76,88512 , 13,74
15,88071 , -0,02000004 , -76,88451 , 13,76
15,98726 , -0,02000004 , -76,88393 , 13,78
16,09382 , -0,02000004 , -76,88335 , 13,8
16,20041 , -0,02000004 , -76,8828 , 13,82
16,30701 , -0,02000004 , -76,88225 , 13,84
16,41363 , -0,02000004 , -76,88171 , 13,86
16,52025 , -0,01999998 , -76,88119 , 13,88
16,62689 , -0,01999998 , -76,88064 , 13,9
16,73354 , -0,01999998 , -76,88004 , 13,92
16,8402 , -0,01999998 , -76,87939 , 13,94
16,94686 , -0,01999998 , -76,87862 , 13,96
17,05351 , -0,01999998 , -76,87766 , 13,98
17,16014 , -0,01999998 , -76,87646 , 14
17,26674 , -0,01999998 , -76,87498 , 14,02
17,3733 , -0,01999998 , -76,87318 , 14,04
17,47979 , -0,01999998 , -76,87094 , 14,06
17,5862 , -0,01999998 , -76,86819 , 14,08
17,69251 , -0,01999998 , -76,86483 , 14,1
17,79872 , -0,0200001 , -76,86081 , 14,12
17,90483 , -0,0200001 , -76,85611 , 14,14
18,01083 , -0,02000004 , -76,85071 , 14,16
18,11672 , -0,02000004 , -76,84465 , 14,18
18,2225 , -0,02000004 , -76,83789 , 14,2
18,32816 , -0,02000004 , -76,83043 , 14,22
18,43371 , -0,02000004 , -76,82227 , 14,24
18,53913 , -0,02000004 , -76,81338 , 14,26
18,64438 , -0,02000004 , -76,80362 , 14,28
18,74943 , -0,02000004 , -76,79281 , 14,3
18,85424 , -0,02000004 , -76,78088 , 14,32
18,95878 , -0,02000004 , -76,76774 , 14,34
19,06303 , -0,02000004 , -76,75336 , 14,36
19,16701 , -0,02000004 , -76,73782 , 14,38
19,2707 , -0,02000004 , -76,72112 , 14,4
19,37414 , -0,02000004 , -76,70336 , 14,42
19,47732 , -0,02000004 , -76,68459 , 14,44
19,58028 , -0,02000004 , -76,66491 , 14,46
19,68302 , -0,02000004 , -76,64439 , 14,48
19,78557 , -0,02000004 , -76,62309 , 14,5
19,88794 , -0,02000004 , -76,60109 , 14,52
19,99014 , -0,02000004 , -76,57844 , 14,54
20,09218 , -0,02000004 , -76,55519 , 14,56
20,19409 , -0,02000004 , -76,53139 , 14,58
20,29585 , -0,02000004 , -76,50707 , 14,6
20,39749 , -0,02000004 , -76,48228 , 14,62
20,49901 , -0,02000004 , -76,45704 , 14,64
20,60042 , -0,02000004 , -76,43138 , 14,66
20,70172 , -0,02000004 , -76,40534 , 14,68
20,80292 , -0,02000004 , -76,37894 , 14,7
20,90402 , -0,02000004 , -76,35219 , 14,72
21,00503 , -0,02000004 , -76,32512 , 14,74
21,10598 , -0,02000004 , -76,2978 , 14,76
21,20688 , -0,01999998 , -76,2703 , 14,78
21,30779 , -0,0200001 , -76,24282 , 14,8
21,40882 , -0,0200001 , -76,21563 , 14,82
21,51 , -0,02000004 , -76,18894 , 14,84
21,61141 , -0,02000004 , -76,16301 , 14,86
21,71305 , -0,02000004 , -76,13788 , 14,88
21,81495 , -0,02000004 , -76,11371 , 14,9
21,91712 , -0,02000004 , -76,09059 , 14,92
22,01959 , -0,02000004 , -76,06866 , 14,94
22,12234 , -0,02000004 , -76,04799 , 14,96
22,22539 , -0,02000004 , -76,02857 , 14,98
22,32871 , -0,02000004 , -76,01051 , 15
22,43232 , -0,02000004 , -75,99388 , 15,02
22,53619 , -0,02000004 , -75,97871 , 15,04
22,64032 , -0,02000004 , -75,96505 , 15,06
22,7447 , -0,02000004 , -75,95299 , 15,08
22,84932 , -0,02000004 , -75,94259 , 15,1
22,95414 , -0,02000004 , -75,9338 , 15,12
23,05916 , -0,02000004 , -75,92655 , 15,14
23,16435 , -0,02000004 , -75,92081 , 15,16
23,26971 , -0,02000004 , -75,91645 , 15,18
23,3752 , -0,02000004 , -75,91333 , 15,2
23,48082 , -0,02000004 , -75,91133 , 15,22
23,58656 , -0,02000004 , -75,91005 , 15,24
23,6924 , -0,02000004 , -75,90923 , 15,26
23,79833 , -0,02000004 , -75,90873 , 15,28
23,90435 , -0,02000004 , -75,90843 , 15,3
24,01044 , -0,02000004 , -75,90826 , 15,32
24,11661 , -0,02000004 , -75,9081 , 15,34
24,22282 , -0,02000004 , -75,90767 , 15,36
24,32904 , -0,02000004 , -75,90665 , 15,38
24,4352 , -0,02000004 , -75,90488 , 15,4
24,54119 , -0,02000004 , -75,90181 , 15,42
24,64695 , -0,02000004 , -75,89725 , 15,44
24,75239 , -0,02000004 , -75,89091 , 15,46
24,85748 , -0,02000004 , -75,88273 , 15,48
24,96221 , -0,02000004 , -75,87279 , 15,5
25,0666 , -0,02000004 , -75,86118 , 15,52
25,17068 , -0,02000004 , -75,84807 , 15,54
25,27449 , -0,02000004 , -75,83361 , 15,56
25,37804 , -0,02000004 , -75,81794 , 15,58
25,48137 , -0,02000004 , -75,80117 , 15,6
25,58449 , -0,02000004 , -75,7834 , 15,62
25,68743 , -0,02000004 , -75,76473 , 15,64
25,79019 , -0,02000004 , -75,74525 , 15,66
25,8928 , -0,02000004 , -75,72502 , 15,68
25,99526 , -0,02000004 , -75,70412 , 15,7
26,0976 , -0,02000004 , -75,68259 , 15,72
26,19982 , -0,02000004 , -75,66052 , 15,74
26,30193 , -0,02000004 , -75,63797 , 15,76
26,40397 , -0,02000004 , -75,61502 , 15,78
26,50596 , -0,02000004 , -75,59178 , 15,8
26,60792 , -0,02000004 , -75,56832 , 15,82
26,70986 , -0,02000004 , -75,54469 , 15,84
26,81181 , -0,02000004 , -75,52102 , 15,86
26,91381 , -0,02000004 , -75,49742 , 15,88
27,01588 , -0,02000004 , -75,47398 , 15,9
27,11804 , -0,01999998 , -75,45082 , 15,92
27,22032 , -0,0200001 , -75,42803 , 15,94
27,32272 , -0,02000004 , -75,40563 , 15,96
27,42525 , -0,02000004 , -75,38367 , 15,98
27,5279 , -0,02000004 , -75,36214 , 16
27,63066 , -0,02000004 , -75,34102 , 16,02
27,73354 , -0,02000004 , -75,32027 , 16,04
27,83651 , -0,02000004 , -75,29984 , 16,06
27,93956 , -0,02000004 , -75,27972 , 16,08
28,0427 , -0,02000004 , -75,25988 , 16,1
28,1459 , -0,02000004 , -75,24031 , 16,12
28,24918 , -0,02000004 , -75,22097 , 16,14
28,35251 , -0,02000004 , -75,20184 , 16,16
28,44882 , -0,02000004 , -75,19544 , 16,18
28,54127 , -0,02000004 , -75,18781 , 16,2
28,62967 , -0,02000004 , -75,18006 , 16,22
28,71961 , -0,02000004 , -75,17135 , 16,24
28,81093 , -0,02000004 , -75,16176 , 16,26
28,90351 , -0,02000004 , -75,15136 , 16,28
28,99719 , -0,02000004 , -75,14023 , 16,3
29,09189 , -0,02000004 , -75,12843 , 16,32
29,18748 , -0,02000004 , -75,11602 , 16,34
29,28389 , -0,02000004 , -75,10306 , 16,36
29,38103 , -0,02000004 , -75,0896 , 16,38
29,47882 , -0,02000004 , -75,07568 , 16,4
29,5772 , -0,01999998 , -75,06136 , 16,42
29,67611 , -0,01999998 , -75,04667 , 16,44
29,7755 , -0,01999998 , -75,03164 , 16,46
29,87532 , -0,01999998 , -75,01631 , 16,48
29,97549 , -0,0200001 , -75,00059 , 16,5
30,07596 , -0,02000004 , -74,98439 , 16,52
30,1766 , -0,02000004 , -74,96745 , 16,54
30,27731 , -0,02000004 , -74,94957 , 16,56
30,37798 , -0,02000004 , -74,93051 , 16,58
30,47848 , -0,02000004 , -74,91003 , 16,6
30,5787 , -0,02000004 , -74,88795 , 16,62
30,67861 , -0,02000004 , -74,86432 , 16,64
30,77817 , -0,02000004 , -74,83913 , 16,66
30,8774 , -0,02000004 , -74,81249 , 16,68
30,9763 , -0,01999998 , -74,78448 , 16,7
31,0749 , -0,01999998 , -74,75523 , 16,72
31,17321 , -0,01999998 , -74,72483 , 16,74
31,27127 , -0,01999998 , -74,69341 , 16,76
31,3691 , -0,01999998 , -74,66104 , 16,78
31,46671 , -0,01999998 , -74,62782 , 16,8
31,56411 , -0,01999998 , -74,59382 , 16,82
31,66133 , -0,01999998 , -74,55908 , 16,84
31,75834 , -0,01999998 , -74,52364 , 16,86
31,85518 , -0,01999998 , -74,48756 , 16,88
31,95183 , -0,01999998 , -74,45087 , 16,9
32,04832 , -0,01999998 , -74,41361 , 16,92
32,14465 , -0,0200001 , -74,37583 , 16,94
32,24083 , -0,02000004 , -74,33757 , 16,96
32,33687 , -0,02000004 , -74,29887 , 16,98
32,43278 , -0,02000004 , -74,25974 , 17
32,52856 , -0,02000004 , -74,22024 , 17,02
32,62423 , -0,02000004 , -74,18037 , 17,04
32,71977 , -0,02000004 , -74,14016 , 17,06
32,81521 , -0,02000004 , -74,09963 , 17,08
32,91055 , -0,02000004 , -74,05881 , 17,1
33,00578 , -0,02000004 , -74,0177 , 17,12
33,10091 , -0,01999998 , -73,97633 , 17,14
33,19596 , -0,0200001 , -73,93472 , 17,16
33,29091 , -0,0200001 , -73,89286 , 17,18
33,38577 , -0,0200001 , -73,85078 , 17,2
33,48056 , -0,0200001 , -73,80849 , 17,22
33,57528 , -0,02000004 , -73,76602 , 17,24
33,66992 , -0,02000004 , -73,72337 , 17,26
33,76449 , -0,02000004 , -73,68055 , 17,28
33,859 , -0,02000004 , -73,63756 , 17,3
33,95343 , -0,02000004 , -73,59441 , 17,32
34,04781 , -0,02000004 , -73,5511 , 17,34
34,14211 , -0,01999998 , -73,50764 , 17,36
34,23635 , -0,01999998 , -73,46404 , 17,38
34,33054 , -0,01999998 , -73,4203 , 17,4
34,42466 , -0,01999992 , -73,37644 , 17,42
34,51874 , -0,0200001 , -73,33247 , 17,44
34,61279 , -0,02000004 , -73,28843 , 17,46
34,70687 , -0,02000004 , -73,24443 , 17,48
34,80103 , -0,02000004 , -73,20058 , 17,5
34,89536 , -0,02000004 , -73,15705 , 17,52
34,99 , -0,02000004 , -73,1142 , 17,54
35,08503 , -0,02000004 , -73,0722 , 17,56
35,1805 , -0,01999998 , -73,03121 , 17,58
35,2765 , -0,0200001 , -72,99146 , 17,6
35,37304 , -0,02000004 , -72,9531 , 17,62
35,47013 , -0,02000004 , -72,91613 , 17,64
35,55666 , -0,02000004 , -72,88371 , 17,66
35,63369 , -0,02000004 , -72,85537 , 17,68
35,70218 , -0,02000004 , -72,83071 , 17,7
35,76296 , -0,02000004 , -72,80937 , 17,72
35,81682 , -0,02000004 , -72,79101 , 17,74
35,86444 , -0,02000004 , -72,77533 , 17,76
35,91759 , -0,02000004 , -72,75909 , 17,78
35,9757 , -0,01999998 , -72,74231 , 17,8
36,03827 , -0,01999998 , -72,72499 , 17,82
36,10483 , -0,01999998 , -72,70715 , 17,84
36,17498 , -0,0200001 , -72,68884 , 17,86
36,24836 , -0,0200001 , -72,67006 , 17,88
36,32464 , -0,0200001 , -72,65086 , 17,9
36,40353 , -0,0200001 , -72,63128 , 17,92
36,48477 , -0,0200001 , -72,61134 , 17,94
36,56812 , -0,0200001 , -72,59109 , 17,96
36,65338 , -0,02000004 , -72,57055 , 17,98
36,74035 , -0,02000022 , -72,54979 , 18
36,82888 , -0,02000016 , -72,52883 , 18,02
36,9188 , -0,0200001 , -72,50771 , 18,04
37,00999 , -0,02000004 , -72,48646 , 18,06
37,10231 , -0,02000004 , -72,4651 , 18,08
37,19566 , -0,02000004 , -72,44365 , 18,1
37,28995 , -0,02000004 , -72,42215 , 18,12
37,38508 , -0,02000004 , -72,40061 , 18,14
37,48097 , -0,02000004 , -72,37906 , 18,16
37,57756 , -0,02000004 , -72,35754 , 18,18
37,67478 , -0,02000004 , -72,33605 , 18,2
37,77258 , -0,02000004 , -72,31463 , 18,22
37,8709 , -0,02000022 , -72,29328 , 18,24
37,96972 , -0,02000004 , -72,27208 , 18,26
38,06899 , -0,02000004 , -72,25109 , 18,28
38,16872 , -0,01999998 , -72,23045 , 18,3
38,26887 , -0,01999998 , -72,21019 , 18,32
38,36544 , -0,0200001 , -72,19859 , 18,34
38,45354 , -0,0200001 , -72,19585 , 18,36
38,53678 , -0,0200001 , -72,19516 , 18,38
38,61636 , -0,02000004 , -72,19486 , 18,4
38,69268 , -0,02000004 , -72,19473 , 18,42
38,76608 , -0,02000004 , -72,19468 , 18,44
38,83683 , -0,02000004 , -72,19466 , 18,46
38,90521 , -0,02000004 , -72,19465 , 18,48
38,97145 , -0,01999998 , -72,19464 , 18,5
39,03574 , -0,01999998 , -72,19464 , 18,52
39,09824 , -0,01999998 , -72,19464 , 18,54
39,1591 , -0,01999998 , -72,19464 , 18,56
39,21844 , -0,01999998 , -72,19464 , 18,58
39,27634 , -0,01999998 , -72,19464 , 18,6
39,33282 , -0,0200001 , -72,19464 , 18,62
39,38796 , -0,02000004 , -72,19464 , 18,64
39,44175 , -0,02000004 , -72,19464 , 18,66
39,49419 , -0,01999998 , -72,19464 , 18,68
39,54519 , -0,0200001 , -72,19464 , 18,7
39,59472 , -0,0200001 , -72,19464 , 18,72
39,64275 , -0,02000004 , -72,19464 , 18,74
39,6893 , -0,02000004 , -72,19464 , 18,76
39,73444 , -0,02000016 , -72,19464 , 18,78
39,77824 , -0,01999998 , -72,19464 , 18,8
39,82078 , -0,0200001 , -72,19464 , 18,82
39,86218 , -0,0200001 , -72,19464 , 18,84
39,90252 , -0,02000004 , -72,19464 , 18,86
39,94187 , -0,02000004 , -72,19464 , 18,88
39,98032 , -0,01999998 , -72,19464 , 18,9
40,01791 , -0,01999998 , -72,19464 , 18,92
40,05469 , -0,0200001 , -72,19464 , 18,94
40,09073 , -0,02000004 , -72,19464 , 18,96
40,12696 , -0,02000004 , -72,19335 , 18,98
40,16417 , -0,02000004 , -72,18903 , 19
40,20205 , -0,02000004 , -72,18239 , 19,02
40,24053 , -0,01999998 , -72,17366 , 19,04
40,27954 , -0,0200001 , -72,16304 , 19,06
40,319 , -0,02000004 , -72,1507 , 19,08
40,35888 , -0,02000004 , -72,13679 , 19,1
40,40345 , -0,02000004 , -72,11864 , 19,12
40,45224 , -0,02000004 , -72,09666 , 19,14
40,50481 , -0,02000004 , -72,07122 , 19,16
40,56078 , -0,02000004 , -72,04264 , 19,18
40,6198 , -0,02000004 , -72,01123 , 19,2
40,68155 , -0,02000004 , -71,97726 , 19,22
40,74577 , -0,02000004 , -71,94099 , 19,24
40,81219 , -0,02000004 , -71,90265 , 19,26
40,88061 , -0,02000004 , -71,86243 , 19,28
40,95082 , -0,02000004 , -71,82053 , 19,3
41,02266 , -0,02000022 , -71,77712 , 19,32
41,09594 , -0,02000016 , -71,73236 , 19,34
41,17055 , -0,02000016 , -71,68639 , 19,36
41,24635 , -0,01999998 , -71,63934 , 19,38
41,32322 , -0,0200001 , -71,59132 , 19,4
41,40107 , -0,0200001 , -71,54244 , 19,42
41,47981 , -0,02000022 , -71,4928 , 19,44
41,55935 , -0,02000004 , -71,44247 , 19,46
41,63961 , -0,02000004 , -71,39155 , 19,48
41,72053 , -0,02000004 , -71,34008 , 19,5
41,80204 , -0,02000004 , -71,28812 , 19,52
41,88407 , -0,02000004 , -71,2357 , 19,54
41,96658 , -0,02000004 , -71,1829 , 19,56
42,0495 , -0,02000004 , -71,12972 , 19,58
42,1328 , -0,02000016 , -71,07619 , 19,6
42,2164 , -0,0200001 , -71,02232 , 19,62
42,30028 , -0,02000004 , -70,96814 , 19,64
42,3844 , -0,02000004 , -70,91367 , 19,66
42,4687 , -0,02000004 , -70,85887 , 19,68
42,55313 , -0,02000004 , -70,80375 , 19,7
42,63763 , -0,02000004 , -70,74826 , 19,72
42,72216 , -0,02000022 , -70,69241 , 19,74
42,80668 , -0,02000004 , -70,63615 , 19,76
42,89108 , -0,02000004 , -70,5794 , 19,78
42,97533 , -0,02000004 , -70,52216 , 19,8
43,05935 , -0,02000004 , -70,46434 , 19,82
43,14307 , -0,02000004 , -70,40588 , 19,84
43,22638 , -0,01999998 , -70,3467 , 19,86
43,30925 , -0,0200001 , -70,28676 , 19,88
43,39162 , -0,02000004 , -70,22603 , 19,9
43,47338 , -0,02000004 , -70,16441 , 19,92
43,55447 , -0,02000004 , -70,10185 , 19,94
43,63482 , -0,02000004 , -70,03833 , 19,96
43,71443 , -0,02000004 , -69,97385 , 19,98
43,79324 , -0,02000004 , -69,90836 , 20
43,87127 , -0,02000004 , -69,84193 , 20,02
43,94851 , -0,02000004 , -69,77457 , 20,04
44,02495 , -0,02000016 , -69,70628 , 20,06
44,10063 , -0,01999998 , -69,63712 , 20,08
44,17558 , -0,01999998 , -69,56713 , 20,1
44,24977 , -0,02000016 , -69,49632 , 20,12
44,32325 , -0,0200001 , -69,42472 , 20,14
44,39601 , -0,0200001 , -69,35236 , 20,16
44,46803 , -0,0200001 , -69,27924 , 20,18
44,53931 , -0,02000004 , -69,20536 , 20,2
44,60988 , -0,02000004 , -69,13078 , 20,22
44,67973 , -0,02000004 , -69,05549 , 20,24
44,74886 , -0,02000022 , -68,97951 , 20,26
44,81728 , -0,02000022 , -68,90285 , 20,28
44,88495 , -0,02000004 , -68,82551 , 20,3
44,95184 , -0,02000004 , -68,74747 , 20,32
45,01794 , -0,02000004 , -68,66873 , 20,34
45,08315 , -0,02000004 , -68,58925 , 20,36
45,14742 , -0,02000016 , -68,509 , 20,38
45,21058 , -0,01999998 , -68,42787 , 20,4
45,27251 , -0,01999998 , -68,34583 , 20,42
45,33287 , -0,01999998 , -68,2627 , 20,44
45,3913 , -0,01999998 , -68,17831 , 20,46
45,44758 , -0,01999998 , -68,09263 , 20,48
45,50158 , -0,01999998 , -68,00562 , 20,5
45,5531 , -0,0200001 , -67,91727 , 20,52
45,60215 , -0,0200001 , -67,82762 , 20,54
45,64874 , -0,0200001 , -67,73674 , 20,56
45,69295 , -0,0200001 , -67,64471 , 20,58
45,73478 , -0,0200001 , -67,55156 , 20,6
45,77426 , -0,0200001 , -67,45737 , 20,62
45,81156 , -0,0200001 , -67,36221 , 20,64
45,84679 , -0,02000004 , -67,26617 , 20,66
45,88008 , -0,02000022 , -67,16932 , 20,68
45,91154 , -0,02000004 , -67,07172 , 20,7
45,94132 , -0,02000004 , -66,97343 , 20,72
45,96953 , -0,02000022 , -66,87451 , 20,74
45,99626 , -0,02000004 , -66,77502 , 20,76
46,0216 , -0,02000004 , -66,67499 , 20,78
46,0456 , -0,02000004 , -66,57447 , 20,8
46,06832 , -0,02000004 , -66,4735 , 20,82
46,08981 , -0,02000004 , -66,37209 , 20,84
46,11011 , -0,02000004 , -66,27029 , 20,86
46,12928 , -0,02000004 , -66,16813 , 20,88
46,1474 , -0,02000016 , -66,06563 , 20,9
46,16451 , -0,01999998 , -65,96282 , 20,92
46,18068 , -0,0200001 , -65,85973 , 20,94
46,19596 , -0,02000004 , -65,75638 , 20,96
46,21038 , -0,02000004 , -65,65278 , 20,98
46,22398 , -0,02000016 , -65,54896 , 21
46,23681 , -0,02000016 , -65,44493 , 21,02
46,2489 , -0,0200001 , -65,34071 , 21,04
46,26028 , -0,0200001 , -65,23631 , 21,06
46,27098 , -0,0200001 , -65,13175 , 21,08
46,28102 , -0,02000022 , -65,02704 , 21,1
46,29043 , -0,02000016 , -64,92218 , 21,12
46,29923 , -0,01999998 , -64,81719 , 21,14
46,30745 , -0,01999998 , -64,71208 , 21,16
46,3151 , -0,01999998 , -64,60686 , 21,18
46,3222 , -0,01999998 , -64,50153 , 21,2
46,32878 , -0,01999998 , -64,3961 , 21,22
46,33484 , -0,0200001 , -64,29057 , 21,24
46,34041 , -0,0200001 , -64,18497 , 21,26
46,3455 , -0,02000004 , -64,07928 , 21,28
46,35012 , -0,02000004 , -63,97351 , 21,3
46,35428 , -0,02000004 , -63,86768 , 21,32
46,35801 , -0,01999998 , -63,76178 , 21,34
46,36131 , -0,01999998 , -63,65582 , 21,36
46,36419 , -0,01999998 , -63,5498 , 21,38
46,36667 , -0,01999998 , -63,44373 , 21,4
46,36876 , -0,01999998 , -63,3376 , 21,42
46,37056 , -0,01999998 , -63,23144 , 21,44
46,37217 , -0,01999998 , -63,12523 , 21,46
46,37362 , -0,0200001 , -63,01898 , 21,48
46,37496 , -0,0200001 , -62,91269 , 21,5
46,37621 , -0,0200001 , -62,80637 , 21,52
46,37739 , -0,02000004 , -62,70001 , 21,54
46,3785 , -0,02000004 , -62,59362 , 21,56
46,37955 , -0,02000022 , -62,48721 , 21,58
46,38055 , -0,02000004 , -62,38076 , 21,6
46,3815 , -0,02000004 , -62,2743 , 21,62
46,3824 , -0,02000004 , -62,1678 , 21,64
46,38327 , -0,02000004 , -62,06129 , 21,66
46,38409 , -0,02000004 , -61,95476 , 21,68
46,38487 , -0,02000004 , -61,84821 , 21,7
46,38559 , -0,01999998 , -61,74163 , 21,72
46,3862 , -0,01999998 , -61,63505 , 21,74
46,38667 , -0,0200001 , -61,52844 , 21,76
46,38693 , -0,02000004 , -61,42182 , 21,78
46,38695 , -0,02000004 , -61,31518 , 21,8
46,3866 , -0,02000004 , -61,20854 , 21,82
46,38559 , -0,02000004 , -61,10194 , 21,84
46,38377 , -0,02000004 , -60,99545 , 21,86
46,38113 , -0,01999998 , -60,88907 , 21,88
46,37757 , -0,0200001 , -60,78283 , 21,9
46,37312 , -0,0200001 , -60,67673 , 21,92
46,36786 , -0,02000022 , -60,57076 , 21,94
46,36185 , -0,02000004 , -60,46489 , 21,96
46,35515 , -0,02000004 , -60,35914 , 21,98
46,34782 , -0,01999998 , -60,25348 , 22
46,3399 , -0,0200001 , -60,14792 , 22,02
46,33143 , -0,02000004 , -60,04245 , 22,04
46,32245 , -0,02000004 , -59,93706 , 22,06
46,313 , -0,02000004 , -59,83174 , 22,08
46,30309 , -0,02000004 , -59,7265 , 22,1
46,29277 , -0,02000004 , -59,62132 , 22,12
46,28206 , -0,02000004 , -59,51621 , 22,14
46,27097 , -0,02000016 , -59,41116 , 22,16
46,25953 , -0,01999998 , -59,30618 , 22,18
46,24776 , -0,0200001 , -59,20124 , 22,2
46,23567 , -0,0200001 , -59,09637 , 22,22
46,22328 , -0,02000004 , -58,99154 , 22,24
46,21064 , -0,02000004 , -58,88676 , 22,26
46,1978 , -0,02000004 , -58,78202 , 22,28
46,18478 , -0,02000004 , -58,6773 , 22,3
46,1716 , -0,02000004 , -58,57261 , 22,32
46,15827 , -0,02000004 , -58,46795 , 22,34
46,14482 , -0,02000004 , -58,3633 , 22,36
46,13125 , -0,02000004 , -58,25867 , 22,38
46,11755 , -0,02000004 , -58,15407 , 22,4
46,10373 , -0,02000004 , -58,04949 , 22,42
46,08979 , -0,02000004 , -57,94493 , 22,44
46,07571 , -0,02000004 , -57,84039 , 22,46
46,06152 , -0,02000004 , -57,73587 , 22,48
46,0472 , -0,02000016 , -57,63138 , 22,5
46,03275 , -0,02000016 , -57,52692 , 22,52
46,01818 , -0,0200001 , -57,42247 , 22,54
46,00349 , -0,02000004 , -57,31805 , 22,56
45,98868 , -0,02000004 , -57,21366 , 22,58
45,97375 , -0,02000004 , -57,10928 , 22,6
45,9587 , -0,02000004 , -57,00494 , 22,62
45,94354 , -0,02000022 , -56,90061 , 22,64
45,92826 , -0,02000004 , -56,79631 , 22,66
45,91287 , -0,02000004 , -56,69203 , 22,68
45,89737 , -0,02000004 , -56,58778 , 22,7
45,88176 , -0,02000004 , -56,48354 , 22,72
45,86604 , -0,01999998 , -56,37933 , 22,74
45,85022 , -0,0200001 , -56,27514 , 22,76
45,83429 , -0,02000004 , -56,17097 , 22,78
45,81827 , -0,02000004 , -56,06683 , 22,8
45,80214 , -0,02000004 , -55,9627 , 22,82
45,78592 , -0,02000004 , -55,8586 , 22,84
45,76961 , -0,01999998 , -55,75452 , 22,86
45,7532 , -0,0200001 , -55,65045 , 22,88
45,7367 , -0,02000004 , -55,54641 , 22,9
45,72012 , -0,02000016 , -55,44238 , 22,92
45,70344 , -0,02000016 , -55,33837 , 22,94
45,68668 , -0,02000016 , -55,23438 , 22,96
45,66983 , -0,0200001 , -55,13041 , 22,98
45,65291 , -0,0200001 , -55,02646 , 23
45,6359 , -0,0200001 , -54,92253 , 23,02
45,61882 , -0,02000022 , -54,81862 , 23,04
45,60166 , -0,02000016 , -54,71472 , 23,06
45,58443 , -0,02000016 , -54,61084 , 23,08
45,56712 , -0,02000016 , -54,50697 , 23,1
45,54974 , -0,02000016 , -54,40312 , 23,12
45,53229 , -0,01999998 , -54,29929 , 23,14
45,51477 , -0,01999998 , -54,19547 , 23,16
45,49719 , -0,01999998 , -54,09167 , 23,18
45,47954 , -0,0200001 , -53,98788 , 23,2
45,46182 , -0,0200001 , -53,88411 , 23,22
45,44405 , -0,0200001 , -53,78036 , 23,24
45,42621 , -0,02000004 , -53,67661 , 23,26
45,40831 , -0,02000004 , -53,57288 , 23,28
45,39035 , -0,02000004 , -53,46917 , 23,3
45,37234 , -0,01999998 , -53,36547 , 23,32
45,35427 , -0,0200001 , -53,26178 , 23,34
45,33615 , -0,0200001 , -53,1581 , 23,36
45,31797 , -0,0200001 , -53,05444 , 23,38
45,29974 , -0,02000004 , -52,95078 , 23,4
45,28146 , -0,02000022 , -52,84715 , 23,42
45,26313 , -0,02000016 , -52,74352 , 23,44
45,24475 , -0,02000016 , -52,6399 , 23,46
45,22632 , -0,01999998 , -52,5363 , 23,48
45,20785 , -0,01999998 , -52,43271 , 23,5
45,18933 , -0,01999998 , -52,32912 , 23,52
45,17076 , -0,0200001 , -52,22555 , 23,54
45,15216 , -0,0200001 , -52,12199 , 23,56
45,13351 , -0,0200001 , -52,01844 , 23,58
45,11481 , -0,0200001 , -51,9149 , 23,6
45,09608 , -0,0200001 , -51,81137 , 23,62
45,07731 , -0,0200001 , -51,70784 , 23,64
45,0585 , -0,0200001 , -51,60433 , 23,66
45,03965 , -0,02000004 , -51,50083 , 23,68
45,02076 , -0,02000004 , -51,39734 , 23,7
45,00184 , -0,02000004 , -51,29385 , 23,72
44,98288 , -0,02000004 , -51,19037 , 23,74
44,96389 , -0,02000004 , -51,0869 , 23,76
44,94486 , -0,02000004 , -50,98344 , 23,78
44,9258 , -0,02000004 , -50,87999 , 23,8
44,90671 , -0,02000004 , -50,77655 , 23,82
44,88759 , -0,01999998 , -50,67311 , 23,84
44,86843 , -0,01999998 , -50,56968 , 23,86
44,84925 , -0,02000016 , -50,46626 , 23,88
44,83004 , -0,01999998 , -50,36285 , 23,9
44,81079 , -0,0200001 , -50,25944 , 23,92
44,79152 , -0,02000022 , -50,15604 , 23,94
44,77222 , -0,02000004 , -50,05265 , 23,96
44,75285 , -0,02000004 , -49,94927 , 23,98
44,73325 , -0,02000004 , -49,84596 , 24
44,71307 , -0,02000016 , -49,7428 , 24,02
44,69207 , -0,01999998 , -49,63989 , 24,04
44,67001 , -0,0200001 , -49,53731 , 24,06
44,64646 , -0,0200001 , -49,43523 , 24,08
44,62099 , -0,0200001 , -49,33389 , 24,1
44,59347 , -0,0200001 , -49,23337 , 24,12
44,56347 , -0,0200001 , -49,13395 , 24,14
44,53083 , -0,02000022 , -49,03579 , 24,16
44,49525 , -0,02000004 , -48,93918 , 24,18
44,45662 , -0,02000004 , -48,84428 , 24,2
44,41452 , -0,02000004 , -48,7516 , 24,22
44,36873 , -0,02000004 , -48,66152 , 24,24
44,31896 , -0,02000004 , -48,57463 , 24,26
44,26474 , -0,02000004 , -48,49206 , 24,28
44,2058 , -0,02000016 , -48,41509 , 24,3
44,14228 , -0,02000016 , -48,34452 , 24,32
44,07447 , -0,02000016 , -48,28084 , 24,34
44,0028 , -0,02000016 , -48,22521 , 24,36
43,92791 , -0,01999998 , -48,17859 , 24,38
43,85044 , -0,01999998 , -48,14117 , 24,4
43,77115 , -0,01999998 , -48,11326 , 24,42
43,69061 , -0,0200001 , -48,09466 , 24,44
43,60924 , -0,0200001 , -48,08496 , 24,46
43,52769 , -0,01999992 , -48,08372 , 24,48
43,44651 , -0,01999992 , -48,0894 , 24,5
43,36603 , -0,01999992 , -48,1017 , 24,52
43,28651 , -0,02000004 , -48,12028 , 24,54
43,20819 , -0,02000004 , -48,14484 , 24,56
43,13127 , -0,02000004 , -48,17503 , 24,58
43,05574 , -0,02000004 , -48,2104 , 24,6
42,98168 , -0,02000004 , -48,2506 , 24,62
42,90908 , -0,02000004 , -48,29524 , 24,64
42,83786 , -0,02000004 , -48,34394 , 24,66
42,76779 , -0,02000004 , -48,39622 , 24,68
42,6985 , -0,01999998 , -48,45152 , 24,7
42,62978 , -0,01999998 , -48,50945 , 24,72
42,56142 , -0,0200001 , -48,56961 , 24,74
42,49338 , -0,0200001 , -48,63178 , 24,76
42,42564 , -0,02000004 , -48,69577 , 24,78
42,39842 , -0,02000004 , -48,75353 , 24,8
42,38169 , -0,02000004 , -48,8074 , 24,82
42,36775 , -0,02000004 , -48,85904 , 24,84
42,3547 , -0,02000004 , -48,90894 , 24,86
42,34214 , -0,02000004 , -48,95726 , 24,88
42,33 , -0,01999998 , -49,00407 , 24,9
42,31823 , -0,0200001 , -49,04944 , 24,92
42,30682 , -0,02000004 , -49,09346 , 24,94
42,29573 , -0,02000004 , -49,13622 , 24,96
42,28494 , -0,02000004 , -49,17781 , 24,98
42,27443 , -0,01999998 , -49,21833 , 25
42,26419 , -0,01999998 , -49,25787 , 25,02
42,25417 , -0,01999998 , -49,29648 , 25,04
42,24438 , -0,01999998 , -49,33422 , 25,06
42,23481 , -0,01999998 , -49,37114 , 25,08
42,22543 , -0,01999998 , -49,40729 , 25,1
42,21625 , -0,01999998 , -49,4427 , 25,12
42,20726 , -0,02000016 , -49,47738 , 25,14
42,19846 , -0,0200001 , -49,51131 , 25,16
42,18985 , -0,02000004 , -49,5445 , 25,18
42,18145 , -0,02000004 , -49,57692 , 25,2
42,17324 , -0,02000004 , -49,60854 , 25,22
42,16525 , -0,02000004 , -49,63935 , 25,24
42,15748 , -0,02000004 , -49,66933 , 25,26
42,14993 , -0,02000004 , -49,69844 , 25,28
42,14262 , -0,02000004 , -49,72664 , 25,3
42,13555 , -0,02000004 , -49,7539 , 25,32
42,12872 , -0,01999998 , -49,78022 , 25,34
42,12216 , -0,01999998 , -49,80553 , 25,36
42,11587 , -0,01999998 , -49,8298 , 25,38
42,10987 , -0,01999998 , -49,85293 , 25,4
42,10278 , -0,01999998 , -49,87526 , 25,42
42,09466 , -0,01999998 , -49,89684 , 25,44
42,08555 , -0,0200001 , -49,91769 , 25,46
42,07552 , -0,02000004 , -49,93795 , 25,48
42,06456 , -0,02000004 , -49,95771 , 25,5
42,05262 , -0,02000004 , -49,97703 , 25,52
42,03962 , -0,01999998 , -49,99601 , 25,54
42,02546 , -0,0200001 , -50,01469 , 25,56
42,01004 , -0,0200001 , -50,03309 , 25,58
41,99323 , -0,02000004 , -50,0512 , 25,6
41,97492 , -0,02000004 , -50,06899 , 25,62
41,95497 , -0,02000004 , -50,08639 , 25,64
41,93326 , -0,02000016 , -50,10328 , 25,66
41,90963 , -0,02000016 , -50,11956 , 25,68
41,88392 , -0,0200001 , -50,13506 , 25,7
41,85596 , -0,0200001 , -50,14958 , 25,72
41,82565 , -0,02000004 , -50,16297 , 25,74
41,79324 , -0,02000004 , -50,17529 , 25,76
41,75875 , -0,02000004 , -50,18652 , 25,78
41,72241 , -0,02000004 , -50,19675 , 25,8
41,68438 , -0,02000004 , -50,20609 , 25,82
41,64485 , -0,02000016 , -50,21463 , 25,84
41,60396 , -0,0200001 , -50,22247 , 25,86
41,56186 , -0,02000004 , -50,2297 , 25,88
41,51335 , -0,02000004 , -50,23658 , 25,9
41,45909 , -0,02000004 , -50,24324 , 25,92
41,39965 , -0,02000004 , -50,24974 , 25,94
41,33558 , -0,02000016 , -50,25623 , 25,96
41,26735 , -0,01999998 , -50,26281 , 25,98
41,19539 , -0,0200001 , -50,26956 , 26
41,12008 , -0,0200001 , -50,27656 , 26,02
41,04178 , -0,02000004 , -50,28388 , 26,04
40,9608 , -0,02000004 , -50,29159 , 26,06
40,87743 , -0,02000004 , -50,29976 , 26,08
40,79193 , -0,01999998 , -50,30842 , 26,1
40,70451 , -0,01999998 , -50,31761 , 26,12
40,6154 , -0,01999998 , -50,32737 , 26,14
40,52478 , -0,01999998 , -50,33772 , 26,16
40,43282 , -0,01999998 , -50,3487 , 26,18
40,33967 , -0,0200001 , -50,36032 , 26,2
40,24548 , -0,02000004 , -50,3726 , 26,22
40,15036 , -0,02000004 , -50,38556 , 26,24
40,05442 , -0,02000004 , -50,39922 , 26,26
39,95778 , -0,02000004 , -50,41358 , 26,28
39,86052 , -0,02000004 , -50,42865 , 26,3
39,76273 , -0,02000004 , -50,44443 , 26,32
39,66447 , -0,02000004 , -50,46093 , 26,34
39,56582 , -0,02000004 , -50,47815 , 26,36
39,46684 , -0,02000004 , -50,49609 , 26,38
39,36756 , -0,02000004 , -50,51469 , 26,4
39,26803 , -0,02000004 , -50,53394 , 26,42
39,16828 , -0,02000004 , -50,55379 , 26,44
39,06834 , -0,02000004 , -50,57422 , 26,46
38,96824 , -0,02000004 , -50,59518 , 26,48
38,86799 , -0,02000004 , -50,61662 , 26,5
38,76761 , -0,02000004 , -50,6385 , 26,52
38,6671 , -0,02000004 , -50,66074 , 26,54
38,56648 , -0,02000004 , -50,68331 , 26,56
38,46576 , -0,02000004 , -50,70617 , 26,58
38,36494 , -0,02000004 , -50,72929 , 26,6
38,26403 , -0,02000004 , -50,75263 , 26,62
38,16304 , -0,02000004 , -50,77616 , 26,64
38,06196 , -0,02000004 , -50,79983 , 26,66
37,96082 , -0,02000004 , -50,82365 , 26,68
37,85961 , -0,02000004 , -50,84758 , 26,7
37,75834 , -0,02000016 , -50,87163 , 26,72
37,65701 , -0,0200001 , -50,89577 , 26,74
37,55564 , -0,0200001 , -50,91999 , 26,76
37,45423 , -0,0200001 , -50,94431 , 26,78
37,35278 , -0,02000004 , -50,96871 , 26,8
37,2513 , -0,02000016 , -50,99318 , 26,82
37,14979 , -0,02000016 , -51,01772 , 26,84
37,04824 , -0,01999998 , -51,04227 , 26,86
36,94666 , -0,01999998 , -51,06684 , 26,88
36,84503 , -0,0200001 , -51,09141 , 26,9
36,74338 , -0,02000004 , -51,11598 , 26,92
36,64168 , -0,02000004 , -51,14051 , 26,94
36,53994 , -0,01999998 , -51,16497 , 26,96
36,43815 , -0,01999998 , -51,18934 , 26,98
36,33632 , -0,0200001 , -51,21364 , 27
36,23443 , -0,0200001 , -51,23782 , 27,02
36,13248 , -0,0200001 , -51,26186 , 27,04
36,03046 , -0,0200001 , -51,28569 , 27,06
35,92836 , -0,02000004 , -51,30929 , 27,08
35,82615 , -0,02000004 , -51,33255 , 27,1
35,72384 , -0,02000004 , -51,35545 , 27,12
35,62136 , -0,01999998 , -51,3778 , 27,14
35,51872 , -0,01999998 , -51,39951 , 27,16
35,41588 , -0,01999998 , -51,42043 , 27,18
35,31281 , -0,01999998 , -51,44031 , 27,2
35,20945 , -0,01999998 , -51,45877 , 27,22
35,10579 , -0,02000016 , -51,47557 , 27,24
35,00182 , -0,01999998 , -51,4901 , 27,26
34,89758 , -0,01999998 , -51,50192 , 27,28
34,79313 , -0,01999998 , -51,51059 , 27,3
34,68863 , -0,0200001 , -51,51552 , 27,32
34,58423 , -0,0200001 , -51,51674 , 27,34
34,48017 , -0,02000004 , -51,51496 , 27,36
34,37672 , -0,02000004 , -51,50977 , 27,38
34,27407 , -0,02000004 , -51,50093 , 27,4
34,17241 , -0,02000004 , -51,48832 , 27,42
34,07214 , -0,02000004 , -51,47145 , 27,44
33,97371 , -0,02000004 , -51,44997 , 27,46
33,87731 , -0,02000004 , -51,42385 , 27,48
33,78315 , -0,02000004 , -51,39314 , 27,5
33,69119 , -0,02000004 , -51,3581 , 27,52
33,60136 , -0,01999998 , -51,31903 , 27,54
33,51361 , -0,02000016 , -51,27617 , 27,56
33,42786 , -0,01999998 , -51,2298 , 27,58
33,34402 , -0,0200001 , -51,18016 , 27,6
33,26209 , -0,02000004 , -51,12743 , 27,62
33,18211 , -0,02000016 , -51,07173 , 27,64
33,10411 , -0,01999998 , -51,01318 , 27,66
33,02839 , -0,0200001 , -50,95172 , 27,68
32,9555 , -0,0200001 , -50,88717 , 27,7
32,88586 , -0,0200001 , -50,81947 , 27,72
32,82021 , -0,0200001 , -50,74852 , 27,74
32,75882 , -0,02000022 , -50,67443 , 27,76
32,70185 , -0,02000016 , -50,59735 , 27,78
32,64916 , -0,01999998 , -50,51752 , 27,8
32,60059 , -0,02000016 , -50,43518 , 27,82
32,55612 , -0,02000016 , -50,3505 , 27,84
32,51575 , -0,0200001 , -50,26367 , 27,86
32,47934 , -0,0200001 , -50,17488 , 27,88
32,44692 , -0,02000004 , -50,08431 , 27,9
32,41837 , -0,02000004 , -49,99212 , 27,92
32,39364 , -0,01999998 , -49,89846 , 27,94
32,37247 , -0,0200001 , -49,8035 , 27,96
32,35462 , -0,02000004 , -49,70737 , 27,98
32,33983 , -0,02000004 , -49,61018 , 28
32,32792 , -0,02000004 , -49,51204 , 28,02
32,31868 , -0,02000004 , -49,41306 , 28,04
32,31194 , -0,02000004 , -49,31332 , 28,06
32,30757 , -0,02000016 , -49,21291 , 28,08
32,30541 , -0,01999998 , -49,1119 , 28,1
32,30477 , -0,01999998 , -49,01036 , 28,12
32,30516 , -0,01999998 , -48,90835 , 28,14
32,30627 , -0,01999998 , -48,80593 , 28,16
32,30791 , -0,01999998 , -48,70315 , 28,18
32,30995 , -0,01999998 , -48,60006 , 28,2
32,31243 , -0,01999998 , -48,49669 , 28,22
32,31538 , -0,0200001 , -48,39309 , 28,24
32,31884 , -0,0200001 , -48,28929 , 28,26
32,32283 , -0,0200001 , -48,18533 , 28,28
32,32737 , -0,01999992 , -48,08122 , 28,3
32,33246 , -0,01999992 , -47,97699 , 28,32
32,33812 , -0,0200001 , -47,87268 , 28,34
32,34436 , -0,0200001 , -47,76829 , 28,36
32,35118 , -0,02000004 , -47,66384 , 28,38
32,35859 , -0,02000004 , -47,55936 , 28,4
32,36656 , -0,02000004 , -47,45485 , 28,42
32,37512 , -0,01999998 , -47,35033 , 28,44
32,38422 , -0,01999998 , -47,2458 , 28,46
32,39385 , -0,01999998 , -47,14128 , 28,48
32,40403 , -0,01999998 , -47,03678 , 28,5
32,41473 , -0,01999998 , -46,9323 , 28,52
32,42593 , -0,0200001 , -46,82785 , 28,54
32,43762 , -0,02000004 , -46,72343 , 28,56
32,4498 , -0,02000004 , -46,61905 , 28,58
32,46246 , -0,02000004 , -46,51471 , 28,6
32,47555 , -0,02000022 , -46,41041 , 28,62
32,48902 , -0,02000004 , -46,30615 , 28,64
32,50277 , -0,01999998 , -46,2019 , 28,66
32,51674 , -0,01999998 , -46,09767 , 28,68
32,53088 , -0,01999998 , -45,99343 , 28,7
32,54512 , -0,0200001 , -45,88919 , 28,72
32,55936 , -0,0200001 , -45,78492 , 28,74
32,57349 , -0,0200001 , -45,6806 , 28,76
32,58728 , -0,0200001 , -45,57619 , 28,78
32,6006 , -0,02000004 , -45,47169 , 28,8
32,61341 , -0,02000004 , -45,36708 , 28,82
32,62554 , -0,01999998 , -45,26234 , 28,84
32,63672 , -0,0200001 , -45,15746 , 28,86
32,6467 , -0,0200001 , -45,05241 , 28,88
32,6552 , -0,02000004 , -44,9472 , 28,9
32,66159 , -0,02000004 , -44,84184 , 28,92
32,66539 , -0,02000004 , -44,73639 , 28,94
32,66673 , -0,02000004 , -44,63091 , 28,96
32,66639 , -0,01999998 , -44,52542 , 28,98
32,66492 , -0,01999998 , -44,41995 , 29
32,66257 , -0,0200001 , -44,3145 , 29,02
32,65927 , -0,0200001 , -44,2091 , 29,04
32,65478 , -0,02000004 , -44,10381 , 29,06
32,64882 , -0,02000004 , -43,9987 , 29,08
32,64122 , -0,02000004 , -43,89385 , 29,1
32,632 , -0,02000004 , -43,78927 , 29,12
32,62096 , -0,02000004 , -43,68505 , 29,14
32,60806 , -0,02000022 , -43,58121 , 29,16
32,59321 , -0,02000022 , -43,47784 , 29,18
32,57634 , -0,02000016 , -43,37498 , 29,2
32,55752 , -0,0200001 , -43,27264 , 29,22
32,5369 , -0,02000004 , -43,17078 , 29,24
32,51455 , -0,01999998 , -43,06941 , 29,26
32,49053 , -0,01999998 , -42,96853 , 29,28
32,46487 , -0,01999998 , -42,86814 , 29,3
32,43744 , -0,02000016 , -42,76835 , 29,32
32,40821 , -0,02000016 , -42,6692 , 29,34
32,37726 , -0,02000016 , -42,57069 , 29,36
32,34472 , -0,0200001 , -42,47276 , 29,38
32,31068 , -0,0200001 , -42,3754 , 29,4
32,27525 , -0,02000004 , -42,27858 , 29,42
32,23851 , -0,02000022 , -42,18227 , 29,44
32,20055 , -0,02000004 , -42,08645 , 29,46
32,16147 , -0,02000004 , -41,99108 , 29,48
32,12135 , -0,02000004 , -41,89613 , 29,5
32,08028 , -0,02000004 , -41,80158 , 29,52
32,0383 , -0,02000004 , -41,7074 , 29,54
31,9955 , -0,02000004 , -41,61358 , 29,56
31,95191 , -0,02000004 , -41,52009 , 29,58
31,90759 , -0,02000016 , -41,42693 , 29,6
31,86259 , -0,02000016 , -41,33406 , 29,62
31,81694 , -0,02000016 , -41,24149 , 29,64
31,77068 , -0,01999998 , -41,1492 , 29,66
31,72384 , -0,01999998 , -41,05718 , 29,68
31,67646 , -0,0200001 , -40,96542 , 29,7
31,62855 , -0,02000004 , -40,8739 , 29,72
31,58016 , -0,02000004 , -40,78263 , 29,74
31,53129 , -0,02000004 , -40,69159 , 29,76
31,48197 , -0,01999998 , -40,60078 , 29,78
31,4322 , -0,01999998 , -40,51021 , 29,8
31,38199 , -0,01999998 , -40,41987 , 29,82
31,33137 , -0,01999998 , -40,32975 , 29,84
31,28035 , -0,01999998 , -40,23984 , 29,86
31,22894 , -0,01999998 , -40,15015 , 29,88
31,17717 , -0,01999998 , -40,06065 , 29,9
31,12504 , -0,01999998 , -39,97136 , 29,92
31,07258 , -0,01999998 , -39,88226 , 29,94
31,01979 , -0,01999998 , -39,79335 , 29,96
30,96668 , -0,01999998 , -39,70462 , 29,98
30,91327 , -0,01999998 , -39,61608 , 30
30,85956 , -0,02000016 , -39,52771 , 30,02
