Min X value: -65
Min Y value: -14,1249
Min Z value: -105,0925
Max X value: 66,50088
Max Y value: 14,90855
Max Z value: 105
Key: charpos in X , Y , Z , Time since start capture
0 , 0 , -95 , 30,1
0 , -0,003531575 , -95 , 30,12
0 , -0,0109126 , -95 , 30,14
4,816125E-11 , -0,01818258 , -95 , 30,16
1,712832E-10 , -0,01963657 , -95 , 30,18
2,663886E-10 , -0,01992738 , -95 , 30,2
3,289422E-10 , -0,0199855 , -95 , 30,22
3,681617E-10 , -0,01999712 , -95 , 30,24
3,92262E-10 , -0,01999944 , -95 , 30,26
4,068762E-10 , -0,01999992 , -95 , 30,28
4,156258E-10 , -0,02000004 , -95 , 30,3
4,207852E-10 , -0,02000004 , -95 , 30,32
4,237673E-10 , -0,02000004 , -95 , 30,34
4,254448E-10 , -0,02000004 , -95 , 30,36
4,263516E-10 , -0,02000004 , -95 , 30,38
4,268116E-10 , -0,02000004 , -95 , 30,4
4,270194E-10 , -0,02000004 , -95 , 30,42
4,2709E-10 , -0,02000004 , -95 , 30,44
4,270903E-10 , -0,02000004 , -95 , 30,46
4,270583E-10 , -0,02000004 , -95 , 30,48
4,270146E-10 , -0,02000004 , -95 , 30,5
4,270146E-10 , -0,02000004 , -95 , 30,52
4,270146E-10 , -0,02000004 , -95 , 30,54
4,270146E-10 , -0,02000004 , -95 , 30,56
4,270146E-10 , -0,02000004 , -95 , 30,58
4,270146E-10 , -0,02000004 , -95 , 30,6
4,270146E-10 , -0,02000004 , -95 , 30,62
4,270146E-10 , -0,02000004 , -95 , 30,64
4,270146E-10 , -0,02000004 , -95 , 30,66
4,270146E-10 , -0,02000004 , -95 , 30,68
4,270146E-10 , -0,02000004 , -95 , 30,7
4,270146E-10 , -0,02000004 , -95 , 30,72
4,270146E-10 , -0,02000004 , -95 , 30,74
4,270146E-10 , -0,02000004 , -95 , 30,76
4,270146E-10 , -0,02000004 , -95 , 30,78
4,270146E-10 , -0,02000004 , -95 , 30,8
4,270146E-10 , -0,02000004 , -95 , 30,82
4,270146E-10 , -0,02000004 , -95 , 30,84
0,003177247 , -0,02000004 , -94,99004 , 30,86
0,009216077 , -0,02000004 , -94,97113 , 30,88
0,01783641 , -0,02000004 , -94,94415 , 30,9
0,02878962 , -0,02000004 , -94,90992 , 30,92
0,04185506 , -0,02000004 , -94,86917 , 30,94
0,05683659 , -0,01999998 , -94,82256 , 30,96
0,07355984 , -0,01999998 , -94,77067 , 30,98
0,09186923 , -0,01999998 , -94,71404 , 31
0,1116258 , -0,01999998 , -94,65316 , 31,02
0,1327057 , -0,01999998 , -94,58846 , 31,04
0,1549977 , -0,01999998 , -94,52032 , 31,06
0,1784021 , -0,01999998 , -94,44911 , 31,08
0,2028296 , -0,01999998 , -94,37514 , 31,1
0,2281994 , -0,01999998 , -94,29868 , 31,12
0,2544388 , -0,01999998 , -94,22001 , 31,14
0,2814822 , -0,01999998 , -94,13934 , 31,16
0,3092704 , -0,0200001 , -94,05688 , 31,18
0,3377492 , -0,02000004 , -93,97283 , 31,2
0,36687 , -0,02000004 , -93,88735 , 31,22
0,3965882 , -0,02000004 , -93,80059 , 31,24
0,4268633 , -0,02000004 , -93,71269 , 31,26
0,4576585 , -0,02000004 , -93,62377 , 31,28
0,48894 , -0,02000004 , -93,53394 , 31,3
0,5206768 , -0,02000004 , -93,4433 , 31,32
0,5528406 , -0,02000004 , -93,35193 , 31,34
0,5854055 , -0,02000004 , -93,25992 , 31,36
0,6183476 , -0,02000004 , -93,16734 , 31,38
0,6516448 , -0,02000004 , -93,07424 , 31,4
0,6852769 , -0,02000004 , -92,9807 , 31,42
0,7189416 , -0,02000004 , -92,88663 , 31,44
0,7515672 , -0,02000016 , -92,79175 , 31,46
0,7823834 , -0,02000016 , -92,6959 , 31,48
0,8106589 , -0,0200001 , -92,59904 , 31,5
0,8360848 , -0,02000004 , -92,50122 , 31,52
0,8588262 , -0,02000004 , -92,40253 , 31,54
0,8791263 , -0,02000004 , -92,30304 , 31,56
0,897232 , -0,01999998 , -92,20284 , 31,58
0,9133286 , -0,0200001 , -92,10201 , 31,6
0,9275148 , -0,02000022 , -92,0006 , 31,62
0,9398121 , -0,02000004 , -91,89865 , 31,64
0,9501766 , -0,02000004 , -91,79623 , 31,66
0,958634 , -0,01999998 , -91,69337 , 31,68
0,9652335 , -0,01999998 , -91,59012 , 31,7
0,9700814 , -0,01999998 , -91,48652 , 31,72
0,9733028 , -0,01999998 , -91,38261 , 31,74
0,9751077 , -0,01999998 , -91,27841 , 31,76
0,9759943 , -0,01999998 , -91,17397 , 31,78
0,9762794 , -0,01999998 , -91,06929 , 31,8
0,9761642 , -0,0200001 , -90,96442 , 31,82
0,9757772 , -0,0200001 , -90,85936 , 31,84
0,9752004 , -0,02000004 , -90,75414 , 31,86
0,9744866 , -0,02000004 , -90,64878 , 31,88
0,9736698 , -0,01999998 , -90,54329 , 31,9
0,9727724 , -0,01999998 , -90,43768 , 31,92
0,9718091 , -0,0200001 , -90,33197 , 31,94
0,97079 , -0,0200001 , -90,22617 , 31,96
0,9697218 , -0,0200001 , -90,12028 , 31,98
0,9686096 , -0,0200001 , -90,01432 , 32
0,9674571 , -0,0200001 , -89,90829 , 32,02
0,9662669 , -0,02000004 , -89,80222 , 32,04
0,9650196 , -0,02000022 , -89,69609 , 32,06
0,9636809 , -0,02000016 , -89,58993 , 32,08
0,9621553 , -0,01999998 , -89,48374 , 32,1
0,9604093 , -0,02000016 , -89,37755 , 32,12
0,9583468 , -0,02000016 , -89,27138 , 32,14
0,9558197 , -0,02000016 , -89,16525 , 32,16
0,9528248 , -0,02000016 , -89,05915 , 32,18
0,9493653 , -0,0200001 , -88,9531 , 32,2
0,9454749 , -0,0200001 , -88,8471 , 32,22
0,9411219 , -0,0200001 , -88,74114 , 32,24
0,9362029 , -0,0200001 , -88,63525 , 32,26
0,9306621 , -0,02000004 , -88,52944 , 32,28
0,9243485 , -0,02000004 , -88,42374 , 32,3
0,9171178 , -0,02000004 , -88,31818 , 32,32
0,908926 , -0,02000004 , -88,21278 , 32,34
0,8998072 , -0,02000022 , -88,10754 , 32,36
0,8897483 , -0,02000004 , -88,00247 , 32,38
0,8787889 , -0,02000004 , -87,89756 , 32,4
0,8669729 , -0,02000016 , -87,79281 , 32,42
0,8543398 , -0,02000016 , -87,68821 , 32,44
0,8408748 , -0,0200001 , -87,58377 , 32,46
0,8265432 , -0,02000004 , -87,47952 , 32,48
0,8113545 , -0,02000004 , -87,37544 , 32,5
0,7952958 , -0,02000004 , -87,27156 , 32,52
0,7783464 , -0,02000004 , -87,16788 , 32,54
0,7605664 , -0,02000016 , -87,0644 , 32,56
0,7420201 , -0,01999998 , -86,9611 , 32,58
0,7227648 , -0,01999998 , -86,85796 , 32,6
0,7028523 , -0,01999998 , -86,75498 , 32,62
0,6823286 , -0,0200001 , -86,65215 , 32,64
0,6612352 , -0,0200001 , -86,54946 , 32,66
0,6396093 , -0,0200001 , -86,4469 , 32,68
0,6174846 , -0,02000004 , -86,34447 , 32,7
0,5948617 , -0,02000004 , -86,24216 , 32,72
0,571771 , -0,02000004 , -86,13997 , 32,74
0,5482399 , -0,02000016 , -86,0379 , 32,76
0,5242935 , -0,02000016 , -85,93594 , 32,78
0,4999541 , -0,0200001 , -85,83408 , 32,8
0,4752424 , -0,02000004 , -85,73233 , 32,82
0,4501769 , -0,02000004 , -85,63068 , 32,84
0,4247454 , -0,02000004 , -85,52912 , 32,86
0,3989371 , -0,02000004 , -85,42768 , 32,88
0,3727315 , -0,02000004 , -85,32636 , 32,9
0,3461217 , -0,02000004 , -85,22515 , 32,92
0,3190904 , -0,02000004 , -85,12408 , 32,94
0,2916337 , -0,02000004 , -85,02316 , 32,96
0,2637076 , -0,02000022 , -84,92238 , 32,98
0,2353018 , -0,02000016 , -84,82176 , 33
0,20639 , -0,02000016 , -84,72131 , 33,02
0,1770065 , -0,01999998 , -84,62103 , 33,04
0,1471818 , -0,0200001 , -84,5209 , 33,06
0,1169151 , -0,0200001 , -84,42093 , 33,08
0,08623429 , -0,02000004 , -84,3211 , 33,1
0,05516443 , -0,02000004 , -84,2214 , 33,12
0,02372832 , -0,02000004 , -84,12184 , 33,14
-0,008053511 , -0,02000004 , -84,02241 , 33,16
-0,0401623 , -0,02000004 , -83,92309 , 33,18
-0,07258105 , -0,01999998 , -83,82388 , 33,2
-0,1052944 , -0,01999998 , -83,72478 , 33,22
-0,1382881 , -0,0200001 , -83,62579 , 33,24
-0,1715492 , -0,02000004 , -83,5269 , 33,26
-0,2050658 , -0,01999998 , -83,4281 , 33,28
-0,2388271 , -0,0200001 , -83,32939 , 33,3
-0,2728229 , -0,0200001 , -83,23077 , 33,32
-0,307044 , -0,0200001 , -83,13224 , 33,34
-0,3414816 , -0,02000004 , -83,03379 , 33,36
-0,3761278 , -0,02000004 , -82,93542 , 33,38
-0,4109752 , -0,02000004 , -82,83714 , 33,4
-0,4460165 , -0,02000016 , -82,73892 , 33,42
-0,4812453 , -0,02000016 , -82,64079 , 33,44
-0,5166554 , -0,01999998 , -82,54272 , 33,46
-0,5522412 , -0,0200001 , -82,44472 , 33,48
-0,587997 , -0,0200001 , -82,34679 , 33,5
-0,6239176 , -0,02000004 , -82,24892 , 33,52
-0,6599982 , -0,02000016 , -82,15112 , 33,54
-0,6962341 , -0,01999998 , -82,05339 , 33,56
-0,732621 , -0,02000016 , -81,95572 , 33,58
-0,7691544 , -0,0200001 , -81,85811 , 33,6
-0,8058304 , -0,0200001 , -81,76055 , 33,62
-0,8426452 , -0,02000004 , -81,66306 , 33,64
-0,8795949 , -0,02000004 , -81,56561 , 33,66
-0,916676 , -0,02000004 , -81,46823 , 33,68
-0,9538851 , -0,02000016 , -81,3709 , 33,7
-0,991219 , -0,01999998 , -81,27363 , 33,72
-1,028646 , -0,02000016 , -81,17639 , 33,74
-1,06615 , -0,02000016 , -81,07919 , 33,76
-1,103687 , -0,02000016 , -80,98199 , 33,78
-1,141233 , -0,0200001 , -80,8848 , 33,8
-1,178796 , -0,0200001 , -80,78762 , 33,82
-1,216383 , -0,0200001 , -80,69044 , 33,84
-1,253998 , -0,0200001 , -80,59328 , 33,86
-1,291618 , -0,0200001 , -80,49612 , 33,88
-1,32925 , -0,02000004 , -80,39896 , 33,9
-1,366899 , -0,02000004 , -80,3018 , 33,92
-1,404571 , -0,02000016 , -80,20466 , 33,94
-1,442269 , -0,01999998 , -80,10753 , 33,96
-1,479998 , -0,0200001 , -80,01041 , 33,98
-1,51776 , -0,02000022 , -79,9133 , 34
-1,555557 , -0,02000004 , -79,81621 , 34,02
-1,593392 , -0,02000004 , -79,71913 , 34,04
-1,631266 , -0,02000004 , -79,62207 , 34,06
-1,669181 , -0,02000004 , -79,52503 , 34,08
-1,707138 , -0,02000016 , -79,42801 , 34,1
-1,745324 , -0,02000016 , -79,33109 , 34,12
-1,783904 , -0,01999998 , -79,23436 , 34,14
-1,823125 , -0,02000016 , -79,13793 , 34,16
-1,863306 , -0,0200001 , -79,04199 , 34,18
-1,90467 , -0,0200001 , -78,94669 , 34,2
-1,947281 , -0,02000004 , -78,85206 , 34,22
-1,99117 , -0,02000004 , -78,75815 , 34,24
-2,036266 , -0,02000004 , -78,66492 , 34,26
-2,08257 , -0,02000004 , -78,57239 , 34,28
-2,130051 , -0,02000016 , -78,48054 , 34,3
-2,178718 , -0,01999998 , -78,38942 , 34,32
-2,228668 , -0,02000016 , -78,2991 , 34,34
-2,280009 , -0,02000016 , -78,20968 , 34,36
-2,332779 , -0,0200001 , -78,12122 , 34,38
-2,387134 , -0,0200001 , -78,03389 , 34,4
-2,443139 , -0,02000004 , -77,94778 , 34,42
-2,500877 , -0,02000022 , -77,86301 , 34,44
-2,560466 , -0,02000004 , -77,77975 , 34,46
-2,622 , -0,02000004 , -77,69816 , 34,48
-2,685427 , -0,02000004 , -77,61825 , 34,5
-2,750733 , -0,02000004 , -77,54006 , 34,52
-2,817844 , -0,02000004 , -77,46358 , 34,54
-2,886678 , -0,02000004 , -77,38876 , 34,56
-2,957161 , -0,02000022 , -77,31557 , 34,58
-3,029204 , -0,02000004 , -77,24396 , 34,6
-3,102693 , -0,02000004 , -77,17383 , 34,62
-3,177507 , -0,02000016 , -77,10506 , 34,64
-3,253535 , -0,01999998 , -77,03756 , 34,66
-3,330681 , -0,02000016 , -76,97123 , 34,68
-3,408856 , -0,0200001 , -76,90599 , 34,7
-3,487982 , -0,02000004 , -76,84177 , 34,72
-3,567988 , -0,02000004 , -76,7785 , 34,74
-3,64881 , -0,02000004 , -76,71612 , 34,76
-3,730391 , -0,02000004 , -76,65459 , 34,78
-3,812678 , -0,02000004 , -76,59385 , 34,8
-3,895624 , -0,02000022 , -76,53386 , 34,82
-3,979187 , -0,02000004 , -76,47459 , 34,84
-4,063263 , -0,02000004 , -76,41589 , 34,86
-4,147752 , -0,01999998 , -76,35763 , 34,88
-4,232631 , -0,02000016 , -76,2998 , 34,9
-4,317884 , -0,01999998 , -76,24239 , 34,92
-4,403495 , -0,01999998 , -76,18539 , 34,94
-4,489451 , -0,01999998 , -76,12879 , 34,96
-4,575737 , -0,01999998 , -76,07259 , 34,98
-4,662343 , -0,02000016 , -76,01679 , 35
-4,749254 , -0,01999998 , -75,96137 , 35,02
-4,83646 , -0,01999998 , -75,90633 , 35,04
-4,923983 , -0,01999998 , -75,85171 , 35,06
-5,011858 , -0,02000016 , -75,79758 , 35,08
-5,1002 , -0,02000016 , -75,74417 , 35,1
-5,189165 , -0,01999998 , -75,69178 , 35,12
-5,278856 , -0,01999998 , -75,64066 , 35,14
-5,369401 , -0,0200001 , -75,59114 , 35,16
-5,460802 , -0,02000004 , -75,54329 , 35,18
-5,553084 , -0,02000004 , -75,49723 , 35,2
-5,646287 , -0,02000004 , -75,45318 , 35,22
-5,740396 , -0,02000004 , -75,41119 , 35,24
-5,83537 , -0,02000004 , -75,37122 , 35,26
-5,931154 , -0,02000004 , -75,3332 , 35,28
-6,027713 , -0,02000004 , -75,29711 , 35,3
-6,124993 , -0,02000004 , -75,26287 , 35,32
-6,222944 , -0,02000004 , -75,23038 , 35,34
-6,321529 , -0,02000004 , -75,19961 , 35,36
-6,420705 , -0,01999998 , -75,17048 , 35,38
-6,520445 , -0,01999998 , -75,143 , 35,4
-6,620712 , -0,01999998 , -75,1171 , 35,42
-6,721468 , -0,01999998 , -75,09273 , 35,44
-6,822679 , -0,0200001 , -75,0698 , 35,46
-6,924314 , -0,02000004 , -75,04827 , 35,48
-7,026343 , -0,02000004 , -75,02808 , 35,5
-7,128733 , -0,02000004 , -75,00916 , 35,52
-7,231464 , -0,02000004 , -74,99148 , 35,54
-7,334508 , -0,02000004 , -74,97497 , 35,56
-7,437845 , -0,02000004 , -74,9596 , 35,58
-7,54145 , -0,02000004 , -74,9453 , 35,6
-7,645302 , -0,02000004 , -74,93202 , 35,62
-7,74938 , -0,02000004 , -74,91969 , 35,64
-7,853666 , -0,02000004 , -74,90824 , 35,66
-7,958143 , -0,02000004 , -74,89764 , 35,68
-8,062797 , -0,02000004 , -74,88785 , 35,7
-8,130606 , -0,02000004 , -74,86069 , 35,72
-8,201326 , -0,02000004 , -74,83992 , 35,74
-8,272586 , -0,02000004 , -74,8224 , 35,76
-8,342144 , -0,02000004 , -74,80659 , 35,78
-8,410059 , -0,02000004 , -74,79224 , 35,8
-8,476495 , -0,02000004 , -74,7792 , 35,82
-8,541598 , -0,02000004 , -74,76733 , 35,84
-8,605502 , -0,02000004 , -74,7565 , 35,86
-8,673635 , -0,01999998 , -74,74645 , 35,88
-8,745571 , -0,01999998 , -74,73708 , 35,9
-8,82093 , -0,0200001 , -74,72831 , 35,92
-8,898538 , -0,02000004 , -74,71986 , 35,94
-8,972718 , -0,02000004 , -74,71182 , 35,96
-9,044118 , -0,02000004 , -74,70422 , 35,98
-9,113416 , -0,02000004 , -74,69713 , 36
-9,181064 , -0,02000004 , -74,69057 , 36,02
-9,247276 , -0,02000004 , -74,68449 , 36,04
-9,312174 , -0,02000004 , -74,67885 , 36,06
-9,375888 , -0,01999998 , -74,67358 , 36,08
-9,438537 , -0,0200001 , -74,66864 , 36,1
-9,500225 , -0,0200001 , -74,664 , 36,12
-9,561049 , -0,0200001 , -74,65962 , 36,14
-9,621093 , -0,0200001 , -74,65546 , 36,16
-9,680391 , -0,0200001 , -74,65148 , 36,18
-9,738901 , -0,02000004 , -74,64761 , 36,2
-9,796766 , -0,02000004 , -74,64385 , 36,22
-9,854039 , -0,02000004 , -74,64017 , 36,24
-9,910806 , -0,02000004 , -74,63657 , 36,26
-9,966698 , -0,02000004 , -74,63229 , 36,28
-10,01714 , -0,02000004 , -74,62315 , 36,3
-10,06527 , -0,02000004 , -74,61355 , 36,32
-10,1115 , -0,02000004 , -74,60381 , 36,34
-10,15614 , -0,02000016 , -74,59412 , 36,36
-10,20105 , -0,0200001 , -74,58427 , 36,38
-10,24582 , -0,0200001 , -74,57364 , 36,4
-10,29071 , -0,0200001 , -74,5627 , 36,42
-10,33577 , -0,02000004 , -74,55158 , 36,44
-10,38101 , -0,02000004 , -74,54031 , 36,46
-10,4264 , -0,02000004 , -74,5289 , 36,48
-10,47193 , -0,02000004 , -74,51734 , 36,5
-10,51759 , -0,02000004 , -74,50563 , 36,52
-10,56336 , -0,02000016 , -74,49377 , 36,54
-10,60922 , -0,02000016 , -74,48176 , 36,56
-10,65518 , -0,0200001 , -74,46959 , 36,58
-10,70122 , -0,02000004 , -74,45727 , 36,6
-10,74733 , -0,02000004 , -74,4448 , 36,62
-10,79351 , -0,01999998 , -74,43218 , 36,64
-10,83974 , -0,0200001 , -74,41942 , 36,66
-10,88603 , -0,02000004 , -74,40651 , 36,68
-10,93236 , -0,02000004 , -74,39346 , 36,7
-10,97897 , -0,02000004 , -74,38056 , 36,72
-11,02629 , -0,02000004 , -74,36889 , 36,74
-11,07413 , -0,02000004 , -74,3578 , 36,76
-11,12244 , -0,02000004 , -74,34725 , 36,78
-11,17642 , -0,02000004 , -74,3366 , 36,8
-11,2355 , -0,02000004 , -74,32584 , 36,82
-11,29918 , -0,01999998 , -74,31501 , 36,84
-11,36698 , -0,01999998 , -74,3041 , 36,86
-11,43851 , -0,0200001 , -74,29314 , 36,88
-11,5134 , -0,02000004 , -74,28217 , 36,9
-11,59131 , -0,02000004 , -74,27119 , 36,92
-11,67195 , -0,02000004 , -74,26025 , 36,94
-11,75505 , -0,02000004 , -74,24937 , 36,96
-11,84036 , -0,02000004 , -74,23859 , 36,98
-11,92768 , -0,02000004 , -74,22794 , 37
-12,01682 , -0,02000004 , -74,21748 , 37,02
-12,10759 , -0,02000004 , -74,20723 , 37,04
-12,19985 , -0,02000004 , -74,19723 , 37,06
-12,29345 , -0,01999998 , -74,18751 , 37,08
-12,38827 , -0,01999998 , -74,17809 , 37,1
-12,48419 , -0,0200001 , -74,169 , 37,12
-12,58111 , -0,0200001 , -74,16024 , 37,14
-12,67893 , -0,02000004 , -74,15185 , 37,16
-12,77757 , -0,02000004 , -74,14384 , 37,18
-12,87696 , -0,01999998 , -74,13628 , 37,2
-12,97704 , -0,01999998 , -74,12923 , 37,22
-13,07774 , -0,01999998 , -74,12276 , 37,24
-13,17902 , -0,01999998 , -74,11687 , 37,26
-13,28081 , -0,0200001 , -74,11156 , 37,28
-13,38307 , -0,02000004 , -74,10682 , 37,3
-13,48575 , -0,02000004 , -74,10265 , 37,32
-13,58882 , -0,02000004 , -74,09903 , 37,34
-13,69224 , -0,02000004 , -74,09595 , 37,36
-13,79598 , -0,02000004 , -74,09341 , 37,38
-13,90001 , -0,02000004 , -74,09138 , 37,4
-14,00429 , -0,02000016 , -74,08971 , 37,42
-14,10882 , -0,0200001 , -74,0883 , 37,44
-14,21356 , -0,0200001 , -74,08707 , 37,46
-14,31849 , -0,02000004 , -74,08598 , 37,48
-14,4236 , -0,02000004 , -74,08502 , 37,5
-14,52887 , -0,02000004 , -74,08417 , 37,52
-14,63428 , -0,02000004 , -74,0834 , 37,54
-14,73982 , -0,02000004 , -74,08272 , 37,56
-14,84549 , -0,02000004 , -74,08211 , 37,58
-14,95126 , -0,02000004 , -74,08157 , 37,6
-15,05713 , -0,01999998 , -74,08109 , 37,62
-15,16309 , -0,01999998 , -74,08069 , 37,64
-15,26912 , -0,01999998 , -74,08035 , 37,66
-15,37523 , -0,01999998 , -74,08006 , 37,68
-15,48141 , -0,01999998 , -74,07983 , 37,7
-15,58764 , -0,01999998 , -74,07965 , 37,72
-15,69392 , -0,0200001 , -74,07953 , 37,74
-15,80026 , -0,02000004 , -74,07945 , 37,76
-15,90663 , -0,02000004 , -74,07943 , 37,78
-16,01304 , -0,02000004 , -74,07945 , 37,8
-16,11949 , -0,02000004 , -74,07952 , 37,82
-16,22597 , -0,02000004 , -74,07964 , 37,84
-16,33248 , -0,02000004 , -74,07979 , 37,86
-16,43901 , -0,02000004 , -74,07999 , 37,88
-16,54556 , -0,02000004 , -74,08022 , 37,9
-16,65213 , -0,02000004 , -74,0805 , 37,92
-16,75872 , -0,02000004 , -74,0808 , 37,94
-16,86533 , -0,02000004 , -74,08115 , 37,96
-16,97195 , -0,02000004 , -74,08152 , 37,98
-17,07858 , -0,02000004 , -74,08193 , 38
-17,18522 , -0,02000004 , -74,08237 , 38,02
-17,29187 , -0,02000004 , -74,08285 , 38,04
-17,39853 , -0,02000016 , -74,08335 , 38,06
-17,50519 , -0,01999998 , -74,08388 , 38,08
-17,61186 , -0,0200001 , -74,08443 , 38,1
-17,71853 , -0,0200001 , -74,08501 , 38,12
-17,8252 , -0,0200001 , -74,08562 , 38,14
-17,93188 , -0,02000004 , -74,08626 , 38,16
-18,03857 , -0,02000004 , -74,08691 , 38,18
-18,14525 , -0,02000004 , -74,08757 , 38,2
-18,25194 , -0,02000004 , -74,08821 , 38,22
-18,35863 , -0,02000004 , -74,08887 , 38,24
-18,46532 , -0,02000004 , -74,08958 , 38,26
-18,57201 , -0,02000004 , -74,09039 , 38,28
-18,6787 , -0,01999998 , -74,09133 , 38,3
-18,78537 , -0,01999998 , -74,09243 , 38,32
-18,89205 , -0,02000016 , -74,09343 , 38,34
-18,9986 , -0,01999998 , -74,09279 , 38,36
-19,09486 , -0,01999998 , -74,08157 , 38,38
-19,17282 , -0,01999998 , -74,06387 , 38,4
-19,23304 , -0,0200001 , -74,0417 , 38,42
-19,27663 , -0,0200001 , -74,01649 , 38,44
-19,30487 , -0,0200001 , -73,9892 , 38,46
-19,31912 , -0,02000004 , -73,96037 , 38,48
-19,3208 , -0,02000004 , -73,93041 , 38,5
-19,31259 , -0,02000004 , -73,8997 , 38,52
-19,29539 , -0,02000004 , -73,86852 , 38,54
-19,26999 , -0,02000004 , -73,83719 , 38,56
-19,23714 , -0,02000004 , -73,80592 , 38,58
-19,19745 , -0,02000004 , -73,77509 , 38,6
-19,15152 , -0,02000004 , -73,74494 , 38,62
-19,09986 , -0,02000004 , -73,71579 , 38,64
-19,04298 , -0,02000004 , -73,68783 , 38,66
-18,98134 , -0,02000004 , -73,66119 , 38,68
-18,91537 , -0,02000004 , -73,63606 , 38,7
-18,84546 , -0,02000004 , -73,61253 , 38,72
-18,77195 , -0,02000004 , -73,59069 , 38,74
-18,69519 , -0,02000004 , -73,57062 , 38,76
-18,61547 , -0,01999998 , -73,55236 , 38,78
-18,53308 , -0,01999998 , -73,53595 , 38,8
-18,44826 , -0,0200001 , -73,5214 , 38,82
-18,36126 , -0,02000004 , -73,50872 , 38,84
-18,27228 , -0,02000004 , -73,49792 , 38,86
-18,18153 , -0,02000004 , -73,48898 , 38,88
