Min X value: -35,92655
Min Y value: -36,21146
Min Z value: -1,907642
Max X value: 9,073447
Max Y value: -21,21146
Max Z value: 23,09236
Key: charpos in X , Y , Z , Time since start capture
-31,65864 , -29,66039 , 4,274608 , 22,94
-31,65864 , -29,67439 , 4,274608 , 22,96
-31,65864 , -29,70239 , 4,274608 , 22,98
-31,65864 , -29,74439 , 4,274608 , 23
-31,65864 , -29,80039 , 4,274608 , 23,02
-31,65864 , -29,87039 , 4,274608 , 23,04
-31,65864 , -29,95439 , 4,274608 , 23,06
-31,65864 , -30,05239 , 4,274608 , 23,08
-31,65864 , -30,16439 , 4,274608 , 23,1
-31,65864 , -30,29039 , 4,274608 , 23,12
-31,65864 , -30,43039 , 4,274608 , 23,14
-31,65864 , -30,58439 , 4,274608 , 23,16
-31,65864 , -30,75239 , 4,274608 , 23,18
-31,65864 , -30,93439 , 4,274608 , 23,2
-31,65864 , -31,13039 , 4,274608 , 23,22
-31,65864 , -31,34039 , 4,274608 , 23,24
-31,65864 , -31,56438 , 4,274608 , 23,26
-31,65864 , -31,80239 , 4,274608 , 23,28
-31,65864 , -32,05439 , 4,274608 , 23,3
-31,65864 , -32,32038 , 4,274608 , 23,32
-31,65865 , -32,60038 , 4,274597 , 23,34
-31,65872 , -32,89438 , 4,274553 , 23,36
-31,6589 , -33,20238 , 4,274451 , 23,38
-31,65921 , -33,52438 , 4,274286 , 23,4
-31,65967 , -33,86038 , 4,274053 , 23,42
-31,66028 , -34,21038 , 4,273752 , 23,44
-31,66105 , -34,57438 , 4,273386 , 23,46
-31,66196 , -34,40416 , 4,272955 , 23,48
-31,66302 , -34,37012 , 4,272462 , 23,5
-31,66325 , -34,36331 , 4,272359 , 23,52
-31,66371 , -34,36195 , 4,272155 , 23,54
-31,66441 , -34,36168 , 4,271848 , 23,56
-31,66535 , -34,36162 , 4,271438 , 23,58
-31,66651 , -34,36161 , 4,270926 , 23,6
-31,66791 , -34,36161 , 4,270312 , 23,62
-31,66954 , -34,36161 , 4,269595 , 23,64
-31,6714 , -34,36161 , 4,268776 , 23,66
-31,67299 , -34,36161 , 4,268216 , 23,68
-31,67299 , -34,36161 , 4,268216 , 23,7
-31,67299 , -34,36161 , 4,268216 , 23,72
-31,67299 , -34,36161 , 4,268216 , 23,74
-31,67299 , -34,36161 , 4,268216 , 23,76
-31,66466 , -34,36161 , 4,272983 , 23,78
-31,64964 , -34,36161 , 4,279739 , 23,8
-31,62284 , -34,36161 , 4,288775 , 23,82
-31,58876 , -34,36161 , 4,298584 , 23,84
-31,55112 , -34,36161 , 4,308634 , 23,86
-31,51096 , -34,36161 , 4,319283 , 23,88
-31,46827 , -34,36161 , 4,330256 , 23,9
-31,42516 , -34,36161 , 4,340993 , 23,92
-31,3816 , -34,36161 , 4,351768 , 23,94
-31,33717 , -34,36161 , 4,362341 , 23,96
-31,29143 , -34,36161 , 4,372462 , 23,98
-31,2417 , -34,36161 , 4,381729 , 24
-31,18931 , -34,36161 , 4,39 , 24,02
-31,13511 , -34,36161 , 4,397779 , 24,04
-31,08003 , -34,36161 , 4,405015 , 24,06
-31,02451 , -34,36161 , 4,411977 , 24,08
-30,96899 , -34,36161 , 4,418939 , 24,1
-30,91302 , -34,36161 , 4,425626 , 24,12
-30,85705 , -34,36161 , 4,432313 , 24,14
-30,80109 , -34,36161 , 4,439001 , 24,16
-30,74512 , -34,36161 , 4,445688 , 24,18
-30,68915 , -34,36161 , 4,452375 , 24,2
-30,63318 , -34,36161 , 4,459062 , 24,22
-30,57722 , -34,36161 , 4,465749 , 24,24
-30,52125 , -34,36161 , 4,472436 , 24,26
-30,46528 , -34,36161 , 4,479124 , 24,28
-30,40932 , -34,36161 , 4,485811 , 24,3
-30,35335 , -34,36161 , 4,492498 , 24,32
-30,29738 , -34,36161 , 4,499185 , 24,34
-30,24141 , -34,36161 , 4,505872 , 24,36
-30,18545 , -34,36161 , 4,512559 , 24,38
-30,12948 , -34,36161 , 4,519247 , 24,4
-30,07351 , -34,36161 , 4,525934 , 24,42
-30,01754 , -34,36161 , 4,532621 , 24,44
-29,96202 , -34,36161 , 4,539583 , 24,46
-29,90783 , -34,36161 , 4,547362 , 24,48
-29,85626 , -34,36161 , 4,556738 , 24,5
-29,80676 , -34,36161 , 4,568269 , 24,52
-29,75962 , -34,36161 , 4,58246 , 24,54
-29,71652 , -34,36161 , 4,603711 , 24,56
-29,67575 , -34,36161 , 4,629706 , 24,58
-29,63618 , -34,36161 , 4,659548 , 24,6
-29,5988 , -34,36161 , 4,695507 , 24,62
-29,56299 , -34,36161 , 4,734915 , 24,64
-29,52854 , -34,36161 , 4,776865 , 24,66
-29,49478 , -34,36161 , 4,819039 , 24,68
-29,46101 , -34,36161 , 4,861213 , 24,7
-29,42724 , -34,36161 , 4,903387 , 24,72
-29,39347 , -34,20828 , 4,94556 , 24,74
-29,3597 , -34,06895 , 4,987734 , 24,76
-29,32543 , -33,92885 , 5,030541 , 24,78
-29,29066 , -33,78792 , 5,073967 , 24,8
-29,2554 , -33,64665 , 5,118001 , 24,82
-29,21967 , -33,50428 , 5,162631 , 24,84
-29,18347 , -33,35877 , 5,207844 , 24,86
-29,14681 , -33,21364 , 5,253629 , 24,88
-29,1097 , -33,06992 , 5,299974 , 24,9
-29,07215 , -32,92732 , 5,346869 , 24,92
-29,03416 , -32,78208 , 5,394304 , 24,94
-28,99572 , -32,63819 , 5,442259 , 24,96
-28,95681 , -32,49687 , 5,490705 , 24,98
-28,91738 , -32,35789 , 5,539607 , 25
-28,87731 , -32,2219 , 5,588918 , 25,02
-28,8361 , -32,08529 , 5,638502 , 25,04
-28,79338 , -31,95296 , 5,688271 , 25,06
-28,74894 , -31,82358 , 5,738134 , 25,08
-28,70275 , -31,69862 , 5,787926 , 25,1
-28,65478 , -31,57463 , 5,837455 , 25,12
-28,60504 , -31,45471 , 5,886663 , 25,14
-28,55359 , -31,34085 , 5,935542 , 25,16
-28,50043 , -31,23252 , 5,984097 , 25,18
-28,44562 , -31,12696 , 6,032334 , 25,2
-28,38918 , -31,02761 , 6,080259 , 25,22
-28,33115 , -30,93454 , 6,12788 , 25,24
-28,27155 , -30,84561 , 6,175201 , 25,26
-28,21043 , -30,76346 , 6,222229 , 25,28
-28,1478 , -30,68873 , 6,26897 , 25,3
-28,08371 , -30,61933 , 6,315429 , 25,32
-28,01817 , -30,55791 , 6,361612 , 25,34
-27,95122 , -30,50455 , 6,407526 , 25,36
-27,88289 , -30,45783 , 6,453174 , 25,38
-27,8132 , -30,41978 , 6,498562 , 25,4
-27,74218 , -30,39083 , 6,543696 , 25,42
-27,66986 , -30,36956 , 6,588581 , 25,44
-27,59627 , -30,35735 , 6,633221 , 25,46
-27,52142 , -30,35538 , 6,677621 , 25,48
-27,44535 , -30,36252 , 6,721787 , 25,5
-27,36807 , -30,37982 , 6,765723 , 25,52
-27,28962 , -30,40792 , 6,809434 , 25,54
-27,21002 , -30,44688 , 6,852923 , 25,56
-27,12928 , -30,49618 , 6,896196 , 25,58
-27,04744 , -30,55701 , 6,939257 , 25,6
-26,96451 , -30,6297 , 6,98211 , 25,62
-26,88051 , -30,71444 , 7,024759 , 25,64
-26,79548 , -30,81159 , 7,067209 , 25,66
-26,70942 , -30,79122 , 7,109463 , 25,68
-26,62236 , -30,78715 , 7,151525 , 25,7
-26,61847 , -30,78633 , 7,152458 , 25,72
-26,61069 , -30,78617 , 7,154325 , 25,74
-26,59902 , -30,78613 , 7,157125 , 25,76
-26,58346 , -30,78613 , 7,160858 , 25,78
-26,56402 , -30,78613 , 7,165524 , 25,8
-26,54068 , -30,78613 , 7,171124 , 25,82
-26,51345 , -30,78613 , 7,177658 , 25,84
-26,48233 , -30,78613 , 7,185124 , 25,86
-26,44733 , -30,78613 , 7,193523 , 25,88
-26,40843 , -30,78613 , 7,202857 , 25,9
-26,36565 , -30,78613 , 7,213123 , 25,92
-26,31897 , -30,78613 , 7,224322 , 25,94
-26,26841 , -30,78613 , 7,236455 , 25,96
-26,21395 , -30,78613 , 7,249521 , 25,98
-26,15561 , -30,78613 , 7,263521 , 26
-26,09338 , -30,78613 , 7,278453 , 26,02
-26,02725 , -30,78613 , 7,294319 , 26,04
-25,95724 , -30,78613 , 7,311119 , 26,06
-25,95724 , -30,78613 , 7,311119 , 26,08
-25,95724 , -30,78613 , 7,311119 , 26,1
-25,95724 , -30,78613 , 7,311119 , 26,12
-25,95724 , -30,78613 , 7,311119 , 26,14
-25,95724 , -30,78613 , 7,311119 , 26,16
-25,95724 , -30,78613 , 7,311119 , 26,18
-25,95724 , -30,78613 , 7,311119 , 26,2
-25,95724 , -30,78613 , 7,311119 , 26,22
-25,95724 , -30,78613 , 7,311119 , 26,24
-25,95724 , -30,78613 , 7,311119 , 26,26
-25,95724 , -30,78613 , 7,311119 , 26,28
-25,95724 , -30,78613 , 7,311119 , 26,3
-25,95724 , -30,78613 , 7,311119 , 26,32
-25,95724 , -30,78613 , 7,311119 , 26,34
-25,95724 , -30,78613 , 7,311119 , 26,36
-25,95724 , -30,78613 , 7,311119 , 26,38
-25,95724 , -30,78613 , 7,311119 , 26,4
-25,95724 , -30,78613 , 7,311119 , 26,42
-25,95724 , -30,78613 , 7,311119 , 26,44
-25,95724 , -30,78613 , 7,311119 , 26,46
-25,95724 , -30,78613 , 7,311119 , 26,48
-25,95724 , -30,78613 , 7,311119 , 26,5
-25,95724 , -30,78613 , 7,311119 , 26,52
-25,95724 , -30,78613 , 7,311119 , 26,54
-25,95724 , -30,78613 , 7,311119 , 26,56
-25,95724 , -30,78613 , 7,311119 , 26,58
-25,95724 , -30,78613 , 7,311119 , 26,6
-25,95724 , -30,78613 , 7,311119 , 26,62
-25,95724 , -30,78613 , 7,311119 , 26,64
-25,95724 , -30,78613 , 7,311119 , 26,66
-25,95724 , -30,78613 , 7,311119 , 26,68
-25,95724 , -30,78613 , 7,311119 , 26,7
-25,95724 , -30,78613 , 7,311119 , 26,72
-25,95724 , -30,78613 , 7,311119 , 26,74
-25,95724 , -30,78613 , 7,311119 , 26,76
-25,95724 , -30,78613 , 7,311119 , 26,78
-25,95724 , -30,78613 , 7,311119 , 26,8
-25,95724 , -30,78613 , 7,311119 , 26,82
-25,95724 , -30,78613 , 7,311119 , 26,84
-25,95724 , -30,78613 , 7,311119 , 26,86
-25,95724 , -30,78613 , 7,311119 , 26,88
-25,95724 , -30,78613 , 7,311119 , 26,9
-25,95724 , -30,78613 , 7,311119 , 26,92
-25,95724 , -30,78613 , 7,311119 , 26,94
-25,95724 , -30,78613 , 7,311119 , 26,96
-25,95724 , -30,78613 , 7,311119 , 26,98
-25,95724 , -30,78613 , 7,311119 , 27
-25,95724 , -30,78613 , 7,311119 , 27,02
-25,95724 , -30,78613 , 7,311119 , 27,04
-25,91459 , -30,78613 , 7,297388 , 27,06
-25,87239 , -30,78613 , 7,283706 , 27,08
-25,83064 , -30,78613 , 7,270073 , 27,1
-25,78884 , -30,78613 , 7,256158 , 27,12
-25,74744 , -30,78613 , 7,242012 , 27,14
-25,70649 , -30,78613 , 7,227917 , 27,16
-25,66642 , -30,78613 , 7,213929 , 27,18
-25,62675 , -30,78613 , 7,199714 , 27,2
-25,58708 , -30,78613 , 7,185499 , 27,22
-25,54741 , -30,78613 , 7,171284 , 27,24
-25,50774 , -30,78613 , 7,157069 , 27,26
-25,46807 , -30,78613 , 7,142854 , 27,28
-25,4284 , -30,78613 , 7,128639 , 27,3
-25,38873 , -30,78613 , 7,114424 , 27,32
-25,34905 , -30,78613 , 7,100209 , 27,34
-25,30938 , -30,78613 , 7,085994 , 27,36
-25,26971 , -30,78613 , 7,071779 , 27,38
-25,23004 , -30,78613 , 7,057564 , 27,4
-25,19037 , -30,78613 , 7,043349 , 27,42
-25,1507 , -30,78613 , 7,029134 , 27,44
-25,11103 , -30,78613 , 7,014919 , 27,46
-25,07136 , -30,78613 , 7,000704 , 27,48
-25,03169 , -30,78613 , 6,986489 , 27,5
-24,99202 , -30,78613 , 6,972274 , 27,52
-24,95234 , -30,78613 , 6,958059 , 27,54
-24,91267 , -30,78613 , 6,943844 , 27,56
-24,873 , -30,78613 , 6,929629 , 27,58
-24,83333 , -30,78613 , 6,915414 , 27,6
-24,79543 , -30,78613 , 6,901425 , 27,62
-24,75935 , -30,78613 , 6,887949 , 27,64
-24,72784 , -30,78613 , 6,87591 , 27,66
-24,70057 , -30,78613 , 6,865769 , 27,68
-24,67927 , -30,78613 , 6,859052 , 27,7
-24,6636 , -30,78613 , 6,855449 , 27,72
-24,65505 , -30,78613 , 6,855556 , 27,74
-24,64915 , -30,78613 , 6,856855 , 27,76
-24,64444 , -30,78613 , 6,859441 , 27,78
-24,63885 , -30,78613 , 6,867173 , 27,8
-24,63318 , -30,78613 , 6,875893 , 27,82
-24,62751 , -30,78613 , 6,886468 , 27,84
-24,62194 , -30,78613 , 6,897273 , 27,86
-24,61638 , -30,78613 , 6,908078 , 27,88
-24,61081 , -30,78613 , 6,918883 , 27,9
-24,60524 , -30,78613 , 6,929688 , 27,92
-24,59967 , -30,78613 , 6,940494 , 27,94
-24,59411 , -30,78613 , 6,951299 , 27,96
-24,58854 , -30,78613 , 6,962104 , 27,98
-24,58297 , -30,78613 , 6,972909 , 28
-24,5774 , -30,78613 , 6,983714 , 28,02
-24,57184 , -30,78613 , 6,994519 , 28,04
-24,56648 , -30,78613 , 7,005198 , 28,06
-24,56125 , -30,78613 , 7,015514 , 28,08
-24,55613 , -30,78613 , 7,025469 , 28,1
-24,55113 , -30,78613 , 7,035065 , 28,12
-24,54613 , -30,78613 , 7,044661 , 28,14
-24,54125 , -30,78613 , 7,053899 , 28,16
-24,53629 , -30,78613 , 7,062921 , 28,18
-24,53098 , -30,78613 , 7,071158 , 28,2
-24,52374 , -30,78613 , 7,078859 , 28,22
-24,51176 , -30,78613 , 7,086988 , 28,24
-24,49707 , -30,78613 , 7,095442 , 28,26
-24,47332 , -30,78613 , 7,103408 , 28,28
-24,43878 , -30,78613 , 7,110522 , 28,3
-24,39747 , -30,78613 , 7,11735 , 28,32
-24,35433 , -30,78613 , 7,124286 , 28,34
-24,31118 , -30,78613 , 7,131223 , 28,36
-24,26804 , -30,78613 , 7,138159 , 28,38
-24,2249 , -30,78613 , 7,145096 , 28,4
-24,18176 , -30,78613 , 7,152032 , 28,42
-24,13861 , -30,78613 , 7,158969 , 28,44
-24,09547 , -30,78613 , 7,165905 , 28,46
-24,05233 , -30,78613 , 7,172842 , 28,48
-24,00919 , -30,78613 , 7,179779 , 28,5
-23,96605 , -30,78613 , 7,186715 , 28,52
-23,9229 , -30,78613 , 7,193652 , 28,54
-23,87976 , -30,78613 , 7,200588 , 28,56
-23,83662 , -30,78613 , 7,207525 , 28,58
-23,79348 , -30,78613 , 7,214461 , 28,6
-23,75033 , -30,78613 , 7,221398 , 28,62
-23,70719 , -30,78613 , 7,228334 , 28,64
-23,66405 , -30,78613 , 7,235271 , 28,66
-23,62091 , -30,78613 , 7,242208 , 28,68
-23,57822 , -30,78613 , 7,249117 , 28,7
-23,536 , -30,78613 , 7,256 , 28,72
-23,49426 , -30,78613 , 7,262588 , 28,74
-23,45252 , -30,78613 , 7,269176 , 28,76
-23,4117 , -30,78613 , 7,27571 , 28,78
-23,37136 , -30,78613 , 7,281952 , 28,8
-23,33102 , -30,78613 , 7,288194 , 28,82
-23,29116 , -30,78613 , 7,294147 , 28,84
-23,25223 , -30,78613 , 7,300046 , 28,86
-23,21329 , -30,78613 , 7,305945 , 28,88
-23,17575 , -30,78613 , 7,311506 , 28,9
-23,13964 , -30,78613 , 7,31648 , 28,92
-23,10493 , -30,78613 , 7,321127 , 28,94
-23,07211 , -30,78613 , 7,325185 , 28,96
-23,04161 , -30,78613 , 7,328882 , 28,98
-23,01436 , -30,78613 , 7,332171 , 29
-22,99126 , -30,78613 , 7,334998 , 29,02
-22,97276 , -30,78613 , 7,337503 , 29,04
-22,95609 , -30,78613 , 7,33986 , 29,06
-22,94717 , -30,78613 , 7,341416 , 29,08
-22,94559 , -30,78613 , 7,341853 , 29,1
-22,94559 , -30,78613 , 7,341853 , 29,12
-22,94559 , -30,78613 , 7,341853 , 29,14
-22,94559 , -30,78613 , 7,341853 , 29,16
-22,94559 , -30,78613 , 7,341853 , 29,18
-22,94559 , -30,78613 , 7,341853 , 29,2
-22,94559 , -30,78613 , 7,341853 , 29,22
-22,94559 , -30,78613 , 7,341853 , 29,24
-22,94559 , -30,78613 , 7,341853 , 29,26
-22,94559 , -30,78613 , 7,341853 , 29,28
-22,94559 , -30,78613 , 7,341853 , 29,3
-22,94559 , -30,78613 , 7,341853 , 29,32
-22,94559 , -30,78613 , 7,341853 , 29,34
-22,94559 , -30,78613 , 7,341853 , 29,36
-22,94559 , -30,78613 , 7,341853 , 29,38
-22,94559 , -30,78613 , 7,341853 , 29,4
-22,94559 , -30,78613 , 7,341853 , 29,42
-22,94559 , -30,78613 , 7,341853 , 29,44
-22,94559 , -30,78613 , 7,341853 , 29,46
-22,94559 , -30,78613 , 7,341853 , 29,48
-22,94559 , -30,78613 , 7,341853 , 29,5
-22,94559 , -30,78613 , 7,341853 , 29,52
-22,94559 , -30,78613 , 7,341853 , 29,54
-22,94559 , -30,78613 , 7,341853 , 29,56
-22,94559 , -30,78613 , 7,341853 , 29,58
-22,9461 , -30,78613 , 7,342252 , 29,6
-22,9469 , -30,78613 , 7,342869 , 29,62
-22,948 , -30,78613 , 7,343698 , 29,64
-22,9496 , -30,78613 , 7,344905 , 29,66
-22,9517 , -30,78613 , 7,346492 , 29,68
-22,95379 , -30,78613 , 7,348079 , 29,7
-22,9562 , -30,78613 , 7,349865 , 29,72
-22,95861 , -30,78613 , 7,351652 , 29,74
-22,96101 , -30,78613 , 7,353439 , 29,76
-22,9636 , -30,78613 , 7,355407 , 29,78
-22,96651 , -30,78613 , 7,357572 , 29,8
-22,96959 , -30,78613 , 7,359923 , 29,82
-22,97284 , -30,78613 , 7,362469 , 29,84
-22,9761 , -30,78613 , 7,365014 , 29,86
-22,97953 , -30,78613 , 7,367759 , 29,88
-22,98313 , -30,78613 , 7,370708 , 29,9
-22,98674 , -30,78613 , 7,373658 , 29,92
-22,99052 , -30,78613 , 7,376819 , 29,94
-22,9943 , -30,78613 , 7,379979 , 29,96
-22,99807 , -30,78613 , 7,38314 , 29,98
-23,00203 , -30,78613 , 7,386517 , 30
-23,00598 , -30,78613 , 7,389894 , 30,02
-23,00993 , -30,78613 , 7,393272 , 30,04
-23,01388 , -30,78613 , 7,396649 , 30,06
-23,01783 , -30,78613 , 7,400027 , 30,08
-23,02179 , -30,78613 , 7,403404 , 30,1
-23,02574 , -30,78613 , 7,406782 , 30,12
-23,02969 , -30,78613 , 7,410159 , 30,14
-23,03364 , -30,78613 , 7,413537 , 30,16
-23,03759 , -30,78613 , 7,416914 , 30,18
-23,04155 , -30,78613 , 7,420291 , 30,2
-23,0455 , -30,78613 , 7,423669 , 30,22
-23,04945 , -30,78613 , 7,427046 , 30,24
-23,0534 , -30,78613 , 7,430424 , 30,26
-23,05735 , -30,78613 , 7,433801 , 30,28
-23,06131 , -30,78613 , 7,437179 , 30,3
-23,06573 , -30,78613 , 7,440965 , 30,32
-23,07316 , -30,78613 , 7,447138 , 30,34
-23,08553 , -30,78613 , 7,456614 , 30,36
-23,10092 , -30,78613 , 7,468063 , 30,38
-23,12391 , -30,78613 , 7,484519 , 30,4
-23,155 , -30,78613 , 7,505961 , 30,42
-23,18977 , -30,78613 , 7,529938 , 30,44
-23,22997 , -30,78613 , 7,557068 , 30,46
-23,2725 , -30,78613 , 7,585855 , 30,48
-23,31593 , -30,78613 , 7,615109 , 30,5
-23,35942 , -30,78613 , 7,64469 , 30,52
-23,40291 , -30,78613 , 7,674271 , 30,54
-23,4464 , -30,78613 , 7,703852 , 30,56
-23,48989 , -30,78613 , 7,733433 , 30,58
-23,53338 , -30,78613 , 7,763014 , 30,6
-23,57687 , -30,78613 , 7,792595 , 30,62
-23,62036 , -30,78613 , 7,822176 , 30,64
-23,66385 , -30,78613 , 7,851758 , 30,66
-23,70733 , -30,78613 , 7,881339 , 30,68
-23,75082 , -30,78613 , 7,91092 , 30,7
-23,79431 , -30,78613 , 7,940501 , 30,72
-23,83822 , -30,78613 , 7,970151 , 30,74
-23,88212 , -30,78613 , 7,999802 , 30,76
-23,9268 , -30,78613 , 8,029264 , 30,78
-23,97226 , -30,78613 , 8,058534 , 30,8
-24,01849 , -30,78613 , 8,087611 , 30,82
-24,06551 , -30,78613 , 8,116494 , 30,84
-24,11449 , -30,78613 , 8,144721 , 30,86
-24,16588 , -30,78613 , 8,17234 , 30,88
-24,21803 , -30,78613 , 8,199431 , 30,9
-24,27522 , -30,78613 , 8,225881 , 30,92
-24,33844 , -30,78613 , 8,251698 , 30,94
-24,40778 , -30,78613 , 8,276787 , 30,96
-24,48244 , -30,78613 , 8,30132 , 30,98
-24,55919 , -30,78613 , 8,323869 , 31
-24,6363 , -30,78613 , 8,34519 , 31,02
-24,7136 , -30,78613 , 8,365792 , 31,04
-24,79119 , -30,78613 , 8,385296 , 31,06
-24,86903 , -30,78613 , 8,403746 , 31,08
-24,94693 , -30,78613 , 8,421943 , 31,1
-25,02479 , -30,78613 , 8,440353 , 31,12
-25,10258 , -30,78613 , 8,459025 , 31,14
-25,18034 , -30,78613 , 8,4778 , 31,16
-25,25811 , -30,78613 , 8,496575 , 31,18
-25,33588 , -30,78613 , 8,51535 , 31,2
-25,41364 , -30,78613 , 8,534125 , 31,22
-25,49141 , -30,78613 , 8,5529 , 31,24
-25,56918 , -30,6328 , 8,571675 , 31,26
-25,64694 , -30,49346 , 8,59045 , 31,28
-25,72587 , -30,35595 , 8,609507 , 31,3
-25,80595 , -30,21692 , 8,628839 , 31,32
-25,88715 , -30,07464 , 8,648442 , 31,34
-25,96944 , -29,92973 , 8,66831 , 31,36
-26,05281 , -29,78878 , 8,688438 , 31,38
-26,13723 , -29,64606 , 8,708821 , 31,4
-26,22269 , -29,50222 , 8,729453 , 31,42
-26,30916 , -29,358 , 8,75033 , 31,44
-26,39662 , -29,21362 , 8,771446 , 31,46
-26,48505 , -29,07337 , 8,792797 , 31,48
-26,57444 , -28,93336 , 8,814378 , 31,5
-26,66476 , -28,79454 , 8,836184 , 31,52
-26,756 , -28,65646 , 8,858212 , 31,54
-26,84814 , -28,52406 , 8,880456 , 31,56
-26,94115 , -28,3929 , 8,902912 , 31,58
-27,03503 , -28,26433 , 8,925576 , 31,6
-27,12975 , -28,13834 , 8,948444 , 31,62
-27,22529 , -28,01534 , 8,971512 , 31,64
-27,32165 , -27,8992 , 8,994776 , 31,66
-27,4188 , -27,78673 , 9,018231 , 31,68
-27,51673 , -27,67822 , 9,041875 , 31,7
-27,61543 , -27,57435 , 9,065702 , 31,72
-27,71487 , -27,47491 , 9,089711 , 31,74
-27,81504 , -27,3835 , 9,113896 , 31,76
-27,91594 , -27,29744 , 9,138255 , 31,78
-28,01753 , -27,21724 , 9,162784 , 31,8
-28,11982 , -27,14311 , 9,187479 , 31,82
-28,22278 , -27,07526 , 9,212337 , 31,84
-28,32641 , -27,01435 , 9,237356 , 31,86
-28,43068 , -26,96066 , 9,262531 , 31,88
-28,5356 , -26,91447 , 9,28786 , 31,9
-28,64113 , -26,87819 , 9,313339 , 31,92
-28,74728 , -26,85009 , 9,338966 , 31,94
-28,85402 , -26,82976 , 9,364738 , 31,96
-28,96136 , -26,81842 , 9,390651 , 31,98
-29,06926 , -26,81787 , 9,416703 , 32
-29,17773 , -26,82648 , 9,442891 , 32,02
-29,28675 , -26,84513 , 9,469213 , 32,04
-29,39632 , -26,87394 , 9,495665 , 32,06
-29,50641 , -26,91321 , 9,522244 , 32,08
-29,61703 , -26,96331 , 9,54895 , 32,1
-29,72815 , -27,02449 , 9,575779 , 32,12
-29,83978 , -27,09733 , 9,602728 , 32,14
-29,95189 , -27,18276 , 9,629795 , 32,16
-30,06448 , -27,2803 , 9,656979 , 32,18
-30,17754 , -27,39042 , 9,684276 , 32,2
-30,29107 , -27,51337 , 9,711683 , 32,22
-30,40504 , -27,64953 , 9,739201 , 32,24
-30,51946 , -27,79919 , 9,766825 , 32,26
-30,6343 , -27,96273 , 9,794553 , 32,28
-30,74958 , -28,14027 , 9,822384 , 32,3
-30,86527 , -28,33181 , 9,850315 , 32,32
-30,98137 , -28,53735 , 9,878345 , 32,34
-31,09787 , -28,75689 , 9,906471 , 32,36
-31,21476 , -28,99043 , 9,934692 , 32,38
-31,33203 , -29,23797 , 9,963006 , 32,4
-31,44968 , -29,49951 , 9,99141 , 32,42
-31,5677 , -29,77505 , 10,0199 , 32,44
-31,68608 , -30,06459 , 10,04848 , 32,46
-31,80482 , -30,36813 , 10,07715 , 32,48
-31,9239 , -30,68567 , 10,1059 , 32,5
-32,04332 , -30,832 , 10,13473 , 32,52
-32,14991 , -30,74329 , 10,16442 , 32,54
-32,16256 , -30,69163 , 10,17576 , 32,56
-32,1706 , -30,62164 , 10,1816 , 32,58
-32,18198 , -30,56936 , 10,1855 , 32,6
-32,19649 , -30,53183 , 10,19224 , 32,62
-32,21147 , -30,50829 , 10,20205 , 32,64
-32,22725 , -30,49875 , 10,21307 , 32,66
-32,24335 , -30,50322 , 10,22531 , 32,68
-32,25938 , -30,52168 , 10,23885 , 32,7
-32,27489 , -30,55414 , 10,25384 , 32,72
-32,28981 , -30,60061 , 10,27032 , 32,74
-32,30438 , -30,64279 , 10,29476 , 32,76
-32,3187 , -30,67967 , 10,32982 , 32,78
-32,31842 , -30,71994 , 10,33854 , 32,8
-32,31962 , -30,72088 , 10,35542 , 32,82
-32,31884 , -30,71355 , 10,37294 , 32,84
-32,31789 , -30,70336 , 10,39038 , 32,86
-32,31707 , -30,69472 , 10,40742 , 32,88
-32,31704 , -30,69237 , 10,42538 , 32,9
-32,31764 , -30,70342 , 10,44585 , 32,92
-32,31957 , -30,71758 , 10,46864 , 32,94
-32,3226 , -30,72041 , 10,4941 , 32,96
-32,32663 , -30,72098 , 10,52265 , 32,98
-32,33124 , -30,72109 , 10,55429 , 33
-32,33628 , -30,72111 , 10,58881 , 33,02
-32,34173 , -30,72112 , 10,6262 , 33,04
-32,34761 , -30,72112 , 10,66647 , 33,06
-32,3539 , -30,72112 , 10,70961 , 33,08
-32,36061 , -30,56079 , 10,75564 , 33,1
-32,36775 , -30,40746 , 10,80454 , 33,12
-32,37503 , -30,25022 , 10,85447 , 33,14
-32,38247 , -30,08965 , 10,90542 , 33,16
-32,39005 , -29,92705 , 10,95736 , 33,18
-32,39777 , -29,76706 , 11,01028 , 33,2
-32,40563 , -29,60788 , 11,06415 , 33,22
-32,41363 , -29,4447 , 11,11896 , 33,24
-32,42176 , -29,28295 , 11,17469 , 33,26
-32,43003 , -29,12512 , 11,23132 , 33,28
-32,43842 , -28,96571 , 11,28882 , 33,3
-32,44694 , -28,80656 , 11,34719 , 33,32
-32,45558 , -28,64953 , 11,40641 , 33,34
-32,46434 , -28,49316 , 11,46645 , 33,36
-32,47322 , -28,34157 , 11,52731 , 33,38
-32,48222 , -28,19151 , 11,58896 , 33,4
-32,49133 , -28,04293 , 11,6514 , 33,42
-32,50055 , -27,89899 , 11,7146 , 33,44
-32,50988 , -27,75878 , 11,77855 , 33,46
-32,51931 , -27,62195 , 11,84323 , 33,48
-32,52886 , -27,48892 , 11,90863 , 33,5
-32,53851 , -27,35983 , 11,97474 , 33,52
-32,54825 , -27,23528 , 12,04154 , 33,54
-32,5581 , -27,11569 , 12,10902 , 33,56
-32,56804 , -27,00123 , 12,17716 , 33,58
-32,57808 , -26,89248 , 12,24595 , 33,6
-32,58821 , -26,78988 , 12,31538 , 33,62
-32,59843 , -26,69326 , 12,38543 , 33,64
-32,60875 , -26,60327 , 12,4561 , 33,66
-32,61914 , -26,52015 , 12,52737 , 33,68
-32,62963 , -26,44434 , 12,59922 , 33,7
-32,6402 , -26,37652 , 12,67165 , 33,72
-32,65085 , -26,31468 , 12,74465 , 33,74
-32,66158 , -26,26316 , 12,8182 , 33,76
-32,67239 , -26,21831 , 12,89229 , 33,78
-32,68328 , -26,18389 , 12,96692 , 33,8
-32,69424 , -26,15715 , 13,04206 , 33,82
-32,70528 , -26,13971 , 13,11771 , 33,84
-32,7164 , -26,1324 , 13,19387 , 33,86
-32,72758 , -26,13773 , 13,27052 , 33,88
-32,73883 , -26,15707 , 13,34764 , 33,9
-32,75016 , -26,1904 , 13,42524 , 33,92
-32,76155 , -26,23774 , 13,5033 , 33,94
-32,773 , -26,29907 , 13,58181 , 33,96
-32,78452 , -26,37441 , 13,66077 , 33,98
-32,79611 , -26,46374 , 13,74015 , 34
-32,80775 , -26,56708 , 13,81997 , 34,02
-32,81946 , -26,68441 , 13,9002 , 34,04
-32,83123 , -26,81574 , 13,98084 , 34,06
-32,84306 , -26,96108 , 14,06188 , 34,08
-32,85494 , -27,12041 , 14,14332 , 34,1
-32,86688 , -27,29375 , 14,22514 , 34,12
-32,87886 , -27,48108 , 14,30733 , 34,14
-32,89088 , -27,68242 , 14,3899 , 34,16
-32,90295 , -27,89775 , 14,47284 , 34,18
-32,91506 , -28,12709 , 14,55614 , 34,2
-32,9272 , -28,37043 , 14,63981 , 34,22
-32,93937 , -28,62776 , 14,72384 , 34,24
-32,95156 , -28,8991 , 14,80821 , 34,26
-32,96378 , -29,18443 , 14,89292 , 34,28
-32,97603 , -29,48377 , 14,97796 , 34,3
-32,9394 , -29,60389 , 15,19711 , 34,32
-32,85622 , -29,66374 , 15,3596 , 34,34
-32,82285 , -29,69463 , 15,35975 , 34,36
-32,79622 , -29,71978 , 15,36366 , 34,38
-32,77317 , -29,74547 , 15,3709 , 34,4
-32,75194 , -29,77487 , 15,38131 , 34,42
-32,73154 , -29,80969 , 15,39481 , 34,44
-32,71175 , -29,8517 , 15,41138 , 34,46
-32,68485 , -29,90563 , 15,4295 , 34,48
-32,65941 , -29,97392 , 15,44937 , 34,5
-32,641 , -30,05425 , 15,47099 , 34,52
-32,62322 , -30,14533 , 15,4942 , 34,54
-32,60607 , -30,24743 , 15,51898 , 34,56
-32,58953 , -30,36012 , 15,54528 , 34,58
-32,5736 , -30,48528 , 15,57309 , 34,6
-32,55825 , -30,62177 , 15,60237 , 34,62
-32,54349 , -30,77062 , 15,63309 , 34,64
-32,52929 , -30,93215 , 15,66522 , 34,66
-32,51565 , -31,10657 , 15,69874 , 34,68
-32,50256 , -31,2943 , 15,73361 , 34,7
-32,48999 , -31,49561 , 15,76981 , 34,72
-32,47795 , -31,71082 , 15,80731 , 34,74
-32,46642 , -31,94004 , 15,84609 , 34,76
-32,43399 , -31,95801 , 15,87213 , 34,78
-32,39958 , -31,9595 , 15,89777 , 34,8
-32,39841 , -31,95919 , 15,89964 , 34,82
-32,3978 , -31,95882 , 15,90452 , 34,84
-32,39759 , -31,95832 , 15,9123 , 34,86
-32,39777 , -31,95763 , 15,92298 , 34,88
-32,39834 , -31,95674 , 15,93656 , 34,9
-32,3993 , -31,95563 , 15,95303 , 34,92
-32,40065 , -31,9543 , 15,9724 , 34,94
-32,40239 , -31,95277 , 15,99466 , 34,96
-32,40451 , -31,95102 , 16,01982 , 34,98
-32,40702 , -31,94905 , 16,04788 , 35
-32,41129 , -31,79572 , 16,07973 , 35,02
-32,41595 , -31,65639 , 16,11447 , 35,04
-32,42078 , -31,51634 , 16,15055 , 35,06
-32,42579 , -31,37444 , 16,18793 , 35,08
-32,43097 , -31,2322 , 16,22659 , 35,1
-32,43632 , -31,08908 , 16,26651 , 35,12
-32,44183 , -30,94587 , 16,30765 , 35,14
-32,44751 , -30,80246 , 16,35 , 35,16
-32,45334 , -30,65896 , 16,39352 , 35,18
-32,45933 , -30,5163 , 16,43821 , 35,2
-32,46547 , -30,37284 , 16,48402 , 35,22
-32,47176 , -30,23222 , 16,53095 , 35,24
-32,4782 , -30,09303 , 16,57897 , 35,26
-32,48478 , -29,95578 , 16,62805 , 35,28
-32,49149 , -29,82062 , 16,67818 , 35,3
-32,49835 , -29,68811 , 16,72933 , 35,32
-32,50534 , -29,55819 , 16,78148 , 35,34
-32,51246 , -29,43135 , 16,83462 , 35,36
-32,51971 , -29,30828 , 16,88872 , 35,38
-32,52709 , -29,18849 , 16,94378 , 35,4
-32,53458 , -29,07237 , 16,9998 , 35,42
-32,54217 , -28,96063 , 17,05676 , 35,44
-32,54983 , -28,85352 , 17,11469 , 35,46
-32,55748 , -28,75157 , 17,1736 , 35,48
-32,56507 , -28,65201 , 17,23354 , 35,5
-32,57257 , -28,56097 , 17,2945 , 35,52
-32,57994 , -28,47331 , 17,3565 , 35,54
-32,58718 , -28,39165 , 17,41952 , 35,56
-32,59428 , -28,31713 , 17,48352 , 35,58
-32,60126 , -28,2492 , 17,54851 , 35,6
-32,60809 , -28,18905 , 17,61444 , 35,62
-32,61479 , -28,13661 , 17,68132 , 35,64
-32,62135 , -28,09223 , 17,74911 , 35,66
-32,62778 , -28,05584 , 17,8178 , 35,68
-32,63408 , -28,02798 , 17,88737 , 35,7
-32,64026 , -28,00898 , 17,9578 , 35,72
-32,64631 , -27,99753 , 18,02908 , 35,74
-32,65224 , -27,99547 , 18,10119 , 35,76
-32,65806 , -28,00353 , 18,17411 , 35,78
-32,66376 , -28,0216 , 18,24783 , 35,8
-32,66934 , -28,0503 , 18,32233 , 35,82
-32,67481 , -28,08977 , 18,3976 , 35,84
-32,68018 , -28,14325 , 18,47361 , 35,86
-32,68543 , -28,21072 , 18,55036 , 35,88
-32,69058 , -28,29219 , 18,62782 , 35,9
-32,69561 , -28,38767 , 18,70601 , 35,92
-32,70046 , -28,49714 , 18,78494 , 35,94
-32,70507 , -28,62062 , 18,8646 , 35,96
-32,70926 , -28,75809 , 18,945 , 35,98
-32,71286 , -28,90956 , 19,02614 , 36
-32,71559 , -29,07504 , 19,10804 , 36,02
-32,71726 , -28,98898 , 19,19066 , 36,04
-32,71823 , -28,97177 , 19,27362 , 36,06
-32,71591 , -28,96832 , 19,27684 , 36,08
-32,71012 , -28,96763 , 19,28237 , 36,1
-32,70047 , -28,9675 , 19,2895 , 36,12
-32,68694 , -28,96747 , 19,29804 , 36,14
-32,66985 , -28,96746 , 19,30842 , 36,16
-32,64925 , -28,96746 , 19,32074 , 36,18
-32,62521 , -28,96746 , 19,33511 , 36,2
-32,59775 , -28,96746 , 19,35153 , 36,22
-32,56685 , -28,96746 , 19,37 , 36,24
-32,53252 , -28,96746 , 19,39052 , 36,26
-32,49471 , -28,96746 , 19,41304 , 36,28
-32,45303 , -28,96746 , 19,43684 , 36,3
-32,40734 , -28,96746 , 19,46167 , 36,32
-32,35711 , -28,96746 , 19,48643 , 36,34
-32,30185 , -28,96746 , 19,50979 , 36,36
-32,24215 , -28,96746 , 19,53286 , 36,38
-32,17826 , -28,96746 , 19,55614 , 36,4
-32,11045 , -28,96746 , 19,58034 , 36,42
-32,03887 , -28,96746 , 19,60589 , 36,44
-31,96353 , -28,96746 , 19,63278 , 36,46
-31,88818 , -28,96746 , 19,65967 , 36,48
-31,81284 , -28,96746 , 19,68656 , 36,5
-31,7375 , -28,80713 , 19,71345 , 36,52
-31,7009 , -28,6538 , 19,75134 , 36,54
-31,67901 , -28,4985 , 19,79678 , 36,56
-31,65472 , -28,34169 , 19,84358 , 36,58
-31,61989 , -28,18418 , 19,88588 , 36,6
-31,58313 , -28,0274 , 19,92828 , 36,62
-31,54446 , -27,86967 , 19,97077 , 36,64
-31,50393 , -27,71301 , 20,01335 , 36,66
-31,46157 , -27,55618 , 20,05602 , 36,68
-31,41742 , -27,40089 , 20,09878 , 36,7
-31,37152 , -27,24706 , 20,14163 , 36,72
-31,3239 , -27,09081 , 20,18456 , 36,74
-31,27459 , -26,93577 , 20,22757 , 36,76
-31,22364 , -26,78336 , 20,27066 , 36,78
-31,17106 , -26,63316 , 20,31384 , 36,8
-31,1169 , -26,48623 , 20,35709 , 36,82
-31,06119 , -26,34164 , 20,40041 , 36,84
-31,00395 , -26,19777 , 20,44382 , 36,86
-30,94522 , -26,05719 , 20,48729 , 36,88
-30,88503 , -25,92134 , 20,53084 , 36,9
-30,82341 , -25,78946 , 20,57445 , 36,92
-30,76038 , -25,66301 , 20,61814 , 36,94
-30,69597 , -25,54103 , 20,66189 , 36,96
-30,63022 , -25,4221 , 20,70571 , 36,98
-30,56314 , -25,30879 , 20,7496 , 37
-30,49477 , -25,20195 , 20,79354 , 37,02
-30,42513 , -25,10124 , 20,83755 , 37,04
-30,35424 , -25,00499 , 20,88162 , 37,06
-30,28214 , -24,91779 , 20,92575 , 37,08
-30,20884 , -24,83551 , 20,96994 , 37,1
-30,13437 , -24,7603 , 21,01419 , 37,12
-30,05875 , -24,69336 , 21,05849 , 37,14
-29,98201 , -24,63428 , 21,10285 , 37,16
-29,90416 , -24,58216 , 21,14727 , 37,18
-29,82523 , -24,53839 , 21,19173 , 37,2
-29,74525 , -24,504 , 21,23625 , 37,22
-29,66423 , -24,47892 , 21,28082 , 37,24
-29,58219 , -24,46366 , 21,32544 , 37,26
-29,49915 , -24,46104 , 21,3701 , 37,28
-29,41514 , -24,47242 , 21,41482 , 37,3
-29,33017 , -24,4978 , 21,45958 , 37,32
-29,24427 , -24,53718 , 21,50439 , 37,34
-29,15744 , -24,59056 , 21,54924 , 37,36
-29,06972 , -24,65795 , 21,59414 , 37,38
-28,98111 , -24,73933 , 21,63909 , 37,4
-28,89164 , -24,83471 , 21,68407 , 37,42
-28,80132 , -24,94409 , 21,7291 , 37,44
-28,71017 , -25,06747 , 21,77416 , 37,46
-28,61821 , -25,20485 , 21,81926 , 37,48
-28,52544 , -25,35623 , 21,83308 , 37,5
-28,43189 , -25,52161 , 21,83584 , 37,52
-28,33757 , -25,70099 , 21,8364 , 37,54
-28,24249 , -25,89437 , 21,83651 , 37,56
-28,14668 , -26,10175 , 21,83653 , 37,58
-28,05015 , -26,32313 , 21,83653 , 37,6
-27,9529 , -26,55851 , 21,83653 , 37,62
-27,85496 , -26,80789 , 21,83653 , 37,64
-27,75634 , -26,75014 , 21,83653 , 37,66
-27,65739 , -26,73858 , 21,83653 , 37,68
-27,65362 , -26,73627 , 21,83653 , 37,7
-27,64608 , -26,73581 , 21,83653 , 37,72
-27,63477 , -26,73572 , 21,83653 , 37,74
-27,61968 , -26,7357 , 21,83653 , 37,76
-27,60083 , -26,7357 , 21,83653 , 37,78
-27,5782 , -26,73569 , 21,83653 , 37,8
-27,55176 , -26,73569 , 21,83653 , 37,82
-27,52135 , -26,73569 , 21,83653 , 37,84
-27,48691 , -26,73569 , 21,83653 , 37,86
-27,44854 , -26,73569 , 21,83653 , 37,88
-27,4062 , -26,73569 , 21,83653 , 37,9
-27,35991 , -26,73569 , 21,83653 , 37,92
-27,30955 , -26,73569 , 21,83653 , 37,94
-27,25481 , -26,73569 , 21,83653 , 37,96
-27,19555 , -26,73569 , 21,83653 , 37,98
-27,13205 , -26,73569 , 21,83653 , 38
-27,06429 , -26,73569 , 21,83653 , 38,02
-26,99242 , -26,73569 , 21,83653 , 38,04
-26,91647 , -26,73569 , 21,83653 , 38,06
-26,83648 , -26,73569 , 21,83653 , 38,08
-26,75648 , -26,73569 , 21,83653 , 38,1
-26,67648 , -26,73569 , 21,83586 , 38,12
-26,5965 , -26,73569 , 21,834 , 38,14
-26,51655 , -26,73569 , 21,83127 , 38,16
-26,43666 , -26,73569 , 21,82712 , 38,18
-26,35682 , -26,73569 , 21,82205 , 38,2
-26,27703 , -26,73569 , 21,81619 , 38,22
-26,19731 , -26,73569 , 21,80952 , 38,24
-26,11763 , -26,73569 , 21,80241 , 38,26
-26,03799 , -26,73569 , 21,79482 , 38,28
-25,95849 , -26,73569 , 21,78585 , 38,3
-25,87908 , -26,73569 , 21,77612 , 38,32
-25,79984 , -26,73569 , 21,76512 , 38,34
-25,72071 , -26,73569 , 21,75337 , 38,36
-25,64159 , -26,73569 , 21,74158 , 38,38
-25,56246 , -26,73569 , 21,7298 , 38,4
-25,48333 , -26,73569 , 21,71801 , 38,42
-25,40421 , -26,73569 , 21,70619 , 38,44
-25,34337 , -26,73569 , 21,71136 , 38,46
-25,27508 , -26,73569 , 21,70937 , 38,48
-25,20311 , -26,73569 , 21,7013 , 38,5
-25,12894 , -26,73569 , 21,68905 , 38,52
-25,05364 , -26,73569 , 21,67366 , 38,54
-24,9775 , -26,73569 , 21,6567 , 38,56
-24,90063 , -26,73569 , 21,63929 , 38,58
-24,82303 , -26,73569 , 21,62226 , 38,6
-24,74512 , -26,73569 , 21,60516 , 38,62
-24,66703 , -26,73569 , 21,58788 , 38,64
-24,58897 , -26,73569 , 21,57036 , 38,66
-24,51093 , -26,73569 , 21,55277 , 38,68
-24,43284 , -26,73569 , 21,53539 , 38,7
-24,35475 , -26,73569 , 21,51801 , 38,72
-24,27666 , -26,73569 , 21,50063 , 38,74
-24,19857 , -26,73569 , 21,48325 , 38,76
-24,12058 , -26,73569 , 21,46545 , 38,78
-24,04266 , -26,73569 , 21,4473 , 38,8
-23,96477 , -26,73569 , 21,42907 , 38,82
-23,88687 , -26,73569 , 21,41084 , 38,84
-23,80827 , -26,73569 , 21,39597 , 38,86
-23,72942 , -26,73569 , 21,3812 , 38,88
-23,65069 , -26,73569 , 21,36535 , 38,9
-23,57245 , -26,73569 , 21,34793 , 38,92
-23,49455 , -26,73569 , 21,3297 , 38,94
-23,41666 , -26,73569 , 21,31148 , 38,96
-23,33876 , -26,73569 , 21,29325 , 38,98
-23,26085 , -26,73569 , 21,2751 , 39
-23,18285 , -26,73569 , 21,2573 , 39,02
-23,10467 , -26,73569 , 21,24033 , 39,04
-23,02631 , -26,73569 , 21,22425 , 39,06
-22,94769 , -26,73569 , 21,20945 , 39,08
-22,86888 , -26,73569 , 21,19566 , 39,1
-22,78991 , -26,73569 , 21,1829 , 39,12
-22,71083 , -26,73569 , 21,17079 , 39,14
-22,63168 , -26,73569 , 21,15914 , 39,16
-22,55246 , -26,73569 , 21,148 , 39,18
-22,47322 , -26,73569 , 21,13701 , 39,2
-22,39401 , -26,73569 , 21,1258 , 39,22
-22,31487 , -26,73569 , 21,11412 , 39,24
-22,23579 , -26,73569 , 21,10203 , 39,26
-22,15672 , -26,73569 , 21,08982 , 39,28
-22,07767 , -26,73569 , 21,07755 , 39,3
-21,99861 , -26,73569 , 21,06531 , 39,32
-21,91956 , -26,73569 , 21,05307 , 39,34
-21,8405 , -26,73569 , 21,04083 , 39,36
-21,76144 , -26,73569 , 21,0286 , 39,38
-21,68238 , -26,73569 , 21,01636 , 39,4
-21,60332 , -26,73569 , 21,00412 , 39,42
-21,52427 , -26,73569 , 20,99188 , 39,44
-21,44521 , -26,73569 , 20,97964 , 39,46
-21,36615 , -26,73569 , 20,96741 , 39,48
-21,28709 , -26,73569 , 20,95517 , 39,5
-21,20804 , -26,73569 , 20,94293 , 39,52
-21,12898 , -26,73569 , 20,93069 , 39,54
-21,04992 , -26,73569 , 20,91846 , 39,56
-20,97086 , -26,73569 , 20,90622 , 39,58
-20,89181 , -26,73569 , 20,89398 , 39,6
-20,81275 , -26,73569 , 20,88174 , 39,62
-20,73369 , -26,73569 , 20,86951 , 39,64
-20,65463 , -26,73569 , 20,85727 , 39,66
-20,57557 , -26,58236 , 20,84503 , 39,68
-20,49652 , -26,44303 , 20,83279 , 39,7
-20,41627 , -26,30374 , 20,82037 , 39,72
-20,33487 , -26,16127 , 20,80777 , 39,74
-20,25232 , -26,01933 , 20,79499 , 39,76
-20,16866 , -25,87504 , 20,78204 , 39,78
-20,0839 , -25,73158 , 20,76892 , 39,8
-19,99808 , -25,58643 , 20,75563 , 39,82
-19,9112 , -25,44303 , 20,74219 , 39,84
-19,82329 , -25,29855 , 20,72858 , 39,86
-19,73438 , -25,15487 , 20,71482 , 39,88
-19,64447 , -25,01484 , 20,70092 , 39,9
-19,55358 , -24,87428 , 20,68691 , 39,92
-19,46174 , -24,7346 , 20,67283 , 39,94
-19,36896 , -24,60551 , 20,6587 , 39,96
-19,27523 , -24,49043 , 20,64464 , 39,98
-19,18059 , -24,38934 , 20,63074 , 40
-19,08504 , -24,30225 , 20,61721 , 40,02
-18,98873 , -24,22916 , 20,60427 , 40,04
-18,89203 , -24,17008 , 20,59204 , 40,06
-18,79556 , -24,12499 , 20,58073 , 40,08
-18,69966 , -24,09391 , 20,57041 , 40,1
-18,60438 , -24,07682 , 20,56108 , 40,12
-18,50975 , -24,07373 , 20,55274 , 40,14
-18,41574 , -24,08465 , 20,54536 , 40,16
-18,32236 , -24,10956 , 20,53893 , 40,18
-18,22958 , -24,14848 , 20,53341 , 40,2
-18,1374 , -24,20139 , 20,52881 , 40,22
-18,04579 , -24,2683 , 20,52509 , 40,24
-17,95476 , -24,34922 , 20,52224 , 40,26
-17,86428 , -24,44413 , 20,52024 , 40,28
-17,77437 , -24,55304 , 20,51908 , 40,3
-17,68503 , -24,67596 , 20,51873 , 40,32
-17,59636 , -24,81287 , 20,51911 , 40,34
-17,50844 , -24,96378 , 20,52016 , 40,36
-17,42144 , -25,1287 , 20,52173 , 40,38
-17,33551 , -25,30761 , 20,52373 , 40,4
-17,25082 , -25,50052 , 20,526 , 40,42
-17,16744 , -25,70744 , 20,52847 , 40,44
-17,08549 , -25,92835 , 20,53103 , 40,46
-17,005 , -26,16326 , 20,53365 , 40,48
-16,92599 , -26,41217 , 20,53628 , 40,5
-16,84844 , -26,67509 , 20,53893 , 40,52
-16,7723 , -26,952 , 20,54159 , 40,54
-16,69756 , -27,24291 , 20,54427 , 40,56
-16,62419 , -27,54782 , 20,54697 , 40,58
-16,55215 , -27,86674 , 20,54968 , 40,6
-16,48143 , -28,19965 , 20,5524 , 40,62
-16,41199 , -28,54656 , 20,55514 , 40,64
-16,34382 , -28,90748 , 20,55789 , 40,66
-16,27688 , -29,28239 , 20,56066 , 40,68
-16,21115 , -29,29524 , 20,50431 , 40,7
-16,1466 , -29,30643 , 20,44361 , 40,72
-16,14642 , -29,31594 , 20,4337 , 40,74
-16,14605 , -29,32084 , 20,42504 , 40,76
-16,1455 , -29,3253 , 20,41671 , 40,78
-16,14477 , -29,33015 , 20,40832 , 40,8
-16,14385 , -29,33556 , 20,39966 , 40,82
-16,14284 , -29,34165 , 20,39054 , 40,84
-16,14203 , -29,34856 , 20,38077 , 40,86
-16,14169 , -29,35651 , 20,3702 , 40,88
-16,14169 , -29,36571 , 20,35878 , 40,9
-16,14169 , -29,37634 , 20,34656 , 40,92
-16,14169 , -29,38869 , 20,33347 , 40,94
-16,14169 , -29,40312 , 20,31941 , 40,96
-16,14169 , -29,42013 , 20,30432 , 40,98
-16,14169 , -29,44036 , 20,28813 , 41
-16,14169 , -29,46468 , 20,27081 , 41,02
-16,14169 , -29,49422 , 20,25243 , 41,04
-16,14169 , -29,53045 , 20,23321 , 41,06
-16,14169 , -29,57524 , 20,21366 , 41,08
-16,14169 , -29,63267 , 20,18819 , 41,1
-16,14169 , -29,70576 , 20,16448 , 41,12
-16,14169 , -29,79443 , 20,14746 , 41,14
-16,14169 , -29,8971 , 20,13077 , 41,16
-16,14169 , -30,01377 , 20,11442 , 41,18
-16,14169 , -30,14444 , 20,0984 , 41,2
-16,14169 , -30,28911 , 20,0827 , 41,22
-16,14169 , -30,2083 , 20,06731 , 41,24
-16,14169 , -30,19214 , 20,05223 , 41,26
-16,14169 , -30,18891 , 20,05223 , 41,28
-16,14169 , -30,18826 , 20,05223 , 41,3
-16,14169 , -30,18813 , 20,05223 , 41,32
-16,14169 , -30,1881 , 20,05223 , 41,34
-16,14169 , -30,1881 , 20,05223 , 41,36
-16,14169 , -30,1881 , 20,05223 , 41,38
-16,14169 , -30,1881 , 20,05223 , 41,4
-16,14169 , -30,1881 , 20,05223 , 41,42
-16,142 , -30,1881 , 20,05237 , 41,44
-16,14373 , -30,1881 , 20,05334 , 41,46
-16,14628 , -30,1881 , 20,05485 , 41,48
-16,14907 , -30,1881 , 20,05649 , 41,5
-16,15208 , -30,1881 , 20,05828 , 41,52
-16,15533 , -30,1881 , 20,06019 , 41,54
-16,15882 , -30,1881 , 20,06225 , 41,56
-16,16253 , -30,1881 , 20,06444 , 41,58
-16,16648 , -30,1881 , 20,06677 , 41,6
-16,17066 , -30,1881 , 20,06923 , 41,62
-16,17507 , -30,1881 , 20,07184 , 41,64
-16,17971 , -30,1881 , 20,07458 , 41,66
-16,18435 , -30,1881 , 20,07731 , 41,68
-16,18899 , -30,1881 , 20,08005 , 41,7
-16,19364 , -30,1881 , 20,08279 , 41,72
-16,1985 , -30,1881 , 20,08554 , 41,74
-16,20359 , -30,1881 , 20,08828 , 41,76
-16,2093 , -30,1881 , 20,09088 , 41,78
-16,2163 , -30,1881 , 20,09358 , 41,8
-16,22635 , -30,1881 , 20,09654 , 41,82
-16,23889 , -30,1881 , 20,09967 , 41,84
-16,25667 , -30,1881 , 20,10301 , 41,86
-16,27753 , -30,1881 , 20,10608 , 41,88
-16,30292 , -30,1881 , 20,10904 , 41,9
-16,33013 , -30,1881 , 20,11189 , 41,92
-16,3587 , -30,1881 , 20,11457 , 41,94
-16,3882 , -30,1881 , 20,1173 , 41,96
-16,4177 , -30,1881 , 20,12003 , 41,98
-16,44719 , -30,1881 , 20,12276 , 42
-16,47715 , -30,1881 , 20,1255 , 42,02
-16,50711 , -30,1881 , 20,12825 , 42,04
-16,53799 , -30,1881 , 20,13103 , 42,06
-16,5698 , -30,1881 , 20,13385 , 42,08
-16,60252 , -30,1881 , 20,13671 , 42,1
-16,63571 , -30,1881 , 20,13958 , 42,12
-16,6689 , -30,1881 , 20,14246 , 42,14
-16,70209 , -30,1881 , 20,14533 , 42,16
-16,73528 , -30,1881 , 20,14821 , 42,18
-16,76847 , -30,1881 , 20,15108 , 42,2
-16,80166 , -30,1881 , 20,15396 , 42,22
-16,83485 , -30,1881 , 20,15616 , 42,24
-16,8685 , -30,1881 , 20,15716 , 42,26
-16,90261 , -30,1881 , 20,15763 , 42,28
-16,93673 , -30,1881 , 20,15784 , 42,3
-16,97084 , -30,1881 , 20,15793 , 42,32
-17,00542 , -30,1881 , 20,15798 , 42,34
-17,03999 , -30,1881 , 20,158 , 42,36
-17,07456 , -30,1881 , 20,15801 , 42,38
-17,10914 , -30,1881 , 20,15801 , 42,4
-17,14371 , -30,1881 , 20,15802 , 42,42
-17,17829 , -30,1881 , 20,15802 , 42,44
-17,21285 , -30,1881 , 20,15794 , 42,46
-17,24741 , -30,1881 , 20,15791 , 42,48
-17,28197 , -30,1881 , 20,15789 , 42,5
-17,31652 , -30,1881 , 20,15788 , 42,52
-17,35108 , -30,1881 , 20,15788 , 42,54
-17,38564 , -30,1881 , 20,15788 , 42,56
-17,4202 , -30,1881 , 20,15788 , 42,58
-17,45476 , -30,1881 , 20,15788 , 42,6
-17,48932 , -30,1881 , 20,15788 , 42,62
-17,52296 , -30,1881 , 20,15787 , 42,64
-17,55428 , -30,1881 , 20,15784 , 42,66
-17,57913 , -30,1881 , 20,15767 , 42,68
-17,58771 , -30,1881 , 20,15707 , 42,7
-17,58771 , -30,1881 , 20,15666 , 42,72
-17,58771 , -30,1881 , 20,15648 , 42,74
-17,58771 , -30,1881 , 20,15639 , 42,76
-17,57756 , -30,1881 , 20,1526 , 42,78
-17,55962 , -30,1881 , 20,14608 , 42,8
-17,53329 , -30,1881 , 20,13632 , 42,82
-17,50365 , -30,1881 , 20,12508 , 42,84
-17,47175 , -30,1881 , 20,11324 , 42,86
-17,43942 , -30,1881 , 20,10133 , 42,88
-17,40708 , -30,1881 , 20,08943 , 42,9
-17,37475 , -30,1881 , 20,07753 , 42,92
-17,34241 , -30,1881 , 20,06562 , 42,94
-17,31008 , -30,1881 , 20,05372 , 42,96
-17,2773 , -30,1881 , 20,04175 , 42,98
-17,24453 , -30,1881 , 20,02979 , 43
-17,21175 , -30,1881 , 20,01782 , 43,02
-17,17898 , -30,1881 , 20,00585 , 43,04
-17,14615 , -30,1881 , 19,99362 , 43,06
-17,11288 , -30,1881 , 19,98133 , 43,08
-17,07916 , -30,1881 , 19,96897 , 43,1
-17,04501 , -30,1881 , 19,95655 , 43,12
-17,01042 , -30,1881 , 19,94407 , 43,14
-16,97582 , -30,1881 , 19,93159 , 43,16
-16,94123 , -30,1881 , 19,91911 , 43,18
-16,90619 , -30,1881 , 19,90657 , 43,2
-16,87028 , -30,1881 , 19,89391 , 43,22
-16,83391 , -30,1881 , 19,8812 , 43,24
-16,79666 , -30,1881 , 19,86837 , 43,26
-16,75857 , -30,1881 , 19,85571 , 43,28
-16,71919 , -30,1881 , 19,84317 , 43,3
-16,67941 , -30,1881 , 19,83085 , 43,32
-16,63877 , -30,1881 , 19,81871 , 43,34
-16,59773 , -30,1881 , 19,8068 , 43,36
-16,55538 , -30,1881 , 19,79504 , 43,38
-16,5122 , -30,1881 , 19,78375 , 43,4
-16,46773 , -30,1881 , 19,77289 , 43,42
-16,42242 , -30,1881 , 19,76253 , 43,44
-16,37583 , -30,1881 , 19,7529 , 43,46
-16,32839 , -30,1881 , 19,74378 , 43,48
-16,27965 , -30,1881 , 19,73542 , 43,5
-16,23007 , -30,1881 , 19,72814 , 43,52
-16,17881 , -30,1881 , 19,72334 , 43,54
-16,12621 , -30,1881 , 19,71992 , 43,56
-16,07227 , -30,1881 , 19,71964 , 43,58
-16,0174 , -30,1881 , 19,72108 , 43,6
-15,96251 , -30,1881 , 19,72338 , 43,62
-15,90762 , -30,1881 , 19,72598 , 43,64
-15,85273 , -30,1881 , 19,72858 , 43,66
-15,79783 , -30,1881 , 19,73117 , 43,68
-15,74294 , -30,1881 , 19,73377 , 43,7
-15,68805 , -30,1881 , 19,73636 , 43,72
-15,63316 , -30,1881 , 19,73896 , 43,74
-15,57827 , -30,1881 , 19,74156 , 43,76
-15,52338 , -30,1881 , 19,74415 , 43,78
-15,46848 , -30,1881 , 19,74675 , 43,8
-15,41359 , -30,1881 , 19,74934 , 43,82
-15,3587 , -30,1881 , 19,75194 , 43,84
-15,30381 , -30,1881 , 19,75454 , 43,86
-15,24892 , -30,1881 , 19,75713 , 43,88
-15,19403 , -30,1881 , 19,75973 , 43,9
-15,13914 , -30,1881 , 19,76232 , 43,92
-15,08424 , -30,1881 , 19,76492 , 43,94
-15,02935 , -30,1881 , 19,76752 , 43,96
-14,97446 , -30,1881 , 19,77011 , 43,98
-14,91957 , -30,1881 , 19,77271 , 44
-14,86468 , -30,1881 , 19,7753 , 44,02
-14,80979 , -30,1881 , 19,7779 , 44,04
-14,75489 , -30,1881 , 19,78049 , 44,06
-14,7 , -30,1881 , 19,78309 , 44,08
-14,64511 , -30,1881 , 19,78569 , 44,1
-14,59022 , -30,1881 , 19,78828 , 44,12
-14,53533 , -30,1881 , 19,79088 , 44,14
-14,48044 , -30,1881 , 19,79347 , 44,16
-14,42554 , -30,1881 , 19,79607 , 44,18
-14,37065 , -30,1881 , 19,79867 , 44,2
-14,31576 , -30,1881 , 19,80126 , 44,22
-14,26087 , -30,1881 , 19,80386 , 44,24
-14,20598 , -30,1881 , 19,80645 , 44,26
-14,15109 , -30,1881 , 19,80905 , 44,28
-14,0962 , -30,1881 , 19,81165 , 44,3
-14,0413 , -30,1881 , 19,81424 , 44,32
-13,98641 , -30,1881 , 19,81684 , 44,34
-13,93152 , -30,1881 , 19,81943 , 44,36
-13,87663 , -30,1881 , 19,82203 , 44,38
-13,82174 , -30,1881 , 19,82462 , 44,4
-13,76685 , -30,1881 , 19,82722 , 44,42
-13,71195 , -30,1881 , 19,82982 , 44,44
-13,65706 , -30,1881 , 19,83241 , 44,46
-13,60217 , -30,1881 , 19,83501 , 44,48
-13,54728 , -30,1881 , 19,8376 , 44,5
-13,49239 , -30,1881 , 19,8402 , 44,52
-13,4375 , -30,03477 , 19,8428 , 44,54
-13,3826 , -29,89544 , 19,84539 , 44,56
-13,32689 , -29,75762 , 19,84803 , 44,58
-13,27037 , -29,61656 , 19,8507 , 44,6
-13,21306 , -29,47361 , 19,85341 , 44,62
-13,15497 , -29,33079 , 19,85616 , 44,64
-13,09612 , -29,18736 , 19,85894 , 44,66
-13,03653 , -29,04239 , 19,86176 , 44,68
-12,97621 , -28,89697 , 19,86461 , 44,7
-12,91518 , -28,75161 , 19,8675 , 44,72
-12,85344 , -28,60967 , 19,87042 , 44,74
-12,79102 , -28,46879 , 19,87337 , 44,76
-12,72792 , -28,32964 , 19,87635 , 44,78
-12,66417 , -28,192 , 19,87937 , 44,8
-12,59977 , -28,05659 , 19,88241 , 44,82
-12,53473 , -27,92319 , 19,88549 , 44,84
-12,46908 , -27,79249 , 19,8886 , 44,86
-12,40282 , -27,66478 , 19,89173 , 44,88
-12,33596 , -27,53807 , 19,89489 , 44,9
-12,26852 , -27,41513 , 19,89808 , 44,92
-12,2005 , -27,29626 , 19,9013 , 44,94
-12,13193 , -27,18214 , 19,90454 , 44,96
-12,0628 , -27,07337 , 19,90781 , 44,98
-11,99314 , -26,96803 , 19,9111 , 45
-11,92295 , -26,8686 , 19,91442 , 45,02
-11,85224 , -26,77531 , 19,91776 , 45,04
-11,78102 , -26,68666 , 19,92113 , 45,06
-11,70931 , -26,60661 , 19,92452 , 45,08
-11,63711 , -26,54056 , 19,92794 , 45,1
-11,56443 , -26,48852 , 19,93138 , 45,12
-11,49129 , -26,45047 , 19,93484 , 45,14
-11,41768 , -26,42643 , 19,93832 , 45,16
-11,34363 , -26,41638 , 19,94182 , 45,18
-11,26914 , -26,42033 , 19,94534 , 45,2
-11,19421 , -26,43829 , 19,94888 , 45,22
-11,11887 , -26,47024 , 19,95245 , 45,24
-11,04311 , -26,5162 , 19,95603 , 45,26
-10,96694 , -26,57615 , 19,95963 , 45,28
-10,89038 , -26,6501 , 19,96325 , 45,3
-10,81342 , -26,73806 , 19,96689 , 45,32
-10,73608 , -26,84001 , 19,97055 , 45,34
-10,65837 , -26,95596 , 19,97423 , 45,36
-10,5803 , -27,08592 , 19,97792 , 45,38
-10,50186 , -27,22987 , 19,98163 , 45,4
-10,42307 , -27,38782 , 19,98536 , 45,42
-10,34393 , -27,55978 , 19,9891 , 45,44
-10,26446 , -27,74573 , 19,99286 , 45,46
-10,18465 , -27,94568 , 19,99663 , 45,48
-10,10452 , -28,15964 , 20,00042 , 45,5
-10,02407 , -28,38759 , 20,00423 , 45,52
-9,943311 , -28,62954 , 20,00805 , 45,54
-9,862244 , -28,88549 , 20,01188 , 45,56
-9,780876 , -29,15545 , 20,01573 , 45,58
-9,699215 , -29,4394 , 20,01959 , 45,6
-9,617266 , -29,73735 , 20,02347 , 45,62
-9,534991 , -29,66655 , 20,02747 , 45,64
-9,452443 , -29,65113 , 20,03148 , 45,66
-9,4497 , -29,6482 , 20,03161 , 45,68
-9,444211 , -29,49486 , 20,03187 , 45,7
-9,435977 , -29,35553 , 20,03226 , 45,72
-9,425986 , -29,2174 , 20,03273 , 45,74
-9,414274 , -29,07602 , 20,03328 , 45,76
-9,400876 , -28,93254 , 20,03392 , 45,78
-9,385824 , -28,79045 , 20,03463 , 45,8
-9,369152 , -28,64648 , 20,03542 , 45,82
-9,350892 , -28,50139 , 20,03628 , 45,84
-9,331077 , -28,35877 , 20,03722 , 45,86
-9,309736 , -28,21538 , 20,03823 , 45,88
-9,286901 , -28,07179 , 20,0393 , 45,9
-9,262602 , -27,9318 , 20,04045 , 45,92
-9,236867 , -27,7921 , 20,04167 , 45,94
-9,209725 , -27,65334 , 20,04296 , 45,96
-9,181206 , -27,51592 , 20,0443 , 45,98
-9,151336 , -27,38303 , 20,04572 , 46
-9,120142 , -27,25211 , 20,04719 , 46,02
-9,08765 , -27,12627 , 20,04873 , 46,04
-9,053887 , -27,01443 , 20,05033 , 46,06
-9,018879 , -26,9166 , 20,05198 , 46,08
-8,982649 , -26,83276 , 20,05369 , 46,1
-8,945223 , -26,76293 , 20,05546 , 46,12
-8,906624 , -26,70709 , 20,05729 , 46,14
-8,866876 , -26,66526 , 20,05917 , 46,16
-8,826001 , -26,63742 , 20,0611 , 46,18
-8,784023 , -26,62358 , 20,06309 , 46,2
-8,740963 , -26,62375 , 20,06513 , 46,22
-8,696843 , -26,63791 , 20,06721 , 46,24
-8,651685 , -26,66608 , 20,06935 , 46,26
-8,605508 , -26,70824 , 20,07153 , 46,28
-8,558333 , -26,7644 , 20,07376 , 46,3
-8,510181 , -26,83457 , 20,07604 , 46,32
-8,461071 , -26,91873 , 20,07837 , 46,34
-8,411022 , -27,0169 , 20,08073 , 46,36
-8,360053 , -27,12906 , 20,08314 , 46,38
-8,308182 , -27,25522 , 20,0856 , 46,4
-8,255426 , -27,39539 , 20,08809 , 46,42
-8,201805 , -27,54955 , 20,09063 , 46,44
-8,147335 , -27,71771 , 20,0932 , 46,46
-8,092033 , -27,89988 , 20,09582 , 46,48
-8,035916 , -28,09604 , 20,09847 , 46,5
-7,979001 , -28,3062 , 20,10116 , 46,52
-7,923222 , -28,29741 , 20,04313 , 46,54
-7,866979 , -28,30001 , 19,98115 , 46,56
-7,86468 , -28,31011 , 19,9692 , 46,58
-7,859567 , -28,32022 , 19,95823 , 46,6
-7,851721 , -28,33146 , 19,94689 , 46,62
-7,841157 , -28,34416 , 19,93486 , 46,64
-7,82788 , -28,35876 , 19,92202 , 46,66
-7,811893 , -28,37574 , 19,9083 , 46,68
-7,793199 , -28,39585 , 19,89367 , 46,7
-7,771796 , -28,42002 , 19,87818 , 46,72
-7,747686 , -28,44939 , 19,86186 , 46,74
-7,720853 , -28,48549 , 19,84503 , 46,76
-7,692905 , -28,53238 , 19,82064 , 46,78
-7,663668 , -28,59348 , 19,79467 , 46,8
-7,632996 , -28,66998 , 19,77221 , 46,82
-7,600945 , -28,76094 , 19,7524 , 46,84
-7,567614 , -28,86589 , 19,73308 , 46,86
-7,533028 , -28,98485 , 19,71424 , 46,88
-7,497213 , -29,1178 , 19,69587 , 46,9
-7,460193 , -29,26475 , 19,67795 , 46,92
-7,421992 , -29,42571 , 19,66049 , 46,94
-7,382634 , -29,60066 , 19,64346 , 46,96
-7,342142 , -29,78961 , 19,62687 , 46,98
-7,300318 , -29,67646 , 19,61069 , 47
-7,257464 , -29,65306 , 19,59491 , 47,02
-7,254708 , -29,64872 , 19,59497 , 47,04
-7,249394 , -29,64797 , 19,5949 , 47,06
-7,24191 , -29,64781 , 19,59442 , 47,08
-7,233085 , -29,64772 , 19,59301 , 47,1
-7,222925 , -29,64764 , 19,59083 , 47,12
-7,21282 , -29,64757 , 19,5872 , 47,14
-7,202656 , -29,6475 , 19,58241 , 47,16
-7,193324 , -29,6469 , 19,57631 , 47,18
-7,184346 , -29,64671 , 19,5693 , 47,2
-7,175928 , -29,64664 , 19,56096 , 47,22
-7,167414 , -29,6466 , 19,55158 , 47,24
-7,158896 , -29,64659 , 19,54113 , 47,26
-7,150003 , -29,6466 , 19,52975 , 47,28
-7,140426 , -29,64662 , 19,51749 , 47,3
-7,130165 , -29,64666 , 19,50435 , 47,32
-7,119221 , -29,6467 , 19,49034 , 47,34
-7,107593 , -29,64676 , 19,47544 , 47,36
-7,095283 , -29,6468 , 19,45967 , 47,38
-7,082289 , -29,64684 , 19,44302 , 47,4
-7,068614 , -29,64688 , 19,42549 , 47,42
-7,054938 , -29,6469 , 19,40795 , 47,44
-7,041263 , -29,64691 , 19,39042 , 47,46
-7,027588 , -29,64692 , 19,37288 , 47,48
-7,014403 , -29,64692 , 19,35434 , 47,5
-7,001991 , -29,64691 , 19,33385 , 47,52
-6,992476 , -29,64689 , 19,30903 , 47,54
-6,985752 , -29,64687 , 19,28058 , 47,56
-6,981832 , -29,64685 , 19,24841 , 47,58
-6,978912 , -29,64683 , 19,21506 , 47,6
-6,977552 , -29,64681 , 19,1801 , 47,62
-6,97781 , -29,6468 , 19,1439 , 47,64
-6,979448 , -29,64679 , 19,10684 , 47,66
-6,982776 , -29,64679 , 19,06886 , 47,68
-6,986963 , -29,64679 , 19,0304 , 47,7
-6,992022 , -29,64679 , 18,99146 , 47,72
-6,997651 , -29,6468 , 18,95248 , 47,74
-7,003566 , -29,6468 , 18,91347 , 47,76
-7,009768 , -29,6468 , 18,87442 , 47,78
-7,016283 , -29,64681 , 18,83494 , 47,8
-7,022799 , -29,6468 , 18,79545 , 47,82
-7,030183 , -29,6468 , 18,75587 , 47,84
-7,038212 , -29,64679 , 18,7154 , 47,86
-7,047491 , -29,64677 , 18,67395 , 47,88
-7,058347 , -29,64676 , 18,63149 , 47,9
-7,069852 , -29,64674 , 18,58853 , 47,92
-7,081973 , -29,64672 , 18,54549 , 47,94
-7,094402 , -29,6467 , 18,5024 , 47,96
-7,106831 , -29,64669 , 18,45931 , 47,98
-7,11926 , -29,64667 , 18,41623 , 48
-7,13169 , -29,64666 , 18,37314 , 48,02
-7,14412 , -29,64665 , 18,33005 , 48,04
-7,156549 , -29,64664 , 18,28697 , 48,06
-7,168979 , -29,64663 , 18,24388 , 48,08
-7,181409 , -29,64663 , 18,20079 , 48,1
-7,193839 , -29,64663 , 18,15771 , 48,12
-7,206269 , -29,64662 , 18,11462 , 48,14
-7,218699 , -29,64662 , 18,07153 , 48,16
-7,231129 , -29,64663 , 18,02844 , 48,18
-7,243528 , -29,64915 , 17,98478 , 48,2
-7,255893 , -29,65697 , 17,94046 , 48,22
-7,268206 , -29,66987 , 17,89527 , 48,24
-7,280474 , -29,6883 , 17,84929 , 48,26
-7,292706 , -29,71306 , 17,80268 , 48,28
-7,304916 , -29,74524 , 17,75567 , 48,3
-7,317126 , -29,78628 , 17,70865 , 48,32
-7,329377 , -29,838 , 17,66229 , 48,34
-7,341737 , -29,90259 , 17,61776 , 48,36
-7,354181 , -29,98116 , 17,57466 , 48,38
-7,366812 , -30,07374 , 17,53092 , 48,4
-7,379626 , -30,18031 , 17,48654 , 48,42
-7,392619 , -30,30088 , 17,44154 , 48,44
-7,405787 , -30,43546 , 17,39594 , 48,46
-7,419128 , -30,58403 , 17,34974 , 48,48
-7,432638 , -30,7466 , 17,30295 , 48,5
-7,446313 , -30,92317 , 17,25559 , 48,52
-7,46015 , -31,11375 , 17,20767 , 48,54
-7,474146 , -31,31832 , 17,1592 , 48,56
-7,488297 , -31,53689 , 17,11019 , 48,58
-7,502602 , -31,76946 , 17,06065 , 48,6
-7,517055 , -32,01604 , 17,0106 , 48,62
-7,531655 , -31,90712 , 16,96003 , 48,64
-7,546398 , -31,88533 , 16,90897 , 48,66
-7,54702 , -31,88097 , 16,90682 , 48,68
-7,548265 , -31,8801 , 16,90251 , 48,7
-7,550132 , -31,87993 , 16,89604 , 48,72
-7,55262 , -31,87989 , 16,88742 , 48,74
-7,555741 , -31,87989 , 16,87655 , 48,76
-7,55958 , -31,87988 , 16,86348 , 48,78
-7,564276 , -31,87988 , 16,84821 , 48,8
-7,569786 , -31,87988 , 16,83057 , 48,82
-7,576144 , -31,87988 , 16,81052 , 48,84
-7,583526 , -31,87988 , 16,7882 , 48,86
-7,592044 , -31,87988 , 16,76314 , 48,88
-7,602557 , -31,87988 , 16,73515 , 48,9
-7,614401 , -31,87988 , 16,70448 , 48,92
-7,627619 , -31,87988 , 16,67139 , 48,94
-7,641816 , -31,87988 , 16,63563 , 48,96
-7,65696 , -31,87988 , 16,59749 , 48,98
-7,67305 , -31,87988 , 16,55696 , 49
-7,690087 , -31,87988 , 16,51406 , 49,02
-7,708071 , -31,87988 , 16,46876 , 49,04
-7,727001 , -31,87988 , 16,42108 , 49,06
-7,746263 , -31,87988 , 16,37335 , 49,08
-7,765905 , -31,87988 , 16,32517 , 49,1
-7,786216 , -31,87988 , 16,27688 , 49,12
-7,807635 , -31,87988 , 16,22762 , 49,14
-7,829394 , -31,87988 , 16,17831 , 49,16
-7,851883 , -31,87988 , 16,1285 , 49,18
-7,875158 , -31,87988 , 16,07778 , 49,2
-7,898876 , -31,87988 , 16,0262 , 49,22
-7,92323 , -31,87988 , 15,97218 , 49,24
-7,947993 , -31,87988 , 15,91455 , 49,26
-7,972661 , -31,87988 , 15,85455 , 49,28
-7,997486 , -31,87988 , 15,78932 , 49,3
-8,021728 , -31,87988 , 15,71848 , 49,32
-8,045821 , -31,8912 , 15,64491 , 49,34
-8,069351 , -31,91652 , 15,56924 , 49,36
-8,092252 , -31,95584 , 15,49259 , 49,38
-8,114017 , -32,00916 , 15,41561 , 49,4
-8,134839 , -32,07647 , 15,33837 , 49,42
-8,155957 , -32,15779 , 15,25996 , 49,44
-8,177352 , -32,25311 , 15,18041 , 49,46
-8,199018 , -32,36243 , 15,09974 , 49,48
-8,220949 , -32,3685 , 15,01797 , 49,5
-8,243141 , -32,36971 , 14,93513 , 49,52
-8,24414 , -32,36995 , 14,93126 , 49,54
-8,246137 , -32,37 , 14,92351 , 49,56
-8,249132 , -32,37001 , 14,91189 , 49,58
-8,253126 , -32,37001 , 14,8964 , 49,6
-8,25812 , -32,37001 , 14,87703 , 49,62
-8,264112 , -32,37001 , 14,85379 , 49,64
-8,271102 , -32,37001 , 14,82668 , 49,66
-8,279091 , -32,37001 , 14,79569 , 49,68
-8,288078 , -32,37001 , 14,76083 , 49,7
-8,298064 , -32,37001 , 14,7221 , 49,72
-8,309049 , -32,37001 , 14,67949 , 49,74
-8,321032 , -32,37001 , 14,63301 , 49,76
-8,334013 , -32,37001 , 14,58266 , 49,78
-8,347993 , -32,37001 , 14,52843 , 49,8
-8,362738 , -32,37001 , 14,47027 , 49,82
-8,378465 , -32,37001 , 14,40823 , 49,84
-8,394909 , -32,37001 , 14,34225 , 49,86
-8,412037 , -32,37001 , 14,27232 , 49,88
-8,429817 , -32,37001 , 14,19843 , 49,9
-8,448533 , -32,37001 , 14,12065 , 49,92
-8,467249 , -32,37001 , 14,04287 , 49,94
-8,485965 , -32,37001 , 13,96509 , 49,96
-8,504681 , -32,37001 , 13,88731 , 49,98
-8,523396 , -32,37001 , 13,80953 , 50
-8,542112 , -32,37001 , 13,73175 , 50,02
-8,560828 , -32,37001 , 13,65397 , 50,04
-8,579227 , -32,37001 , 13,57612 , 50,06
-8,597627 , -32,37001 , 13,49826 , 50,08
-8,616026 , -32,37001 , 13,42041 , 50,1
-8,633215 , -32,37001 , 13,34227 , 50,12
-8,648423 , -32,37001 , 13,26373 , 50,14
-8,662901 , -32,37001 , 13,18505 , 50,16
-8,676656 , -32,37001 , 13,10624 , 50,18
-8,690411 , -32,37001 , 13,02744 , 50,2
-8,704165 , -32,37001 , 12,94863 , 50,22
-8,717609 , -32,37001 , 12,86977 , 50,24
-8,730742 , -32,37001 , 12,79085 , 50,26
-8,743609 , -32,37001 , 12,71189 , 50,28
-8,755894 , -32,37001 , 12,63284 , 50,3
-8,767545 , -32,37001 , 12,55369 , 50,32
-8,777679 , -32,37001 , 12,47434 , 50,34
-8,786881 , -32,37001 , 12,39487 , 50,36
-8,79517 , -32,37001 , 12,3153 , 50,38
-8,802831 , -32,37001 , 12,23567 , 50,4
-8,809525 , -32,37001 , 12,15595 , 50,42
-8,815242 , -32,37001 , 12,07615 , 50,44
-8,818334 , -32,37001 , 11,99621 , 50,46
-8,819725 , -32,37001 , 11,91622 , 50,48
-8,815188 , -32,37001 , 11,83913 , 50,5
-8,803148 , -32,37001 , 11,7672 , 50,52
-8,788105 , -32,37001 , 11,69758 , 50,54
-8,763432 , -32,37001 , 11,63398 , 50,56
-8,734313 , -32,37001 , 11,57495 , 50,58
-8,700762 , -32,37001 , 11,52292 , 50,6
-8,664617 , -32,37001 , 11,47526 , 50,62
-8,62501 , -32,37001 , 11,43548 , 50,64
-8,583617 , -32,37001 , 11,40043 , 50,66
-8,540981 , -32,37001 , 11,36908 , 50,68
-8,49739 , -32,37001 , 11,34106 , 50,7
-8,452723 , -32,37001 , 11,3138 , 50,72
-8,407449 , -32,37001 , 11,28768 , 50,74
-8,362175 , -32,37001 , 11,26157 , 50,76
-8,316901 , -32,37001 , 11,23545 , 50,78
-8,271627 , -32,37001 , 11,20934 , 50,8
-8,226354 , -32,37001 , 11,18322 , 50,82
-8,180654 , -32,37001 , 11,15705 , 50,84
-8,135013 , -32,37001 , 11,13118 , 50,86
-8,089003 , -32,37001 , 11,10558 , 50,88
-8,041763 , -32,37001 , 11,0801 , 50,9
-7,993719 , -32,37001 , 11,05481 , 50,92
-7,944866 , -32,37001 , 11,02972 , 50,94
-7,895632 , -32,37001 , 11,00489 , 50,96
-7,845096 , -32,37001 , 10,97988 , 50,98
-7,793354 , -32,37001 , 10,95534 , 51
-7,736472 , -32,37001 , 10,93113 , 51,02
-7,674377 , -32,37001 , 10,90733 , 51,04
-7,604788 , -32,37001 , 10,88415 , 51,06
-7,529888 , -32,37001 , 10,86188 , 51,08
-7,453197 , -32,37001 , 10,83981 , 51,1
-7,376024 , -32,21668 , 10,81873 , 51,12
-7,298488 , -32,07735 , 10,79903 , 51,14
-7,219777 , -31,9355 , 10,77908 , 51,16
-7,139909 , -31,79247 , 10,75891 , 51,18
-7,058905 , -31,64909 , 10,73855 , 51,2
-6,976783 , -31,50525 , 10,718 , 51,22
-6,893563 , -31,35607 , 10,69728 , 51,24
-6,809268 , -31,21106 , 10,6764 , 51,26
-6,723919 , -31,06208 , 10,65537 , 51,28
-6,637537 , -30,91842 , 10,63418 , 51,3
-6,550142 , -30,77081 , 10,61283 , 51,32
-6,461755 , -30,62777 , 10,59134 , 51,34
-6,372396 , -30,48336 , 10,5697 , 51,36
-6,282084 , -30,34372 , 10,54792 , 51,38
-6,190838 , -30,20293 , 10,52599 , 51,4
-6,098677 , -30,06774 , 10,50393 , 51,42
-6,00562 , -29,9326 , 10,48173 , 51,44
-5,911683 , -29,80331 , 10,4594 , 51,46
-5,816885 , -29,67505 , 10,43694 , 51,48
-5,721243 , -29,54991 , 10,41436 , 51,5
-5,624774 , -29,42955 , 10,39165 , 51,52
-5,527495 , -29,31435 , 10,36881 , 51,54
-5,429421 , -29,2036 , 10,34586 , 51,56
-5,330568 , -29,09812 , 10,32279 , 51,58
-5,230953 , -28,99871 , 10,2996 , 51,6
-5,130589 , -28,90505 , 10,2763 , 51,62
-5,029493 , -28,81513 , 10,2529 , 51,64
-4,927679 , -28,73126 , 10,22938 , 51,66
-4,825161 , -28,65451 , 10,20576 , 51,68
-4,721953 , -28,58538 , 10,18203 , 51,7
-4,61807 , -28,52374 , 10,1582 , 51,72
-4,513524 , -28,46982 , 10,13427 , 51,74
-4,408329 , -28,42317 , 10,11024 , 51,76
-4,302497 , -28,38526 , 10,08612 , 51,78
-4,196043 , -28,35511 , 10,0619 , 51,8
-4,088977 , -28,33406 , 10,0376 , 51,82
-3,981313 , -28,3221 , 10,0132 , 51,84
-3,873062 , -28,32001 , 9,988709 , 51,86
-3,764236 , -28,32658 , 9,964135 , 51,88
-3,654847 , -28,34326 , 9,939476 , 51,9
-3,544905 , -28,37394 , 9,914734 , 51,92
-3,434422 , -28,41863 , 9,88991 , 51,94
-3,323409 , -28,47731 , 9,865006 , 51,96
-3,211876 , -28,54999 , 9,840024 , 51,98
-3,099834 , -28,63668 , 9,814965 , 52
-2,987292 , -28,73736 , 9,789831 , 52,02
-2,874262 , -28,85204 , 9,764624 , 52,04
-2,760751 , -28,98073 , 9,739344 , 52,06
-2,646771 , -29,12341 , 9,713993 , 52,08
-2,532331 , -29,28009 , 9,688573 , 52,1
-2,417439 , -29,45078 , 9,663085 , 52,12
-2,302106 , -29,63546 , 9,63753 , 52,14
-2,186338 , -29,83414 , 9,61191 , 52,16
-2,070147 , -30,04683 , 9,586226 , 52,18
-1,953539 , -30,27351 , 9,560478 , 52,2
-1,836523 , -30,51419 , 9,53467 , 52,22
-1,719107 , -30,76888 , 9,508801 , 52,24
-1,6013 , -31,03756 , 9,482874 , 52,26
-1,483109 , -31,32025 , 9,456888 , 52,28
-1,364541 , -31,61693 , 9,430846 , 52,3
-1,245605 , -31,92762 , 9,404748 , 52,32
-1,126308 , -32,2523 , 9,378595 , 52,34
-1,006656 , -32,19817 , 9,352389 , 52,36
-0,8866578 , -32,18734 , 9,326132 , 52,38
-0,8827435 , -32,18517 , 9,325309 , 52,4
-0,8749103 , -32,18474 , 9,323684 , 52,42
-0,8630878 , -32,18465 , 9,321628 , 52,44
-0,8480868 , -32,18464 , 9,319608 , 52,46
-0,8320415 , -32,18464 , 9,31855 , 52,48
-0,8148874 , -32,18464 , 9,318375 , 52,5
-0,7976068 , -32,18464 , 9,319643 , 52,52
-0,7815639 , -32,18464 , 9,322977 , 52,54
-0,7659597 , -32,18464 , 9,32778 , 52,56
-0,7496287 , -32,18464 , 9,333499 , 52,58
-0,7320865 , -32,18464 , 9,340011 , 52,6
-0,7132129 , -32,18464 , 9,347075 , 52,62
-0,6927665 , -32,18464 , 9,35473 , 52,64
-0,6710543 , -32,18464 , 9,362926 , 52,66
-0,6484476 , -32,18464 , 9,371608 , 52,68
-0,6253804 , -32,18464 , 9,380701 , 52,7
-0,6019787 , -32,18464 , 9,390178 , 52,72
-0,5795275 , -32,18464 , 9,399794 , 52,74
-0,5581021 , -32,18464 , 9,40993 , 52,76
-0,5370471 , -32,18464 , 9,420722 , 52,78
-0,5174469 , -32,18464 , 9,431611 , 52,8
-0,500329 , -32,18464 , 9,442486 , 52,82
-0,4844168 , -32,18464 , 9,453655 , 52,84
-0,4703569 , -32,18464 , 9,465549 , 52,86
-0,458053 , -32,18464 , 9,47794 , 52,88
-0,4471323 , -32,18464 , 9,490728 , 52,9
-0,4370189 , -32,18464 , 9,503934 , 52,92
-0,4275075 , -32,18464 , 9,517403 , 52,94
-0,4181512 , -32,18464 , 9,531078 , 52,96
-0,408795 , -32,18464 , 9,544754 , 52,98
-0,3994387 , -32,18464 , 9,55843 , 53
-0,3903533 , -32,18464 , 9,571976 , 53,02
-0,3815351 , -32,18464 , 9,585391 , 53,04
-0,3729804 , -32,18464 , 9,598677 , 53,06
-0,3660527 , -32,18464 , 9,611426 , 53,08
-0,3606904 , -32,18464 , 9,623982 , 53,1
-0,356153 , -32,18464 , 9,636799 , 53,12
-0,3517263 , -32,18464 , 9,649915 , 53,14
-0,3476055 , -32,18464 , 9,663251 , 53,16
-0,3434846 , -32,18464 , 9,676587 , 53,18
-0,3393638 , -32,18464 , 9,689923 , 53,2
-0,335243 , -32,18464 , 9,703259 , 53,22
-0,3311222 , -32,18464 , 9,716596 , 53,24
-0,3270013 , -32,18464 , 9,729932 , 53,26
-0,3228805 , -32,18464 , 9,743268 , 53,28
-0,3187597 , -32,18464 , 9,756604 , 53,3
-0,3146389 , -32,18464 , 9,76994 , 53,32
-0,310518 , -32,18464 , 9,783277 , 53,34
-0,3063972 , -32,18464 , 9,796613 , 53,36
-0,3022006 , -32,18464 , 9,810347 , 53,38
-0,298004 , -32,18464 , 9,82408 , 53,4
-0,2938074 , -32,18464 , 9,837814 , 53,42
-0,2896109 , -32,18464 , 9,851548 , 53,44
-0,2854143 , -32,18464 , 9,865282 , 53,46
-0,2812177 , -32,18464 , 9,879016 , 53,48
-0,2772128 , -32,18464 , 9,892669 , 53,5
-0,273516 , -32,18464 , 9,906569 , 53,52
-0,2709819 , -32,18464 , 9,920853 , 53,54
-0,2698023 , -32,18464 , 9,935253 , 53,56
-0,2714976 , -32,18464 , 9,94974 , 53,58
-0,2774592 , -32,18464 , 9,965661 , 53,6
-0,2875873 , -32,18464 , 9,983324 , 53,62
-0,3011622 , -32,18464 , 10,00234 , 53,64
-0,3202572 , -32,18464 , 10,02326 , 53,66
-0,341714 , -32,18464 , 10,0446 , 53,68
-0,3656313 , -32,18464 , 10,06635 , 53,7
-0,3902943 , -32,18464 , 10,08829 , 53,72
-0,4153325 , -32,18464 , 10,11033 , 53,74
-0,4403707 , -32,18464 , 10,13238 , 53,76
-0,4657857 , -32,18464 , 10,15452 , 53,78
-0,4912007 , -32,18464 , 10,17666 , 53,8
-0,5166157 , -32,18464 , 10,1988 , 53,82
-0,5424089 , -32,18464 , 10,22104 , 53,84
-0,5681134 , -32,18464 , 10,24296 , 53,86
-0,5941983 , -32,18464 , 10,26498 , 53,88
-0,6202832 , -32,18464 , 10,287 , 53,9
-0,6463681 , -32,18464 , 10,30902 , 53,92
-0,672453 , -32,18464 , 10,33104 , 53,94
-0,6985379 , -32,18464 , 10,35306 , 53,96
-0,7246228 , -32,18464 , 10,37508 , 53,98
-0,7507077 , -32,18464 , 10,3971 , 54
-0,7757459 , -32,18464 , 10,41914 , 54,02
-0,7970369 , -32,18464 , 10,44103 , 54,04
-0,8146026 , -32,18464 , 10,46299 , 54,06
-0,8283671 , -32,18464 , 10,48462 , 54,08
-0,8349883 , -32,18464 , 10,5052 , 54,1
-0,8368292 , -32,18464 , 10,5251 , 54,12
-0,8328291 , -32,18464 , 10,54577 , 54,14
-0,8230482 , -32,18464 , 10,5681 , 54,16
-0,8102125 , -32,18464 , 10,59144 , 54,18
-0,7964966 , -32,18464 , 10,61507 , 54,2
-0,7824828 , -32,18464 , 10,63879 , 54,22
-0,768469 , -32,18464 , 10,66251 , 54,24
-0,7544553 , -32,18464 , 10,68623 , 54,26
-0,7401415 , -32,18464 , 10,71005 , 54,28
-0,7258276 , -32,18464 , 10,73387 , 54,3
-0,7109073 , -32,18464 , 10,75789 , 54,32
-0,6942062 , -32,18464 , 10,78214 , 54,34
-0,6757424 , -32,18464 , 10,80628 , 54,36
-0,6533641 , -32,18464 , 10,8297 , 54,38
-0,6266356 , -32,18464 , 10,85277 , 54,4
-0,5934512 , -32,18464 , 10,87494 , 54,42
-0,5567673 , -32,18464 , 10,89691 , 54,44
-0,5173967 , -32,18464 , 10,91817 , 54,46
-0,4748351 , -32,18464 , 10,93875 , 54,48
-0,4293922 , -32,18464 , 10,95885 , 54,5
-0,3810208 , -32,18464 , 10,97843 , 54,52
-0,3253269 , -32,18464 , 10,99697 , 54,54
-0,265265 , -32,18464 , 11,01467 , 54,56
-0,1967374 , -32,18464 , 11,0311 , 54,58
-0,118265 , -32,18464 , 11,04613 , 54,6
-0,03939934 , -32,18464 , 11,05956 , 54,62
0,03960139 , -32,18464 , 11,07216 , 54,64
0,1187471 , -32,18464 , 11,08382 , 54,66
0,1979581 , -32,18464 , 11,09503 , 54,68
0,2771811 , -32,18464 , 11,10615 , 54,7
0,3564158 , -32,18464 , 11,11719 , 54,72
0,4356675 , -32,18464 , 11,12811 , 54,74
0,5149357 , -32,18464 , 11,1389 , 54,76
0,5942146 , -32,18464 , 11,14962 , 54,78
0,673504 , -32,18464 , 11,16026 , 54,8
0,7528036 , -32,18464 , 11,17082 , 54,82
0,8321133 , -32,18464 , 11,18131 , 54,84
0,9113936 , -32,18464 , 11,19202 , 54,86
0,9906841 , -32,18464 , 11,20265 , 54,88
1,069985 , -32,18464 , 11,2132 , 54,9
1,149285 , -32,18464 , 11,22376 , 54,92
1,228586 , -32,18464 , 11,23432 , 54,94
1,307886 , -32,0313 , 11,24487 , 54,96
1,387187 , -31,89197 , 11,25543 , 54,98
1,467677 , -31,75239 , 11,26614 , 55
1,549332 , -31,61044 , 11,27701 , 55,02
1,63213 , -31,46853 , 11,28804 , 55,04
1,716048 , -31,32432 , 11,29921 , 55,06
1,801063 , -31,18031 , 11,31052 , 55,08
1,887153 , -31,03575 , 11,32198 , 55,1
1,974297 , -30,89232 , 11,33358 , 55,12
2,062473 , -30,74842 , 11,34532 , 55,14
2,151662 , -30,60626 , 11,35719 , 55,16
2,241842 , -30,46462 , 11,3692 , 55,18
2,332994 , -30,32527 , 11,38133 , 55,2
2,425098 , -30,18677 , 11,39359 , 55,22
2,518136 , -30,05102 , 11,40598 , 55,24
2,612089 , -29,91693 , 11,41848 , 55,26
2,706938 , -29,78637 , 11,43111 , 55,28
2,802665 , -29,65843 , 11,44385 , 55,3
2,899254 , -29,53415 , 11,45671 , 55,32
2,996686 , -29,41326 , 11,46968 , 55,34
3,094946 , -29,29662 , 11,48276 , 55,36
3,194015 , -29,18428 , 11,49595 , 55,38
3,293879 , -29,07426 , 11,50924 , 55,4
3,394521 , -28,96943 , 11,52264 , 55,42
3,495926 , -28,87069 , 11,53614 , 55,44
3,598078 , -28,77687 , 11,54974 , 55,46
3,700962 , -28,68899 , 11,56343 , 55,48
3,804565 , -28,60993 , 11,57722 , 55,5
3,90887 , -28,5371 , 11,59111 , 55,52
4,013865 , -28,47027 , 11,60508 , 55,54
4,119536 , -28,41078 , 11,61915 , 55,56
4,225869 , -28,35805 , 11,6333 , 55,58
4,332852 , -28,31332 , 11,64754 , 55,6
4,440472 , -28,27612 , 11,66185 , 55,62
4,548717 , -28,2475 , 11,67623 , 55,64
4,657573 , -28,22703 , 11,69068 , 55,66
4,767028 , -28,21582 , 11,70521 , 55,68
4,877071 , -28,21541 , 11,71981 , 55,7
4,98769 , -28,22302 , 11,73447 , 55,72
5,098874 , -28,2417 , 11,74921 , 55,74
5,21061 , -28,27072 , 11,76401 , 55,76
5,322888 , -28,31012 , 11,77887 , 55,78
5,435698 , -28,3604 , 11,7938 , 55,8
5,549027 , -28,42187 , 11,80879 , 55,82
5,662868 , -28,49497 , 11,82384 , 55,84
5,777207 , -28,57981 , 11,83894 , 55,86
5,892037 , -28,67696 , 11,85411 , 55,88
6,007347 , -28,78665 , 11,86934 , 55,9
